
=== Relaxed scan: N–C distance = 1.30 Å ===
geometric-optimize called with the following command line:
tpp_CO2_relaxed_scan.py

                                        [91m())))))))))))))))/[0m                     
                                    [91m())))))))))))))))))))))))),[0m                
                                [91m*)))))))))))))))))))))))))))))))))[0m             
                        [94m#,[0m    [91m()))))))))/[0m                [91m.)))))))))),[0m          
                      [94m#%%%%,[0m  [91m())))))[0m                        [91m.))))))))*[0m        
                      [94m*%%%%%%,[0m  [91m))[0m              [93m..[0m              [91m,))))))).[0m      
                        [94m*%%%%%%,[0m         [93m***************/.[0m        [91m.)))))))[0m     
                [94m#%%/[0m      [94m(%%%%%%,[0m    [93m/*********************.[0m       [91m)))))))[0m    
              [94m.%%%%%%#[0m      [94m*%%%%%%,[0m  [93m*******/,[0m     [93m**********,[0m      [91m.))))))[0m   
                [94m.%%%%%%/[0m      [94m*%%%%%%,[0m  [93m**[0m              [93m********[0m      [91m.))))))[0m  
          [94m##[0m      [94m.%%%%%%/[0m      [94m(%%%%%%,[0m                  [93m,******[0m      [91m/)))))[0m  
        [94m%%%%%%[0m      [94m.%%%%%%#[0m      [94m*%%%%%%,[0m    [92m,/////.[0m       [93m******[0m      [91m))))))[0m 
      [94m#%[0m      [94m%%[0m      [94m.%%%%%%/[0m      [94m*%%%%%%,[0m  [92m////////,[0m      [93m*****/[0m     [91m,)))))[0m 
    [94m#%%[0m  [94m%%%[0m  [94m%%%#[0m      [94m.%%%%%%/[0m      [94m(%%%%%%,[0m  [92m///////.[0m     [93m/*****[0m      [91m))))).[0m
  [94m#%%%%.[0m      [94m%%%%%#[0m      [94m/%%%%%%*[0m      [94m#%%%%%%[0m   [92m/////)[0m     [93m******[0m      [91m))))),[0m
    [94m#%%%%##%[0m  [94m%%%#[0m      [94m.%%%%%%/[0m      [94m(%%%%%%,[0m  [92m///////.[0m     [93m/*****[0m      [91m))))).[0m
      [94m##[0m     [94m%%%[0m      [94m.%%%%%%/[0m      [94m*%%%%%%,[0m  [92m////////.[0m      [93m*****/[0m     [91m,)))))[0m 
        [94m#%%%%#[0m      [94m/%%%%%%/[0m      [94m(%%%%%%[0m      [92m/)/)//[0m       [93m******[0m      [91m))))))[0m 
          [94m##[0m      [94m.%%%%%%/[0m      [94m(%%%%%%,[0m                  [93m*******[0m      [91m))))))[0m  
                [94m.%%%%%%/[0m      [94m*%%%%%%,[0m  [93m**.[0m             [93m/*******[0m      [91m.))))))[0m  
              [94m*%%%%%%/[0m      [94m(%%%%%%[0m   [93m********/*..,*/*********[0m       [91m*))))))[0m   
                [94m#%%/[0m      [94m(%%%%%%,[0m    [93m*********************/[0m        [91m)))))))[0m    
                        [94m*%%%%%%,[0m         [93m,**************/[0m         [91m,))))))/[0m     
                      [94m(%%%%%%[0m   [91m()[0m                              [91m))))))))[0m       
                      [94m#%%%%,[0m  [91m())))))[0m                        [91m,)))))))),[0m        
                        [94m#,[0m    [91m())))))))))[0m                [91m,)))))))))).[0m          
                                 [91m()))))))))))))))))))))))))))))))/[0m             
                                    [91m())))))))))))))))))))))))).[0m                
                                         [91m())))))))))))))),[0m                     

-=# [1;94m geomeTRIC started. Version: 1.1 [0m #=-
Current date and time: 2026-04-20 09:44:58
#========================================================#
#| [92m    Arguments passed to driver run_optimizer():     [0m |#
#========================================================#
constraints               /tmp/tmpr3cmd7ui/constraints.txt 
customengine              <pyscf.geomopt.geometric_solver.PySCFEngine object at 0x7f937ab6fb30> 
input                     /tmp/tmpc54jn82i/f74a2125-515e-4247-b36d-57ef4e5709df 
logIni                    /home/bhabani/miniconda3/lib/python3.12/site-packages/pyscf/geomopt/log.ini 
maxiter                   100 
----------------------------------------------------------
Custom engine selected.
$set
distance 5 30 1.30000000
Bonds will be generated from interatomic distances less than 1.20 times sum of covalent radii
96 internal coordinates being used (instead of 96 Cartesians)
Internal coordinate system (atoms numbered from 1):
Distance 5-30
Distance 1-2
Distance 1-5
Distance 1-19
Distance 2-3
Distance 2-6
Distance 3-4
Distance 3-7
Distance 4-5
Distance 4-8
Distance 8-9
Distance 8-10
Distance 8-11
Distance 11-12
Distance 11-13
Distance 12-14
Distance 12-18
Distance 13-15
Distance 13-16
Distance 15-17
Distance 15-18
Distance 19-20
Distance 19-21
Distance 19-22
Distance 22-23
Distance 22-24
Distance 23-25
Distance 23-26
Distance 24-27
Distance 24-29
Distance 25-28
Distance 25-29
Distance 30-31
Distance 30-32
Angle 2-1-19
Angle 5-1-19
Angle 1-2-6
Angle 3-2-6
Angle 2-3-7
Angle 4-3-7
Angle 3-4-8
Angle 5-4-8
Angle 1-5-30
Angle 4-5-30
Angle 4-8-9
Angle 4-8-10
Angle 4-8-11
Angle 9-8-10
Angle 9-8-11
Angle 10-8-11
Angle 8-11-13
Angle 12-11-13
Angle 11-12-18
Angle 14-12-18
Angle 11-13-16
Angle 15-13-16
Angle 13-15-18
Angle 17-15-18
Angle 12-18-15
Angle 1-19-20
Angle 1-19-21
Angle 1-19-22
Angle 20-19-21
Angle 20-19-22
Angle 21-19-22
Angle 19-22-24
Angle 23-22-24
Angle 22-23-26
Angle 25-23-26
Angle 22-24-29
Angle 27-24-29
Angle 23-25-29
Angle 28-25-29
Angle 24-29-25
Angle 5-30-32
Angle 31-30-32
Out-of-Plane 1-2-5-19
Out-of-Plane 2-1-3-6
Out-of-Plane 3-2-4-7
Out-of-Plane 4-3-5-8
Out-of-Plane 5-1-4-30
Out-of-Plane 11-8-12-13
Out-of-Plane 12-11-14-18
Out-of-Plane 13-11-15-16
Out-of-Plane 15-13-17-18
Out-of-Plane 22-19-23-24
Out-of-Plane 23-22-25-26
Out-of-Plane 24-22-27-29
Out-of-Plane 25-23-28-29
Out-of-Plane 30-5-31-32
Dihedral 5-1-2-3
Dihedral 5-1-2-6
Dihedral 19-1-2-3
Dihedral 19-1-2-6
Dihedral 2-1-5-4
Dihedral 2-1-5-30
Dihedral 19-1-5-4
Dihedral 19-1-5-30
Dihedral 2-1-19-20
Dihedral 2-1-19-21
Dihedral 2-1-19-22
Dihedral 5-1-19-20
Dihedral 5-1-19-21
Dihedral 5-1-19-22
Dihedral 1-2-3-4
Dihedral 1-2-3-7
Dihedral 6-2-3-4
Dihedral 6-2-3-7
Dihedral 2-3-4-5
Dihedral 2-3-4-8
Dihedral 7-3-4-5
Dihedral 7-3-4-8
Dihedral 3-4-5-1
Dihedral 3-4-5-30
Dihedral 8-4-5-1
Dihedral 8-4-5-30
Dihedral 3-4-8-9
Dihedral 3-4-8-10
Dihedral 3-4-8-11
Dihedral 5-4-8-9
Dihedral 5-4-8-10
Dihedral 5-4-8-11
Dihedral 1-5-30-31
Dihedral 1-5-30-32
Dihedral 4-5-30-31
Dihedral 4-5-30-32
Dihedral 4-8-11-12
Dihedral 4-8-11-13
Dihedral 9-8-11-12
Dihedral 9-8-11-13
Dihedral 10-8-11-12
Dihedral 10-8-11-13
Dihedral 8-11-12-14
Dihedral 8-11-12-18
Dihedral 13-11-12-14
Dihedral 13-11-12-18
Dihedral 8-11-13-15
Dihedral 8-11-13-16
Dihedral 12-11-13-15
Dihedral 12-11-13-16
Dihedral 11-12-18-15
Dihedral 14-12-18-15
Dihedral 11-13-15-17
Dihedral 11-13-15-18
Dihedral 16-13-15-17
Dihedral 16-13-15-18
Dihedral 13-15-18-12
Dihedral 17-15-18-12
Dihedral 1-19-22-23
Dihedral 1-19-22-24
Dihedral 20-19-22-23
Dihedral 20-19-22-24
Dihedral 21-19-22-23
Dihedral 21-19-22-24
Dihedral 19-22-23-25
Dihedral 19-22-23-26
Dihedral 24-22-23-25
Dihedral 24-22-23-26
Dihedral 19-22-24-27
Dihedral 19-22-24-29
Dihedral 23-22-24-27
Dihedral 23-22-24-29
Dihedral 22-23-25-28
Dihedral 22-23-25-29
Dihedral 26-23-25-28
Dihedral 26-23-25-29
Dihedral 22-24-29-25
Dihedral 27-24-29-25
Dihedral 23-25-29-24
Dihedral 28-25-29-24
Translation-X 1-32
Translation-Y 1-32
Translation-Z 1-32
Rotation-A 1-32
Rotation-B 1-32
Rotation-C 1-32
<class 'geometric.internal.Distance'> : 34
<class 'geometric.internal.Angle'> : 42
<class 'geometric.internal.OutOfPlane'> : 14
<class 'geometric.internal.Dihedral'> : 80
<class 'geometric.internal.TranslationX'> : 1
<class 'geometric.internal.TranslationY'> : 1
<class 'geometric.internal.TranslationZ'> : 1
<class 'geometric.internal.RotationA'> : 1
<class 'geometric.internal.RotationB'> : 1
<class 'geometric.internal.RotationC'> : 1
Constraint                         Current      Target       Diff.
Distance 5-30                      1.30000     1.30000    -0.00000
> ===== Optimization Info: ====
> Job type: Energy minimization
> Maximum number of optimization cycles: 100
> Initial / maximum trust radius (Angstrom): 0.100 / 0.300
> Convergence Criteria:
> Will converge when all 5 criteria are reached:
>  |Delta-E| < 1.00e-06
>  RMS-Ortho-Grad < 3.00e-04
>  Max-Ortho-Grad < 4.50e-04
>  RMS-Disp  < 1.20e-03
>  Max-Disp  < 1.80e-03
> 
> Constraints are requested. The following criterion is added:
>  Max Constraint Violation (in Angstroms/degrees) < 1.00e-02 
> === End Optimization Info ===
WARN: Mole.unit (Angstrom) is changed to Bohr
Step    0 : Gradient = 5.336e-02/1.444e-01 (rms/max) Energy = -915.8808213050
Hessian Eigenvalues: 2.30000e-02 2.30000e-02 2.30000e-02 ... 5.05705e-01 6.71931e-01 8.02088e-01
Step    1 : Displace = [0m9.795e-02[0m/[0m1.987e-01[0m (rms/max) Trust = 1.000e-01 (=) Grad_T = [0m4.241e-02[0m/[0m1.274e-01[0m (rms/max) E (change) = -915.9278012862 ([0m-4.698e-02[0m) Quality = [0m0.995[0m
Hessian Eigenvalues: 2.29811e-02 2.30000e-02 2.30000e-02 ... 5.65082e-01 6.83689e-01 8.12253e-01
Step    2 : Displace = [0m1.396e-01[0m/[0m2.860e-01[0m (rms/max) Trust = 1.414e-01 ([92m+[0m) Grad_T = [0m2.697e-02[0m/[0m8.268e-02[0m (rms/max) E (change) = -915.9688000068 ([0m-4.100e-02[0m) Quality = [0m0.957[0m
Hessian Eigenvalues: 2.29693e-02 2.30000e-02 2.30000e-02 ... 5.43621e-01 6.83687e-01 8.30242e-01
Step    3 : Displace = [0m2.055e-01[0m/[0m4.618e-01[0m (rms/max) Trust = 2.000e-01 ([92m+[0m) Grad_T = [0m9.038e-03[0m/[0m2.460e-02[0m (rms/max) E (change) = -915.9945987464 ([0m-2.580e-02[0m) Quality = [0m0.909[0m
Hessian Eigenvalues: 2.28608e-02 2.30000e-02 2.30000e-02 ... 5.79402e-01 7.03434e-01 8.37170e-01
Step    4 : Displace = [0m2.618e-01[0m/[0m6.311e-01[0m (rms/max) Trust = 2.828e-01 ([92m+[0m) Grad_T = [0m1.326e-02[0m/[0m4.011e-02[0m (rms/max) E (change) = -916.0029836145 ([0m-8.385e-03[0m) Quality = [0m0.631[0m
Hessian Eigenvalues: 1.24495e-02 2.30000e-02 2.30000e-02 ... 6.77950e-01 7.73573e-01 8.37165e-01
Step    5 : Displace = [0m2.849e-01[0m/[0m6.388e-01[0m (rms/max) Trust = 2.828e-01 (=) Grad_T = [0m1.421e-02[0m/[0m3.720e-02[0m (rms/max) E (change) = -916.0104110133 ([0m-7.427e-03[0m) Quality = [0m0.508[0m
Hessian Eigenvalues: 1.19619e-02 2.30000e-02 2.30000e-02 ... 6.73241e-01 8.29562e-01 1.00260e+00
Step    6 : Displace = [0m1.531e-01[0m/[0m3.507e-01[0m (rms/max) Trust = 2.828e-01 (=) Grad_T = [0m1.056e-02[0m/[0m2.659e-02[0m (rms/max) E (change) = -916.0150334189 ([0m-4.622e-03[0m) Quality = [0m0.392[0m
Hessian Eigenvalues: 8.70284e-03 1.96366e-02 2.30000e-02 ... 8.06099e-01 8.37957e-01 1.16655e+00
Step    7 : Displace = [0m2.560e-01[0m/[0m5.957e-01[0m (rms/max) Trust = 2.828e-01 (=) Grad_T = [0m1.262e-02[0m/[0m3.044e-02[0m (rms/max) E (change) = -916.0166740465 ([0m-1.641e-03[0m) Quality = [0m0.076[0m
Hessian Eigenvalues: 9.07929e-03 2.03810e-02 2.29789e-02 ... 8.24558e-01 8.90280e-01 1.31769e+00
Step    8 : Displace = [0m1.312e-01[0m/[0m2.706e-01[0m (rms/max) Trust = 1.280e-01 ([91m-[0m) Grad_T = [0m1.425e-02[0m/[0m3.961e-02[0m (rms/max) E (change) = -916.0189345128 ([0m-2.260e-03[0m) Quality = [0m0.178[0m
Hessian Eigenvalues: 8.57897e-03 2.04302e-02 2.27176e-02 ... 8.25265e-01 9.34212e-01 1.11246e+00
Step    9 : Displace = [0m6.426e-02[0m/[0m1.466e-01[0m (rms/max) Trust = 6.401e-02 ([91m-[0m) Grad_T = [0m5.112e-03[0m/[0m1.214e-02[0m (rms/max) E (change) = -916.0261033968 ([0m-7.169e-03[0m) Quality = [0m0.819[0m
Hessian Eigenvalues: 8.55455e-03 2.04455e-02 2.27130e-02 ... 8.61572e-01 9.24637e-01 1.18507e+00
Step   10 : Displace = [0m9.011e-02[0m/[0m2.759e-01[0m (rms/max) Trust = 9.052e-02 ([92m+[0m) Grad_T = [0m6.477e-03[0m/[0m1.478e-02[0m (rms/max) E (change) = -916.0257986094 ([91m+3.048e-04[0m) Quality = [91m-0.058[0m
Hessian Eigenvalues: 8.27270e-03 2.05334e-02 2.27075e-02 ... 8.40835e-01 1.00279e+00 1.17549e+00
Step   11 : Displace = [0m4.463e-02[0m/[0m9.767e-02[0m (rms/max) Trust = 4.506e-02 ([91m-[0m) Grad_T = [0m2.972e-03[0m/[0m7.548e-03[0m (rms/max) E (change) = -916.0286855118 ([0m-2.887e-03[0m) Quality = [0m0.986[0m
Hessian Eigenvalues: 8.18234e-03 2.03563e-02 2.26228e-02 ... 8.42930e-01 1.05076e+00 1.18036e+00
Step   12 : Displace = [0m6.281e-02[0m/[0m1.568e-01[0m (rms/max) Trust = 6.372e-02 ([92m+[0m) Grad_T = [0m2.874e-03[0m/[0m6.795e-03[0m (rms/max) E (change) = -916.0294709055 ([0m-7.854e-04[0m) Quality = [0m0.555[0m
Hessian Eigenvalues: 7.81551e-03 2.03931e-02 2.22711e-02 ... 8.61768e-01 1.04172e+00 1.21328e+00
Step   13 : Displace = [0m6.585e-02[0m/[0m1.363e-01[0m (rms/max) Trust = 6.372e-02 (=) Grad_T = [0m3.391e-03[0m/[0m1.072e-02[0m (rms/max) E (change) = -916.0324301193 ([0m-2.959e-03[0m) Quality = [0m1.017[0m
Hessian Eigenvalues: 3.82813e-03 1.76646e-02 2.17118e-02 ... 8.65903e-01 1.08215e+00 1.34733e+00
Step   14 : Displace = [0m9.187e-02[0m/[0m1.944e-01[0m (rms/max) Trust = 9.011e-02 ([92m+[0m) Grad_T = [0m4.469e-03[0m/[0m1.161e-02[0m (rms/max) E (change) = -916.0362966659 ([0m-3.867e-03[0m) Quality = [0m0.885[0m
Hessian Eigenvalues: 3.67355e-03 1.67483e-02 2.16398e-02 ... 9.83980e-01 1.07107e+00 1.30611e+00
Step   15 : Displace = [0m1.209e-01[0m/[0m3.139e-01[0m (rms/max) Trust = 1.274e-01 ([92m+[0m) Grad_T = [0m4.899e-03[0m/[0m1.454e-02[0m (rms/max) E (change) = -916.0400279425 ([0m-3.731e-03[0m) Quality = [0m0.746[0m
Hessian Eigenvalues: 4.87764e-03 1.60810e-02 2.18926e-02 ... 9.21289e-01 1.07397e+00 1.29996e+00
Step   16 : Displace = [0m1.224e-01[0m/[0m3.055e-01[0m (rms/max) Trust = 1.274e-01 (=) Grad_T = [0m8.185e-03[0m/[0m2.184e-02[0m (rms/max) E (change) = -916.0385549989 ([91m+1.473e-03[0m) Quality = [91m-0.538[0m
Hessian Eigenvalues: 5.62098e-03 1.58806e-02 2.17660e-02 ... 9.25671e-01 1.07182e+00 1.40010e+00
Step   17 : Displace = [0m5.903e-02[0m/[0m1.100e-01[0m (rms/max) Trust = 6.119e-02 ([91m-[0m) Grad_T = [0m2.502e-03[0m/[0m5.811e-03[0m (rms/max) E (change) = -916.0415503945 ([0m-2.995e-03[0m) Quality = [0m0.888[0m
Hessian Eigenvalues: 5.52114e-03 1.59263e-02 2.07404e-02 ... 9.33487e-01 1.06969e+00 1.49433e+00
Step   18 : Displace = [0m8.198e-02[0m/[0m1.672e-01[0m (rms/max) Trust = 8.653e-02 ([92m+[0m) Grad_T = [0m3.529e-03[0m/[0m7.865e-03[0m (rms/max) E (change) = -916.0414491239 ([91m+1.013e-04[0m) Quality = [91m-0.084[0m
Hessian Eigenvalues: 6.30759e-03 1.60949e-02 1.95741e-02 ... 9.33149e-01 1.07585e+00 1.48335e+00
Step   19 : Displace = [0m3.832e-02[0m/[0m7.273e-02[0m (rms/max) Trust = 4.099e-02 ([91m-[0m) Grad_T = [0m8.678e-04[0m/[0m1.790e-03[0m (rms/max) E (change) = -916.0422865769 ([0m-8.375e-04[0m) Quality = [0m0.962[0m
Hessian Eigenvalues: 5.34118e-03 1.60685e-02 1.96583e-02 ... 9.40147e-01 1.07124e+00 1.49921e+00
Step   20 : Displace = [0m5.246e-02[0m/[0m1.029e-01[0m (rms/max) Trust = 5.797e-02 ([92m+[0m) Grad_T = [0m1.685e-03[0m/[0m3.514e-03[0m (rms/max) E (change) = -916.0421527336 ([91m+1.338e-04[0m) Quality = [91m-0.514[0m
Hessian Eigenvalues: 6.09059e-03 1.53534e-02 1.83629e-02 ... 9.62307e-01 1.07099e+00 1.50416e+00
Step   21 : Displace = [0m2.688e-02[0m/[0m5.379e-02[0m (rms/max) Trust = 2.623e-02 ([91m-[0m) Grad_T = [0m5.621e-04[0m/[0m1.466e-03[0m (rms/max) E (change) = -916.0424336314 ([0m-2.809e-04[0m) Quality = [0m0.980[0m
Hessian Eigenvalues: 6.06549e-03 1.47641e-02 1.81601e-02 ... 9.78865e-01 1.07157e+00 1.51364e+00
Step   22 : Displace = [0m1.988e-02[0m/[0m4.406e-02[0m (rms/max) Trust = 3.710e-02 ([92m+[0m) Grad_T = [0m6.862e-04[0m/[0m1.792e-03[0m (rms/max) E (change) = -916.0425099466 ([0m-7.632e-05[0m) Quality = [0m0.745[0m
Hessian Eigenvalues: 6.46618e-03 9.33330e-03 1.75237e-02 ... 9.81850e-01 1.07485e+00 1.51193e+00
Step   23 : Displace = [0m1.376e-02[0m/[0m3.305e-02[0m (rms/max) Trust = 3.710e-02 (=) Grad_T = [0m4.730e-04[0m/[0m1.160e-03[0m (rms/max) E (change) = -916.0425624575 ([0m-5.251e-05[0m) Quality = [0m1.024[0m
Hessian Eigenvalues: 4.86199e-03 7.90911e-03 1.74497e-02 ... 9.79858e-01 1.07339e+00 1.51096e+00
Step   24 : Displace = [0m1.908e-02[0m/[0m3.915e-02[0m (rms/max) Trust = 5.246e-02 ([92m+[0m) Grad_T = [0m5.980e-04[0m/[0m1.632e-03[0m (rms/max) E (change) = -916.0425824319 ([0m-1.997e-05[0m) Quality = [0m0.519[0m
Hessian Eigenvalues: 3.96257e-03 7.91564e-03 1.73944e-02 ... 9.98930e-01 1.09136e+00 1.52487e+00
Step   25 : Displace = [0m6.527e-03[0m/[0m1.516e-02[0m (rms/max) Trust = 5.246e-02 (=) Grad_T = [0m4.086e-04[0m/[0m8.832e-04[0m (rms/max) E (change) = -916.0425946381 ([0m-1.221e-05[0m) Quality = [0m0.552[0m
Hessian Eigenvalues: 4.23153e-03 7.74862e-03 1.71055e-02 ... 9.76907e-01 1.08551e+00 1.50161e+00
Step   26 : Displace = [0m5.298e-03[0m/[0m1.308e-02[0m (rms/max) Trust = 5.246e-02 (=) Grad_T = [92m2.233e-04[0m/[0m5.380e-04[0m (rms/max) E (change) = -916.0425995732 ([0m-4.935e-06[0m) Quality = [0m0.464[0m
Hessian Eigenvalues: 4.30280e-03 7.87923e-03 1.71184e-02 ... 9.88292e-01 1.08996e+00 1.51647e+00
Step   27 : Displace = [0m2.149e-03[0m/[0m6.195e-03[0m (rms/max) Trust = 5.246e-02 (=) Grad_T = [92m6.783e-05[0m/[92m1.839e-04[0m (rms/max) E (change) = -916.0426025509 ([0m-2.978e-06[0m) Quality = [0m0.867[0m
Hessian Eigenvalues: 4.20585e-03 7.70376e-03 1.70980e-02 ... 9.76626e-01 1.08195e+00 1.54686e+00
Step   28 : Displace = [0m1.615e-03[0m/[0m4.754e-03[0m (rms/max) Trust = 7.419e-02 ([92m+[0m) Grad_T = [92m6.444e-05[0m/[92m1.390e-04[0m (rms/max) E (change) = -916.0426028411 ([92m-2.902e-07[0m) Quality = [0m0.480[0m
Hessian Eigenvalues: 4.17960e-03 7.70566e-03 1.54189e-02 ... 1.02133e+00 1.08331e+00 1.51588e+00
Step   29 : Displace = [92m7.865e-04[0m/[0m2.198e-03[0m (rms/max) Trust = 7.419e-02 (=) Grad_T = [92m2.783e-05[0m/[92m5.863e-05[0m (rms/max) E (change) = -916.0426032100 ([92m-3.689e-07[0m) Quality = [0m1.184[0m
Hessian Eigenvalues: 4.18955e-03 7.67409e-03 1.14854e-02 ... 1.00937e+00 1.10625e+00 1.46527e+00
Step   30 : Displace = [92m9.122e-04[0m/[0m1.923e-03[0m (rms/max) Trust = 1.049e-01 ([92m+[0m) Grad_T = [92m2.457e-05[0m/[92m5.350e-05[0m (rms/max) E (change) = -916.0426033825 ([92m-1.725e-07[0m) Quality = [0m1.101[0m
Hessian Eigenvalues: 4.22444e-03 5.67737e-03 8.44367e-03 ... 1.02999e+00 1.10052e+00 1.45973e+00
Step   31 : Displace = [0m1.267e-03[0m/[0m3.026e-03[0m (rms/max) Trust = 1.484e-01 ([92m+[0m) Grad_T = [92m2.277e-05[0m/[92m4.855e-05[0m (rms/max) E (change) = -916.0426035014 ([92m-1.189e-07[0m) Quality = [0m0.948[0m
Hessian Eigenvalues: 3.92538e-03 4.87667e-03 8.64765e-03 ... 1.02065e+00 1.08415e+00 1.46189e+00
Step   32 : Displace = [92m5.187e-04[0m/[92m1.465e-03[0m (rms/max) Trust = 2.098e-01 ([92m+[0m) Grad_T = [92m8.703e-06[0m/[92m2.073e-05[0m (rms/max) E (change) = -916.0426035366 ([92m-3.527e-08[0m) Quality = [0m0.781[0m
Hessian Eigenvalues: 3.92538e-03 4.87667e-03 8.64765e-03 ... 1.02065e+00 1.08415e+00 1.46189e+00
Converged! =D

    #==========================================================================#
    #| If this code has benefited your research, please support us by citing: |#
    #|                                                                        |#
    #| Wang, L.-P.; Song, C.C. (2016) "Geometry optimization made simple with |#
    #| translation and rotation coordinates", J. Chem, Phys. 144, 214108.     |#
    #| http://dx.doi.org/10.1063/1.4952956                                    |#
    #==========================================================================#
    Time elapsed since start of run_optimizer: 365.550 seconds
WARN: ECP not specified. The basis set CRENBL include an ECP. Recommended ECP: CRENBL.
/home/bhabani/Kishore/Tangelo_2.0_hardware/tangelo/problem_decomposition/dmet/dmet_problem_decomposition.py:168: RuntimeWarning: The mean field will be recomputed even if one has been provided by the user.
  warnings.warn("The mean field will be recomputed even if one has been provided by the user.", RuntimeWarning)
 	Iteration =  1
 	Chemical Potential (mu) =     -0.0006122134
 	----------------
 
	SCF Occupancy Eigenvalues for Fragment Number : # 0
	[1.57399140e-15 1.50044176e-15 1.48041272e-15 1.37138684e-15
 1.23238694e-15 1.09683756e-15 9.59269021e-16 9.22715676e-16
 8.28711899e-16 7.81484236e-16 7.41560625e-16 7.12805394e-16
 6.02747823e-16 5.35211485e-16 4.89969978e-16 4.44408370e-16
 4.38079487e-16 4.30668630e-16 4.19625551e-16 3.65573274e-16
 3.63399467e-16 2.97500647e-16 2.61200349e-16 2.38324639e-16
 2.35010001e-16 2.09532434e-16 2.08060776e-16 2.05730813e-16
 1.82414271e-16 1.34792541e-16 1.19662144e-16 1.14462454e-16
 1.12028613e-16 1.06298019e-16 1.04126517e-16 1.00462934e-16
 8.90685619e-17 8.58688121e-17 7.10329491e-17 6.25740867e-17
 4.42985069e-17 2.08333759e-17 2.03418797e-17 1.70579039e-17
 8.14850358e-18 6.29663074e-18 4.98909890e-18 1.78078187e-18
 1.33705779e-19 5.28338984e-19 9.21094828e-19 2.35532101e-18
 1.03027847e-17 1.55352021e-17 2.02383716e-17 3.08532239e-17
 3.69393420e-17 4.22514095e-17 5.43739684e-17 6.39310024e-17
 7.55213512e-17 8.32667268e-17 9.98998344e-17 1.02816573e-16
 1.19552282e-16 1.36820654e-16 1.64197614e-16 1.67464322e-16
 1.82825836e-16 2.11385314e-16 2.57594858e-16 2.61494860e-16
 2.96783923e-16 3.20562824e-16 3.73560673e-16 3.76559134e-16
 3.90515235e-16 3.91600044e-16 4.66043074e-16 4.99785847e-16
 5.08711769e-16 5.36973659e-16 5.80178605e-16 6.30284607e-16
 6.81944878e-16 6.91045596e-16 7.40295467e-16 7.50522084e-16
 8.13965231e-16 9.04579093e-16 1.00971751e-15 1.23344406e-15
 1.34117477e-15 1.76675177e-06 4.93853715e-06 2.98124436e-05
 3.42702983e-05 1.23359200e-04 3.02987490e-04 1.51155170e-03
 3.17365107e-03 8.04059298e-03 8.84874029e-03 2.46256326e-02
 9.56484582e-01 9.87940609e-01 1.16648038e+00 1.19670570e+00
 1.63970368e+00 1.98668206e+00 1.99044527e+00 1.99556831e+00
 1.99762097e+00 1.99787676e+00 1.99840183e+00 1.99855913e+00
 1.99908593e+00 1.99935177e+00 1.99953965e+00 1.99977804e+00
 1.99989886e+00 1.99993373e+00 1.99995189e+00 1.99998216e+00
 1.99998589e+00 1.99999296e+00 1.99999537e+00 1.99999771e+00
 1.99999857e+00 1.99999893e+00 1.99999926e+00 1.99999967e+00
 1.99999984e+00 2.00000000e+00 2.00000000e+00 2.00000000e+00
 2.00000000e+00 2.00000000e+00 2.00000000e+00 2.00000000e+00
 2.00000000e+00 2.00000000e+00 2.00000000e+00 2.00000000e+00
 2.00000000e+00 2.00000000e+00 2.00000000e+00 2.00000000e+00
 2.00000000e+00 2.00000000e+00 2.00000000e+00 2.00000000e+00
 2.00000000e+00 2.00000000e+00 2.00000000e+00 2.00000000e+00
 2.00000000e+00 2.00000000e+00 2.00000000e+00 2.00000000e+00
 2.00000000e+00 2.00000000e+00 2.00000000e+00 2.00000000e+00]

	SCF Occupancy Eigenvalues for Fragment Number : # 1
	[1.73097369e-15 1.69142924e-15 1.53941314e-15 1.40405412e-15
 1.35632779e-15 1.12140584e-15 1.11392700e-15 1.11022440e-15
 9.91901486e-16 9.83511998e-16 9.26180770e-16 8.42229110e-16
 8.05283427e-16 7.19986532e-16 6.89211961e-16 6.42942537e-16
 6.32588440e-16 6.29907459e-16 6.07849245e-16 5.70347348e-16
 5.55971391e-16 4.40108563e-16 4.29497473e-16 4.04769597e-16
 3.96564940e-16 3.82840514e-16 3.36111706e-16 3.22338696e-16
 3.14286323e-16 2.50944396e-16 2.47849836e-16 2.10953799e-16
 1.97205626e-16 1.71919196e-16 1.39251319e-16 1.08825343e-16
 7.67969819e-17 7.61621103e-17 7.49191888e-17 5.81547990e-17
 4.73949920e-17 4.60916915e-17 2.56259138e-17 2.22340590e-17
 1.90819582e-17 1.87377740e-17 1.34414617e-17 9.63542615e-18
 7.22334632e-18 5.66125307e-18 4.62191324e-18 3.78169761e-18
 2.41697498e-18 2.00506109e-18 6.84923477e-19 2.24580497e-19
 9.51032398e-19 1.43908298e-18 1.89865145e-18 2.26937456e-18
 3.57715694e-18 6.71542292e-18 7.01774011e-18 7.54382798e-18
 8.33191961e-18 1.11118792e-17 1.82534579e-17 2.76502222e-17
 2.80888948e-17 4.46254160e-17 4.72923256e-17 5.54165068e-17
 7.43516002e-17 7.50000899e-17 7.80625564e-17 8.06102810e-17
 1.11593147e-16 1.36485592e-16 1.67200059e-16 1.87756527e-16
 2.07470508e-16 2.22440732e-16 2.31075708e-16 2.42604255e-16
 2.52502819e-16 2.54400699e-16 2.74630806e-16 3.11992814e-16
 3.38983130e-16 3.63066398e-16 3.93450559e-16 4.29022268e-16
 4.29821184e-16 4.50018644e-16 4.71771154e-16 5.32033114e-16
 5.36382676e-16 5.37250745e-16 5.63078734e-16 5.83111955e-16
 5.83910255e-16 5.91846368e-16 6.01383612e-16 6.58534017e-16
 7.05049449e-16 7.41445481e-16 8.36873245e-16 8.55129417e-16
 9.35338698e-16 9.55017758e-16 1.02127869e-15 1.05896052e-15
 1.29102987e-15 1.36445320e-15 1.47998233e-15 1.59677868e-15
 1.63641027e-15 1.70242189e-15 1.80641665e-15 1.89295705e-15
 2.40161548e-05 1.51556278e-02 2.37818492e-02 1.00713354e+00
 1.03981330e+00 1.98071688e+00 1.99005540e+00 1.99713411e+00
 1.99891371e+00 1.99935082e+00 1.99970479e+00 1.99989661e+00
 1.99993357e+00 2.00000000e+00 2.00000000e+00 2.00000000e+00
 2.00000000e+00 2.00000000e+00 2.00000000e+00 2.00000000e+00
 2.00000000e+00 2.00000000e+00 2.00000000e+00 2.00000000e+00
 2.00000000e+00 2.00000000e+00 2.00000000e+00 2.00000000e+00
 2.00000000e+00 2.00000000e+00 2.00000000e+00 2.00000000e+00
 2.00000000e+00 2.00000000e+00 2.00000000e+00 2.00000000e+00
 2.00000000e+00 2.00000000e+00 2.00000000e+00 2.00000000e+00
 2.00000000e+00 2.00000000e+00 2.00000000e+00 2.00000000e+00
 2.00000000e+00 2.00000000e+00 2.00000000e+00 2.00000000e+00
 2.00000000e+00 2.00000000e+00 2.00000000e+00 2.00000000e+00
 2.00000000e+00 2.00000000e+00 2.00000000e+00 2.00000000e+00
 2.00000000e+00 2.00000000e+00 2.00000000e+00 2.00000000e+00
 2.00000000e+00 2.00000000e+00 2.00000000e+00 2.00000000e+00
 2.00000000e+00 2.00000000e+00 2.00000000e+00 2.00000000e+00
 2.00000000e+00 2.00000000e+00 2.00000000e+00]

	SCF Occupancy Eigenvalues for Fragment Number : # 2
	[1.51493649e-15 1.37847944e-15 1.26314420e-15 9.48259539e-16
 9.07132055e-16 8.65116814e-16 7.86679388e-16 7.69875469e-16
 7.01821007e-16 6.98575245e-16 6.41027898e-16 5.81129875e-16
 5.58585317e-16 4.48748042e-16 4.48167335e-16 4.13284077e-16
 4.06604897e-16 3.46821193e-16 3.03710640e-16 2.92609418e-16
 2.52252414e-16 2.43086868e-16 2.12906620e-16 1.94707148e-16
 1.82241111e-16 1.22250867e-16 1.04697661e-16 9.74908516e-17
 7.45050326e-17 6.44239982e-17 5.57917312e-17 5.39982834e-17
 4.08840144e-17 3.06048764e-17 2.72395766e-17 2.47448326e-17
 1.87227060e-17 1.14806155e-17 6.02882201e-18 2.29375062e-18
 2.61225315e-19 1.97191825e-18 5.90086842e-18 7.40387908e-18
 1.10746534e-17 1.97397956e-17 2.84128771e-17 3.07744191e-17
 4.32801587e-17 6.33011874e-17 7.12642917e-17 8.40713754e-17
 1.12390182e-16 1.19699939e-16 1.46924782e-16 1.93211748e-16
 1.97202796e-16 2.59465969e-16 2.69453385e-16 2.84670628e-16
 3.23094553e-16 3.67164031e-16 3.75146305e-16 3.80683540e-16
 4.26912652e-16 4.44829032e-16 5.06665228e-16 5.09324580e-16
 5.90638127e-16 6.00791475e-16 6.63496592e-16 6.79712898e-16
 7.15891671e-16 8.04228965e-16 8.20882277e-16 9.70898461e-16
 1.08923003e-15 1.15969203e-15 1.50005864e-15 1.62485551e-15
 2.11994166e-15 3.09952755e-15 6.22453151e-09 3.28826156e-08
 8.11936214e-08 3.47475771e-07 6.20799087e-07 2.72516095e-06
 4.77197130e-06 1.13848146e-05 2.36800774e-05 6.00016961e-05
 8.44423862e-05 1.44757258e-04 2.74772378e-04 6.40152697e-04
 1.33930817e-03 5.86817048e-03 1.48393919e-02 9.82197527e-01
 1.97073510e+00 1.98281883e+00 1.99019039e+00 1.99714482e+00
 1.99759606e+00 1.99955849e+00 1.99966360e+00 1.99991093e+00
 1.99994339e+00 1.99997779e+00 1.99998748e+00 1.99999056e+00
 1.99999451e+00 1.99999694e+00 1.99999820e+00 1.99999887e+00
 1.99999949e+00 1.99999966e+00 1.99999973e+00 1.99999994e+00
 1.99999996e+00 1.99999996e+00 1.99999998e+00 1.99999999e+00
 1.99999999e+00 2.00000000e+00 2.00000000e+00 2.00000000e+00
 2.00000000e+00 2.00000000e+00 2.00000000e+00 2.00000000e+00
 2.00000000e+00 2.00000000e+00 2.00000000e+00 2.00000000e+00
 2.00000000e+00 2.00000000e+00 2.00000000e+00 2.00000000e+00
 2.00000000e+00 2.00000000e+00 2.00000000e+00 2.00000000e+00
 2.00000000e+00 2.00000000e+00 2.00000000e+00 2.00000000e+00
 2.00000000e+00 2.00000000e+00 2.00000000e+00 2.00000000e+00
 2.00000000e+00]

	SCF Occupancy Eigenvalues for Fragment Number : # 3
	[1.55090648e-15 1.26835843e-15 1.19243904e-15 1.14583272e-15
 1.13571507e-15 1.11796616e-15 9.98428486e-16 9.95075322e-16
 9.37938148e-16 9.13331038e-16 8.73248859e-16 8.41992496e-16
 8.00395897e-16 7.41702277e-16 7.39724836e-16 6.80814761e-16
 6.40612096e-16 5.93200752e-16 5.37205806e-16 5.20852952e-16
 4.91362848e-16 4.89713908e-16 4.54272111e-16 4.51580677e-16
 4.41257743e-16 3.76968317e-16 3.47007756e-16 3.06296541e-16
 2.98643064e-16 2.97938757e-16 2.61744662e-16 2.55536598e-16
 2.20612820e-16 1.70948516e-16 1.63161990e-16 1.55229021e-16
 1.51976182e-16 1.34726945e-16 1.34528739e-16 1.25500792e-16
 1.23726678e-16 1.22766799e-16 9.86381223e-17 9.13090131e-17
 7.90596581e-17 7.59637083e-17 5.13494357e-17 3.80281506e-17
 2.26589111e-17 1.93859385e-17 1.79881062e-17 1.37766045e-17
 1.04417588e-17 7.78573835e-18 6.44135249e-18 5.82878568e-18
 3.18570887e-18 1.53336572e-18 6.39193199e-19 4.02032218e-19
 1.62861013e-18 2.51924537e-18 4.86044066e-18 5.11832303e-18
 6.02304133e-18 7.15090994e-18 1.08857412e-17 1.10089703e-17
 1.46442588e-17 1.68207032e-17 2.41182918e-17 2.60045584e-17
 3.24581174e-17 6.27475794e-17 7.50536696e-17 1.01013761e-16
 1.06295803e-16 1.17293583e-16 1.26634814e-16 1.28790947e-16
 1.68778447e-16 1.90654578e-16 1.97682718e-16 2.02279675e-16
 2.43199593e-16 2.55739399e-16 2.83512079e-16 3.03547347e-16
 3.22172618e-16 3.29058695e-16 3.33341458e-16 3.82562453e-16
 4.33780981e-16 4.78518008e-16 5.04671449e-16 5.08010056e-16
 5.26925577e-16 5.47006802e-16 5.51482173e-16 6.28786329e-16
 6.45156909e-16 7.14908878e-16 7.34997165e-16 7.73487184e-16
 8.37396389e-16 8.65814903e-16 8.66901424e-16 9.96696767e-16
 1.03093913e-15 1.08653597e-15 1.17777975e-15 1.27927200e-15
 1.38312925e-15 1.42260554e-15 1.44652254e-15 1.52196613e-15
 1.54036496e-15 1.65742616e-15 1.89922682e-15 2.00779519e-15
 2.28852133e-05 1.35637134e-02 2.92923923e-02 1.01728606e+00
 1.04085123e+00 1.97209880e+00 1.99055220e+00 1.99735801e+00
 1.99894702e+00 1.99943590e+00 1.99960179e+00 1.99984441e+00
 1.99994093e+00 2.00000000e+00 2.00000000e+00 2.00000000e+00
 2.00000000e+00 2.00000000e+00 2.00000000e+00 2.00000000e+00
 2.00000000e+00 2.00000000e+00 2.00000000e+00 2.00000000e+00
 2.00000000e+00 2.00000000e+00 2.00000000e+00 2.00000000e+00
 2.00000000e+00 2.00000000e+00 2.00000000e+00 2.00000000e+00
 2.00000000e+00 2.00000000e+00 2.00000000e+00 2.00000000e+00
 2.00000000e+00 2.00000000e+00 2.00000000e+00 2.00000000e+00
 2.00000000e+00 2.00000000e+00 2.00000000e+00 2.00000000e+00
 2.00000000e+00 2.00000000e+00 2.00000000e+00 2.00000000e+00
 2.00000000e+00 2.00000000e+00 2.00000000e+00 2.00000000e+00
 2.00000000e+00 2.00000000e+00 2.00000000e+00 2.00000000e+00
 2.00000000e+00 2.00000000e+00 2.00000000e+00 2.00000000e+00
 2.00000000e+00 2.00000000e+00 2.00000000e+00 2.00000000e+00
 2.00000000e+00 2.00000000e+00 2.00000000e+00 2.00000000e+00
 2.00000000e+00 2.00000000e+00 2.00000000e+00]

	SCF Occupancy Eigenvalues for Fragment Number : # 4
	[1.58799016e-15 1.03460980e-15 9.49776350e-16 9.46704910e-16
 8.60621786e-16 8.39200593e-16 7.42190234e-16 7.12238836e-16
 6.44654504e-16 6.25330582e-16 5.70612816e-16 5.66797040e-16
 5.49167667e-16 5.18050236e-16 4.57073184e-16 4.38475321e-16
 4.02492600e-16 3.63763334e-16 3.41458311e-16 3.28579373e-16
 2.81496011e-16 2.65548993e-16 2.58148537e-16 2.55042672e-16
 2.52099823e-16 2.00264641e-16 1.79069373e-16 1.70305162e-16
 1.66040660e-16 1.56122809e-16 1.44505943e-16 1.22447971e-16
 1.16270259e-16 8.39744853e-17 7.88500668e-17 6.75404440e-17
 5.42119481e-17 5.12345860e-17 4.81504231e-17 4.16675290e-17
 3.08174707e-17 2.19788646e-17 1.53569887e-17 8.27081005e-18
 8.24836233e-19 7.02645563e-18 7.40745865e-18 1.70014084e-17
 2.56430930e-17 3.40995740e-17 3.75447608e-17 4.87459972e-17
 6.89160998e-17 8.18098127e-17 8.32956331e-17 8.35822547e-17
 9.80503347e-17 1.18259579e-16 1.67835533e-16 1.95055561e-16
 1.99289693e-16 1.99426155e-16 2.04596804e-16 2.66661288e-16
 2.80010167e-16 2.87339875e-16 3.00250650e-16 3.24352220e-16
 3.27573044e-16 4.09473685e-16 4.12202972e-16 4.17518836e-16
 4.54803895e-16 6.07686680e-16 6.84263437e-16 6.92346879e-16
 7.53383322e-16 8.41149035e-16 8.70117492e-16 1.28497651e-15
 1.29651876e-15 1.50913549e-15 2.35388348e-08 8.94053626e-08
 1.91010117e-07 5.77277282e-07 1.23739535e-06 3.99547636e-06
 6.40494678e-06 1.03809941e-05 2.50682657e-05 6.34770369e-05
 8.70409958e-05 1.84373446e-04 2.55517353e-04 7.85810442e-04
 1.84006044e-03 6.13815082e-03 1.19093024e-02 9.73080785e-01
 1.97884176e+00 1.98167240e+00 1.99071399e+00 1.99696047e+00
 1.99787210e+00 1.99915855e+00 1.99948680e+00 1.99972400e+00
 1.99991281e+00 1.99994224e+00 1.99997046e+00 1.99998241e+00
 1.99999381e+00 1.99999648e+00 1.99999759e+00 1.99999835e+00
 1.99999928e+00 1.99999963e+00 1.99999965e+00 1.99999980e+00
 1.99999987e+00 1.99999992e+00 1.99999997e+00 1.99999998e+00
 1.99999998e+00 1.99999999e+00 1.99999999e+00 2.00000000e+00
 2.00000000e+00 2.00000000e+00 2.00000000e+00 2.00000000e+00
 2.00000000e+00 2.00000000e+00 2.00000000e+00 2.00000000e+00
 2.00000000e+00 2.00000000e+00 2.00000000e+00 2.00000000e+00
 2.00000000e+00 2.00000000e+00 2.00000000e+00 2.00000000e+00
 2.00000000e+00 2.00000000e+00 2.00000000e+00 2.00000000e+00
 2.00000000e+00 2.00000000e+00 2.00000000e+00 2.00000000e+00
 2.00000000e+00]

	SCF Occupancy Eigenvalues for Fragment Number : # 5
	[1.66789324e-15 1.37730858e-15 1.18243539e-15 1.14356528e-15
 1.12141340e-15 9.03465920e-16 7.82511626e-16 7.28630761e-16
 7.01201666e-16 6.67641609e-16 6.41529054e-16 6.21480459e-16
 5.88476529e-16 5.23740653e-16 5.11671862e-16 4.60488012e-16
 4.56093825e-16 4.32253407e-16 4.13525993e-16 3.98086792e-16
 3.91143296e-16 3.56713706e-16 3.45081946e-16 3.34391038e-16
 2.87968418e-16 2.61333915e-16 2.41957377e-16 2.36775528e-16
 2.03800504e-16 1.80261191e-16 1.39950172e-16 1.31991364e-16
 1.29730534e-16 1.05812457e-16 9.64231221e-17 8.32667268e-17
 7.28096677e-17 6.30568083e-17 4.50564515e-17 3.73175879e-17
 3.28833578e-17 2.14758690e-17 1.23448943e-17 8.69939989e-18
 5.45970292e-18 3.57300676e-18 2.87475150e-18 1.69136507e-18
 3.80208388e-19 8.29606548e-19 2.40959618e-18 5.17643505e-18
 6.62404548e-18 1.16585367e-17 1.82700423e-17 4.16343348e-17
 4.66386155e-17 5.79544667e-17 6.26026278e-17 8.45369165e-17
 8.95169148e-17 1.14550390e-16 1.48113105e-16 1.51964036e-16
 1.56247910e-16 1.82325644e-16 1.99573009e-16 2.13648547e-16
 2.44343608e-16 2.95898731e-16 3.02492146e-16 3.77094209e-16
 4.09943446e-16 4.30219398e-16 4.31703462e-16 4.33513474e-16
 4.46050323e-16 5.18346840e-16 5.27139577e-16 6.04470092e-16
 6.19558680e-16 6.36545297e-16 6.61345961e-16 7.14422789e-16
 8.33236532e-16 8.49813770e-16 8.55438037e-16 9.24102394e-16
 9.59270680e-16 1.06478000e-15 1.16783345e-15 1.17317445e-15
 1.28110677e-15 1.30539884e-15 1.31112910e-15 1.31555647e-15
 2.04956140e-15 2.36442369e-06 3.63935691e-06 1.39346816e-05
 3.03524878e-05 2.43080854e-04 6.23532039e-04 1.00550005e-03
 2.57071745e-03 3.14214449e-03 6.92607983e-03 1.78665715e-02
 2.61363133e-02 4.48348018e-02 3.37708745e-01 8.03646013e-01
 8.24161242e-01 1.99352519e+00 1.99426911e+00 1.99846529e+00
 1.99872026e+00 1.99907168e+00 1.99948535e+00 1.99961230e+00
 1.99973041e+00 1.99985309e+00 1.99988626e+00 1.99991940e+00
 1.99994908e+00 1.99996660e+00 1.99997901e+00 1.99998533e+00
 1.99999560e+00 1.99999692e+00 1.99999761e+00 1.99999885e+00
 1.99999963e+00 2.00000000e+00 2.00000000e+00 2.00000000e+00
 2.00000000e+00 2.00000000e+00 2.00000000e+00 2.00000000e+00
 2.00000000e+00 2.00000000e+00 2.00000000e+00 2.00000000e+00
 2.00000000e+00 2.00000000e+00 2.00000000e+00 2.00000000e+00
 2.00000000e+00 2.00000000e+00 2.00000000e+00 2.00000000e+00
 2.00000000e+00 2.00000000e+00 2.00000000e+00 2.00000000e+00
 2.00000000e+00 2.00000000e+00 2.00000000e+00 2.00000000e+00
 2.00000000e+00 2.00000000e+00 2.00000000e+00 2.00000000e+00
 2.00000000e+00 2.00000000e+00 2.00000000e+00 2.00000000e+00]

		Fragment Number : #  1
		------------------------
		CCSD diag: n_active_mos=80, n_active_electrons=80, trace(onerdm)=80.0
		Fragment Energy = -448.06768840650113
		Number of Electrons in Fragment = 26.10516448312613
		Fragment Number : #  2
		------------------------
		CCSD diag: n_active_mos=26, n_active_electrons=26, trace(onerdm)=26.0
		Fragment Energy = -126.01919960162495
		Number of Electrons in Fragment = 7.96618434050169
		Fragment Number : #  3
		------------------------
		CCSD diag: n_active_mos=102, n_active_electrons=102, trace(onerdm)=102.00000000000001
		Fragment Energy = -573.7594402308506
		Number of Electrons in Fragment = 35.063156354566594
		Fragment Number : #  4
		------------------------
		CCSD diag: n_active_mos=26, n_active_electrons=26, trace(onerdm)=25.999999999999996
		Fragment Energy = -125.313117022813
		Number of Electrons in Fragment = 7.959656238550528
		Fragment Number : #  5
		------------------------
		CCSD diag: n_active_mos=102, n_active_electrons=102, trace(onerdm)=102.00000000000003
		Fragment Energy = -580.7949791282883
		Number of Electrons in Fragment = 35.06535531153856
Fragment: n_homo=35, n_lumo=36, kept=[34, 35, 36, 37]
		Fragment Number : #  6
		------------------------
Pass: Decompose - 0.82827 (ms)Pass: MergeOrbitalRotations - 0.04530 (ms)Pass: UnitarySynthesis - 0.01287 (ms)Pass: HighLevelSynthesis - 0.51093 (ms)Pass: BasisTranslator - 0.11539 (ms)Pass: ElidePermutations - 0.01574 (ms)Pass: RemoveDiagonalGatesBeforeMeasure - 0.01168 (ms)Pass: RemoveIdentityEquivalent - 0.00763 (ms)Pass: InverseCancellation - 0.02050 (ms)Pass: ContractIdleWiresInControlFlow - 0.00310 (ms)Pass: CommutativeCancellation - 0.03791 (ms)Pass: ConsolidateBlocks - 0.03910 (ms)Pass: Split2QUnitaries - 0.00429 (ms)Pass: SetLayout - 0.04268 (ms)Pass: FullAncillaAllocation - 0.25392 (ms)Pass: EnlargeWithAncilla - 0.08774 (ms)Pass: ApplyLayout - 0.50139 (ms)Pass: CheckMap - 0.10371 (ms)Pass: FilterOpNodes - 0.01836 (ms)Pass: UnitarySynthesis - 0.00548 (ms)Pass: HighLevelSynthesis - 0.00787 (ms)Pass: BasisTranslator - 0.11587 (ms)Pass: Depth - 0.03433 (ms)Pass: Size - 0.00381 (ms)Pass: MinimumPoint - 0.01717 (ms)Pass: ConsolidateBlocks - 0.04673 (ms)Pass: UnitarySynthesis - 0.00405 (ms)Pass: RemoveIdentityEquivalent - 0.00405 (ms)Pass: Optimize1qGatesDecomposition - 0.05579 (ms)Pass: CommutativeCancellation - 0.08702 (ms)Pass: ContractIdleWiresInControlFlow - 0.00215 (ms)Pass: GatesInBasis - 0.01574 (ms)Pass: Depth - 0.02551 (ms)Pass: Size - 0.00215 (ms)Pass: MinimumPoint - 0.04148 (ms)Pass: ConsolidateBlocks - 0.04005 (ms)Pass: UnitarySynthesis - 0.00358 (ms)Pass: RemoveIdentityEquivalent - 0.00286 (ms)Pass: Optimize1qGatesDecomposition - 0.03600 (ms)Pass: CommutativeCancellation - 0.08941 (ms)Pass: ContractIdleWiresInControlFlow - 0.00143 (ms)Pass: GatesInBasis - 0.01287 (ms)Pass: Depth - 0.02241 (ms)Pass: Size - 0.00191 (ms)Pass: MinimumPoint - 0.00477 (ms)Pass: ContainsInstruction - 0.00572 (ms)Pass: InstructionDurationCheck - 0.00668 (ms)SQD counts diag: n_bits=8, first_bitstring=[0, 0, 1, 1, 0, 0, 1, 1], hamming_left=2, hamming_right=2
SQD postselect diag: total_samples=21, total_postselected=20, batch_sizes=[4, 4, 4, 4, 4]
SQD batch diag: batch0_shape=(4, 8), first_bitstring=[0, 0, 1, 1, 0, 0, 1, 1], hamming_left=2, hamming_right=2
SQD sci diag: batch=0, norb=4, nelec=(2, 2), amp_norm=0.9999999999999998, trace(rdm1)=3.9999999999999982
SQD sci diag: batch=1, norb=4, nelec=(2, 2), amp_norm=0.9999999999999998, trace(rdm1)=3.9999999999999982
SQD sci diag: batch=2, norb=4, nelec=(2, 2), amp_norm=0.9999999999999998, trace(rdm1)=3.9999999999999982
SQD sci diag: batch=3, norb=4, nelec=(2, 2), amp_norm=0.9999999999999998, trace(rdm1)=3.9999999999999982
SQD sci diag: batch=4, norb=4, nelec=(2, 2), amp_norm=0.9999999999999998, trace(rdm1)=3.9999999999999982
SQD postselect diag: total_samples=10, total_postselected=50, batch_sizes=[10, 10, 10, 10, 10]
SQD batch diag: batch0_shape=(10, 8), first_bitstring=[0, 0, 1, 1, 0, 0, 1, 1], hamming_left=2, hamming_right=2
SQD sci diag: batch=0, norb=4, nelec=(2, 2), amp_norm=0.9999999999999998, trace(rdm1)=3.9999999999999982
SQD sci diag: batch=1, norb=4, nelec=(2, 2), amp_norm=0.9999999999999998, trace(rdm1)=3.9999999999999982
SQD sci diag: batch=2, norb=4, nelec=(2, 2), amp_norm=0.9999999999999998, trace(rdm1)=3.9999999999999982
SQD sci diag: batch=3, norb=4, nelec=(2, 2), amp_norm=0.9999999999999998, trace(rdm1)=3.9999999999999982
SQD sci diag: batch=4, norb=4, nelec=(2, 2), amp_norm=0.9999999999999998, trace(rdm1)=3.9999999999999982
		SQD diag: n_active_mos=4, n_active_electrons=4, trace(onerdm)=3.9999999999999982
		Fragment Energy = -581.3750800475545
		Number of Electrons in Fragment = 29.77221736438829
	Electron Residual = -0.06826590732819682
 	Iteration =  2
 	Chemical Potential (mu) =     -0.0006122134
 	----------------
 
	SCF Occupancy Eigenvalues for Fragment Number : # 0
	[1.57399140e-15 1.50044176e-15 1.48041272e-15 1.37138684e-15
 1.23238694e-15 1.09683756e-15 9.59269021e-16 9.22715676e-16
 8.28711899e-16 7.81484236e-16 7.41560625e-16 7.12805394e-16
 6.02747823e-16 5.35211485e-16 4.89969978e-16 4.44408370e-16
 4.38079487e-16 4.30668630e-16 4.19625551e-16 3.65573274e-16
 3.63399467e-16 2.97500647e-16 2.61200349e-16 2.38324639e-16
 2.35010001e-16 2.09532434e-16 2.08060776e-16 2.05730813e-16
 1.82414271e-16 1.34792541e-16 1.19662144e-16 1.14462454e-16
 1.12028613e-16 1.06298019e-16 1.04126517e-16 1.00462934e-16
 8.90685619e-17 8.58688121e-17 7.10329491e-17 6.25740867e-17
 4.42985069e-17 2.08333759e-17 2.03418797e-17 1.70579039e-17
 8.14850358e-18 6.29663074e-18 4.98909890e-18 1.78078187e-18
 1.33705779e-19 5.28338984e-19 9.21094828e-19 2.35532101e-18
 1.03027847e-17 1.55352021e-17 2.02383716e-17 3.08532239e-17
 3.69393420e-17 4.22514095e-17 5.43739684e-17 6.39310024e-17
 7.55213512e-17 8.32667268e-17 9.98998344e-17 1.02816573e-16
 1.19552282e-16 1.36820654e-16 1.64197614e-16 1.67464322e-16
 1.82825836e-16 2.11385314e-16 2.57594858e-16 2.61494860e-16
 2.96783923e-16 3.20562824e-16 3.73560673e-16 3.76559134e-16
 3.90515235e-16 3.91600044e-16 4.66043074e-16 4.99785847e-16
 5.08711769e-16 5.36973659e-16 5.80178605e-16 6.30284607e-16
 6.81944878e-16 6.91045596e-16 7.40295467e-16 7.50522084e-16
 8.13965231e-16 9.04579093e-16 1.00971751e-15 1.23344406e-15
 1.34117477e-15 1.76675177e-06 4.93853715e-06 2.98124436e-05
 3.42702983e-05 1.23359200e-04 3.02987490e-04 1.51155170e-03
 3.17365107e-03 8.04059298e-03 8.84874029e-03 2.46256326e-02
 9.56484582e-01 9.87940609e-01 1.16648038e+00 1.19670570e+00
 1.63970368e+00 1.98668206e+00 1.99044527e+00 1.99556831e+00
 1.99762097e+00 1.99787676e+00 1.99840183e+00 1.99855913e+00
 1.99908593e+00 1.99935177e+00 1.99953965e+00 1.99977804e+00
 1.99989886e+00 1.99993373e+00 1.99995189e+00 1.99998216e+00
 1.99998589e+00 1.99999296e+00 1.99999537e+00 1.99999771e+00
 1.99999857e+00 1.99999893e+00 1.99999926e+00 1.99999967e+00
 1.99999984e+00 2.00000000e+00 2.00000000e+00 2.00000000e+00
 2.00000000e+00 2.00000000e+00 2.00000000e+00 2.00000000e+00
 2.00000000e+00 2.00000000e+00 2.00000000e+00 2.00000000e+00
 2.00000000e+00 2.00000000e+00 2.00000000e+00 2.00000000e+00
 2.00000000e+00 2.00000000e+00 2.00000000e+00 2.00000000e+00
 2.00000000e+00 2.00000000e+00 2.00000000e+00 2.00000000e+00
 2.00000000e+00 2.00000000e+00 2.00000000e+00 2.00000000e+00
 2.00000000e+00 2.00000000e+00 2.00000000e+00 2.00000000e+00]

	SCF Occupancy Eigenvalues for Fragment Number : # 1
	[1.73097369e-15 1.69142924e-15 1.53941314e-15 1.40405412e-15
 1.35632779e-15 1.12140584e-15 1.11392700e-15 1.11022440e-15
 9.91901486e-16 9.83511998e-16 9.26180770e-16 8.42229110e-16
 8.05283427e-16 7.19986532e-16 6.89211961e-16 6.42942537e-16
 6.32588440e-16 6.29907459e-16 6.07849245e-16 5.70347348e-16
 5.55971391e-16 4.40108563e-16 4.29497473e-16 4.04769597e-16
 3.96564940e-16 3.82840514e-16 3.36111706e-16 3.22338696e-16
 3.14286323e-16 2.50944396e-16 2.47849836e-16 2.10953799e-16
 1.97205626e-16 1.71919196e-16 1.39251319e-16 1.08825343e-16
 7.67969819e-17 7.61621103e-17 7.49191888e-17 5.81547990e-17
 4.73949920e-17 4.60916915e-17 2.56259138e-17 2.22340590e-17
 1.90819582e-17 1.87377740e-17 1.34414617e-17 9.63542615e-18
 7.22334632e-18 5.66125307e-18 4.62191324e-18 3.78169761e-18
 2.41697498e-18 2.00506109e-18 6.84923477e-19 2.24580497e-19
 9.51032398e-19 1.43908298e-18 1.89865145e-18 2.26937456e-18
 3.57715694e-18 6.71542292e-18 7.01774011e-18 7.54382798e-18
 8.33191961e-18 1.11118792e-17 1.82534579e-17 2.76502222e-17
 2.80888948e-17 4.46254160e-17 4.72923256e-17 5.54165068e-17
 7.43516002e-17 7.50000899e-17 7.80625564e-17 8.06102810e-17
 1.11593147e-16 1.36485592e-16 1.67200059e-16 1.87756527e-16
 2.07470508e-16 2.22440732e-16 2.31075708e-16 2.42604255e-16
 2.52502819e-16 2.54400699e-16 2.74630806e-16 3.11992814e-16
 3.38983130e-16 3.63066398e-16 3.93450559e-16 4.29022268e-16
 4.29821184e-16 4.50018644e-16 4.71771154e-16 5.32033114e-16
 5.36382676e-16 5.37250745e-16 5.63078734e-16 5.83111955e-16
 5.83910255e-16 5.91846368e-16 6.01383612e-16 6.58534017e-16
 7.05049449e-16 7.41445481e-16 8.36873245e-16 8.55129417e-16
 9.35338698e-16 9.55017758e-16 1.02127869e-15 1.05896052e-15
 1.29102987e-15 1.36445320e-15 1.47998233e-15 1.59677868e-15
 1.63641027e-15 1.70242189e-15 1.80641665e-15 1.89295705e-15
 2.40161548e-05 1.51556278e-02 2.37818492e-02 1.00713354e+00
 1.03981330e+00 1.98071688e+00 1.99005540e+00 1.99713411e+00
 1.99891371e+00 1.99935082e+00 1.99970479e+00 1.99989661e+00
 1.99993357e+00 2.00000000e+00 2.00000000e+00 2.00000000e+00
 2.00000000e+00 2.00000000e+00 2.00000000e+00 2.00000000e+00
 2.00000000e+00 2.00000000e+00 2.00000000e+00 2.00000000e+00
 2.00000000e+00 2.00000000e+00 2.00000000e+00 2.00000000e+00
 2.00000000e+00 2.00000000e+00 2.00000000e+00 2.00000000e+00
 2.00000000e+00 2.00000000e+00 2.00000000e+00 2.00000000e+00
 2.00000000e+00 2.00000000e+00 2.00000000e+00 2.00000000e+00
 2.00000000e+00 2.00000000e+00 2.00000000e+00 2.00000000e+00
 2.00000000e+00 2.00000000e+00 2.00000000e+00 2.00000000e+00
 2.00000000e+00 2.00000000e+00 2.00000000e+00 2.00000000e+00
 2.00000000e+00 2.00000000e+00 2.00000000e+00 2.00000000e+00
 2.00000000e+00 2.00000000e+00 2.00000000e+00 2.00000000e+00
 2.00000000e+00 2.00000000e+00 2.00000000e+00 2.00000000e+00
 2.00000000e+00 2.00000000e+00 2.00000000e+00 2.00000000e+00
 2.00000000e+00 2.00000000e+00 2.00000000e+00]

	SCF Occupancy Eigenvalues for Fragment Number : # 2
	[1.51493649e-15 1.37847944e-15 1.26314420e-15 9.48259539e-16
 9.07132055e-16 8.65116814e-16 7.86679388e-16 7.69875469e-16
 7.01821007e-16 6.98575245e-16 6.41027898e-16 5.81129875e-16
 5.58585317e-16 4.48748042e-16 4.48167335e-16 4.13284077e-16
 4.06604897e-16 3.46821193e-16 3.03710640e-16 2.92609418e-16
 2.52252414e-16 2.43086868e-16 2.12906620e-16 1.94707148e-16
 1.82241111e-16 1.22250867e-16 1.04697661e-16 9.74908516e-17
 7.45050326e-17 6.44239982e-17 5.57917312e-17 5.39982834e-17
 4.08840144e-17 3.06048764e-17 2.72395766e-17 2.47448326e-17
 1.87227060e-17 1.14806155e-17 6.02882201e-18 2.29375062e-18
 2.61225315e-19 1.97191825e-18 5.90086842e-18 7.40387908e-18
 1.10746534e-17 1.97397956e-17 2.84128771e-17 3.07744191e-17
 4.32801587e-17 6.33011874e-17 7.12642917e-17 8.40713754e-17
 1.12390182e-16 1.19699939e-16 1.46924782e-16 1.93211748e-16
 1.97202796e-16 2.59465969e-16 2.69453385e-16 2.84670628e-16
 3.23094553e-16 3.67164031e-16 3.75146305e-16 3.80683540e-16
 4.26912652e-16 4.44829032e-16 5.06665228e-16 5.09324580e-16
 5.90638127e-16 6.00791475e-16 6.63496592e-16 6.79712898e-16
 7.15891671e-16 8.04228965e-16 8.20882277e-16 9.70898461e-16
 1.08923003e-15 1.15969203e-15 1.50005864e-15 1.62485551e-15
 2.11994166e-15 3.09952755e-15 6.22453151e-09 3.28826156e-08
 8.11936214e-08 3.47475771e-07 6.20799087e-07 2.72516095e-06
 4.77197130e-06 1.13848146e-05 2.36800774e-05 6.00016961e-05
 8.44423862e-05 1.44757258e-04 2.74772378e-04 6.40152697e-04
 1.33930817e-03 5.86817048e-03 1.48393919e-02 9.82197527e-01
 1.97073510e+00 1.98281883e+00 1.99019039e+00 1.99714482e+00
 1.99759606e+00 1.99955849e+00 1.99966360e+00 1.99991093e+00
 1.99994339e+00 1.99997779e+00 1.99998748e+00 1.99999056e+00
 1.99999451e+00 1.99999694e+00 1.99999820e+00 1.99999887e+00
 1.99999949e+00 1.99999966e+00 1.99999973e+00 1.99999994e+00
 1.99999996e+00 1.99999996e+00 1.99999998e+00 1.99999999e+00
 1.99999999e+00 2.00000000e+00 2.00000000e+00 2.00000000e+00
 2.00000000e+00 2.00000000e+00 2.00000000e+00 2.00000000e+00
 2.00000000e+00 2.00000000e+00 2.00000000e+00 2.00000000e+00
 2.00000000e+00 2.00000000e+00 2.00000000e+00 2.00000000e+00
 2.00000000e+00 2.00000000e+00 2.00000000e+00 2.00000000e+00
 2.00000000e+00 2.00000000e+00 2.00000000e+00 2.00000000e+00
 2.00000000e+00 2.00000000e+00 2.00000000e+00 2.00000000e+00
 2.00000000e+00]

	SCF Occupancy Eigenvalues for Fragment Number : # 3
	[1.55090648e-15 1.26835843e-15 1.19243904e-15 1.14583272e-15
 1.13571507e-15 1.11796616e-15 9.98428486e-16 9.95075322e-16
 9.37938148e-16 9.13331038e-16 8.73248859e-16 8.41992496e-16
 8.00395897e-16 7.41702277e-16 7.39724836e-16 6.80814761e-16
 6.40612096e-16 5.93200752e-16 5.37205806e-16 5.20852952e-16
 4.91362848e-16 4.89713908e-16 4.54272111e-16 4.51580677e-16
 4.41257743e-16 3.76968317e-16 3.47007756e-16 3.06296541e-16
 2.98643064e-16 2.97938757e-16 2.61744662e-16 2.55536598e-16
 2.20612820e-16 1.70948516e-16 1.63161990e-16 1.55229021e-16
 1.51976182e-16 1.34726945e-16 1.34528739e-16 1.25500792e-16
 1.23726678e-16 1.22766799e-16 9.86381223e-17 9.13090131e-17
 7.90596581e-17 7.59637083e-17 5.13494357e-17 3.80281506e-17
 2.26589111e-17 1.93859385e-17 1.79881062e-17 1.37766045e-17
 1.04417588e-17 7.78573835e-18 6.44135249e-18 5.82878568e-18
 3.18570887e-18 1.53336572e-18 6.39193199e-19 4.02032218e-19
 1.62861013e-18 2.51924537e-18 4.86044066e-18 5.11832303e-18
 6.02304133e-18 7.15090994e-18 1.08857412e-17 1.10089703e-17
 1.46442588e-17 1.68207032e-17 2.41182918e-17 2.60045584e-17
 3.24581174e-17 6.27475794e-17 7.50536696e-17 1.01013761e-16
 1.06295803e-16 1.17293583e-16 1.26634814e-16 1.28790947e-16
 1.68778447e-16 1.90654578e-16 1.97682718e-16 2.02279675e-16
 2.43199593e-16 2.55739399e-16 2.83512079e-16 3.03547347e-16
 3.22172618e-16 3.29058695e-16 3.33341458e-16 3.82562453e-16
 4.33780981e-16 4.78518008e-16 5.04671449e-16 5.08010056e-16
 5.26925577e-16 5.47006802e-16 5.51482173e-16 6.28786329e-16
 6.45156909e-16 7.14908878e-16 7.34997165e-16 7.73487184e-16
 8.37396389e-16 8.65814903e-16 8.66901424e-16 9.96696767e-16
 1.03093913e-15 1.08653597e-15 1.17777975e-15 1.27927200e-15
 1.38312925e-15 1.42260554e-15 1.44652254e-15 1.52196613e-15
 1.54036496e-15 1.65742616e-15 1.89922682e-15 2.00779519e-15
 2.28852133e-05 1.35637134e-02 2.92923923e-02 1.01728606e+00
 1.04085123e+00 1.97209880e+00 1.99055220e+00 1.99735801e+00
 1.99894702e+00 1.99943590e+00 1.99960179e+00 1.99984441e+00
 1.99994093e+00 2.00000000e+00 2.00000000e+00 2.00000000e+00
 2.00000000e+00 2.00000000e+00 2.00000000e+00 2.00000000e+00
 2.00000000e+00 2.00000000e+00 2.00000000e+00 2.00000000e+00
 2.00000000e+00 2.00000000e+00 2.00000000e+00 2.00000000e+00
 2.00000000e+00 2.00000000e+00 2.00000000e+00 2.00000000e+00
 2.00000000e+00 2.00000000e+00 2.00000000e+00 2.00000000e+00
 2.00000000e+00 2.00000000e+00 2.00000000e+00 2.00000000e+00
 2.00000000e+00 2.00000000e+00 2.00000000e+00 2.00000000e+00
 2.00000000e+00 2.00000000e+00 2.00000000e+00 2.00000000e+00
 2.00000000e+00 2.00000000e+00 2.00000000e+00 2.00000000e+00
 2.00000000e+00 2.00000000e+00 2.00000000e+00 2.00000000e+00
 2.00000000e+00 2.00000000e+00 2.00000000e+00 2.00000000e+00
 2.00000000e+00 2.00000000e+00 2.00000000e+00 2.00000000e+00
 2.00000000e+00 2.00000000e+00 2.00000000e+00 2.00000000e+00
 2.00000000e+00 2.00000000e+00 2.00000000e+00]

	SCF Occupancy Eigenvalues for Fragment Number : # 4
	[1.58799016e-15 1.03460980e-15 9.49776350e-16 9.46704910e-16
 8.60621786e-16 8.39200593e-16 7.42190234e-16 7.12238836e-16
 6.44654504e-16 6.25330582e-16 5.70612816e-16 5.66797040e-16
 5.49167667e-16 5.18050236e-16 4.57073184e-16 4.38475321e-16
 4.02492600e-16 3.63763334e-16 3.41458311e-16 3.28579373e-16
 2.81496011e-16 2.65548993e-16 2.58148537e-16 2.55042672e-16
 2.52099823e-16 2.00264641e-16 1.79069373e-16 1.70305162e-16
 1.66040660e-16 1.56122809e-16 1.44505943e-16 1.22447971e-16
 1.16270259e-16 8.39744853e-17 7.88500668e-17 6.75404440e-17
 5.42119481e-17 5.12345860e-17 4.81504231e-17 4.16675290e-17
 3.08174707e-17 2.19788646e-17 1.53569887e-17 8.27081005e-18
 8.24836233e-19 7.02645563e-18 7.40745865e-18 1.70014084e-17
 2.56430930e-17 3.40995740e-17 3.75447608e-17 4.87459972e-17
 6.89160998e-17 8.18098127e-17 8.32956331e-17 8.35822547e-17
 9.80503347e-17 1.18259579e-16 1.67835533e-16 1.95055561e-16
 1.99289693e-16 1.99426155e-16 2.04596804e-16 2.66661288e-16
 2.80010167e-16 2.87339875e-16 3.00250650e-16 3.24352220e-16
 3.27573044e-16 4.09473685e-16 4.12202972e-16 4.17518836e-16
 4.54803895e-16 6.07686680e-16 6.84263437e-16 6.92346879e-16
 7.53383322e-16 8.41149035e-16 8.70117492e-16 1.28497651e-15
 1.29651876e-15 1.50913549e-15 2.35388348e-08 8.94053626e-08
 1.91010117e-07 5.77277282e-07 1.23739535e-06 3.99547636e-06
 6.40494678e-06 1.03809941e-05 2.50682657e-05 6.34770369e-05
 8.70409958e-05 1.84373446e-04 2.55517353e-04 7.85810442e-04
 1.84006044e-03 6.13815082e-03 1.19093024e-02 9.73080785e-01
 1.97884176e+00 1.98167240e+00 1.99071399e+00 1.99696047e+00
 1.99787210e+00 1.99915855e+00 1.99948680e+00 1.99972400e+00
 1.99991281e+00 1.99994224e+00 1.99997046e+00 1.99998241e+00
 1.99999381e+00 1.99999648e+00 1.99999759e+00 1.99999835e+00
 1.99999928e+00 1.99999963e+00 1.99999965e+00 1.99999980e+00
 1.99999987e+00 1.99999992e+00 1.99999997e+00 1.99999998e+00
 1.99999998e+00 1.99999999e+00 1.99999999e+00 2.00000000e+00
 2.00000000e+00 2.00000000e+00 2.00000000e+00 2.00000000e+00
 2.00000000e+00 2.00000000e+00 2.00000000e+00 2.00000000e+00
 2.00000000e+00 2.00000000e+00 2.00000000e+00 2.00000000e+00
 2.00000000e+00 2.00000000e+00 2.00000000e+00 2.00000000e+00
 2.00000000e+00 2.00000000e+00 2.00000000e+00 2.00000000e+00
 2.00000000e+00 2.00000000e+00 2.00000000e+00 2.00000000e+00
 2.00000000e+00]

	SCF Occupancy Eigenvalues for Fragment Number : # 5
	[1.66789324e-15 1.37730858e-15 1.18243539e-15 1.14356528e-15
 1.12141340e-15 9.03465920e-16 7.82511626e-16 7.28630761e-16
 7.01201666e-16 6.67641609e-16 6.41529054e-16 6.21480459e-16
 5.88476529e-16 5.23740653e-16 5.11671862e-16 4.60488012e-16
 4.56093825e-16 4.32253407e-16 4.13525993e-16 3.98086792e-16
 3.91143296e-16 3.56713706e-16 3.45081946e-16 3.34391038e-16
 2.87968418e-16 2.61333915e-16 2.41957377e-16 2.36775528e-16
 2.03800504e-16 1.80261191e-16 1.39950172e-16 1.31991364e-16
 1.29730534e-16 1.05812457e-16 9.64231221e-17 8.32667268e-17
 7.28096677e-17 6.30568083e-17 4.50564515e-17 3.73175879e-17
 3.28833578e-17 2.14758690e-17 1.23448943e-17 8.69939989e-18
 5.45970292e-18 3.57300676e-18 2.87475150e-18 1.69136507e-18
 3.80208388e-19 8.29606548e-19 2.40959618e-18 5.17643505e-18
 6.62404548e-18 1.16585367e-17 1.82700423e-17 4.16343348e-17
 4.66386155e-17 5.79544667e-17 6.26026278e-17 8.45369165e-17
 8.95169148e-17 1.14550390e-16 1.48113105e-16 1.51964036e-16
 1.56247910e-16 1.82325644e-16 1.99573009e-16 2.13648547e-16
 2.44343608e-16 2.95898731e-16 3.02492146e-16 3.77094209e-16
 4.09943446e-16 4.30219398e-16 4.31703462e-16 4.33513474e-16
 4.46050323e-16 5.18346840e-16 5.27139577e-16 6.04470092e-16
 6.19558680e-16 6.36545297e-16 6.61345961e-16 7.14422789e-16
 8.33236532e-16 8.49813770e-16 8.55438037e-16 9.24102394e-16
 9.59270680e-16 1.06478000e-15 1.16783345e-15 1.17317445e-15
 1.28110677e-15 1.30539884e-15 1.31112910e-15 1.31555647e-15
 2.04956140e-15 2.36442369e-06 3.63935691e-06 1.39346816e-05
 3.03524878e-05 2.43080854e-04 6.23532039e-04 1.00550005e-03
 2.57071745e-03 3.14214449e-03 6.92607983e-03 1.78665715e-02
 2.61363133e-02 4.48348018e-02 3.37708745e-01 8.03646013e-01
 8.24161242e-01 1.99352519e+00 1.99426911e+00 1.99846529e+00
 1.99872026e+00 1.99907168e+00 1.99948535e+00 1.99961230e+00
 1.99973041e+00 1.99985309e+00 1.99988626e+00 1.99991940e+00
 1.99994908e+00 1.99996660e+00 1.99997901e+00 1.99998533e+00
 1.99999560e+00 1.99999692e+00 1.99999761e+00 1.99999885e+00
 1.99999963e+00 2.00000000e+00 2.00000000e+00 2.00000000e+00
 2.00000000e+00 2.00000000e+00 2.00000000e+00 2.00000000e+00
 2.00000000e+00 2.00000000e+00 2.00000000e+00 2.00000000e+00
 2.00000000e+00 2.00000000e+00 2.00000000e+00 2.00000000e+00
 2.00000000e+00 2.00000000e+00 2.00000000e+00 2.00000000e+00
 2.00000000e+00 2.00000000e+00 2.00000000e+00 2.00000000e+00
 2.00000000e+00 2.00000000e+00 2.00000000e+00 2.00000000e+00
 2.00000000e+00 2.00000000e+00 2.00000000e+00 2.00000000e+00
 2.00000000e+00 2.00000000e+00 2.00000000e+00 2.00000000e+00]

		Fragment Number : #  1
		------------------------
		CCSD diag: n_active_mos=80, n_active_electrons=80, trace(onerdm)=80.0
		Fragment Energy = -448.0676884065054
		Number of Electrons in Fragment = 26.10516448312657
		Fragment Number : #  2
		------------------------
		CCSD diag: n_active_mos=26, n_active_electrons=26, trace(onerdm)=26.0
		Fragment Energy = -126.01919960162499
		Number of Electrons in Fragment = 7.966184340501695
		Fragment Number : #  3
		------------------------
		CCSD diag: n_active_mos=102, n_active_electrons=102, trace(onerdm)=102.0
		Fragment Energy = -573.7594402308521
		Number of Electrons in Fragment = 35.063156354566395
		Fragment Number : #  4
		------------------------
		CCSD diag: n_active_mos=26, n_active_electrons=26, trace(onerdm)=25.999999999999996
		Fragment Energy = -125.31311702281296
		Number of Electrons in Fragment = 7.959656238550524
		Fragment Number : #  5
		------------------------
		CCSD diag: n_active_mos=102, n_active_electrons=102, trace(onerdm)=102.0
		Fragment Energy = -580.7949791282849
		Number of Electrons in Fragment = 35.06535531153818
Fragment: n_homo=35, n_lumo=36, kept=[34, 35, 36, 37]
		Fragment Number : #  6
		------------------------
Pass: Decompose - 0.50020 (ms)Pass: MergeOrbitalRotations - 0.06413 (ms)Pass: UnitarySynthesis - 0.01287 (ms)Pass: HighLevelSynthesis - 0.55790 (ms)Pass: BasisTranslator - 0.13828 (ms)Pass: ElidePermutations - 0.02813 (ms)Pass: RemoveDiagonalGatesBeforeMeasure - 0.02789 (ms)Pass: RemoveIdentityEquivalent - 0.00644 (ms)Pass: InverseCancellation - 0.02933 (ms)Pass: ContractIdleWiresInControlFlow - 0.00191 (ms)Pass: CommutativeCancellation - 0.04601 (ms)Pass: ConsolidateBlocks - 0.03815 (ms)Pass: Split2QUnitaries - 0.01335 (ms)Pass: SetLayout - 0.04888 (ms)Pass: FullAncillaAllocation - 0.23079 (ms)Pass: EnlargeWithAncilla - 0.09084 (ms)Pass: ApplyLayout - 0.48876 (ms)Pass: CheckMap - 0.11039 (ms)Pass: FilterOpNodes - 0.01502 (ms)Pass: UnitarySynthesis - 0.00477 (ms)Pass: HighLevelSynthesis - 0.00763 (ms)Pass: BasisTranslator - 0.10729 (ms)Pass: Depth - 0.03195 (ms)Pass: Size - 0.00262 (ms)Pass: MinimumPoint - 0.03052 (ms)Pass: ConsolidateBlocks - 0.04172 (ms)Pass: UnitarySynthesis - 0.00334 (ms)Pass: RemoveIdentityEquivalent - 0.00334 (ms)Pass: Optimize1qGatesDecomposition - 0.06700 (ms)Pass: CommutativeCancellation - 0.08297 (ms)Pass: ContractIdleWiresInControlFlow - 0.00143 (ms)Pass: GatesInBasis - 0.01383 (ms)Pass: Depth - 0.02193 (ms)Pass: Size - 0.00167 (ms)Pass: MinimumPoint - 0.04530 (ms)Pass: ConsolidateBlocks - 0.04363 (ms)Pass: UnitarySynthesis - 0.00358 (ms)Pass: RemoveIdentityEquivalent - 0.00286 (ms)Pass: Optimize1qGatesDecomposition - 0.03648 (ms)Pass: CommutativeCancellation - 0.08321 (ms)Pass: ContractIdleWiresInControlFlow - 0.00191 (ms)Pass: GatesInBasis - 0.01335 (ms)Pass: Depth - 0.02289 (ms)Pass: Size - 0.00191 (ms)Pass: MinimumPoint - 0.00477 (ms)Pass: ContainsInstruction - 0.02289 (ms)Pass: InstructionDurationCheck - 0.01025 (ms)SQD counts diag: n_bits=8, first_bitstring=[0, 0, 1, 1, 0, 0, 1, 0], hamming_left=2, hamming_right=1
SQD postselect diag: total_samples=16, total_postselected=5, batch_sizes=[1, 1, 1, 1, 1]
SQD batch diag: batch0_shape=(1, 8), first_bitstring=[0, 0, 1, 1, 0, 0, 1, 1], hamming_left=2, hamming_right=2
SQD sci diag: batch=0, norb=4, nelec=(2, 2), amp_norm=1.0, trace(rdm1)=4.0
SQD sci diag: batch=1, norb=4, nelec=(2, 2), amp_norm=1.0, trace(rdm1)=4.0
SQD sci diag: batch=2, norb=4, nelec=(2, 2), amp_norm=1.0, trace(rdm1)=4.0
SQD sci diag: batch=3, norb=4, nelec=(2, 2), amp_norm=1.0, trace(rdm1)=4.0
SQD sci diag: batch=4, norb=4, nelec=(2, 2), amp_norm=1.0, trace(rdm1)=4.0
/home/bhabani/miniconda3/lib/python3.12/site-packages/qiskit_addon_sqd/configuration_recovery.py:230: RuntimeWarning: invalid value encountered in divide
  probs_left = probs_left / np.sum(probs_left)
/home/bhabani/miniconda3/lib/python3.12/site-packages/qiskit_addon_sqd/configuration_recovery.py:231: RuntimeWarning: invalid value encountered in divide
  probs_right = probs_right / np.sum(probs_right)
SQD postselect diag: total_samples=1, total_postselected=5, batch_sizes=[1, 1, 1, 1, 1]
SQD batch diag: batch0_shape=(1, 8), first_bitstring=[0, 0, 1, 1, 0, 0, 1, 1], hamming_left=2, hamming_right=2
SQD sci diag: batch=0, norb=4, nelec=(2, 2), amp_norm=1.0, trace(rdm1)=4.0
SQD sci diag: batch=1, norb=4, nelec=(2, 2), amp_norm=1.0, trace(rdm1)=4.0
SQD sci diag: batch=2, norb=4, nelec=(2, 2), amp_norm=1.0, trace(rdm1)=4.0
SQD sci diag: batch=3, norb=4, nelec=(2, 2), amp_norm=1.0, trace(rdm1)=4.0
SQD sci diag: batch=4, norb=4, nelec=(2, 2), amp_norm=1.0, trace(rdm1)=4.0
		SQD diag: n_active_mos=4, n_active_electrons=4, trace(onerdm)=4.0
		Fragment Energy = -583.6926185840317
		Number of Electrons in Fragment = 29.94729023679693
	Electron Residual = 0.10680696508029541
 	Iteration =  3
 	Chemical Potential (mu) =     -0.0006122134
 	----------------
 
	SCF Occupancy Eigenvalues for Fragment Number : # 0
	[1.57399140e-15 1.50044176e-15 1.48041272e-15 1.37138684e-15
 1.23238694e-15 1.09683756e-15 9.59269021e-16 9.22715676e-16
 8.28711899e-16 7.81484236e-16 7.41560625e-16 7.12805394e-16
 6.02747823e-16 5.35211485e-16 4.89969978e-16 4.44408370e-16
 4.38079487e-16 4.30668630e-16 4.19625551e-16 3.65573274e-16
 3.63399467e-16 2.97500647e-16 2.61200349e-16 2.38324639e-16
 2.35010001e-16 2.09532434e-16 2.08060776e-16 2.05730813e-16
 1.82414271e-16 1.34792541e-16 1.19662144e-16 1.14462454e-16
 1.12028613e-16 1.06298019e-16 1.04126517e-16 1.00462934e-16
 8.90685619e-17 8.58688121e-17 7.10329491e-17 6.25740867e-17
 4.42985069e-17 2.08333759e-17 2.03418797e-17 1.70579039e-17
 8.14850358e-18 6.29663074e-18 4.98909890e-18 1.78078187e-18
 1.33705779e-19 5.28338984e-19 9.21094828e-19 2.35532101e-18
 1.03027847e-17 1.55352021e-17 2.02383716e-17 3.08532239e-17
 3.69393420e-17 4.22514095e-17 5.43739684e-17 6.39310024e-17
 7.55213512e-17 8.32667268e-17 9.98998344e-17 1.02816573e-16
 1.19552282e-16 1.36820654e-16 1.64197614e-16 1.67464322e-16
 1.82825836e-16 2.11385314e-16 2.57594858e-16 2.61494860e-16
 2.96783923e-16 3.20562824e-16 3.73560673e-16 3.76559134e-16
 3.90515235e-16 3.91600044e-16 4.66043074e-16 4.99785847e-16
 5.08711769e-16 5.36973659e-16 5.80178605e-16 6.30284607e-16
 6.81944878e-16 6.91045596e-16 7.40295467e-16 7.50522084e-16
 8.13965231e-16 9.04579093e-16 1.00971751e-15 1.23344406e-15
 1.34117477e-15 1.76675177e-06 4.93853715e-06 2.98124436e-05
 3.42702983e-05 1.23359200e-04 3.02987490e-04 1.51155170e-03
 3.17365107e-03 8.04059298e-03 8.84874029e-03 2.46256326e-02
 9.56484582e-01 9.87940609e-01 1.16648038e+00 1.19670570e+00
 1.63970368e+00 1.98668206e+00 1.99044527e+00 1.99556831e+00
 1.99762097e+00 1.99787676e+00 1.99840183e+00 1.99855913e+00
 1.99908593e+00 1.99935177e+00 1.99953965e+00 1.99977804e+00
 1.99989886e+00 1.99993373e+00 1.99995189e+00 1.99998216e+00
 1.99998589e+00 1.99999296e+00 1.99999537e+00 1.99999771e+00
 1.99999857e+00 1.99999893e+00 1.99999926e+00 1.99999967e+00
 1.99999984e+00 2.00000000e+00 2.00000000e+00 2.00000000e+00
 2.00000000e+00 2.00000000e+00 2.00000000e+00 2.00000000e+00
 2.00000000e+00 2.00000000e+00 2.00000000e+00 2.00000000e+00
 2.00000000e+00 2.00000000e+00 2.00000000e+00 2.00000000e+00
 2.00000000e+00 2.00000000e+00 2.00000000e+00 2.00000000e+00
 2.00000000e+00 2.00000000e+00 2.00000000e+00 2.00000000e+00
 2.00000000e+00 2.00000000e+00 2.00000000e+00 2.00000000e+00
 2.00000000e+00 2.00000000e+00 2.00000000e+00 2.00000000e+00]

	SCF Occupancy Eigenvalues for Fragment Number : # 1
	[1.73097369e-15 1.69142924e-15 1.53941314e-15 1.40405412e-15
 1.35632779e-15 1.12140584e-15 1.11392700e-15 1.11022440e-15
 9.91901486e-16 9.83511998e-16 9.26180770e-16 8.42229110e-16
 8.05283427e-16 7.19986532e-16 6.89211961e-16 6.42942537e-16
 6.32588440e-16 6.29907459e-16 6.07849245e-16 5.70347348e-16
 5.55971391e-16 4.40108563e-16 4.29497473e-16 4.04769597e-16
 3.96564940e-16 3.82840514e-16 3.36111706e-16 3.22338696e-16
 3.14286323e-16 2.50944396e-16 2.47849836e-16 2.10953799e-16
 1.97205626e-16 1.71919196e-16 1.39251319e-16 1.08825343e-16
 7.67969819e-17 7.61621103e-17 7.49191888e-17 5.81547990e-17
 4.73949920e-17 4.60916915e-17 2.56259138e-17 2.22340590e-17
 1.90819582e-17 1.87377740e-17 1.34414617e-17 9.63542615e-18
 7.22334632e-18 5.66125307e-18 4.62191324e-18 3.78169761e-18
 2.41697498e-18 2.00506109e-18 6.84923477e-19 2.24580497e-19
 9.51032398e-19 1.43908298e-18 1.89865145e-18 2.26937456e-18
 3.57715694e-18 6.71542292e-18 7.01774011e-18 7.54382798e-18
 8.33191961e-18 1.11118792e-17 1.82534579e-17 2.76502222e-17
 2.80888948e-17 4.46254160e-17 4.72923256e-17 5.54165068e-17
 7.43516002e-17 7.50000899e-17 7.80625564e-17 8.06102810e-17
 1.11593147e-16 1.36485592e-16 1.67200059e-16 1.87756527e-16
 2.07470508e-16 2.22440732e-16 2.31075708e-16 2.42604255e-16
 2.52502819e-16 2.54400699e-16 2.74630806e-16 3.11992814e-16
 3.38983130e-16 3.63066398e-16 3.93450559e-16 4.29022268e-16
 4.29821184e-16 4.50018644e-16 4.71771154e-16 5.32033114e-16
 5.36382676e-16 5.37250745e-16 5.63078734e-16 5.83111955e-16
 5.83910255e-16 5.91846368e-16 6.01383612e-16 6.58534017e-16
 7.05049449e-16 7.41445481e-16 8.36873245e-16 8.55129417e-16
 9.35338698e-16 9.55017758e-16 1.02127869e-15 1.05896052e-15
 1.29102987e-15 1.36445320e-15 1.47998233e-15 1.59677868e-15
 1.63641027e-15 1.70242189e-15 1.80641665e-15 1.89295705e-15
 2.40161548e-05 1.51556278e-02 2.37818492e-02 1.00713354e+00
 1.03981330e+00 1.98071688e+00 1.99005540e+00 1.99713411e+00
 1.99891371e+00 1.99935082e+00 1.99970479e+00 1.99989661e+00
 1.99993357e+00 2.00000000e+00 2.00000000e+00 2.00000000e+00
 2.00000000e+00 2.00000000e+00 2.00000000e+00 2.00000000e+00
 2.00000000e+00 2.00000000e+00 2.00000000e+00 2.00000000e+00
 2.00000000e+00 2.00000000e+00 2.00000000e+00 2.00000000e+00
 2.00000000e+00 2.00000000e+00 2.00000000e+00 2.00000000e+00
 2.00000000e+00 2.00000000e+00 2.00000000e+00 2.00000000e+00
 2.00000000e+00 2.00000000e+00 2.00000000e+00 2.00000000e+00
 2.00000000e+00 2.00000000e+00 2.00000000e+00 2.00000000e+00
 2.00000000e+00 2.00000000e+00 2.00000000e+00 2.00000000e+00
 2.00000000e+00 2.00000000e+00 2.00000000e+00 2.00000000e+00
 2.00000000e+00 2.00000000e+00 2.00000000e+00 2.00000000e+00
 2.00000000e+00 2.00000000e+00 2.00000000e+00 2.00000000e+00
 2.00000000e+00 2.00000000e+00 2.00000000e+00 2.00000000e+00
 2.00000000e+00 2.00000000e+00 2.00000000e+00 2.00000000e+00
 2.00000000e+00 2.00000000e+00 2.00000000e+00]

	SCF Occupancy Eigenvalues for Fragment Number : # 2
	[1.51493649e-15 1.37847944e-15 1.26314420e-15 9.48259539e-16
 9.07132055e-16 8.65116814e-16 7.86679388e-16 7.69875469e-16
 7.01821007e-16 6.98575245e-16 6.41027898e-16 5.81129875e-16
 5.58585317e-16 4.48748042e-16 4.48167335e-16 4.13284077e-16
 4.06604897e-16 3.46821193e-16 3.03710640e-16 2.92609418e-16
 2.52252414e-16 2.43086868e-16 2.12906620e-16 1.94707148e-16
 1.82241111e-16 1.22250867e-16 1.04697661e-16 9.74908516e-17
 7.45050326e-17 6.44239982e-17 5.57917312e-17 5.39982834e-17
 4.08840144e-17 3.06048764e-17 2.72395766e-17 2.47448326e-17
 1.87227060e-17 1.14806155e-17 6.02882201e-18 2.29375062e-18
 2.61225315e-19 1.97191825e-18 5.90086842e-18 7.40387908e-18
 1.10746534e-17 1.97397956e-17 2.84128771e-17 3.07744191e-17
 4.32801587e-17 6.33011874e-17 7.12642917e-17 8.40713754e-17
 1.12390182e-16 1.19699939e-16 1.46924782e-16 1.93211748e-16
 1.97202796e-16 2.59465969e-16 2.69453385e-16 2.84670628e-16
 3.23094553e-16 3.67164031e-16 3.75146305e-16 3.80683540e-16
 4.26912652e-16 4.44829032e-16 5.06665228e-16 5.09324580e-16
 5.90638127e-16 6.00791475e-16 6.63496592e-16 6.79712898e-16
 7.15891671e-16 8.04228965e-16 8.20882277e-16 9.70898461e-16
 1.08923003e-15 1.15969203e-15 1.50005864e-15 1.62485551e-15
 2.11994166e-15 3.09952755e-15 6.22453151e-09 3.28826156e-08
 8.11936214e-08 3.47475771e-07 6.20799087e-07 2.72516095e-06
 4.77197130e-06 1.13848146e-05 2.36800774e-05 6.00016961e-05
 8.44423862e-05 1.44757258e-04 2.74772378e-04 6.40152697e-04
 1.33930817e-03 5.86817048e-03 1.48393919e-02 9.82197527e-01
 1.97073510e+00 1.98281883e+00 1.99019039e+00 1.99714482e+00
 1.99759606e+00 1.99955849e+00 1.99966360e+00 1.99991093e+00
 1.99994339e+00 1.99997779e+00 1.99998748e+00 1.99999056e+00
 1.99999451e+00 1.99999694e+00 1.99999820e+00 1.99999887e+00
 1.99999949e+00 1.99999966e+00 1.99999973e+00 1.99999994e+00
 1.99999996e+00 1.99999996e+00 1.99999998e+00 1.99999999e+00
 1.99999999e+00 2.00000000e+00 2.00000000e+00 2.00000000e+00
 2.00000000e+00 2.00000000e+00 2.00000000e+00 2.00000000e+00
 2.00000000e+00 2.00000000e+00 2.00000000e+00 2.00000000e+00
 2.00000000e+00 2.00000000e+00 2.00000000e+00 2.00000000e+00
 2.00000000e+00 2.00000000e+00 2.00000000e+00 2.00000000e+00
 2.00000000e+00 2.00000000e+00 2.00000000e+00 2.00000000e+00
 2.00000000e+00 2.00000000e+00 2.00000000e+00 2.00000000e+00
 2.00000000e+00]

	SCF Occupancy Eigenvalues for Fragment Number : # 3
	[1.55090648e-15 1.26835843e-15 1.19243904e-15 1.14583272e-15
 1.13571507e-15 1.11796616e-15 9.98428486e-16 9.95075322e-16
 9.37938148e-16 9.13331038e-16 8.73248859e-16 8.41992496e-16
 8.00395897e-16 7.41702277e-16 7.39724836e-16 6.80814761e-16
 6.40612096e-16 5.93200752e-16 5.37205806e-16 5.20852952e-16
 4.91362848e-16 4.89713908e-16 4.54272111e-16 4.51580677e-16
 4.41257743e-16 3.76968317e-16 3.47007756e-16 3.06296541e-16
 2.98643064e-16 2.97938757e-16 2.61744662e-16 2.55536598e-16
 2.20612820e-16 1.70948516e-16 1.63161990e-16 1.55229021e-16
 1.51976182e-16 1.34726945e-16 1.34528739e-16 1.25500792e-16
 1.23726678e-16 1.22766799e-16 9.86381223e-17 9.13090131e-17
 7.90596581e-17 7.59637083e-17 5.13494357e-17 3.80281506e-17
 2.26589111e-17 1.93859385e-17 1.79881062e-17 1.37766045e-17
 1.04417588e-17 7.78573835e-18 6.44135249e-18 5.82878568e-18
 3.18570887e-18 1.53336572e-18 6.39193199e-19 4.02032218e-19
 1.62861013e-18 2.51924537e-18 4.86044066e-18 5.11832303e-18
 6.02304133e-18 7.15090994e-18 1.08857412e-17 1.10089703e-17
 1.46442588e-17 1.68207032e-17 2.41182918e-17 2.60045584e-17
 3.24581174e-17 6.27475794e-17 7.50536696e-17 1.01013761e-16
 1.06295803e-16 1.17293583e-16 1.26634814e-16 1.28790947e-16
 1.68778447e-16 1.90654578e-16 1.97682718e-16 2.02279675e-16
 2.43199593e-16 2.55739399e-16 2.83512079e-16 3.03547347e-16
 3.22172618e-16 3.29058695e-16 3.33341458e-16 3.82562453e-16
 4.33780981e-16 4.78518008e-16 5.04671449e-16 5.08010056e-16
 5.26925577e-16 5.47006802e-16 5.51482173e-16 6.28786329e-16
 6.45156909e-16 7.14908878e-16 7.34997165e-16 7.73487184e-16
 8.37396389e-16 8.65814903e-16 8.66901424e-16 9.96696767e-16
 1.03093913e-15 1.08653597e-15 1.17777975e-15 1.27927200e-15
 1.38312925e-15 1.42260554e-15 1.44652254e-15 1.52196613e-15
 1.54036496e-15 1.65742616e-15 1.89922682e-15 2.00779519e-15
 2.28852133e-05 1.35637134e-02 2.92923923e-02 1.01728606e+00
 1.04085123e+00 1.97209880e+00 1.99055220e+00 1.99735801e+00
 1.99894702e+00 1.99943590e+00 1.99960179e+00 1.99984441e+00
 1.99994093e+00 2.00000000e+00 2.00000000e+00 2.00000000e+00
 2.00000000e+00 2.00000000e+00 2.00000000e+00 2.00000000e+00
 2.00000000e+00 2.00000000e+00 2.00000000e+00 2.00000000e+00
 2.00000000e+00 2.00000000e+00 2.00000000e+00 2.00000000e+00
 2.00000000e+00 2.00000000e+00 2.00000000e+00 2.00000000e+00
 2.00000000e+00 2.00000000e+00 2.00000000e+00 2.00000000e+00
 2.00000000e+00 2.00000000e+00 2.00000000e+00 2.00000000e+00
 2.00000000e+00 2.00000000e+00 2.00000000e+00 2.00000000e+00
 2.00000000e+00 2.00000000e+00 2.00000000e+00 2.00000000e+00
 2.00000000e+00 2.00000000e+00 2.00000000e+00 2.00000000e+00
 2.00000000e+00 2.00000000e+00 2.00000000e+00 2.00000000e+00
 2.00000000e+00 2.00000000e+00 2.00000000e+00 2.00000000e+00
 2.00000000e+00 2.00000000e+00 2.00000000e+00 2.00000000e+00
 2.00000000e+00 2.00000000e+00 2.00000000e+00 2.00000000e+00
 2.00000000e+00 2.00000000e+00 2.00000000e+00]

	SCF Occupancy Eigenvalues for Fragment Number : # 4
	[1.58799016e-15 1.03460980e-15 9.49776350e-16 9.46704910e-16
 8.60621786e-16 8.39200593e-16 7.42190234e-16 7.12238836e-16
 6.44654504e-16 6.25330582e-16 5.70612816e-16 5.66797040e-16
 5.49167667e-16 5.18050236e-16 4.57073184e-16 4.38475321e-16
 4.02492600e-16 3.63763334e-16 3.41458311e-16 3.28579373e-16
 2.81496011e-16 2.65548993e-16 2.58148537e-16 2.55042672e-16
 2.52099823e-16 2.00264641e-16 1.79069373e-16 1.70305162e-16
 1.66040660e-16 1.56122809e-16 1.44505943e-16 1.22447971e-16
 1.16270259e-16 8.39744853e-17 7.88500668e-17 6.75404440e-17
 5.42119481e-17 5.12345860e-17 4.81504231e-17 4.16675290e-17
 3.08174707e-17 2.19788646e-17 1.53569887e-17 8.27081005e-18
 8.24836233e-19 7.02645563e-18 7.40745865e-18 1.70014084e-17
 2.56430930e-17 3.40995740e-17 3.75447608e-17 4.87459972e-17
 6.89160998e-17 8.18098127e-17 8.32956331e-17 8.35822547e-17
 9.80503347e-17 1.18259579e-16 1.67835533e-16 1.95055561e-16
 1.99289693e-16 1.99426155e-16 2.04596804e-16 2.66661288e-16
 2.80010167e-16 2.87339875e-16 3.00250650e-16 3.24352220e-16
 3.27573044e-16 4.09473685e-16 4.12202972e-16 4.17518836e-16
 4.54803895e-16 6.07686680e-16 6.84263437e-16 6.92346879e-16
 7.53383322e-16 8.41149035e-16 8.70117492e-16 1.28497651e-15
 1.29651876e-15 1.50913549e-15 2.35388348e-08 8.94053626e-08
 1.91010117e-07 5.77277282e-07 1.23739535e-06 3.99547636e-06
 6.40494678e-06 1.03809941e-05 2.50682657e-05 6.34770369e-05
 8.70409958e-05 1.84373446e-04 2.55517353e-04 7.85810442e-04
 1.84006044e-03 6.13815082e-03 1.19093024e-02 9.73080785e-01
 1.97884176e+00 1.98167240e+00 1.99071399e+00 1.99696047e+00
 1.99787210e+00 1.99915855e+00 1.99948680e+00 1.99972400e+00
 1.99991281e+00 1.99994224e+00 1.99997046e+00 1.99998241e+00
 1.99999381e+00 1.99999648e+00 1.99999759e+00 1.99999835e+00
 1.99999928e+00 1.99999963e+00 1.99999965e+00 1.99999980e+00
 1.99999987e+00 1.99999992e+00 1.99999997e+00 1.99999998e+00
 1.99999998e+00 1.99999999e+00 1.99999999e+00 2.00000000e+00
 2.00000000e+00 2.00000000e+00 2.00000000e+00 2.00000000e+00
 2.00000000e+00 2.00000000e+00 2.00000000e+00 2.00000000e+00
 2.00000000e+00 2.00000000e+00 2.00000000e+00 2.00000000e+00
 2.00000000e+00 2.00000000e+00 2.00000000e+00 2.00000000e+00
 2.00000000e+00 2.00000000e+00 2.00000000e+00 2.00000000e+00
 2.00000000e+00 2.00000000e+00 2.00000000e+00 2.00000000e+00
 2.00000000e+00]

	SCF Occupancy Eigenvalues for Fragment Number : # 5
