
=== Relaxed scan: N–C distance = 0.70 Å ===
geometric-optimize called with the following command line:
run_dmet_sqd_relaxed_scan.py

                                        [91m())))))))))))))))/[0m                     
                                    [91m())))))))))))))))))))))))),[0m                
                                [91m*)))))))))))))))))))))))))))))))))[0m             
                        [94m#,[0m    [91m()))))))))/[0m                [91m.)))))))))),[0m          
                      [94m#%%%%,[0m  [91m())))))[0m                        [91m.))))))))*[0m        
                      [94m*%%%%%%,[0m  [91m))[0m              [93m..[0m              [91m,))))))).[0m      
                        [94m*%%%%%%,[0m         [93m***************/.[0m        [91m.)))))))[0m     
                [94m#%%/[0m      [94m(%%%%%%,[0m    [93m/*********************.[0m       [91m)))))))[0m    
              [94m.%%%%%%#[0m      [94m*%%%%%%,[0m  [93m*******/,[0m     [93m**********,[0m      [91m.))))))[0m   
                [94m.%%%%%%/[0m      [94m*%%%%%%,[0m  [93m**[0m              [93m********[0m      [91m.))))))[0m  
          [94m##[0m      [94m.%%%%%%/[0m      [94m(%%%%%%,[0m                  [93m,******[0m      [91m/)))))[0m  
        [94m%%%%%%[0m      [94m.%%%%%%#[0m      [94m*%%%%%%,[0m    [92m,/////.[0m       [93m******[0m      [91m))))))[0m 
      [94m#%[0m      [94m%%[0m      [94m.%%%%%%/[0m      [94m*%%%%%%,[0m  [92m////////,[0m      [93m*****/[0m     [91m,)))))[0m 
    [94m#%%[0m  [94m%%%[0m  [94m%%%#[0m      [94m.%%%%%%/[0m      [94m(%%%%%%,[0m  [92m///////.[0m     [93m/*****[0m      [91m))))).[0m
  [94m#%%%%.[0m      [94m%%%%%#[0m      [94m/%%%%%%*[0m      [94m#%%%%%%[0m   [92m/////)[0m     [93m******[0m      [91m))))),[0m
    [94m#%%%%##%[0m  [94m%%%#[0m      [94m.%%%%%%/[0m      [94m(%%%%%%,[0m  [92m///////.[0m     [93m/*****[0m      [91m))))).[0m
      [94m##[0m     [94m%%%[0m      [94m.%%%%%%/[0m      [94m*%%%%%%,[0m  [92m////////.[0m      [93m*****/[0m     [91m,)))))[0m 
        [94m#%%%%#[0m      [94m/%%%%%%/[0m      [94m(%%%%%%[0m      [92m/)/)//[0m       [93m******[0m      [91m))))))[0m 
          [94m##[0m      [94m.%%%%%%/[0m      [94m(%%%%%%,[0m                  [93m*******[0m      [91m))))))[0m  
                [94m.%%%%%%/[0m      [94m*%%%%%%,[0m  [93m**.[0m             [93m/*******[0m      [91m.))))))[0m  
              [94m*%%%%%%/[0m      [94m(%%%%%%[0m   [93m********/*..,*/*********[0m       [91m*))))))[0m   
                [94m#%%/[0m      [94m(%%%%%%,[0m    [93m*********************/[0m        [91m)))))))[0m    
                        [94m*%%%%%%,[0m         [93m,**************/[0m         [91m,))))))/[0m     
                      [94m(%%%%%%[0m   [91m()[0m                              [91m))))))))[0m       
                      [94m#%%%%,[0m  [91m())))))[0m                        [91m,)))))))),[0m        
                        [94m#,[0m    [91m())))))))))[0m                [91m,)))))))))).[0m          
                                 [91m()))))))))))))))))))))))))))))))/[0m             
                                    [91m())))))))))))))))))))))))).[0m                
                                         [91m())))))))))))))),[0m                     

-=# [1;94m geomeTRIC started. Version: 1.1 [0m #=-
Current date and time: 2026-03-17 15:53:21
#========================================================#
#| [92m    Arguments passed to driver run_optimizer():     [0m |#
#========================================================#
constraints               /tmp/tmpuqwhd4mo/constraints.txt 
customengine              <pyscf.geomopt.geometric_solver.PySCFEngine object at 0x7f357201ee10> 
input                     /tmp/tmpodqjxfn1/d5446798-0160-41a0-8737-9eee35c4a573 
logIni                    /home/bhabani/miniconda3/lib/python3.12/site-packages/pyscf/geomopt/log.ini 
maxiter                   100 
----------------------------------------------------------
Custom engine selected.
$set
distance 5 30 0.70000000
Bonds will be generated from interatomic distances less than 1.20 times sum of covalent radii
96 internal coordinates being used (instead of 96 Cartesians)
Internal coordinate system (atoms numbered from 1):
Distance 5-30
Distance 1-2
Distance 1-5
Distance 1-19
Distance 2-3
Distance 2-6
Distance 3-4
Distance 3-7
Distance 4-5
Distance 4-8
Distance 8-9
Distance 8-10
Distance 8-11
Distance 11-12
Distance 11-13
Distance 12-14
Distance 12-18
Distance 13-15
Distance 13-16
Distance 15-17
Distance 15-18
Distance 19-20
Distance 19-21
Distance 19-22
Distance 22-23
Distance 22-24
Distance 23-25
Distance 23-26
Distance 24-27
Distance 24-29
Distance 25-28
Distance 25-29
Distance 30-31
Distance 30-32
Angle 2-1-19
Angle 5-1-19
Angle 1-2-6
Angle 3-2-6
Angle 2-3-7
Angle 4-3-7
Angle 3-4-8
Angle 5-4-8
Angle 1-5-30
Angle 4-5-30
Angle 4-8-9
Angle 4-8-10
Angle 4-8-11
Angle 9-8-10
Angle 9-8-11
Angle 10-8-11
Angle 8-11-13
Angle 12-11-13
Angle 11-12-18
Angle 14-12-18
Angle 11-13-16
Angle 15-13-16
Angle 13-15-18
Angle 17-15-18
Angle 12-18-15
Angle 1-19-20
Angle 1-19-21
Angle 1-19-22
Angle 20-19-21
Angle 20-19-22
Angle 21-19-22
Angle 19-22-24
Angle 23-22-24
Angle 22-23-26
Angle 25-23-26
Angle 22-24-29
Angle 27-24-29
Angle 23-25-29
Angle 28-25-29
Angle 24-29-25
Angle 5-30-32
Angle 31-30-32
Out-of-Plane 1-2-5-19
Out-of-Plane 2-1-3-6
Out-of-Plane 3-2-4-7
Out-of-Plane 4-3-5-8
Out-of-Plane 5-1-4-30
Out-of-Plane 11-8-12-13
Out-of-Plane 12-11-14-18
Out-of-Plane 13-11-15-16
Out-of-Plane 15-13-17-18
Out-of-Plane 22-19-23-24
Out-of-Plane 23-22-25-26
Out-of-Plane 24-22-27-29
Out-of-Plane 25-23-28-29
Out-of-Plane 30-5-31-32
Dihedral 5-1-2-3
Dihedral 5-1-2-6
Dihedral 19-1-2-3
Dihedral 19-1-2-6
Dihedral 2-1-5-4
Dihedral 2-1-5-30
Dihedral 19-1-5-4
Dihedral 19-1-5-30
Dihedral 2-1-19-20
Dihedral 2-1-19-21
Dihedral 2-1-19-22
Dihedral 5-1-19-20
Dihedral 5-1-19-21
Dihedral 5-1-19-22
Dihedral 1-2-3-4
Dihedral 1-2-3-7
Dihedral 6-2-3-4
Dihedral 6-2-3-7
Dihedral 2-3-4-5
Dihedral 2-3-4-8
Dihedral 7-3-4-5
Dihedral 7-3-4-8
Dihedral 3-4-5-1
Dihedral 3-4-5-30
Dihedral 8-4-5-1
Dihedral 8-4-5-30
Dihedral 3-4-8-9
Dihedral 3-4-8-10
Dihedral 3-4-8-11
Dihedral 5-4-8-9
Dihedral 5-4-8-10
Dihedral 5-4-8-11
Dihedral 1-5-30-31
Dihedral 1-5-30-32
Dihedral 4-5-30-31
Dihedral 4-5-30-32
Dihedral 4-8-11-12
Dihedral 4-8-11-13
Dihedral 9-8-11-12
Dihedral 9-8-11-13
Dihedral 10-8-11-12
Dihedral 10-8-11-13
Dihedral 8-11-12-14
Dihedral 8-11-12-18
Dihedral 13-11-12-14
Dihedral 13-11-12-18
Dihedral 8-11-13-15
Dihedral 8-11-13-16
Dihedral 12-11-13-15
Dihedral 12-11-13-16
Dihedral 11-12-18-15
Dihedral 14-12-18-15
Dihedral 11-13-15-17
Dihedral 11-13-15-18
Dihedral 16-13-15-17
Dihedral 16-13-15-18
Dihedral 13-15-18-12
Dihedral 17-15-18-12
Dihedral 1-19-22-23
Dihedral 1-19-22-24
Dihedral 20-19-22-23
Dihedral 20-19-22-24
Dihedral 21-19-22-23
Dihedral 21-19-22-24
Dihedral 19-22-23-25
Dihedral 19-22-23-26
Dihedral 24-22-23-25
Dihedral 24-22-23-26
Dihedral 19-22-24-27
Dihedral 19-22-24-29
Dihedral 23-22-24-27
Dihedral 23-22-24-29
Dihedral 22-23-25-28
Dihedral 22-23-25-29
Dihedral 26-23-25-28
Dihedral 26-23-25-29
Dihedral 22-24-29-25
Dihedral 27-24-29-25
Dihedral 23-25-29-24
Dihedral 28-25-29-24
Translation-X 1-32
Translation-Y 1-32
Translation-Z 1-32
Rotation-A 1-32
Rotation-B 1-32
Rotation-C 1-32
<class 'geometric.internal.Distance'> : 34
<class 'geometric.internal.Angle'> : 42
<class 'geometric.internal.OutOfPlane'> : 14
<class 'geometric.internal.Dihedral'> : 80
<class 'geometric.internal.TranslationX'> : 1
<class 'geometric.internal.TranslationY'> : 1
<class 'geometric.internal.TranslationZ'> : 1
<class 'geometric.internal.RotationA'> : 1
<class 'geometric.internal.RotationB'> : 1
<class 'geometric.internal.RotationC'> : 1
Constraint                         Current      Target       Diff.
Distance 5-30                      0.70000     0.70000    -0.00000
> ===== Optimization Info: ====
> Job type: Energy minimization
> Maximum number of optimization cycles: 100
> Initial / maximum trust radius (Angstrom): 0.100 / 0.300
> Convergence Criteria:
> Will converge when all 5 criteria are reached:
>  |Delta-E| < 1.00e-06
>  RMS-Ortho-Grad < 3.00e-04
>  Max-Ortho-Grad < 4.50e-04
>  RMS-Disp  < 1.20e-03
>  Max-Disp  < 1.80e-03
> 
> Constraints are requested. The following criterion is added:
>  Max Constraint Violation (in Angstroms/degrees) < 1.00e-02 
> === End Optimization Info ===
WARN: Mole.unit (Angstrom) is changed to Bohr
Step    0 : Gradient = 1.012e-01/3.774e-01 (rms/max) Energy = -913.8907753656
Hessian Eigenvalues: 2.30000e-02 2.30000e-02 2.30000e-02 ... 7.43764e-01 7.89298e-01 1.28928e+02
Step    1 : Displace = [0m1.003e-01[0m/[0m3.475e-01[0m (rms/max) Trust = 1.000e-01 (=) Grad_T = [0m5.225e-02[0m/[0m1.617e-01[0m (rms/max) E (change) = -913.9837534994 ([0m-9.298e-02[0m) Quality = [0m0.735[0m
Hessian Eigenvalues: 2.28311e-02 2.30000e-02 2.30000e-02 ... 7.53905e-01 1.24482e+00 1.29270e+02
Step    2 : Displace = [92m4.077e-04[0m/[92m1.093e-03[0m (rms/max) Trust = 1.000e-01 (=) Grad_T = [0m5.208e-02[0m/[0m1.611e-01[0m (rms/max) E (change) = -913.9840511890 ([0m-2.977e-04[0m) Quality = [0m0.999[0m
Hessian Eigenvalues: 2.25089e-02 2.30000e-02 2.30000e-02 ... 8.54002e-01 1.58773e+00 1.28836e+02
Step    3 : Displace = [0m1.363e-01[0m/[0m3.268e-01[0m (rms/max) Trust = 1.414e-01 ([92m+[0m) Grad_T = [0m2.407e-02[0m/[0m7.568e-02[0m (rms/max) E (change) = -914.0277207539 ([0m-4.367e-02[0m) Quality = [0m0.846[0m
Hessian Eigenvalues: 2.28233e-02 2.30000e-02 2.30000e-02 ... 7.34003e-01 1.38602e+00 1.29130e+02
Step    4 : Displace = [92m4.818e-04[0m/[92m1.623e-03[0m (rms/max) Trust = 2.000e-01 ([92m+[0m) Grad_T = [0m2.398e-02[0m/[0m7.528e-02[0m (rms/max) E (change) = -914.0278925197 ([0m-1.718e-04[0m) Quality = [0m0.998[0m
Hessian Eigenvalues: 2.28972e-02 2.30000e-02 2.30000e-02 ... 9.03430e-01 1.93004e+00 1.28489e+02
Step    5 : Displace = [0m2.869e-01[0m/[0m6.501e-01[0m (rms/max) Trust = 2.828e-01 ([92m+[0m) Grad_T = [0m1.506e-02[0m/[0m4.498e-02[0m (rms/max) E (change) = -914.0348197602 ([0m-6.927e-03[0m) Quality = [0m0.195[0m
Hessian Eigenvalues: 1.54141e-02 2.30000e-02 2.30000e-02 ... 8.87388e-01 1.87473e+00 1.28548e+02
Step    6 : Displace = [0m1.392e-01[0m/[0m3.446e-01[0m (rms/max) Trust = 1.414e-01 ([91m-[0m) Grad_T = [0m1.004e-02[0m/[0m3.001e-02[0m (rms/max) E (change) = -914.0529030423 ([0m-1.808e-02[0m) Quality = [0m0.707[0m
Hessian Eigenvalues: 1.56366e-02 2.27003e-02 2.30000e-02 ... 1.75033e+00 1.95312e+00 1.28541e+02
Step    7 : Displace = [0m1.471e-01[0m/[0m2.799e-01[0m (rms/max) Trust = 1.414e-01 (=) Grad_T = [0m8.464e-03[0m/[0m2.453e-02[0m (rms/max) E (change) = -914.0631375167 ([0m-1.023e-02[0m) Quality = [0m0.618[0m
Hessian Eigenvalues: 1.57942e-02 2.29333e-02 2.30000e-02 ... 1.84399e+00 1.94995e+00 1.28542e+02
Step    8 : Displace = [0m1.431e-01[0m/[0m3.199e-01[0m (rms/max) Trust = 1.414e-01 (=) Grad_T = [0m6.331e-03[0m/[0m1.493e-02[0m (rms/max) E (change) = -914.0690085709 ([0m-5.871e-03[0m) Quality = [0m0.703[0m
Hessian Eigenvalues: 1.51964e-02 2.16160e-02 2.30000e-02 ... 1.78968e+00 1.90926e+00 1.28559e+02
Step    9 : Displace = [0m1.443e-01[0m/[0m2.796e-01[0m (rms/max) Trust = 1.414e-01 (=) Grad_T = [0m6.823e-03[0m/[0m1.690e-02[0m (rms/max) E (change) = -914.0688159144 ([91m+1.927e-04[0m) Quality = [91m-0.032[0m
Hessian Eigenvalues: 1.71727e-02 1.86279e-02 2.30000e-02 ... 1.84770e+00 1.90936e+00 1.28546e+02
Step   10 : Displace = [0m6.787e-02[0m/[0m1.440e-01[0m (rms/max) Trust = 7.071e-02 ([91m-[0m) Grad_T = [0m4.695e-03[0m/[0m1.391e-02[0m (rms/max) E (change) = -914.0718322295 ([0m-3.016e-03[0m) Quality = [0m0.998[0m
Hessian Eigenvalues: 1.71679e-02 1.87359e-02 2.29849e-02 ... 1.61736e+00 1.93380e+00 1.28519e+02
Step   11 : Displace = [0m1.018e-01[0m/[0m1.976e-01[0m (rms/max) Trust = 1.000e-01 ([92m+[0m) Grad_T = [0m5.975e-03[0m/[0m1.458e-02[0m (rms/max) E (change) = -914.0731113736 ([0m-1.279e-03[0m) Quality = [0m0.358[0m
Hessian Eigenvalues: 1.36789e-02 1.87917e-02 2.24186e-02 ... 1.63153e+00 1.94817e+00 1.28542e+02
Step   12 : Displace = [0m6.275e-02[0m/[0m1.192e-01[0m (rms/max) Trust = 1.000e-01 (=) Grad_T = [0m3.753e-03[0m/[0m6.608e-03[0m (rms/max) E (change) = -914.0750177376 ([0m-1.906e-03[0m) Quality = [0m0.766[0m
Hessian Eigenvalues: 1.19997e-02 1.88294e-02 2.25291e-02 ... 1.63288e+00 1.97861e+00 1.28490e+02
Step   13 : Displace = [0m6.663e-02[0m/[0m1.353e-01[0m (rms/max) Trust = 1.414e-01 ([92m+[0m) Grad_T = [0m5.879e-03[0m/[0m2.020e-02[0m (rms/max) E (change) = -914.0747670509 ([91m+2.507e-04[0m) Quality = [91m-0.182[0m
Hessian Eigenvalues: 1.11250e-02 1.89529e-02 2.19236e-02 ... 1.67820e+00 1.96112e+00 1.28492e+02
Step   14 : Displace = [0m2.969e-02[0m/[0m7.997e-02[0m (rms/max) Trust = 3.332e-02 ([91m-[0m) Grad_T = [0m2.149e-03[0m/[0m4.758e-03[0m (rms/max) E (change) = -914.0757579052 ([0m-9.909e-04[0m) Quality = [0m0.778[0m
Hessian Eigenvalues: 1.08588e-02 1.92783e-02 2.22610e-02 ... 1.69700e+00 1.95288e+00 1.28476e+02
Step   15 : Displace = [0m4.219e-02[0m/[0m9.431e-02[0m (rms/max) Trust = 4.712e-02 ([92m+[0m) Grad_T = [0m1.986e-03[0m/[0m5.343e-03[0m (rms/max) E (change) = -914.0758286729 ([0m-7.077e-05[0m) Quality = [0m0.143[0m
Hessian Eigenvalues: 9.80033e-03 1.94418e-02 2.22976e-02 ... 1.69104e+00 1.95311e+00 1.28469e+02
Step   16 : Displace = [0m2.252e-02[0m/[0m5.469e-02[0m (rms/max) Trust = 2.110e-02 ([91m-[0m) Grad_T = [0m6.529e-03[0m/[0m1.774e-02[0m (rms/max) E (change) = -914.0743385316 ([0m+1.490e-03[0m) Quality = [0m1.002[0m
Hessian Eigenvalues: 9.80088e-03 1.94412e-02 2.22969e-02 ... 1.69343e+00 1.95741e+00 1.28379e+02
Step   17 : Displace = [92m5.423e-04[0m/[92m1.283e-03[0m (rms/max) Trust = 2.983e-02 ([92m+[0m) Grad_T = [0m6.403e-03[0m/[0m1.732e-02[0m (rms/max) E (change) = -914.0744049510 ([0m-6.642e-05[0m) Quality = [0m1.000[0m
Hessian Eigenvalues: 9.80102e-03 1.94414e-02 2.22974e-02 ... 1.72062e+00 1.96926e+00 1.28358e+02
Step   18 : Displace = [92m4.460e-04[0m/[92m1.061e-03[0m (rms/max) Trust = 4.219e-02 ([92m+[0m) Grad_T = [0m6.299e-03[0m/[0m1.698e-02[0m (rms/max) E (change) = -914.0744565929 ([0m-5.164e-05[0m) Quality = [0m1.000[0m
Hessian Eigenvalues: 9.80092e-03 1.94413e-02 2.22974e-02 ... 1.72259e+00 1.97280e+00 1.28368e+02
Step   19 : Displace = [0m5.931e-02[0m/[0m1.658e-01[0m (rms/max) Trust = 5.967e-02 ([92m+[0m) Grad_T = [0m1.815e-03[0m/[0m5.349e-03[0m (rms/max) E (change) = -914.0759763298 ([0m-1.520e-03[0m) Quality = [0m0.845[0m
Hessian Eigenvalues: 9.75799e-03 1.94222e-02 2.22567e-02 ... 1.72163e+00 1.97637e+00 1.28367e+02
Step   20 : Displace = [0m4.480e-02[0m/[0m9.530e-02[0m (rms/max) Trust = 8.438e-02 ([92m+[0m) Grad_T = [0m3.020e-03[0m/[0m7.911e-03[0m (rms/max) E (change) = -914.0754467250 ([91m+5.296e-04[0m) Quality = [91m-1.056[0m
[93mRejecting step - quality is lower than -1.0[0m
Hessian Eigenvalues: 9.75799e-03 1.94222e-02 2.22567e-02 ... 1.72163e+00 1.97637e+00 1.28367e+02
Step   21 : Displace = [92m9.963e-04[0m/[0m2.379e-03[0m (rms/max) Trust = 2.240e-02 ([1;91mx[0m) Grad_T = [0m1.751e-03[0m/[0m5.234e-03[0m (rms/max) E (change) = -914.0759543194 ([0m+2.201e-05[0m) Quality = [0m1.021[0m
Hessian Eigenvalues: 9.75673e-03 1.94257e-02 2.23055e-02 ... 1.80339e+00 2.19968e+00 1.27836e+02
Step   22 : Displace = [0m1.748e-02[0m/[0m5.094e-02[0m (rms/max) Trust = 3.168e-02 ([92m+[0m) Grad_T = [0m1.314e-03[0m/[0m3.814e-03[0m (rms/max) E (change) = -914.0760880085 ([0m-1.337e-04[0m) Quality = [0m0.578[0m
Hessian Eigenvalues: 9.58571e-03 1.94848e-02 2.19350e-02 ... 1.79895e+00 1.98659e+00 1.27790e+02
Step   23 : Displace = [0m1.509e-02[0m/[0m2.905e-02[0m (rms/max) Trust = 3.168e-02 (=) Grad_T = [0m1.060e-03[0m/[0m2.293e-03[0m (rms/max) E (change) = -914.0760950019 ([0m-6.993e-06[0m) Quality = [0m0.067[0m
Hessian Eigenvalues: 9.38554e-03 1.94479e-02 2.21619e-02 ... 1.79901e+00 2.16031e+00 1.27801e+02
Step   24 : Displace = [0m7.725e-03[0m/[0m2.849e-02[0m (rms/max) Trust = 7.546e-03 ([91m-[0m) Grad_T = [0m2.410e-03[0m/[0m6.209e-03[0m (rms/max) E (change) = -914.0759007419 ([0m+1.943e-04[0m) Quality = [0m1.000[0m
Hessian Eigenvalues: 9.38425e-03 1.94464e-02 2.21619e-02 ... 1.65464e+00 2.29381e+00 1.27398e+02
Step   25 : Displace = [92m1.002e-03[0m/[0m3.387e-03[0m (rms/max) Trust = 1.067e-02 ([92m+[0m) Grad_T = [0m2.203e-03[0m/[0m5.665e-03[0m (rms/max) E (change) = -914.0759470183 ([0m-4.628e-05[0m) Quality = [0m0.999[0m
Hessian Eigenvalues: 9.38433e-03 1.94464e-02 2.21619e-02 ... 1.67469e+00 2.25143e+00 1.27367e+02
Step   26 : Displace = [0m1.201e-02[0m/[0m2.420e-02[0m (rms/max) Trust = 1.509e-02 ([92m+[0m) Grad_T = [0m3.592e-04[0m/[0m1.093e-03[0m (rms/max) E (change) = -914.0761689014 ([0m-2.219e-04[0m) Quality = [0m0.973[0m
Hessian Eigenvalues: 9.38113e-03 1.95223e-02 2.22020e-02 ... 1.67183e+00 2.23260e+00 1.27353e+02
Step   27 : Displace = [0m5.959e-03[0m/[0m1.520e-02[0m (rms/max) Trust = 2.134e-02 ([92m+[0m) Grad_T = [0m5.356e-04[0m/[0m9.751e-04[0m (rms/max) E (change) = -914.0761499331 ([91m+1.897e-05[0m) Quality = [91m-10.684[0m
[93mRejecting step - quality is lower than -1.0[0m
Hessian Eigenvalues: 9.38113e-03 1.95223e-02 2.22020e-02 ... 1.67183e+00 2.23260e+00 1.27353e+02
Step   28 : Displace = [0m2.876e-03[0m/[0m5.634e-03[0m (rms/max) Trust = 2.979e-03 ([1;91mx[0m) Grad_T = [0m3.252e-04[0m/[0m6.503e-04[0m (rms/max) E (change) = -914.0761597012 ([0m+9.200e-06[0m) Quality = [0m35.174[0m
Hessian Eigenvalues: 9.34043e-03 1.97765e-02 2.16996e-02 ... 1.65704e+00 2.26507e+00 1.27234e+02
Step   29 : Displace = [0m4.067e-03[0m/[0m9.063e-03[0m (rms/max) Trust = 4.214e-03 ([92m+[0m) Grad_T = [92m2.390e-04[0m/[0m4.719e-04[0m (rms/max) E (change) = -914.0761641431 ([0m-4.442e-06[0m) Quality = [0m0.646[0m
Hessian Eigenvalues: 8.99340e-03 1.97290e-02 1.97979e-02 ... 1.67038e+00 2.20283e+00 1.27253e+02
Step   30 : Displace = [0m1.926e-03[0m/[0m5.534e-03[0m (rms/max) Trust = 4.214e-03 (=) Grad_T = [92m1.900e-04[0m/[0m4.686e-04[0m (rms/max) E (change) = -914.0761622133 ([91m+1.930e-06[0m) Quality = [91m-5.651[0m
[93mRejecting step - quality is lower than -1.0[0m
Hessian Eigenvalues: 8.99340e-03 1.97290e-02 1.97979e-02 ... 1.67038e+00 2.20283e+00 1.27253e+02
Step   31 : Displace = [92m9.954e-04[0m/[0m2.190e-03[0m (rms/max) Trust = 9.632e-04 ([1;91mx[0m) Grad_T = [92m1.444e-04[0m/[92m3.491e-04[0m (rms/max) E (change) = -914.0761626159 ([0m+1.527e-06[0m) Quality = [0m1.351[0m
Hessian Eigenvalues: 9.00048e-03 1.97224e-02 1.97906e-02 ... 1.60755e+00 2.20186e+00 1.27251e+02
Step   32 : Displace = [0m1.340e-03[0m/[0m3.594e-03[0m (rms/max) Trust = 1.362e-03 ([92m+[0m) Grad_T = [92m1.262e-04[0m/[92m3.187e-04[0m (rms/max) E (change) = -914.0761630041 ([92m-3.882e-07[0m) Quality = [0m0.239[0m
Hessian Eigenvalues: 8.50366e-03 1.64008e-02 1.97813e-02 ... 1.61340e+00 2.20153e+00 1.27250e+02
Step   33 : Displace = [92m3.082e-04[0m/[92m6.592e-04[0m (rms/max) Trust = 6.700e-04 ([91m-[0m) Grad_T = [92m8.937e-05[0m/[92m2.527e-04[0m (rms/max) E (change) = -914.0761616507 ([0m+1.353e-06[0m) Quality = [0m1.007[0m
Hessian Eigenvalues: 8.50517e-03 1.64062e-02 1.97783e-02 ... 1.61756e+00 2.20211e+00 1.27260e+02
Step   34 : Displace = [92m1.500e-05[0m/[92m3.055e-05[0m (rms/max) Trust = 9.475e-04 ([92m+[0m) Grad_T = [92m8.769e-05[0m/[92m2.493e-04[0m (rms/max) E (change) = -914.0761616477 ([92m+3.081e-09[0m) Quality = [0m0.981[0m
Hessian Eigenvalues: 8.50517e-03 1.64062e-02 1.97783e-02 ... 1.61756e+00 2.20211e+00 1.27260e+02
Converged! =D

    #==========================================================================#
    #| If this code has benefited your research, please support us by citing: |#
    #|                                                                        |#
    #| Wang, L.-P.; Song, C.C. (2016) "Geometry optimization made simple with |#
    #| translation and rotation coordinates", J. Chem, Phys. 144, 214108.     |#
    #| http://dx.doi.org/10.1063/1.4952956                                    |#
    #==========================================================================#
    Time elapsed since start of run_optimizer: 516.960 seconds
WARN: ECP not specified. The basis set CRENBL include an ECP. Recommended ECP: CRENBL.
/home/bhabani/Kishore/Tangelo_2.0/tangelo/problem_decomposition/dmet/dmet_problem_decomposition.py:155: RuntimeWarning: The mean field will be recomputed even if one has been provided by the user.
  warnings.warn("The mean field will be recomputed even if one has been provided by the user.", RuntimeWarning)
 	Iteration =  1
 	----------------
 
	SCF Occupancy Eigenvalues for Fragment Number : # 0
	[2.10789886e-15 1.80098384e-15 1.54291773e-15 1.08304965e-15
 1.05200510e-15 1.03382134e-15 1.00483206e-15 9.85432820e-16
 8.83351877e-16 7.72717678e-16 7.35379044e-16 6.45926125e-16
 6.44887323e-16 5.40940086e-16 5.34705909e-16 4.31814724e-16
 4.31467794e-16 4.30097426e-16 3.48197298e-16 3.35361611e-16
 3.32636866e-16 3.23124664e-16 3.09723474e-16 2.54964292e-16
 2.54057872e-16 2.22661768e-16 1.75667697e-16 1.71553558e-16
 1.19804338e-16 1.17377282e-16 1.06889667e-16 8.30810852e-17
 6.60776569e-17 6.33079362e-17 4.53563853e-17 3.37034828e-17
 3.34626074e-17 2.71573153e-17 1.72643398e-17 1.65861451e-17
 6.19642209e-18 3.55525706e-18 2.36560551e-18 8.61659133e-19
 7.53019076e-19 1.34346067e-18 2.66908231e-18 3.32108067e-18
 4.20651741e-18 6.11143964e-18 9.36457036e-18 1.50514543e-17
 1.86477863e-17 2.24858252e-17 3.09227780e-17 4.38823519e-17
 4.64369332e-17 6.89075970e-17 1.02501865e-16 1.25092918e-16
 1.53947754e-16 2.03022215e-16 2.22044602e-16 2.33414983e-16
 3.01460961e-16 3.14184137e-16 3.40683286e-16 4.17097462e-16
 4.66487896e-16 5.10822828e-16 5.19189220e-16 5.71442441e-16
 6.50111441e-16 6.55642131e-16 6.63702228e-16 6.92436981e-16
 7.52092722e-16 7.56927109e-16 9.11775536e-16 9.23059609e-16
 1.20556880e-15 1.39833251e-15 1.39877780e-15 2.92262390e-15
 1.89682805e-06 2.66460270e-06 1.57482627e-05 3.14428262e-05
 4.89445509e-05 9.43566573e-05 2.10397006e-04 2.25724927e-04
 1.90669190e-03 2.66702401e-03 5.58424552e-03 7.35256508e-03
 1.92680737e-02 1.94369240e-01 6.75845070e-01 8.23127952e-01
 9.36768413e-01 9.54445582e-01 1.63765073e+00 1.96080943e+00
 1.97054349e+00 1.98264060e+00 1.99199955e+00 1.99427537e+00
 1.99658528e+00 1.99671679e+00 1.99695135e+00 1.99801485e+00
 1.99839545e+00 1.99867697e+00 1.99947452e+00 1.99966870e+00
 1.99991457e+00 1.99995888e+00 1.99997081e+00 1.99998013e+00
 1.99998664e+00 1.99999183e+00 1.99999508e+00 1.99999610e+00
 1.99999761e+00 1.99999783e+00 1.99999902e+00 1.99999952e+00
 1.99999961e+00 1.99999971e+00 1.99999983e+00 1.99999992e+00
 1.99999998e+00 2.00000000e+00 2.00000000e+00 2.00000000e+00
 2.00000000e+00 2.00000000e+00 2.00000000e+00 2.00000000e+00
 2.00000000e+00 2.00000000e+00 2.00000000e+00 2.00000000e+00
 2.00000000e+00 2.00000000e+00 2.00000000e+00 2.00000000e+00
 2.00000000e+00 2.00000000e+00 2.00000000e+00 2.00000000e+00
 2.00000000e+00 2.00000000e+00 2.00000000e+00]

	SCF Occupancy Eigenvalues for Fragment Number : # 1
	[1.70325476e-15 1.65718073e-15 1.46831790e-15 1.35528080e-15
 1.18490481e-15 1.13116632e-15 1.11893714e-15 9.81851096e-16
 9.67696111e-16 9.36269792e-16 9.12547488e-16 8.96759780e-16
 7.84277569e-16 7.17977170e-16 6.96816806e-16 6.88554216e-16
 6.12467808e-16 6.06587992e-16 5.52082494e-16 5.50384652e-16
 5.27209836e-16 5.02128043e-16 4.45278620e-16 4.18269739e-16
 4.18072877e-16 4.15542560e-16 4.07303492e-16 3.90610699e-16
 3.88760431e-16 3.82785613e-16 3.44061489e-16 3.25017430e-16
 3.20311554e-16 3.05781482e-16 2.64614723e-16 2.60102843e-16
 2.03657531e-16 1.88388150e-16 1.76092766e-16 1.25114944e-16
 1.24002311e-16 1.03216047e-16 9.83501684e-17 9.78146557e-17
 9.35351856e-17 8.07863339e-17 7.05920503e-17 6.20957910e-17
 6.02819988e-17 5.35124707e-17 4.94126092e-17 3.86715808e-17
 2.75594477e-17 2.70693957e-17 1.44304705e-17 1.19371526e-17
 1.12922453e-17 7.90709409e-18 5.98290912e-18 4.05207797e-18
 3.60833589e-18 2.22082514e-18 9.46408425e-19 2.35526843e-19
 1.92202590e-19 4.67403131e-19 1.25954381e-18 1.98466475e-18
 3.51777309e-18 4.74325656e-18 7.52016715e-18 8.59705939e-18
 1.80351948e-17 1.85764590e-17 2.28384925e-17 3.16817573e-17
 5.80079688e-17 6.76910872e-17 7.47819519e-17 8.96360194e-17
 1.18273450e-16 1.19401972e-16 1.36019458e-16 1.62305065e-16
 1.72070205e-16 1.83257208e-16 1.98965414e-16 2.10736199e-16
 2.30145051e-16 2.35101851e-16 3.18908410e-16 3.21883227e-16
 3.21888874e-16 3.32351145e-16 4.21760367e-16 4.58459770e-16
 4.72550351e-16 4.80684662e-16 4.84370352e-16 5.49787552e-16
 5.70932437e-16 6.45163290e-16 6.98542801e-16 8.34640515e-16
 8.70195786e-16 9.52053421e-16 9.85344980e-16 1.03387217e-15
 1.18135264e-15 1.20098649e-15 1.25451649e-15 1.31517424e-15
 1.37245919e-15 1.41924992e-15 1.44852589e-15 1.46490442e-15
 1.59154132e-15 2.08480924e-15 2.09341107e-15 2.31716584e-15
 2.31577176e-05 1.77533255e-02 2.92978422e-02 1.00685669e+00
 1.05918469e+00 1.96879505e+00 1.98752476e+00 1.99617855e+00
 1.99872474e+00 1.99926878e+00 1.99959911e+00 1.99986007e+00
 1.99995843e+00 2.00000000e+00 2.00000000e+00 2.00000000e+00
 2.00000000e+00 2.00000000e+00 2.00000000e+00 2.00000000e+00
 2.00000000e+00 2.00000000e+00 2.00000000e+00 2.00000000e+00
 2.00000000e+00 2.00000000e+00 2.00000000e+00 2.00000000e+00
 2.00000000e+00 2.00000000e+00 2.00000000e+00 2.00000000e+00
 2.00000000e+00 2.00000000e+00 2.00000000e+00 2.00000000e+00
 2.00000000e+00 2.00000000e+00 2.00000000e+00 2.00000000e+00
 2.00000000e+00 2.00000000e+00 2.00000000e+00 2.00000000e+00
 2.00000000e+00 2.00000000e+00 2.00000000e+00 2.00000000e+00
 2.00000000e+00 2.00000000e+00 2.00000000e+00 2.00000000e+00
 2.00000000e+00 2.00000000e+00 2.00000000e+00 2.00000000e+00
 2.00000000e+00 2.00000000e+00 2.00000000e+00 2.00000000e+00
 2.00000000e+00 2.00000000e+00 2.00000000e+00 2.00000000e+00
 2.00000000e+00 2.00000000e+00 2.00000000e+00 2.00000000e+00
 2.00000000e+00 2.00000000e+00 2.00000000e+00]

	SCF Occupancy Eigenvalues for Fragment Number : # 2
	[1.71764589e-15 1.17513742e-15 1.16345507e-15 9.89625951e-16
 8.50054049e-16 7.03240956e-16 6.28788613e-16 5.68043861e-16
 5.26951624e-16 4.93656545e-16 4.56674263e-16 4.38165968e-16
 4.07668748e-16 4.06766060e-16 3.78660357e-16 3.46120601e-16
 2.96144812e-16 2.80678842e-16 2.50855260e-16 2.44740485e-16
 2.20353098e-16 1.84505309e-16 1.54690105e-16 1.26017966e-16
 1.18022935e-16 1.07572372e-16 8.69685064e-17 7.34284093e-17
 6.81639231e-17 6.07741278e-17 2.98602820e-17 2.34525413e-17
 1.70910666e-17 1.61123622e-17 9.34367835e-18 8.34475697e-18
 6.55377124e-18 1.33043514e-18 3.28754703e-19 1.11217690e-18
 3.33287964e-18 1.07927432e-17 1.50679537e-17 1.82228511e-17
 2.30671295e-17 2.62513952e-17 3.09205875e-17 4.46272812e-17
 5.72591328e-17 6.93889390e-17 8.88524558e-17 9.23026019e-17
 1.04089217e-16 1.24352698e-16 1.51659040e-16 1.59082451e-16
 1.73323926e-16 2.01361234e-16 2.69322311e-16 2.70616862e-16
 2.77551781e-16 3.13803949e-16 3.75008486e-16 4.10406905e-16
 4.51263036e-16 5.28473404e-16 5.55722163e-16 5.59857183e-16
 5.68575735e-16 5.94227976e-16 7.06279193e-16 7.49380900e-16
 8.02596838e-16 8.75845086e-16 9.11577001e-16 9.34309131e-16
 1.09889864e-15 1.42067193e-15 1.43041550e-15 1.76068362e-15
 2.25693290e-15 2.44393914e-15 1.19921678e-08 5.47671844e-08
 1.14257243e-07 4.39591992e-07 5.63759176e-07 2.26248889e-06
 4.70362419e-06 1.16467428e-05 2.15800365e-05 5.81957430e-05
 9.20410623e-05 1.59754214e-04 2.88253530e-04 7.70455422e-04
 1.79210899e-03 5.98135133e-03 1.72899439e-02 9.93531224e-01
 1.94320795e+00 1.98384638e+00 1.99071161e+00 1.99398180e+00
 1.99731348e+00 1.99935685e+00 1.99972796e+00 1.99981217e+00
 1.99993254e+00 1.99996401e+00 1.99998401e+00 1.99999493e+00
 1.99999661e+00 1.99999748e+00 1.99999844e+00 1.99999893e+00
 1.99999937e+00 1.99999963e+00 1.99999968e+00 1.99999974e+00
 1.99999989e+00 1.99999998e+00 1.99999999e+00 1.99999999e+00
 2.00000000e+00 2.00000000e+00 2.00000000e+00 2.00000000e+00
 2.00000000e+00 2.00000000e+00 2.00000000e+00 2.00000000e+00
 2.00000000e+00 2.00000000e+00 2.00000000e+00 2.00000000e+00
 2.00000000e+00 2.00000000e+00 2.00000000e+00 2.00000000e+00
 2.00000000e+00 2.00000000e+00 2.00000000e+00 2.00000000e+00
 2.00000000e+00 2.00000000e+00 2.00000000e+00 2.00000000e+00
 2.00000000e+00 2.00000000e+00 2.00000000e+00 2.00000000e+00
 2.00000000e+00]

	SCF Occupancy Eigenvalues for Fragment Number : # 3
	[1.97935595e-15 1.71861897e-15 1.52486300e-15 1.44005933e-15
 1.42016205e-15 1.34244874e-15 1.26743204e-15 1.04647248e-15
 1.02691291e-15 8.73032909e-16 8.71959539e-16 8.54958090e-16
 8.20677267e-16 7.98387242e-16 7.33446538e-16 7.16796392e-16
 7.12464930e-16 6.91857463e-16 6.22649993e-16 5.50144406e-16
 5.14089495e-16 5.09758836e-16 5.02239613e-16 4.49619543e-16
 4.40695668e-16 4.20114998e-16 3.89392912e-16 3.71230824e-16
 3.13459705e-16 3.13147095e-16 2.84797837e-16 2.58004574e-16
 2.29699796e-16 2.09906430e-16 2.08493721e-16 2.06937461e-16
 1.90212254e-16 1.57268946e-16 1.39998853e-16 1.09718347e-16
 1.07502229e-16 7.56781748e-17 5.32589371e-17 4.87055454e-17
 4.86021057e-17 4.64871444e-17 2.92919158e-17 2.41882964e-17
 1.84590233e-17 1.33610774e-17 1.01668241e-17 9.30318718e-18
 9.19143225e-18 6.14814454e-18 5.19472347e-18 2.55525430e-18
 1.69801114e-18 8.53794775e-19 0.00000000e+00 9.84854341e-19
 3.24163722e-18 4.49488497e-18 5.81035985e-18 7.51894680e-18
 8.32911458e-18 1.51057900e-17 1.56869799e-17 1.89749148e-17
 2.23591086e-17 3.08193692e-17 3.41950403e-17 5.52440367e-17
 7.12110001e-17 8.48012540e-17 9.71446575e-17 1.12451843e-16
 1.14514190e-16 1.23971300e-16 1.42583724e-16 1.67132749e-16
 1.75415528e-16 1.87843787e-16 2.24504172e-16 2.41458612e-16
 2.48233328e-16 2.56592312e-16 2.71572251e-16 2.72092247e-16
 2.91625267e-16 3.01625583e-16 3.47566923e-16 3.70758873e-16
 3.72020587e-16 3.89730949e-16 4.39514072e-16 4.56648272e-16
 4.98221763e-16 5.74319040e-16 5.88962995e-16 6.29049936e-16
 6.37964757e-16 6.66805390e-16 6.70993733e-16 7.91915809e-16
 8.05488991e-16 8.19731787e-16 8.79038020e-16 8.99079046e-16
 9.26286611e-16 1.06507203e-15 1.06837969e-15 1.09850183e-15
 1.17922909e-15 1.27066723e-15 1.37179634e-15 1.58739064e-15
 1.64454993e-15 1.73949434e-15 1.77898036e-15 2.16519798e-15
 2.31502445e-05 1.77954147e-02 2.93705539e-02 1.00678212e+00
 1.05917426e+00 1.96884642e+00 1.98747774e+00 1.99618503e+00
 1.99872946e+00 1.99927378e+00 1.99960009e+00 1.99986049e+00
 1.99995864e+00 2.00000000e+00 2.00000000e+00 2.00000000e+00
 2.00000000e+00 2.00000000e+00 2.00000000e+00 2.00000000e+00
 2.00000000e+00 2.00000000e+00 2.00000000e+00 2.00000000e+00
 2.00000000e+00 2.00000000e+00 2.00000000e+00 2.00000000e+00
 2.00000000e+00 2.00000000e+00 2.00000000e+00 2.00000000e+00
 2.00000000e+00 2.00000000e+00 2.00000000e+00 2.00000000e+00
 2.00000000e+00 2.00000000e+00 2.00000000e+00 2.00000000e+00
 2.00000000e+00 2.00000000e+00 2.00000000e+00 2.00000000e+00
 2.00000000e+00 2.00000000e+00 2.00000000e+00 2.00000000e+00
 2.00000000e+00 2.00000000e+00 2.00000000e+00 2.00000000e+00
 2.00000000e+00 2.00000000e+00 2.00000000e+00 2.00000000e+00
 2.00000000e+00 2.00000000e+00 2.00000000e+00 2.00000000e+00
 2.00000000e+00 2.00000000e+00 2.00000000e+00 2.00000000e+00
 2.00000000e+00 2.00000000e+00 2.00000000e+00 2.00000000e+00
 2.00000000e+00 2.00000000e+00 2.00000000e+00]

	SCF Occupancy Eigenvalues for Fragment Number : # 4
	[1.34467008e-15 1.17469673e-15 9.61265365e-16 8.50881243e-16
 8.24797309e-16 7.05772715e-16 5.89615363e-16 5.53793097e-16
 5.40313073e-16 5.34691324e-16 4.68410668e-16 4.52275748e-16
 4.36927922e-16 4.25677635e-16 3.73046877e-16 3.47370789e-16
 3.21507491e-16 3.19086380e-16 3.17828049e-16 2.73440645e-16
 2.30834396e-16 2.15350549e-16 1.81601224e-16 1.59828810e-16
 1.59174254e-16 1.57859836e-16 1.51881211e-16 1.31959208e-16
 1.19772724e-16 1.05798065e-16 1.01332402e-16 6.99212464e-17
 6.67725151e-17 6.13860900e-17 4.44421323e-17 3.84346476e-17
 2.60378117e-17 2.58040117e-17 2.12096951e-17 1.40865368e-17
 1.53074281e-18 7.77294816e-19 1.33254655e-18 6.30725608e-18
 1.48248064e-17 2.38503059e-17 3.70218194e-17 4.05823417e-17
 4.89431179e-17 6.28317464e-17 7.80999248e-17 1.07855906e-16
 1.15386195e-16 1.21897478e-16 1.35847627e-16 1.37447165e-16
 1.69578485e-16 1.94699600e-16 1.99332194e-16 2.16496186e-16
 2.40161803e-16 2.50192206e-16 2.52731705e-16 3.24304179e-16
 3.52295616e-16 3.82443344e-16 3.98180985e-16 4.29553780e-16
 4.69513175e-16 5.52911405e-16 6.14056327e-16 6.55551889e-16
 7.42401890e-16 7.50189760e-16 7.98222384e-16 9.02014243e-16
 1.01697952e-15 1.03717123e-15 1.24599095e-15 1.39636295e-15
 1.42478928e-15 1.48103339e-15 1.19222984e-08 5.46120646e-08
 1.14267429e-07 4.40227358e-07 5.64488048e-07 2.26050254e-06
 4.70583498e-06 1.16386809e-05 2.15811960e-05 5.81984143e-05
 9.21245964e-05 1.59649053e-04 2.88679805e-04 7.71221559e-04
 1.79432827e-03 5.98289522e-03 1.72969617e-02 9.93629577e-01
 1.94312223e+00 1.98385794e+00 1.99071287e+00 1.99397612e+00
 1.99731438e+00 1.99935614e+00 1.99972755e+00 1.99981273e+00
 1.99993213e+00 1.99996400e+00 1.99998392e+00 1.99999491e+00
 1.99999662e+00 1.99999749e+00 1.99999844e+00 1.99999894e+00
 1.99999937e+00 1.99999963e+00 1.99999968e+00 1.99999974e+00
 1.99999989e+00 1.99999998e+00 1.99999999e+00 1.99999999e+00
 2.00000000e+00 2.00000000e+00 2.00000000e+00 2.00000000e+00
 2.00000000e+00 2.00000000e+00 2.00000000e+00 2.00000000e+00
 2.00000000e+00 2.00000000e+00 2.00000000e+00 2.00000000e+00
 2.00000000e+00 2.00000000e+00 2.00000000e+00 2.00000000e+00
 2.00000000e+00 2.00000000e+00 2.00000000e+00 2.00000000e+00
 2.00000000e+00 2.00000000e+00 2.00000000e+00 2.00000000e+00
 2.00000000e+00 2.00000000e+00 2.00000000e+00 2.00000000e+00
 2.00000000e+00]

	SCF Occupancy Eigenvalues for Fragment Number : # 5
	[1.73289121e-15 1.72533111e-15 1.61769732e-15 1.57393014e-15
 1.33280120e-15 1.18300026e-15 1.14087538e-15 1.10571323e-15
 1.08134481e-15 1.00425109e-15 9.96342414e-16 9.69000001e-16
 8.35872700e-16 7.82471825e-16 7.78745192e-16 7.12819308e-16
 6.30456577e-16 6.28591757e-16 5.94674769e-16 5.78071384e-16
 5.58686815e-16 5.06394991e-16 4.58985191e-16 4.40753904e-16
 4.17193997e-16 4.14703111e-16 3.53327733e-16 3.11706172e-16
 3.03975541e-16 2.50041112e-16 2.37198345e-16 2.07339466e-16
 1.91675971e-16 1.74754798e-16 1.54470144e-16 1.35710772e-16
 1.24924165e-16 1.06429473e-16 9.88287546e-17 7.74241607e-17
 6.70869784e-17 6.68615097e-17 3.94744487e-17 3.32066609e-17
 3.20520617e-17 1.80852754e-17 1.64680797e-17 1.17381269e-17
 8.40581903e-18 4.60541989e-18 3.85278069e-18 2.27448893e-18
 6.59640842e-19 1.11523894e-18 2.65882285e-18 4.82410804e-18
 6.65387737e-18 8.04228061e-18 1.27638261e-17 1.78535657e-17
 2.29573210e-17 3.87439179e-17 4.06632716e-17 4.91308211e-17
 6.17776131e-17 8.37867187e-17 8.62092186e-17 8.96280616e-17
 1.23132474e-16 1.45574514e-16 1.54146444e-16 1.59030009e-16
 2.05934788e-16 2.08940771e-16 2.31791546e-16 2.44172076e-16
 2.91899519e-16 3.13672451e-16 3.81375343e-16 3.90496547e-16
 3.94710796e-16 3.94794984e-16 4.61061355e-16 4.85652860e-16
 5.15210763e-16 5.87660054e-16 6.05047199e-16 6.27322267e-16
 6.49394783e-16 6.85679594e-16 7.15466072e-16 7.38451558e-16
 7.72066270e-16 8.27072088e-16 9.04887983e-16 9.53138785e-16
 9.78687925e-16 1.05010539e-15 1.08675796e-15 1.09835066e-15
 1.16719378e-15 1.18245553e-15 1.18984877e-15 1.24738363e-15
 1.35303565e-15 1.48067167e-15 8.18434033e-06 1.08372466e-05
 2.77672447e-04 2.68677348e-03 2.87301446e-03 1.36226788e-02
 3.36208934e-02 3.44049850e-02 5.34832522e-02 5.57739523e-02
 3.76646160e-01 1.17616349e+00 1.32744840e+00 1.80810052e+00
 1.99401368e+00 1.99827073e+00 1.99843187e+00 1.99937392e+00
 1.99947768e+00 1.99975916e+00 1.99981673e+00 1.99992397e+00
 1.99994636e+00 1.99996866e+00 1.99997214e+00 1.99998191e+00
 1.99999607e+00 2.00000000e+00 2.00000000e+00 2.00000000e+00
 2.00000000e+00 2.00000000e+00 2.00000000e+00 2.00000000e+00
 2.00000000e+00 2.00000000e+00 2.00000000e+00 2.00000000e+00
 2.00000000e+00 2.00000000e+00 2.00000000e+00 2.00000000e+00
 2.00000000e+00 2.00000000e+00 2.00000000e+00 2.00000000e+00
 2.00000000e+00 2.00000000e+00 2.00000000e+00 2.00000000e+00
 2.00000000e+00 2.00000000e+00 2.00000000e+00 2.00000000e+00
 2.00000000e+00 2.00000000e+00 2.00000000e+00 2.00000000e+00
 2.00000000e+00 2.00000000e+00 2.00000000e+00 2.00000000e+00
 2.00000000e+00 2.00000000e+00 2.00000000e+00 2.00000000e+00
 2.00000000e+00 2.00000000e+00 2.00000000e+00 2.00000000e+00
 2.00000000e+00]

		Fragment Number : #  1
		------------------------
		CCSD diag: n_active_mos=98, n_active_electrons=98, trace(onerdm)=97.99999999999999
		Fragment Energy = -593.9007792350246
		Number of Electrons in Fragment = 32.90421261297806
		Fragment Number : #  2
		------------------------
		CCSD diag: n_active_mos=26, n_active_electrons=26, trace(onerdm)=26.000000000000004
		Fragment Energy = -124.60266147376737
		Number of Electrons in Fragment = 7.959691265604788
		Fragment Number : #  3
		------------------------
		CCSD diag: n_active_mos=102, n_active_electrons=102, trace(onerdm)=102.0
		Fragment Energy = -574.8595795557328
		Number of Electrons in Fragment = 35.091057623633574
		Fragment Number : #  4
		------------------------
		CCSD diag: n_active_mos=26, n_active_electrons=26, trace(onerdm)=26.0
		Fragment Energy = -124.58249597063899
		Number of Electrons in Fragment = 7.95964996690688
		Fragment Number : #  5
		------------------------
		CCSD diag: n_active_mos=102, n_active_electrons=102, trace(onerdm)=102.00000000000001
		Fragment Energy = -574.8468917604453
		Number of Electrons in Fragment = 35.09102749998136
Fragment: n_homo=26, n_lumo=27, kept=[25, 26, 27, 28]
		Fragment Number : #  6
		------------------------
Pass: Decompose - 1.20211 (ms)Pass: MergeOrbitalRotations - 0.07963 (ms)SQD counts diag: n_bits=8, first_bitstring=[0, 0, 1, 1, 0, 0, 1, 1], hamming_left=2, hamming_right=2
SQD postselect diag: total_samples=1, total_postselected=8, batch_sizes=[1, 1, 1, 1, 1, 1, 1, 1]
SQD batch diag: batch0_shape=(1, 8), first_bitstring=[0, 0, 1, 1, 0, 0, 1, 1], hamming_left=2, hamming_right=2
SQD sci diag: batch=0, norb=4, nelec=(2, 2), amp_norm=1.0, trace(rdm1)=4.0
SQD sci diag: batch=1, norb=4, nelec=(2, 2), amp_norm=1.0, trace(rdm1)=4.0
SQD sci diag: batch=2, norb=4, nelec=(2, 2), amp_norm=1.0, trace(rdm1)=4.0
SQD sci diag: batch=3, norb=4, nelec=(2, 2), amp_norm=1.0, trace(rdm1)=4.0
SQD sci diag: batch=4, norb=4, nelec=(2, 2), amp_norm=1.0, trace(rdm1)=4.0
SQD sci diag: batch=5, norb=4, nelec=(2, 2), amp_norm=1.0, trace(rdm1)=4.0
SQD sci diag: batch=6, norb=4, nelec=(2, 2), amp_norm=1.0, trace(rdm1)=4.0
SQD sci diag: batch=7, norb=4, nelec=(2, 2), amp_norm=1.0, trace(rdm1)=4.0
/home/bhabani/miniconda3/lib/python3.12/site-packages/qiskit_addon_sqd/configuration_recovery.py:230: RuntimeWarning: invalid value encountered in divide
  probs_left = probs_left / np.sum(probs_left)
/home/bhabani/miniconda3/lib/python3.12/site-packages/qiskit_addon_sqd/configuration_recovery.py:231: RuntimeWarning: invalid value encountered in divide
  probs_right = probs_right / np.sum(probs_right)
SQD postselect diag: total_samples=1, total_postselected=8, batch_sizes=[1, 1, 1, 1, 1, 1, 1, 1]
SQD batch diag: batch0_shape=(1, 8), first_bitstring=[0, 0, 1, 1, 0, 0, 1, 1], hamming_left=2, hamming_right=2
SQD sci diag: batch=0, norb=4, nelec=(2, 2), amp_norm=1.0, trace(rdm1)=4.0
SQD sci diag: batch=1, norb=4, nelec=(2, 2), amp_norm=1.0, trace(rdm1)=4.0
SQD sci diag: batch=2, norb=4, nelec=(2, 2), amp_norm=1.0, trace(rdm1)=4.0
SQD sci diag: batch=3, norb=4, nelec=(2, 2), amp_norm=1.0, trace(rdm1)=4.0
SQD sci diag: batch=4, norb=4, nelec=(2, 2), amp_norm=1.0, trace(rdm1)=4.0
SQD sci diag: batch=5, norb=4, nelec=(2, 2), amp_norm=1.0, trace(rdm1)=4.0
SQD sci diag: batch=6, norb=4, nelec=(2, 2), amp_norm=1.0, trace(rdm1)=4.0
SQD sci diag: batch=7, norb=4, nelec=(2, 2), amp_norm=1.0, trace(rdm1)=4.0
		SQD diag: n_active_mos=4, n_active_electrons=4, trace(onerdm)=4.0
		Fragment Energy = -446.77963988875354
		Number of Electrons in Fragment = 23.125945762059025
 	Iteration =  2
 	----------------
 
	SCF Occupancy Eigenvalues for Fragment Number : # 0
	[2.10789886e-15 1.80098384e-15 1.54291773e-15 1.08304965e-15
 1.05200510e-15 1.03382134e-15 1.00483206e-15 9.85432820e-16
 8.83351877e-16 7.72717678e-16 7.35379044e-16 6.45926125e-16
 6.44887323e-16 5.40940086e-16 5.34705909e-16 4.31814724e-16
 4.31467794e-16 4.30097426e-16 3.48197298e-16 3.35361611e-16
 3.32636866e-16 3.23124664e-16 3.09723474e-16 2.54964292e-16
 2.54057872e-16 2.22661768e-16 1.75667697e-16 1.71553558e-16
 1.19804338e-16 1.17377282e-16 1.06889667e-16 8.30810852e-17
 6.60776569e-17 6.33079362e-17 4.53563853e-17 3.37034828e-17
 3.34626074e-17 2.71573153e-17 1.72643398e-17 1.65861451e-17
 6.19642209e-18 3.55525706e-18 2.36560551e-18 8.61659133e-19
 7.53019076e-19 1.34346067e-18 2.66908231e-18 3.32108067e-18
 4.20651741e-18 6.11143964e-18 9.36457036e-18 1.50514543e-17
 1.86477863e-17 2.24858252e-17 3.09227780e-17 4.38823519e-17
 4.64369332e-17 6.89075970e-17 1.02501865e-16 1.25092918e-16
 1.53947754e-16 2.03022215e-16 2.22044602e-16 2.33414983e-16
 3.01460961e-16 3.14184137e-16 3.40683286e-16 4.17097462e-16
 4.66487896e-16 5.10822828e-16 5.19189220e-16 5.71442441e-16
 6.50111441e-16 6.55642131e-16 6.63702228e-16 6.92436981e-16
 7.52092722e-16 7.56927109e-16 9.11775536e-16 9.23059609e-16
 1.20556880e-15 1.39833251e-15 1.39877780e-15 2.92262390e-15
 1.89682805e-06 2.66460270e-06 1.57482627e-05 3.14428262e-05
 4.89445509e-05 9.43566573e-05 2.10397006e-04 2.25724927e-04
 1.90669190e-03 2.66702401e-03 5.58424552e-03 7.35256508e-03
 1.92680737e-02 1.94369240e-01 6.75845070e-01 8.23127952e-01
 9.36768413e-01 9.54445582e-01 1.63765073e+00 1.96080943e+00
 1.97054349e+00 1.98264060e+00 1.99199955e+00 1.99427537e+00
 1.99658528e+00 1.99671679e+00 1.99695135e+00 1.99801485e+00
 1.99839545e+00 1.99867697e+00 1.99947452e+00 1.99966870e+00
 1.99991457e+00 1.99995888e+00 1.99997081e+00 1.99998013e+00
 1.99998664e+00 1.99999183e+00 1.99999508e+00 1.99999610e+00
 1.99999761e+00 1.99999783e+00 1.99999902e+00 1.99999952e+00
 1.99999961e+00 1.99999971e+00 1.99999983e+00 1.99999992e+00
 1.99999998e+00 2.00000000e+00 2.00000000e+00 2.00000000e+00
 2.00000000e+00 2.00000000e+00 2.00000000e+00 2.00000000e+00
 2.00000000e+00 2.00000000e+00 2.00000000e+00 2.00000000e+00
 2.00000000e+00 2.00000000e+00 2.00000000e+00 2.00000000e+00
 2.00000000e+00 2.00000000e+00 2.00000000e+00 2.00000000e+00
 2.00000000e+00 2.00000000e+00 2.00000000e+00]

	SCF Occupancy Eigenvalues for Fragment Number : # 1
	[1.70325476e-15 1.65718073e-15 1.46831790e-15 1.35528080e-15
 1.18490481e-15 1.13116632e-15 1.11893714e-15 9.81851096e-16
 9.67696111e-16 9.36269792e-16 9.12547488e-16 8.96759780e-16
 7.84277569e-16 7.17977170e-16 6.96816806e-16 6.88554216e-16
 6.12467808e-16 6.06587992e-16 5.52082494e-16 5.50384652e-16
 5.27209836e-16 5.02128043e-16 4.45278620e-16 4.18269739e-16
 4.18072877e-16 4.15542560e-16 4.07303492e-16 3.90610699e-16
 3.88760431e-16 3.82785613e-16 3.44061489e-16 3.25017430e-16
 3.20311554e-16 3.05781482e-16 2.64614723e-16 2.60102843e-16
 2.03657531e-16 1.88388150e-16 1.76092766e-16 1.25114944e-16
 1.24002311e-16 1.03216047e-16 9.83501684e-17 9.78146557e-17
 9.35351856e-17 8.07863339e-17 7.05920503e-17 6.20957910e-17
 6.02819988e-17 5.35124707e-17 4.94126092e-17 3.86715808e-17
 2.75594477e-17 2.70693957e-17 1.44304705e-17 1.19371526e-17
 1.12922453e-17 7.90709409e-18 5.98290912e-18 4.05207797e-18
 3.60833589e-18 2.22082514e-18 9.46408425e-19 2.35526843e-19
 1.92202590e-19 4.67403131e-19 1.25954381e-18 1.98466475e-18
 3.51777309e-18 4.74325656e-18 7.52016715e-18 8.59705939e-18
 1.80351948e-17 1.85764590e-17 2.28384925e-17 3.16817573e-17
 5.80079688e-17 6.76910872e-17 7.47819519e-17 8.96360194e-17
 1.18273450e-16 1.19401972e-16 1.36019458e-16 1.62305065e-16
 1.72070205e-16 1.83257208e-16 1.98965414e-16 2.10736199e-16
 2.30145051e-16 2.35101851e-16 3.18908410e-16 3.21883227e-16
 3.21888874e-16 3.32351145e-16 4.21760367e-16 4.58459770e-16
 4.72550351e-16 4.80684662e-16 4.84370352e-16 5.49787552e-16
 5.70932437e-16 6.45163290e-16 6.98542801e-16 8.34640515e-16
 8.70195786e-16 9.52053421e-16 9.85344980e-16 1.03387217e-15
 1.18135264e-15 1.20098649e-15 1.25451649e-15 1.31517424e-15
 1.37245919e-15 1.41924992e-15 1.44852589e-15 1.46490442e-15
 1.59154132e-15 2.08480924e-15 2.09341107e-15 2.31716584e-15
 2.31577176e-05 1.77533255e-02 2.92978422e-02 1.00685669e+00
 1.05918469e+00 1.96879505e+00 1.98752476e+00 1.99617855e+00
 1.99872474e+00 1.99926878e+00 1.99959911e+00 1.99986007e+00
 1.99995843e+00 2.00000000e+00 2.00000000e+00 2.00000000e+00
 2.00000000e+00 2.00000000e+00 2.00000000e+00 2.00000000e+00
 2.00000000e+00 2.00000000e+00 2.00000000e+00 2.00000000e+00
 2.00000000e+00 2.00000000e+00 2.00000000e+00 2.00000000e+00
 2.00000000e+00 2.00000000e+00 2.00000000e+00 2.00000000e+00
 2.00000000e+00 2.00000000e+00 2.00000000e+00 2.00000000e+00
 2.00000000e+00 2.00000000e+00 2.00000000e+00 2.00000000e+00
 2.00000000e+00 2.00000000e+00 2.00000000e+00 2.00000000e+00
 2.00000000e+00 2.00000000e+00 2.00000000e+00 2.00000000e+00
 2.00000000e+00 2.00000000e+00 2.00000000e+00 2.00000000e+00
 2.00000000e+00 2.00000000e+00 2.00000000e+00 2.00000000e+00
 2.00000000e+00 2.00000000e+00 2.00000000e+00 2.00000000e+00
 2.00000000e+00 2.00000000e+00 2.00000000e+00 2.00000000e+00
 2.00000000e+00 2.00000000e+00 2.00000000e+00 2.00000000e+00
 2.00000000e+00 2.00000000e+00 2.00000000e+00]

	SCF Occupancy Eigenvalues for Fragment Number : # 2
	[1.71764589e-15 1.17513742e-15 1.16345507e-15 9.89625951e-16
 8.50054049e-16 7.03240956e-16 6.28788613e-16 5.68043861e-16
 5.26951624e-16 4.93656545e-16 4.56674263e-16 4.38165968e-16
 4.07668748e-16 4.06766060e-16 3.78660357e-16 3.46120601e-16
 2.96144812e-16 2.80678842e-16 2.50855260e-16 2.44740485e-16
 2.20353098e-16 1.84505309e-16 1.54690105e-16 1.26017966e-16
 1.18022935e-16 1.07572372e-16 8.69685064e-17 7.34284093e-17
 6.81639231e-17 6.07741278e-17 2.98602820e-17 2.34525413e-17
 1.70910666e-17 1.61123622e-17 9.34367835e-18 8.34475697e-18
 6.55377124e-18 1.33043514e-18 3.28754703e-19 1.11217690e-18
 3.33287964e-18 1.07927432e-17 1.50679537e-17 1.82228511e-17
 2.30671295e-17 2.62513952e-17 3.09205875e-17 4.46272812e-17
 5.72591328e-17 6.93889390e-17 8.88524558e-17 9.23026019e-17
 1.04089217e-16 1.24352698e-16 1.51659040e-16 1.59082451e-16
 1.73323926e-16 2.01361234e-16 2.69322311e-16 2.70616862e-16
 2.77551781e-16 3.13803949e-16 3.75008486e-16 4.10406905e-16
 4.51263036e-16 5.28473404e-16 5.55722163e-16 5.59857183e-16
 5.68575735e-16 5.94227976e-16 7.06279193e-16 7.49380900e-16
 8.02596838e-16 8.75845086e-16 9.11577001e-16 9.34309131e-16
 1.09889864e-15 1.42067193e-15 1.43041550e-15 1.76068362e-15
 2.25693290e-15 2.44393914e-15 1.19921678e-08 5.47671844e-08
 1.14257243e-07 4.39591992e-07 5.63759176e-07 2.26248889e-06
 4.70362419e-06 1.16467428e-05 2.15800365e-05 5.81957430e-05
 9.20410623e-05 1.59754214e-04 2.88253530e-04 7.70455422e-04
 1.79210899e-03 5.98135133e-03 1.72899439e-02 9.93531224e-01
 1.94320795e+00 1.98384638e+00 1.99071161e+00 1.99398180e+00
 1.99731348e+00 1.99935685e+00 1.99972796e+00 1.99981217e+00
 1.99993254e+00 1.99996401e+00 1.99998401e+00 1.99999493e+00
 1.99999661e+00 1.99999748e+00 1.99999844e+00 1.99999893e+00
 1.99999937e+00 1.99999963e+00 1.99999968e+00 1.99999974e+00
 1.99999989e+00 1.99999998e+00 1.99999999e+00 1.99999999e+00
 2.00000000e+00 2.00000000e+00 2.00000000e+00 2.00000000e+00
 2.00000000e+00 2.00000000e+00 2.00000000e+00 2.00000000e+00
 2.00000000e+00 2.00000000e+00 2.00000000e+00 2.00000000e+00
 2.00000000e+00 2.00000000e+00 2.00000000e+00 2.00000000e+00
 2.00000000e+00 2.00000000e+00 2.00000000e+00 2.00000000e+00
 2.00000000e+00 2.00000000e+00 2.00000000e+00 2.00000000e+00
 2.00000000e+00 2.00000000e+00 2.00000000e+00 2.00000000e+00
 2.00000000e+00]

	SCF Occupancy Eigenvalues for Fragment Number : # 3
	[1.97935595e-15 1.71861897e-15 1.52486300e-15 1.44005933e-15
 1.42016205e-15 1.34244874e-15 1.26743204e-15 1.04647248e-15
 1.02691291e-15 8.73032909e-16 8.71959539e-16 8.54958090e-16
 8.20677267e-16 7.98387242e-16 7.33446538e-16 7.16796392e-16
 7.12464930e-16 6.91857463e-16 6.22649993e-16 5.50144406e-16
 5.14089495e-16 5.09758836e-16 5.02239613e-16 4.49619543e-16
 4.40695668e-16 4.20114998e-16 3.89392912e-16 3.71230824e-16
 3.13459705e-16 3.13147095e-16 2.84797837e-16 2.58004574e-16
 2.29699796e-16 2.09906430e-16 2.08493721e-16 2.06937461e-16
 1.90212254e-16 1.57268946e-16 1.39998853e-16 1.09718347e-16
 1.07502229e-16 7.56781748e-17 5.32589371e-17 4.87055454e-17
 4.86021057e-17 4.64871444e-17 2.92919158e-17 2.41882964e-17
 1.84590233e-17 1.33610774e-17 1.01668241e-17 9.30318718e-18
 9.19143225e-18 6.14814454e-18 5.19472347e-18 2.55525430e-18
 1.69801114e-18 8.53794775e-19 0.00000000e+00 9.84854341e-19
 3.24163722e-18 4.49488497e-18 5.81035985e-18 7.51894680e-18
 8.32911458e-18 1.51057900e-17 1.56869799e-17 1.89749148e-17
 2.23591086e-17 3.08193692e-17 3.41950403e-17 5.52440367e-17
 7.12110001e-17 8.48012540e-17 9.71446575e-17 1.12451843e-16
 1.14514190e-16 1.23971300e-16 1.42583724e-16 1.67132749e-16
 1.75415528e-16 1.87843787e-16 2.24504172e-16 2.41458612e-16
 2.48233328e-16 2.56592312e-16 2.71572251e-16 2.72092247e-16
 2.91625267e-16 3.01625583e-16 3.47566923e-16 3.70758873e-16
 3.72020587e-16 3.89730949e-16 4.39514072e-16 4.56648272e-16
 4.98221763e-16 5.74319040e-16 5.88962995e-16 6.29049936e-16
 6.37964757e-16 6.66805390e-16 6.70993733e-16 7.91915809e-16
 8.05488991e-16 8.19731787e-16 8.79038020e-16 8.99079046e-16
 9.26286611e-16 1.06507203e-15 1.06837969e-15 1.09850183e-15
 1.17922909e-15 1.27066723e-15 1.37179634e-15 1.58739064e-15
 1.64454993e-15 1.73949434e-15 1.77898036e-15 2.16519798e-15
 2.31502445e-05 1.77954147e-02 2.93705539e-02 1.00678212e+00
 1.05917426e+00 1.96884642e+00 1.98747774e+00 1.99618503e+00
 1.99872946e+00 1.99927378e+00 1.99960009e+00 1.99986049e+00
 1.99995864e+00 2.00000000e+00 2.00000000e+00 2.00000000e+00
 2.00000000e+00 2.00000000e+00 2.00000000e+00 2.00000000e+00
 2.00000000e+00 2.00000000e+00 2.00000000e+00 2.00000000e+00
 2.00000000e+00 2.00000000e+00 2.00000000e+00 2.00000000e+00
 2.00000000e+00 2.00000000e+00 2.00000000e+00 2.00000000e+00
 2.00000000e+00 2.00000000e+00 2.00000000e+00 2.00000000e+00
 2.00000000e+00 2.00000000e+00 2.00000000e+00 2.00000000e+00
 2.00000000e+00 2.00000000e+00 2.00000000e+00 2.00000000e+00
 2.00000000e+00 2.00000000e+00 2.00000000e+00 2.00000000e+00
 2.00000000e+00 2.00000000e+00 2.00000000e+00 2.00000000e+00
 2.00000000e+00 2.00000000e+00 2.00000000e+00 2.00000000e+00
 2.00000000e+00 2.00000000e+00 2.00000000e+00 2.00000000e+00
 2.00000000e+00 2.00000000e+00 2.00000000e+00 2.00000000e+00
 2.00000000e+00 2.00000000e+00 2.00000000e+00 2.00000000e+00
 2.00000000e+00 2.00000000e+00 2.00000000e+00]

	SCF Occupancy Eigenvalues for Fragment Number : # 4
	[1.34467008e-15 1.17469673e-15 9.61265365e-16 8.50881243e-16
 8.24797309e-16 7.05772715e-16 5.89615363e-16 5.53793097e-16
 5.40313073e-16 5.34691324e-16 4.68410668e-16 4.52275748e-16
 4.36927922e-16 4.25677635e-16 3.73046877e-16 3.47370789e-16
 3.21507491e-16 3.19086380e-16 3.17828049e-16 2.73440645e-16
 2.30834396e-16 2.15350549e-16 1.81601224e-16 1.59828810e-16
 1.59174254e-16 1.57859836e-16 1.51881211e-16 1.31959208e-16
 1.19772724e-16 1.05798065e-16 1.01332402e-16 6.99212464e-17
 6.67725151e-17 6.13860900e-17 4.44421323e-17 3.84346476e-17
 2.60378117e-17 2.58040117e-17 2.12096951e-17 1.40865368e-17
 1.53074281e-18 7.77294816e-19 1.33254655e-18 6.30725608e-18
 1.48248064e-17 2.38503059e-17 3.70218194e-17 4.05823417e-17
 4.89431179e-17 6.28317464e-17 7.80999248e-17 1.07855906e-16
 1.15386195e-16 1.21897478e-16 1.35847627e-16 1.37447165e-16
 1.69578485e-16 1.94699600e-16 1.99332194e-16 2.16496186e-16
 2.40161803e-16 2.50192206e-16 2.52731705e-16 3.24304179e-16
 3.52295616e-16 3.82443344e-16 3.98180985e-16 4.29553780e-16
 4.69513175e-16 5.52911405e-16 6.14056327e-16 6.55551889e-16
 7.42401890e-16 7.50189760e-16 7.98222384e-16 9.02014243e-16
 1.01697952e-15 1.03717123e-15 1.24599095e-15 1.39636295e-15
 1.42478928e-15 1.48103339e-15 1.19222984e-08 5.46120646e-08
 1.14267429e-07 4.40227358e-07 5.64488048e-07 2.26050254e-06
 4.70583498e-06 1.16386809e-05 2.15811960e-05 5.81984143e-05
 9.21245964e-05 1.59649053e-04 2.88679805e-04 7.71221559e-04
 1.79432827e-03 5.98289522e-03 1.72969617e-02 9.93629577e-01
 1.94312223e+00 1.98385794e+00 1.99071287e+00 1.99397612e+00
 1.99731438e+00 1.99935614e+00 1.99972755e+00 1.99981273e+00
 1.99993213e+00 1.99996400e+00 1.99998392e+00 1.99999491e+00
 1.99999662e+00 1.99999749e+00 1.99999844e+00 1.99999894e+00
 1.99999937e+00 1.99999963e+00 1.99999968e+00 1.99999974e+00
 1.99999989e+00 1.99999998e+00 1.99999999e+00 1.99999999e+00
 2.00000000e+00 2.00000000e+00 2.00000000e+00 2.00000000e+00
 2.00000000e+00 2.00000000e+00 2.00000000e+00 2.00000000e+00
 2.00000000e+00 2.00000000e+00 2.00000000e+00 2.00000000e+00
 2.00000000e+00 2.00000000e+00 2.00000000e+00 2.00000000e+00
 2.00000000e+00 2.00000000e+00 2.00000000e+00 2.00000000e+00
 2.00000000e+00 2.00000000e+00 2.00000000e+00 2.00000000e+00
 2.00000000e+00 2.00000000e+00 2.00000000e+00 2.00000000e+00
 2.00000000e+00]

	SCF Occupancy Eigenvalues for Fragment Number : # 5
	[1.73289121e-15 1.72533111e-15 1.61769732e-15 1.57393014e-15
 1.33280120e-15 1.18300026e-15 1.14087538e-15 1.10571323e-15
 1.08134481e-15 1.00425109e-15 9.96342414e-16 9.69000001e-16
 8.35872700e-16 7.82471825e-16 7.78745192e-16 7.12819308e-16
 6.30456577e-16 6.28591757e-16 5.94674769e-16 5.78071384e-16
 5.58686815e-16 5.06394991e-16 4.58985191e-16 4.40753904e-16
 4.17193997e-16 4.14703111e-16 3.53327733e-16 3.11706172e-16
 3.03975541e-16 2.50041112e-16 2.37198345e-16 2.07339466e-16
 1.91675971e-16 1.74754798e-16 1.54470144e-16 1.35710772e-16
 1.24924165e-16 1.06429473e-16 9.88287546e-17 7.74241607e-17
 6.70869784e-17 6.68615097e-17 3.94744487e-17 3.32066609e-17
 3.20520617e-17 1.80852754e-17 1.64680797e-17 1.17381269e-17
 8.40581903e-18 4.60541989e-18 3.85278069e-18 2.27448893e-18
 6.59640842e-19 1.11523894e-18 2.65882285e-18 4.82410804e-18
 6.65387737e-18 8.04228061e-18 1.27638261e-17 1.78535657e-17
 2.29573210e-17 3.87439179e-17 4.06632716e-17 4.91308211e-17
 6.17776131e-17 8.37867187e-17 8.62092186e-17 8.96280616e-17
 1.23132474e-16 1.45574514e-16 1.54146444e-16 1.59030009e-16
 2.05934788e-16 2.08940771e-16 2.31791546e-16 2.44172076e-16
 2.91899519e-16 3.13672451e-16 3.81375343e-16 3.90496547e-16
 3.94710796e-16 3.94794984e-16 4.61061355e-16 4.85652860e-16
 5.15210763e-16 5.87660054e-16 6.05047199e-16 6.27322267e-16
 6.49394783e-16 6.85679594e-16 7.15466072e-16 7.38451558e-16
 7.72066270e-16 8.27072088e-16 9.04887983e-16 9.53138785e-16
 9.78687925e-16 1.05010539e-15 1.08675796e-15 1.09835066e-15
 1.16719378e-15 1.18245553e-15 1.18984877e-15 1.24738363e-15
 1.35303565e-15 1.48067167e-15 8.18434033e-06 1.08372466e-05
 2.77672447e-04 2.68677348e-03 2.87301446e-03 1.36226788e-02
 3.36208934e-02 3.44049850e-02 5.34832522e-02 5.57739523e-02
 3.76646160e-01 1.17616349e+00 1.32744840e+00 1.80810052e+00
 1.99401368e+00 1.99827073e+00 1.99843187e+00 1.99937392e+00
 1.99947768e+00 1.99975916e+00 1.99981673e+00 1.99992397e+00
 1.99994636e+00 1.99996866e+00 1.99997214e+00 1.99998191e+00
 1.99999607e+00 2.00000000e+00 2.00000000e+00 2.00000000e+00
 2.00000000e+00 2.00000000e+00 2.00000000e+00 2.00000000e+00
 2.00000000e+00 2.00000000e+00 2.00000000e+00 2.00000000e+00
 2.00000000e+00 2.00000000e+00 2.00000000e+00 2.00000000e+00
 2.00000000e+00 2.00000000e+00 2.00000000e+00 2.00000000e+00
 2.00000000e+00 2.00000000e+00 2.00000000e+00 2.00000000e+00
 2.00000000e+00 2.00000000e+00 2.00000000e+00 2.00000000e+00
 2.00000000e+00 2.00000000e+00 2.00000000e+00 2.00000000e+00
 2.00000000e+00 2.00000000e+00 2.00000000e+00 2.00000000e+00
 2.00000000e+00 2.00000000e+00 2.00000000e+00 2.00000000e+00
 2.00000000e+00 2.00000000e+00 2.00000000e+00 2.00000000e+00
 2.00000000e+00]

		Fragment Number : #  1
		------------------------
		CCSD diag: n_active_mos=98, n_active_electrons=98, trace(onerdm)=98.00000000000001
		Fragment Energy = -593.9049254831627
		Number of Electrons in Fragment = 32.90456697863808
		Fragment Number : #  2
		------------------------
		CCSD diag: n_active_mos=26, n_active_electrons=26, trace(onerdm)=26.0
		Fragment Energy = -124.60462650495509
		Number of Electrons in Fragment = 7.95986584832118
		Fragment Number : #  3
		------------------------
		CCSD diag: n_active_mos=102, n_active_electrons=102, trace(onerdm)=102.0
		Fragment Energy = -574.8608937725087
		Number of Electrons in Fragment = 35.09119150606897
		Fragment Number : #  4
		------------------------
		CCSD diag: n_active_mos=26, n_active_electrons=26, trace(onerdm)=26.0
		Fragment Energy = -124.58446078708634
		Number of Electrons in Fragment = 7.959824580664972
		Fragment Number : #  5
		------------------------
		CCSD diag: n_active_mos=102, n_active_electrons=102, trace(onerdm)=102.0
		Fragment Energy = -574.8482060022824
		Number of Electrons in Fragment = 35.091161387517644
Fragment: n_homo=26, n_lumo=27, kept=[25, 26, 27, 28]
		Fragment Number : #  6
		------------------------
Pass: Decompose - 0.63157 (ms)Pass: MergeOrbitalRotations - 0.06247 (ms)SQD counts diag: n_bits=8, first_bitstring=[0, 0, 1, 1, 0, 0, 1, 1], hamming_left=2, hamming_right=2
SQD postselect diag: total_samples=1, total_postselected=8, batch_sizes=[1, 1, 1, 1, 1, 1, 1, 1]
SQD batch diag: batch0_shape=(1, 8), first_bitstring=[0, 0, 1, 1, 0, 0, 1, 1], hamming_left=2, hamming_right=2
SQD sci diag: batch=0, norb=4, nelec=(2, 2), amp_norm=1.0, trace(rdm1)=4.0
SQD sci diag: batch=1, norb=4, nelec=(2, 2), amp_norm=1.0, trace(rdm1)=4.0
SQD sci diag: batch=2, norb=4, nelec=(2, 2), amp_norm=1.0, trace(rdm1)=4.0
SQD sci diag: batch=3, norb=4, nelec=(2, 2), amp_norm=1.0, trace(rdm1)=4.0
SQD sci diag: batch=4, norb=4, nelec=(2, 2), amp_norm=1.0, trace(rdm1)=4.0
SQD sci diag: batch=5, norb=4, nelec=(2, 2), amp_norm=1.0, trace(rdm1)=4.0
SQD sci diag: batch=6, norb=4, nelec=(2, 2), amp_norm=1.0, trace(rdm1)=4.0
SQD sci diag: batch=7, norb=4, nelec=(2, 2), amp_norm=1.0, trace(rdm1)=4.0
SQD postselect diag: total_samples=1, total_postselected=8, batch_sizes=[1, 1, 1, 1, 1, 1, 1, 1]
SQD batch diag: batch0_shape=(1, 8), first_bitstring=[0, 0, 1, 1, 0, 0, 1, 1], hamming_left=2, hamming_right=2
SQD sci diag: batch=0, norb=4, nelec=(2, 2), amp_norm=1.0, trace(rdm1)=4.0
SQD sci diag: batch=1, norb=4, nelec=(2, 2), amp_norm=1.0, trace(rdm1)=4.0
SQD sci diag: batch=2, norb=4, nelec=(2, 2), amp_norm=1.0, trace(rdm1)=4.0
SQD sci diag: batch=3, norb=4, nelec=(2, 2), amp_norm=1.0, trace(rdm1)=4.0
SQD sci diag: batch=4, norb=4, nelec=(2, 2), amp_norm=1.0, trace(rdm1)=4.0
SQD sci diag: batch=5, norb=4, nelec=(2, 2), amp_norm=1.0, trace(rdm1)=4.0
SQD sci diag: batch=6, norb=4, nelec=(2, 2), amp_norm=1.0, trace(rdm1)=4.0
SQD sci diag: batch=7, norb=4, nelec=(2, 2), amp_norm=1.0, trace(rdm1)=4.0
		SQD diag: n_active_mos=4, n_active_electrons=4, trace(onerdm)=4.0
		Fragment Energy = -446.78224567920654
		Number of Electrons in Fragment = 23.126169569647477
 	Iteration =  3
 	----------------
 
	SCF Occupancy Eigenvalues for Fragment Number : # 0
	[2.10789886e-15 1.80098384e-15 1.54291773e-15 1.08304965e-15
 1.05200510e-15 1.03382134e-15 1.00483206e-15 9.85432820e-16
 8.83351877e-16 7.72717678e-16 7.35379044e-16 6.45926125e-16
 6.44887323e-16 5.40940086e-16 5.34705909e-16 4.31814724e-16
 4.31467794e-16 4.30097426e-16 3.48197298e-16 3.35361611e-16
 3.32636866e-16 3.23124664e-16 3.09723474e-16 2.54964292e-16
 2.54057872e-16 2.22661768e-16 1.75667697e-16 1.71553558e-16
 1.19804338e-16 1.17377282e-16 1.06889667e-16 8.30810852e-17
 6.60776569e-17 6.33079362e-17 4.53563853e-17 3.37034828e-17
 3.34626074e-17 2.71573153e-17 1.72643398e-17 1.65861451e-17
 6.19642209e-18 3.55525706e-18 2.36560551e-18 8.61659133e-19
 7.53019076e-19 1.34346067e-18 2.66908231e-18 3.32108067e-18
 4.20651741e-18 6.11143964e-18 9.36457036e-18 1.50514543e-17
 1.86477863e-17 2.24858252e-17 3.09227780e-17 4.38823519e-17
 4.64369332e-17 6.89075970e-17 1.02501865e-16 1.25092918e-16
 1.53947754e-16 2.03022215e-16 2.22044602e-16 2.33414983e-16
 3.01460961e-16 3.14184137e-16 3.40683286e-16 4.17097462e-16
 4.66487896e-16 5.10822828e-16 5.19189220e-16 5.71442441e-16
 6.50111441e-16 6.55642131e-16 6.63702228e-16 6.92436981e-16
 7.52092722e-16 7.56927109e-16 9.11775536e-16 9.23059609e-16
 1.20556880e-15 1.39833251e-15 1.39877780e-15 2.92262390e-15
 1.89682805e-06 2.66460270e-06 1.57482627e-05 3.14428262e-05
 4.89445509e-05 9.43566573e-05 2.10397006e-04 2.25724927e-04
 1.90669190e-03 2.66702401e-03 5.58424552e-03 7.35256508e-03
 1.92680737e-02 1.94369240e-01 6.75845070e-01 8.23127952e-01
 9.36768413e-01 9.54445582e-01 1.63765073e+00 1.96080943e+00
 1.97054349e+00 1.98264060e+00 1.99199955e+00 1.99427537e+00
 1.99658528e+00 1.99671679e+00 1.99695135e+00 1.99801485e+00
 1.99839545e+00 1.99867697e+00 1.99947452e+00 1.99966870e+00
 1.99991457e+00 1.99995888e+00 1.99997081e+00 1.99998013e+00
 1.99998664e+00 1.99999183e+00 1.99999508e+00 1.99999610e+00
 1.99999761e+00 1.99999783e+00 1.99999902e+00 1.99999952e+00
 1.99999961e+00 1.99999971e+00 1.99999983e+00 1.99999992e+00
 1.99999998e+00 2.00000000e+00 2.00000000e+00 2.00000000e+00
 2.00000000e+00 2.00000000e+00 2.00000000e+00 2.00000000e+00
 2.00000000e+00 2.00000000e+00 2.00000000e+00 2.00000000e+00
 2.00000000e+00 2.00000000e+00 2.00000000e+00 2.00000000e+00
 2.00000000e+00 2.00000000e+00 2.00000000e+00 2.00000000e+00
 2.00000000e+00 2.00000000e+00 2.00000000e+00]

	SCF Occupancy Eigenvalues for Fragment Number : # 1
	[1.70325476e-15 1.65718073e-15 1.46831790e-15 1.35528080e-15
 1.18490481e-15 1.13116632e-15 1.11893714e-15 9.81851096e-16
 9.67696111e-16 9.36269792e-16 9.12547488e-16 8.96759780e-16
 7.84277569e-16 7.17977170e-16 6.96816806e-16 6.88554216e-16
 6.12467808e-16 6.06587992e-16 5.52082494e-16 5.50384652e-16
 5.27209836e-16 5.02128043e-16 4.45278620e-16 4.18269739e-16
 4.18072877e-16 4.15542560e-16 4.07303492e-16 3.90610699e-16
 3.88760431e-16 3.82785613e-16 3.44061489e-16 3.25017430e-16
 3.20311554e-16 3.05781482e-16 2.64614723e-16 2.60102843e-16
 2.03657531e-16 1.88388150e-16 1.76092766e-16 1.25114944e-16
 1.24002311e-16 1.03216047e-16 9.83501684e-17 9.78146557e-17
 9.35351856e-17 8.07863339e-17 7.05920503e-17 6.20957910e-17
 6.02819988e-17 5.35124707e-17 4.94126092e-17 3.86715808e-17
 2.75594477e-17 2.70693957e-17 1.44304705e-17 1.19371526e-17
 1.12922453e-17 7.90709409e-18 5.98290912e-18 4.05207797e-18
 3.60833589e-18 2.22082514e-18 9.46408425e-19 2.35526843e-19
 1.92202590e-19 4.67403131e-19 1.25954381e-18 1.98466475e-18
 3.51777309e-18 4.74325656e-18 7.52016715e-18 8.59705939e-18
 1.80351948e-17 1.85764590e-17 2.28384925e-17 3.16817573e-17
 5.80079688e-17 6.76910872e-17 7.47819519e-17 8.96360194e-17
 1.18273450e-16 1.19401972e-16 1.36019458e-16 1.62305065e-16
 1.72070205e-16 1.83257208e-16 1.98965414e-16 2.10736199e-16
 2.30145051e-16 2.35101851e-16 3.18908410e-16 3.21883227e-16
 3.21888874e-16 3.32351145e-16 4.21760367e-16 4.58459770e-16
 4.72550351e-16 4.80684662e-16 4.84370352e-16 5.49787552e-16
 5.70932437e-16 6.45163290e-16 6.98542801e-16 8.34640515e-16
 8.70195786e-16 9.52053421e-16 9.85344980e-16 1.03387217e-15
 1.18135264e-15 1.20098649e-15 1.25451649e-15 1.31517424e-15
 1.37245919e-15 1.41924992e-15 1.44852589e-15 1.46490442e-15
 1.59154132e-15 2.08480924e-15 2.09341107e-15 2.31716584e-15
 2.31577176e-05 1.77533255e-02 2.92978422e-02 1.00685669e+00
 1.05918469e+00 1.96879505e+00 1.98752476e+00 1.99617855e+00
 1.99872474e+00 1.99926878e+00 1.99959911e+00 1.99986007e+00
 1.99995843e+00 2.00000000e+00 2.00000000e+00 2.00000000e+00
 2.00000000e+00 2.00000000e+00 2.00000000e+00 2.00000000e+00
 2.00000000e+00 2.00000000e+00 2.00000000e+00 2.00000000e+00
 2.00000000e+00 2.00000000e+00 2.00000000e+00 2.00000000e+00
 2.00000000e+00 2.00000000e+00 2.00000000e+00 2.00000000e+00
 2.00000000e+00 2.00000000e+00 2.00000000e+00 2.00000000e+00
 2.00000000e+00 2.00000000e+00 2.00000000e+00 2.00000000e+00
 2.00000000e+00 2.00000000e+00 2.00000000e+00 2.00000000e+00
 2.00000000e+00 2.00000000e+00 2.00000000e+00 2.00000000e+00
 2.00000000e+00 2.00000000e+00 2.00000000e+00 2.00000000e+00
 2.00000000e+00 2.00000000e+00 2.00000000e+00 2.00000000e+00
 2.00000000e+00 2.00000000e+00 2.00000000e+00 2.00000000e+00
 2.00000000e+00 2.00000000e+00 2.00000000e+00 2.00000000e+00
 2.00000000e+00 2.00000000e+00 2.00000000e+00 2.00000000e+00
 2.00000000e+00 2.00000000e+00 2.00000000e+00]

	SCF Occupancy Eigenvalues for Fragment Number : # 2
	[1.71764589e-15 1.17513742e-15 1.16345507e-15 9.89625951e-16
 8.50054049e-16 7.03240956e-16 6.28788613e-16 5.68043861e-16
 5.26951624e-16 4.93656545e-16 4.56674263e-16 4.38165968e-16
 4.07668748e-16 4.06766060e-16 3.78660357e-16 3.46120601e-16
 2.96144812e-16 2.80678842e-16 2.50855260e-16 2.44740485e-16
 2.20353098e-16 1.84505309e-16 1.54690105e-16 1.26017966e-16
 1.18022935e-16 1.07572372e-16 8.69685064e-17 7.34284093e-17
 6.81639231e-17 6.07741278e-17 2.98602820e-17 2.34525413e-17
 1.70910666e-17 1.61123622e-17 9.34367835e-18 8.34475697e-18
 6.55377124e-18 1.33043514e-18 3.28754703e-19 1.11217690e-18
 3.33287964e-18 1.07927432e-17 1.50679537e-17 1.82228511e-17
 2.30671295e-17 2.62513952e-17 3.09205875e-17 4.46272812e-17
 5.72591328e-17 6.93889390e-17 8.88524558e-17 9.23026019e-17
 1.04089217e-16 1.24352698e-16 1.51659040e-16 1.59082451e-16
 1.73323926e-16 2.01361234e-16 2.69322311e-16 2.70616862e-16
 2.77551781e-16 3.13803949e-16 3.75008486e-16 4.10406905e-16
 4.51263036e-16 5.28473404e-16 5.55722163e-16 5.59857183e-16
 5.68575735e-16 5.94227976e-16 7.06279193e-16 7.49380900e-16
 8.02596838e-16 8.75845086e-16 9.11577001e-16 9.34309131e-16
 1.09889864e-15 1.42067193e-15 1.43041550e-15 1.76068362e-15
 2.25693290e-15 2.44393914e-15 1.19921678e-08 5.47671844e-08
 1.14257243e-07 4.39591992e-07 5.63759176e-07 2.26248889e-06
 4.70362419e-06 1.16467428e-05 2.15800365e-05 5.81957430e-05
 9.20410623e-05 1.59754214e-04 2.88253530e-04 7.70455422e-04
 1.79210899e-03 5.98135133e-03 1.72899439e-02 9.93531224e-01
 1.94320795e+00 1.98384638e+00 1.99071161e+00 1.99398180e+00
 1.99731348e+00 1.99935685e+00 1.99972796e+00 1.99981217e+00
 1.99993254e+00 1.99996401e+00 1.99998401e+00 1.99999493e+00
 1.99999661e+00 1.99999748e+00 1.99999844e+00 1.99999893e+00
 1.99999937e+00 1.99999963e+00 1.99999968e+00 1.99999974e+00
 1.99999989e+00 1.99999998e+00 1.99999999e+00 1.99999999e+00
 2.00000000e+00 2.00000000e+00 2.00000000e+00 2.00000000e+00
 2.00000000e+00 2.00000000e+00 2.00000000e+00 2.00000000e+00
 2.00000000e+00 2.00000000e+00 2.00000000e+00 2.00000000e+00
 2.00000000e+00 2.00000000e+00 2.00000000e+00 2.00000000e+00
 2.00000000e+00 2.00000000e+00 2.00000000e+00 2.00000000e+00
 2.00000000e+00 2.00000000e+00 2.00000000e+00 2.00000000e+00
 2.00000000e+00 2.00000000e+00 2.00000000e+00 2.00000000e+00
 2.00000000e+00]

	SCF Occupancy Eigenvalues for Fragment Number : # 3
	[1.97935595e-15 1.71861897e-15 1.52486300e-15 1.44005933e-15
 1.42016205e-15 1.34244874e-15 1.26743204e-15 1.04647248e-15
 1.02691291e-15 8.73032909e-16 8.71959539e-16 8.54958090e-16
 8.20677267e-16 7.98387242e-16 7.33446538e-16 7.16796392e-16
 7.12464930e-16 6.91857463e-16 6.22649993e-16 5.50144406e-16
 5.14089495e-16 5.09758836e-16 5.02239613e-16 4.49619543e-16
 4.40695668e-16 4.20114998e-16 3.89392912e-16 3.71230824e-16
 3.13459705e-16 3.13147095e-16 2.84797837e-16 2.58004574e-16
 2.29699796e-16 2.09906430e-16 2.08493721e-16 2.06937461e-16
 1.90212254e-16 1.57268946e-16 1.39998853e-16 1.09718347e-16
 1.07502229e-16 7.56781748e-17 5.32589371e-17 4.87055454e-17
 4.86021057e-17 4.64871444e-17 2.92919158e-17 2.41882964e-17
 1.84590233e-17 1.33610774e-17 1.01668241e-17 9.30318718e-18
 9.19143225e-18 6.14814454e-18 5.19472347e-18 2.55525430e-18
 1.69801114e-18 8.53794775e-19 0.00000000e+00 9.84854341e-19
 3.24163722e-18 4.49488497e-18 5.81035985e-18 7.51894680e-18
 8.32911458e-18 1.51057900e-17 1.56869799e-17 1.89749148e-17
 2.23591086e-17 3.08193692e-17 3.41950403e-17 5.52440367e-17
 7.12110001e-17 8.48012540e-17 9.71446575e-17 1.12451843e-16
 1.14514190e-16 1.23971300e-16 1.42583724e-16 1.67132749e-16
 1.75415528e-16 1.87843787e-16 2.24504172e-16 2.41458612e-16
 2.48233328e-16 2.56592312e-16 2.71572251e-16 2.72092247e-16
 2.91625267e-16 3.01625583e-16 3.47566923e-16 3.70758873e-16
 3.72020587e-16 3.89730949e-16 4.39514072e-16 4.56648272e-16
 4.98221763e-16 5.74319040e-16 5.88962995e-16 6.29049936e-16
 6.37964757e-16 6.66805390e-16 6.70993733e-16 7.91915809e-16
 8.05488991e-16 8.19731787e-16 8.79038020e-16 8.99079046e-16
 9.26286611e-16 1.06507203e-15 1.06837969e-15 1.09850183e-15
 1.17922909e-15 1.27066723e-15 1.37179634e-15 1.58739064e-15
 1.64454993e-15 1.73949434e-15 1.77898036e-15 2.16519798e-15
 2.31502445e-05 1.77954147e-02 2.93705539e-02 1.00678212e+00
 1.05917426e+00 1.96884642e+00 1.98747774e+00 1.99618503e+00
 1.99872946e+00 1.99927378e+00 1.99960009e+00 1.99986049e+00
 1.99995864e+00 2.00000000e+00 2.00000000e+00 2.00000000e+00
 2.00000000e+00 2.00000000e+00 2.00000000e+00 2.00000000e+00
 2.00000000e+00 2.00000000e+00 2.00000000e+00 2.00000000e+00
 2.00000000e+00 2.00000000e+00 2.00000000e+00 2.00000000e+00
 2.00000000e+00 2.00000000e+00 2.00000000e+00 2.00000000e+00
 2.00000000e+00 2.00000000e+00 2.00000000e+00 2.00000000e+00
 2.00000000e+00 2.00000000e+00 2.00000000e+00 2.00000000e+00
 2.00000000e+00 2.00000000e+00 2.00000000e+00 2.00000000e+00
 2.00000000e+00 2.00000000e+00 2.00000000e+00 2.00000000e+00
 2.00000000e+00 2.00000000e+00 2.00000000e+00 2.00000000e+00
 2.00000000e+00 2.00000000e+00 2.00000000e+00 2.00000000e+00
 2.00000000e+00 2.00000000e+00 2.00000000e+00 2.00000000e+00
 2.00000000e+00 2.00000000e+00 2.00000000e+00 2.00000000e+00
 2.00000000e+00 2.00000000e+00 2.00000000e+00 2.00000000e+00
 2.00000000e+00 2.00000000e+00 2.00000000e+00]

	SCF Occupancy Eigenvalues for Fragment Number : # 4
	[1.34467008e-15 1.17469673e-15 9.61265365e-16 8.50881243e-16
 8.24797309e-16 7.05772715e-16 5.89615363e-16 5.53793097e-16
 5.40313073e-16 5.34691324e-16 4.68410668e-16 4.52275748e-16
 4.36927922e-16 4.25677635e-16 3.73046877e-16 3.47370789e-16
 3.21507491e-16 3.19086380e-16 3.17828049e-16 2.73440645e-16
 2.30834396e-16 2.15350549e-16 1.81601224e-16 1.59828810e-16
 1.59174254e-16 1.57859836e-16 1.51881211e-16 1.31959208e-16
 1.19772724e-16 1.05798065e-16 1.01332402e-16 6.99212464e-17
 6.67725151e-17 6.13860900e-17 4.44421323e-17 3.84346476e-17
 2.60378117e-17 2.58040117e-17 2.12096951e-17 1.40865368e-17
 1.53074281e-18 7.77294816e-19 1.33254655e-18 6.30725608e-18
 1.48248064e-17 2.38503059e-17 3.70218194e-17 4.05823417e-17
 4.89431179e-17 6.28317464e-17 7.80999248e-17 1.07855906e-16
 1.15386195e-16 1.21897478e-16 1.35847627e-16 1.37447165e-16
 1.69578485e-16 1.94699600e-16 1.99332194e-16 2.16496186e-16
 2.40161803e-16 2.50192206e-16 2.52731705e-16 3.24304179e-16
 3.52295616e-16 3.82443344e-16 3.98180985e-16 4.29553780e-16
 4.69513175e-16 5.52911405e-16 6.14056327e-16 6.55551889e-16
 7.42401890e-16 7.50189760e-16 7.98222384e-16 9.02014243e-16
 1.01697952e-15 1.03717123e-15 1.24599095e-15 1.39636295e-15
 1.42478928e-15 1.48103339e-15 1.19222984e-08 5.46120646e-08
 1.14267429e-07 4.40227358e-07 5.64488048e-07 2.26050254e-06
 4.70583498e-06 1.16386809e-05 2.15811960e-05 5.81984143e-05
 9.21245964e-05 1.59649053e-04 2.88679805e-04 7.71221559e-04
 1.79432827e-03 5.98289522e-03 1.72969617e-02 9.93629577e-01
 1.94312223e+00 1.98385794e+00 1.99071287e+00 1.99397612e+00
 1.99731438e+00 1.99935614e+00 1.99972755e+00 1.99981273e+00
 1.99993213e+00 1.99996400e+00 1.99998392e+00 1.99999491e+00
 1.99999662e+00 1.99999749e+00 1.99999844e+00 1.99999894e+00
 1.99999937e+00 1.99999963e+00 1.99999968e+00 1.99999974e+00
 1.99999989e+00 1.99999998e+00 1.99999999e+00 1.99999999e+00
 2.00000000e+00 2.00000000e+00 2.00000000e+00 2.00000000e+00
 2.00000000e+00 2.00000000e+00 2.00000000e+00 2.00000000e+00
 2.00000000e+00 2.00000000e+00 2.00000000e+00 2.00000000e+00
 2.00000000e+00 2.00000000e+00 2.00000000e+00 2.00000000e+00
 2.00000000e+00 2.00000000e+00 2.00000000e+00 2.00000000e+00
 2.00000000e+00 2.00000000e+00 2.00000000e+00 2.00000000e+00
 2.00000000e+00 2.00000000e+00 2.00000000e+00 2.00000000e+00
 2.00000000e+00]

	SCF Occupancy Eigenvalues for Fragment Number : # 5
	[1.73289121e-15 1.72533111e-15 1.61769732e-15 1.57393014e-15
 1.33280120e-15 1.18300026e-15 1.14087538e-15 1.10571323e-15
 1.08134481e-15 1.00425109e-15 9.96342414e-16 9.69000001e-16
 8.35872700e-16 7.82471825e-16 7.78745192e-16 7.12819308e-16
 6.30456577e-16 6.28591757e-16 5.94674769e-16 5.78071384e-16
 5.58686815e-16 5.06394991e-16 4.58985191e-16 4.40753904e-16
 4.17193997e-16 4.14703111e-16 3.53327733e-16 3.11706172e-16
 3.03975541e-16 2.50041112e-16 2.37198345e-16 2.07339466e-16
 1.91675971e-16 1.74754798e-16 1.54470144e-16 1.35710772e-16
 1.24924165e-16 1.06429473e-16 9.88287546e-17 7.74241607e-17
 6.70869784e-17 6.68615097e-17 3.94744487e-17 3.32066609e-17
 3.20520617e-17 1.80852754e-17 1.64680797e-17 1.17381269e-17
 8.40581903e-18 4.60541989e-18 3.85278069e-18 2.27448893e-18
 6.59640842e-19 1.11523894e-18 2.65882285e-18 4.82410804e-18
 6.65387737e-18 8.04228061e-18 1.27638261e-17 1.78535657e-17
 2.29573210e-17 3.87439179e-17 4.06632716e-17 4.91308211e-17
 6.17776131e-17 8.37867187e-17 8.62092186e-17 8.96280616e-17
 1.23132474e-16 1.45574514e-16 1.54146444e-16 1.59030009e-16
 2.05934788e-16 2.08940771e-16 2.31791546e-16 2.44172076e-16
 2.91899519e-16 3.13672451e-16 3.81375343e-16 3.90496547e-16
 3.94710796e-16 3.94794984e-16 4.61061355e-16 4.85652860e-16
 5.15210763e-16 5.87660054e-16 6.05047199e-16 6.27322267e-16
 6.49394783e-16 6.85679594e-16 7.15466072e-16 7.38451558e-16
 7.72066270e-16 8.27072088e-16 9.04887983e-16 9.53138785e-16
 9.78687925e-16 1.05010539e-15 1.08675796e-15 1.09835066e-15
 1.16719378e-15 1.18245553e-15 1.18984877e-15 1.24738363e-15
 1.35303565e-15 1.48067167e-15 8.18434033e-06 1.08372466e-05
 2.77672447e-04 2.68677348e-03 2.87301446e-03 1.36226788e-02
 3.36208934e-02 3.44049850e-02 5.34832522e-02 5.57739523e-02
 3.76646160e-01 1.17616349e+00 1.32744840e+00 1.80810052e+00
 1.99401368e+00 1.99827073e+00 1.99843187e+00 1.99937392e+00
 1.99947768e+00 1.99975916e+00 1.99981673e+00 1.99992397e+00
 1.99994636e+00 1.99996866e+00 1.99997214e+00 1.99998191e+00
 1.99999607e+00 2.00000000e+00 2.00000000e+00 2.00000000e+00
 2.00000000e+00 2.00000000e+00 2.00000000e+00 2.00000000e+00
 2.00000000e+00 2.00000000e+00 2.00000000e+00 2.00000000e+00
 2.00000000e+00 2.00000000e+00 2.00000000e+00 2.00000000e+00
 2.00000000e+00 2.00000000e+00 2.00000000e+00 2.00000000e+00
 2.00000000e+00 2.00000000e+00 2.00000000e+00 2.00000000e+00
 2.00000000e+00 2.00000000e+00 2.00000000e+00 2.00000000e+00
 2.00000000e+00 2.00000000e+00 2.00000000e+00 2.00000000e+00
 2.00000000e+00 2.00000000e+00 2.00000000e+00 2.00000000e+00
 2.00000000e+00 2.00000000e+00 2.00000000e+00 2.00000000e+00
 2.00000000e+00 2.00000000e+00 2.00000000e+00 2.00000000e+00
 2.00000000e+00]

		Fragment Number : #  1
		------------------------
		CCSD diag: n_active_mos=98, n_active_electrons=98, trace(onerdm)=98.0
		Fragment Energy = -593.4449003992873
		Number of Electrons in Fragment = 32.86527243086802
		Fragment Number : #  2
		------------------------
		CCSD diag: n_active_mos=26, n_active_electrons=26, trace(onerdm)=25.999999999999996
		Fragment Energy = -124.38656398565755
		Number of Electrons in Fragment = 7.940505012985702
		Fragment Number : #  3
		------------------------
		CCSD diag: n_active_mos=102, n_active_electrons=102, trace(onerdm)=102.00000000000001
		Fragment Energy = -574.7155301456887
		Number of Electrons in Fragment = 35.07639475343114
		Fragment Number : #  4
		------------------------
		CCSD diag: n_active_mos=26, n_active_electrons=26, trace(onerdm)=26.0
		Fragment Energy = -124.36642170202909
		Number of Electrons in Fragment = 7.940460278347685
		Fragment Number : #  5
		------------------------
		CCSD diag: n_active_mos=102, n_active_electrons=102, trace(onerdm)=101.99999999999999
		Fragment Energy = -574.7028387956735
		Number of Electrons in Fragment = 35.076363943576425
Fragment: n_homo=26, n_lumo=27, kept=[25, 26, 27, 28]
		Fragment Number : #  6
		------------------------
Pass: Decompose - 0.60201 (ms)Pass: MergeOrbitalRotations - 0.05007 (ms)SQD counts diag: n_bits=8, first_bitstring=[0, 0, 1, 1, 0, 0, 1, 1], hamming_left=2, hamming_right=2
SQD postselect diag: total_samples=1, total_postselected=8, batch_sizes=[1, 1, 1, 1, 1, 1, 1, 1]
SQD batch diag: batch0_shape=(1, 8), first_bitstring=[0, 0, 1, 1, 0, 0, 1, 1], hamming_left=2, hamming_right=2
SQD sci diag: batch=0, norb=4, nelec=(2, 2), amp_norm=1.0, trace(rdm1)=4.0
SQD sci diag: batch=1, norb=4, nelec=(2, 2), amp_norm=1.0, trace(rdm1)=4.0
SQD sci diag: batch=2, norb=4, nelec=(2, 2), amp_norm=1.0, trace(rdm1)=4.0
SQD sci diag: batch=3, norb=4, nelec=(2, 2), amp_norm=1.0, trace(rdm1)=4.0
SQD sci diag: batch=4, norb=4, nelec=(2, 2), amp_norm=1.0, trace(rdm1)=4.0
SQD sci diag: batch=5, norb=4, nelec=(2, 2), amp_norm=1.0, trace(rdm1)=4.0
SQD sci diag: batch=6, norb=4, nelec=(2, 2), amp_norm=1.0, trace(rdm1)=4.0
SQD sci diag: batch=7, norb=4, nelec=(2, 2), amp_norm=1.0, trace(rdm1)=4.0
SQD postselect diag: total_samples=1, total_postselected=8, batch_sizes=[1, 1, 1, 1, 1, 1, 1, 1]
SQD batch diag: batch0_shape=(1, 8), first_bitstring=[0, 0, 1, 1, 0, 0, 1, 1], hamming_left=2, hamming_right=2
SQD sci diag: batch=0, norb=4, nelec=(2, 2), amp_norm=1.0, trace(rdm1)=4.0
SQD sci diag: batch=1, norb=4, nelec=(2, 2), amp_norm=1.0, trace(rdm1)=4.0
SQD sci diag: batch=2, norb=4, nelec=(2, 2), amp_norm=1.0, trace(rdm1)=4.0
SQD sci diag: batch=3, norb=4, nelec=(2, 2), amp_norm=1.0, trace(rdm1)=4.0
SQD sci diag: batch=4, norb=4, nelec=(2, 2), amp_norm=1.0, trace(rdm1)=4.0
SQD sci diag: batch=5, norb=4, nelec=(2, 2), amp_norm=1.0, trace(rdm1)=4.0
SQD sci diag: batch=6, norb=4, nelec=(2, 2), amp_norm=1.0, trace(rdm1)=4.0
SQD sci diag: batch=7, norb=4, nelec=(2, 2), amp_norm=1.0, trace(rdm1)=4.0
		SQD diag: n_active_mos=4, n_active_electrons=4, trace(onerdm)=4.0
		Fragment Energy = -446.48939354391536
		Number of Electrons in Fragment = 23.100997846778508
 	Iteration =  4
 	----------------
 
	SCF Occupancy Eigenvalues for Fragment Number : # 0
	[2.10789886e-15 1.80098384e-15 1.54291773e-15 1.08304965e-15
 1.05200510e-15 1.03382134e-15 1.00483206e-15 9.85432820e-16
 8.83351877e-16 7.72717678e-16 7.35379044e-16 6.45926125e-16
 6.44887323e-16 5.40940086e-16 5.34705909e-16 4.31814724e-16
 4.31467794e-16 4.30097426e-16 3.48197298e-16 3.35361611e-16
 3.32636866e-16 3.23124664e-16 3.09723474e-16 2.54964292e-16
 2.54057872e-16 2.22661768e-16 1.75667697e-16 1.71553558e-16
 1.19804338e-16 1.17377282e-16 1.06889667e-16 8.30810852e-17
 6.60776569e-17 6.33079362e-17 4.53563853e-17 3.37034828e-17
 3.34626074e-17 2.71573153e-17 1.72643398e-17 1.65861451e-17
 6.19642209e-18 3.55525706e-18 2.36560551e-18 8.61659133e-19
 7.53019076e-19 1.34346067e-18 2.66908231e-18 3.32108067e-18
 4.20651741e-18 6.11143964e-18 9.36457036e-18 1.50514543e-17
 1.86477863e-17 2.24858252e-17 3.09227780e-17 4.38823519e-17
 4.64369332e-17 6.89075970e-17 1.02501865e-16 1.25092918e-16
 1.53947754e-16 2.03022215e-16 2.22044602e-16 2.33414983e-16
 3.01460961e-16 3.14184137e-16 3.40683286e-16 4.17097462e-16
 4.66487896e-16 5.10822828e-16 5.19189220e-16 5.71442441e-16
 6.50111441e-16 6.55642131e-16 6.63702228e-16 6.92436981e-16
 7.52092722e-16 7.56927109e-16 9.11775536e-16 9.23059609e-16
 1.20556880e-15 1.39833251e-15 1.39877780e-15 2.92262390e-15
 1.89682805e-06 2.66460270e-06 1.57482627e-05 3.14428262e-05
 4.89445509e-05 9.43566573e-05 2.10397006e-04 2.25724927e-04
 1.90669190e-03 2.66702401e-03 5.58424552e-03 7.35256508e-03
 1.92680737e-02 1.94369240e-01 6.75845070e-01 8.23127952e-01
 9.36768413e-01 9.54445582e-01 1.63765073e+00 1.96080943e+00
 1.97054349e+00 1.98264060e+00 1.99199955e+00 1.99427537e+00
 1.99658528e+00 1.99671679e+00 1.99695135e+00 1.99801485e+00
 1.99839545e+00 1.99867697e+00 1.99947452e+00 1.99966870e+00
 1.99991457e+00 1.99995888e+00 1.99997081e+00 1.99998013e+00
 1.99998664e+00 1.99999183e+00 1.99999508e+00 1.99999610e+00
 1.99999761e+00 1.99999783e+00 1.99999902e+00 1.99999952e+00
 1.99999961e+00 1.99999971e+00 1.99999983e+00 1.99999992e+00
 1.99999998e+00 2.00000000e+00 2.00000000e+00 2.00000000e+00
 2.00000000e+00 2.00000000e+00 2.00000000e+00 2.00000000e+00
 2.00000000e+00 2.00000000e+00 2.00000000e+00 2.00000000e+00
 2.00000000e+00 2.00000000e+00 2.00000000e+00 2.00000000e+00
 2.00000000e+00 2.00000000e+00 2.00000000e+00 2.00000000e+00
 2.00000000e+00 2.00000000e+00 2.00000000e+00]

	SCF Occupancy Eigenvalues for Fragment Number : # 1
	[1.70325476e-15 1.65718073e-15 1.46831790e-15 1.35528080e-15
 1.18490481e-15 1.13116632e-15 1.11893714e-15 9.81851096e-16
 9.67696111e-16 9.36269792e-16 9.12547488e-16 8.96759780e-16
 7.84277569e-16 7.17977170e-16 6.96816806e-16 6.88554216e-16
 6.12467808e-16 6.06587992e-16 5.52082494e-16 5.50384652e-16
 5.27209836e-16 5.02128043e-16 4.45278620e-16 4.18269739e-16
 4.18072877e-16 4.15542560e-16 4.07303492e-16 3.90610699e-16
 3.88760431e-16 3.82785613e-16 3.44061489e-16 3.25017430e-16
 3.20311554e-16 3.05781482e-16 2.64614723e-16 2.60102843e-16
 2.03657531e-16 1.88388150e-16 1.76092766e-16 1.25114944e-16
 1.24002311e-16 1.03216047e-16 9.83501684e-17 9.78146557e-17
 9.35351856e-17 8.07863339e-17 7.05920503e-17 6.20957910e-17
 6.02819988e-17 5.35124707e-17 4.94126092e-17 3.86715808e-17
 2.75594477e-17 2.70693957e-17 1.44304705e-17 1.19371526e-17
 1.12922453e-17 7.90709409e-18 5.98290912e-18 4.05207797e-18
 3.60833589e-18 2.22082514e-18 9.46408425e-19 2.35526843e-19
 1.92202590e-19 4.67403131e-19 1.25954381e-18 1.98466475e-18
 3.51777309e-18 4.74325656e-18 7.52016715e-18 8.59705939e-18
 1.80351948e-17 1.85764590e-17 2.28384925e-17 3.16817573e-17
 5.80079688e-17 6.76910872e-17 7.47819519e-17 8.96360194e-17
 1.18273450e-16 1.19401972e-16 1.36019458e-16 1.62305065e-16
 1.72070205e-16 1.83257208e-16 1.98965414e-16 2.10736199e-16
 2.30145051e-16 2.35101851e-16 3.18908410e-16 3.21883227e-16
 3.21888874e-16 3.32351145e-16 4.21760367e-16 4.58459770e-16
 4.72550351e-16 4.80684662e-16 4.84370352e-16 5.49787552e-16
 5.70932437e-16 6.45163290e-16 6.98542801e-16 8.34640515e-16
 8.70195786e-16 9.52053421e-16 9.85344980e-16 1.03387217e-15
 1.18135264e-15 1.20098649e-15 1.25451649e-15 1.31517424e-15
 1.37245919e-15 1.41924992e-15 1.44852589e-15 1.46490442e-15
 1.59154132e-15 2.08480924e-15 2.09341107e-15 2.31716584e-15
 2.31577176e-05 1.77533255e-02 2.92978422e-02 1.00685669e+00
 1.05918469e+00 1.96879505e+00 1.98752476e+00 1.99617855e+00
 1.99872474e+00 1.99926878e+00 1.99959911e+00 1.99986007e+00
 1.99995843e+00 2.00000000e+00 2.00000000e+00 2.00000000e+00
 2.00000000e+00 2.00000000e+00 2.00000000e+00 2.00000000e+00
 2.00000000e+00 2.00000000e+00 2.00000000e+00 2.00000000e+00
 2.00000000e+00 2.00000000e+00 2.00000000e+00 2.00000000e+00
 2.00000000e+00 2.00000000e+00 2.00000000e+00 2.00000000e+00
 2.00000000e+00 2.00000000e+00 2.00000000e+00 2.00000000e+00
 2.00000000e+00 2.00000000e+00 2.00000000e+00 2.00000000e+00
 2.00000000e+00 2.00000000e+00 2.00000000e+00 2.00000000e+00
 2.00000000e+00 2.00000000e+00 2.00000000e+00 2.00000000e+00
 2.00000000e+00 2.00000000e+00 2.00000000e+00 2.00000000e+00
 2.00000000e+00 2.00000000e+00 2.00000000e+00 2.00000000e+00
 2.00000000e+00 2.00000000e+00 2.00000000e+00 2.00000000e+00
 2.00000000e+00 2.00000000e+00 2.00000000e+00 2.00000000e+00
 2.00000000e+00 2.00000000e+00 2.00000000e+00 2.00000000e+00
 2.00000000e+00 2.00000000e+00 2.00000000e+00]

	SCF Occupancy Eigenvalues for Fragment Number : # 2
	[1.71764589e-15 1.17513742e-15 1.16345507e-15 9.89625951e-16
 8.50054049e-16 7.03240956e-16 6.28788613e-16 5.68043861e-16
 5.26951624e-16 4.93656545e-16 4.56674263e-16 4.38165968e-16
 4.07668748e-16 4.06766060e-16 3.78660357e-16 3.46120601e-16
 2.96144812e-16 2.80678842e-16 2.50855260e-16 2.44740485e-16
 2.20353098e-16 1.84505309e-16 1.54690105e-16 1.26017966e-16
 1.18022935e-16 1.07572372e-16 8.69685064e-17 7.34284093e-17
 6.81639231e-17 6.07741278e-17 2.98602820e-17 2.34525413e-17
 1.70910666e-17 1.61123622e-17 9.34367835e-18 8.34475697e-18
 6.55377124e-18 1.33043514e-18 3.28754703e-19 1.11217690e-18
 3.33287964e-18 1.07927432e-17 1.50679537e-17 1.82228511e-17
 2.30671295e-17 2.62513952e-17 3.09205875e-17 4.46272812e-17
 5.72591328e-17 6.93889390e-17 8.88524558e-17 9.23026019e-17
 1.04089217e-16 1.24352698e-16 1.51659040e-16 1.59082451e-16
 1.73323926e-16 2.01361234e-16 2.69322311e-16 2.70616862e-16
 2.77551781e-16 3.13803949e-16 3.75008486e-16 4.10406905e-16
 4.51263036e-16 5.28473404e-16 5.55722163e-16 5.59857183e-16
 5.68575735e-16 5.94227976e-16 7.06279193e-16 7.49380900e-16
 8.02596838e-16 8.75845086e-16 9.11577001e-16 9.34309131e-16
 1.09889864e-15 1.42067193e-15 1.43041550e-15 1.76068362e-15
 2.25693290e-15 2.44393914e-15 1.19921678e-08 5.47671844e-08
 1.14257243e-07 4.39591992e-07 5.63759176e-07 2.26248889e-06
 4.70362419e-06 1.16467428e-05 2.15800365e-05 5.81957430e-05
 9.20410623e-05 1.59754214e-04 2.88253530e-04 7.70455422e-04
 1.79210899e-03 5.98135133e-03 1.72899439e-02 9.93531224e-01
 1.94320795e+00 1.98384638e+00 1.99071161e+00 1.99398180e+00
 1.99731348e+00 1.99935685e+00 1.99972796e+00 1.99981217e+00
 1.99993254e+00 1.99996401e+00 1.99998401e+00 1.99999493e+00
 1.99999661e+00 1.99999748e+00 1.99999844e+00 1.99999893e+00
 1.99999937e+00 1.99999963e+00 1.99999968e+00 1.99999974e+00
 1.99999989e+00 1.99999998e+00 1.99999999e+00 1.99999999e+00
 2.00000000e+00 2.00000000e+00 2.00000000e+00 2.00000000e+00
 2.00000000e+00 2.00000000e+00 2.00000000e+00 2.00000000e+00
 2.00000000e+00 2.00000000e+00 2.00000000e+00 2.00000000e+00
 2.00000000e+00 2.00000000e+00 2.00000000e+00 2.00000000e+00
 2.00000000e+00 2.00000000e+00 2.00000000e+00 2.00000000e+00
 2.00000000e+00 2.00000000e+00 2.00000000e+00 2.00000000e+00
 2.00000000e+00 2.00000000e+00 2.00000000e+00 2.00000000e+00
 2.00000000e+00]

	SCF Occupancy Eigenvalues for Fragment Number : # 3
	[1.97935595e-15 1.71861897e-15 1.52486300e-15 1.44005933e-15
 1.42016205e-15 1.34244874e-15 1.26743204e-15 1.04647248e-15
 1.02691291e-15 8.73032909e-16 8.71959539e-16 8.54958090e-16
 8.20677267e-16 7.98387242e-16 7.33446538e-16 7.16796392e-16
 7.12464930e-16 6.91857463e-16 6.22649993e-16 5.50144406e-16
 5.14089495e-16 5.09758836e-16 5.02239613e-16 4.49619543e-16
 4.40695668e-16 4.20114998e-16 3.89392912e-16 3.71230824e-16
 3.13459705e-16 3.13147095e-16 2.84797837e-16 2.58004574e-16
 2.29699796e-16 2.09906430e-16 2.08493721e-16 2.06937461e-16
 1.90212254e-16 1.57268946e-16 1.39998853e-16 1.09718347e-16
 1.07502229e-16 7.56781748e-17 5.32589371e-17 4.87055454e-17
 4.86021057e-17 4.64871444e-17 2.92919158e-17 2.41882964e-17
 1.84590233e-17 1.33610774e-17 1.01668241e-17 9.30318718e-18
 9.19143225e-18 6.14814454e-18 5.19472347e-18 2.55525430e-18
 1.69801114e-18 8.53794775e-19 0.00000000e+00 9.84854341e-19
 3.24163722e-18 4.49488497e-18 5.81035985e-18 7.51894680e-18
 8.32911458e-18 1.51057900e-17 1.56869799e-17 1.89749148e-17
 2.23591086e-17 3.08193692e-17 3.41950403e-17 5.52440367e-17
 7.12110001e-17 8.48012540e-17 9.71446575e-17 1.12451843e-16
 1.14514190e-16 1.23971300e-16 1.42583724e-16 1.67132749e-16
 1.75415528e-16 1.87843787e-16 2.24504172e-16 2.41458612e-16
 2.48233328e-16 2.56592312e-16 2.71572251e-16 2.72092247e-16
 2.91625267e-16 3.01625583e-16 3.47566923e-16 3.70758873e-16
 3.72020587e-16 3.89730949e-16 4.39514072e-16 4.56648272e-16
 4.98221763e-16 5.74319040e-16 5.88962995e-16 6.29049936e-16
 6.37964757e-16 6.66805390e-16 6.70993733e-16 7.91915809e-16
 8.05488991e-16 8.19731787e-16 8.79038020e-16 8.99079046e-16
 9.26286611e-16 1.06507203e-15 1.06837969e-15 1.09850183e-15
 1.17922909e-15 1.27066723e-15 1.37179634e-15 1.58739064e-15
 1.64454993e-15 1.73949434e-15 1.77898036e-15 2.16519798e-15
 2.31502445e-05 1.77954147e-02 2.93705539e-02 1.00678212e+00
 1.05917426e+00 1.96884642e+00 1.98747774e+00 1.99618503e+00
 1.99872946e+00 1.99927378e+00 1.99960009e+00 1.99986049e+00
 1.99995864e+00 2.00000000e+00 2.00000000e+00 2.00000000e+00
 2.00000000e+00 2.00000000e+00 2.00000000e+00 2.00000000e+00
 2.00000000e+00 2.00000000e+00 2.00000000e+00 2.00000000e+00
 2.00000000e+00 2.00000000e+00 2.00000000e+00 2.00000000e+00
 2.00000000e+00 2.00000000e+00 2.00000000e+00 2.00000000e+00
 2.00000000e+00 2.00000000e+00 2.00000000e+00 2.00000000e+00
 2.00000000e+00 2.00000000e+00 2.00000000e+00 2.00000000e+00
 2.00000000e+00 2.00000000e+00 2.00000000e+00 2.00000000e+00
 2.00000000e+00 2.00000000e+00 2.00000000e+00 2.00000000e+00
 2.00000000e+00 2.00000000e+00 2.00000000e+00 2.00000000e+00
 2.00000000e+00 2.00000000e+00 2.00000000e+00 2.00000000e+00
 2.00000000e+00 2.00000000e+00 2.00000000e+00 2.00000000e+00
 2.00000000e+00 2.00000000e+00 2.00000000e+00 2.00000000e+00
 2.00000000e+00 2.00000000e+00 2.00000000e+00 2.00000000e+00
 2.00000000e+00 2.00000000e+00 2.00000000e+00]

	SCF Occupancy Eigenvalues for Fragment Number : # 4
	[1.34467008e-15 1.17469673e-15 9.61265365e-16 8.50881243e-16
 8.24797309e-16 7.05772715e-16 5.89615363e-16 5.53793097e-16
 5.40313073e-16 5.34691324e-16 4.68410668e-16 4.52275748e-16
 4.36927922e-16 4.25677635e-16 3.73046877e-16 3.47370789e-16
 3.21507491e-16 3.19086380e-16 3.17828049e-16 2.73440645e-16
 2.30834396e-16 2.15350549e-16 1.81601224e-16 1.59828810e-16
 1.59174254e-16 1.57859836e-16 1.51881211e-16 1.31959208e-16
 1.19772724e-16 1.05798065e-16 1.01332402e-16 6.99212464e-17
 6.67725151e-17 6.13860900e-17 4.44421323e-17 3.84346476e-17
 2.60378117e-17 2.58040117e-17 2.12096951e-17 1.40865368e-17
 1.53074281e-18 7.77294816e-19 1.33254655e-18 6.30725608e-18
 1.48248064e-17 2.38503059e-17 3.70218194e-17 4.05823417e-17
 4.89431179e-17 6.28317464e-17 7.80999248e-17 1.07855906e-16
 1.15386195e-16 1.21897478e-16 1.35847627e-16 1.37447165e-16
 1.69578485e-16 1.94699600e-16 1.99332194e-16 2.16496186e-16
 2.40161803e-16 2.50192206e-16 2.52731705e-16 3.24304179e-16
 3.52295616e-16 3.82443344e-16 3.98180985e-16 4.29553780e-16
 4.69513175e-16 5.52911405e-16 6.14056327e-16 6.55551889e-16
 7.42401890e-16 7.50189760e-16 7.98222384e-16 9.02014243e-16
 1.01697952e-15 1.03717123e-15 1.24599095e-15 1.39636295e-15
 1.42478928e-15 1.48103339e-15 1.19222984e-08 5.46120646e-08
 1.14267429e-07 4.40227358e-07 5.64488048e-07 2.26050254e-06
 4.70583498e-06 1.16386809e-05 2.15811960e-05 5.81984143e-05
 9.21245964e-05 1.59649053e-04 2.88679805e-04 7.71221559e-04
 1.79432827e-03 5.98289522e-03 1.72969617e-02 9.93629577e-01
 1.94312223e+00 1.98385794e+00 1.99071287e+00 1.99397612e+00
 1.99731438e+00 1.99935614e+00 1.99972755e+00 1.99981273e+00
 1.99993213e+00 1.99996400e+00 1.99998392e+00 1.99999491e+00
 1.99999662e+00 1.99999749e+00 1.99999844e+00 1.99999894e+00
 1.99999937e+00 1.99999963e+00 1.99999968e+00 1.99999974e+00
 1.99999989e+00 1.99999998e+00 1.99999999e+00 1.99999999e+00
 2.00000000e+00 2.00000000e+00 2.00000000e+00 2.00000000e+00
 2.00000000e+00 2.00000000e+00 2.00000000e+00 2.00000000e+00
 2.00000000e+00 2.00000000e+00 2.00000000e+00 2.00000000e+00
 2.00000000e+00 2.00000000e+00 2.00000000e+00 2.00000000e+00
 2.00000000e+00 2.00000000e+00 2.00000000e+00 2.00000000e+00
 2.00000000e+00 2.00000000e+00 2.00000000e+00 2.00000000e+00
 2.00000000e+00 2.00000000e+00 2.00000000e+00 2.00000000e+00
 2.00000000e+00]

	SCF Occupancy Eigenvalues for Fragment Number : # 5
	[1.73289121e-15 1.72533111e-15 1.61769732e-15 1.57393014e-15
 1.33280120e-15 1.18300026e-15 1.14087538e-15 1.10571323e-15
 1.08134481e-15 1.00425109e-15 9.96342414e-16 9.69000001e-16
 8.35872700e-16 7.82471825e-16 7.78745192e-16 7.12819308e-16
 6.30456577e-16 6.28591757e-16 5.94674769e-16 5.78071384e-16
 5.58686815e-16 5.06394991e-16 4.58985191e-16 4.40753904e-16
 4.17193997e-16 4.14703111e-16 3.53327733e-16 3.11706172e-16
 3.03975541e-16 2.50041112e-16 2.37198345e-16 2.07339466e-16
 1.91675971e-16 1.74754798e-16 1.54470144e-16 1.35710772e-16
 1.24924165e-16 1.06429473e-16 9.88287546e-17 7.74241607e-17
 6.70869784e-17 6.68615097e-17 3.94744487e-17 3.32066609e-17
 3.20520617e-17 1.80852754e-17 1.64680797e-17 1.17381269e-17
 8.40581903e-18 4.60541989e-18 3.85278069e-18 2.27448893e-18
 6.59640842e-19 1.11523894e-18 2.65882285e-18 4.82410804e-18
 6.65387737e-18 8.04228061e-18 1.27638261e-17 1.78535657e-17
 2.29573210e-17 3.87439179e-17 4.06632716e-17 4.91308211e-17
 6.17776131e-17 8.37867187e-17 8.62092186e-17 8.96280616e-17
 1.23132474e-16 1.45574514e-16 1.54146444e-16 1.59030009e-16
 2.05934788e-16 2.08940771e-16 2.31791546e-16 2.44172076e-16
 2.91899519e-16 3.13672451e-16 3.81375343e-16 3.90496547e-16
 3.94710796e-16 3.94794984e-16 4.61061355e-16 4.85652860e-16
 5.15210763e-16 5.87660054e-16 6.05047199e-16 6.27322267e-16
 6.49394783e-16 6.85679594e-16 7.15466072e-16 7.38451558e-16
 7.72066270e-16 8.27072088e-16 9.04887983e-16 9.53138785e-16
 9.78687925e-16 1.05010539e-15 1.08675796e-15 1.09835066e-15
 1.16719378e-15 1.18245553e-15 1.18984877e-15 1.24738363e-15
 1.35303565e-15 1.48067167e-15 8.18434033e-06 1.08372466e-05
 2.77672447e-04 2.68677348e-03 2.87301446e-03 1.36226788e-02
 3.36208934e-02 3.44049850e-02 5.34832522e-02 5.57739523e-02
 3.76646160e-01 1.17616349e+00 1.32744840e+00 1.80810052e+00
 1.99401368e+00 1.99827073e+00 1.99843187e+00 1.99937392e+00
 1.99947768e+00 1.99975916e+00 1.99981673e+00 1.99992397e+00
 1.99994636e+00 1.99996866e+00 1.99997214e+00 1.99998191e+00
 1.99999607e+00 2.00000000e+00 2.00000000e+00 2.00000000e+00
 2.00000000e+00 2.00000000e+00 2.00000000e+00 2.00000000e+00
 2.00000000e+00 2.00000000e+00 2.00000000e+00 2.00000000e+00
 2.00000000e+00 2.00000000e+00 2.00000000e+00 2.00000000e+00
 2.00000000e+00 2.00000000e+00 2.00000000e+00 2.00000000e+00
 2.00000000e+00 2.00000000e+00 2.00000000e+00 2.00000000e+00
 2.00000000e+00 2.00000000e+00 2.00000000e+00 2.00000000e+00
 2.00000000e+00 2.00000000e+00 2.00000000e+00 2.00000000e+00
 2.00000000e+00 2.00000000e+00 2.00000000e+00 2.00000000e+00
 2.00000000e+00 2.00000000e+00 2.00000000e+00 2.00000000e+00
 2.00000000e+00 2.00000000e+00 2.00000000e+00 2.00000000e+00
 2.00000000e+00]

		Fragment Number : #  1
		------------------------
		CCSD diag: n_active_mos=98, n_active_electrons=98, trace(onerdm)=98.00000000000001
		Fragment Energy = -593.4449202374054
		Number of Electrons in Fragment = 32.865274124463824
		Fragment Number : #  2
		------------------------
		CCSD diag: n_active_mos=26, n_active_electrons=26, trace(onerdm)=26.000000000000004
		Fragment Energy = -124.38657339181214
		Number of Electrons in Fragment = 7.940505847573118
		Fragment Number : #  3
		------------------------
		CCSD diag: n_active_mos=102, n_active_electrons=102, trace(onerdm)=102.00000000000001
		Fragment Energy = -574.715536395406
		Number of Electrons in Fragment = 35.07639538917426
		Fragment Number : #  4
		------------------------
		CCSD diag: n_active_mos=26, n_active_electrons=26, trace(onerdm)=25.999999999999996
		Fragment Energy = -124.36643110670377
		Number of Electrons in Fragment = 7.9404611130461635
		Fragment Number : #  5
		------------------------
		CCSD diag: n_active_mos=102, n_active_electrons=102, trace(onerdm)=102.0
		Fragment Energy = -574.7028450455721
		Number of Electrons in Fragment = 35.076364579353765
Fragment: n_homo=26, n_lumo=27, kept=[25, 26, 27, 28]
		Fragment Number : #  6
		------------------------
Pass: Decompose - 0.86975 (ms)Pass: MergeOrbitalRotations - 0.05507 (ms)SQD counts diag: n_bits=8, first_bitstring=[0, 0, 1, 1, 0, 0, 1, 1], hamming_left=2, hamming_right=2
SQD postselect diag: total_samples=1, total_postselected=8, batch_sizes=[1, 1, 1, 1, 1, 1, 1, 1]
SQD batch diag: batch0_shape=(1, 8), first_bitstring=[0, 0, 1, 1, 0, 0, 1, 1], hamming_left=2, hamming_right=2
SQD sci diag: batch=0, norb=4, nelec=(2, 2), amp_norm=1.0, trace(rdm1)=4.0
SQD sci diag: batch=1, norb=4, nelec=(2, 2), amp_norm=1.0, trace(rdm1)=4.0
SQD sci diag: batch=2, norb=4, nelec=(2, 2), amp_norm=1.0, trace(rdm1)=4.0
SQD sci diag: batch=3, norb=4, nelec=(2, 2), amp_norm=1.0, trace(rdm1)=4.0
SQD sci diag: batch=4, norb=4, nelec=(2, 2), amp_norm=1.0, trace(rdm1)=4.0
SQD sci diag: batch=5, norb=4, nelec=(2, 2), amp_norm=1.0, trace(rdm1)=4.0
SQD sci diag: batch=6, norb=4, nelec=(2, 2), amp_norm=1.0, trace(rdm1)=4.0
SQD sci diag: batch=7, norb=4, nelec=(2, 2), amp_norm=1.0, trace(rdm1)=4.0
SQD postselect diag: total_samples=1, total_postselected=8, batch_sizes=[1, 1, 1, 1, 1, 1, 1, 1]
SQD batch diag: batch0_shape=(1, 8), first_bitstring=[0, 0, 1, 1, 0, 0, 1, 1], hamming_left=2, hamming_right=2
SQD sci diag: batch=0, norb=4, nelec=(2, 2), amp_norm=1.0, trace(rdm1)=4.0
SQD sci diag: batch=1, norb=4, nelec=(2, 2), amp_norm=1.0, trace(rdm1)=4.0
SQD sci diag: batch=2, norb=4, nelec=(2, 2), amp_norm=1.0, trace(rdm1)=4.0
SQD sci diag: batch=3, norb=4, nelec=(2, 2), amp_norm=1.0, trace(rdm1)=4.0
SQD sci diag: batch=4, norb=4, nelec=(2, 2), amp_norm=1.0, trace(rdm1)=4.0
SQD sci diag: batch=5, norb=4, nelec=(2, 2), amp_norm=1.0, trace(rdm1)=4.0
SQD sci diag: batch=6, norb=4, nelec=(2, 2), amp_norm=1.0, trace(rdm1)=4.0
SQD sci diag: batch=7, norb=4, nelec=(2, 2), amp_norm=1.0, trace(rdm1)=4.0
		SQD diag: n_active_mos=4, n_active_electrons=4, trace(onerdm)=4.0
		Fragment Energy = -446.4894062282119
		Number of Electrons in Fragment = 23.10099893709779
 	*** DMET Cycle Done *** 
 	DMET Energy ( a.u. ) =   -915.5780629248
 	Chemical Potential   =     -0.0110095078
DMET energy (Hartree): -915.578063
WARN: ECP not specified. The basis set CRENBL include an ECP. Recommended ECP: CRENBL.
Traceback (most recent call last):
  File "/home/bhabani/Kishore/Tangelo_2.0/run_dmet_sqd_relaxed_scan.py", line 315, in <module>
    tpp_dmet = DMETProblemDecomposition(tpp_options)
               ^^^^^^^^^^^^^^^^^^^^^^^^^^^^^^^^^^^^^
  File "/home/bhabani/Kishore/Tangelo_2.0/tangelo/problem_decomposition/dmet/dmet_problem_decomposition.py", line 167, in __init__
    raise RuntimeError("The number of elements in the frozen orbitals list does not match the number of fragments.")
RuntimeError: The number of elements in the frozen orbitals list does not match the number of fragments.
