
=== Relaxed scan: N–C distance = 1.30 Å ===
geometric-optimize called with the following command line:
tpp_CO2_relaxed_scan.py

                                        [91m())))))))))))))))/[0m                     
                                    [91m())))))))))))))))))))))))),[0m                
                                [91m*)))))))))))))))))))))))))))))))))[0m             
                        [94m#,[0m    [91m()))))))))/[0m                [91m.)))))))))),[0m          
                      [94m#%%%%,[0m  [91m())))))[0m                        [91m.))))))))*[0m        
                      [94m*%%%%%%,[0m  [91m))[0m              [93m..[0m              [91m,))))))).[0m      
                        [94m*%%%%%%,[0m         [93m***************/.[0m        [91m.)))))))[0m     
                [94m#%%/[0m      [94m(%%%%%%,[0m    [93m/*********************.[0m       [91m)))))))[0m    
              [94m.%%%%%%#[0m      [94m*%%%%%%,[0m  [93m*******/,[0m     [93m**********,[0m      [91m.))))))[0m   
                [94m.%%%%%%/[0m      [94m*%%%%%%,[0m  [93m**[0m              [93m********[0m      [91m.))))))[0m  
          [94m##[0m      [94m.%%%%%%/[0m      [94m(%%%%%%,[0m                  [93m,******[0m      [91m/)))))[0m  
        [94m%%%%%%[0m      [94m.%%%%%%#[0m      [94m*%%%%%%,[0m    [92m,/////.[0m       [93m******[0m      [91m))))))[0m 
      [94m#%[0m      [94m%%[0m      [94m.%%%%%%/[0m      [94m*%%%%%%,[0m  [92m////////,[0m      [93m*****/[0m     [91m,)))))[0m 
    [94m#%%[0m  [94m%%%[0m  [94m%%%#[0m      [94m.%%%%%%/[0m      [94m(%%%%%%,[0m  [92m///////.[0m     [93m/*****[0m      [91m))))).[0m
  [94m#%%%%.[0m      [94m%%%%%#[0m      [94m/%%%%%%*[0m      [94m#%%%%%%[0m   [92m/////)[0m     [93m******[0m      [91m))))),[0m
    [94m#%%%%##%[0m  [94m%%%#[0m      [94m.%%%%%%/[0m      [94m(%%%%%%,[0m  [92m///////.[0m     [93m/*****[0m      [91m))))).[0m
      [94m##[0m     [94m%%%[0m      [94m.%%%%%%/[0m      [94m*%%%%%%,[0m  [92m////////.[0m      [93m*****/[0m     [91m,)))))[0m 
        [94m#%%%%#[0m      [94m/%%%%%%/[0m      [94m(%%%%%%[0m      [92m/)/)//[0m       [93m******[0m      [91m))))))[0m 
          [94m##[0m      [94m.%%%%%%/[0m      [94m(%%%%%%,[0m                  [93m*******[0m      [91m))))))[0m  
                [94m.%%%%%%/[0m      [94m*%%%%%%,[0m  [93m**.[0m             [93m/*******[0m      [91m.))))))[0m  
              [94m*%%%%%%/[0m      [94m(%%%%%%[0m   [93m********/*..,*/*********[0m       [91m*))))))[0m   
                [94m#%%/[0m      [94m(%%%%%%,[0m    [93m*********************/[0m        [91m)))))))[0m    
                        [94m*%%%%%%,[0m         [93m,**************/[0m         [91m,))))))/[0m     
                      [94m(%%%%%%[0m   [91m()[0m                              [91m))))))))[0m       
                      [94m#%%%%,[0m  [91m())))))[0m                        [91m,)))))))),[0m        
                        [94m#,[0m    [91m())))))))))[0m                [91m,)))))))))).[0m          
                                 [91m()))))))))))))))))))))))))))))))/[0m             
                                    [91m())))))))))))))))))))))))).[0m                
                                         [91m())))))))))))))),[0m                     

-=# [1;94m geomeTRIC started. Version: 1.1 [0m #=-
Current date and time: 2026-04-17 12:19:12
#========================================================#
#| [92m    Arguments passed to driver run_optimizer():     [0m |#
#========================================================#
constraints               /tmp/tmpy8_khdvx/constraints.txt 
customengine              <pyscf.geomopt.geometric_solver.PySCFEngine object at 0x7f9fe42eab40> 
input                     /tmp/tmpo7aubwvi/db9e14c0-486a-42ee-85a1-dd05ce8240e4 
logIni                    /home/bhabani/miniconda3/lib/python3.12/site-packages/pyscf/geomopt/log.ini 
maxiter                   100 
----------------------------------------------------------
Custom engine selected.
$set
distance 5 30 1.30000000
Bonds will be generated from interatomic distances less than 1.20 times sum of covalent radii
96 internal coordinates being used (instead of 96 Cartesians)
Internal coordinate system (atoms numbered from 1):
Distance 5-30
Distance 1-2
Distance 1-5
Distance 1-19
Distance 2-3
Distance 2-6
Distance 3-4
Distance 3-7
Distance 4-5
Distance 4-8
Distance 8-9
Distance 8-10
Distance 8-11
Distance 11-12
Distance 11-13
Distance 12-14
Distance 12-18
Distance 13-15
Distance 13-16
Distance 15-17
Distance 15-18
Distance 19-20
Distance 19-21
Distance 19-22
Distance 22-23
Distance 22-24
Distance 23-25
Distance 23-26
Distance 24-27
Distance 24-29
Distance 25-28
Distance 25-29
Distance 30-31
Distance 30-32
Angle 2-1-19
Angle 5-1-19
Angle 1-2-6
Angle 3-2-6
Angle 2-3-7
Angle 4-3-7
Angle 3-4-8
Angle 5-4-8
Angle 1-5-30
Angle 4-5-30
Angle 4-8-9
Angle 4-8-10
Angle 4-8-11
Angle 9-8-10
Angle 9-8-11
Angle 10-8-11
Angle 8-11-13
Angle 12-11-13
Angle 11-12-18
Angle 14-12-18
Angle 11-13-16
Angle 15-13-16
Angle 13-15-18
Angle 17-15-18
Angle 12-18-15
Angle 1-19-20
Angle 1-19-21
Angle 1-19-22
Angle 20-19-21
Angle 20-19-22
Angle 21-19-22
Angle 19-22-24
Angle 23-22-24
Angle 22-23-26
Angle 25-23-26
Angle 22-24-29
Angle 27-24-29
Angle 23-25-29
Angle 28-25-29
Angle 24-29-25
Angle 5-30-32
Angle 31-30-32
Out-of-Plane 1-2-5-19
Out-of-Plane 2-1-3-6
Out-of-Plane 3-2-4-7
Out-of-Plane 4-3-5-8
Out-of-Plane 5-1-4-30
Out-of-Plane 11-8-12-13
Out-of-Plane 12-11-14-18
Out-of-Plane 13-11-15-16
Out-of-Plane 15-13-17-18
Out-of-Plane 22-19-23-24
Out-of-Plane 23-22-25-26
Out-of-Plane 24-22-27-29
Out-of-Plane 25-23-28-29
Out-of-Plane 30-5-31-32
Dihedral 5-1-2-3
Dihedral 5-1-2-6
Dihedral 19-1-2-3
Dihedral 19-1-2-6
Dihedral 2-1-5-4
Dihedral 2-1-5-30
Dihedral 19-1-5-4
Dihedral 19-1-5-30
Dihedral 2-1-19-20
Dihedral 2-1-19-21
Dihedral 2-1-19-22
Dihedral 5-1-19-20
Dihedral 5-1-19-21
Dihedral 5-1-19-22
Dihedral 1-2-3-4
Dihedral 1-2-3-7
Dihedral 6-2-3-4
Dihedral 6-2-3-7
Dihedral 2-3-4-5
Dihedral 2-3-4-8
Dihedral 7-3-4-5
Dihedral 7-3-4-8
Dihedral 3-4-5-1
Dihedral 3-4-5-30
Dihedral 8-4-5-1
Dihedral 8-4-5-30
Dihedral 3-4-8-9
Dihedral 3-4-8-10
Dihedral 3-4-8-11
Dihedral 5-4-8-9
Dihedral 5-4-8-10
Dihedral 5-4-8-11
Dihedral 1-5-30-31
Dihedral 1-5-30-32
Dihedral 4-5-30-31
Dihedral 4-5-30-32
Dihedral 4-8-11-12
Dihedral 4-8-11-13
Dihedral 9-8-11-12
Dihedral 9-8-11-13
Dihedral 10-8-11-12
Dihedral 10-8-11-13
Dihedral 8-11-12-14
Dihedral 8-11-12-18
Dihedral 13-11-12-14
Dihedral 13-11-12-18
Dihedral 8-11-13-15
Dihedral 8-11-13-16
Dihedral 12-11-13-15
Dihedral 12-11-13-16
Dihedral 11-12-18-15
Dihedral 14-12-18-15
Dihedral 11-13-15-17
Dihedral 11-13-15-18
Dihedral 16-13-15-17
Dihedral 16-13-15-18
Dihedral 13-15-18-12
Dihedral 17-15-18-12
Dihedral 1-19-22-23
Dihedral 1-19-22-24
Dihedral 20-19-22-23
Dihedral 20-19-22-24
Dihedral 21-19-22-23
Dihedral 21-19-22-24
Dihedral 19-22-23-25
Dihedral 19-22-23-26
Dihedral 24-22-23-25
Dihedral 24-22-23-26
Dihedral 19-22-24-27
Dihedral 19-22-24-29
Dihedral 23-22-24-27
Dihedral 23-22-24-29
Dihedral 22-23-25-28
Dihedral 22-23-25-29
Dihedral 26-23-25-28
Dihedral 26-23-25-29
Dihedral 22-24-29-25
Dihedral 27-24-29-25
Dihedral 23-25-29-24
Dihedral 28-25-29-24
Translation-X 1-32
Translation-Y 1-32
Translation-Z 1-32
Rotation-A 1-32
Rotation-B 1-32
Rotation-C 1-32
<class 'geometric.internal.Distance'> : 34
<class 'geometric.internal.Angle'> : 42
<class 'geometric.internal.OutOfPlane'> : 14
<class 'geometric.internal.Dihedral'> : 80
<class 'geometric.internal.TranslationX'> : 1
<class 'geometric.internal.TranslationY'> : 1
<class 'geometric.internal.TranslationZ'> : 1
<class 'geometric.internal.RotationA'> : 1
<class 'geometric.internal.RotationB'> : 1
<class 'geometric.internal.RotationC'> : 1
Constraint                         Current      Target       Diff.
Distance 5-30                      1.30000     1.30000    -0.00000
> ===== Optimization Info: ====
> Job type: Energy minimization
> Maximum number of optimization cycles: 100
> Initial / maximum trust radius (Angstrom): 0.100 / 0.300
> Convergence Criteria:
> Will converge when all 5 criteria are reached:
>  |Delta-E| < 1.00e-06
>  RMS-Ortho-Grad < 3.00e-04
>  Max-Ortho-Grad < 4.50e-04
>  RMS-Disp  < 1.20e-03
>  Max-Disp  < 1.80e-03
> 
> Constraints are requested. The following criterion is added:
>  Max Constraint Violation (in Angstroms/degrees) < 1.00e-02 
> === End Optimization Info ===
WARN: Mole.unit (Angstrom) is changed to Bohr
Step    0 : Gradient = 5.336e-02/1.444e-01 (rms/max) Energy = -915.8808213050
Hessian Eigenvalues: 2.30000e-02 2.30000e-02 2.30000e-02 ... 5.05705e-01 6.71931e-01 8.02088e-01
Step    1 : Displace = [0m9.795e-02[0m/[0m1.987e-01[0m (rms/max) Trust = 1.000e-01 (=) Grad_T = [0m4.241e-02[0m/[0m1.274e-01[0m (rms/max) E (change) = -915.9278012862 ([0m-4.698e-02[0m) Quality = [0m0.995[0m
Hessian Eigenvalues: 2.29811e-02 2.30000e-02 2.30000e-02 ... 5.65082e-01 6.83689e-01 8.12253e-01
Step    2 : Displace = [0m1.396e-01[0m/[0m2.860e-01[0m (rms/max) Trust = 1.414e-01 ([92m+[0m) Grad_T = [0m2.697e-02[0m/[0m8.268e-02[0m (rms/max) E (change) = -915.9688000068 ([0m-4.100e-02[0m) Quality = [0m0.957[0m
Hessian Eigenvalues: 2.29693e-02 2.30000e-02 2.30000e-02 ... 5.43621e-01 6.83687e-01 8.30242e-01
Step    3 : Displace = [0m2.055e-01[0m/[0m4.618e-01[0m (rms/max) Trust = 2.000e-01 ([92m+[0m) Grad_T = [0m9.038e-03[0m/[0m2.460e-02[0m (rms/max) E (change) = -915.9945987464 ([0m-2.580e-02[0m) Quality = [0m0.909[0m
Hessian Eigenvalues: 2.28608e-02 2.30000e-02 2.30000e-02 ... 5.79402e-01 7.03434e-01 8.37170e-01
Step    4 : Displace = [0m2.618e-01[0m/[0m6.311e-01[0m (rms/max) Trust = 2.828e-01 ([92m+[0m) Grad_T = [0m1.326e-02[0m/[0m4.011e-02[0m (rms/max) E (change) = -916.0029836145 ([0m-8.385e-03[0m) Quality = [0m0.631[0m
Hessian Eigenvalues: 1.24495e-02 2.30000e-02 2.30000e-02 ... 6.77950e-01 7.73573e-01 8.37165e-01
Step    5 : Displace = [0m2.849e-01[0m/[0m6.388e-01[0m (rms/max) Trust = 2.828e-01 (=) Grad_T = [0m1.421e-02[0m/[0m3.720e-02[0m (rms/max) E (change) = -916.0104110133 ([0m-7.427e-03[0m) Quality = [0m0.508[0m
Hessian Eigenvalues: 1.19619e-02 2.30000e-02 2.30000e-02 ... 6.73241e-01 8.29562e-01 1.00260e+00
Step    6 : Displace = [0m1.531e-01[0m/[0m3.507e-01[0m (rms/max) Trust = 2.828e-01 (=) Grad_T = [0m1.056e-02[0m/[0m2.659e-02[0m (rms/max) E (change) = -916.0150334188 ([0m-4.622e-03[0m) Quality = [0m0.392[0m
Hessian Eigenvalues: 8.70284e-03 1.96366e-02 2.30000e-02 ... 8.06099e-01 8.37957e-01 1.16655e+00
Step    7 : Displace = [0m2.560e-01[0m/[0m5.957e-01[0m (rms/max) Trust = 2.828e-01 (=) Grad_T = [0m1.262e-02[0m/[0m3.044e-02[0m (rms/max) E (change) = -916.0166740465 ([0m-1.641e-03[0m) Quality = [0m0.076[0m
Hessian Eigenvalues: 9.07929e-03 2.03810e-02 2.29789e-02 ... 8.24558e-01 8.90280e-01 1.31769e+00
Step    8 : Displace = [0m1.312e-01[0m/[0m2.706e-01[0m (rms/max) Trust = 1.280e-01 ([91m-[0m) Grad_T = [0m1.425e-02[0m/[0m3.961e-02[0m (rms/max) E (change) = -916.0189345128 ([0m-2.260e-03[0m) Quality = [0m0.178[0m
Hessian Eigenvalues: 8.57897e-03 2.04302e-02 2.27176e-02 ... 8.25265e-01 9.34212e-01 1.11246e+00
Step    9 : Displace = [0m6.426e-02[0m/[0m1.466e-01[0m (rms/max) Trust = 6.401e-02 ([91m-[0m) Grad_T = [0m5.112e-03[0m/[0m1.214e-02[0m (rms/max) E (change) = -916.0261033968 ([0m-7.169e-03[0m) Quality = [0m0.819[0m
Hessian Eigenvalues: 8.55455e-03 2.04455e-02 2.27130e-02 ... 8.61572e-01 9.24637e-01 1.18507e+00
Step   10 : Displace = [0m9.011e-02[0m/[0m2.759e-01[0m (rms/max) Trust = 9.052e-02 ([92m+[0m) Grad_T = [0m6.477e-03[0m/[0m1.478e-02[0m (rms/max) E (change) = -916.0257986094 ([91m+3.048e-04[0m) Quality = [91m-0.058[0m
Hessian Eigenvalues: 8.27270e-03 2.05334e-02 2.27075e-02 ... 8.40835e-01 1.00279e+00 1.17549e+00
Step   11 : Displace = [0m4.463e-02[0m/[0m9.767e-02[0m (rms/max) Trust = 4.506e-02 ([91m-[0m) Grad_T = [0m2.972e-03[0m/[0m7.548e-03[0m (rms/max) E (change) = -916.0286855118 ([0m-2.887e-03[0m) Quality = [0m0.986[0m
Hessian Eigenvalues: 8.18234e-03 2.03563e-02 2.26228e-02 ... 8.42930e-01 1.05076e+00 1.18036e+00
Step   12 : Displace = [0m6.281e-02[0m/[0m1.568e-01[0m (rms/max) Trust = 6.372e-02 ([92m+[0m) Grad_T = [0m2.874e-03[0m/[0m6.795e-03[0m (rms/max) E (change) = -916.0294709056 ([0m-7.854e-04[0m) Quality = [0m0.555[0m
Hessian Eigenvalues: 7.81551e-03 2.03931e-02 2.22711e-02 ... 8.61768e-01 1.04172e+00 1.21328e+00
Step   13 : Displace = [0m6.585e-02[0m/[0m1.363e-01[0m (rms/max) Trust = 6.372e-02 (=) Grad_T = [0m3.391e-03[0m/[0m1.072e-02[0m (rms/max) E (change) = -916.0324301193 ([0m-2.959e-03[0m) Quality = [0m1.017[0m
Hessian Eigenvalues: 3.82813e-03 1.76646e-02 2.17118e-02 ... 8.65903e-01 1.08215e+00 1.34733e+00
Step   14 : Displace = [0m9.187e-02[0m/[0m1.944e-01[0m (rms/max) Trust = 9.011e-02 ([92m+[0m) Grad_T = [0m4.469e-03[0m/[0m1.161e-02[0m (rms/max) E (change) = -916.0362966659 ([0m-3.867e-03[0m) Quality = [0m0.885[0m
Hessian Eigenvalues: 3.67355e-03 1.67483e-02 2.16398e-02 ... 9.83980e-01 1.07107e+00 1.30611e+00
Step   15 : Displace = [0m1.209e-01[0m/[0m3.139e-01[0m (rms/max) Trust = 1.274e-01 ([92m+[0m) Grad_T = [0m4.899e-03[0m/[0m1.454e-02[0m (rms/max) E (change) = -916.0400279425 ([0m-3.731e-03[0m) Quality = [0m0.746[0m
Hessian Eigenvalues: 4.87764e-03 1.60810e-02 2.18926e-02 ... 9.21289e-01 1.07397e+00 1.29996e+00
Step   16 : Displace = [0m1.224e-01[0m/[0m3.055e-01[0m (rms/max) Trust = 1.274e-01 (=) Grad_T = [0m8.185e-03[0m/[0m2.184e-02[0m (rms/max) E (change) = -916.0385549989 ([91m+1.473e-03[0m) Quality = [91m-0.538[0m
Hessian Eigenvalues: 5.62098e-03 1.58806e-02 2.17660e-02 ... 9.25671e-01 1.07182e+00 1.40010e+00
Step   17 : Displace = [0m5.903e-02[0m/[0m1.100e-01[0m (rms/max) Trust = 6.119e-02 ([91m-[0m) Grad_T = [0m2.502e-03[0m/[0m5.811e-03[0m (rms/max) E (change) = -916.0415503945 ([0m-2.995e-03[0m) Quality = [0m0.888[0m
Hessian Eigenvalues: 5.52114e-03 1.59263e-02 2.07404e-02 ... 9.33487e-01 1.06969e+00 1.49433e+00
Step   18 : Displace = [0m8.198e-02[0m/[0m1.672e-01[0m (rms/max) Trust = 8.653e-02 ([92m+[0m) Grad_T = [0m3.529e-03[0m/[0m7.865e-03[0m (rms/max) E (change) = -916.0414491239 ([91m+1.013e-04[0m) Quality = [91m-0.084[0m
Hessian Eigenvalues: 6.30759e-03 1.60949e-02 1.95741e-02 ... 9.33149e-01 1.07585e+00 1.48335e+00
Step   19 : Displace = [0m3.832e-02[0m/[0m7.273e-02[0m (rms/max) Trust = 4.099e-02 ([91m-[0m) Grad_T = [0m8.678e-04[0m/[0m1.790e-03[0m (rms/max) E (change) = -916.0422865769 ([0m-8.375e-04[0m) Quality = [0m0.962[0m
Hessian Eigenvalues: 5.34118e-03 1.60685e-02 1.96583e-02 ... 9.40147e-01 1.07124e+00 1.49921e+00
Step   20 : Displace = [0m5.246e-02[0m/[0m1.029e-01[0m (rms/max) Trust = 5.797e-02 ([92m+[0m) Grad_T = [0m1.685e-03[0m/[0m3.514e-03[0m (rms/max) E (change) = -916.0421527336 ([91m+1.338e-04[0m) Quality = [91m-0.514[0m
Hessian Eigenvalues: 6.09059e-03 1.53534e-02 1.83629e-02 ... 9.62307e-01 1.07099e+00 1.50416e+00
Step   21 : Displace = [0m2.688e-02[0m/[0m5.379e-02[0m (rms/max) Trust = 2.623e-02 ([91m-[0m) Grad_T = [0m5.621e-04[0m/[0m1.466e-03[0m (rms/max) E (change) = -916.0424336314 ([0m-2.809e-04[0m) Quality = [0m0.980[0m
Hessian Eigenvalues: 6.06549e-03 1.47641e-02 1.81601e-02 ... 9.78865e-01 1.07157e+00 1.51364e+00
Step   22 : Displace = [0m1.988e-02[0m/[0m4.406e-02[0m (rms/max) Trust = 3.710e-02 ([92m+[0m) Grad_T = [0m6.862e-04[0m/[0m1.792e-03[0m (rms/max) E (change) = -916.0425099466 ([0m-7.632e-05[0m) Quality = [0m0.745[0m
Hessian Eigenvalues: 6.46618e-03 9.33330e-03 1.75237e-02 ... 9.81850e-01 1.07485e+00 1.51193e+00
Step   23 : Displace = [0m1.376e-02[0m/[0m3.305e-02[0m (rms/max) Trust = 3.710e-02 (=) Grad_T = [0m4.730e-04[0m/[0m1.160e-03[0m (rms/max) E (change) = -916.0425624575 ([0m-5.251e-05[0m) Quality = [0m1.024[0m
Hessian Eigenvalues: 4.86199e-03 7.90911e-03 1.74497e-02 ... 9.79858e-01 1.07339e+00 1.51096e+00
Step   24 : Displace = [0m1.908e-02[0m/[0m3.915e-02[0m (rms/max) Trust = 5.246e-02 ([92m+[0m) Grad_T = [0m5.980e-04[0m/[0m1.632e-03[0m (rms/max) E (change) = -916.0425824319 ([0m-1.997e-05[0m) Quality = [0m0.519[0m
Hessian Eigenvalues: 3.96257e-03 7.91564e-03 1.73944e-02 ... 9.98930e-01 1.09136e+00 1.52487e+00
Step   25 : Displace = [0m6.527e-03[0m/[0m1.516e-02[0m (rms/max) Trust = 5.246e-02 (=) Grad_T = [0m4.086e-04[0m/[0m8.832e-04[0m (rms/max) E (change) = -916.0425946381 ([0m-1.221e-05[0m) Quality = [0m0.552[0m
Hessian Eigenvalues: 4.23153e-03 7.74862e-03 1.71055e-02 ... 9.76907e-01 1.08551e+00 1.50161e+00
Step   26 : Displace = [0m5.298e-03[0m/[0m1.308e-02[0m (rms/max) Trust = 5.246e-02 (=) Grad_T = [92m2.233e-04[0m/[0m5.380e-04[0m (rms/max) E (change) = -916.0425995732 ([0m-4.935e-06[0m) Quality = [0m0.464[0m
Hessian Eigenvalues: 4.30280e-03 7.87923e-03 1.71184e-02 ... 9.88292e-01 1.08996e+00 1.51647e+00
Step   27 : Displace = [0m2.149e-03[0m/[0m6.195e-03[0m (rms/max) Trust = 5.246e-02 (=) Grad_T = [92m6.783e-05[0m/[92m1.839e-04[0m (rms/max) E (change) = -916.0426025509 ([0m-2.978e-06[0m) Quality = [0m0.867[0m
Hessian Eigenvalues: 4.20585e-03 7.70376e-03 1.70980e-02 ... 9.76626e-01 1.08195e+00 1.54686e+00
Step   28 : Displace = [0m1.615e-03[0m/[0m4.754e-03[0m (rms/max) Trust = 7.419e-02 ([92m+[0m) Grad_T = [92m6.444e-05[0m/[92m1.390e-04[0m (rms/max) E (change) = -916.0426028411 ([92m-2.902e-07[0m) Quality = [0m0.480[0m
Hessian Eigenvalues: 4.17960e-03 7.70566e-03 1.54189e-02 ... 1.02133e+00 1.08331e+00 1.51588e+00
Step   29 : Displace = [92m7.865e-04[0m/[0m2.198e-03[0m (rms/max) Trust = 7.419e-02 (=) Grad_T = [92m2.783e-05[0m/[92m5.863e-05[0m (rms/max) E (change) = -916.0426032100 ([92m-3.689e-07[0m) Quality = [0m1.184[0m
Hessian Eigenvalues: 4.18955e-03 7.67409e-03 1.14854e-02 ... 1.00937e+00 1.10625e+00 1.46527e+00
Step   30 : Displace = [92m9.122e-04[0m/[0m1.923e-03[0m (rms/max) Trust = 1.049e-01 ([92m+[0m) Grad_T = [92m2.457e-05[0m/[92m5.350e-05[0m (rms/max) E (change) = -916.0426033825 ([92m-1.725e-07[0m) Quality = [0m1.101[0m
Hessian Eigenvalues: 4.22444e-03 5.67737e-03 8.44367e-03 ... 1.02999e+00 1.10052e+00 1.45973e+00
Step   31 : Displace = [0m1.267e-03[0m/[0m3.026e-03[0m (rms/max) Trust = 1.484e-01 ([92m+[0m) Grad_T = [92m2.277e-05[0m/[92m4.855e-05[0m (rms/max) E (change) = -916.0426035014 ([92m-1.189e-07[0m) Quality = [0m0.948[0m
Hessian Eigenvalues: 3.92538e-03 4.87667e-03 8.64765e-03 ... 1.02065e+00 1.08415e+00 1.46189e+00
Step   32 : Displace = [92m5.187e-04[0m/[92m1.465e-03[0m (rms/max) Trust = 2.098e-01 ([92m+[0m) Grad_T = [92m8.703e-06[0m/[92m2.073e-05[0m (rms/max) E (change) = -916.0426035367 ([92m-3.528e-08[0m) Quality = [0m0.781[0m
Hessian Eigenvalues: 3.92538e-03 4.87667e-03 8.64765e-03 ... 1.02065e+00 1.08415e+00 1.46189e+00
Converged! =D

    #==========================================================================#
    #| If this code has benefited your research, please support us by citing: |#
    #|                                                                        |#
    #| Wang, L.-P.; Song, C.C. (2016) "Geometry optimization made simple with |#
    #| translation and rotation coordinates", J. Chem, Phys. 144, 214108.     |#
    #| http://dx.doi.org/10.1063/1.4952956                                    |#
    #==========================================================================#
    Time elapsed since start of run_optimizer: 354.878 seconds
WARN: ECP not specified. The basis set CRENBL include an ECP. Recommended ECP: CRENBL.
/home/bhabani/Kishore/Tangelo_2.0_hardware/tangelo/problem_decomposition/dmet/dmet_problem_decomposition.py:168: RuntimeWarning: The mean field will be recomputed even if one has been provided by the user.
  warnings.warn("The mean field will be recomputed even if one has been provided by the user.", RuntimeWarning)
 	Iteration =  1
 	Chemical Potential (mu) =      0.0000000000
 	----------------
 
	SCF Occupancy Eigenvalues for Fragment Number : # 0
	[1.81352635e-15 1.38422944e-15 1.27439564e-15 1.04745843e-15
 9.78493662e-16 8.06484184e-16 7.72571861e-16 7.54881738e-16
 7.07103030e-16 6.75969296e-16 5.56864584e-16 5.30950155e-16
 5.27485793e-16 4.58081527e-16 4.51712412e-16 4.19655252e-16
 3.63097722e-16 3.35275803e-16 2.92506617e-16 2.77819652e-16
 2.72960225e-16 2.71285371e-16 2.35140703e-16 2.24570792e-16
 1.79941584e-16 1.59408883e-16 1.54380393e-16 1.37888312e-16
 1.32054311e-16 1.07693992e-16 1.00471531e-16 7.93364940e-17
 7.59317918e-17 6.46477881e-17 6.26290208e-17 4.98352260e-17
 3.05440698e-17 2.16762988e-17 2.15978418e-17 1.53717363e-17
 6.15125908e-18 4.99142974e-18 2.00277984e-19 9.99197799e-19
 7.20021913e-18 8.25835559e-18 1.01141850e-17 1.59940959e-17
 2.08569846e-17 2.88650609e-17 3.66530578e-17 3.83812051e-17
 3.96232259e-17 7.40497630e-17 7.86721789e-17 8.81816724e-17
 9.21664168e-17 1.04083409e-16 1.05103574e-16 1.11022302e-16
 1.15007870e-16 1.24083145e-16 1.31669701e-16 1.81973486e-16
 2.18137012e-16 2.41150280e-16 2.45269338e-16 2.86271845e-16
 3.11892241e-16 3.22381731e-16 3.23738455e-16 3.52340281e-16
 4.18647835e-16 4.24813891e-16 4.30738428e-16 4.84225574e-16
 5.38914261e-16 5.94727753e-16 6.06116802e-16 6.24941589e-16
 6.30730578e-16 7.02116118e-16 7.25261468e-16 7.53769258e-16
 7.92499907e-16 8.16487044e-16 9.29358249e-16 1.06730690e-15
 1.18685617e-15 1.24371285e-15 1.32913385e-15 1.77027775e-15
 1.96237283e-15 1.76675177e-06 4.93853715e-06 2.98124436e-05
 3.42702983e-05 1.23359200e-04 3.02987490e-04 1.51155170e-03
 3.17365107e-03 8.04059298e-03 8.84874029e-03 2.46256326e-02
 9.56484582e-01 9.87940609e-01 1.16648038e+00 1.19670570e+00
 1.63970368e+00 1.98668206e+00 1.99044527e+00 1.99556831e+00
 1.99762097e+00 1.99787676e+00 1.99840183e+00 1.99855913e+00
 1.99908593e+00 1.99935177e+00 1.99953965e+00 1.99977804e+00
 1.99989886e+00 1.99993373e+00 1.99995189e+00 1.99998216e+00
 1.99998589e+00 1.99999296e+00 1.99999537e+00 1.99999771e+00
 1.99999857e+00 1.99999893e+00 1.99999926e+00 1.99999967e+00
 1.99999984e+00 2.00000000e+00 2.00000000e+00 2.00000000e+00
 2.00000000e+00 2.00000000e+00 2.00000000e+00 2.00000000e+00
 2.00000000e+00 2.00000000e+00 2.00000000e+00 2.00000000e+00
 2.00000000e+00 2.00000000e+00 2.00000000e+00 2.00000000e+00
 2.00000000e+00 2.00000000e+00 2.00000000e+00 2.00000000e+00
 2.00000000e+00 2.00000000e+00 2.00000000e+00 2.00000000e+00
 2.00000000e+00 2.00000000e+00 2.00000000e+00 2.00000000e+00
 2.00000000e+00 2.00000000e+00 2.00000000e+00 2.00000000e+00]

	SCF Occupancy Eigenvalues for Fragment Number : # 1
	[2.24042394e-15 1.60290759e-15 1.56680679e-15 1.36074729e-15
 1.23140336e-15 1.20248716e-15 1.11590820e-15 1.11443818e-15
 9.90400575e-16 9.78117448e-16 9.55896358e-16 9.52844424e-16
 9.37620340e-16 8.18608572e-16 7.80254013e-16 7.70626448e-16
 7.65091867e-16 7.20827960e-16 6.98222323e-16 6.65883163e-16
 6.31283830e-16 6.28840122e-16 6.28498020e-16 5.36136656e-16
 5.31418183e-16 4.94822237e-16 4.90163663e-16 4.36182167e-16
 3.74130093e-16 3.71214730e-16 3.47535301e-16 3.23441763e-16
 3.00672989e-16 2.92994165e-16 2.70081429e-16 2.42767759e-16
 1.99781811e-16 1.87930689e-16 1.61417244e-16 1.41482397e-16
 1.39484443e-16 1.20115528e-16 1.08187636e-16 9.61823661e-17
 9.34062359e-17 8.86544881e-17 7.98526438e-17 7.55021907e-17
 4.70291854e-17 3.77945609e-17 3.17407159e-17 2.60914098e-17
 2.15753266e-17 1.40813945e-17 1.13585746e-17 1.04740205e-17
 6.87065235e-18 4.54570025e-18 3.46944695e-18 2.83620887e-18
 2.10858821e-18 1.85624285e-18 7.83082104e-19 3.13694998e-20
 7.00678022e-19 1.38806220e-18 2.01662272e-18 2.48340688e-18
 3.07036287e-18 4.20831270e-18 6.09437581e-18 8.69849133e-18
 1.17381076e-17 1.28241704e-17 1.59170427e-17 3.12656589e-17
 4.89648661e-17 5.96255206e-17 6.65237442e-17 7.65765159e-17
 8.13626601e-17 1.21729211e-16 1.56163312e-16 1.61196081e-16
 1.62393078e-16 1.66070245e-16 1.86651184e-16 1.96139910e-16
 2.62445950e-16 2.69079619e-16 2.71472926e-16 2.87059512e-16
 3.27863304e-16 3.54918515e-16 3.67713036e-16 3.81606240e-16
 3.86035502e-16 4.01003827e-16 4.09571229e-16 4.58045084e-16
 4.96815105e-16 5.40767092e-16 5.44716916e-16 5.49575946e-16
 5.86971382e-16 6.40670171e-16 7.46987526e-16 7.51031919e-16
 8.11988068e-16 8.39101153e-16 8.73737197e-16 1.11784499e-15
 1.24136866e-15 1.26756673e-15 1.31890195e-15 1.34144117e-15
 1.52038347e-15 1.54923161e-15 1.59486681e-15 1.66532664e-15
 2.40161548e-05 1.51556278e-02 2.37818492e-02 1.00713354e+00
 1.03981330e+00 1.98071688e+00 1.99005540e+00 1.99713411e+00
 1.99891371e+00 1.99935082e+00 1.99970479e+00 1.99989661e+00
 1.99993357e+00 2.00000000e+00 2.00000000e+00 2.00000000e+00
 2.00000000e+00 2.00000000e+00 2.00000000e+00 2.00000000e+00
 2.00000000e+00 2.00000000e+00 2.00000000e+00 2.00000000e+00
 2.00000000e+00 2.00000000e+00 2.00000000e+00 2.00000000e+00
 2.00000000e+00 2.00000000e+00 2.00000000e+00 2.00000000e+00
 2.00000000e+00 2.00000000e+00 2.00000000e+00 2.00000000e+00
 2.00000000e+00 2.00000000e+00 2.00000000e+00 2.00000000e+00
 2.00000000e+00 2.00000000e+00 2.00000000e+00 2.00000000e+00
 2.00000000e+00 2.00000000e+00 2.00000000e+00 2.00000000e+00
 2.00000000e+00 2.00000000e+00 2.00000000e+00 2.00000000e+00
 2.00000000e+00 2.00000000e+00 2.00000000e+00 2.00000000e+00
 2.00000000e+00 2.00000000e+00 2.00000000e+00 2.00000000e+00
 2.00000000e+00 2.00000000e+00 2.00000000e+00 2.00000000e+00
 2.00000000e+00 2.00000000e+00 2.00000000e+00 2.00000000e+00
 2.00000000e+00 2.00000000e+00 2.00000000e+00]

	SCF Occupancy Eigenvalues for Fragment Number : # 2
	[2.44282850e-15 2.30551858e-15 1.47030664e-15 1.46947887e-15
 1.10541715e-15 9.50594373e-16 8.98029605e-16 7.59854622e-16
 6.79382152e-16 5.94535238e-16 5.45050428e-16 4.78491723e-16
 4.17413541e-16 4.15233202e-16 3.70065680e-16 3.69878120e-16
 3.65289735e-16 3.58028359e-16 3.52651039e-16 2.90830457e-16
 2.85422433e-16 2.79628372e-16 2.78485918e-16 2.46832813e-16
 2.21689952e-16 2.00340839e-16 1.76724285e-16 1.60944148e-16
 1.58168013e-16 1.42204883e-16 1.17612838e-16 1.02223332e-16
 8.47853253e-17 6.91062988e-17 6.47172274e-17 4.72217723e-17
 3.98176405e-17 3.17579479e-17 2.07837893e-17 1.26094563e-17
 1.01435959e-17 6.18728137e-18 2.08090781e-18 6.68007978e-19
 1.11946955e-18 2.61542344e-18 4.48825100e-18 5.00132450e-18
 5.49590682e-18 8.57330160e-18 1.34177080e-17 2.10867821e-17
 2.42838329e-17 6.44616246e-17 6.45500717e-17 8.28281038e-17
 9.86763949e-17 1.23154099e-16 1.47275834e-16 1.48840309e-16
 1.76738939e-16 2.37612693e-16 2.40056029e-16 2.52051993e-16
 2.93048101e-16 3.24691991e-16 4.09736876e-16 4.33747324e-16
 5.21158018e-16 5.96561787e-16 6.34151053e-16 6.51755308e-16
 6.53877398e-16 7.00685728e-16 7.15273185e-16 7.39200266e-16
 7.52093339e-16 8.24157551e-16 1.02408003e-15 1.10215040e-15
 1.31786270e-15 1.96106717e-15 6.22453135e-09 3.28826164e-08
 8.11936210e-08 3.47475772e-07 6.20799086e-07 2.72516094e-06
 4.77197130e-06 1.13848146e-05 2.36800774e-05 6.00016961e-05
 8.44423862e-05 1.44757258e-04 2.74772378e-04 6.40152697e-04
 1.33930817e-03 5.86817048e-03 1.48393919e-02 9.82197527e-01
 1.97073510e+00 1.98281883e+00 1.99019039e+00 1.99714482e+00
 1.99759606e+00 1.99955849e+00 1.99966360e+00 1.99991093e+00
 1.99994339e+00 1.99997779e+00 1.99998748e+00 1.99999056e+00
 1.99999451e+00 1.99999694e+00 1.99999820e+00 1.99999887e+00
 1.99999949e+00 1.99999966e+00 1.99999973e+00 1.99999994e+00
 1.99999996e+00 1.99999996e+00 1.99999998e+00 1.99999999e+00
 1.99999999e+00 2.00000000e+00 2.00000000e+00 2.00000000e+00
 2.00000000e+00 2.00000000e+00 2.00000000e+00 2.00000000e+00
 2.00000000e+00 2.00000000e+00 2.00000000e+00 2.00000000e+00
 2.00000000e+00 2.00000000e+00 2.00000000e+00 2.00000000e+00
 2.00000000e+00 2.00000000e+00 2.00000000e+00 2.00000000e+00
 2.00000000e+00 2.00000000e+00 2.00000000e+00 2.00000000e+00
 2.00000000e+00 2.00000000e+00 2.00000000e+00 2.00000000e+00
 2.00000000e+00]

	SCF Occupancy Eigenvalues for Fragment Number : # 3
	[1.84062013e-15 1.60819866e-15 1.60528924e-15 1.55439330e-15
 1.44113147e-15 1.39135658e-15 1.36455449e-15 1.20819741e-15
 1.15011812e-15 1.14094620e-15 9.85344033e-16 8.52108528e-16
 8.29581894e-16 8.16265638e-16 7.86653725e-16 7.82257661e-16
 7.30045072e-16 6.98390895e-16 6.95862090e-16 6.92271617e-16
 6.14409103e-16 5.89454367e-16 5.71361260e-16 5.50130330e-16
 5.48143964e-16 4.99419310e-16 4.31360706e-16 4.01105374e-16
 3.92247599e-16 3.60083462e-16 3.36779674e-16 3.05213531e-16
 2.96589286e-16 2.56114688e-16 2.50999057e-16 2.22617534e-16
 2.14852222e-16 1.84583556e-16 1.68102555e-16 1.41104548e-16
 1.23734740e-16 1.15383447e-16 9.92217697e-17 9.67052037e-17
 8.17877895e-17 7.80913964e-17 6.54054777e-17 6.38324872e-17
 4.90798707e-17 4.81475844e-17 4.34472943e-17 3.86483560e-17
 2.35041729e-17 1.90508220e-17 1.13126596e-17 1.04622404e-17
 6.36121201e-18 5.72504795e-18 4.22421356e-18 2.39578919e-18
 1.37659037e-18 5.32649438e-19 6.66856970e-19 9.06570972e-19
 1.55916211e-18 2.79895635e-18 4.10172528e-18 4.98611032e-18
 8.46163696e-18 8.81589506e-18 1.41479618e-17 2.33630804e-17
 2.94678170e-17 3.58828158e-17 3.91739637e-17 4.73341519e-17
 5.23290354e-17 5.47589860e-17 5.72458747e-17 9.44964308e-17
 1.27005625e-16 1.41240705e-16 1.59431215e-16 1.83451265e-16
 1.96724441e-16 2.26441252e-16 2.60651571e-16 2.90130825e-16
 2.97940928e-16 3.02319486e-16 3.07888677e-16 3.36659874e-16
 3.39320902e-16 3.43711868e-16 3.83796657e-16 3.93347155e-16
 4.03945746e-16 4.29802815e-16 4.76110540e-16 4.93717007e-16
 5.14512549e-16 5.36121674e-16 6.08298903e-16 6.45192126e-16
 6.83069251e-16 6.83815029e-16 8.53712389e-16 8.83914608e-16
 8.98867855e-16 9.11811778e-16 9.75567905e-16 9.94365882e-16
 1.01705163e-15 1.04152871e-15 1.15675963e-15 1.35718841e-15
 1.42542651e-15 1.54471429e-15 1.67574187e-15 2.28116943e-15
 2.28852133e-05 1.35637134e-02 2.92923923e-02 1.01728606e+00
 1.04085123e+00 1.97209880e+00 1.99055220e+00 1.99735801e+00
 1.99894702e+00 1.99943590e+00 1.99960179e+00 1.99984441e+00
 1.99994093e+00 2.00000000e+00 2.00000000e+00 2.00000000e+00
 2.00000000e+00 2.00000000e+00 2.00000000e+00 2.00000000e+00
 2.00000000e+00 2.00000000e+00 2.00000000e+00 2.00000000e+00
 2.00000000e+00 2.00000000e+00 2.00000000e+00 2.00000000e+00
 2.00000000e+00 2.00000000e+00 2.00000000e+00 2.00000000e+00
 2.00000000e+00 2.00000000e+00 2.00000000e+00 2.00000000e+00
 2.00000000e+00 2.00000000e+00 2.00000000e+00 2.00000000e+00
 2.00000000e+00 2.00000000e+00 2.00000000e+00 2.00000000e+00
 2.00000000e+00 2.00000000e+00 2.00000000e+00 2.00000000e+00
 2.00000000e+00 2.00000000e+00 2.00000000e+00 2.00000000e+00
 2.00000000e+00 2.00000000e+00 2.00000000e+00 2.00000000e+00
 2.00000000e+00 2.00000000e+00 2.00000000e+00 2.00000000e+00
 2.00000000e+00 2.00000000e+00 2.00000000e+00 2.00000000e+00
 2.00000000e+00 2.00000000e+00 2.00000000e+00 2.00000000e+00
 2.00000000e+00 2.00000000e+00 2.00000000e+00]

	SCF Occupancy Eigenvalues for Fragment Number : # 4
	[2.34539648e-15 1.93987013e-15 1.26040185e-15 1.19514393e-15
 9.12379990e-16 8.49521938e-16 7.51709439e-16 6.92827328e-16
 6.49156757e-16 5.62319597e-16 5.60768909e-16 5.35660617e-16
 5.18396153e-16 4.43719712e-16 4.23294887e-16 4.18538823e-16
 4.18110652e-16 3.54939782e-16 3.53702002e-16 3.42001785e-16
 2.86465225e-16 2.82493987e-16 2.62346942e-16 2.40317571e-16
 2.38301668e-16 2.21626427e-16 2.09852318e-16 1.57509068e-16
 1.48925091e-16 1.44488150e-16 1.40188063e-16 1.25200912e-16
 1.23588757e-16 8.80191910e-17 7.91311421e-17 7.65957187e-17
 7.65384545e-17 6.68992436e-17 4.03180662e-17 3.94223834e-17
 3.26528660e-17 3.16347844e-17 2.40692665e-17 9.13807477e-18
 2.56301404e-18 2.36431880e-18 1.43822633e-17 3.37517565e-17
 3.68432511e-17 4.35730028e-17 5.87362881e-17 6.36694305e-17
 8.18505702e-17 8.39973824e-17 9.66438759e-17 1.20931553e-16
 1.35237421e-16 1.54323989e-16 1.85744484e-16 2.17837195e-16
 2.30979070e-16 2.62901903e-16 2.82286088e-16 3.28655158e-16
 3.75736682e-16 3.82316537e-16 4.16314039e-16 4.26112220e-16
 4.36776002e-16 5.16722368e-16 5.22161448e-16 6.16680765e-16
 7.04076975e-16 7.34149388e-16 7.69729809e-16 8.40574600e-16
 9.01629667e-16 9.87085906e-16 1.26264437e-15 1.29947729e-15
 1.51676799e-15 1.60921425e-15 2.35388353e-08 8.94053631e-08
 1.91010116e-07 5.77277283e-07 1.23739535e-06 3.99547636e-06
 6.40494679e-06 1.03809941e-05 2.50682657e-05 6.34770369e-05
 8.70409958e-05 1.84373446e-04 2.55517353e-04 7.85810442e-04
 1.84006044e-03 6.13815082e-03 1.19093024e-02 9.73080785e-01
 1.97884176e+00 1.98167240e+00 1.99071399e+00 1.99696047e+00
 1.99787210e+00 1.99915855e+00 1.99948680e+00 1.99972400e+00
 1.99991281e+00 1.99994224e+00 1.99997046e+00 1.99998241e+00
 1.99999381e+00 1.99999648e+00 1.99999759e+00 1.99999835e+00
 1.99999928e+00 1.99999963e+00 1.99999965e+00 1.99999980e+00
 1.99999987e+00 1.99999992e+00 1.99999997e+00 1.99999998e+00
 1.99999998e+00 1.99999999e+00 1.99999999e+00 2.00000000e+00
 2.00000000e+00 2.00000000e+00 2.00000000e+00 2.00000000e+00
 2.00000000e+00 2.00000000e+00 2.00000000e+00 2.00000000e+00
 2.00000000e+00 2.00000000e+00 2.00000000e+00 2.00000000e+00
 2.00000000e+00 2.00000000e+00 2.00000000e+00 2.00000000e+00
 2.00000000e+00 2.00000000e+00 2.00000000e+00 2.00000000e+00
 2.00000000e+00 2.00000000e+00 2.00000000e+00 2.00000000e+00
 2.00000000e+00]

	SCF Occupancy Eigenvalues for Fragment Number : # 5
	[2.66467527e-15 1.95774872e-15 1.57814501e-15 1.53340806e-15
 1.44125645e-15 1.39572840e-15 1.19126832e-15 1.17933498e-15
 1.12794663e-15 9.31448639e-16 8.81980186e-16 8.74745296e-16
 8.55072271e-16 8.38038395e-16 7.97202544e-16 6.22530004e-16
 5.95042775e-16 5.63931511e-16 5.59485891e-16 5.52788302e-16
 4.83320998e-16 4.82016107e-16 4.40094736e-16 4.13809394e-16
 3.55516806e-16 3.36108082e-16 2.99001175e-16 2.83583010e-16
 2.42603618e-16 2.24810909e-16 2.22390214e-16 2.02225516e-16
 1.95547870e-16 1.77207479e-16 1.70972334e-16 1.41453640e-16
 9.98202397e-17 8.66259142e-17 6.62465840e-17 5.22443507e-17
 4.62877103e-17 3.58858240e-17 3.00839752e-17 2.48880866e-17
 1.30364968e-17 1.03083362e-17 7.17947241e-18 5.24030672e-18
 8.33807368e-19 2.45308647e-19 1.66924297e-18 1.95913117e-18
 2.97509243e-18 4.50699061e-18 6.83443143e-18 8.45040161e-18
 1.47016158e-17 1.83210249e-17 2.55341911e-17 4.55498469e-17
 4.73290402e-17 6.18307668e-17 7.07447565e-17 7.07814612e-17
 7.67951871e-17 7.87224033e-17 9.85773621e-17 9.92516406e-17
 1.07528130e-16 1.43116659e-16 1.66533454e-16 1.68306316e-16
 2.06823259e-16 2.14968002e-16 2.20964492e-16 2.62978989e-16
 2.90898038e-16 2.97720688e-16 3.01513609e-16 3.43751223e-16
 4.01742684e-16 4.37604112e-16 4.41565973e-16 4.53660854e-16
 4.81127581e-16 5.05055232e-16 5.37035771e-16 5.85952830e-16
 6.69656099e-16 8.67774000e-16 8.77668487e-16 8.95936051e-16
 9.23394828e-16 1.33916039e-15 1.41322809e-15 1.44159212e-15
 1.45618023e-15 2.36442369e-06 3.63935691e-06 1.39346816e-05
 3.03524878e-05 2.43080854e-04 6.23532039e-04 1.00550005e-03
 2.57071745e-03 3.14214449e-03 6.92607983e-03 1.78665715e-02
 2.61363133e-02 4.48348018e-02 3.37708745e-01 8.03646013e-01
 8.24161242e-01 1.99352519e+00 1.99426911e+00 1.99846529e+00
 1.99872026e+00 1.99907168e+00 1.99948535e+00 1.99961230e+00
 1.99973041e+00 1.99985309e+00 1.99988626e+00 1.99991940e+00
 1.99994908e+00 1.99996660e+00 1.99997901e+00 1.99998533e+00
 1.99999560e+00 1.99999692e+00 1.99999761e+00 1.99999885e+00
 1.99999963e+00 2.00000000e+00 2.00000000e+00 2.00000000e+00
 2.00000000e+00 2.00000000e+00 2.00000000e+00 2.00000000e+00
 2.00000000e+00 2.00000000e+00 2.00000000e+00 2.00000000e+00
 2.00000000e+00 2.00000000e+00 2.00000000e+00 2.00000000e+00
 2.00000000e+00 2.00000000e+00 2.00000000e+00 2.00000000e+00
 2.00000000e+00 2.00000000e+00 2.00000000e+00 2.00000000e+00
 2.00000000e+00 2.00000000e+00 2.00000000e+00 2.00000000e+00
 2.00000000e+00 2.00000000e+00 2.00000000e+00 2.00000000e+00
 2.00000000e+00 2.00000000e+00 2.00000000e+00 2.00000000e+00]

		Fragment Number : #  1
		------------------------
		CCSD diag: n_active_mos=80, n_active_electrons=80, trace(onerdm)=80.0
		Fragment Energy = -448.09501247794583
		Number of Electrons in Fragment = 26.107417827625902
		Fragment Number : #  2
		------------------------
		CCSD diag: n_active_mos=26, n_active_electrons=26, trace(onerdm)=26.0
		Fragment Energy = -126.03095759721785
		Number of Electrons in Fragment = 7.967204560158018
		Fragment Number : #  3
		------------------------
		CCSD diag: n_active_mos=102, n_active_electrons=102, trace(onerdm)=102.00000000000001
		Fragment Energy = -573.7666719180727
		Number of Electrons in Fragment = 35.06388229852462
		Fragment Number : #  4
		------------------------
		CCSD diag: n_active_mos=26, n_active_electrons=26, trace(onerdm)=26.0
		Fragment Energy = -125.32496365791478
		Number of Electrons in Fragment = 7.960691427271191
		Fragment Number : #  5
		------------------------
		CCSD diag: n_active_mos=102, n_active_electrons=102, trace(onerdm)=102.0
		Fragment Energy = -580.8023835696818
		Number of Electrons in Fragment = 35.06608076768967
		Fragment Number : #  6
		------------------------
Traceback (most recent call last):
  File "/home/bhabani/Kishore/Tangelo_2.0_hardware/tpp_CO2_relaxed_scan.py", line 296, in <module>
    energy = dmet_calc.simulate()
             ^^^^^^^^^^^^^^^^^^^^
  File "/home/bhabani/Kishore/Tangelo_2.0_hardware/tangelo/problem_decomposition/dmet/dmet_problem_decomposition.py", line 297, in simulate
    self.chemical_potential = self.optimizer(self._oneshot_loop, self.initial_chemical_potential)
                              ^^^^^^^^^^^^^^^^^^^^^^^^^^^^^^^^^^^^^^^^^^^^^^^^^^^^^^^^^^^^^^^^^^^
  File "/home/bhabani/Kishore/Tangelo_2.0_hardware/tangelo/problem_decomposition/dmet/dmet_problem_decomposition.py", line 786, in _default_optimizer
    return self._noisy_root_optimizer(func, var_params)
           ^^^^^^^^^^^^^^^^^^^^^^^^^^^^^^^^^^^^^^^^^^^^
  File "/home/bhabani/Kishore/Tangelo_2.0_hardware/tangelo/problem_decomposition/dmet/dmet_problem_decomposition.py", line 824, in _noisy_root_optimizer
    f0 = evaluate(mu0)
         ^^^^^^^^^^^^^
  File "/home/bhabani/Kishore/Tangelo_2.0_hardware/tangelo/problem_decomposition/dmet/dmet_problem_decomposition.py", line 804, in evaluate
    residuals = np.array([func(mu).real for _ in range(n_eval)], dtype=float)
                          ^^^^^^^^
  File "/home/bhabani/Kishore/Tangelo_2.0_hardware/tangelo/problem_decomposition/dmet/dmet_problem_decomposition.py", line 533, in _oneshot_loop
    solver_fragment.build()
  File "/home/bhabani/Kishore/Tangelo_2.0_hardware/tangelo/algorithms/sqd_solver.py", line 149, in build
    backend = self.service.backend(self.backend_name)
              ^^^^^^^^^^^^^^^^^^^^^^^^^^^^^^^^^^^^^^^
  File "/home/bhabani/miniconda3/lib/python3.12/site-packages/qiskit_ibm_runtime/qiskit_runtime_service.py", line 932, in backend
    raise QiskitBackendNotFoundError("No backend matches the criteria." + cloud_msg_url)
qiskit.providers.exceptions.QiskitBackendNotFoundError: 'No backend matches the criteria. Learn more about available backends here https://quantum.cloud.ibm.com/docs/en/guides/qpu-information#view-your-resources'
