
=== Relaxed scan: N-C distance = 1.30 A ===
geometric-optimize called with the following command line:
tpp_CO2_relaxed_scan.py

                                        [91m())))))))))))))))/[0m                     
                                    [91m())))))))))))))))))))))))),[0m                
                                [91m*)))))))))))))))))))))))))))))))))[0m             
                        [94m#,[0m    [91m()))))))))/[0m                [91m.)))))))))),[0m          
                      [94m#%%%%,[0m  [91m())))))[0m                        [91m.))))))))*[0m        
                      [94m*%%%%%%,[0m  [91m))[0m              [93m..[0m              [91m,))))))).[0m      
                        [94m*%%%%%%,[0m         [93m***************/.[0m        [91m.)))))))[0m     
                [94m#%%/[0m      [94m(%%%%%%,[0m    [93m/*********************.[0m       [91m)))))))[0m    
              [94m.%%%%%%#[0m      [94m*%%%%%%,[0m  [93m*******/,[0m     [93m**********,[0m      [91m.))))))[0m   
                [94m.%%%%%%/[0m      [94m*%%%%%%,[0m  [93m**[0m              [93m********[0m      [91m.))))))[0m  
          [94m##[0m      [94m.%%%%%%/[0m      [94m(%%%%%%,[0m                  [93m,******[0m      [91m/)))))[0m  
        [94m%%%%%%[0m      [94m.%%%%%%#[0m      [94m*%%%%%%,[0m    [92m,/////.[0m       [93m******[0m      [91m))))))[0m 
      [94m#%[0m      [94m%%[0m      [94m.%%%%%%/[0m      [94m*%%%%%%,[0m  [92m////////,[0m      [93m*****/[0m     [91m,)))))[0m 
    [94m#%%[0m  [94m%%%[0m  [94m%%%#[0m      [94m.%%%%%%/[0m      [94m(%%%%%%,[0m  [92m///////.[0m     [93m/*****[0m      [91m))))).[0m
  [94m#%%%%.[0m      [94m%%%%%#[0m      [94m/%%%%%%*[0m      [94m#%%%%%%[0m   [92m/////)[0m     [93m******[0m      [91m))))),[0m
    [94m#%%%%##%[0m  [94m%%%#[0m      [94m.%%%%%%/[0m      [94m(%%%%%%,[0m  [92m///////.[0m     [93m/*****[0m      [91m))))).[0m
      [94m##[0m     [94m%%%[0m      [94m.%%%%%%/[0m      [94m*%%%%%%,[0m  [92m////////.[0m      [93m*****/[0m     [91m,)))))[0m 
        [94m#%%%%#[0m      [94m/%%%%%%/[0m      [94m(%%%%%%[0m      [92m/)/)//[0m       [93m******[0m      [91m))))))[0m 
          [94m##[0m      [94m.%%%%%%/[0m      [94m(%%%%%%,[0m                  [93m*******[0m      [91m))))))[0m  
                [94m.%%%%%%/[0m      [94m*%%%%%%,[0m  [93m**.[0m             [93m/*******[0m      [91m.))))))[0m  
              [94m*%%%%%%/[0m      [94m(%%%%%%[0m   [93m********/*..,*/*********[0m       [91m*))))))[0m   
                [94m#%%/[0m      [94m(%%%%%%,[0m    [93m*********************/[0m        [91m)))))))[0m    
                        [94m*%%%%%%,[0m         [93m,**************/[0m         [91m,))))))/[0m     
                      [94m(%%%%%%[0m   [91m()[0m                              [91m))))))))[0m       
                      [94m#%%%%,[0m  [91m())))))[0m                        [91m,)))))))),[0m        
                        [94m#,[0m    [91m())))))))))[0m                [91m,)))))))))).[0m          
                                 [91m()))))))))))))))))))))))))))))))/[0m             
                                    [91m())))))))))))))))))))))))).[0m                
                                         [91m())))))))))))))),[0m                     

-=# [1;94m geomeTRIC started. Version: 1.1 [0m #=-
Current date and time: 2026-05-04 09:37:32
#========================================================#
#| [92m    Arguments passed to driver run_optimizer():     [0m |#
#========================================================#
constraints               /tmp/tmp27vsej6x/constraints.txt 
customengine              <pyscf.geomopt.geometric_solver.PySCFEngine object at 0x7fb22421c6e0> 
input                     /tmp/tmpd3013uft/2dbfe289-a9aa-42bb-8032-ddcf14645cba 
logIni                    /home/bhabani/miniconda3/lib/python3.12/site-packages/pyscf/geomopt/log.ini 
maxiter                   100 
----------------------------------------------------------
Custom engine selected.
$set
distance 5 30 1.30000000
Bonds will be generated from interatomic distances less than 1.20 times sum of covalent radii
96 internal coordinates being used (instead of 96 Cartesians)
Internal coordinate system (atoms numbered from 1):
Distance 5-30
Distance 1-2
Distance 1-5
Distance 1-19
Distance 2-3
Distance 2-6
Distance 3-4
Distance 3-7
Distance 4-5
Distance 4-8
Distance 8-9
Distance 8-10
Distance 8-11
Distance 11-12
Distance 11-13
Distance 12-14
Distance 12-18
Distance 13-15
Distance 13-16
Distance 15-17
Distance 15-18
Distance 19-20
Distance 19-21
Distance 19-22
Distance 22-23
Distance 22-24
Distance 23-25
Distance 23-26
Distance 24-27
Distance 24-29
Distance 25-28
Distance 25-29
Distance 30-31
Distance 30-32
Angle 2-1-19
Angle 5-1-19
Angle 1-2-6
Angle 3-2-6
Angle 2-3-7
Angle 4-3-7
Angle 3-4-8
Angle 5-4-8
Angle 1-5-30
Angle 4-5-30
Angle 4-8-9
Angle 4-8-10
Angle 4-8-11
Angle 9-8-10
Angle 9-8-11
Angle 10-8-11
Angle 8-11-13
Angle 12-11-13
Angle 11-12-18
Angle 14-12-18
Angle 11-13-16
Angle 15-13-16
Angle 13-15-18
Angle 17-15-18
Angle 12-18-15
Angle 1-19-20
Angle 1-19-21
Angle 1-19-22
Angle 20-19-21
Angle 20-19-22
Angle 21-19-22
Angle 19-22-24
Angle 23-22-24
Angle 22-23-26
Angle 25-23-26
Angle 22-24-29
Angle 27-24-29
Angle 23-25-29
Angle 28-25-29
Angle 24-29-25
Angle 5-30-32
Angle 31-30-32
Out-of-Plane 1-2-5-19
Out-of-Plane 2-1-3-6
Out-of-Plane 3-2-4-7
Out-of-Plane 4-3-5-8
Out-of-Plane 5-1-4-30
Out-of-Plane 11-8-12-13
Out-of-Plane 12-11-14-18
Out-of-Plane 13-11-15-16
Out-of-Plane 15-13-17-18
Out-of-Plane 22-19-23-24
Out-of-Plane 23-22-25-26
Out-of-Plane 24-22-27-29
Out-of-Plane 25-23-28-29
Out-of-Plane 30-5-31-32
Dihedral 5-1-2-3
Dihedral 5-1-2-6
Dihedral 19-1-2-3
Dihedral 19-1-2-6
Dihedral 2-1-5-4
Dihedral 2-1-5-30
Dihedral 19-1-5-4
Dihedral 19-1-5-30
Dihedral 2-1-19-20
Dihedral 2-1-19-21
Dihedral 2-1-19-22
Dihedral 5-1-19-20
Dihedral 5-1-19-21
Dihedral 5-1-19-22
Dihedral 1-2-3-4
Dihedral 1-2-3-7
Dihedral 6-2-3-4
Dihedral 6-2-3-7
Dihedral 2-3-4-5
Dihedral 2-3-4-8
Dihedral 7-3-4-5
Dihedral 7-3-4-8
Dihedral 3-4-5-1
Dihedral 3-4-5-30
Dihedral 8-4-5-1
Dihedral 8-4-5-30
Dihedral 3-4-8-9
Dihedral 3-4-8-10
Dihedral 3-4-8-11
Dihedral 5-4-8-9
Dihedral 5-4-8-10
Dihedral 5-4-8-11
Dihedral 1-5-30-31
Dihedral 1-5-30-32
Dihedral 4-5-30-31
Dihedral 4-5-30-32
Dihedral 4-8-11-12
Dihedral 4-8-11-13
Dihedral 9-8-11-12
Dihedral 9-8-11-13
Dihedral 10-8-11-12
Dihedral 10-8-11-13
Dihedral 8-11-12-14
Dihedral 8-11-12-18
Dihedral 13-11-12-14
Dihedral 13-11-12-18
Dihedral 8-11-13-15
Dihedral 8-11-13-16
Dihedral 12-11-13-15
Dihedral 12-11-13-16
Dihedral 11-12-18-15
Dihedral 14-12-18-15
Dihedral 11-13-15-17
Dihedral 11-13-15-18
Dihedral 16-13-15-17
Dihedral 16-13-15-18
Dihedral 13-15-18-12
Dihedral 17-15-18-12
Dihedral 1-19-22-23
Dihedral 1-19-22-24
Dihedral 20-19-22-23
Dihedral 20-19-22-24
Dihedral 21-19-22-23
Dihedral 21-19-22-24
Dihedral 19-22-23-25
Dihedral 19-22-23-26
Dihedral 24-22-23-25
Dihedral 24-22-23-26
Dihedral 19-22-24-27
Dihedral 19-22-24-29
Dihedral 23-22-24-27
Dihedral 23-22-24-29
Dihedral 22-23-25-28
Dihedral 22-23-25-29
Dihedral 26-23-25-28
Dihedral 26-23-25-29
Dihedral 22-24-29-25
Dihedral 27-24-29-25
Dihedral 23-25-29-24
Dihedral 28-25-29-24
Translation-X 1-32
Translation-Y 1-32
Translation-Z 1-32
Rotation-A 1-32
Rotation-B 1-32
Rotation-C 1-32
<class 'geometric.internal.Distance'> : 34
<class 'geometric.internal.Angle'> : 42
<class 'geometric.internal.OutOfPlane'> : 14
<class 'geometric.internal.Dihedral'> : 80
<class 'geometric.internal.TranslationX'> : 1
<class 'geometric.internal.TranslationY'> : 1
<class 'geometric.internal.TranslationZ'> : 1
<class 'geometric.internal.RotationA'> : 1
<class 'geometric.internal.RotationB'> : 1
<class 'geometric.internal.RotationC'> : 1
Constraint                         Current      Target       Diff.
Distance 5-30                      1.30000     1.30000    -0.00000
> ===== Optimization Info: ====
> Job type: Energy minimization
> Maximum number of optimization cycles: 100
> Initial / maximum trust radius (Angstrom): 0.100 / 0.300
> Convergence Criteria:
> Will converge when all 5 criteria are reached:
>  |Delta-E| < 1.00e-06
>  RMS-Ortho-Grad < 3.00e-04
>  Max-Ortho-Grad < 4.50e-04
>  RMS-Disp  < 1.20e-03
>  Max-Disp  < 1.80e-03
> 
> Constraints are requested. The following criterion is added:
>  Max Constraint Violation (in Angstroms/degrees) < 1.00e-02 
> === End Optimization Info ===
WARN: Mole.unit (Angstrom) is changed to Bohr
Step    0 : Gradient = 5.336e-02/1.444e-01 (rms/max) Energy = -915.8808213050
Hessian Eigenvalues: 2.30000e-02 2.30000e-02 2.30000e-02 ... 5.05705e-01 6.71931e-01 8.02088e-01
Step    1 : Displace = [0m9.795e-02[0m/[0m1.987e-01[0m (rms/max) Trust = 1.000e-01 (=) Grad_T = [0m4.241e-02[0m/[0m1.274e-01[0m (rms/max) E (change) = -915.9278012862 ([0m-4.698e-02[0m) Quality = [0m0.995[0m
Hessian Eigenvalues: 2.29811e-02 2.30000e-02 2.30000e-02 ... 5.65082e-01 6.83689e-01 8.12253e-01
Step    2 : Displace = [0m1.396e-01[0m/[0m2.860e-01[0m (rms/max) Trust = 1.414e-01 ([92m+[0m) Grad_T = [0m2.697e-02[0m/[0m8.268e-02[0m (rms/max) E (change) = -915.9688000068 ([0m-4.100e-02[0m) Quality = [0m0.957[0m
Hessian Eigenvalues: 2.29693e-02 2.30000e-02 2.30000e-02 ... 5.43621e-01 6.83687e-01 8.30242e-01
Step    3 : Displace = [0m2.055e-01[0m/[0m4.618e-01[0m (rms/max) Trust = 2.000e-01 ([92m+[0m) Grad_T = [0m9.038e-03[0m/[0m2.460e-02[0m (rms/max) E (change) = -915.9945987464 ([0m-2.580e-02[0m) Quality = [0m0.909[0m
Hessian Eigenvalues: 2.28608e-02 2.30000e-02 2.30000e-02 ... 5.79402e-01 7.03434e-01 8.37170e-01
Step    4 : Displace = [0m2.618e-01[0m/[0m6.311e-01[0m (rms/max) Trust = 2.828e-01 ([92m+[0m) Grad_T = [0m1.326e-02[0m/[0m4.011e-02[0m (rms/max) E (change) = -916.0029836145 ([0m-8.385e-03[0m) Quality = [0m0.631[0m
Hessian Eigenvalues: 1.24495e-02 2.30000e-02 2.30000e-02 ... 6.77950e-01 7.73573e-01 8.37165e-01
Step    5 : Displace = [0m2.849e-01[0m/[0m6.388e-01[0m (rms/max) Trust = 2.828e-01 (=) Grad_T = [0m1.421e-02[0m/[0m3.720e-02[0m (rms/max) E (change) = -916.0104110133 ([0m-7.427e-03[0m) Quality = [0m0.508[0m
Hessian Eigenvalues: 1.19619e-02 2.30000e-02 2.30000e-02 ... 6.73241e-01 8.29562e-01 1.00260e+00
Step    6 : Displace = [0m1.531e-01[0m/[0m3.507e-01[0m (rms/max) Trust = 2.828e-01 (=) Grad_T = [0m1.056e-02[0m/[0m2.659e-02[0m (rms/max) E (change) = -916.0150334189 ([0m-4.622e-03[0m) Quality = [0m0.392[0m
Hessian Eigenvalues: 8.70284e-03 1.96366e-02 2.30000e-02 ... 8.06099e-01 8.37957e-01 1.16655e+00
Step    7 : Displace = [0m2.560e-01[0m/[0m5.957e-01[0m (rms/max) Trust = 2.828e-01 (=) Grad_T = [0m1.262e-02[0m/[0m3.044e-02[0m (rms/max) E (change) = -916.0166740465 ([0m-1.641e-03[0m) Quality = [0m0.076[0m
Hessian Eigenvalues: 9.07929e-03 2.03810e-02 2.29789e-02 ... 8.24558e-01 8.90280e-01 1.31769e+00
Step    8 : Displace = [0m1.312e-01[0m/[0m2.706e-01[0m (rms/max) Trust = 1.280e-01 ([91m-[0m) Grad_T = [0m1.425e-02[0m/[0m3.961e-02[0m (rms/max) E (change) = -916.0189345128 ([0m-2.260e-03[0m) Quality = [0m0.178[0m
Hessian Eigenvalues: 8.57897e-03 2.04302e-02 2.27176e-02 ... 8.25265e-01 9.34212e-01 1.11246e+00
Step    9 : Displace = [0m6.426e-02[0m/[0m1.466e-01[0m (rms/max) Trust = 6.401e-02 ([91m-[0m) Grad_T = [0m5.112e-03[0m/[0m1.214e-02[0m (rms/max) E (change) = -916.0261033968 ([0m-7.169e-03[0m) Quality = [0m0.819[0m
Hessian Eigenvalues: 8.55455e-03 2.04455e-02 2.27130e-02 ... 8.61572e-01 9.24637e-01 1.18507e+00
Step   10 : Displace = [0m9.011e-02[0m/[0m2.759e-01[0m (rms/max) Trust = 9.052e-02 ([92m+[0m) Grad_T = [0m6.477e-03[0m/[0m1.478e-02[0m (rms/max) E (change) = -916.0257986094 ([91m+3.048e-04[0m) Quality = [91m-0.058[0m
Hessian Eigenvalues: 8.27270e-03 2.05334e-02 2.27075e-02 ... 8.40835e-01 1.00279e+00 1.17549e+00
Step   11 : Displace = [0m4.463e-02[0m/[0m9.767e-02[0m (rms/max) Trust = 4.506e-02 ([91m-[0m) Grad_T = [0m2.972e-03[0m/[0m7.548e-03[0m (rms/max) E (change) = -916.0286855118 ([0m-2.887e-03[0m) Quality = [0m0.986[0m
Hessian Eigenvalues: 8.18234e-03 2.03563e-02 2.26228e-02 ... 8.42930e-01 1.05076e+00 1.18036e+00
Step   12 : Displace = [0m6.281e-02[0m/[0m1.568e-01[0m (rms/max) Trust = 6.372e-02 ([92m+[0m) Grad_T = [0m2.874e-03[0m/[0m6.795e-03[0m (rms/max) E (change) = -916.0294709055 ([0m-7.854e-04[0m) Quality = [0m0.555[0m
Hessian Eigenvalues: 7.81551e-03 2.03931e-02 2.22711e-02 ... 8.61768e-01 1.04172e+00 1.21328e+00
Step   13 : Displace = [0m6.585e-02[0m/[0m1.363e-01[0m (rms/max) Trust = 6.372e-02 (=) Grad_T = [0m3.391e-03[0m/[0m1.072e-02[0m (rms/max) E (change) = -916.0324301193 ([0m-2.959e-03[0m) Quality = [0m1.017[0m
Hessian Eigenvalues: 3.82813e-03 1.76646e-02 2.17118e-02 ... 8.65903e-01 1.08215e+00 1.34733e+00
Step   14 : Displace = [0m9.187e-02[0m/[0m1.944e-01[0m (rms/max) Trust = 9.011e-02 ([92m+[0m) Grad_T = [0m4.469e-03[0m/[0m1.161e-02[0m (rms/max) E (change) = -916.0362966659 ([0m-3.867e-03[0m) Quality = [0m0.885[0m
Hessian Eigenvalues: 3.67355e-03 1.67483e-02 2.16398e-02 ... 9.83980e-01 1.07107e+00 1.30611e+00
Step   15 : Displace = [0m1.209e-01[0m/[0m3.139e-01[0m (rms/max) Trust = 1.274e-01 ([92m+[0m) Grad_T = [0m4.899e-03[0m/[0m1.454e-02[0m (rms/max) E (change) = -916.0400279425 ([0m-3.731e-03[0m) Quality = [0m0.746[0m
Hessian Eigenvalues: 4.87764e-03 1.60810e-02 2.18926e-02 ... 9.21289e-01 1.07397e+00 1.29996e+00
Step   16 : Displace = [0m1.224e-01[0m/[0m3.055e-01[0m (rms/max) Trust = 1.274e-01 (=) Grad_T = [0m8.185e-03[0m/[0m2.184e-02[0m (rms/max) E (change) = -916.0385549989 ([91m+1.473e-03[0m) Quality = [91m-0.538[0m
Hessian Eigenvalues: 5.62098e-03 1.58806e-02 2.17660e-02 ... 9.25671e-01 1.07182e+00 1.40010e+00
Step   17 : Displace = [0m5.903e-02[0m/[0m1.100e-01[0m (rms/max) Trust = 6.119e-02 ([91m-[0m) Grad_T = [0m2.502e-03[0m/[0m5.811e-03[0m (rms/max) E (change) = -916.0415503945 ([0m-2.995e-03[0m) Quality = [0m0.888[0m
Hessian Eigenvalues: 5.52114e-03 1.59263e-02 2.07404e-02 ... 9.33487e-01 1.06969e+00 1.49433e+00
Step   18 : Displace = [0m8.198e-02[0m/[0m1.672e-01[0m (rms/max) Trust = 8.653e-02 ([92m+[0m) Grad_T = [0m3.529e-03[0m/[0m7.865e-03[0m (rms/max) E (change) = -916.0414491239 ([91m+1.013e-04[0m) Quality = [91m-0.084[0m
Hessian Eigenvalues: 6.30759e-03 1.60949e-02 1.95741e-02 ... 9.33149e-01 1.07585e+00 1.48335e+00
Step   19 : Displace = [0m3.832e-02[0m/[0m7.273e-02[0m (rms/max) Trust = 4.099e-02 ([91m-[0m) Grad_T = [0m8.678e-04[0m/[0m1.790e-03[0m (rms/max) E (change) = -916.0422865769 ([0m-8.375e-04[0m) Quality = [0m0.962[0m
Hessian Eigenvalues: 5.34118e-03 1.60685e-02 1.96583e-02 ... 9.40147e-01 1.07124e+00 1.49921e+00
Step   20 : Displace = [0m5.246e-02[0m/[0m1.029e-01[0m (rms/max) Trust = 5.797e-02 ([92m+[0m) Grad_T = [0m1.685e-03[0m/[0m3.514e-03[0m (rms/max) E (change) = -916.0421527336 ([91m+1.338e-04[0m) Quality = [91m-0.514[0m
Hessian Eigenvalues: 6.09059e-03 1.53534e-02 1.83629e-02 ... 9.62307e-01 1.07099e+00 1.50416e+00
Step   21 : Displace = [0m2.688e-02[0m/[0m5.379e-02[0m (rms/max) Trust = 2.623e-02 ([91m-[0m) Grad_T = [0m5.621e-04[0m/[0m1.466e-03[0m (rms/max) E (change) = -916.0424336314 ([0m-2.809e-04[0m) Quality = [0m0.980[0m
Hessian Eigenvalues: 6.06549e-03 1.47641e-02 1.81601e-02 ... 9.78865e-01 1.07157e+00 1.51364e+00
Step   22 : Displace = [0m1.988e-02[0m/[0m4.406e-02[0m (rms/max) Trust = 3.710e-02 ([92m+[0m) Grad_T = [0m6.862e-04[0m/[0m1.792e-03[0m (rms/max) E (change) = -916.0425099466 ([0m-7.632e-05[0m) Quality = [0m0.745[0m
Hessian Eigenvalues: 6.46618e-03 9.33330e-03 1.75237e-02 ... 9.81850e-01 1.07485e+00 1.51193e+00
Step   23 : Displace = [0m1.376e-02[0m/[0m3.305e-02[0m (rms/max) Trust = 3.710e-02 (=) Grad_T = [0m4.730e-04[0m/[0m1.160e-03[0m (rms/max) E (change) = -916.0425624575 ([0m-5.251e-05[0m) Quality = [0m1.024[0m
Hessian Eigenvalues: 4.86199e-03 7.90911e-03 1.74497e-02 ... 9.79858e-01 1.07339e+00 1.51096e+00
Step   24 : Displace = [0m1.908e-02[0m/[0m3.915e-02[0m (rms/max) Trust = 5.246e-02 ([92m+[0m) Grad_T = [0m5.980e-04[0m/[0m1.632e-03[0m (rms/max) E (change) = -916.0425824319 ([0m-1.997e-05[0m) Quality = [0m0.519[0m
Hessian Eigenvalues: 3.96257e-03 7.91564e-03 1.73944e-02 ... 9.98930e-01 1.09136e+00 1.52487e+00
Step   25 : Displace = [0m6.527e-03[0m/[0m1.516e-02[0m (rms/max) Trust = 5.246e-02 (=) Grad_T = [0m4.086e-04[0m/[0m8.832e-04[0m (rms/max) E (change) = -916.0425946381 ([0m-1.221e-05[0m) Quality = [0m0.552[0m
Hessian Eigenvalues: 4.23153e-03 7.74862e-03 1.71055e-02 ... 9.76907e-01 1.08551e+00 1.50161e+00
Step   26 : Displace = [0m5.298e-03[0m/[0m1.308e-02[0m (rms/max) Trust = 5.246e-02 (=) Grad_T = [92m2.233e-04[0m/[0m5.380e-04[0m (rms/max) E (change) = -916.0425995732 ([0m-4.935e-06[0m) Quality = [0m0.464[0m
Hessian Eigenvalues: 4.30280e-03 7.87923e-03 1.71184e-02 ... 9.88292e-01 1.08996e+00 1.51647e+00
Step   27 : Displace = [0m2.149e-03[0m/[0m6.195e-03[0m (rms/max) Trust = 5.246e-02 (=) Grad_T = [92m6.783e-05[0m/[92m1.839e-04[0m (rms/max) E (change) = -916.0426025509 ([0m-2.978e-06[0m) Quality = [0m0.867[0m
Hessian Eigenvalues: 4.20585e-03 7.70376e-03 1.70980e-02 ... 9.76626e-01 1.08195e+00 1.54686e+00
Step   28 : Displace = [0m1.615e-03[0m/[0m4.754e-03[0m (rms/max) Trust = 7.419e-02 ([92m+[0m) Grad_T = [92m6.444e-05[0m/[92m1.390e-04[0m (rms/max) E (change) = -916.0426028411 ([92m-2.902e-07[0m) Quality = [0m0.480[0m
Hessian Eigenvalues: 4.17960e-03 7.70566e-03 1.54189e-02 ... 1.02133e+00 1.08331e+00 1.51588e+00
Step   29 : Displace = [92m7.865e-04[0m/[0m2.198e-03[0m (rms/max) Trust = 7.419e-02 (=) Grad_T = [92m2.783e-05[0m/[92m5.863e-05[0m (rms/max) E (change) = -916.0426032100 ([92m-3.689e-07[0m) Quality = [0m1.184[0m
Hessian Eigenvalues: 4.18955e-03 7.67409e-03 1.14854e-02 ... 1.00937e+00 1.10625e+00 1.46527e+00
Step   30 : Displace = [92m9.122e-04[0m/[0m1.923e-03[0m (rms/max) Trust = 1.049e-01 ([92m+[0m) Grad_T = [92m2.457e-05[0m/[92m5.350e-05[0m (rms/max) E (change) = -916.0426033825 ([92m-1.725e-07[0m) Quality = [0m1.101[0m
Hessian Eigenvalues: 4.22444e-03 5.67737e-03 8.44367e-03 ... 1.02999e+00 1.10052e+00 1.45973e+00
Step   31 : Displace = [0m1.267e-03[0m/[0m3.026e-03[0m (rms/max) Trust = 1.484e-01 ([92m+[0m) Grad_T = [92m2.277e-05[0m/[92m4.855e-05[0m (rms/max) E (change) = -916.0426035014 ([92m-1.189e-07[0m) Quality = [0m0.948[0m
Hessian Eigenvalues: 3.92538e-03 4.87667e-03 8.64765e-03 ... 1.02065e+00 1.08415e+00 1.46189e+00
Step   32 : Displace = [92m5.187e-04[0m/[92m1.465e-03[0m (rms/max) Trust = 2.098e-01 ([92m+[0m) Grad_T = [92m8.703e-06[0m/[92m2.073e-05[0m (rms/max) E (change) = -916.0426035367 ([92m-3.527e-08[0m) Quality = [0m0.781[0m
Hessian Eigenvalues: 3.92538e-03 4.87667e-03 8.64765e-03 ... 1.02065e+00 1.08415e+00 1.46189e+00
Converged! =D

    #==========================================================================#
    #| If this code has benefited your research, please support us by citing: |#
    #|                                                                        |#
    #| Wang, L.-P.; Song, C.C. (2016) "Geometry optimization made simple with |#
    #| translation and rotation coordinates", J. Chem, Phys. 144, 214108.     |#
    #| http://dx.doi.org/10.1063/1.4952956                                    |#
    #==========================================================================#
    Time elapsed since start of run_optimizer: 359.939 seconds
WARN: ECP not specified. The basis set CRENBL include an ECP. Recommended ECP: CRENBL.
/home/bhabani/Kishore/Tangelo_2.0_hardware/tangelo/problem_decomposition/dmet/dmet_problem_decomposition.py:168: RuntimeWarning: The mean field will be recomputed even if one has been provided by the user.
  warnings.warn("The mean field will be recomputed even if one has been provided by the user.", RuntimeWarning)
	[Optimizer] Evaluating mu=0.000000 with 1 hardware jobs...
 	Iteration =  1
 	Chemical Potential (mu) =      0.0000000000
 	----------------
 
	SCF Occupancy Eigenvalues for Fragment Number : # 0
	[1.65701066e-15 1.12390121e-15 1.11052427e-15 1.02133988e-15
 9.28843431e-16 8.83508332e-16 8.37175802e-16 8.17007946e-16
 7.72565622e-16 6.87367507e-16 6.58792634e-16 6.50899290e-16
 6.34113309e-16 5.72166944e-16 5.55014994e-16 5.12358866e-16
 5.07326041e-16 4.77114674e-16 4.27609337e-16 4.03626055e-16
 3.97921190e-16 3.63548151e-16 3.54715041e-16 3.52060050e-16
 3.36537145e-16 2.55659019e-16 2.53981468e-16 2.51540427e-16
 2.51118163e-16 2.29461898e-16 1.82086182e-16 1.78464865e-16
 1.71401971e-16 1.45273600e-16 1.11849849e-16 9.84215762e-17
 8.38379272e-17 7.14007394e-17 5.28523936e-17 4.54883493e-17
 3.91020853e-17 3.61648217e-17 2.98479429e-17 2.71044155e-17
 1.82137884e-17 1.40145296e-17 7.12123307e-18 4.80845335e-18
 5.48583518e-19 2.71267161e-19 5.62693579e-19 2.23185148e-18
 5.15788699e-18 1.00848292e-17 1.72710965e-17 3.23648103e-17
 4.07246274e-17 4.52130608e-17 5.24998071e-17 6.13098990e-17
 6.19000304e-17 1.11022302e-16 1.25665916e-16 1.42770561e-16
 1.53367048e-16 1.91622215e-16 1.98034495e-16 2.68116735e-16
 2.72643556e-16 2.84954888e-16 2.90773147e-16 3.11766315e-16
 3.39171760e-16 4.08057426e-16 4.34177398e-16 5.19669987e-16
 5.80246202e-16 5.95975596e-16 6.54885089e-16 6.94397275e-16
 7.17725928e-16 7.19134145e-16 8.04870800e-16 8.58393221e-16
 8.62949780e-16 8.74226925e-16 9.24580457e-16 1.06364213e-15
 1.80368265e-15 1.80919403e-15 1.98223727e-15 2.07789022e-15
 2.67736490e-15 1.76675177e-06 4.93853715e-06 2.98124436e-05
 3.42702983e-05 1.23359200e-04 3.02987490e-04 1.51155170e-03
 3.17365107e-03 8.04059298e-03 8.84874029e-03 2.46256326e-02
 9.56484582e-01 9.87940609e-01 1.16648038e+00 1.19670570e+00
 1.63970368e+00 1.98668206e+00 1.99044527e+00 1.99556831e+00
 1.99762097e+00 1.99787676e+00 1.99840183e+00 1.99855913e+00
 1.99908593e+00 1.99935177e+00 1.99953965e+00 1.99977804e+00
 1.99989886e+00 1.99993373e+00 1.99995189e+00 1.99998216e+00
 1.99998589e+00 1.99999296e+00 1.99999537e+00 1.99999771e+00
 1.99999857e+00 1.99999893e+00 1.99999926e+00 1.99999967e+00
 1.99999984e+00 2.00000000e+00 2.00000000e+00 2.00000000e+00
 2.00000000e+00 2.00000000e+00 2.00000000e+00 2.00000000e+00
 2.00000000e+00 2.00000000e+00 2.00000000e+00 2.00000000e+00
 2.00000000e+00 2.00000000e+00 2.00000000e+00 2.00000000e+00
 2.00000000e+00 2.00000000e+00 2.00000000e+00 2.00000000e+00
 2.00000000e+00 2.00000000e+00 2.00000000e+00 2.00000000e+00
 2.00000000e+00 2.00000000e+00 2.00000000e+00 2.00000000e+00
 2.00000000e+00 2.00000000e+00 2.00000000e+00 2.00000000e+00]

	SCF Occupancy Eigenvalues for Fragment Number : # 1
	[2.99519302e-15 1.41824871e-15 1.28102967e-15 1.16041364e-15
 1.15576824e-15 1.15486240e-15 1.01645274e-15 9.52405560e-16
 9.19067252e-16 8.17295012e-16 8.02343643e-16 7.89135484e-16
 7.31852908e-16 7.27026818e-16 6.94971341e-16 6.26382118e-16
 5.83238164e-16 5.72872002e-16 5.69880548e-16 5.48948290e-16
 5.35810653e-16 4.83989616e-16 4.42357127e-16 3.73626508e-16
 3.66746584e-16 3.61574070e-16 3.49514348e-16 3.43388881e-16
 3.27434584e-16 3.12383630e-16 3.03927593e-16 2.79925479e-16
 2.37077216e-16 2.20416669e-16 2.04063689e-16 1.92196666e-16
 1.84666754e-16 1.30530513e-16 1.16360737e-16 7.41649953e-17
 6.45565348e-17 5.78493063e-17 5.35707459e-17 5.35408034e-17
 4.26389871e-17 4.24634270e-17 4.20957005e-17 3.42063372e-17
 3.22572114e-17 3.15622606e-17 2.77227326e-17 2.11532534e-17
 1.40726307e-17 1.00812693e-17 4.59583209e-18 4.46304327e-18
 2.74235663e-18 1.91720501e-18 1.65774946e-18 3.73476553e-20
 1.05332811e-18 2.61039711e-18 3.58758615e-18 4.07231350e-18
 5.50743548e-18 5.89608208e-18 7.36552939e-18 8.46503308e-18
 1.55666304e-17 1.81574284e-17 1.85189511e-17 2.74235455e-17
 3.77169594e-17 5.19935896e-17 5.32008196e-17 7.81201571e-17
 9.41822556e-17 9.96933153e-17 1.25025957e-16 1.34945386e-16
 1.35360996e-16 1.74047555e-16 2.01643060e-16 2.12440518e-16
 2.29609963e-16 2.82556197e-16 2.93168267e-16 3.08359808e-16
 3.15284144e-16 3.59211080e-16 3.85011688e-16 3.96648923e-16
 4.17186754e-16 4.34540368e-16 4.38790613e-16 4.62619849e-16
 4.66834192e-16 5.31148798e-16 5.60150924e-16 5.92121161e-16
 6.28435503e-16 6.50628657e-16 6.63420654e-16 6.90240044e-16
 6.98958078e-16 7.47295200e-16 8.13384986e-16 8.45378520e-16
 8.64790317e-16 8.77803302e-16 9.58333967e-16 9.66932354e-16
 1.00597501e-15 1.01622429e-15 1.05851171e-15 1.31003205e-15
 1.35378059e-15 1.42189798e-15 1.47995308e-15 1.49985196e-15
 2.40161548e-05 1.51556278e-02 2.37818492e-02 1.00713354e+00
 1.03981330e+00 1.98071688e+00 1.99005540e+00 1.99713411e+00
 1.99891371e+00 1.99935082e+00 1.99970479e+00 1.99989661e+00
 1.99993357e+00 2.00000000e+00 2.00000000e+00 2.00000000e+00
 2.00000000e+00 2.00000000e+00 2.00000000e+00 2.00000000e+00
 2.00000000e+00 2.00000000e+00 2.00000000e+00 2.00000000e+00
 2.00000000e+00 2.00000000e+00 2.00000000e+00 2.00000000e+00
 2.00000000e+00 2.00000000e+00 2.00000000e+00 2.00000000e+00
 2.00000000e+00 2.00000000e+00 2.00000000e+00 2.00000000e+00
 2.00000000e+00 2.00000000e+00 2.00000000e+00 2.00000000e+00
 2.00000000e+00 2.00000000e+00 2.00000000e+00 2.00000000e+00
 2.00000000e+00 2.00000000e+00 2.00000000e+00 2.00000000e+00
 2.00000000e+00 2.00000000e+00 2.00000000e+00 2.00000000e+00
 2.00000000e+00 2.00000000e+00 2.00000000e+00 2.00000000e+00
 2.00000000e+00 2.00000000e+00 2.00000000e+00 2.00000000e+00
 2.00000000e+00 2.00000000e+00 2.00000000e+00 2.00000000e+00
 2.00000000e+00 2.00000000e+00 2.00000000e+00 2.00000000e+00
 2.00000000e+00 2.00000000e+00 2.00000000e+00]

	SCF Occupancy Eigenvalues for Fragment Number : # 2
	[1.59294710e-15 1.43081635e-15 1.11406375e-15 8.91125463e-16
 8.53651932e-16 8.45133503e-16 7.77035577e-16 6.78646638e-16
 6.44375328e-16 6.18477759e-16 5.48749722e-16 5.35769332e-16
 5.05397849e-16 4.41892923e-16 3.63381797e-16 3.55786621e-16
 3.45376101e-16 3.35710194e-16 3.16321655e-16 2.65058310e-16
 2.11173482e-16 2.02589569e-16 1.60856716e-16 1.43712648e-16
 1.38049451e-16 1.30767171e-16 1.00966167e-16 9.32925591e-17
 7.43087910e-17 7.37676215e-17 5.73872894e-17 3.27257344e-17
 3.13660479e-17 3.01391829e-17 2.72415379e-17 2.59198311e-17
 2.01410717e-17 1.41518559e-17 5.48518984e-18 6.81119540e-19
 7.10212201e-19 4.16860419e-18 9.86983876e-18 1.21192959e-17
 1.53568643e-17 1.69862443e-17 2.79370325e-17 3.44753223e-17
 4.59812076e-17 4.82072619e-17 8.65285236e-17 9.63430951e-17
 9.88151631e-17 1.08649612e-16 1.43879695e-16 1.53014088e-16
 1.56838725e-16 2.23323462e-16 2.32461905e-16 2.35669251e-16
 2.43849774e-16 2.72972701e-16 3.14655688e-16 3.47668687e-16
 3.77304933e-16 4.11044601e-16 4.17414809e-16 4.85032997e-16
 4.86411382e-16 5.24347665e-16 5.91391401e-16 6.67130540e-16
 6.96461845e-16 7.50164014e-16 8.01131982e-16 8.84537850e-16
 9.29070777e-16 1.03977104e-15 1.06360974e-15 2.10460673e-15
 2.22245622e-15 2.31396293e-15 6.22453140e-09 3.28826166e-08
 8.11936207e-08 3.47475772e-07 6.20799087e-07 2.72516094e-06
 4.77197130e-06 1.13848146e-05 2.36800774e-05 6.00016961e-05
 8.44423862e-05 1.44757258e-04 2.74772378e-04 6.40152697e-04
 1.33930817e-03 5.86817048e-03 1.48393919e-02 9.82197527e-01
 1.97073510e+00 1.98281883e+00 1.99019039e+00 1.99714482e+00
 1.99759606e+00 1.99955849e+00 1.99966360e+00 1.99991093e+00
 1.99994339e+00 1.99997779e+00 1.99998748e+00 1.99999056e+00
 1.99999451e+00 1.99999694e+00 1.99999820e+00 1.99999887e+00
 1.99999949e+00 1.99999966e+00 1.99999973e+00 1.99999994e+00
 1.99999996e+00 1.99999996e+00 1.99999998e+00 1.99999999e+00
 1.99999999e+00 2.00000000e+00 2.00000000e+00 2.00000000e+00
 2.00000000e+00 2.00000000e+00 2.00000000e+00 2.00000000e+00
 2.00000000e+00 2.00000000e+00 2.00000000e+00 2.00000000e+00
 2.00000000e+00 2.00000000e+00 2.00000000e+00 2.00000000e+00
 2.00000000e+00 2.00000000e+00 2.00000000e+00 2.00000000e+00
 2.00000000e+00 2.00000000e+00 2.00000000e+00 2.00000000e+00
 2.00000000e+00 2.00000000e+00 2.00000000e+00 2.00000000e+00
 2.00000000e+00]

	SCF Occupancy Eigenvalues for Fragment Number : # 3
	[1.96197121e-15 1.87402482e-15 1.77830285e-15 1.77771506e-15
 1.50510084e-15 1.37337574e-15 1.35495511e-15 1.16746253e-15
 1.10606747e-15 1.03618671e-15 1.00290650e-15 9.70790580e-16
 9.29346409e-16 8.23411950e-16 7.86042914e-16 7.55822320e-16
 7.53102192e-16 7.27119618e-16 6.93998490e-16 6.44238552e-16
 6.32874261e-16 6.23417797e-16 6.17107569e-16 6.05497239e-16
 5.98394315e-16 5.21175571e-16 4.36364158e-16 4.22464420e-16
 4.12366389e-16 3.96684237e-16 3.60768629e-16 3.42562567e-16
 3.10710201e-16 3.01409373e-16 2.93881700e-16 2.77747759e-16
 2.53207678e-16 2.49328547e-16 2.42904548e-16 2.36455862e-16
 1.91993459e-16 1.41882834e-16 1.32286456e-16 1.20087005e-16
 1.14753074e-16 1.04805928e-16 1.00671553e-16 9.72612697e-17
 7.27140014e-17 7.03095603e-17 5.52760654e-17 3.96584576e-17
 3.80817204e-17 3.54120765e-17 3.17106114e-17 2.29198703e-17
 2.01415244e-17 1.25793877e-17 1.17800242e-17 7.30885412e-18
 5.61164252e-18 2.32935173e-18 1.39995469e-18 1.11393826e-18
 2.96367672e-19 3.23787264e-18 4.14284675e-18 4.62142268e-18
 5.57149190e-18 7.07984654e-18 9.54593095e-18 1.23825092e-17
 1.43930216e-17 1.82803624e-17 2.05998413e-17 2.17423075e-17
 3.32282672e-17 3.96462098e-17 5.18663084e-17 7.38488827e-17
 7.55227438e-17 8.01454390e-17 9.00772053e-17 1.13024003e-16
 1.17553905e-16 1.46260073e-16 1.54150034e-16 1.54547761e-16
 1.68164549e-16 2.07239711e-16 2.25286200e-16 3.01488888e-16
 3.39431976e-16 3.65329050e-16 3.90656722e-16 4.01605210e-16
 4.21015362e-16 4.31583530e-16 4.95402277e-16 5.11467951e-16
 5.21952928e-16 5.28569757e-16 5.88418747e-16 6.24019925e-16
 6.25145065e-16 6.60230637e-16 6.67472195e-16 7.81405301e-16
 8.50869390e-16 8.73503117e-16 9.08252151e-16 9.09592252e-16
 9.60618371e-16 1.00300938e-15 1.06701181e-15 1.09150168e-15
 1.21189861e-15 1.34805318e-15 1.80225617e-15 2.18028448e-15
 2.28852133e-05 1.35637134e-02 2.92923923e-02 1.01728606e+00
 1.04085123e+00 1.97209880e+00 1.99055220e+00 1.99735801e+00
 1.99894702e+00 1.99943590e+00 1.99960179e+00 1.99984441e+00
 1.99994093e+00 2.00000000e+00 2.00000000e+00 2.00000000e+00
 2.00000000e+00 2.00000000e+00 2.00000000e+00 2.00000000e+00
 2.00000000e+00 2.00000000e+00 2.00000000e+00 2.00000000e+00
 2.00000000e+00 2.00000000e+00 2.00000000e+00 2.00000000e+00
 2.00000000e+00 2.00000000e+00 2.00000000e+00 2.00000000e+00
 2.00000000e+00 2.00000000e+00 2.00000000e+00 2.00000000e+00
 2.00000000e+00 2.00000000e+00 2.00000000e+00 2.00000000e+00
 2.00000000e+00 2.00000000e+00 2.00000000e+00 2.00000000e+00
 2.00000000e+00 2.00000000e+00 2.00000000e+00 2.00000000e+00
 2.00000000e+00 2.00000000e+00 2.00000000e+00 2.00000000e+00
 2.00000000e+00 2.00000000e+00 2.00000000e+00 2.00000000e+00
 2.00000000e+00 2.00000000e+00 2.00000000e+00 2.00000000e+00
 2.00000000e+00 2.00000000e+00 2.00000000e+00 2.00000000e+00
 2.00000000e+00 2.00000000e+00 2.00000000e+00 2.00000000e+00
 2.00000000e+00 2.00000000e+00 2.00000000e+00]

	SCF Occupancy Eigenvalues for Fragment Number : # 4
	[1.65410671e-15 1.20207477e-15 1.12766330e-15 9.93655098e-16
 9.25164003e-16 7.85141855e-16 7.55716117e-16 6.87797245e-16
 6.36756114e-16 5.66344692e-16 4.89653457e-16 4.63833523e-16
 4.34448533e-16 4.22304070e-16 4.18572406e-16 4.05585279e-16
 3.88612102e-16 3.68404213e-16 3.59220738e-16 3.36971216e-16
 2.86446509e-16 2.84679652e-16 2.45847991e-16 2.40540235e-16
 2.19393550e-16 1.68328364e-16 1.64052798e-16 1.52062226e-16
 1.36780975e-16 1.25432728e-16 9.94689576e-17 8.08323540e-17
 8.05600548e-17 7.11144900e-17 6.29520935e-17 4.25977453e-17
 2.01408990e-17 1.96012026e-17 1.26201960e-17 3.11812875e-19
 5.22600290e-18 2.06618819e-17 2.29194833e-17 2.80570738e-17
 4.20953111e-17 5.25032340e-17 6.22874189e-17 6.54561523e-17
 8.00911857e-17 8.65339889e-17 8.81438957e-17 9.73776327e-17
 1.17103228e-16 1.43635683e-16 1.43884397e-16 1.52993298e-16
 1.87882577e-16 2.13557158e-16 2.53565263e-16 2.55644737e-16
 3.06552624e-16 3.08418628e-16 3.09839970e-16 3.58506390e-16
 4.32162397e-16 4.36919043e-16 4.70409008e-16 4.72788592e-16
 5.75264502e-16 5.77716158e-16 6.42250649e-16 8.04858436e-16
 8.06240911e-16 8.12937250e-16 8.56003384e-16 8.60979735e-16
 1.07282708e-15 1.29305584e-15 1.30885960e-15 1.38609827e-15
 1.88351906e-15 1.91720293e-15 2.35388357e-08 8.94053636e-08
 1.91010117e-07 5.77277283e-07 1.23739535e-06 3.99547636e-06
 6.40494678e-06 1.03809941e-05 2.50682657e-05 6.34770369e-05
 8.70409958e-05 1.84373446e-04 2.55517353e-04 7.85810442e-04
 1.84006044e-03 6.13815082e-03 1.19093024e-02 9.73080785e-01
 1.97884176e+00 1.98167240e+00 1.99071399e+00 1.99696047e+00
 1.99787210e+00 1.99915855e+00 1.99948680e+00 1.99972400e+00
 1.99991281e+00 1.99994224e+00 1.99997046e+00 1.99998241e+00
 1.99999381e+00 1.99999648e+00 1.99999759e+00 1.99999835e+00
 1.99999928e+00 1.99999963e+00 1.99999965e+00 1.99999980e+00
 1.99999987e+00 1.99999992e+00 1.99999997e+00 1.99999998e+00
 1.99999998e+00 1.99999999e+00 1.99999999e+00 2.00000000e+00
 2.00000000e+00 2.00000000e+00 2.00000000e+00 2.00000000e+00
 2.00000000e+00 2.00000000e+00 2.00000000e+00 2.00000000e+00
 2.00000000e+00 2.00000000e+00 2.00000000e+00 2.00000000e+00
 2.00000000e+00 2.00000000e+00 2.00000000e+00 2.00000000e+00
 2.00000000e+00 2.00000000e+00 2.00000000e+00 2.00000000e+00
 2.00000000e+00 2.00000000e+00 2.00000000e+00 2.00000000e+00
 2.00000000e+00]

	SCF Occupancy Eigenvalues for Fragment Number : # 5
	[3.10871296e-15 1.46877328e-15 1.34474446e-15 1.12484817e-15
 9.83229727e-16 9.76925733e-16 9.73343427e-16 8.77633862e-16
 8.48188694e-16 8.26865237e-16 6.78556908e-16 6.71790186e-16
 6.59901383e-16 6.39903450e-16 6.06829917e-16 4.99600361e-16
 4.82654173e-16 4.72420915e-16 4.47330883e-16 4.45899811e-16
 4.25565587e-16 4.03297424e-16 3.09907651e-16 2.83125376e-16
 2.54719318e-16 2.44070567e-16 2.31456751e-16 2.19504152e-16
 2.16404351e-16 1.78889691e-16 1.68905880e-16 1.62910399e-16
 1.47817413e-16 1.23439637e-16 1.19668815e-16 9.21312818e-17
 8.67334208e-17 7.61885719e-17 4.90773496e-17 4.25058329e-17
 3.81606876e-17 2.96063114e-17 2.24596232e-17 1.95638760e-17
 1.92602862e-17 7.45357393e-18 4.98487456e-18 2.10546639e-18
 2.64514573e-21 1.16087969e-18 3.20766232e-18 9.42023403e-18
 1.08117759e-17 1.32569628e-17 2.04145753e-17 2.94874675e-17
 2.95426871e-17 7.11870567e-17 7.82135460e-17 9.59896619e-17
 9.60141407e-17 9.80895697e-17 1.19072157e-16 1.28935986e-16
 1.29199040e-16 1.50916303e-16 1.62581347e-16 1.82909482e-16
 1.85075820e-16 1.96788587e-16 2.37402243e-16 2.46755501e-16
 2.84055840e-16 3.18224878e-16 3.40457437e-16 3.57074020e-16
 4.21998190e-16 4.31386199e-16 4.56709725e-16 4.95319194e-16
 5.61659584e-16 5.65655710e-16 5.80290146e-16 6.40125915e-16
 7.41630275e-16 7.91121268e-16 8.01190808e-16 8.47982973e-16
 8.77965380e-16 9.17765298e-16 9.70535541e-16 1.01562103e-15
 1.08218593e-15 1.48111910e-15 1.49876608e-15 1.56555393e-15
 2.06444925e-15 2.36442369e-06 3.63935691e-06 1.39346816e-05
 3.03524878e-05 2.43080854e-04 6.23532039e-04 1.00550005e-03
 2.57071745e-03 3.14214449e-03 6.92607983e-03 1.78665715e-02
 2.61363133e-02 4.48348018e-02 3.37708745e-01 8.03646013e-01
 8.24161242e-01 1.99352519e+00 1.99426911e+00 1.99846529e+00
 1.99872026e+00 1.99907168e+00 1.99948535e+00 1.99961230e+00
 1.99973041e+00 1.99985309e+00 1.99988626e+00 1.99991940e+00
 1.99994908e+00 1.99996660e+00 1.99997901e+00 1.99998533e+00
 1.99999560e+00 1.99999692e+00 1.99999761e+00 1.99999885e+00
 1.99999963e+00 2.00000000e+00 2.00000000e+00 2.00000000e+00
 2.00000000e+00 2.00000000e+00 2.00000000e+00 2.00000000e+00
 2.00000000e+00 2.00000000e+00 2.00000000e+00 2.00000000e+00
 2.00000000e+00 2.00000000e+00 2.00000000e+00 2.00000000e+00
 2.00000000e+00 2.00000000e+00 2.00000000e+00 2.00000000e+00
 2.00000000e+00 2.00000000e+00 2.00000000e+00 2.00000000e+00
 2.00000000e+00 2.00000000e+00 2.00000000e+00 2.00000000e+00
 2.00000000e+00 2.00000000e+00 2.00000000e+00 2.00000000e+00
 2.00000000e+00 2.00000000e+00 2.00000000e+00 2.00000000e+00]

		Fragment Number : #  1
		------------------------
		CCSD diag: n_active_mos=80, n_active_electrons=80, trace(onerdm)=80.0
		Fragment Energy = -448.0950124785695
		Number of Electrons in Fragment = 26.107417827672826
		Fragment Number : #  2
		------------------------
		CCSD diag: n_active_mos=26, n_active_electrons=26, trace(onerdm)=26.0
		Fragment Energy = -126.03095759722196
		Number of Electrons in Fragment = 7.967204560158145
		Fragment Number : #  3
		------------------------
		CCSD diag: n_active_mos=102, n_active_electrons=102, trace(onerdm)=102.0
		Fragment Energy = -573.7666719181968
		Number of Electrons in Fragment = 35.06388229927698
		Fragment Number : #  4
		------------------------
		CCSD diag: n_active_mos=26, n_active_electrons=26, trace(onerdm)=26.000000000000004
		Fragment Energy = -125.32496365793365
		Number of Electrons in Fragment = 7.960691427271108
		Fragment Number : #  5
		------------------------
		CCSD diag: n_active_mos=102, n_active_electrons=102, trace(onerdm)=102.00000000000001
		Fragment Energy = -580.8023835697902
		Number of Electrons in Fragment = 35.066080767527154
Fragment: n_homo=35, n_lumo=36, kept=[34, 35, 36, 37]
		Fragment Number : #  6
		------------------------
Pass: Decompose - 1.16992 (ms)Pass: MergeOrbitalRotations - 0.08082 (ms)SQD counts diag: n_bits=8, first_bitstring=[0, 0, 1, 1, 0, 0, 1, 1], hamming_left=2, hamming_right=2
SQD postselect diag: total_samples=1, total_postselected=16, batch_sizes=[1, 1, 1, 1, 1, 1, 1, 1, 1, 1, 1, 1, 1, 1, 1, 1]
SQD batch diag: batch0_shape=(1, 8), first_bitstring=[0, 0, 1, 1, 0, 0, 1, 1], hamming_left=2, hamming_right=2
SQD sci diag: batch=0, norb=4, nelec=(2, 2), amp_norm=1.0, trace(rdm1)=4.0
SQD sci diag: batch=1, norb=4, nelec=(2, 2), amp_norm=1.0, trace(rdm1)=4.0
SQD sci diag: batch=2, norb=4, nelec=(2, 2), amp_norm=1.0, trace(rdm1)=4.0
SQD sci diag: batch=3, norb=4, nelec=(2, 2), amp_norm=1.0, trace(rdm1)=4.0
SQD sci diag: batch=4, norb=4, nelec=(2, 2), amp_norm=1.0, trace(rdm1)=4.0
SQD sci diag: batch=5, norb=4, nelec=(2, 2), amp_norm=1.0, trace(rdm1)=4.0
SQD sci diag: batch=6, norb=4, nelec=(2, 2), amp_norm=1.0, trace(rdm1)=4.0
SQD sci diag: batch=7, norb=4, nelec=(2, 2), amp_norm=1.0, trace(rdm1)=4.0
SQD sci diag: batch=8, norb=4, nelec=(2, 2), amp_norm=1.0, trace(rdm1)=4.0
SQD sci diag: batch=9, norb=4, nelec=(2, 2), amp_norm=1.0, trace(rdm1)=4.0
SQD sci diag: batch=10, norb=4, nelec=(2, 2), amp_norm=1.0, trace(rdm1)=4.0
SQD sci diag: batch=11, norb=4, nelec=(2, 2), amp_norm=1.0, trace(rdm1)=4.0
SQD sci diag: batch=12, norb=4, nelec=(2, 2), amp_norm=1.0, trace(rdm1)=4.0
SQD sci diag: batch=13, norb=4, nelec=(2, 2), amp_norm=1.0, trace(rdm1)=4.0
SQD sci diag: batch=14, norb=4, nelec=(2, 2), amp_norm=1.0, trace(rdm1)=4.0
SQD sci diag: batch=15, norb=4, nelec=(2, 2), amp_norm=1.0, trace(rdm1)=4.0
/home/bhabani/miniconda3/lib/python3.12/site-packages/qiskit_addon_sqd/configuration_recovery.py:230: RuntimeWarning: invalid value encountered in divide
  probs_left = probs_left / np.sum(probs_left)
/home/bhabani/miniconda3/lib/python3.12/site-packages/qiskit_addon_sqd/configuration_recovery.py:231: RuntimeWarning: invalid value encountered in divide
  probs_right = probs_right / np.sum(probs_right)
SQD postselect diag: total_samples=1, total_postselected=16, batch_sizes=[1, 1, 1, 1, 1, 1, 1, 1, 1, 1, 1, 1, 1, 1, 1, 1]
SQD batch diag: batch0_shape=(1, 8), first_bitstring=[0, 0, 1, 1, 0, 0, 1, 1], hamming_left=2, hamming_right=2
SQD sci diag: batch=0, norb=4, nelec=(2, 2), amp_norm=1.0, trace(rdm1)=4.0
SQD sci diag: batch=1, norb=4, nelec=(2, 2), amp_norm=1.0, trace(rdm1)=4.0
SQD sci diag: batch=2, norb=4, nelec=(2, 2), amp_norm=1.0, trace(rdm1)=4.0
SQD sci diag: batch=3, norb=4, nelec=(2, 2), amp_norm=1.0, trace(rdm1)=4.0
SQD sci diag: batch=4, norb=4, nelec=(2, 2), amp_norm=1.0, trace(rdm1)=4.0
SQD sci diag: batch=5, norb=4, nelec=(2, 2), amp_norm=1.0, trace(rdm1)=4.0
SQD sci diag: batch=6, norb=4, nelec=(2, 2), amp_norm=1.0, trace(rdm1)=4.0
SQD sci diag: batch=7, norb=4, nelec=(2, 2), amp_norm=1.0, trace(rdm1)=4.0
SQD sci diag: batch=8, norb=4, nelec=(2, 2), amp_norm=1.0, trace(rdm1)=4.0
SQD sci diag: batch=9, norb=4, nelec=(2, 2), amp_norm=1.0, trace(rdm1)=4.0
SQD sci diag: batch=10, norb=4, nelec=(2, 2), amp_norm=1.0, trace(rdm1)=4.0
SQD sci diag: batch=11, norb=4, nelec=(2, 2), amp_norm=1.0, trace(rdm1)=4.0
SQD sci diag: batch=12, norb=4, nelec=(2, 2), amp_norm=1.0, trace(rdm1)=4.0
SQD sci diag: batch=13, norb=4, nelec=(2, 2), amp_norm=1.0, trace(rdm1)=4.0
SQD sci diag: batch=14, norb=4, nelec=(2, 2), amp_norm=1.0, trace(rdm1)=4.0
SQD sci diag: batch=15, norb=4, nelec=(2, 2), amp_norm=1.0, trace(rdm1)=4.0
		SQD diag: n_active_mos=4, n_active_electrons=4, trace(onerdm)=4.0
		Fragment Energy = -583.709694554953
		Number of Electrons in Fragment = 29.9486777836956
	Electron Residual = 0.11395466560179557
	[Optimizer] Evaluating mu=-0.050000 with 1 hardware jobs...
 	Iteration =  2
 	Chemical Potential (mu) =     -0.0500000000
 	----------------
 
	SCF Occupancy Eigenvalues for Fragment Number : # 0
	[1.65701066e-15 1.12390121e-15 1.11052427e-15 1.02133988e-15
 9.28843431e-16 8.83508332e-16 8.37175802e-16 8.17007946e-16
 7.72565622e-16 6.87367507e-16 6.58792634e-16 6.50899290e-16
 6.34113309e-16 5.72166944e-16 5.55014994e-16 5.12358866e-16
 5.07326041e-16 4.77114674e-16 4.27609337e-16 4.03626055e-16
 3.97921190e-16 3.63548151e-16 3.54715041e-16 3.52060050e-16
 3.36537145e-16 2.55659019e-16 2.53981468e-16 2.51540427e-16
 2.51118163e-16 2.29461898e-16 1.82086182e-16 1.78464865e-16
 1.71401971e-16 1.45273600e-16 1.11849849e-16 9.84215762e-17
 8.38379272e-17 7.14007394e-17 5.28523936e-17 4.54883493e-17
 3.91020853e-17 3.61648217e-17 2.98479429e-17 2.71044155e-17
 1.82137884e-17 1.40145296e-17 7.12123307e-18 4.80845335e-18
 5.48583518e-19 2.71267161e-19 5.62693579e-19 2.23185148e-18
 5.15788699e-18 1.00848292e-17 1.72710965e-17 3.23648103e-17
 4.07246274e-17 4.52130608e-17 5.24998071e-17 6.13098990e-17
 6.19000304e-17 1.11022302e-16 1.25665916e-16 1.42770561e-16
 1.53367048e-16 1.91622215e-16 1.98034495e-16 2.68116735e-16
 2.72643556e-16 2.84954888e-16 2.90773147e-16 3.11766315e-16
 3.39171760e-16 4.08057426e-16 4.34177398e-16 5.19669987e-16
 5.80246202e-16 5.95975596e-16 6.54885089e-16 6.94397275e-16
 7.17725928e-16 7.19134145e-16 8.04870800e-16 8.58393221e-16
 8.62949780e-16 8.74226925e-16 9.24580457e-16 1.06364213e-15
 1.80368265e-15 1.80919403e-15 1.98223727e-15 2.07789022e-15
 2.67736490e-15 1.76675177e-06 4.93853715e-06 2.98124436e-05
 3.42702983e-05 1.23359200e-04 3.02987490e-04 1.51155170e-03
 3.17365107e-03 8.04059298e-03 8.84874029e-03 2.46256326e-02
 9.56484582e-01 9.87940609e-01 1.16648038e+00 1.19670570e+00
 1.63970368e+00 1.98668206e+00 1.99044527e+00 1.99556831e+00
 1.99762097e+00 1.99787676e+00 1.99840183e+00 1.99855913e+00
 1.99908593e+00 1.99935177e+00 1.99953965e+00 1.99977804e+00
 1.99989886e+00 1.99993373e+00 1.99995189e+00 1.99998216e+00
 1.99998589e+00 1.99999296e+00 1.99999537e+00 1.99999771e+00
 1.99999857e+00 1.99999893e+00 1.99999926e+00 1.99999967e+00
 1.99999984e+00 2.00000000e+00 2.00000000e+00 2.00000000e+00
 2.00000000e+00 2.00000000e+00 2.00000000e+00 2.00000000e+00
 2.00000000e+00 2.00000000e+00 2.00000000e+00 2.00000000e+00
 2.00000000e+00 2.00000000e+00 2.00000000e+00 2.00000000e+00
 2.00000000e+00 2.00000000e+00 2.00000000e+00 2.00000000e+00
 2.00000000e+00 2.00000000e+00 2.00000000e+00 2.00000000e+00
 2.00000000e+00 2.00000000e+00 2.00000000e+00 2.00000000e+00
 2.00000000e+00 2.00000000e+00 2.00000000e+00 2.00000000e+00]

	SCF Occupancy Eigenvalues for Fragment Number : # 1
	[2.99519302e-15 1.41824871e-15 1.28102967e-15 1.16041364e-15
 1.15576824e-15 1.15486240e-15 1.01645274e-15 9.52405560e-16
 9.19067252e-16 8.17295012e-16 8.02343643e-16 7.89135484e-16
 7.31852908e-16 7.27026818e-16 6.94971341e-16 6.26382118e-16
 5.83238164e-16 5.72872002e-16 5.69880548e-16 5.48948290e-16
 5.35810653e-16 4.83989616e-16 4.42357127e-16 3.73626508e-16
 3.66746584e-16 3.61574070e-16 3.49514348e-16 3.43388881e-16
 3.27434584e-16 3.12383630e-16 3.03927593e-16 2.79925479e-16
 2.37077216e-16 2.20416669e-16 2.04063689e-16 1.92196666e-16
 1.84666754e-16 1.30530513e-16 1.16360737e-16 7.41649953e-17
 6.45565348e-17 5.78493063e-17 5.35707459e-17 5.35408034e-17
 4.26389871e-17 4.24634270e-17 4.20957005e-17 3.42063372e-17
 3.22572114e-17 3.15622606e-17 2.77227326e-17 2.11532534e-17
 1.40726307e-17 1.00812693e-17 4.59583209e-18 4.46304327e-18
 2.74235663e-18 1.91720501e-18 1.65774946e-18 3.73476553e-20
 1.05332811e-18 2.61039711e-18 3.58758615e-18 4.07231350e-18
 5.50743548e-18 5.89608208e-18 7.36552939e-18 8.46503308e-18
 1.55666304e-17 1.81574284e-17 1.85189511e-17 2.74235455e-17
 3.77169594e-17 5.19935896e-17 5.32008196e-17 7.81201571e-17
 9.41822556e-17 9.96933153e-17 1.25025957e-16 1.34945386e-16
 1.35360996e-16 1.74047555e-16 2.01643060e-16 2.12440518e-16
 2.29609963e-16 2.82556197e-16 2.93168267e-16 3.08359808e-16
 3.15284144e-16 3.59211080e-16 3.85011688e-16 3.96648923e-16
 4.17186754e-16 4.34540368e-16 4.38790613e-16 4.62619849e-16
 4.66834192e-16 5.31148798e-16 5.60150924e-16 5.92121161e-16
 6.28435503e-16 6.50628657e-16 6.63420654e-16 6.90240044e-16
 6.98958078e-16 7.47295200e-16 8.13384986e-16 8.45378520e-16
 8.64790317e-16 8.77803302e-16 9.58333967e-16 9.66932354e-16
 1.00597501e-15 1.01622429e-15 1.05851171e-15 1.31003205e-15
 1.35378059e-15 1.42189798e-15 1.47995308e-15 1.49985196e-15
 2.40161548e-05 1.51556278e-02 2.37818492e-02 1.00713354e+00
 1.03981330e+00 1.98071688e+00 1.99005540e+00 1.99713411e+00
 1.99891371e+00 1.99935082e+00 1.99970479e+00 1.99989661e+00
 1.99993357e+00 2.00000000e+00 2.00000000e+00 2.00000000e+00
 2.00000000e+00 2.00000000e+00 2.00000000e+00 2.00000000e+00
 2.00000000e+00 2.00000000e+00 2.00000000e+00 2.00000000e+00
 2.00000000e+00 2.00000000e+00 2.00000000e+00 2.00000000e+00
 2.00000000e+00 2.00000000e+00 2.00000000e+00 2.00000000e+00
 2.00000000e+00 2.00000000e+00 2.00000000e+00 2.00000000e+00
 2.00000000e+00 2.00000000e+00 2.00000000e+00 2.00000000e+00
 2.00000000e+00 2.00000000e+00 2.00000000e+00 2.00000000e+00
 2.00000000e+00 2.00000000e+00 2.00000000e+00 2.00000000e+00
 2.00000000e+00 2.00000000e+00 2.00000000e+00 2.00000000e+00
 2.00000000e+00 2.00000000e+00 2.00000000e+00 2.00000000e+00
 2.00000000e+00 2.00000000e+00 2.00000000e+00 2.00000000e+00
 2.00000000e+00 2.00000000e+00 2.00000000e+00 2.00000000e+00
 2.00000000e+00 2.00000000e+00 2.00000000e+00 2.00000000e+00
 2.00000000e+00 2.00000000e+00 2.00000000e+00]

	SCF Occupancy Eigenvalues for Fragment Number : # 2
	[1.59294710e-15 1.43081635e-15 1.11406375e-15 8.91125463e-16
 8.53651932e-16 8.45133503e-16 7.77035577e-16 6.78646638e-16
 6.44375328e-16 6.18477759e-16 5.48749722e-16 5.35769332e-16
 5.05397849e-16 4.41892923e-16 3.63381797e-16 3.55786621e-16
 3.45376101e-16 3.35710194e-16 3.16321655e-16 2.65058310e-16
 2.11173482e-16 2.02589569e-16 1.60856716e-16 1.43712648e-16
 1.38049451e-16 1.30767171e-16 1.00966167e-16 9.32925591e-17
 7.43087910e-17 7.37676215e-17 5.73872894e-17 3.27257344e-17
 3.13660479e-17 3.01391829e-17 2.72415379e-17 2.59198311e-17
 2.01410717e-17 1.41518559e-17 5.48518984e-18 6.81119540e-19
 7.10212201e-19 4.16860419e-18 9.86983876e-18 1.21192959e-17
 1.53568643e-17 1.69862443e-17 2.79370325e-17 3.44753223e-17
 4.59812076e-17 4.82072619e-17 8.65285236e-17 9.63430951e-17
 9.88151631e-17 1.08649612e-16 1.43879695e-16 1.53014088e-16
 1.56838725e-16 2.23323462e-16 2.32461905e-16 2.35669251e-16
 2.43849774e-16 2.72972701e-16 3.14655688e-16 3.47668687e-16
 3.77304933e-16 4.11044601e-16 4.17414809e-16 4.85032997e-16
 4.86411382e-16 5.24347665e-16 5.91391401e-16 6.67130540e-16
 6.96461845e-16 7.50164014e-16 8.01131982e-16 8.84537850e-16
 9.29070777e-16 1.03977104e-15 1.06360974e-15 2.10460673e-15
 2.22245622e-15 2.31396293e-15 6.22453140e-09 3.28826166e-08
 8.11936207e-08 3.47475772e-07 6.20799087e-07 2.72516094e-06
 4.77197130e-06 1.13848146e-05 2.36800774e-05 6.00016961e-05
 8.44423862e-05 1.44757258e-04 2.74772378e-04 6.40152697e-04
 1.33930817e-03 5.86817048e-03 1.48393919e-02 9.82197527e-01
 1.97073510e+00 1.98281883e+00 1.99019039e+00 1.99714482e+00
 1.99759606e+00 1.99955849e+00 1.99966360e+00 1.99991093e+00
 1.99994339e+00 1.99997779e+00 1.99998748e+00 1.99999056e+00
 1.99999451e+00 1.99999694e+00 1.99999820e+00 1.99999887e+00
 1.99999949e+00 1.99999966e+00 1.99999973e+00 1.99999994e+00
 1.99999996e+00 1.99999996e+00 1.99999998e+00 1.99999999e+00
 1.99999999e+00 2.00000000e+00 2.00000000e+00 2.00000000e+00
 2.00000000e+00 2.00000000e+00 2.00000000e+00 2.00000000e+00
 2.00000000e+00 2.00000000e+00 2.00000000e+00 2.00000000e+00
 2.00000000e+00 2.00000000e+00 2.00000000e+00 2.00000000e+00
 2.00000000e+00 2.00000000e+00 2.00000000e+00 2.00000000e+00
 2.00000000e+00 2.00000000e+00 2.00000000e+00 2.00000000e+00
 2.00000000e+00 2.00000000e+00 2.00000000e+00 2.00000000e+00
 2.00000000e+00]

	SCF Occupancy Eigenvalues for Fragment Number : # 3
	[1.96197121e-15 1.87402482e-15 1.77830285e-15 1.77771506e-15
 1.50510084e-15 1.37337574e-15 1.35495511e-15 1.16746253e-15
 1.10606747e-15 1.03618671e-15 1.00290650e-15 9.70790580e-16
 9.29346409e-16 8.23411950e-16 7.86042914e-16 7.55822320e-16
 7.53102192e-16 7.27119618e-16 6.93998490e-16 6.44238552e-16
 6.32874261e-16 6.23417797e-16 6.17107569e-16 6.05497239e-16
 5.98394315e-16 5.21175571e-16 4.36364158e-16 4.22464420e-16
 4.12366389e-16 3.96684237e-16 3.60768629e-16 3.42562567e-16
 3.10710201e-16 3.01409373e-16 2.93881700e-16 2.77747759e-16
 2.53207678e-16 2.49328547e-16 2.42904548e-16 2.36455862e-16
 1.91993459e-16 1.41882834e-16 1.32286456e-16 1.20087005e-16
 1.14753074e-16 1.04805928e-16 1.00671553e-16 9.72612697e-17
 7.27140014e-17 7.03095603e-17 5.52760654e-17 3.96584576e-17
 3.80817204e-17 3.54120765e-17 3.17106114e-17 2.29198703e-17
 2.01415244e-17 1.25793877e-17 1.17800242e-17 7.30885412e-18
 5.61164252e-18 2.32935173e-18 1.39995469e-18 1.11393826e-18
 2.96367672e-19 3.23787264e-18 4.14284675e-18 4.62142268e-18
 5.57149190e-18 7.07984654e-18 9.54593095e-18 1.23825092e-17
 1.43930216e-17 1.82803624e-17 2.05998413e-17 2.17423075e-17
 3.32282672e-17 3.96462098e-17 5.18663084e-17 7.38488827e-17
 7.55227438e-17 8.01454390e-17 9.00772053e-17 1.13024003e-16
 1.17553905e-16 1.46260073e-16 1.54150034e-16 1.54547761e-16
 1.68164549e-16 2.07239711e-16 2.25286200e-16 3.01488888e-16
 3.39431976e-16 3.65329050e-16 3.90656722e-16 4.01605210e-16
 4.21015362e-16 4.31583530e-16 4.95402277e-16 5.11467951e-16
 5.21952928e-16 5.28569757e-16 5.88418747e-16 6.24019925e-16
 6.25145065e-16 6.60230637e-16 6.67472195e-16 7.81405301e-16
 8.50869390e-16 8.73503117e-16 9.08252151e-16 9.09592252e-16
 9.60618371e-16 1.00300938e-15 1.06701181e-15 1.09150168e-15
 1.21189861e-15 1.34805318e-15 1.80225617e-15 2.18028448e-15
 2.28852133e-05 1.35637134e-02 2.92923923e-02 1.01728606e+00
 1.04085123e+00 1.97209880e+00 1.99055220e+00 1.99735801e+00
 1.99894702e+00 1.99943590e+00 1.99960179e+00 1.99984441e+00
 1.99994093e+00 2.00000000e+00 2.00000000e+00 2.00000000e+00
 2.00000000e+00 2.00000000e+00 2.00000000e+00 2.00000000e+00
 2.00000000e+00 2.00000000e+00 2.00000000e+00 2.00000000e+00
 2.00000000e+00 2.00000000e+00 2.00000000e+00 2.00000000e+00
 2.00000000e+00 2.00000000e+00 2.00000000e+00 2.00000000e+00
 2.00000000e+00 2.00000000e+00 2.00000000e+00 2.00000000e+00
 2.00000000e+00 2.00000000e+00 2.00000000e+00 2.00000000e+00
 2.00000000e+00 2.00000000e+00 2.00000000e+00 2.00000000e+00
 2.00000000e+00 2.00000000e+00 2.00000000e+00 2.00000000e+00
 2.00000000e+00 2.00000000e+00 2.00000000e+00 2.00000000e+00
 2.00000000e+00 2.00000000e+00 2.00000000e+00 2.00000000e+00
 2.00000000e+00 2.00000000e+00 2.00000000e+00 2.00000000e+00
 2.00000000e+00 2.00000000e+00 2.00000000e+00 2.00000000e+00
 2.00000000e+00 2.00000000e+00 2.00000000e+00 2.00000000e+00
 2.00000000e+00 2.00000000e+00 2.00000000e+00]

	SCF Occupancy Eigenvalues for Fragment Number : # 4
	[1.65410671e-15 1.20207477e-15 1.12766330e-15 9.93655098e-16
 9.25164003e-16 7.85141855e-16 7.55716117e-16 6.87797245e-16
 6.36756114e-16 5.66344692e-16 4.89653457e-16 4.63833523e-16
 4.34448533e-16 4.22304070e-16 4.18572406e-16 4.05585279e-16
 3.88612102e-16 3.68404213e-16 3.59220738e-16 3.36971216e-16
 2.86446509e-16 2.84679652e-16 2.45847991e-16 2.40540235e-16
 2.19393550e-16 1.68328364e-16 1.64052798e-16 1.52062226e-16
 1.36780975e-16 1.25432728e-16 9.94689576e-17 8.08323540e-17
 8.05600548e-17 7.11144900e-17 6.29520935e-17 4.25977453e-17
 2.01408990e-17 1.96012026e-17 1.26201960e-17 3.11812875e-19
 5.22600290e-18 2.06618819e-17 2.29194833e-17 2.80570738e-17
 4.20953111e-17 5.25032340e-17 6.22874189e-17 6.54561523e-17
 8.00911857e-17 8.65339889e-17 8.81438957e-17 9.73776327e-17
 1.17103228e-16 1.43635683e-16 1.43884397e-16 1.52993298e-16
 1.87882577e-16 2.13557158e-16 2.53565263e-16 2.55644737e-16
 3.06552624e-16 3.08418628e-16 3.09839970e-16 3.58506390e-16
 4.32162397e-16 4.36919043e-16 4.70409008e-16 4.72788592e-16
 5.75264502e-16 5.77716158e-16 6.42250649e-16 8.04858436e-16
 8.06240911e-16 8.12937250e-16 8.56003384e-16 8.60979735e-16
 1.07282708e-15 1.29305584e-15 1.30885960e-15 1.38609827e-15
 1.88351906e-15 1.91720293e-15 2.35388357e-08 8.94053636e-08
 1.91010117e-07 5.77277283e-07 1.23739535e-06 3.99547636e-06
 6.40494678e-06 1.03809941e-05 2.50682657e-05 6.34770369e-05
 8.70409958e-05 1.84373446e-04 2.55517353e-04 7.85810442e-04
 1.84006044e-03 6.13815082e-03 1.19093024e-02 9.73080785e-01
 1.97884176e+00 1.98167240e+00 1.99071399e+00 1.99696047e+00
 1.99787210e+00 1.99915855e+00 1.99948680e+00 1.99972400e+00
 1.99991281e+00 1.99994224e+00 1.99997046e+00 1.99998241e+00
 1.99999381e+00 1.99999648e+00 1.99999759e+00 1.99999835e+00
 1.99999928e+00 1.99999963e+00 1.99999965e+00 1.99999980e+00
 1.99999987e+00 1.99999992e+00 1.99999997e+00 1.99999998e+00
 1.99999998e+00 1.99999999e+00 1.99999999e+00 2.00000000e+00
 2.00000000e+00 2.00000000e+00 2.00000000e+00 2.00000000e+00
 2.00000000e+00 2.00000000e+00 2.00000000e+00 2.00000000e+00
 2.00000000e+00 2.00000000e+00 2.00000000e+00 2.00000000e+00
 2.00000000e+00 2.00000000e+00 2.00000000e+00 2.00000000e+00
 2.00000000e+00 2.00000000e+00 2.00000000e+00 2.00000000e+00
 2.00000000e+00 2.00000000e+00 2.00000000e+00 2.00000000e+00
 2.00000000e+00]

	SCF Occupancy Eigenvalues for Fragment Number : # 5
	[3.10871296e-15 1.46877328e-15 1.34474446e-15 1.12484817e-15
 9.83229727e-16 9.76925733e-16 9.73343427e-16 8.77633862e-16
 8.48188694e-16 8.26865237e-16 6.78556908e-16 6.71790186e-16
 6.59901383e-16 6.39903450e-16 6.06829917e-16 4.99600361e-16
 4.82654173e-16 4.72420915e-16 4.47330883e-16 4.45899811e-16
 4.25565587e-16 4.03297424e-16 3.09907651e-16 2.83125376e-16
 2.54719318e-16 2.44070567e-16 2.31456751e-16 2.19504152e-16
 2.16404351e-16 1.78889691e-16 1.68905880e-16 1.62910399e-16
 1.47817413e-16 1.23439637e-16 1.19668815e-16 9.21312818e-17
 8.67334208e-17 7.61885719e-17 4.90773496e-17 4.25058329e-17
 3.81606876e-17 2.96063114e-17 2.24596232e-17 1.95638760e-17
 1.92602862e-17 7.45357393e-18 4.98487456e-18 2.10546639e-18
 2.64514573e-21 1.16087969e-18 3.20766232e-18 9.42023403e-18
 1.08117759e-17 1.32569628e-17 2.04145753e-17 2.94874675e-17
 2.95426871e-17 7.11870567e-17 7.82135460e-17 9.59896619e-17
 9.60141407e-17 9.80895697e-17 1.19072157e-16 1.28935986e-16
 1.29199040e-16 1.50916303e-16 1.62581347e-16 1.82909482e-16
 1.85075820e-16 1.96788587e-16 2.37402243e-16 2.46755501e-16
 2.84055840e-16 3.18224878e-16 3.40457437e-16 3.57074020e-16
 4.21998190e-16 4.31386199e-16 4.56709725e-16 4.95319194e-16
 5.61659584e-16 5.65655710e-16 5.80290146e-16 6.40125915e-16
 7.41630275e-16 7.91121268e-16 8.01190808e-16 8.47982973e-16
 8.77965380e-16 9.17765298e-16 9.70535541e-16 1.01562103e-15
 1.08218593e-15 1.48111910e-15 1.49876608e-15 1.56555393e-15
 2.06444925e-15 2.36442369e-06 3.63935691e-06 1.39346816e-05
 3.03524878e-05 2.43080854e-04 6.23532039e-04 1.00550005e-03
 2.57071745e-03 3.14214449e-03 6.92607983e-03 1.78665715e-02
 2.61363133e-02 4.48348018e-02 3.37708745e-01 8.03646013e-01
 8.24161242e-01 1.99352519e+00 1.99426911e+00 1.99846529e+00
 1.99872026e+00 1.99907168e+00 1.99948535e+00 1.99961230e+00
 1.99973041e+00 1.99985309e+00 1.99988626e+00 1.99991940e+00
 1.99994908e+00 1.99996660e+00 1.99997901e+00 1.99998533e+00
 1.99999560e+00 1.99999692e+00 1.99999761e+00 1.99999885e+00
 1.99999963e+00 2.00000000e+00 2.00000000e+00 2.00000000e+00
 2.00000000e+00 2.00000000e+00 2.00000000e+00 2.00000000e+00
 2.00000000e+00 2.00000000e+00 2.00000000e+00 2.00000000e+00
 2.00000000e+00 2.00000000e+00 2.00000000e+00 2.00000000e+00
 2.00000000e+00 2.00000000e+00 2.00000000e+00 2.00000000e+00
 2.00000000e+00 2.00000000e+00 2.00000000e+00 2.00000000e+00
 2.00000000e+00 2.00000000e+00 2.00000000e+00 2.00000000e+00
 2.00000000e+00 2.00000000e+00 2.00000000e+00 2.00000000e+00
 2.00000000e+00 2.00000000e+00 2.00000000e+00 2.00000000e+00]

		Fragment Number : #  1
		------------------------
		CCSD diag: n_active_mos=80, n_active_electrons=80, trace(onerdm)=80.0
		Fragment Energy = -445.8855606441615
		Number of Electrons in Fragment = 25.925405523260324
		Fragment Number : #  2
