
=== Relaxed scan: N–C distance = 1.30 Å ===
geometric-optimize called with the following command line:
tpp_CO2_relaxed_scan.py

                                        [91m())))))))))))))))/[0m                     
                                    [91m())))))))))))))))))))))))),[0m                
                                [91m*)))))))))))))))))))))))))))))))))[0m             
                        [94m#,[0m    [91m()))))))))/[0m                [91m.)))))))))),[0m          
                      [94m#%%%%,[0m  [91m())))))[0m                        [91m.))))))))*[0m        
                      [94m*%%%%%%,[0m  [91m))[0m              [93m..[0m              [91m,))))))).[0m      
                        [94m*%%%%%%,[0m         [93m***************/.[0m        [91m.)))))))[0m     
                [94m#%%/[0m      [94m(%%%%%%,[0m    [93m/*********************.[0m       [91m)))))))[0m    
              [94m.%%%%%%#[0m      [94m*%%%%%%,[0m  [93m*******/,[0m     [93m**********,[0m      [91m.))))))[0m   
                [94m.%%%%%%/[0m      [94m*%%%%%%,[0m  [93m**[0m              [93m********[0m      [91m.))))))[0m  
          [94m##[0m      [94m.%%%%%%/[0m      [94m(%%%%%%,[0m                  [93m,******[0m      [91m/)))))[0m  
        [94m%%%%%%[0m      [94m.%%%%%%#[0m      [94m*%%%%%%,[0m    [92m,/////.[0m       [93m******[0m      [91m))))))[0m 
      [94m#%[0m      [94m%%[0m      [94m.%%%%%%/[0m      [94m*%%%%%%,[0m  [92m////////,[0m      [93m*****/[0m     [91m,)))))[0m 
    [94m#%%[0m  [94m%%%[0m  [94m%%%#[0m      [94m.%%%%%%/[0m      [94m(%%%%%%,[0m  [92m///////.[0m     [93m/*****[0m      [91m))))).[0m
  [94m#%%%%.[0m      [94m%%%%%#[0m      [94m/%%%%%%*[0m      [94m#%%%%%%[0m   [92m/////)[0m     [93m******[0m      [91m))))),[0m
    [94m#%%%%##%[0m  [94m%%%#[0m      [94m.%%%%%%/[0m      [94m(%%%%%%,[0m  [92m///////.[0m     [93m/*****[0m      [91m))))).[0m
      [94m##[0m     [94m%%%[0m      [94m.%%%%%%/[0m      [94m*%%%%%%,[0m  [92m////////.[0m      [93m*****/[0m     [91m,)))))[0m 
        [94m#%%%%#[0m      [94m/%%%%%%/[0m      [94m(%%%%%%[0m      [92m/)/)//[0m       [93m******[0m      [91m))))))[0m 
          [94m##[0m      [94m.%%%%%%/[0m      [94m(%%%%%%,[0m                  [93m*******[0m      [91m))))))[0m  
                [94m.%%%%%%/[0m      [94m*%%%%%%,[0m  [93m**.[0m             [93m/*******[0m      [91m.))))))[0m  
              [94m*%%%%%%/[0m      [94m(%%%%%%[0m   [93m********/*..,*/*********[0m       [91m*))))))[0m   
                [94m#%%/[0m      [94m(%%%%%%,[0m    [93m*********************/[0m        [91m)))))))[0m    
                        [94m*%%%%%%,[0m         [93m,**************/[0m         [91m,))))))/[0m     
                      [94m(%%%%%%[0m   [91m()[0m                              [91m))))))))[0m       
                      [94m#%%%%,[0m  [91m())))))[0m                        [91m,)))))))),[0m        
                        [94m#,[0m    [91m())))))))))[0m                [91m,)))))))))).[0m          
                                 [91m()))))))))))))))))))))))))))))))/[0m             
                                    [91m())))))))))))))))))))))))).[0m                
                                         [91m())))))))))))))),[0m                     

-=# [1;94m geomeTRIC started. Version: 1.1 [0m #=-
Current date and time: 2026-04-17 12:01:20
#========================================================#
#| [92m    Arguments passed to driver run_optimizer():     [0m |#
#========================================================#
constraints               /tmp/tmpbdf9_k83/constraints.txt 
customengine              <pyscf.geomopt.geometric_solver.PySCFEngine object at 0x7f1649f0e7e0> 
input                     /tmp/tmpmfavq61g/208c97b5-e037-461f-8932-499166226f15 
logIni                    /home/bhabani/miniconda3/lib/python3.12/site-packages/pyscf/geomopt/log.ini 
maxiter                   100 
----------------------------------------------------------
Custom engine selected.
$set
distance 5 30 1.30000000
Bonds will be generated from interatomic distances less than 1.20 times sum of covalent radii
96 internal coordinates being used (instead of 96 Cartesians)
Internal coordinate system (atoms numbered from 1):
Distance 5-30
Distance 1-2
Distance 1-5
Distance 1-19
Distance 2-3
Distance 2-6
Distance 3-4
Distance 3-7
Distance 4-5
Distance 4-8
Distance 8-9
Distance 8-10
Distance 8-11
Distance 11-12
Distance 11-13
Distance 12-14
Distance 12-18
Distance 13-15
Distance 13-16
Distance 15-17
Distance 15-18
Distance 19-20
Distance 19-21
Distance 19-22
Distance 22-23
Distance 22-24
Distance 23-25
Distance 23-26
Distance 24-27
Distance 24-29
Distance 25-28
Distance 25-29
Distance 30-31
Distance 30-32
Angle 2-1-19
Angle 5-1-19
Angle 1-2-6
Angle 3-2-6
Angle 2-3-7
Angle 4-3-7
Angle 3-4-8
Angle 5-4-8
Angle 1-5-30
Angle 4-5-30
Angle 4-8-9
Angle 4-8-10
Angle 4-8-11
Angle 9-8-10
Angle 9-8-11
Angle 10-8-11
Angle 8-11-13
Angle 12-11-13
Angle 11-12-18
Angle 14-12-18
Angle 11-13-16
Angle 15-13-16
Angle 13-15-18
Angle 17-15-18
Angle 12-18-15
Angle 1-19-20
Angle 1-19-21
Angle 1-19-22
Angle 20-19-21
Angle 20-19-22
Angle 21-19-22
Angle 19-22-24
Angle 23-22-24
Angle 22-23-26
Angle 25-23-26
Angle 22-24-29
Angle 27-24-29
Angle 23-25-29
Angle 28-25-29
Angle 24-29-25
Angle 5-30-32
Angle 31-30-32
Out-of-Plane 1-2-5-19
Out-of-Plane 2-1-3-6
Out-of-Plane 3-2-4-7
Out-of-Plane 4-3-5-8
Out-of-Plane 5-1-4-30
Out-of-Plane 11-8-12-13
Out-of-Plane 12-11-14-18
Out-of-Plane 13-11-15-16
Out-of-Plane 15-13-17-18
Out-of-Plane 22-19-23-24
Out-of-Plane 23-22-25-26
Out-of-Plane 24-22-27-29
Out-of-Plane 25-23-28-29
Out-of-Plane 30-5-31-32
Dihedral 5-1-2-3
Dihedral 5-1-2-6
Dihedral 19-1-2-3
Dihedral 19-1-2-6
Dihedral 2-1-5-4
Dihedral 2-1-5-30
Dihedral 19-1-5-4
Dihedral 19-1-5-30
Dihedral 2-1-19-20
Dihedral 2-1-19-21
Dihedral 2-1-19-22
Dihedral 5-1-19-20
Dihedral 5-1-19-21
Dihedral 5-1-19-22
Dihedral 1-2-3-4
Dihedral 1-2-3-7
Dihedral 6-2-3-4
Dihedral 6-2-3-7
Dihedral 2-3-4-5
Dihedral 2-3-4-8
Dihedral 7-3-4-5
Dihedral 7-3-4-8
Dihedral 3-4-5-1
Dihedral 3-4-5-30
Dihedral 8-4-5-1
Dihedral 8-4-5-30
Dihedral 3-4-8-9
Dihedral 3-4-8-10
Dihedral 3-4-8-11
Dihedral 5-4-8-9
Dihedral 5-4-8-10
Dihedral 5-4-8-11
Dihedral 1-5-30-31
Dihedral 1-5-30-32
Dihedral 4-5-30-31
Dihedral 4-5-30-32
Dihedral 4-8-11-12
Dihedral 4-8-11-13
Dihedral 9-8-11-12
Dihedral 9-8-11-13
Dihedral 10-8-11-12
Dihedral 10-8-11-13
Dihedral 8-11-12-14
Dihedral 8-11-12-18
Dihedral 13-11-12-14
Dihedral 13-11-12-18
Dihedral 8-11-13-15
Dihedral 8-11-13-16
Dihedral 12-11-13-15
Dihedral 12-11-13-16
Dihedral 11-12-18-15
Dihedral 14-12-18-15
Dihedral 11-13-15-17
Dihedral 11-13-15-18
Dihedral 16-13-15-17
Dihedral 16-13-15-18
Dihedral 13-15-18-12
Dihedral 17-15-18-12
Dihedral 1-19-22-23
Dihedral 1-19-22-24
Dihedral 20-19-22-23
Dihedral 20-19-22-24
Dihedral 21-19-22-23
Dihedral 21-19-22-24
Dihedral 19-22-23-25
Dihedral 19-22-23-26
Dihedral 24-22-23-25
Dihedral 24-22-23-26
Dihedral 19-22-24-27
Dihedral 19-22-24-29
Dihedral 23-22-24-27
Dihedral 23-22-24-29
Dihedral 22-23-25-28
Dihedral 22-23-25-29
Dihedral 26-23-25-28
Dihedral 26-23-25-29
Dihedral 22-24-29-25
Dihedral 27-24-29-25
Dihedral 23-25-29-24
Dihedral 28-25-29-24
Translation-X 1-32
Translation-Y 1-32
Translation-Z 1-32
Rotation-A 1-32
Rotation-B 1-32
Rotation-C 1-32
<class 'geometric.internal.Distance'> : 34
<class 'geometric.internal.Angle'> : 42
<class 'geometric.internal.OutOfPlane'> : 14
<class 'geometric.internal.Dihedral'> : 80
<class 'geometric.internal.TranslationX'> : 1
<class 'geometric.internal.TranslationY'> : 1
<class 'geometric.internal.TranslationZ'> : 1
<class 'geometric.internal.RotationA'> : 1
<class 'geometric.internal.RotationB'> : 1
<class 'geometric.internal.RotationC'> : 1
Constraint                         Current      Target       Diff.
Distance 5-30                      1.30000     1.30000    -0.00000
> ===== Optimization Info: ====
> Job type: Energy minimization
> Maximum number of optimization cycles: 100
> Initial / maximum trust radius (Angstrom): 0.100 / 0.300
> Convergence Criteria:
> Will converge when all 5 criteria are reached:
>  |Delta-E| < 1.00e-06
>  RMS-Ortho-Grad < 3.00e-04
>  Max-Ortho-Grad < 4.50e-04
>  RMS-Disp  < 1.20e-03
>  Max-Disp  < 1.80e-03
> 
> Constraints are requested. The following criterion is added:
>  Max Constraint Violation (in Angstroms/degrees) < 1.00e-02 
> === End Optimization Info ===
WARN: Mole.unit (Angstrom) is changed to Bohr
Step    0 : Gradient = 5.336e-02/1.444e-01 (rms/max) Energy = -915.8808213050
Hessian Eigenvalues: 2.30000e-02 2.30000e-02 2.30000e-02 ... 5.05705e-01 6.71931e-01 8.02088e-01
Step    1 : Displace = [0m9.795e-02[0m/[0m1.987e-01[0m (rms/max) Trust = 1.000e-01 (=) Grad_T = [0m4.241e-02[0m/[0m1.274e-01[0m (rms/max) E (change) = -915.9278012862 ([0m-4.698e-02[0m) Quality = [0m0.995[0m
Hessian Eigenvalues: 2.29811e-02 2.30000e-02 2.30000e-02 ... 5.65082e-01 6.83689e-01 8.12253e-01
Step    2 : Displace = [0m1.396e-01[0m/[0m2.860e-01[0m (rms/max) Trust = 1.414e-01 ([92m+[0m) Grad_T = [0m2.697e-02[0m/[0m8.268e-02[0m (rms/max) E (change) = -915.9688000068 ([0m-4.100e-02[0m) Quality = [0m0.957[0m
Hessian Eigenvalues: 2.29693e-02 2.30000e-02 2.30000e-02 ... 5.43621e-01 6.83687e-01 8.30242e-01
Step    3 : Displace = [0m2.055e-01[0m/[0m4.618e-01[0m (rms/max) Trust = 2.000e-01 ([92m+[0m) Grad_T = [0m9.038e-03[0m/[0m2.460e-02[0m (rms/max) E (change) = -915.9945987464 ([0m-2.580e-02[0m) Quality = [0m0.909[0m
Hessian Eigenvalues: 2.28608e-02 2.30000e-02 2.30000e-02 ... 5.79402e-01 7.03434e-01 8.37170e-01
Step    4 : Displace = [0m2.618e-01[0m/[0m6.311e-01[0m (rms/max) Trust = 2.828e-01 ([92m+[0m) Grad_T = [0m1.326e-02[0m/[0m4.011e-02[0m (rms/max) E (change) = -916.0029836145 ([0m-8.385e-03[0m) Quality = [0m0.631[0m
Hessian Eigenvalues: 1.24495e-02 2.30000e-02 2.30000e-02 ... 6.77950e-01 7.73573e-01 8.37165e-01
Step    5 : Displace = [0m2.849e-01[0m/[0m6.388e-01[0m (rms/max) Trust = 2.828e-01 (=) Grad_T = [0m1.421e-02[0m/[0m3.720e-02[0m (rms/max) E (change) = -916.0104110133 ([0m-7.427e-03[0m) Quality = [0m0.508[0m
Hessian Eigenvalues: 1.19619e-02 2.30000e-02 2.30000e-02 ... 6.73241e-01 8.29562e-01 1.00260e+00
Step    6 : Displace = [0m1.531e-01[0m/[0m3.507e-01[0m (rms/max) Trust = 2.828e-01 (=) Grad_T = [0m1.056e-02[0m/[0m2.659e-02[0m (rms/max) E (change) = -916.0150334189 ([0m-4.622e-03[0m) Quality = [0m0.392[0m
Hessian Eigenvalues: 8.70284e-03 1.96366e-02 2.30000e-02 ... 8.06099e-01 8.37957e-01 1.16655e+00
Step    7 : Displace = [0m2.560e-01[0m/[0m5.957e-01[0m (rms/max) Trust = 2.828e-01 (=) Grad_T = [0m1.262e-02[0m/[0m3.044e-02[0m (rms/max) E (change) = -916.0166740465 ([0m-1.641e-03[0m) Quality = [0m0.076[0m
Hessian Eigenvalues: 9.07929e-03 2.03810e-02 2.29789e-02 ... 8.24558e-01 8.90280e-01 1.31769e+00
Step    8 : Displace = [0m1.312e-01[0m/[0m2.706e-01[0m (rms/max) Trust = 1.280e-01 ([91m-[0m) Grad_T = [0m1.425e-02[0m/[0m3.961e-02[0m (rms/max) E (change) = -916.0189345128 ([0m-2.260e-03[0m) Quality = [0m0.178[0m
Hessian Eigenvalues: 8.57897e-03 2.04302e-02 2.27176e-02 ... 8.25265e-01 9.34212e-01 1.11246e+00
Step    9 : Displace = [0m6.426e-02[0m/[0m1.466e-01[0m (rms/max) Trust = 6.401e-02 ([91m-[0m) Grad_T = [0m5.112e-03[0m/[0m1.214e-02[0m (rms/max) E (change) = -916.0261033968 ([0m-7.169e-03[0m) Quality = [0m0.819[0m
Hessian Eigenvalues: 8.55455e-03 2.04455e-02 2.27130e-02 ... 8.61572e-01 9.24637e-01 1.18507e+00
Step   10 : Displace = [0m9.011e-02[0m/[0m2.759e-01[0m (rms/max) Trust = 9.052e-02 ([92m+[0m) Grad_T = [0m6.477e-03[0m/[0m1.478e-02[0m (rms/max) E (change) = -916.0257986094 ([91m+3.048e-04[0m) Quality = [91m-0.058[0m
Hessian Eigenvalues: 8.27270e-03 2.05334e-02 2.27075e-02 ... 8.40835e-01 1.00279e+00 1.17549e+00
Step   11 : Displace = [0m4.463e-02[0m/[0m9.767e-02[0m (rms/max) Trust = 4.506e-02 ([91m-[0m) Grad_T = [0m2.972e-03[0m/[0m7.548e-03[0m (rms/max) E (change) = -916.0286855118 ([0m-2.887e-03[0m) Quality = [0m0.986[0m
Hessian Eigenvalues: 8.18234e-03 2.03563e-02 2.26228e-02 ... 8.42930e-01 1.05076e+00 1.18036e+00
Step   12 : Displace = [0m6.281e-02[0m/[0m1.568e-01[0m (rms/max) Trust = 6.372e-02 ([92m+[0m) Grad_T = [0m2.874e-03[0m/[0m6.795e-03[0m (rms/max) E (change) = -916.0294709055 ([0m-7.854e-04[0m) Quality = [0m0.555[0m
Hessian Eigenvalues: 7.81551e-03 2.03931e-02 2.22711e-02 ... 8.61768e-01 1.04172e+00 1.21328e+00
Step   13 : Displace = [0m6.585e-02[0m/[0m1.363e-01[0m (rms/max) Trust = 6.372e-02 (=) Grad_T = [0m3.391e-03[0m/[0m1.072e-02[0m (rms/max) E (change) = -916.0324301193 ([0m-2.959e-03[0m) Quality = [0m1.017[0m
Hessian Eigenvalues: 3.82813e-03 1.76646e-02 2.17118e-02 ... 8.65903e-01 1.08215e+00 1.34733e+00
Step   14 : Displace = [0m9.187e-02[0m/[0m1.944e-01[0m (rms/max) Trust = 9.011e-02 ([92m+[0m) Grad_T = [0m4.469e-03[0m/[0m1.161e-02[0m (rms/max) E (change) = -916.0362966659 ([0m-3.867e-03[0m) Quality = [0m0.885[0m
Hessian Eigenvalues: 3.67355e-03 1.67483e-02 2.16398e-02 ... 9.83980e-01 1.07107e+00 1.30611e+00
Step   15 : Displace = [0m1.209e-01[0m/[0m3.139e-01[0m (rms/max) Trust = 1.274e-01 ([92m+[0m) Grad_T = [0m4.899e-03[0m/[0m1.454e-02[0m (rms/max) E (change) = -916.0400279425 ([0m-3.731e-03[0m) Quality = [0m0.746[0m
Hessian Eigenvalues: 4.87764e-03 1.60810e-02 2.18926e-02 ... 9.21289e-01 1.07397e+00 1.29996e+00
Step   16 : Displace = [0m1.224e-01[0m/[0m3.055e-01[0m (rms/max) Trust = 1.274e-01 (=) Grad_T = [0m8.185e-03[0m/[0m2.184e-02[0m (rms/max) E (change) = -916.0385549989 ([91m+1.473e-03[0m) Quality = [91m-0.538[0m
Hessian Eigenvalues: 5.62098e-03 1.58806e-02 2.17660e-02 ... 9.25671e-01 1.07182e+00 1.40010e+00
Step   17 : Displace = [0m5.903e-02[0m/[0m1.100e-01[0m (rms/max) Trust = 6.119e-02 ([91m-[0m) Grad_T = [0m2.502e-03[0m/[0m5.811e-03[0m (rms/max) E (change) = -916.0415503945 ([0m-2.995e-03[0m) Quality = [0m0.888[0m
Hessian Eigenvalues: 5.52114e-03 1.59263e-02 2.07404e-02 ... 9.33487e-01 1.06969e+00 1.49433e+00
Step   18 : Displace = [0m8.198e-02[0m/[0m1.672e-01[0m (rms/max) Trust = 8.653e-02 ([92m+[0m) Grad_T = [0m3.529e-03[0m/[0m7.865e-03[0m (rms/max) E (change) = -916.0414491239 ([91m+1.013e-04[0m) Quality = [91m-0.084[0m
Hessian Eigenvalues: 6.30759e-03 1.60949e-02 1.95741e-02 ... 9.33149e-01 1.07585e+00 1.48335e+00
Step   19 : Displace = [0m3.832e-02[0m/[0m7.273e-02[0m (rms/max) Trust = 4.099e-02 ([91m-[0m) Grad_T = [0m8.678e-04[0m/[0m1.790e-03[0m (rms/max) E (change) = -916.0422865769 ([0m-8.375e-04[0m) Quality = [0m0.962[0m
Hessian Eigenvalues: 5.34118e-03 1.60685e-02 1.96583e-02 ... 9.40147e-01 1.07124e+00 1.49921e+00
Step   20 : Displace = [0m5.246e-02[0m/[0m1.029e-01[0m (rms/max) Trust = 5.797e-02 ([92m+[0m) Grad_T = [0m1.685e-03[0m/[0m3.514e-03[0m (rms/max) E (change) = -916.0421527336 ([91m+1.338e-04[0m) Quality = [91m-0.514[0m
Hessian Eigenvalues: 6.09059e-03 1.53534e-02 1.83629e-02 ... 9.62307e-01 1.07099e+00 1.50416e+00
Step   21 : Displace = [0m2.688e-02[0m/[0m5.379e-02[0m (rms/max) Trust = 2.623e-02 ([91m-[0m) Grad_T = [0m5.621e-04[0m/[0m1.466e-03[0m (rms/max) E (change) = -916.0424336314 ([0m-2.809e-04[0m) Quality = [0m0.980[0m
Hessian Eigenvalues: 6.06549e-03 1.47641e-02 1.81601e-02 ... 9.78865e-01 1.07157e+00 1.51364e+00
Step   22 : Displace = [0m1.988e-02[0m/[0m4.406e-02[0m (rms/max) Trust = 3.710e-02 ([92m+[0m) Grad_T = [0m6.862e-04[0m/[0m1.792e-03[0m (rms/max) E (change) = -916.0425099466 ([0m-7.632e-05[0m) Quality = [0m0.745[0m
Hessian Eigenvalues: 6.46618e-03 9.33330e-03 1.75237e-02 ... 9.81850e-01 1.07485e+00 1.51193e+00
Step   23 : Displace = [0m1.376e-02[0m/[0m3.305e-02[0m (rms/max) Trust = 3.710e-02 (=) Grad_T = [0m4.730e-04[0m/[0m1.160e-03[0m (rms/max) E (change) = -916.0425624575 ([0m-5.251e-05[0m) Quality = [0m1.024[0m
Hessian Eigenvalues: 4.86199e-03 7.90911e-03 1.74497e-02 ... 9.79858e-01 1.07339e+00 1.51096e+00
Step   24 : Displace = [0m1.908e-02[0m/[0m3.915e-02[0m (rms/max) Trust = 5.246e-02 ([92m+[0m) Grad_T = [0m5.980e-04[0m/[0m1.632e-03[0m (rms/max) E (change) = -916.0425824319 ([0m-1.997e-05[0m) Quality = [0m0.519[0m
Hessian Eigenvalues: 3.96257e-03 7.91564e-03 1.73944e-02 ... 9.98930e-01 1.09136e+00 1.52487e+00
Step   25 : Displace = [0m6.527e-03[0m/[0m1.516e-02[0m (rms/max) Trust = 5.246e-02 (=) Grad_T = [0m4.086e-04[0m/[0m8.832e-04[0m (rms/max) E (change) = -916.0425946381 ([0m-1.221e-05[0m) Quality = [0m0.552[0m
Hessian Eigenvalues: 4.23153e-03 7.74862e-03 1.71055e-02 ... 9.76907e-01 1.08551e+00 1.50161e+00
Step   26 : Displace = [0m5.298e-03[0m/[0m1.308e-02[0m (rms/max) Trust = 5.246e-02 (=) Grad_T = [92m2.233e-04[0m/[0m5.380e-04[0m (rms/max) E (change) = -916.0425995732 ([0m-4.935e-06[0m) Quality = [0m0.464[0m
Hessian Eigenvalues: 4.30280e-03 7.87923e-03 1.71184e-02 ... 9.88292e-01 1.08996e+00 1.51647e+00
Step   27 : Displace = [0m2.149e-03[0m/[0m6.195e-03[0m (rms/max) Trust = 5.246e-02 (=) Grad_T = [92m6.783e-05[0m/[92m1.839e-04[0m (rms/max) E (change) = -916.0426025509 ([0m-2.978e-06[0m) Quality = [0m0.867[0m
Hessian Eigenvalues: 4.20585e-03 7.70376e-03 1.70980e-02 ... 9.76626e-01 1.08195e+00 1.54686e+00
Step   28 : Displace = [0m1.615e-03[0m/[0m4.754e-03[0m (rms/max) Trust = 7.419e-02 ([92m+[0m) Grad_T = [92m6.444e-05[0m/[92m1.390e-04[0m (rms/max) E (change) = -916.0426028411 ([92m-2.902e-07[0m) Quality = [0m0.480[0m
Hessian Eigenvalues: 4.17960e-03 7.70566e-03 1.54189e-02 ... 1.02133e+00 1.08331e+00 1.51588e+00
Step   29 : Displace = [92m7.865e-04[0m/[0m2.198e-03[0m (rms/max) Trust = 7.419e-02 (=) Grad_T = [92m2.783e-05[0m/[92m5.863e-05[0m (rms/max) E (change) = -916.0426032100 ([92m-3.689e-07[0m) Quality = [0m1.184[0m
Hessian Eigenvalues: 4.18955e-03 7.67409e-03 1.14854e-02 ... 1.00937e+00 1.10625e+00 1.46527e+00
Step   30 : Displace = [92m9.122e-04[0m/[0m1.923e-03[0m (rms/max) Trust = 1.049e-01 ([92m+[0m) Grad_T = [92m2.457e-05[0m/[92m5.350e-05[0m (rms/max) E (change) = -916.0426033825 ([92m-1.725e-07[0m) Quality = [0m1.101[0m
Hessian Eigenvalues: 4.22444e-03 5.67737e-03 8.44367e-03 ... 1.02999e+00 1.10052e+00 1.45973e+00
Step   31 : Displace = [0m1.267e-03[0m/[0m3.026e-03[0m (rms/max) Trust = 1.484e-01 ([92m+[0m) Grad_T = [92m2.277e-05[0m/[92m4.855e-05[0m (rms/max) E (change) = -916.0426035014 ([92m-1.189e-07[0m) Quality = [0m0.948[0m
Hessian Eigenvalues: 3.92538e-03 4.87667e-03 8.64765e-03 ... 1.02065e+00 1.08415e+00 1.46189e+00
Step   32 : Displace = [92m5.187e-04[0m/[92m1.465e-03[0m (rms/max) Trust = 2.098e-01 ([92m+[0m) Grad_T = [92m8.703e-06[0m/[92m2.073e-05[0m (rms/max) E (change) = -916.0426035367 ([92m-3.527e-08[0m) Quality = [0m0.781[0m
Hessian Eigenvalues: 3.92538e-03 4.87667e-03 8.64765e-03 ... 1.02065e+00 1.08415e+00 1.46189e+00
Converged! =D

    #==========================================================================#
    #| If this code has benefited your research, please support us by citing: |#
    #|                                                                        |#
    #| Wang, L.-P.; Song, C.C. (2016) "Geometry optimization made simple with |#
    #| translation and rotation coordinates", J. Chem, Phys. 144, 214108.     |#
    #| http://dx.doi.org/10.1063/1.4952956                                    |#
    #==========================================================================#
    Time elapsed since start of run_optimizer: 352.870 seconds
WARN: ECP not specified. The basis set CRENBL include an ECP. Recommended ECP: CRENBL.
/home/bhabani/Kishore/Tangelo_2.0_hardware/tangelo/problem_decomposition/dmet/dmet_problem_decomposition.py:168: RuntimeWarning: The mean field will be recomputed even if one has been provided by the user.
  warnings.warn("The mean field will be recomputed even if one has been provided by the user.", RuntimeWarning)
 	Iteration =  1
 	Chemical Potential (mu) =      0.0000000000
 	----------------
 
	SCF Occupancy Eigenvalues for Fragment Number : # 0
	[1.72171627e-15 1.65943398e-15 1.35121240e-15 1.25278464e-15
 1.10350975e-15 1.07014969e-15 1.05490217e-15 8.89424485e-16
 7.63396070e-16 7.36859290e-16 6.20344643e-16 6.15735827e-16
 6.08635716e-16 5.86441889e-16 5.63483906e-16 4.75407285e-16
 4.75373698e-16 4.41808112e-16 3.86236282e-16 3.75874120e-16
 3.69285202e-16 3.57933237e-16 3.00175716e-16 2.89060022e-16
 2.46020304e-16 1.68261684e-16 1.66701243e-16 1.58849913e-16
 1.34391240e-16 1.32218687e-16 1.14523731e-16 1.09250969e-16
 9.48248068e-17 7.78251207e-17 7.27346737e-17 7.22476223e-17
 6.69494842e-17 5.08284959e-17 5.02930687e-17 3.49099589e-17
 2.95022207e-17 1.44744115e-17 8.99972578e-18 6.59957601e-18
 4.79598256e-18 3.93794514e-18 1.65434448e-18 1.71377747e-18
 6.26864542e-18 1.05605775e-17 1.38777878e-17 2.23655437e-17
 2.40461064e-17 2.76631419e-17 4.41131100e-17 5.34097609e-17
 6.28703852e-17 6.85559631e-17 7.72800454e-17 8.16336755e-17
 1.10951698e-16 1.50806117e-16 1.79909557e-16 1.89028165e-16
 1.98221479e-16 2.11708349e-16 2.29985755e-16 2.66210127e-16
 2.79448601e-16 3.09103287e-16 3.33616957e-16 3.55091310e-16
 3.86179638e-16 3.95092894e-16 4.13699621e-16 4.70877629e-16
 5.03469822e-16 5.15552025e-16 5.77339975e-16 5.95619148e-16
 6.13413883e-16 6.40552301e-16 6.52713331e-16 7.35783348e-16
 8.79231874e-16 9.51449205e-16 1.09537553e-15 1.18375504e-15
 1.33165693e-15 1.51390526e-15 1.64284110e-15 1.76390488e-15
 1.99192645e-15 1.76675177e-06 4.93853715e-06 2.98124436e-05
 3.42702983e-05 1.23359200e-04 3.02987490e-04 1.51155170e-03
 3.17365107e-03 8.04059298e-03 8.84874029e-03 2.46256326e-02
 9.56484582e-01 9.87940609e-01 1.16648038e+00 1.19670570e+00
 1.63970368e+00 1.98668206e+00 1.99044527e+00 1.99556831e+00
 1.99762097e+00 1.99787676e+00 1.99840183e+00 1.99855913e+00
 1.99908593e+00 1.99935177e+00 1.99953965e+00 1.99977804e+00
 1.99989886e+00 1.99993373e+00 1.99995189e+00 1.99998216e+00
 1.99998589e+00 1.99999296e+00 1.99999537e+00 1.99999771e+00
 1.99999857e+00 1.99999893e+00 1.99999926e+00 1.99999967e+00
 1.99999984e+00 2.00000000e+00 2.00000000e+00 2.00000000e+00
 2.00000000e+00 2.00000000e+00 2.00000000e+00 2.00000000e+00
 2.00000000e+00 2.00000000e+00 2.00000000e+00 2.00000000e+00
 2.00000000e+00 2.00000000e+00 2.00000000e+00 2.00000000e+00
 2.00000000e+00 2.00000000e+00 2.00000000e+00 2.00000000e+00
 2.00000000e+00 2.00000000e+00 2.00000000e+00 2.00000000e+00
 2.00000000e+00 2.00000000e+00 2.00000000e+00 2.00000000e+00
 2.00000000e+00 2.00000000e+00 2.00000000e+00 2.00000000e+00]

	SCF Occupancy Eigenvalues for Fragment Number : # 1
	[1.95768302e-15 1.92898218e-15 1.37286069e-15 1.33420942e-15
 1.13956360e-15 1.08574717e-15 1.06319421e-15 1.03150693e-15
 9.68125440e-16 9.54420127e-16 9.46965399e-16 9.06315983e-16
 8.88392829e-16 8.51985010e-16 7.99609663e-16 7.41185219e-16
 7.05071572e-16 6.33754979e-16 5.75809307e-16 5.64084833e-16
 5.46184141e-16 5.23152886e-16 5.11859005e-16 4.69729253e-16
 4.22039206e-16 4.07214845e-16 3.98119038e-16 3.74506533e-16
 3.21069796e-16 3.01906259e-16 2.71391702e-16 2.61389457e-16
 2.60642202e-16 2.46467505e-16 1.92824822e-16 1.68323794e-16
 1.64772954e-16 1.57981111e-16 1.39275441e-16 1.15362196e-16
 1.08574467e-16 1.00555212e-16 7.64586614e-17 6.76312783e-17
 4.04562449e-17 4.00684966e-17 3.46620954e-17 3.23357353e-17
 2.78441402e-17 2.12883982e-17 1.73297070e-17 1.39397722e-17
 1.09101962e-17 7.90413781e-18 6.26846859e-18 5.18077322e-18
 4.69858309e-18 3.22252696e-18 2.77996845e-18 1.85067502e-18
 1.24898520e-18 6.58265273e-19 5.95108646e-19 1.70528513e-18
 1.89552609e-18 3.10344636e-18 5.05925577e-18 6.47468118e-18
 7.09042602e-18 9.55022533e-18 1.46976486e-17 1.68009496e-17
 2.76099729e-17 4.83940607e-17 5.24427485e-17 6.49626128e-17
 8.00015701e-17 1.01188332e-16 1.10171008e-16 1.17860746e-16
 1.32198647e-16 1.83322679e-16 2.06877000e-16 2.18517090e-16
 2.60787668e-16 2.61425588e-16 2.73045759e-16 2.96585103e-16
 3.04802493e-16 3.25318354e-16 3.36595198e-16 3.83368352e-16
 3.89502573e-16 4.32796223e-16 4.41245000e-16 4.53506771e-16
 4.79607757e-16 4.97795709e-16 4.98688328e-16 6.32794580e-16
 6.52949730e-16 6.59151628e-16 7.27388796e-16 7.34278569e-16
 8.06220197e-16 8.97694652e-16 9.11522069e-16 9.30348410e-16
 9.48421157e-16 9.99266135e-16 1.07004151e-15 1.14196312e-15
 1.17791313e-15 1.20749421e-15 1.23276271e-15 1.26113556e-15
 1.33222930e-15 1.38866727e-15 1.49983303e-15 2.10898842e-15
 2.40161548e-05 1.51556278e-02 2.37818492e-02 1.00713354e+00
 1.03981330e+00 1.98071688e+00 1.99005540e+00 1.99713411e+00
 1.99891371e+00 1.99935082e+00 1.99970479e+00 1.99989661e+00
 1.99993357e+00 2.00000000e+00 2.00000000e+00 2.00000000e+00
 2.00000000e+00 2.00000000e+00 2.00000000e+00 2.00000000e+00
 2.00000000e+00 2.00000000e+00 2.00000000e+00 2.00000000e+00
 2.00000000e+00 2.00000000e+00 2.00000000e+00 2.00000000e+00
 2.00000000e+00 2.00000000e+00 2.00000000e+00 2.00000000e+00
 2.00000000e+00 2.00000000e+00 2.00000000e+00 2.00000000e+00
 2.00000000e+00 2.00000000e+00 2.00000000e+00 2.00000000e+00
 2.00000000e+00 2.00000000e+00 2.00000000e+00 2.00000000e+00
 2.00000000e+00 2.00000000e+00 2.00000000e+00 2.00000000e+00
 2.00000000e+00 2.00000000e+00 2.00000000e+00 2.00000000e+00
 2.00000000e+00 2.00000000e+00 2.00000000e+00 2.00000000e+00
 2.00000000e+00 2.00000000e+00 2.00000000e+00 2.00000000e+00
 2.00000000e+00 2.00000000e+00 2.00000000e+00 2.00000000e+00
 2.00000000e+00 2.00000000e+00 2.00000000e+00 2.00000000e+00
 2.00000000e+00 2.00000000e+00 2.00000000e+00]

	SCF Occupancy Eigenvalues for Fragment Number : # 2
	[1.86519570e-15 1.16284391e-15 1.13197786e-15 1.03824375e-15
 8.86325656e-16 8.49972020e-16 8.34622777e-16 6.82002555e-16
 6.68861243e-16 6.56683669e-16 6.03679322e-16 5.00500707e-16
 4.63326313e-16 4.22353937e-16 3.88229601e-16 3.78641401e-16
 3.74474998e-16 3.12813634e-16 3.11383855e-16 2.83622957e-16
 2.61949593e-16 2.42390747e-16 2.13831693e-16 2.02843899e-16
 1.87156093e-16 1.80675827e-16 1.76382427e-16 1.46891990e-16
 1.21139455e-16 1.09456139e-16 9.98804132e-17 7.62123740e-17
 5.93420832e-17 5.40325189e-17 4.45809897e-17 3.65569663e-17
 2.86035382e-17 2.59741019e-17 2.10040366e-17 2.09035668e-17
 1.57304997e-17 1.04695536e-17 6.18063295e-18 1.22436764e-18
 1.48464612e-18 5.63617112e-18 7.11519212e-18 1.03143003e-17
 2.36386003e-17 3.41133809e-17 3.94023599e-17 4.78268491e-17
 6.89296738e-17 7.97035257e-17 9.08883550e-17 9.73768309e-17
 1.28505372e-16 1.93258282e-16 2.17173749e-16 2.33286466e-16
 2.47495616e-16 2.59077192e-16 2.70632200e-16 3.05732740e-16
 3.07727057e-16 3.65286061e-16 4.09581873e-16 4.42714720e-16
 5.08976381e-16 5.17476404e-16 5.90993553e-16 6.55733143e-16
 6.91464039e-16 8.43022560e-16 8.67343115e-16 9.08426188e-16
 9.74527676e-16 1.04684549e-15 1.30816938e-15 1.36101618e-15
 1.37329433e-15 2.26613775e-15 6.22453130e-09 3.28826170e-08
 8.11936206e-08 3.47475771e-07 6.20799086e-07 2.72516095e-06
 4.77197130e-06 1.13848146e-05 2.36800774e-05 6.00016961e-05
 8.44423862e-05 1.44757258e-04 2.74772378e-04 6.40152697e-04
 1.33930817e-03 5.86817048e-03 1.48393919e-02 9.82197527e-01
 1.97073510e+00 1.98281883e+00 1.99019039e+00 1.99714482e+00
 1.99759606e+00 1.99955849e+00 1.99966360e+00 1.99991093e+00
 1.99994339e+00 1.99997779e+00 1.99998748e+00 1.99999056e+00
 1.99999451e+00 1.99999694e+00 1.99999820e+00 1.99999887e+00
 1.99999949e+00 1.99999966e+00 1.99999973e+00 1.99999994e+00
 1.99999996e+00 1.99999996e+00 1.99999998e+00 1.99999999e+00
 1.99999999e+00 2.00000000e+00 2.00000000e+00 2.00000000e+00
 2.00000000e+00 2.00000000e+00 2.00000000e+00 2.00000000e+00
 2.00000000e+00 2.00000000e+00 2.00000000e+00 2.00000000e+00
 2.00000000e+00 2.00000000e+00 2.00000000e+00 2.00000000e+00
 2.00000000e+00 2.00000000e+00 2.00000000e+00 2.00000000e+00
 2.00000000e+00 2.00000000e+00 2.00000000e+00 2.00000000e+00
 2.00000000e+00 2.00000000e+00 2.00000000e+00 2.00000000e+00
 2.00000000e+00]

	SCF Occupancy Eigenvalues for Fragment Number : # 3
	[1.82318942e-15 1.60876817e-15 1.38746312e-15 1.31705681e-15
 1.26827180e-15 1.13574060e-15 9.36421128e-16 8.88180514e-16
 8.26155360e-16 7.95012078e-16 7.41226446e-16 7.32515431e-16
 7.22591478e-16 6.83340327e-16 6.33949914e-16 6.11627235e-16
 6.08887940e-16 5.75668538e-16 5.75021943e-16 5.64703368e-16
 5.36922614e-16 5.16533288e-16 4.86989965e-16 4.43241325e-16
 3.91912220e-16 3.83415365e-16 3.63730257e-16 3.57049533e-16
 3.37051403e-16 3.03884044e-16 2.78375381e-16 2.50522029e-16
 2.41487525e-16 2.20625752e-16 1.96422873e-16 1.94357226e-16
 1.79337847e-16 1.77894061e-16 1.42762327e-16 1.31437453e-16
 1.18802031e-16 8.15864418e-17 6.81378803e-17 6.03218760e-17
 5.21230102e-17 4.58455071e-17 3.89769350e-17 2.95661067e-17
 2.93670471e-17 1.74494653e-17 1.28896136e-17 9.09993200e-18
 7.75171369e-18 7.01408735e-18 6.26279494e-18 3.22378125e-18
 1.55323072e-18 9.16480822e-19 1.79419572e-19 7.36018446e-19
 1.18279650e-18 1.18636796e-18 1.94970023e-18 2.50067362e-18
 3.96452672e-18 6.17514324e-18 8.67758265e-18 1.04108369e-17
 1.28746041e-17 1.55563612e-17 2.45926347e-17 2.91490404e-17
 4.76954145e-17 5.71069699e-17 6.56234260e-17 7.14396058e-17
 7.48740953e-17 9.33114583e-17 1.00562003e-16 1.08715660e-16
 1.41498572e-16 1.52584562e-16 1.60883418e-16 1.92753526e-16
 2.13373843e-16 2.32914662e-16 2.45955070e-16 2.61651772e-16
 2.86548322e-16 3.25032885e-16 3.39355280e-16 3.42335469e-16
 3.51162190e-16 3.64986883e-16 4.36541789e-16 5.01925056e-16
 5.17505512e-16 5.29197349e-16 5.62528199e-16 5.69859669e-16
 5.88047178e-16 6.14719564e-16 6.38762651e-16 7.56244778e-16
 8.35947326e-16 8.73757341e-16 9.69544828e-16 9.90896374e-16
 1.00032765e-15 1.03364311e-15 1.07261086e-15 1.12341486e-15
 1.15883136e-15 1.17038882e-15 1.21129573e-15 1.33155397e-15
 1.33930603e-15 1.49538234e-15 1.80230920e-15 1.89273738e-15
 2.28852133e-05 1.35637134e-02 2.92923923e-02 1.01728606e+00
 1.04085123e+00 1.97209880e+00 1.99055220e+00 1.99735801e+00
 1.99894702e+00 1.99943590e+00 1.99960179e+00 1.99984441e+00
 1.99994093e+00 2.00000000e+00 2.00000000e+00 2.00000000e+00
 2.00000000e+00 2.00000000e+00 2.00000000e+00 2.00000000e+00
 2.00000000e+00 2.00000000e+00 2.00000000e+00 2.00000000e+00
 2.00000000e+00 2.00000000e+00 2.00000000e+00 2.00000000e+00
 2.00000000e+00 2.00000000e+00 2.00000000e+00 2.00000000e+00
 2.00000000e+00 2.00000000e+00 2.00000000e+00 2.00000000e+00
 2.00000000e+00 2.00000000e+00 2.00000000e+00 2.00000000e+00
 2.00000000e+00 2.00000000e+00 2.00000000e+00 2.00000000e+00
 2.00000000e+00 2.00000000e+00 2.00000000e+00 2.00000000e+00
 2.00000000e+00 2.00000000e+00 2.00000000e+00 2.00000000e+00
 2.00000000e+00 2.00000000e+00 2.00000000e+00 2.00000000e+00
 2.00000000e+00 2.00000000e+00 2.00000000e+00 2.00000000e+00
 2.00000000e+00 2.00000000e+00 2.00000000e+00 2.00000000e+00
 2.00000000e+00 2.00000000e+00 2.00000000e+00 2.00000000e+00
 2.00000000e+00 2.00000000e+00 2.00000000e+00]

	SCF Occupancy Eigenvalues for Fragment Number : # 4
	[1.66281522e-15 1.59789818e-15 1.21739871e-15 1.10451026e-15
 1.04529009e-15 9.69539222e-16 8.87393802e-16 8.86875092e-16
 8.58306030e-16 8.31006104e-16 6.08724832e-16 5.69845949e-16
 5.46749405e-16 5.44222919e-16 5.03840711e-16 4.58599190e-16
 4.40486472e-16 4.10053779e-16 3.95532388e-16 3.62137532e-16
 3.45262082e-16 3.34540439e-16 3.23502915e-16 3.14484095e-16
 2.81205662e-16 2.80405539e-16 2.55889757e-16 2.36082841e-16
 2.25811208e-16 1.70133671e-16 1.41483368e-16 1.34521704e-16
 1.33691690e-16 8.26183748e-17 7.72673494e-17 7.08846815e-17
 6.76038607e-17 4.67106790e-17 3.20207171e-17 2.36858643e-17
 1.93930090e-17 8.66081209e-18 7.66717329e-19 4.43061812e-18
 1.77380082e-17 1.89739607e-17 2.81675688e-17 3.26877367e-17
 4.20666981e-17 6.12902920e-17 6.52354326e-17 8.56275720e-17
 9.08019319e-17 9.92765114e-17 1.11713429e-16 1.45427675e-16
 1.50928055e-16 1.95492162e-16 2.01778741e-16 2.04127184e-16
 2.17141778e-16 2.30866388e-16 2.80877971e-16 3.15669182e-16
 3.17220919e-16 3.38907656e-16 3.87959235e-16 3.94052692e-16
 4.12085370e-16 4.14132417e-16 4.32077059e-16 4.81755292e-16
 5.64990128e-16 5.72926216e-16 6.18750519e-16 6.58015845e-16
 7.61109601e-16 7.73339181e-16 9.37516535e-16 9.77010660e-16
 1.04524705e-15 1.49449523e-15 2.35388351e-08 8.94053630e-08
 1.91010116e-07 5.77277283e-07 1.23739535e-06 3.99547636e-06
 6.40494679e-06 1.03809941e-05 2.50682657e-05 6.34770369e-05
 8.70409958e-05 1.84373446e-04 2.55517353e-04 7.85810442e-04
 1.84006044e-03 6.13815082e-03 1.19093024e-02 9.73080785e-01
 1.97884176e+00 1.98167240e+00 1.99071399e+00 1.99696047e+00
 1.99787210e+00 1.99915855e+00 1.99948680e+00 1.99972400e+00
 1.99991281e+00 1.99994224e+00 1.99997046e+00 1.99998241e+00
 1.99999381e+00 1.99999648e+00 1.99999759e+00 1.99999835e+00
 1.99999928e+00 1.99999963e+00 1.99999965e+00 1.99999980e+00
 1.99999987e+00 1.99999992e+00 1.99999997e+00 1.99999998e+00
 1.99999998e+00 1.99999999e+00 1.99999999e+00 2.00000000e+00
 2.00000000e+00 2.00000000e+00 2.00000000e+00 2.00000000e+00
 2.00000000e+00 2.00000000e+00 2.00000000e+00 2.00000000e+00
 2.00000000e+00 2.00000000e+00 2.00000000e+00 2.00000000e+00
 2.00000000e+00 2.00000000e+00 2.00000000e+00 2.00000000e+00
 2.00000000e+00 2.00000000e+00 2.00000000e+00 2.00000000e+00
 2.00000000e+00 2.00000000e+00 2.00000000e+00 2.00000000e+00
 2.00000000e+00]

	SCF Occupancy Eigenvalues for Fragment Number : # 5
