
=== Relaxed scan: N–C distance = 1.30 Å ===
geometric-optimize called with the following command line:
tpp_CO2_relaxed_scan.py

                                        [91m())))))))))))))))/[0m                     
                                    [91m())))))))))))))))))))))))),[0m                
                                [91m*)))))))))))))))))))))))))))))))))[0m             
                        [94m#,[0m    [91m()))))))))/[0m                [91m.)))))))))),[0m          
                      [94m#%%%%,[0m  [91m())))))[0m                        [91m.))))))))*[0m        
                      [94m*%%%%%%,[0m  [91m))[0m              [93m..[0m              [91m,))))))).[0m      
                        [94m*%%%%%%,[0m         [93m***************/.[0m        [91m.)))))))[0m     
                [94m#%%/[0m      [94m(%%%%%%,[0m    [93m/*********************.[0m       [91m)))))))[0m    
              [94m.%%%%%%#[0m      [94m*%%%%%%,[0m  [93m*******/,[0m     [93m**********,[0m      [91m.))))))[0m   
                [94m.%%%%%%/[0m      [94m*%%%%%%,[0m  [93m**[0m              [93m********[0m      [91m.))))))[0m  
          [94m##[0m      [94m.%%%%%%/[0m      [94m(%%%%%%,[0m                  [93m,******[0m      [91m/)))))[0m  
        [94m%%%%%%[0m      [94m.%%%%%%#[0m      [94m*%%%%%%,[0m    [92m,/////.[0m       [93m******[0m      [91m))))))[0m 
      [94m#%[0m      [94m%%[0m      [94m.%%%%%%/[0m      [94m*%%%%%%,[0m  [92m////////,[0m      [93m*****/[0m     [91m,)))))[0m 
    [94m#%%[0m  [94m%%%[0m  [94m%%%#[0m      [94m.%%%%%%/[0m      [94m(%%%%%%,[0m  [92m///////.[0m     [93m/*****[0m      [91m))))).[0m
  [94m#%%%%.[0m      [94m%%%%%#[0m      [94m/%%%%%%*[0m      [94m#%%%%%%[0m   [92m/////)[0m     [93m******[0m      [91m))))),[0m
    [94m#%%%%##%[0m  [94m%%%#[0m      [94m.%%%%%%/[0m      [94m(%%%%%%,[0m  [92m///////.[0m     [93m/*****[0m      [91m))))).[0m
      [94m##[0m     [94m%%%[0m      [94m.%%%%%%/[0m      [94m*%%%%%%,[0m  [92m////////.[0m      [93m*****/[0m     [91m,)))))[0m 
        [94m#%%%%#[0m      [94m/%%%%%%/[0m      [94m(%%%%%%[0m      [92m/)/)//[0m       [93m******[0m      [91m))))))[0m 
          [94m##[0m      [94m.%%%%%%/[0m      [94m(%%%%%%,[0m                  [93m*******[0m      [91m))))))[0m  
                [94m.%%%%%%/[0m      [94m*%%%%%%,[0m  [93m**.[0m             [93m/*******[0m      [91m.))))))[0m  
              [94m*%%%%%%/[0m      [94m(%%%%%%[0m   [93m********/*..,*/*********[0m       [91m*))))))[0m   
                [94m#%%/[0m      [94m(%%%%%%,[0m    [93m*********************/[0m        [91m)))))))[0m    
                        [94m*%%%%%%,[0m         [93m,**************/[0m         [91m,))))))/[0m     
                      [94m(%%%%%%[0m   [91m()[0m                              [91m))))))))[0m       
                      [94m#%%%%,[0m  [91m())))))[0m                        [91m,)))))))),[0m        
                        [94m#,[0m    [91m())))))))))[0m                [91m,)))))))))).[0m          
                                 [91m()))))))))))))))))))))))))))))))/[0m             
                                    [91m())))))))))))))))))))))))).[0m                
                                         [91m())))))))))))))),[0m                     

-=# [1;94m geomeTRIC started. Version: 1.1 [0m #=-
Current date and time: 2026-04-22 15:18:25
#========================================================#
#| [92m    Arguments passed to driver run_optimizer():     [0m |#
#========================================================#
constraints               /tmp/tmpmn1jh371/constraints.txt 
customengine              <pyscf.geomopt.geometric_solver.PySCFEngine object at 0x7f985280e9f0> 
input                     /tmp/tmpl2prpnon/faade024-aacc-43be-a168-19818d9b73de 
logIni                    /home/bhabani/miniconda3/lib/python3.12/site-packages/pyscf/geomopt/log.ini 
maxiter                   100 
----------------------------------------------------------
Custom engine selected.
$set
distance 5 30 1.30000000
Bonds will be generated from interatomic distances less than 1.20 times sum of covalent radii
96 internal coordinates being used (instead of 96 Cartesians)
Internal coordinate system (atoms numbered from 1):
Distance 5-30
Distance 1-2
Distance 1-5
Distance 1-19
Distance 2-3
Distance 2-6
Distance 3-4
Distance 3-7
Distance 4-5
Distance 4-8
Distance 8-9
Distance 8-10
Distance 8-11
Distance 11-12
Distance 11-13
Distance 12-14
Distance 12-18
Distance 13-15
Distance 13-16
Distance 15-17
Distance 15-18
Distance 19-20
Distance 19-21
Distance 19-22
Distance 22-23
Distance 22-24
Distance 23-25
Distance 23-26
Distance 24-27
Distance 24-29
Distance 25-28
Distance 25-29
Distance 30-31
Distance 30-32
Angle 2-1-19
Angle 5-1-19
Angle 1-2-6
Angle 3-2-6
Angle 2-3-7
Angle 4-3-7
Angle 3-4-8
Angle 5-4-8
Angle 1-5-30
Angle 4-5-30
Angle 4-8-9
Angle 4-8-10
Angle 4-8-11
Angle 9-8-10
Angle 9-8-11
Angle 10-8-11
Angle 8-11-13
Angle 12-11-13
Angle 11-12-18
Angle 14-12-18
Angle 11-13-16
Angle 15-13-16
Angle 13-15-18
Angle 17-15-18
Angle 12-18-15
Angle 1-19-20
Angle 1-19-21
Angle 1-19-22
Angle 20-19-21
Angle 20-19-22
Angle 21-19-22
Angle 19-22-24
Angle 23-22-24
Angle 22-23-26
Angle 25-23-26
Angle 22-24-29
Angle 27-24-29
Angle 23-25-29
Angle 28-25-29
Angle 24-29-25
Angle 5-30-32
Angle 31-30-32
Out-of-Plane 1-2-5-19
Out-of-Plane 2-1-3-6
Out-of-Plane 3-2-4-7
Out-of-Plane 4-3-5-8
Out-of-Plane 5-1-4-30
Out-of-Plane 11-8-12-13
Out-of-Plane 12-11-14-18
Out-of-Plane 13-11-15-16
Out-of-Plane 15-13-17-18
Out-of-Plane 22-19-23-24
Out-of-Plane 23-22-25-26
Out-of-Plane 24-22-27-29
Out-of-Plane 25-23-28-29
Out-of-Plane 30-5-31-32
Dihedral 5-1-2-3
Dihedral 5-1-2-6
Dihedral 19-1-2-3
Dihedral 19-1-2-6
Dihedral 2-1-5-4
Dihedral 2-1-5-30
Dihedral 19-1-5-4
Dihedral 19-1-5-30
Dihedral 2-1-19-20
Dihedral 2-1-19-21
Dihedral 2-1-19-22
Dihedral 5-1-19-20
Dihedral 5-1-19-21
Dihedral 5-1-19-22
Dihedral 1-2-3-4
Dihedral 1-2-3-7
Dihedral 6-2-3-4
Dihedral 6-2-3-7
Dihedral 2-3-4-5
Dihedral 2-3-4-8
Dihedral 7-3-4-5
Dihedral 7-3-4-8
Dihedral 3-4-5-1
Dihedral 3-4-5-30
Dihedral 8-4-5-1
Dihedral 8-4-5-30
Dihedral 3-4-8-9
Dihedral 3-4-8-10
Dihedral 3-4-8-11
Dihedral 5-4-8-9
Dihedral 5-4-8-10
Dihedral 5-4-8-11
Dihedral 1-5-30-31
Dihedral 1-5-30-32
Dihedral 4-5-30-31
Dihedral 4-5-30-32
Dihedral 4-8-11-12
Dihedral 4-8-11-13
Dihedral 9-8-11-12
Dihedral 9-8-11-13
Dihedral 10-8-11-12
Dihedral 10-8-11-13
Dihedral 8-11-12-14
Dihedral 8-11-12-18
Dihedral 13-11-12-14
Dihedral 13-11-12-18
Dihedral 8-11-13-15
Dihedral 8-11-13-16
Dihedral 12-11-13-15
Dihedral 12-11-13-16
Dihedral 11-12-18-15
Dihedral 14-12-18-15
Dihedral 11-13-15-17
Dihedral 11-13-15-18
Dihedral 16-13-15-17
Dihedral 16-13-15-18
Dihedral 13-15-18-12
Dihedral 17-15-18-12
Dihedral 1-19-22-23
Dihedral 1-19-22-24
Dihedral 20-19-22-23
Dihedral 20-19-22-24
Dihedral 21-19-22-23
Dihedral 21-19-22-24
Dihedral 19-22-23-25
Dihedral 19-22-23-26
Dihedral 24-22-23-25
Dihedral 24-22-23-26
Dihedral 19-22-24-27
Dihedral 19-22-24-29
Dihedral 23-22-24-27
Dihedral 23-22-24-29
Dihedral 22-23-25-28
Dihedral 22-23-25-29
Dihedral 26-23-25-28
Dihedral 26-23-25-29
Dihedral 22-24-29-25
Dihedral 27-24-29-25
Dihedral 23-25-29-24
Dihedral 28-25-29-24
Translation-X 1-32
Translation-Y 1-32
Translation-Z 1-32
Rotation-A 1-32
Rotation-B 1-32
Rotation-C 1-32
<class 'geometric.internal.Distance'> : 34
<class 'geometric.internal.Angle'> : 42
<class 'geometric.internal.OutOfPlane'> : 14
<class 'geometric.internal.Dihedral'> : 80
<class 'geometric.internal.TranslationX'> : 1
<class 'geometric.internal.TranslationY'> : 1
<class 'geometric.internal.TranslationZ'> : 1
<class 'geometric.internal.RotationA'> : 1
<class 'geometric.internal.RotationB'> : 1
<class 'geometric.internal.RotationC'> : 1
Constraint                         Current      Target       Diff.
Distance 5-30                      1.30000     1.30000    -0.00000
> ===== Optimization Info: ====
> Job type: Energy minimization
> Maximum number of optimization cycles: 100
> Initial / maximum trust radius (Angstrom): 0.100 / 0.300
> Convergence Criteria:
> Will converge when all 5 criteria are reached:
>  |Delta-E| < 1.00e-06
>  RMS-Ortho-Grad < 3.00e-04
>  Max-Ortho-Grad < 4.50e-04
>  RMS-Disp  < 1.20e-03
>  Max-Disp  < 1.80e-03
> 
> Constraints are requested. The following criterion is added:
>  Max Constraint Violation (in Angstroms/degrees) < 1.00e-02 
> === End Optimization Info ===
WARN: Mole.unit (Angstrom) is changed to Bohr
Step    0 : Gradient = 5.336e-02/1.444e-01 (rms/max) Energy = -915.8808213050
Hessian Eigenvalues: 2.30000e-02 2.30000e-02 2.30000e-02 ... 5.05705e-01 6.71931e-01 8.02088e-01
Step    1 : Displace = [0m9.795e-02[0m/[0m1.987e-01[0m (rms/max) Trust = 1.000e-01 (=) Grad_T = [0m4.241e-02[0m/[0m1.274e-01[0m (rms/max) E (change) = -915.9278012862 ([0m-4.698e-02[0m) Quality = [0m0.995[0m
Hessian Eigenvalues: 2.29811e-02 2.30000e-02 2.30000e-02 ... 5.65082e-01 6.83689e-01 8.12253e-01
Step    2 : Displace = [0m1.396e-01[0m/[0m2.860e-01[0m (rms/max) Trust = 1.414e-01 ([92m+[0m) Grad_T = [0m2.697e-02[0m/[0m8.268e-02[0m (rms/max) E (change) = -915.9688000068 ([0m-4.100e-02[0m) Quality = [0m0.957[0m
Hessian Eigenvalues: 2.29693e-02 2.30000e-02 2.30000e-02 ... 5.43621e-01 6.83687e-01 8.30242e-01
Step    3 : Displace = [0m2.055e-01[0m/[0m4.618e-01[0m (rms/max) Trust = 2.000e-01 ([92m+[0m) Grad_T = [0m9.038e-03[0m/[0m2.460e-02[0m (rms/max) E (change) = -915.9945987464 ([0m-2.580e-02[0m) Quality = [0m0.909[0m
Hessian Eigenvalues: 2.28608e-02 2.30000e-02 2.30000e-02 ... 5.79402e-01 7.03434e-01 8.37170e-01
Step    4 : Displace = [0m2.618e-01[0m/[0m6.311e-01[0m (rms/max) Trust = 2.828e-01 ([92m+[0m) Grad_T = [0m1.326e-02[0m/[0m4.011e-02[0m (rms/max) E (change) = -916.0029836145 ([0m-8.385e-03[0m) Quality = [0m0.631[0m
Hessian Eigenvalues: 1.24495e-02 2.30000e-02 2.30000e-02 ... 6.77950e-01 7.73573e-01 8.37165e-01
Step    5 : Displace = [0m2.849e-01[0m/[0m6.388e-01[0m (rms/max) Trust = 2.828e-01 (=) Grad_T = [0m1.421e-02[0m/[0m3.720e-02[0m (rms/max) E (change) = -916.0104110133 ([0m-7.427e-03[0m) Quality = [0m0.508[0m
Hessian Eigenvalues: 1.19619e-02 2.30000e-02 2.30000e-02 ... 6.73241e-01 8.29562e-01 1.00260e+00
Step    6 : Displace = [0m1.531e-01[0m/[0m3.507e-01[0m (rms/max) Trust = 2.828e-01 (=) Grad_T = [0m1.056e-02[0m/[0m2.659e-02[0m (rms/max) E (change) = -916.0150334189 ([0m-4.622e-03[0m) Quality = [0m0.392[0m
Hessian Eigenvalues: 8.70284e-03 1.96366e-02 2.30000e-02 ... 8.06099e-01 8.37957e-01 1.16655e+00
Step    7 : Displace = [0m2.560e-01[0m/[0m5.957e-01[0m (rms/max) Trust = 2.828e-01 (=) Grad_T = [0m1.262e-02[0m/[0m3.044e-02[0m (rms/max) E (change) = -916.0166740465 ([0m-1.641e-03[0m) Quality = [0m0.076[0m
Hessian Eigenvalues: 9.07929e-03 2.03810e-02 2.29789e-02 ... 8.24558e-01 8.90280e-01 1.31769e+00
Step    8 : Displace = [0m1.312e-01[0m/[0m2.706e-01[0m (rms/max) Trust = 1.280e-01 ([91m-[0m) Grad_T = [0m1.425e-02[0m/[0m3.961e-02[0m (rms/max) E (change) = -916.0189345128 ([0m-2.260e-03[0m) Quality = [0m0.178[0m
Hessian Eigenvalues: 8.57897e-03 2.04302e-02 2.27176e-02 ... 8.25265e-01 9.34212e-01 1.11246e+00
Step    9 : Displace = [0m6.426e-02[0m/[0m1.466e-01[0m (rms/max) Trust = 6.401e-02 ([91m-[0m) Grad_T = [0m5.112e-03[0m/[0m1.214e-02[0m (rms/max) E (change) = -916.0261033968 ([0m-7.169e-03[0m) Quality = [0m0.819[0m
Hessian Eigenvalues: 8.55455e-03 2.04455e-02 2.27130e-02 ... 8.61572e-01 9.24637e-01 1.18507e+00
Step   10 : Displace = [0m9.011e-02[0m/[0m2.759e-01[0m (rms/max) Trust = 9.052e-02 ([92m+[0m) Grad_T = [0m6.477e-03[0m/[0m1.478e-02[0m (rms/max) E (change) = -916.0257986094 ([91m+3.048e-04[0m) Quality = [91m-0.058[0m
Hessian Eigenvalues: 8.27270e-03 2.05334e-02 2.27075e-02 ... 8.40835e-01 1.00279e+00 1.17549e+00
Step   11 : Displace = [0m4.463e-02[0m/[0m9.767e-02[0m (rms/max) Trust = 4.506e-02 ([91m-[0m) Grad_T = [0m2.972e-03[0m/[0m7.548e-03[0m (rms/max) E (change) = -916.0286855118 ([0m-2.887e-03[0m) Quality = [0m0.986[0m
Hessian Eigenvalues: 8.18234e-03 2.03563e-02 2.26228e-02 ... 8.42930e-01 1.05076e+00 1.18036e+00
Step   12 : Displace = [0m6.281e-02[0m/[0m1.568e-01[0m (rms/max) Trust = 6.372e-02 ([92m+[0m) Grad_T = [0m2.874e-03[0m/[0m6.795e-03[0m (rms/max) E (change) = -916.0294709056 ([0m-7.854e-04[0m) Quality = [0m0.555[0m
Hessian Eigenvalues: 7.81551e-03 2.03931e-02 2.22711e-02 ... 8.61768e-01 1.04172e+00 1.21328e+00
Step   13 : Displace = [0m6.585e-02[0m/[0m1.363e-01[0m (rms/max) Trust = 6.372e-02 (=) Grad_T = [0m3.391e-03[0m/[0m1.072e-02[0m (rms/max) E (change) = -916.0324301193 ([0m-2.959e-03[0m) Quality = [0m1.017[0m
Hessian Eigenvalues: 3.82813e-03 1.76646e-02 2.17118e-02 ... 8.65903e-01 1.08215e+00 1.34733e+00
Step   14 : Displace = [0m9.187e-02[0m/[0m1.944e-01[0m (rms/max) Trust = 9.011e-02 ([92m+[0m) Grad_T = [0m4.469e-03[0m/[0m1.161e-02[0m (rms/max) E (change) = -916.0362966659 ([0m-3.867e-03[0m) Quality = [0m0.885[0m
Hessian Eigenvalues: 3.67355e-03 1.67483e-02 2.16398e-02 ... 9.83980e-01 1.07107e+00 1.30611e+00
Step   15 : Displace = [0m1.209e-01[0m/[0m3.139e-01[0m (rms/max) Trust = 1.274e-01 ([92m+[0m) Grad_T = [0m4.899e-03[0m/[0m1.454e-02[0m (rms/max) E (change) = -916.0400279425 ([0m-3.731e-03[0m) Quality = [0m0.746[0m
Hessian Eigenvalues: 4.87764e-03 1.60810e-02 2.18926e-02 ... 9.21289e-01 1.07397e+00 1.29996e+00
Step   16 : Displace = [0m1.224e-01[0m/[0m3.055e-01[0m (rms/max) Trust = 1.274e-01 (=) Grad_T = [0m8.185e-03[0m/[0m2.184e-02[0m (rms/max) E (change) = -916.0385549989 ([91m+1.473e-03[0m) Quality = [91m-0.538[0m
Hessian Eigenvalues: 5.62098e-03 1.58806e-02 2.17660e-02 ... 9.25671e-01 1.07182e+00 1.40010e+00
Step   17 : Displace = [0m5.903e-02[0m/[0m1.100e-01[0m (rms/max) Trust = 6.119e-02 ([91m-[0m) Grad_T = [0m2.502e-03[0m/[0m5.811e-03[0m (rms/max) E (change) = -916.0415503945 ([0m-2.995e-03[0m) Quality = [0m0.888[0m
Hessian Eigenvalues: 5.52114e-03 1.59263e-02 2.07404e-02 ... 9.33487e-01 1.06969e+00 1.49433e+00
Step   18 : Displace = [0m8.198e-02[0m/[0m1.672e-01[0m (rms/max) Trust = 8.653e-02 ([92m+[0m) Grad_T = [0m3.529e-03[0m/[0m7.865e-03[0m (rms/max) E (change) = -916.0414491239 ([91m+1.013e-04[0m) Quality = [91m-0.084[0m
Hessian Eigenvalues: 6.30759e-03 1.60949e-02 1.95741e-02 ... 9.33149e-01 1.07585e+00 1.48335e+00
Step   19 : Displace = [0m3.832e-02[0m/[0m7.273e-02[0m (rms/max) Trust = 4.099e-02 ([91m-[0m) Grad_T = [0m8.678e-04[0m/[0m1.790e-03[0m (rms/max) E (change) = -916.0422865769 ([0m-8.375e-04[0m) Quality = [0m0.962[0m
Hessian Eigenvalues: 5.34118e-03 1.60685e-02 1.96583e-02 ... 9.40147e-01 1.07124e+00 1.49921e+00
Step   20 : Displace = [0m5.246e-02[0m/[0m1.029e-01[0m (rms/max) Trust = 5.797e-02 ([92m+[0m) Grad_T = [0m1.685e-03[0m/[0m3.514e-03[0m (rms/max) E (change) = -916.0421527336 ([91m+1.338e-04[0m) Quality = [91m-0.514[0m
Hessian Eigenvalues: 6.09059e-03 1.53534e-02 1.83629e-02 ... 9.62307e-01 1.07099e+00 1.50416e+00
Step   21 : Displace = [0m2.688e-02[0m/[0m5.379e-02[0m (rms/max) Trust = 2.623e-02 ([91m-[0m) Grad_T = [0m5.621e-04[0m/[0m1.466e-03[0m (rms/max) E (change) = -916.0424336314 ([0m-2.809e-04[0m) Quality = [0m0.980[0m
Hessian Eigenvalues: 6.06549e-03 1.47641e-02 1.81601e-02 ... 9.78865e-01 1.07157e+00 1.51364e+00
Step   22 : Displace = [0m1.988e-02[0m/[0m4.406e-02[0m (rms/max) Trust = 3.710e-02 ([92m+[0m) Grad_T = [0m6.862e-04[0m/[0m1.792e-03[0m (rms/max) E (change) = -916.0425099466 ([0m-7.632e-05[0m) Quality = [0m0.745[0m
Hessian Eigenvalues: 6.46618e-03 9.33330e-03 1.75237e-02 ... 9.81850e-01 1.07485e+00 1.51193e+00
Step   23 : Displace = [0m1.376e-02[0m/[0m3.305e-02[0m (rms/max) Trust = 3.710e-02 (=) Grad_T = [0m4.730e-04[0m/[0m1.160e-03[0m (rms/max) E (change) = -916.0425624575 ([0m-5.251e-05[0m) Quality = [0m1.024[0m
Hessian Eigenvalues: 4.86199e-03 7.90911e-03 1.74497e-02 ... 9.79858e-01 1.07339e+00 1.51096e+00
Step   24 : Displace = [0m1.908e-02[0m/[0m3.915e-02[0m (rms/max) Trust = 5.246e-02 ([92m+[0m) Grad_T = [0m5.980e-04[0m/[0m1.632e-03[0m (rms/max) E (change) = -916.0425824319 ([0m-1.997e-05[0m) Quality = [0m0.519[0m
Hessian Eigenvalues: 3.96257e-03 7.91564e-03 1.73944e-02 ... 9.98930e-01 1.09136e+00 1.52487e+00
Step   25 : Displace = [0m6.527e-03[0m/[0m1.516e-02[0m (rms/max) Trust = 5.246e-02 (=) Grad_T = [0m4.086e-04[0m/[0m8.832e-04[0m (rms/max) E (change) = -916.0425946381 ([0m-1.221e-05[0m) Quality = [0m0.552[0m
Hessian Eigenvalues: 4.23153e-03 7.74862e-03 1.71055e-02 ... 9.76907e-01 1.08551e+00 1.50161e+00
Step   26 : Displace = [0m5.298e-03[0m/[0m1.308e-02[0m (rms/max) Trust = 5.246e-02 (=) Grad_T = [92m2.233e-04[0m/[0m5.380e-04[0m (rms/max) E (change) = -916.0425995732 ([0m-4.935e-06[0m) Quality = [0m0.464[0m
Hessian Eigenvalues: 4.30280e-03 7.87923e-03 1.71184e-02 ... 9.88292e-01 1.08996e+00 1.51647e+00
Step   27 : Displace = [0m2.149e-03[0m/[0m6.195e-03[0m (rms/max) Trust = 5.246e-02 (=) Grad_T = [92m6.783e-05[0m/[92m1.839e-04[0m (rms/max) E (change) = -916.0426025509 ([0m-2.978e-06[0m) Quality = [0m0.867[0m
Hessian Eigenvalues: 4.20585e-03 7.70376e-03 1.70980e-02 ... 9.76626e-01 1.08195e+00 1.54686e+00
Step   28 : Displace = [0m1.615e-03[0m/[0m4.754e-03[0m (rms/max) Trust = 7.419e-02 ([92m+[0m) Grad_T = [92m6.444e-05[0m/[92m1.390e-04[0m (rms/max) E (change) = -916.0426028411 ([92m-2.902e-07[0m) Quality = [0m0.480[0m
Hessian Eigenvalues: 4.17960e-03 7.70566e-03 1.54189e-02 ... 1.02133e+00 1.08331e+00 1.51588e+00
Step   29 : Displace = [92m7.865e-04[0m/[0m2.198e-03[0m (rms/max) Trust = 7.419e-02 (=) Grad_T = [92m2.783e-05[0m/[92m5.863e-05[0m (rms/max) E (change) = -916.0426032100 ([92m-3.689e-07[0m) Quality = [0m1.184[0m
Hessian Eigenvalues: 4.18955e-03 7.67409e-03 1.14854e-02 ... 1.00937e+00 1.10625e+00 1.46527e+00
Step   30 : Displace = [92m9.122e-04[0m/[0m1.923e-03[0m (rms/max) Trust = 1.049e-01 ([92m+[0m) Grad_T = [92m2.457e-05[0m/[92m5.350e-05[0m (rms/max) E (change) = -916.0426033825 ([92m-1.725e-07[0m) Quality = [0m1.101[0m
Hessian Eigenvalues: 4.22444e-03 5.67737e-03 8.44367e-03 ... 1.02999e+00 1.10052e+00 1.45973e+00
Step   31 : Displace = [0m1.267e-03[0m/[0m3.026e-03[0m (rms/max) Trust = 1.484e-01 ([92m+[0m) Grad_T = [92m2.277e-05[0m/[92m4.855e-05[0m (rms/max) E (change) = -916.0426035014 ([92m-1.189e-07[0m) Quality = [0m0.948[0m
Hessian Eigenvalues: 3.92538e-03 4.87667e-03 8.64765e-03 ... 1.02065e+00 1.08415e+00 1.46189e+00
Step   32 : Displace = [92m5.187e-04[0m/[92m1.465e-03[0m (rms/max) Trust = 2.098e-01 ([92m+[0m) Grad_T = [92m8.703e-06[0m/[92m2.073e-05[0m (rms/max) E (change) = -916.0426035367 ([92m-3.527e-08[0m) Quality = [0m0.781[0m
Hessian Eigenvalues: 3.92538e-03 4.87667e-03 8.64765e-03 ... 1.02065e+00 1.08415e+00 1.46189e+00
Converged! =D

    #==========================================================================#
    #| If this code has benefited your research, please support us by citing: |#
    #|                                                                        |#
    #| Wang, L.-P.; Song, C.C. (2016) "Geometry optimization made simple with |#
    #| translation and rotation coordinates", J. Chem, Phys. 144, 214108.     |#
    #| http://dx.doi.org/10.1063/1.4952956                                    |#
    #==========================================================================#
    Time elapsed since start of run_optimizer: 352.037 seconds
WARN: ECP not specified. The basis set CRENBL include an ECP. Recommended ECP: CRENBL.
/home/bhabani/Kishore/Tangelo_2.0_hardware/tangelo/problem_decomposition/dmet/dmet_problem_decomposition.py:168: RuntimeWarning: The mean field will be recomputed even if one has been provided by the user.
  warnings.warn("The mean field will be recomputed even if one has been provided by the user.", RuntimeWarning)
 	Iteration =  1
 	Chemical Potential (mu) =     -0.0006122134
 	----------------
 
	SCF Occupancy Eigenvalues for Fragment Number : # 0
	[1.51334110e-15 1.28768627e-15 1.21779777e-15 1.20044041e-15
 1.13153165e-15 1.03351123e-15 9.28153275e-16 8.39273976e-16
 7.40717779e-16 7.05366815e-16 6.98239884e-16 6.96833378e-16
 6.18651528e-16 5.62470541e-16 5.29241680e-16 4.76164964e-16
 3.72751792e-16 3.58106469e-16 3.47114592e-16 3.00283120e-16
 2.78369569e-16 2.68986171e-16 2.68407319e-16 2.32767394e-16
 2.18528038e-16 2.10845278e-16 1.84905551e-16 1.78994028e-16
 1.44383261e-16 1.21220555e-16 9.74792254e-17 8.43208202e-17
 7.14181331e-17 5.49366081e-17 4.27855481e-17 3.94965643e-17
 3.55367379e-17 2.56756348e-17 1.85896593e-17 7.78090526e-18
 5.29343071e-18 4.93687632e-18 2.26241891e-18 6.40460231e-19
 3.23558787e-19 1.95539310e-18 9.39988327e-18 1.63040638e-17
 1.75556557e-17 2.08166817e-17 2.56634836e-17 2.94057327e-17
 4.59005503e-17 5.56987185e-17 6.20255048e-17 6.90769598e-17
 7.77773049e-17 8.31227970e-17 9.62187374e-17 1.03301637e-16
 1.15705125e-16 1.24460452e-16 1.25270629e-16 1.29453739e-16
 1.60728173e-16 1.86454114e-16 1.93781389e-16 1.94782758e-16
 2.10000375e-16 2.13612667e-16 2.35453348e-16 3.26286126e-16
 3.72638957e-16 3.75178292e-16 4.35877801e-16 4.50793703e-16
 4.93727506e-16 5.33169705e-16 6.03488612e-16 6.15981312e-16
 6.19399582e-16 6.70040327e-16 6.86813365e-16 7.50762014e-16
 7.76235984e-16 7.80842239e-16 8.93246296e-16 1.05179279e-15
 1.19447400e-15 1.20218747e-15 1.24835855e-15 1.82668912e-15
 2.18778781e-15 1.76675177e-06 4.93853715e-06 2.98124436e-05
 3.42702983e-05 1.23359200e-04 3.02987490e-04 1.51155170e-03
 3.17365107e-03 8.04059298e-03 8.84874029e-03 2.46256326e-02
 9.56484582e-01 9.87940609e-01 1.16648038e+00 1.19670570e+00
 1.63970368e+00 1.98668206e+00 1.99044527e+00 1.99556831e+00
 1.99762097e+00 1.99787676e+00 1.99840183e+00 1.99855913e+00
 1.99908593e+00 1.99935177e+00 1.99953965e+00 1.99977804e+00
 1.99989886e+00 1.99993373e+00 1.99995189e+00 1.99998216e+00
 1.99998589e+00 1.99999296e+00 1.99999537e+00 1.99999771e+00
 1.99999857e+00 1.99999893e+00 1.99999926e+00 1.99999967e+00
 1.99999984e+00 2.00000000e+00 2.00000000e+00 2.00000000e+00
 2.00000000e+00 2.00000000e+00 2.00000000e+00 2.00000000e+00
 2.00000000e+00 2.00000000e+00 2.00000000e+00 2.00000000e+00
 2.00000000e+00 2.00000000e+00 2.00000000e+00 2.00000000e+00
 2.00000000e+00 2.00000000e+00 2.00000000e+00 2.00000000e+00
 2.00000000e+00 2.00000000e+00 2.00000000e+00 2.00000000e+00
 2.00000000e+00 2.00000000e+00 2.00000000e+00 2.00000000e+00
 2.00000000e+00 2.00000000e+00 2.00000000e+00 2.00000000e+00]

	SCF Occupancy Eigenvalues for Fragment Number : # 1
	[2.03027322e-15 1.94915515e-15 1.47232805e-15 1.43883043e-15
 1.40546440e-15 1.39536817e-15 1.13680413e-15 1.05031012e-15
 1.00278267e-15 9.95632156e-16 9.91475261e-16 9.62200745e-16
 9.45186467e-16 8.98253868e-16 7.69107428e-16 7.56563718e-16
 7.36894158e-16 6.77349500e-16 6.38093525e-16 6.02078158e-16
 5.71546163e-16 5.60002559e-16 5.59403124e-16 5.21004760e-16
 5.18292464e-16 4.67573268e-16 4.60729957e-16 4.13587977e-16
 3.99970026e-16 3.95267250e-16 3.74387755e-16 3.55339731e-16
 3.35609761e-16 3.10746096e-16 2.57381995e-16 2.49324283e-16
 2.46713401e-16 2.43294968e-16 2.15162203e-16 2.01684018e-16
 1.80747536e-16 1.35166101e-16 1.13462351e-16 1.07011210e-16
 1.06350981e-16 8.51073088e-17 6.54841496e-17 4.49368615e-17
 3.07954108e-17 2.70758266e-17 2.56664375e-17 2.18765115e-17
 1.70888605e-17 1.30073375e-17 7.67731693e-18 7.01231629e-18
 4.43545241e-18 3.23889494e-18 1.69025199e-18 1.04535124e-18
 9.32125112e-19 7.23121487e-19 4.46687244e-19 5.26260957e-19
 5.93257483e-19 1.13615839e-18 2.45686314e-18 3.24840373e-18
 5.55407282e-18 7.75135483e-18 8.42911526e-18 1.09422750e-17
 1.22676314e-17 1.43278689e-17 1.88003246e-17 2.31262360e-17
 3.00265811e-17 4.69481369e-17 4.70299570e-17 6.86814911e-17
 9.54097912e-17 9.94646581e-17 1.02339462e-16 1.03209268e-16
 1.07528136e-16 1.23062675e-16 1.33448822e-16 1.57309867e-16
 1.65647680e-16 2.57021449e-16 2.60723992e-16 2.78486476e-16
 2.93483326e-16 3.07963654e-16 3.34024920e-16 3.75302156e-16
 3.91746694e-16 4.58053519e-16 5.05639971e-16 5.57597678e-16
 5.80430686e-16 6.00462456e-16 6.08519893e-16 6.08822727e-16
 6.64612854e-16 6.67097454e-16 6.69847858e-16 6.81284550e-16
 7.36524018e-16 7.67164171e-16 7.88912017e-16 8.22856895e-16
 1.03758470e-15 1.25900685e-15 1.31639394e-15 1.40700286e-15
 1.46096887e-15 1.55423541e-15 1.71929464e-15 1.96950745e-15
 2.40161548e-05 1.51556278e-02 2.37818492e-02 1.00713354e+00
 1.03981330e+00 1.98071688e+00 1.99005540e+00 1.99713411e+00
 1.99891371e+00 1.99935082e+00 1.99970479e+00 1.99989661e+00
 1.99993357e+00 2.00000000e+00 2.00000000e+00 2.00000000e+00
 2.00000000e+00 2.00000000e+00 2.00000000e+00 2.00000000e+00
 2.00000000e+00 2.00000000e+00 2.00000000e+00 2.00000000e+00
 2.00000000e+00 2.00000000e+00 2.00000000e+00 2.00000000e+00
 2.00000000e+00 2.00000000e+00 2.00000000e+00 2.00000000e+00
 2.00000000e+00 2.00000000e+00 2.00000000e+00 2.00000000e+00
 2.00000000e+00 2.00000000e+00 2.00000000e+00 2.00000000e+00
 2.00000000e+00 2.00000000e+00 2.00000000e+00 2.00000000e+00
 2.00000000e+00 2.00000000e+00 2.00000000e+00 2.00000000e+00
 2.00000000e+00 2.00000000e+00 2.00000000e+00 2.00000000e+00
 2.00000000e+00 2.00000000e+00 2.00000000e+00 2.00000000e+00
 2.00000000e+00 2.00000000e+00 2.00000000e+00 2.00000000e+00
 2.00000000e+00 2.00000000e+00 2.00000000e+00 2.00000000e+00
 2.00000000e+00 2.00000000e+00 2.00000000e+00 2.00000000e+00
 2.00000000e+00 2.00000000e+00 2.00000000e+00]

	SCF Occupancy Eigenvalues for Fragment Number : # 2
	[2.24131213e-15 1.40564601e-15 1.12161547e-15 1.04812533e-15
 1.00945178e-15 9.95010646e-16 8.71669430e-16 8.58122208e-16
 8.18868721e-16 7.67521963e-16 6.95961254e-16 6.01763390e-16
 5.68856978e-16 5.02597325e-16 4.57806006e-16 4.20997970e-16
 4.20991350e-16 3.64019513e-16 3.13779655e-16 3.10869915e-16
 2.92620013e-16 2.57233306e-16 2.45299475e-16 2.11284675e-16
 1.91365219e-16 1.82584093e-16 1.52081437e-16 1.31545957e-16
 1.24913177e-16 1.23104804e-16 1.15320617e-16 7.70192838e-17
 7.50822171e-17 6.29883387e-17 5.62652540e-17 5.08054983e-17
 3.93421382e-17 3.89356383e-17 2.89619151e-17 2.37324656e-17
 1.71080902e-17 1.30222722e-17 7.65869566e-18 1.90180146e-18
 2.82169077e-19 2.99140740e-18 6.85722234e-18 1.38601437e-17
 1.64564409e-17 1.70059046e-17 3.26819199e-17 4.38466797e-17
 6.13993228e-17 6.86409084e-17 7.31933164e-17 8.03600815e-17
 8.44923082e-17 1.21384423e-16 1.25946964e-16 1.44023408e-16
 1.59939090e-16 1.63822573e-16 1.90839988e-16 2.70050417e-16
 3.32746125e-16 3.57182341e-16 3.61528821e-16 3.73835338e-16
 3.82969179e-16 5.73606375e-16 6.08156068e-16 6.93483353e-16
 7.54198579e-16 7.77163593e-16 9.49589816e-16 9.75927884e-16
 1.07098794e-15 1.07244746e-15 1.14347217e-15 1.36532903e-15
 1.47957432e-15 1.82645174e-15 6.22453163e-09 3.28826165e-08
 8.11936213e-08 3.47475771e-07 6.20799086e-07 2.72516095e-06
 4.77197130e-06 1.13848146e-05 2.36800774e-05 6.00016961e-05
 8.44423862e-05 1.44757258e-04 2.74772378e-04 6.40152697e-04
 1.33930817e-03 5.86817048e-03 1.48393919e-02 9.82197527e-01
 1.97073510e+00 1.98281883e+00 1.99019039e+00 1.99714482e+00
 1.99759606e+00 1.99955849e+00 1.99966360e+00 1.99991093e+00
 1.99994339e+00 1.99997779e+00 1.99998748e+00 1.99999056e+00
 1.99999451e+00 1.99999694e+00 1.99999820e+00 1.99999887e+00
 1.99999949e+00 1.99999966e+00 1.99999973e+00 1.99999994e+00
 1.99999996e+00 1.99999996e+00 1.99999998e+00 1.99999999e+00
 1.99999999e+00 2.00000000e+00 2.00000000e+00 2.00000000e+00
 2.00000000e+00 2.00000000e+00 2.00000000e+00 2.00000000e+00
 2.00000000e+00 2.00000000e+00 2.00000000e+00 2.00000000e+00
 2.00000000e+00 2.00000000e+00 2.00000000e+00 2.00000000e+00
 2.00000000e+00 2.00000000e+00 2.00000000e+00 2.00000000e+00
 2.00000000e+00 2.00000000e+00 2.00000000e+00 2.00000000e+00
 2.00000000e+00 2.00000000e+00 2.00000000e+00 2.00000000e+00
 2.00000000e+00]

	SCF Occupancy Eigenvalues for Fragment Number : # 3
	[1.98884617e-15 1.97539804e-15 1.97065336e-15 1.71034500e-15
 1.53066787e-15 1.35812591e-15 1.24809216e-15 1.20220638e-15
 1.09141138e-15 1.06334937e-15 1.05295916e-15 1.01101424e-15
 9.54559209e-16 8.91761930e-16 8.75072973e-16 7.85506254e-16
 6.87985887e-16 6.36103828e-16 6.33934835e-16 6.00598041e-16
 5.71934706e-16 5.19084316e-16 4.89549791e-16 4.81831687e-16
 4.61044593e-16 4.37206911e-16 4.34723941e-16 4.25049495e-16
 4.00810049e-16 3.85766721e-16 3.40950034e-16 3.01024654e-16
 2.96667577e-16 2.93988056e-16 2.90564100e-16 2.67948798e-16
 2.66713734e-16 2.38521777e-16 2.14820019e-16 2.08979969e-16
 1.88019653e-16 1.85391948e-16 1.62748298e-16 1.41155338e-16
 1.33451032e-16 9.86482981e-17 9.15929655e-17 7.20899998e-17
 7.10658118e-17 6.22991940e-17 3.43073734e-17 3.11917816e-17
 2.27463647e-17 2.14682414e-17 1.62673015e-17 1.49005972e-17
 1.00042318e-17 6.87717396e-18 6.29706868e-18 6.19422108e-18
 4.32929931e-18 2.88948559e-18 3.76590161e-19 3.11153986e-19
 1.18231690e-18 1.89113798e-18 2.59178460e-18 5.67258891e-18
 5.80319269e-18 8.28141642e-18 1.24316731e-17 1.40516352e-17
 1.43624714e-17 1.73157879e-17 2.32331661e-17 2.65909104e-17
 3.15196317e-17 5.05943628e-17 5.56546678e-17 6.89786453e-17
 8.80368646e-17 9.39611137e-17 1.14956612e-16 1.17984107e-16
 1.23598783e-16 1.33602523e-16 1.39840379e-16 2.14316011e-16
 2.22986867e-16 2.26064377e-16 2.27911077e-16 2.43852354e-16
 2.79747074e-16 3.52194008e-16 3.91999092e-16 4.13043285e-16
 4.42735382e-16 4.46049181e-16 4.68715017e-16 5.11050561e-16
 5.18506703e-16 5.98527761e-16 6.37021439e-16 7.06184050e-16
 7.09066500e-16 7.57126809e-16 7.66857546e-16 7.84197103e-16
 7.87728961e-16 8.57947699e-16 9.09391425e-16 1.05360862e-15
 1.05591965e-15 1.13299307e-15 1.24233596e-15 1.24510056e-15
 1.32558988e-15 1.37369693e-15 1.78556817e-15 1.80919879e-15
 2.28852133e-05 1.35637134e-02 2.92923923e-02 1.01728606e+00
 1.04085123e+00 1.97209880e+00 1.99055220e+00 1.99735801e+00
 1.99894702e+00 1.99943590e+00 1.99960179e+00 1.99984441e+00
 1.99994093e+00 2.00000000e+00 2.00000000e+00 2.00000000e+00
 2.00000000e+00 2.00000000e+00 2.00000000e+00 2.00000000e+00
 2.00000000e+00 2.00000000e+00 2.00000000e+00 2.00000000e+00
 2.00000000e+00 2.00000000e+00 2.00000000e+00 2.00000000e+00
 2.00000000e+00 2.00000000e+00 2.00000000e+00 2.00000000e+00
 2.00000000e+00 2.00000000e+00 2.00000000e+00 2.00000000e+00
 2.00000000e+00 2.00000000e+00 2.00000000e+00 2.00000000e+00
 2.00000000e+00 2.00000000e+00 2.00000000e+00 2.00000000e+00
 2.00000000e+00 2.00000000e+00 2.00000000e+00 2.00000000e+00
 2.00000000e+00 2.00000000e+00 2.00000000e+00 2.00000000e+00
 2.00000000e+00 2.00000000e+00 2.00000000e+00 2.00000000e+00
 2.00000000e+00 2.00000000e+00 2.00000000e+00 2.00000000e+00
 2.00000000e+00 2.00000000e+00 2.00000000e+00 2.00000000e+00
 2.00000000e+00 2.00000000e+00 2.00000000e+00 2.00000000e+00
 2.00000000e+00 2.00000000e+00 2.00000000e+00]

	SCF Occupancy Eigenvalues for Fragment Number : # 4
	[1.54359628e-15 1.50067046e-15 1.34727016e-15 1.24979832e-15
 1.19371343e-15 1.16950810e-15 1.05969920e-15 9.48101332e-16
 8.31413488e-16 8.30550237e-16 7.15586291e-16 6.59500867e-16
 6.09223581e-16 6.04037087e-16 5.88897878e-16 5.00010040e-16
 4.74004081e-16 4.58666008e-16 4.41213469e-16 4.29617945e-16
 4.24555044e-16 3.44058776e-16 3.43013418e-16 2.95098049e-16
 2.84494600e-16 2.44429184e-16 2.16018345e-16 2.13478113e-16
 2.00402351e-16 1.73153727e-16 1.56123175e-16 1.30813518e-16
 1.18701716e-16 1.09341805e-16 9.49515708e-17 9.37261806e-17
 7.65760199e-17 5.59695829e-17 5.37445664e-17 4.22960544e-17
 4.06310914e-17 4.05116819e-17 2.01545363e-17 9.09525856e-18
 2.13347864e-18 1.95867477e-17 3.04127335e-17 4.65060357e-17
 4.78931096e-17 5.03205792e-17 6.72270073e-17 8.22681785e-17
 8.40918199e-17 9.30065166e-17 1.04121701e-16 1.47283591e-16
 1.53970001e-16 1.75497568e-16 1.80517815e-16 2.22375770e-16
 2.35760904e-16 2.80050338e-16 3.35707913e-16 3.36644974e-16
 3.46480350e-16 3.65589885e-16 3.86877891e-16 4.02529708e-16
 4.41187578e-16 4.56266361e-16 4.57307179e-16 5.23990476e-16
 5.24434334e-16 6.98249516e-16 7.18039266e-16 7.81865388e-16
 9.62405246e-16 1.06204085e-15 1.11657037e-15 1.60497677e-15
 1.61643733e-15 1.75261199e-15 2.35388355e-08 8.94053633e-08
 1.91010115e-07 5.77277283e-07 1.23739535e-06 3.99547636e-06
 6.40494679e-06 1.03809941e-05 2.50682657e-05 6.34770369e-05
 8.70409958e-05 1.84373446e-04 2.55517353e-04 7.85810442e-04
 1.84006044e-03 6.13815082e-03 1.19093024e-02 9.73080785e-01
 1.97884176e+00 1.98167240e+00 1.99071399e+00 1.99696047e+00
 1.99787210e+00 1.99915855e+00 1.99948680e+00 1.99972400e+00
 1.99991281e+00 1.99994224e+00 1.99997046e+00 1.99998241e+00
 1.99999381e+00 1.99999648e+00 1.99999759e+00 1.99999835e+00
 1.99999928e+00 1.99999963e+00 1.99999965e+00 1.99999980e+00
 1.99999987e+00 1.99999992e+00 1.99999997e+00 1.99999998e+00
 1.99999998e+00 1.99999999e+00 1.99999999e+00 2.00000000e+00
 2.00000000e+00 2.00000000e+00 2.00000000e+00 2.00000000e+00
 2.00000000e+00 2.00000000e+00 2.00000000e+00 2.00000000e+00
 2.00000000e+00 2.00000000e+00 2.00000000e+00 2.00000000e+00
 2.00000000e+00 2.00000000e+00 2.00000000e+00 2.00000000e+00
 2.00000000e+00 2.00000000e+00 2.00000000e+00 2.00000000e+00
 2.00000000e+00 2.00000000e+00 2.00000000e+00 2.00000000e+00
 2.00000000e+00]

	SCF Occupancy Eigenvalues for Fragment Number : # 5
	[1.96829419e-15 1.60326298e-15 1.47829944e-15 1.34513724e-15
 1.09521522e-15 1.02460420e-15 9.66245113e-16 8.55164512e-16
 7.82651815e-16 7.81394975e-16 7.67849215e-16 7.14853673e-16
 6.75159193e-16 6.30411556e-16 6.29129918e-16 5.96172308e-16
 5.18355873e-16 4.82068058e-16 4.66854193e-16 4.63730536e-16
 4.18113953e-16 3.88235814e-16 3.86007554e-16 3.82548016e-16
 3.69575472e-16 3.26423732e-16 2.94115638e-16 2.68159146e-16
 2.45040052e-16 2.02313983e-16 1.96670862e-16 1.88708440e-16
 1.73924276e-16 1.69496269e-16 1.58142344e-16 1.25389627e-16
 1.14383329e-16 1.06970941e-16 1.05922187e-16 9.23063303e-17
 7.54369656e-17 6.41915159e-17 6.13123439e-17 4.52263626e-17
 4.43979107e-17 3.27184133e-17 2.80190243e-17 1.46139483e-17
 9.45325792e-18 5.53393104e-18 4.36800511e-18 2.11946795e-18
 1.86724848e-18 8.10127899e-19 2.16374953e-18 3.80241865e-18
 1.00673042e-17 1.30693862e-17 1.96214485e-17 2.42829355e-17
 3.78005127e-17 3.82532077e-17 4.47789981e-17 6.43407447e-17
 9.82924922e-17 1.05525464e-16 1.16550644e-16 1.31875317e-16
 1.42183390e-16 1.52303098e-16 1.66533454e-16 1.88118182e-16
 1.92181843e-16 2.59216130e-16 2.80218273e-16 3.30457505e-16
 3.44186957e-16 3.68490237e-16 3.78466077e-16 4.14428768e-16
 4.57245497e-16 4.69719058e-16 5.37424998e-16 5.41528740e-16
 5.49764039e-16 5.60079471e-16 5.71916169e-16 6.47742593e-16
 6.87825477e-16 8.19880413e-16 9.06808681e-16 9.23814186e-16
 1.09162022e-15 1.13661571e-15 1.34729958e-15 1.99848104e-15
 2.34324165e-15 2.36442369e-06 3.63935692e-06 1.39346816e-05
 3.03524878e-05 2.43080854e-04 6.23532039e-04 1.00550005e-03
 2.57071745e-03 3.14214449e-03 6.92607983e-03 1.78665715e-02
 2.61363133e-02 4.48348018e-02 3.37708745e-01 8.03646013e-01
 8.24161242e-01 1.99352519e+00 1.99426911e+00 1.99846529e+00
 1.99872026e+00 1.99907168e+00 1.99948535e+00 1.99961230e+00
 1.99973041e+00 1.99985309e+00 1.99988626e+00 1.99991940e+00
 1.99994908e+00 1.99996660e+00 1.99997901e+00 1.99998533e+00
 1.99999560e+00 1.99999692e+00 1.99999761e+00 1.99999885e+00
 1.99999963e+00 2.00000000e+00 2.00000000e+00 2.00000000e+00
 2.00000000e+00 2.00000000e+00 2.00000000e+00 2.00000000e+00
 2.00000000e+00 2.00000000e+00 2.00000000e+00 2.00000000e+00
 2.00000000e+00 2.00000000e+00 2.00000000e+00 2.00000000e+00
 2.00000000e+00 2.00000000e+00 2.00000000e+00 2.00000000e+00
 2.00000000e+00 2.00000000e+00 2.00000000e+00 2.00000000e+00
 2.00000000e+00 2.00000000e+00 2.00000000e+00 2.00000000e+00
 2.00000000e+00 2.00000000e+00 2.00000000e+00 2.00000000e+00
 2.00000000e+00 2.00000000e+00 2.00000000e+00 2.00000000e+00]

		Fragment Number : #  1
		------------------------
		CCSD diag: n_active_mos=80, n_active_electrons=80, trace(onerdm)=80.0
		Fragment Energy = -448.0676884066919
		Number of Electrons in Fragment = 26.10516448314238
		Fragment Number : #  2
		------------------------
		CCSD diag: n_active_mos=26, n_active_electrons=26, trace(onerdm)=26.0
		Fragment Energy = -126.0191996016297
		Number of Electrons in Fragment = 7.96618434050162
		Fragment Number : #  3
		------------------------
		CCSD diag: n_active_mos=102, n_active_electrons=102, trace(onerdm)=102.00000000000001
		Fragment Energy = -573.7594402315789
		Number of Electrons in Fragment = 35.06315635497131
		Fragment Number : #  4
		------------------------
		CCSD diag: n_active_mos=26, n_active_electrons=26, trace(onerdm)=25.999999999999996
		Fragment Energy = -125.3131170228042
		Number of Electrons in Fragment = 7.9596562385505605
		Fragment Number : #  5
		------------------------
		CCSD diag: n_active_mos=102, n_active_electrons=102, trace(onerdm)=101.99999999999999
		Fragment Energy = -580.794979128062
		Number of Electrons in Fragment = 35.06535531116678
Fragment: n_homo=35, n_lumo=36, kept=[34, 35, 36, 37]
		Fragment Number : #  6
		------------------------
Pass: Decompose - 0.84043 (ms)Pass: MergeOrbitalRotations - 0.05889 (ms)Pass: UnitarySynthesis - 0.01168 (ms)Pass: HighLevelSynthesis - 0.70906 (ms)Pass: BasisTranslator - 0.12136 (ms)Pass: ElidePermutations - 0.00858 (ms)Pass: RemoveDiagonalGatesBeforeMeasure - 0.01335 (ms)Pass: RemoveIdentityEquivalent - 0.00763 (ms)Pass: InverseCancellation - 0.01884 (ms)Pass: ContractIdleWiresInControlFlow - 0.00286 (ms)Pass: CommutativeCancellation - 0.03266 (ms)Pass: ConsolidateBlocks - 0.03910 (ms)Pass: Split2QUnitaries - 0.00429 (ms)Pass: SetLayout - 0.03910 (ms)Pass: FullAncillaAllocation - 0.24009 (ms)Pass: EnlargeWithAncilla - 0.09036 (ms)Pass: ApplyLayout - 0.48375 (ms)Pass: CheckMap - 0.13089 (ms)Pass: FilterOpNodes - 0.02050 (ms)Pass: UnitarySynthesis - 0.00525 (ms)Pass: HighLevelSynthesis - 0.00834 (ms)Pass: BasisTranslator - 0.12302 (ms)Pass: Depth - 0.02956 (ms)Pass: Size - 0.00596 (ms)Pass: MinimumPoint - 0.01740 (ms)Pass: ConsolidateBlocks - 0.04721 (ms)Pass: UnitarySynthesis - 0.00405 (ms)Pass: RemoveIdentityEquivalent - 0.00381 (ms)Pass: Optimize1qGatesDecomposition - 0.05198 (ms)Pass: CommutativeCancellation - 0.09966 (ms)Pass: ContractIdleWiresInControlFlow - 0.00238 (ms)Pass: GatesInBasis - 0.01121 (ms)Pass: Depth - 0.02289 (ms)Pass: Size - 0.00238 (ms)Pass: MinimumPoint - 0.04101 (ms)Pass: ConsolidateBlocks - 0.04196 (ms)Pass: UnitarySynthesis - 0.00453 (ms)Pass: RemoveIdentityEquivalent - 0.00262 (ms)Pass: Optimize1qGatesDecomposition - 0.03481 (ms)Pass: CommutativeCancellation - 0.10633 (ms)Pass: ContractIdleWiresInControlFlow - 0.00143 (ms)Pass: GatesInBasis - 0.00787 (ms)Pass: Depth - 0.02050 (ms)Pass: Size - 0.00215 (ms)Pass: MinimumPoint - 0.00405 (ms)Pass: ContainsInstruction - 0.00668 (ms)Pass: InstructionDurationCheck - 0.00501 (ms)SQD counts diag: n_bits=8, first_bitstring=[0, 0, 1, 1, 0, 0, 1, 1], hamming_left=2, hamming_right=2
SQD postselect diag: total_samples=24, total_postselected=20, batch_sizes=[4, 4, 4, 4, 4]
SQD batch diag: batch0_shape=(4, 8), first_bitstring=[0, 0, 1, 1, 0, 0, 1, 1], hamming_left=2, hamming_right=2
SQD sci diag: batch=0, norb=4, nelec=(2, 2), amp_norm=0.9999999999999999, trace(rdm1)=3.999999999999999
SQD sci diag: batch=1, norb=4, nelec=(2, 2), amp_norm=0.9999999999999999, trace(rdm1)=3.999999999999999
SQD sci diag: batch=2, norb=4, nelec=(2, 2), amp_norm=0.9999999999999999, trace(rdm1)=3.999999999999999
SQD sci diag: batch=3, norb=4, nelec=(2, 2), amp_norm=0.9999999999999999, trace(rdm1)=3.999999999999999
SQD sci diag: batch=4, norb=4, nelec=(2, 2), amp_norm=0.9999999999999999, trace(rdm1)=3.999999999999999
SQD postselect diag: total_samples=10, total_postselected=50, batch_sizes=[10, 10, 10, 10, 10]
SQD batch diag: batch0_shape=(10, 8), first_bitstring=[0, 0, 1, 1, 0, 0, 1, 1], hamming_left=2, hamming_right=2
SQD sci diag: batch=0, norb=4, nelec=(2, 2), amp_norm=0.9999999999999999, trace(rdm1)=3.999999999999999
SQD sci diag: batch=1, norb=4, nelec=(2, 2), amp_norm=0.9999999999999999, trace(rdm1)=3.999999999999999
SQD sci diag: batch=2, norb=4, nelec=(2, 2), amp_norm=0.9999999999999999, trace(rdm1)=3.999999999999999
SQD sci diag: batch=3, norb=4, nelec=(2, 2), amp_norm=0.9999999999999999, trace(rdm1)=3.999999999999999
SQD sci diag: batch=4, norb=4, nelec=(2, 2), amp_norm=0.9999999999999999, trace(rdm1)=3.999999999999999
		SQD diag: n_active_mos=4, n_active_electrons=4, trace(onerdm)=3.999999999999999
		Fragment Energy = -574.4029034691284
		Number of Electrons in Fragment = 29.114095857630627
	Electron Residual = -0.7263874140367079
 	Iteration =  2
 	Chemical Potential (mu) =     -0.0006122134
 	----------------
 
	SCF Occupancy Eigenvalues for Fragment Number : # 0
	[1.51334110e-15 1.28768627e-15 1.21779777e-15 1.20044041e-15
 1.13153165e-15 1.03351123e-15 9.28153275e-16 8.39273976e-16
 7.40717779e-16 7.05366815e-16 6.98239884e-16 6.96833378e-16
 6.18651528e-16 5.62470541e-16 5.29241680e-16 4.76164964e-16
 3.72751792e-16 3.58106469e-16 3.47114592e-16 3.00283120e-16
 2.78369569e-16 2.68986171e-16 2.68407319e-16 2.32767394e-16
 2.18528038e-16 2.10845278e-16 1.84905551e-16 1.78994028e-16
 1.44383261e-16 1.21220555e-16 9.74792254e-17 8.43208202e-17
 7.14181331e-17 5.49366081e-17 4.27855481e-17 3.94965643e-17
 3.55367379e-17 2.56756348e-17 1.85896593e-17 7.78090526e-18
 5.29343071e-18 4.93687632e-18 2.26241891e-18 6.40460231e-19
 3.23558787e-19 1.95539310e-18 9.39988327e-18 1.63040638e-17
 1.75556557e-17 2.08166817e-17 2.56634836e-17 2.94057327e-17
 4.59005503e-17 5.56987185e-17 6.20255048e-17 6.90769598e-17
 7.77773049e-17 8.31227970e-17 9.62187374e-17 1.03301637e-16
 1.15705125e-16 1.24460452e-16 1.25270629e-16 1.29453739e-16
 1.60728173e-16 1.86454114e-16 1.93781389e-16 1.94782758e-16
 2.10000375e-16 2.13612667e-16 2.35453348e-16 3.26286126e-16
 3.72638957e-16 3.75178292e-16 4.35877801e-16 4.50793703e-16
 4.93727506e-16 5.33169705e-16 6.03488612e-16 6.15981312e-16
 6.19399582e-16 6.70040327e-16 6.86813365e-16 7.50762014e-16
 7.76235984e-16 7.80842239e-16 8.93246296e-16 1.05179279e-15
 1.19447400e-15 1.20218747e-15 1.24835855e-15 1.82668912e-15
 2.18778781e-15 1.76675177e-06 4.93853715e-06 2.98124436e-05
 3.42702983e-05 1.23359200e-04 3.02987490e-04 1.51155170e-03
 3.17365107e-03 8.04059298e-03 8.84874029e-03 2.46256326e-02
 9.56484582e-01 9.87940609e-01 1.16648038e+00 1.19670570e+00
 1.63970368e+00 1.98668206e+00 1.99044527e+00 1.99556831e+00
 1.99762097e+00 1.99787676e+00 1.99840183e+00 1.99855913e+00
 1.99908593e+00 1.99935177e+00 1.99953965e+00 1.99977804e+00
 1.99989886e+00 1.99993373e+00 1.99995189e+00 1.99998216e+00
 1.99998589e+00 1.99999296e+00 1.99999537e+00 1.99999771e+00
 1.99999857e+00 1.99999893e+00 1.99999926e+00 1.99999967e+00
 1.99999984e+00 2.00000000e+00 2.00000000e+00 2.00000000e+00
 2.00000000e+00 2.00000000e+00 2.00000000e+00 2.00000000e+00
 2.00000000e+00 2.00000000e+00 2.00000000e+00 2.00000000e+00
 2.00000000e+00 2.00000000e+00 2.00000000e+00 2.00000000e+00
 2.00000000e+00 2.00000000e+00 2.00000000e+00 2.00000000e+00
 2.00000000e+00 2.00000000e+00 2.00000000e+00 2.00000000e+00
 2.00000000e+00 2.00000000e+00 2.00000000e+00 2.00000000e+00
 2.00000000e+00 2.00000000e+00 2.00000000e+00 2.00000000e+00]

	SCF Occupancy Eigenvalues for Fragment Number : # 1
	[2.03027322e-15 1.94915515e-15 1.47232805e-15 1.43883043e-15
 1.40546440e-15 1.39536817e-15 1.13680413e-15 1.05031012e-15
 1.00278267e-15 9.95632156e-16 9.91475261e-16 9.62200745e-16
 9.45186467e-16 8.98253868e-16 7.69107428e-16 7.56563718e-16
 7.36894158e-16 6.77349500e-16 6.38093525e-16 6.02078158e-16
 5.71546163e-16 5.60002559e-16 5.59403124e-16 5.21004760e-16
 5.18292464e-16 4.67573268e-16 4.60729957e-16 4.13587977e-16
 3.99970026e-16 3.95267250e-16 3.74387755e-16 3.55339731e-16
 3.35609761e-16 3.10746096e-16 2.57381995e-16 2.49324283e-16
 2.46713401e-16 2.43294968e-16 2.15162203e-16 2.01684018e-16
 1.80747536e-16 1.35166101e-16 1.13462351e-16 1.07011210e-16
 1.06350981e-16 8.51073088e-17 6.54841496e-17 4.49368615e-17
 3.07954108e-17 2.70758266e-17 2.56664375e-17 2.18765115e-17
 1.70888605e-17 1.30073375e-17 7.67731693e-18 7.01231629e-18
 4.43545241e-18 3.23889494e-18 1.69025199e-18 1.04535124e-18
 9.32125112e-19 7.23121487e-19 4.46687244e-19 5.26260957e-19
 5.93257483e-19 1.13615839e-18 2.45686314e-18 3.24840373e-18
 5.55407282e-18 7.75135483e-18 8.42911526e-18 1.09422750e-17
 1.22676314e-17 1.43278689e-17 1.88003246e-17 2.31262360e-17
 3.00265811e-17 4.69481369e-17 4.70299570e-17 6.86814911e-17
 9.54097912e-17 9.94646581e-17 1.02339462e-16 1.03209268e-16
 1.07528136e-16 1.23062675e-16 1.33448822e-16 1.57309867e-16
 1.65647680e-16 2.57021449e-16 2.60723992e-16 2.78486476e-16
 2.93483326e-16 3.07963654e-16 3.34024920e-16 3.75302156e-16
 3.91746694e-16 4.58053519e-16 5.05639971e-16 5.57597678e-16
 5.80430686e-16 6.00462456e-16 6.08519893e-16 6.08822727e-16
 6.64612854e-16 6.67097454e-16 6.69847858e-16 6.81284550e-16
 7.36524018e-16 7.67164171e-16 7.88912017e-16 8.22856895e-16
 1.03758470e-15 1.25900685e-15 1.31639394e-15 1.40700286e-15
 1.46096887e-15 1.55423541e-15 1.71929464e-15 1.96950745e-15
 2.40161548e-05 1.51556278e-02 2.37818492e-02 1.00713354e+00
 1.03981330e+00 1.98071688e+00 1.99005540e+00 1.99713411e+00
 1.99891371e+00 1.99935082e+00 1.99970479e+00 1.99989661e+00
 1.99993357e+00 2.00000000e+00 2.00000000e+00 2.00000000e+00
 2.00000000e+00 2.00000000e+00 2.00000000e+00 2.00000000e+00
 2.00000000e+00 2.00000000e+00 2.00000000e+00 2.00000000e+00
 2.00000000e+00 2.00000000e+00 2.00000000e+00 2.00000000e+00
 2.00000000e+00 2.00000000e+00 2.00000000e+00 2.00000000e+00
 2.00000000e+00 2.00000000e+00 2.00000000e+00 2.00000000e+00
 2.00000000e+00 2.00000000e+00 2.00000000e+00 2.00000000e+00
 2.00000000e+00 2.00000000e+00 2.00000000e+00 2.00000000e+00
 2.00000000e+00 2.00000000e+00 2.00000000e+00 2.00000000e+00
 2.00000000e+00 2.00000000e+00 2.00000000e+00 2.00000000e+00
 2.00000000e+00 2.00000000e+00 2.00000000e+00 2.00000000e+00
 2.00000000e+00 2.00000000e+00 2.00000000e+00 2.00000000e+00
 2.00000000e+00 2.00000000e+00 2.00000000e+00 2.00000000e+00
 2.00000000e+00 2.00000000e+00 2.00000000e+00 2.00000000e+00
 2.00000000e+00 2.00000000e+00 2.00000000e+00]

	SCF Occupancy Eigenvalues for Fragment Number : # 2
	[2.24131213e-15 1.40564601e-15 1.12161547e-15 1.04812533e-15
 1.00945178e-15 9.95010646e-16 8.71669430e-16 8.58122208e-16
 8.18868721e-16 7.67521963e-16 6.95961254e-16 6.01763390e-16
 5.68856978e-16 5.02597325e-16 4.57806006e-16 4.20997970e-16
 4.20991350e-16 3.64019513e-16 3.13779655e-16 3.10869915e-16
 2.92620013e-16 2.57233306e-16 2.45299475e-16 2.11284675e-16
 1.91365219e-16 1.82584093e-16 1.52081437e-16 1.31545957e-16
 1.24913177e-16 1.23104804e-16 1.15320617e-16 7.70192838e-17
 7.50822171e-17 6.29883387e-17 5.62652540e-17 5.08054983e-17
 3.93421382e-17 3.89356383e-17 2.89619151e-17 2.37324656e-17
 1.71080902e-17 1.30222722e-17 7.65869566e-18 1.90180146e-18
 2.82169077e-19 2.99140740e-18 6.85722234e-18 1.38601437e-17
 1.64564409e-17 1.70059046e-17 3.26819199e-17 4.38466797e-17
 6.13993228e-17 6.86409084e-17 7.31933164e-17 8.03600815e-17
 8.44923082e-17 1.21384423e-16 1.25946964e-16 1.44023408e-16
 1.59939090e-16 1.63822573e-16 1.90839988e-16 2.70050417e-16
 3.32746125e-16 3.57182341e-16 3.61528821e-16 3.73835338e-16
 3.82969179e-16 5.73606375e-16 6.08156068e-16 6.93483353e-16
 7.54198579e-16 7.77163593e-16 9.49589816e-16 9.75927884e-16
 1.07098794e-15 1.07244746e-15 1.14347217e-15 1.36532903e-15
 1.47957432e-15 1.82645174e-15 6.22453163e-09 3.28826165e-08
 8.11936213e-08 3.47475771e-07 6.20799086e-07 2.72516095e-06
 4.77197130e-06 1.13848146e-05 2.36800774e-05 6.00016961e-05
 8.44423862e-05 1.44757258e-04 2.74772378e-04 6.40152697e-04
 1.33930817e-03 5.86817048e-03 1.48393919e-02 9.82197527e-01
 1.97073510e+00 1.98281883e+00 1.99019039e+00 1.99714482e+00
 1.99759606e+00 1.99955849e+00 1.99966360e+00 1.99991093e+00
 1.99994339e+00 1.99997779e+00 1.99998748e+00 1.99999056e+00
 1.99999451e+00 1.99999694e+00 1.99999820e+00 1.99999887e+00
 1.99999949e+00 1.99999966e+00 1.99999973e+00 1.99999994e+00
 1.99999996e+00 1.99999996e+00 1.99999998e+00 1.99999999e+00
 1.99999999e+00 2.00000000e+00 2.00000000e+00 2.00000000e+00
 2.00000000e+00 2.00000000e+00 2.00000000e+00 2.00000000e+00
 2.00000000e+00 2.00000000e+00 2.00000000e+00 2.00000000e+00
 2.00000000e+00 2.00000000e+00 2.00000000e+00 2.00000000e+00
 2.00000000e+00 2.00000000e+00 2.00000000e+00 2.00000000e+00
 2.00000000e+00 2.00000000e+00 2.00000000e+00 2.00000000e+00
 2.00000000e+00 2.00000000e+00 2.00000000e+00 2.00000000e+00
 2.00000000e+00]

	SCF Occupancy Eigenvalues for Fragment Number : # 3
	[1.98884617e-15 1.97539804e-15 1.97065336e-15 1.71034500e-15
 1.53066787e-15 1.35812591e-15 1.24809216e-15 1.20220638e-15
 1.09141138e-15 1.06334937e-15 1.05295916e-15 1.01101424e-15
 9.54559209e-16 8.91761930e-16 8.75072973e-16 7.85506254e-16
 6.87985887e-16 6.36103828e-16 6.33934835e-16 6.00598041e-16
 5.71934706e-16 5.19084316e-16 4.89549791e-16 4.81831687e-16
 4.61044593e-16 4.37206911e-16 4.34723941e-16 4.25049495e-16
 4.00810049e-16 3.85766721e-16 3.40950034e-16 3.01024654e-16
 2.96667577e-16 2.93988056e-16 2.90564100e-16 2.67948798e-16
 2.66713734e-16 2.38521777e-16 2.14820019e-16 2.08979969e-16
 1.88019653e-16 1.85391948e-16 1.62748298e-16 1.41155338e-16
 1.33451032e-16 9.86482981e-17 9.15929655e-17 7.20899998e-17
 7.10658118e-17 6.22991940e-17 3.43073734e-17 3.11917816e-17
 2.27463647e-17 2.14682414e-17 1.62673015e-17 1.49005972e-17
 1.00042318e-17 6.87717396e-18 6.29706868e-18 6.19422108e-18
 4.32929931e-18 2.88948559e-18 3.76590161e-19 3.11153986e-19
 1.18231690e-18 1.89113798e-18 2.59178460e-18 5.67258891e-18
 5.80319269e-18 8.28141642e-18 1.24316731e-17 1.40516352e-17
 1.43624714e-17 1.73157879e-17 2.32331661e-17 2.65909104e-17
 3.15196317e-17 5.05943628e-17 5.56546678e-17 6.89786453e-17
 8.80368646e-17 9.39611137e-17 1.14956612e-16 1.17984107e-16
 1.23598783e-16 1.33602523e-16 1.39840379e-16 2.14316011e-16
 2.22986867e-16 2.26064377e-16 2.27911077e-16 2.43852354e-16
 2.79747074e-16 3.52194008e-16 3.91999092e-16 4.13043285e-16
 4.42735382e-16 4.46049181e-16 4.68715017e-16 5.11050561e-16
 5.18506703e-16 5.98527761e-16 6.37021439e-16 7.06184050e-16
 7.09066500e-16 7.57126809e-16 7.66857546e-16 7.84197103e-16
 7.87728961e-16 8.57947699e-16 9.09391425e-16 1.05360862e-15
 1.05591965e-15 1.13299307e-15 1.24233596e-15 1.24510056e-15
 1.32558988e-15 1.37369693e-15 1.78556817e-15 1.80919879e-15
 2.28852133e-05 1.35637134e-02 2.92923923e-02 1.01728606e+00
 1.04085123e+00 1.97209880e+00 1.99055220e+00 1.99735801e+00
 1.99894702e+00 1.99943590e+00 1.99960179e+00 1.99984441e+00
 1.99994093e+00 2.00000000e+00 2.00000000e+00 2.00000000e+00
 2.00000000e+00 2.00000000e+00 2.00000000e+00 2.00000000e+00
 2.00000000e+00 2.00000000e+00 2.00000000e+00 2.00000000e+00
 2.00000000e+00 2.00000000e+00 2.00000000e+00 2.00000000e+00
 2.00000000e+00 2.00000000e+00 2.00000000e+00 2.00000000e+00
 2.00000000e+00 2.00000000e+00 2.00000000e+00 2.00000000e+00
 2.00000000e+00 2.00000000e+00 2.00000000e+00 2.00000000e+00
 2.00000000e+00 2.00000000e+00 2.00000000e+00 2.00000000e+00
 2.00000000e+00 2.00000000e+00 2.00000000e+00 2.00000000e+00
 2.00000000e+00 2.00000000e+00 2.00000000e+00 2.00000000e+00
 2.00000000e+00 2.00000000e+00 2.00000000e+00 2.00000000e+00
 2.00000000e+00 2.00000000e+00 2.00000000e+00 2.00000000e+00
 2.00000000e+00 2.00000000e+00 2.00000000e+00 2.00000000e+00
 2.00000000e+00 2.00000000e+00 2.00000000e+00 2.00000000e+00
 2.00000000e+00 2.00000000e+00 2.00000000e+00]

	SCF Occupancy Eigenvalues for Fragment Number : # 4
	[1.54359628e-15 1.50067046e-15 1.34727016e-15 1.24979832e-15
 1.19371343e-15 1.16950810e-15 1.05969920e-15 9.48101332e-16
 8.31413488e-16 8.30550237e-16 7.15586291e-16 6.59500867e-16
 6.09223581e-16 6.04037087e-16 5.88897878e-16 5.00010040e-16
 4.74004081e-16 4.58666008e-16 4.41213469e-16 4.29617945e-16
 4.24555044e-16 3.44058776e-16 3.43013418e-16 2.95098049e-16
 2.84494600e-16 2.44429184e-16 2.16018345e-16 2.13478113e-16
 2.00402351e-16 1.73153727e-16 1.56123175e-16 1.30813518e-16
 1.18701716e-16 1.09341805e-16 9.49515708e-17 9.37261806e-17
 7.65760199e-17 5.59695829e-17 5.37445664e-17 4.22960544e-17
 4.06310914e-17 4.05116819e-17 2.01545363e-17 9.09525856e-18
 2.13347864e-18 1.95867477e-17 3.04127335e-17 4.65060357e-17
 4.78931096e-17 5.03205792e-17 6.72270073e-17 8.22681785e-17
 8.40918199e-17 9.30065166e-17 1.04121701e-16 1.47283591e-16
 1.53970001e-16 1.75497568e-16 1.80517815e-16 2.22375770e-16
 2.35760904e-16 2.80050338e-16 3.35707913e-16 3.36644974e-16
 3.46480350e-16 3.65589885e-16 3.86877891e-16 4.02529708e-16
 4.41187578e-16 4.56266361e-16 4.57307179e-16 5.23990476e-16
 5.24434334e-16 6.98249516e-16 7.18039266e-16 7.81865388e-16
 9.62405246e-16 1.06204085e-15 1.11657037e-15 1.60497677e-15
 1.61643733e-15 1.75261199e-15 2.35388355e-08 8.94053633e-08
 1.91010115e-07 5.77277283e-07 1.23739535e-06 3.99547636e-06
 6.40494679e-06 1.03809941e-05 2.50682657e-05 6.34770369e-05
 8.70409958e-05 1.84373446e-04 2.55517353e-04 7.85810442e-04
 1.84006044e-03 6.13815082e-03 1.19093024e-02 9.73080785e-01
 1.97884176e+00 1.98167240e+00 1.99071399e+00 1.99696047e+00
 1.99787210e+00 1.99915855e+00 1.99948680e+00 1.99972400e+00
 1.99991281e+00 1.99994224e+00 1.99997046e+00 1.99998241e+00
 1.99999381e+00 1.99999648e+00 1.99999759e+00 1.99999835e+00
 1.99999928e+00 1.99999963e+00 1.99999965e+00 1.99999980e+00
 1.99999987e+00 1.99999992e+00 1.99999997e+00 1.99999998e+00
 1.99999998e+00 1.99999999e+00 1.99999999e+00 2.00000000e+00
 2.00000000e+00 2.00000000e+00 2.00000000e+00 2.00000000e+00
 2.00000000e+00 2.00000000e+00 2.00000000e+00 2.00000000e+00
 2.00000000e+00 2.00000000e+00 2.00000000e+00 2.00000000e+00
 2.00000000e+00 2.00000000e+00 2.00000000e+00 2.00000000e+00
 2.00000000e+00 2.00000000e+00 2.00000000e+00 2.00000000e+00
 2.00000000e+00 2.00000000e+00 2.00000000e+00 2.00000000e+00
 2.00000000e+00]

	SCF Occupancy Eigenvalues for Fragment Number : # 5
