Resuming from checkpoint. 2 points already completed.

=== Relaxed scan: N–C distance = 1.50 Å ===
geometric-optimize called with the following command line:
tpp_CO2_relaxed_scan.py

                                        [91m())))))))))))))))/[0m                     
                                    [91m())))))))))))))))))))))))),[0m                
                                [91m*)))))))))))))))))))))))))))))))))[0m             
                        [94m#,[0m    [91m()))))))))/[0m                [91m.)))))))))),[0m          
                      [94m#%%%%,[0m  [91m())))))[0m                        [91m.))))))))*[0m        
                      [94m*%%%%%%,[0m  [91m))[0m              [93m..[0m              [91m,))))))).[0m      
                        [94m*%%%%%%,[0m         [93m***************/.[0m        [91m.)))))))[0m     
                [94m#%%/[0m      [94m(%%%%%%,[0m    [93m/*********************.[0m       [91m)))))))[0m    
              [94m.%%%%%%#[0m      [94m*%%%%%%,[0m  [93m*******/,[0m     [93m**********,[0m      [91m.))))))[0m   
                [94m.%%%%%%/[0m      [94m*%%%%%%,[0m  [93m**[0m              [93m********[0m      [91m.))))))[0m  
          [94m##[0m      [94m.%%%%%%/[0m      [94m(%%%%%%,[0m                  [93m,******[0m      [91m/)))))[0m  
        [94m%%%%%%[0m      [94m.%%%%%%#[0m      [94m*%%%%%%,[0m    [92m,/////.[0m       [93m******[0m      [91m))))))[0m 
      [94m#%[0m      [94m%%[0m      [94m.%%%%%%/[0m      [94m*%%%%%%,[0m  [92m////////,[0m      [93m*****/[0m     [91m,)))))[0m 
    [94m#%%[0m  [94m%%%[0m  [94m%%%#[0m      [94m.%%%%%%/[0m      [94m(%%%%%%,[0m  [92m///////.[0m     [93m/*****[0m      [91m))))).[0m
  [94m#%%%%.[0m      [94m%%%%%#[0m      [94m/%%%%%%*[0m      [94m#%%%%%%[0m   [92m/////)[0m     [93m******[0m      [91m))))),[0m
    [94m#%%%%##%[0m  [94m%%%#[0m      [94m.%%%%%%/[0m      [94m(%%%%%%,[0m  [92m///////.[0m     [93m/*****[0m      [91m))))).[0m
      [94m##[0m     [94m%%%[0m      [94m.%%%%%%/[0m      [94m*%%%%%%,[0m  [92m////////.[0m      [93m*****/[0m     [91m,)))))[0m 
        [94m#%%%%#[0m      [94m/%%%%%%/[0m      [94m(%%%%%%[0m      [92m/)/)//[0m       [93m******[0m      [91m))))))[0m 
          [94m##[0m      [94m.%%%%%%/[0m      [94m(%%%%%%,[0m                  [93m*******[0m      [91m))))))[0m  
                [94m.%%%%%%/[0m      [94m*%%%%%%,[0m  [93m**.[0m             [93m/*******[0m      [91m.))))))[0m  
              [94m*%%%%%%/[0m      [94m(%%%%%%[0m   [93m********/*..,*/*********[0m       [91m*))))))[0m   
                [94m#%%/[0m      [94m(%%%%%%,[0m    [93m*********************/[0m        [91m)))))))[0m    
                        [94m*%%%%%%,[0m         [93m,**************/[0m         [91m,))))))/[0m     
                      [94m(%%%%%%[0m   [91m()[0m                              [91m))))))))[0m       
                      [94m#%%%%,[0m  [91m())))))[0m                        [91m,)))))))),[0m        
                        [94m#,[0m    [91m())))))))))[0m                [91m,)))))))))).[0m          
                                 [91m()))))))))))))))))))))))))))))))/[0m             
                                    [91m())))))))))))))))))))))))).[0m                
                                         [91m())))))))))))))),[0m                     

-=# [1;94m geomeTRIC started. Version: 1.1 [0m #=-
Current date and time: 2026-04-30 09:55:13
#========================================================#
#| [92m    Arguments passed to driver run_optimizer():     [0m |#
#========================================================#
constraints               /tmp/tmpwf8bc54a/constraints.txt 
customengine              <pyscf.geomopt.geometric_solver.PySCFEngine object at 0x7f61796cae40> 
input                     /tmp/tmpqjd6ic3p/4ee89433-5475-4abb-9cb0-f40991b35b38 
logIni                    /home/bhabani/miniconda3/lib/python3.12/site-packages/pyscf/geomopt/log.ini 
maxiter                   100 
----------------------------------------------------------
Custom engine selected.
$set
distance 5 30 1.50000000
Bonds will be generated from interatomic distances less than 1.20 times sum of covalent radii
96 internal coordinates being used (instead of 96 Cartesians)
Internal coordinate system (atoms numbered from 1):
Distance 5-30
Distance 1-2
Distance 1-5
Distance 1-19
Distance 2-3
Distance 2-6
Distance 3-4
Distance 3-7
Distance 4-5
Distance 4-8
Distance 8-9
Distance 8-10
Distance 8-11
Distance 11-12
Distance 11-13
Distance 12-14
Distance 12-18
Distance 13-15
Distance 13-16
Distance 15-17
Distance 15-18
Distance 19-20
Distance 19-21
Distance 19-22
Distance 22-23
Distance 22-24
Distance 23-25
Distance 23-26
Distance 24-27
Distance 24-29
Distance 25-28
Distance 25-29
Distance 30-31
Distance 30-32
Angle 2-1-19
Angle 5-1-19
Angle 1-2-6
Angle 3-2-6
Angle 2-3-7
Angle 4-3-7
Angle 3-4-8
Angle 5-4-8
Angle 1-5-30
Angle 4-5-30
Angle 4-8-9
Angle 4-8-10
Angle 4-8-11
Angle 9-8-10
Angle 9-8-11
Angle 10-8-11
Angle 8-11-13
Angle 12-11-13
Angle 11-12-18
Angle 14-12-18
Angle 11-13-16
Angle 15-13-16
Angle 13-15-18
Angle 17-15-18
Angle 12-18-15
Angle 1-19-20
Angle 1-19-21
Angle 1-19-22
Angle 20-19-21
Angle 20-19-22
Angle 21-19-22
Angle 19-22-24
Angle 23-22-24
Angle 22-23-26
Angle 25-23-26
Angle 22-24-29
Angle 27-24-29
Angle 23-25-29
Angle 28-25-29
Angle 24-29-25
Angle 5-30-32
Angle 31-30-32
Out-of-Plane 1-2-5-19
Out-of-Plane 2-1-3-6
Out-of-Plane 3-2-4-7
Out-of-Plane 4-3-5-8
Out-of-Plane 5-1-4-30
Out-of-Plane 11-8-12-13
Out-of-Plane 12-11-14-18
Out-of-Plane 13-11-15-16
Out-of-Plane 15-13-17-18
Out-of-Plane 22-19-23-24
Out-of-Plane 23-22-25-26
Out-of-Plane 24-22-27-29
Out-of-Plane 25-23-28-29
Out-of-Plane 30-5-31-32
Dihedral 5-1-2-3
Dihedral 5-1-2-6
Dihedral 19-1-2-3
Dihedral 19-1-2-6
Dihedral 2-1-5-4
Dihedral 2-1-5-30
Dihedral 19-1-5-4
Dihedral 19-1-5-30
Dihedral 2-1-19-20
Dihedral 2-1-19-21
Dihedral 2-1-19-22
Dihedral 5-1-19-20
Dihedral 5-1-19-21
Dihedral 5-1-19-22
Dihedral 1-2-3-4
Dihedral 1-2-3-7
Dihedral 6-2-3-4
Dihedral 6-2-3-7
Dihedral 2-3-4-5
Dihedral 2-3-4-8
Dihedral 7-3-4-5
Dihedral 7-3-4-8
Dihedral 3-4-5-1
Dihedral 3-4-5-30
Dihedral 8-4-5-1
Dihedral 8-4-5-30
Dihedral 3-4-8-9
Dihedral 3-4-8-10
Dihedral 3-4-8-11
Dihedral 5-4-8-9
Dihedral 5-4-8-10
Dihedral 5-4-8-11
Dihedral 1-5-30-31
Dihedral 1-5-30-32
Dihedral 4-5-30-31
Dihedral 4-5-30-32
Dihedral 4-8-11-12
Dihedral 4-8-11-13
Dihedral 9-8-11-12
Dihedral 9-8-11-13
Dihedral 10-8-11-12
Dihedral 10-8-11-13
Dihedral 8-11-12-14
Dihedral 8-11-12-18
Dihedral 13-11-12-14
Dihedral 13-11-12-18
Dihedral 8-11-13-15
Dihedral 8-11-13-16
Dihedral 12-11-13-15
Dihedral 12-11-13-16
Dihedral 11-12-18-15
Dihedral 14-12-18-15
Dihedral 11-13-15-17
Dihedral 11-13-15-18
Dihedral 16-13-15-17
Dihedral 16-13-15-18
Dihedral 13-15-18-12
Dihedral 17-15-18-12
Dihedral 1-19-22-23
Dihedral 1-19-22-24
Dihedral 20-19-22-23
Dihedral 20-19-22-24
Dihedral 21-19-22-23
Dihedral 21-19-22-24
Dihedral 19-22-23-25
Dihedral 19-22-23-26
Dihedral 24-22-23-25
Dihedral 24-22-23-26
Dihedral 19-22-24-27
Dihedral 19-22-24-29
Dihedral 23-22-24-27
Dihedral 23-22-24-29
Dihedral 22-23-25-28
Dihedral 22-23-25-29
Dihedral 26-23-25-28
Dihedral 26-23-25-29
Dihedral 22-24-29-25
Dihedral 27-24-29-25
Dihedral 23-25-29-24
Dihedral 28-25-29-24
Translation-X 1-32
Translation-Y 1-32
Translation-Z 1-32
Rotation-A 1-32
Rotation-B 1-32
Rotation-C 1-32
<class 'geometric.internal.Distance'> : 34
<class 'geometric.internal.Angle'> : 42
<class 'geometric.internal.OutOfPlane'> : 14
<class 'geometric.internal.Dihedral'> : 80
<class 'geometric.internal.TranslationX'> : 1
<class 'geometric.internal.TranslationY'> : 1
<class 'geometric.internal.TranslationZ'> : 1
<class 'geometric.internal.RotationA'> : 1
<class 'geometric.internal.RotationB'> : 1
<class 'geometric.internal.RotationC'> : 1
Constraint                         Current      Target       Diff.
Distance 5-30                      1.50000     1.50000    -0.00000
> ===== Optimization Info: ====
> Job type: Energy minimization
> Maximum number of optimization cycles: 100
> Initial / maximum trust radius (Angstrom): 0.100 / 0.300
> Convergence Criteria:
> Will converge when all 5 criteria are reached:
>  |Delta-E| < 1.00e-06
>  RMS-Ortho-Grad < 3.00e-04
>  Max-Ortho-Grad < 4.50e-04
>  RMS-Disp  < 1.20e-03
>  Max-Disp  < 1.80e-03
> 
> Constraints are requested. The following criterion is added:
>  Max Constraint Violation (in Angstroms/degrees) < 1.00e-02 
> === End Optimization Info ===
WARN: Mole.unit (Angstrom) is changed to Bohr
Step    0 : Gradient = 5.694e-02/1.695e-01 (rms/max) Energy = -915.8993369359
Hessian Eigenvalues: 2.30000e-02 2.30000e-02 2.30000e-02 ... 5.05705e-01 5.05705e-01 8.02088e-01
Step    1 : Displace = [0m9.822e-02[0m/[0m1.984e-01[0m (rms/max) Trust = 1.000e-01 (=) Grad_T = [0m4.585e-02[0m/[0m1.489e-01[0m (rms/max) E (change) = -915.9501775745 ([0m-5.084e-02[0m) Quality = [0m1.001[0m
Hessian Eigenvalues: 2.29864e-02 2.30000e-02 2.30000e-02 ... 5.05705e-01 5.81983e-01 8.13322e-01
Step    2 : Displace = [0m1.403e-01[0m/[0m2.854e-01[0m (rms/max) Trust = 1.414e-01 ([92m+[0m) Grad_T = [0m2.949e-02[0m/[0m9.982e-02[0m (rms/max) E (change) = -915.9961526161 ([0m-4.598e-02[0m) Quality = [0m0.954[0m
Hessian Eigenvalues: 2.29812e-02 2.30000e-02 2.30000e-02 ... 5.05705e-01 5.60065e-01 8.33422e-01
Step    3 : Displace = [0m2.068e-01[0m/[0m4.644e-01[0m (rms/max) Trust = 2.000e-01 ([92m+[0m) Grad_T = [0m9.430e-03[0m/[0m2.275e-02[0m (rms/max) E (change) = -916.0241744041 ([0m-2.802e-02[0m) Quality = [0m0.871[0m
Hessian Eigenvalues: 2.29099e-02 2.30000e-02 2.30000e-02 ... 5.12239e-01 6.21318e-01 8.40980e-01
Step    4 : Displace = [0m2.350e-01[0m/[0m5.447e-01[0m (rms/max) Trust = 2.828e-01 ([92m+[0m) Grad_T = [0m1.467e-02[0m/[0m4.608e-02[0m (rms/max) E (change) = -916.0280218372 ([0m-3.847e-03[0m) Quality = [0m0.315[0m
Hessian Eigenvalues: 1.41837e-02 2.30000e-02 2.30000e-02 ... 5.94546e-01 8.04933e-01 9.08458e-01
Step    5 : Displace = [0m2.354e-01[0m/[0m4.872e-01[0m (rms/max) Trust = 2.828e-01 (=) Grad_T = [0m1.278e-02[0m/[0m3.523e-02[0m (rms/max) E (change) = -916.0368615864 ([0m-8.840e-03[0m) Quality = [0m0.651[0m
Hessian Eigenvalues: 1.26979e-02 2.30000e-02 2.30000e-02 ... 5.98718e-01 8.41731e-01 1.03906e+00
Step    6 : Displace = [0m2.368e-01[0m/[0m5.630e-01[0m (rms/max) Trust = 2.828e-01 (=) Grad_T = [0m1.185e-02[0m/[0m2.949e-02[0m (rms/max) E (change) = -916.0385202937 ([0m-1.659e-03[0m) Quality = [0m0.143[0m
Hessian Eigenvalues: 9.24760e-03 2.13473e-02 2.30000e-02 ... 8.28695e-01 9.15022e-01 1.10600e+00
Step    7 : Displace = [0m1.185e-01[0m/[0m2.890e-01[0m (rms/max) Trust = 1.184e-01 ([91m-[0m) Grad_T = [0m6.726e-03[0m/[0m1.564e-02[0m (rms/max) E (change) = -916.0476498364 ([0m-9.130e-03[0m) Quality = [0m0.654[0m
Hessian Eigenvalues: 9.29727e-03 2.14964e-02 2.29869e-02 ... 8.36638e-01 9.19310e-01 1.62445e+00
Step    8 : Displace = [0m1.220e-01[0m/[0m3.113e-01[0m (rms/max) Trust = 1.184e-01 (=) Grad_T = [0m1.153e-02[0m/[0m3.130e-02[0m (rms/max) E (change) = -916.0455940983 ([91m+2.056e-03[0m) Quality = [91m-0.329[0m
Hessian Eigenvalues: 7.60857e-03 2.10591e-02 2.28401e-02 ... 8.73577e-01 9.47848e-01 1.62518e+00
Step    9 : Displace = [0m5.624e-02[0m/[0m1.477e-01[0m (rms/max) Trust = 5.920e-02 ([91m-[0m) Grad_T = [0m4.244e-03[0m/[0m9.821e-03[0m (rms/max) E (change) = -916.0514912186 ([0m-5.897e-03[0m) Quality = [0m0.960[0m
Hessian Eigenvalues: 7.58890e-03 2.10045e-02 2.28488e-02 ... 9.07409e-01 9.86904e-01 1.62790e+00
Step   10 : Displace = [0m9.042e-02[0m/[0m2.086e-01[0m (rms/max) Trust = 8.372e-02 ([92m+[0m) Grad_T = [0m5.582e-03[0m/[0m1.315e-02[0m (rms/max) E (change) = -916.0522010544 ([0m-7.098e-04[0m) Quality = [0m0.248[0m
Hessian Eigenvalues: 7.16640e-03 2.03805e-02 2.27419e-02 ... 9.25093e-01 9.41257e-01 1.62785e+00
Step   11 : Displace = [0m3.813e-02[0m/[0m9.027e-02[0m (rms/max) Trust = 4.186e-02 ([91m-[0m) Grad_T = [0m2.932e-03[0m/[0m6.658e-03[0m (rms/max) E (change) = -916.0545284194 ([0m-2.327e-03[0m) Quality = [0m0.883[0m
Hessian Eigenvalues: 6.90347e-03 2.01037e-02 2.27326e-02 ... 9.18396e-01 9.77634e-01 1.66684e+00
Step   12 : Displace = [0m5.948e-02[0m/[0m1.173e-01[0m (rms/max) Trust = 5.920e-02 ([92m+[0m) Grad_T = [0m3.155e-03[0m/[0m7.722e-03[0m (rms/max) E (change) = -916.0562999860 ([0m-1.772e-03[0m) Quality = [0m0.899[0m
Hessian Eigenvalues: 4.89610e-03 1.68050e-02 2.25743e-02 ... 9.34398e-01 9.65499e-01 1.60887e+00
Step   13 : Displace = [0m8.225e-02[0m/[0m1.880e-01[0m (rms/max) Trust = 8.372e-02 ([92m+[0m) Grad_T = [0m2.966e-03[0m/[0m8.655e-03[0m (rms/max) E (change) = -916.0585896223 ([0m-2.290e-03[0m) Quality = [0m0.924[0m
Hessian Eigenvalues: 3.59117e-03 1.51886e-02 2.27427e-02 ... 9.28437e-01 9.47509e-01 1.55347e+00
Step   14 : Displace = [0m1.143e-01[0m/[0m3.095e-01[0m (rms/max) Trust = 1.184e-01 ([92m+[0m) Grad_T = [0m3.801e-03[0m/[0m8.939e-03[0m (rms/max) E (change) = -916.0609400158 ([0m-2.350e-03[0m) Quality = [0m0.667[0m
Hessian Eigenvalues: 4.30059e-03 1.47180e-02 2.27144e-02 ... 9.38924e-01 9.70308e-01 1.52816e+00
Step   15 : Displace = [0m1.064e-01[0m/[0m2.605e-01[0m (rms/max) Trust = 1.184e-01 (=) Grad_T = [0m3.899e-03[0m/[0m1.102e-02[0m (rms/max) E (change) = -916.0617612101 ([0m-8.212e-04[0m) Quality = [0m0.523[0m
Hessian Eigenvalues: 3.53643e-03 1.42806e-02 2.16751e-02 ... 9.44551e-01 9.52687e-01 1.54166e+00
Step   16 : Displace = [0m7.304e-02[0m/[0m1.897e-01[0m (rms/max) Trust = 1.184e-01 (=) Grad_T = [0m4.833e-03[0m/[0m1.540e-02[0m (rms/max) E (change) = -916.0613977084 ([91m+3.635e-04[0m) Quality = [91m-0.239[0m
Hessian Eigenvalues: 4.25678e-03 1.43586e-02 1.79196e-02 ... 9.49968e-01 9.85951e-01 1.62188e+00
Step   17 : Displace = [0m3.935e-02[0m/[0m9.071e-02[0m (rms/max) Trust = 3.652e-02 ([91m-[0m) Grad_T = [0m2.765e-03[0m/[0m9.227e-03[0m (rms/max) E (change) = -916.0625027567 ([0m-1.105e-03[0m) Quality = [0m0.928[0m
Hessian Eigenvalues: 4.26238e-03 1.43584e-02 1.79070e-02 ... 9.48194e-01 1.05270e+00 1.58731e+00
Step   18 : Displace = [0m4.182e-02[0m/[0m7.299e-02[0m (rms/max) Trust = 5.165e-02 ([92m+[0m) Grad_T = [0m4.357e-03[0m/[0m1.605e-02[0m (rms/max) E (change) = -916.0622154013 ([91m+2.874e-04[0m) Quality = [91m-0.326[0m
Hessian Eigenvalues: 3.94566e-03 1.43957e-02 1.72521e-02 ... 9.55294e-01 1.05223e+00 1.58502e+00
Step   19 : Displace = [0m2.130e-02[0m/[0m3.797e-02[0m (rms/max) Trust = 2.091e-02 ([91m-[0m) Grad_T = [0m1.587e-03[0m/[0m5.390e-03[0m (rms/max) E (change) = -916.0629604708 ([0m-7.451e-04[0m) Quality = [0m0.904[0m
Hessian Eigenvalues: 3.95238e-03 1.43203e-02 1.72526e-02 ... 9.63735e-01 1.05174e+00 1.58956e+00
Step   20 : Displace = [0m2.560e-02[0m/[0m7.034e-02[0m (rms/max) Trust = 2.957e-02 ([92m+[0m) Grad_T = [0m2.210e-03[0m/[0m5.565e-03[0m (rms/max) E (change) = -916.0629573083 ([91m+3.163e-06[0m) Quality = [91m-0.010[0m
Hessian Eigenvalues: 3.88867e-03 1.28345e-02 1.71478e-02 ... 9.62478e-01 1.05197e+00 1.60288e+00
Step   21 : Displace = [0m1.262e-02[0m/[0m2.343e-02[0m (rms/max) Trust = 1.280e-02 ([91m-[0m) Grad_T = [0m9.227e-04[0m/[0m2.177e-03[0m (rms/max) E (change) = -916.0631820243 ([0m-2.247e-04[0m) Quality = [0m0.877[0m
Hessian Eigenvalues: 3.90168e-03 1.26010e-02 1.66427e-02 ... 9.63561e-01 1.05570e+00 1.61441e+00
Step   22 : Displace = [0m1.857e-02[0m/[0m3.381e-02[0m (rms/max) Trust = 1.810e-02 ([92m+[0m) Grad_T = [0m9.246e-04[0m/[0m2.087e-03[0m (rms/max) E (change) = -916.0632424204 ([0m-6.040e-05[0m) Quality = [0m0.464[0m
Hessian Eigenvalues: 3.88120e-03 8.92006e-03 1.65903e-02 ... 9.63067e-01 1.05576e+00 1.61485e+00
Step   23 : Displace = [0m1.792e-02[0m/[0m5.478e-02[0m (rms/max) Trust = 1.810e-02 (=) Grad_T = [0m3.815e-04[0m/[0m7.665e-04[0m (rms/max) E (change) = -916.0633561564 ([0m-1.137e-04[0m) Quality = [0m1.371[0m
Hessian Eigenvalues: 3.48873e-03 5.21223e-03 1.66185e-02 ... 9.64885e-01 1.05768e+00 1.61828e+00
Step   24 : Displace = [0m2.645e-02[0m/[0m7.393e-02[0m (rms/max) Trust = 2.560e-02 ([92m+[0m) Grad_T = [0m5.220e-04[0m/[0m9.960e-04[0m (rms/max) E (change) = -916.0634040503 ([0m-4.789e-05[0m) Quality = [0m0.708[0m
Hessian Eigenvalues: 3.16536e-03 4.06265e-03 1.71804e-02 ... 9.64127e-01 1.05734e+00 1.61977e+00
Step   25 : Displace = [0m2.297e-02[0m/[0m7.304e-02[0m (rms/max) Trust = 2.560e-02 (=) Grad_T = [0m3.990e-04[0m/[0m8.520e-04[0m (rms/max) E (change) = -916.0634139341 ([0m-9.884e-06[0m) Quality = [0m0.287[0m
Hessian Eigenvalues: 3.21051e-03 4.46823e-03 1.85722e-02 ... 9.65614e-01 1.05705e+00 1.62898e+00
Step   26 : Displace = [0m9.806e-03[0m/[0m2.722e-02[0m (rms/max) Trust = 2.560e-02 (=) Grad_T = [92m2.467e-04[0m/[0m6.432e-04[0m (rms/max) E (change) = -916.0634268081 ([0m-1.287e-05[0m) Quality = [0m0.663[0m
Hessian Eigenvalues: 3.14165e-03 4.32930e-03 1.93470e-02 ... 9.68010e-01 1.05752e+00 1.62866e+00
Step   27 : Displace = [0m4.356e-03[0m/[0m8.822e-03[0m (rms/max) Trust = 2.560e-02 (=) Grad_T = [92m1.423e-04[0m/[92m3.318e-04[0m (rms/max) E (change) = -916.0634302710 ([0m-3.463e-06[0m) Quality = [0m0.584[0m
Hessian Eigenvalues: 3.44057e-03 4.39164e-03 1.86021e-02 ... 9.65737e-01 1.05679e+00 1.63931e+00
Step   28 : Displace = [0m2.611e-03[0m/[0m6.308e-03[0m (rms/max) Trust = 2.560e-02 (=) Grad_T = [92m6.959e-05[0m/[92m1.848e-04[0m (rms/max) E (change) = -916.0634316996 ([0m-1.429e-06[0m) Quality = [0m0.818[0m
Hessian Eigenvalues: 3.09295e-03 4.32614e-03 1.74182e-02 ... 9.66838e-01 1.05693e+00 1.61831e+00
Step   29 : Displace = [0m1.697e-03[0m/[0m3.331e-03[0m (rms/max) Trust = 3.621e-02 ([92m+[0m) Grad_T = [92m5.018e-05[0m/[92m9.929e-05[0m (rms/max) E (change) = -916.0634321237 ([92m-4.242e-07[0m) Quality = [0m0.757[0m
Hessian Eigenvalues: 3.20520e-03 4.49761e-03 1.37285e-02 ... 9.65898e-01 1.05687e+00 1.60542e+00
Step   30 : Displace = [92m6.683e-04[0m/[92m1.496e-03[0m (rms/max) Trust = 5.121e-02 ([92m+[0m) Grad_T = [92m1.884e-05[0m/[92m3.488e-05[0m (rms/max) E (change) = -916.0634324133 ([92m-2.896e-07[0m) Quality = [0m1.253[0m
Hessian Eigenvalues: 3.20520e-03 4.49761e-03 1.37285e-02 ... 9.65898e-01 1.05687e+00 1.60542e+00
Converged! =D

    #==========================================================================#
    #| If this code has benefited your research, please support us by citing: |#
    #|                                                                        |#
    #| Wang, L.-P.; Song, C.C. (2016) "Geometry optimization made simple with |#
    #| translation and rotation coordinates", J. Chem, Phys. 144, 214108.     |#
    #| http://dx.doi.org/10.1063/1.4952956                                    |#
    #==========================================================================#
    Time elapsed since start of run_optimizer: 334.471 seconds
WARN: ECP not specified. The basis set CRENBL include an ECP. Recommended ECP: CRENBL.
/home/bhabani/Kishore/Tangelo_2.0_hardware/tangelo/problem_decomposition/dmet/dmet_problem_decomposition.py:168: RuntimeWarning: The mean field will be recomputed even if one has been provided by the user.
  warnings.warn("The mean field will be recomputed even if one has been provided by the user.", RuntimeWarning)
	[Optimizer] Evaluating mu=0.000000 with 5 real hardware jobs...
 	Iteration =  1
 	Chemical Potential (mu) =      0.0000000000
 	----------------
 
	SCF Occupancy Eigenvalues for Fragment Number : # 0
	[2.15396172e-15 1.21509568e-15 1.01954928e-15 9.27632829e-16
 8.95102921e-16 8.93046892e-16 7.71838645e-16 7.23450026e-16
 7.22666945e-16 6.85728751e-16 6.15910721e-16 5.97502091e-16
 5.68896959e-16 5.38274548e-16 5.32847840e-16 4.84598315e-16
 4.80954936e-16 4.33316864e-16 4.20206833e-16 3.97293581e-16
 3.91129279e-16 3.13669789e-16 3.10071353e-16 3.09729767e-16
 2.79440463e-16 2.64621351e-16 2.50868782e-16 2.26433322e-16
 2.05912347e-16 1.98630673e-16 1.87287804e-16 1.72356491e-16
 1.36798465e-16 1.17961196e-16 1.13843068e-16 1.07133169e-16
 1.00600053e-16 9.85345338e-17 8.77634865e-17 8.39984009e-17
 8.01227673e-17 6.86874444e-17 6.83577561e-17 5.70984547e-17
 5.55111512e-17 4.74926946e-17 3.24100383e-17 2.47602927e-17
 1.46965302e-17 1.04392445e-17 7.18239119e-18 2.13498041e-18
 2.85290324e-19 2.22049788e-18 3.30836403e-18 3.44673553e-18
 5.24583215e-18 5.25529487e-18 1.26122320e-17 1.90812998e-17
 2.81588099e-17 4.75199136e-17 4.98002459e-17 8.39471598e-17
 9.55412405e-17 1.05724443e-16 1.23899391e-16 1.37777170e-16
 1.38297985e-16 1.82650091e-16 2.17955183e-16 2.34568190e-16
 2.46143110e-16 2.80864339e-16 3.30549558e-16 4.08253153e-16
 4.60591786e-16 4.75263512e-16 5.52318240e-16 6.10388443e-16
 6.38846911e-16 6.60442836e-16 6.68189585e-16 7.51649361e-16
 7.76955740e-16 7.79260389e-16 8.01582151e-16 1.01743328e-15
 1.18464214e-15 1.22074351e-15 1.24944373e-15 1.25588286e-15
 1.69809607e-15 1.65055391e-06 4.39421022e-06 2.70225819e-05
 2.95639348e-05 1.20773337e-04 2.84799862e-04 1.57098665e-03
 3.12752321e-03 7.14623012e-03 1.05642777e-02 2.65607234e-02
 9.67561327e-01 1.00037261e+00 1.15759982e+00 1.18238473e+00
 1.57455064e+00 1.98745221e+00 1.98854628e+00 1.99584284e+00
 1.99809713e+00 1.99820819e+00 1.99876623e+00 1.99901796e+00
 1.99920612e+00 1.99955666e+00 1.99972587e+00 1.99978497e+00
 1.99990219e+00 1.99993606e+00 1.99996723e+00 1.99998247e+00
 1.99998514e+00 1.99999429e+00 1.99999548e+00 1.99999813e+00
 1.99999910e+00 1.99999927e+00 1.99999938e+00 1.99999972e+00
 1.99999985e+00 2.00000000e+00 2.00000000e+00 2.00000000e+00
 2.00000000e+00 2.00000000e+00 2.00000000e+00 2.00000000e+00
 2.00000000e+00 2.00000000e+00 2.00000000e+00 2.00000000e+00
 2.00000000e+00 2.00000000e+00 2.00000000e+00 2.00000000e+00
 2.00000000e+00 2.00000000e+00 2.00000000e+00 2.00000000e+00
 2.00000000e+00 2.00000000e+00 2.00000000e+00 2.00000000e+00
 2.00000000e+00 2.00000000e+00 2.00000000e+00 2.00000000e+00
 2.00000000e+00 2.00000000e+00 2.00000000e+00 2.00000000e+00]

	SCF Occupancy Eigenvalues for Fragment Number : # 1
	[1.99915513e-15 1.89062265e-15 1.72706419e-15 1.64829223e-15
 1.59622472e-15 1.52748710e-15 1.40978711e-15 1.17029257e-15
 9.81888813e-16 9.68211943e-16 9.14206311e-16 9.13533703e-16
 7.69418244e-16 7.54776667e-16 7.34495727e-16 6.84861939e-16
 6.68721280e-16 6.34442516e-16 6.19797740e-16 5.99993737e-16
 5.79911699e-16 5.39422582e-16 4.91604590e-16 4.77572748e-16
 4.76794627e-16 4.67623949e-16 4.31015915e-16 4.24358368e-16
 4.23026704e-16 4.11846129e-16 3.76304264e-16 3.53874195e-16
 3.51517535e-16 3.49628780e-16 3.14980408e-16 2.71731317e-16
 2.55957528e-16 2.51220384e-16 2.14888871e-16 1.94531275e-16
 1.84784678e-16 1.41621252e-16 1.36342076e-16 1.33002100e-16
 1.23706123e-16 1.02583110e-16 9.90072571e-17 8.38998247e-17
 7.54129615e-17 5.40152830e-17 4.44362774e-17 3.70781853e-17
 2.45491708e-17 1.67515369e-17 1.46879984e-17 1.30919883e-17
 9.12167632e-18 8.02727290e-18 3.65016750e-18 2.68742854e-18
 1.48581801e-18 1.26083000e-18 5.46578141e-19 2.80887755e-19
 1.07082222e-18 1.90513850e-18 2.28824483e-18 2.50618196e-18
 3.58593792e-18 6.56712453e-18 7.74265354e-18 1.03848623e-17
 1.23734830e-17 1.42507507e-17 1.79466425e-17 4.45121698e-17
 4.80589545e-17 6.05157281e-17 6.08211213e-17 7.94809121e-17
 8.55413598e-17 9.22232810e-17 1.01670021e-16 1.41108418e-16
 1.60579454e-16 1.82636783e-16 1.84720379e-16 1.96863479e-16
 2.32348744e-16 2.35922393e-16 2.60213515e-16 2.73317981e-16
 2.91525990e-16 2.91771810e-16 2.93660990e-16 3.46465378e-16
 3.59128550e-16 3.62271055e-16 3.94752019e-16 4.29677409e-16
 4.82431711e-16 5.48101892e-16 6.24712493e-16 6.37511069e-16
 7.05020021e-16 7.33053903e-16 7.35364303e-16 7.49995567e-16
 1.00615362e-15 1.01410345e-15 1.03209249e-15 1.05657858e-15
 1.05670963e-15 1.13768560e-15 1.15118020e-15 1.21442866e-15
 1.26436048e-15 1.33970992e-15 2.09883449e-15 2.16862560e-15
 2.39563411e-05 1.46800848e-02 2.31132896e-02 1.00192807e+00
 1.03514134e+00 1.98440762e+00 1.99023881e+00 1.99759203e+00
 1.99912519e+00 1.99939774e+00 1.99971056e+00 1.99989906e+00
 1.99993419e+00 2.00000000e+00 2.00000000e+00 2.00000000e+00
 2.00000000e+00 2.00000000e+00 2.00000000e+00 2.00000000e+00
 2.00000000e+00 2.00000000e+00 2.00000000e+00 2.00000000e+00
 2.00000000e+00 2.00000000e+00 2.00000000e+00 2.00000000e+00
 2.00000000e+00 2.00000000e+00 2.00000000e+00 2.00000000e+00
 2.00000000e+00 2.00000000e+00 2.00000000e+00 2.00000000e+00
 2.00000000e+00 2.00000000e+00 2.00000000e+00 2.00000000e+00
 2.00000000e+00 2.00000000e+00 2.00000000e+00 2.00000000e+00
 2.00000000e+00 2.00000000e+00 2.00000000e+00 2.00000000e+00
 2.00000000e+00 2.00000000e+00 2.00000000e+00 2.00000000e+00
 2.00000000e+00 2.00000000e+00 2.00000000e+00 2.00000000e+00
 2.00000000e+00 2.00000000e+00 2.00000000e+00 2.00000000e+00
 2.00000000e+00 2.00000000e+00 2.00000000e+00 2.00000000e+00
 2.00000000e+00 2.00000000e+00 2.00000000e+00 2.00000000e+00
 2.00000000e+00 2.00000000e+00 2.00000000e+00]

	SCF Occupancy Eigenvalues for Fragment Number : # 2
	[1.83797934e-15 1.21072722e-15 9.90440241e-16 9.17462558e-16
 8.19769059e-16 7.45996436e-16 7.31385238e-16 6.70527558e-16
 6.42954299e-16 6.20856429e-16 5.99996396e-16 5.66361525e-16
 5.13211540e-16 4.03136984e-16 3.92950248e-16 3.56640322e-16
 3.06834781e-16 2.85744657e-16 2.58666732e-16 2.16269252e-16
 2.09328974e-16 2.00891638e-16 1.89212196e-16 1.86636031e-16
 1.61852701e-16 1.34573684e-16 1.29592653e-16 1.02315166e-16
 7.70981768e-17 7.34847709e-17 6.99754073e-17 5.88507876e-17
 5.74896625e-17 5.71575984e-17 5.00560863e-17 4.78799927e-17
 3.01736929e-17 2.97782903e-17 2.72612195e-17 1.08414446e-17
 8.71307833e-18 4.28668893e-18 2.32825231e-19 1.99077816e-18
 2.32918259e-18 6.07239359e-18 8.78199512e-18 1.34749705e-17
 2.27987240e-17 3.90443121e-17 4.60601115e-17 4.92709769e-17
 5.30745131e-17 6.16328077e-17 7.49569337e-17 9.05803372e-17
 1.11140038e-16 1.15608118e-16 1.36165445e-16 2.06789177e-16
 2.35687843e-16 2.55381690e-16 2.72610987e-16 2.78921439e-16
 3.31019196e-16 3.42059374e-16 3.57967714e-16 4.04677416e-16
 4.91129194e-16 5.15893510e-16 5.70128690e-16 5.88056586e-16
 6.54009788e-16 7.10359177e-16 7.26367606e-16 7.53261413e-16
 8.59668841e-16 9.66746360e-16 1.07441848e-15 1.20281288e-15
 1.46574307e-15 1.92964075e-15 6.25633317e-09 3.08856506e-08
 7.50745212e-08 2.95225907e-07 5.93457536e-07 2.80015047e-06
 4.90743441e-06 1.09064828e-05 2.32186876e-05 6.08910941e-05
 8.38929578e-05 1.44566155e-04 2.69853423e-04 5.90772842e-04
 1.24023291e-03 5.87400911e-03 1.44016315e-02 9.79023400e-01
 1.97397571e+00 1.98274696e+00 1.99005041e+00 1.99712893e+00
 1.99834883e+00 1.99952964e+00 1.99970543e+00 1.99991598e+00
 1.99995010e+00 1.99997944e+00 1.99998665e+00 1.99998976e+00
 1.99999502e+00 1.99999765e+00 1.99999827e+00 1.99999902e+00
 1.99999952e+00 1.99999963e+00 1.99999971e+00 1.99999993e+00
 1.99999996e+00 1.99999997e+00 1.99999997e+00 1.99999999e+00
 1.99999999e+00 1.99999999e+00 2.00000000e+00 2.00000000e+00
 2.00000000e+00 2.00000000e+00 2.00000000e+00 2.00000000e+00
 2.00000000e+00 2.00000000e+00 2.00000000e+00 2.00000000e+00
 2.00000000e+00 2.00000000e+00 2.00000000e+00 2.00000000e+00
 2.00000000e+00 2.00000000e+00 2.00000000e+00 2.00000000e+00
 2.00000000e+00 2.00000000e+00 2.00000000e+00 2.00000000e+00
 2.00000000e+00 2.00000000e+00 2.00000000e+00 2.00000000e+00
 2.00000000e+00]

	SCF Occupancy Eigenvalues for Fragment Number : # 3
	[2.41577570e-15 1.40294920e-15 1.36057369e-15 1.34537230e-15
 1.20954197e-15 1.15242965e-15 1.02195102e-15 1.00838313e-15
 9.67159470e-16 9.46837311e-16 9.44146293e-16 8.30811636e-16
 8.02919052e-16 7.74462380e-16 7.42030673e-16 7.18861285e-16
 6.82880067e-16 6.39569953e-16 6.14915745e-16 5.83233409e-16
 5.74063670e-16 5.24348471e-16 5.06552882e-16 4.42919261e-16
 4.25684707e-16 4.21807329e-16 4.09751593e-16 3.89115888e-16
 3.84221200e-16 3.29388551e-16 2.83013051e-16 2.58499377e-16
 2.23765909e-16 2.11986122e-16 2.09458032e-16 1.77590011e-16
 1.74813201e-16 1.48777934e-16 1.44312764e-16 1.38416022e-16
 1.24574830e-16 1.16319172e-16 9.33884614e-17 8.51651060e-17
 8.19738754e-17 7.51930510e-17 7.42105980e-17 5.40915663e-17
 5.04598499e-17 4.87314796e-17 3.82597467e-17 2.83810310e-17
 2.67119241e-17 2.27870073e-17 2.08143291e-17 1.72379156e-17
 1.42452719e-17 9.55901520e-18 4.79001722e-18 4.16016385e-18
 2.89995573e-18 1.84356250e-18 8.45782226e-19 2.75298499e-19
 8.83883936e-19 1.34296959e-18 1.94502913e-18 3.07851297e-18
 5.33774455e-18 7.31635133e-18 7.71626811e-18 8.47597718e-18
 1.01166396e-17 1.19484130e-17 1.21430643e-17 2.03259412e-17
 2.39720085e-17 4.01018665e-17 4.27188108e-17 7.65286257e-17
 7.68750713e-17 9.10822267e-17 9.70454172e-17 1.32958027e-16
 1.37949573e-16 1.53787931e-16 2.04126305e-16 2.07837086e-16
 2.08890035e-16 2.14939411e-16 2.48859325e-16 2.80770382e-16
 3.02199903e-16 3.65463610e-16 3.66946790e-16 3.94169524e-16
 4.54092422e-16 4.67684028e-16 4.84943711e-16 5.00349218e-16
 5.80444304e-16 6.34291664e-16 6.82378237e-16 7.27513227e-16
 7.72027379e-16 7.83748044e-16 7.99920154e-16 8.11203810e-16
 9.39353260e-16 1.01641314e-15 1.02992495e-15 1.04299436e-15
 1.17107492e-15 1.20094341e-15 1.22138631e-15 1.32123658e-15
 1.34014326e-15 1.37776055e-15 1.60895355e-15 1.68278164e-15
 2.29189670e-05 1.31371214e-02 2.87236659e-02 1.00984248e+00
 1.03946300e+00 1.97453481e+00 1.99092155e+00 1.99772852e+00
 1.99904963e+00 1.99942956e+00 1.99964035e+00 1.99985230e+00
 1.99993774e+00 2.00000000e+00 2.00000000e+00 2.00000000e+00
 2.00000000e+00 2.00000000e+00 2.00000000e+00 2.00000000e+00
 2.00000000e+00 2.00000000e+00 2.00000000e+00 2.00000000e+00
 2.00000000e+00 2.00000000e+00 2.00000000e+00 2.00000000e+00
 2.00000000e+00 2.00000000e+00 2.00000000e+00 2.00000000e+00
 2.00000000e+00 2.00000000e+00 2.00000000e+00 2.00000000e+00
 2.00000000e+00 2.00000000e+00 2.00000000e+00 2.00000000e+00
 2.00000000e+00 2.00000000e+00 2.00000000e+00 2.00000000e+00
 2.00000000e+00 2.00000000e+00 2.00000000e+00 2.00000000e+00
 2.00000000e+00 2.00000000e+00 2.00000000e+00 2.00000000e+00
 2.00000000e+00 2.00000000e+00 2.00000000e+00 2.00000000e+00
 2.00000000e+00 2.00000000e+00 2.00000000e+00 2.00000000e+00
 2.00000000e+00 2.00000000e+00 2.00000000e+00 2.00000000e+00
 2.00000000e+00 2.00000000e+00 2.00000000e+00 2.00000000e+00
 2.00000000e+00 2.00000000e+00 2.00000000e+00]

	SCF Occupancy Eigenvalues for Fragment Number : # 4
	[1.43829935e-15 1.43154167e-15 1.36504332e-15 1.24060466e-15
 1.12332592e-15 8.67633888e-16 8.61055626e-16 8.41032190e-16
 8.10988998e-16 7.53247482e-16 6.78162951e-16 6.60827702e-16
 5.76362232e-16 5.50179798e-16 5.30257374e-16 4.43355261e-16
 4.41734362e-16 4.05363567e-16 4.05201398e-16 3.94937388e-16
 3.93002387e-16 3.49996473e-16 3.37263936e-16 2.91129978e-16
 2.83570490e-16 2.61481321e-16 1.97065425e-16 1.83122953e-16
 1.64171574e-16 1.51720645e-16 1.49512370e-16 1.49298778e-16
 1.38280221e-16 1.03811814e-16 5.92535021e-17 4.46965906e-17
 4.26825036e-17 3.25492940e-17 1.54680353e-17 5.32301726e-18
 1.00436141e-18 3.49325397e-18 8.73227745e-18 1.78347212e-17
 2.17431997e-17 2.70979128e-17 2.80300143e-17 3.15137468e-17
 5.23526021e-17 5.39805796e-17 7.32779161e-17 8.57771617e-17
 8.66550900e-17 9.89342585e-17 1.18446390e-16 1.23457155e-16
 1.40952423e-16 1.44502401e-16 1.77766592e-16 1.88266247e-16
 1.98396695e-16 2.09589937e-16 2.41118580e-16 2.79093343e-16
 3.13332739e-16 3.15351442e-16 3.34920977e-16 3.94625958e-16
 4.38088179e-16 4.56060210e-16 5.12973892e-16 5.19550099e-16
 5.56407490e-16 5.95035173e-16 6.65440265e-16 6.70105656e-16
 7.82505778e-16 8.07249785e-16 9.34205037e-16 1.02310593e-15
 1.10907274e-15 1.22439908e-15 2.16197029e-08 7.13012351e-08
 1.79986104e-07 4.82362525e-07 9.55063332e-07 3.26037588e-06
 6.10793928e-06 1.00187298e-05 2.44439856e-05 6.37305375e-05
 8.64578261e-05 1.86368813e-04 2.86414762e-04 7.25349574e-04
 1.48651266e-03 6.11891458e-03 1.17713497e-02 9.69575741e-01
 1.97861522e+00 1.98141444e+00 1.99053062e+00 1.99690799e+00
 1.99846058e+00 1.99902657e+00 1.99968650e+00 1.99975621e+00
 1.99991713e+00 1.99996138e+00 1.99998361e+00 1.99998861e+00
 1.99999427e+00 1.99999485e+00 1.99999703e+00 1.99999850e+00
 1.99999935e+00 1.99999964e+00 1.99999974e+00 1.99999987e+00
 1.99999989e+00 1.99999994e+00 1.99999995e+00 1.99999998e+00
 1.99999998e+00 1.99999999e+00 1.99999999e+00 2.00000000e+00
 2.00000000e+00 2.00000000e+00 2.00000000e+00 2.00000000e+00
 2.00000000e+00 2.00000000e+00 2.00000000e+00 2.00000000e+00
 2.00000000e+00 2.00000000e+00 2.00000000e+00 2.00000000e+00
 2.00000000e+00 2.00000000e+00 2.00000000e+00 2.00000000e+00
 2.00000000e+00 2.00000000e+00 2.00000000e+00 2.00000000e+00
 2.00000000e+00 2.00000000e+00 2.00000000e+00 2.00000000e+00
 2.00000000e+00]

	SCF Occupancy Eigenvalues for Fragment Number : # 5
	[2.22007626e-15 1.58674322e-15 1.45016835e-15 1.28798129e-15
 1.27073288e-15 1.08126205e-15 1.04603826e-15 9.04432778e-16
 8.65878343e-16 8.21136747e-16 8.10271326e-16 7.10311223e-16
 6.82999099e-16 6.50541540e-16 5.86432212e-16 5.56838160e-16
 5.50039149e-16 5.25704408e-16 5.22751551e-16 4.29430066e-16
 3.44269518e-16 3.35555384e-16 3.28023904e-16 3.24951533e-16
 3.03215527e-16 2.79749062e-16 2.54158191e-16 2.27286760e-16
 2.05967210e-16 1.93129490e-16 1.75769530e-16 1.56781319e-16
 1.32145273e-16 1.30587510e-16 1.15751797e-16 1.06873641e-16
 9.44586903e-17 6.15140603e-17 5.04494648e-17 4.66598687e-17
 4.03394180e-17 2.69628384e-17 2.42580912e-17 1.61060587e-17
 8.31495225e-18 6.31570120e-18 4.65950723e-18 2.16033070e-18
 1.25139574e-18 1.76306296e-19 7.75451014e-19 1.94849144e-18
 3.11296480e-18 4.86363387e-18 5.27011031e-18 9.57989906e-18
 1.11402232e-17 2.06456445e-17 3.56094436e-17 4.98636898e-17
 5.41128864e-17 7.17806387e-17 7.84841472e-17 9.60548161e-17
 1.18623099e-16 1.29670580e-16 1.57736125e-16 1.82947421e-16
 2.16646734e-16 2.44919097e-16 2.53577110e-16 2.56070771e-16
 2.79008459e-16 3.15330689e-16 3.33312869e-16 3.34881066e-16
 3.62325757e-16 3.77864232e-16 4.18981178e-16 4.34638733e-16
 4.99915581e-16 5.05318285e-16 5.27123597e-16 5.28383123e-16
 6.05105061e-16 6.15294825e-16 6.64245513e-16 6.74723016e-16
 7.08572006e-16 7.46956179e-16 8.17768125e-16 8.33575797e-16
 9.61562406e-16 1.11022704e-15 1.16466852e-15 1.32402821e-15
 2.15223215e-15 1.61369852e-06 2.85368772e-06 1.25191197e-05
 3.27694371e-05 1.66066794e-04 5.39326223e-04 6.24281987e-04
 1.32653036e-03 1.97089219e-03 9.64225073e-03 1.41257119e-02
 2.13501654e-02 4.02933641e-02 4.05408248e-01 8.18373122e-01
 8.33489252e-01 1.99059753e+00 1.99592835e+00 1.99859367e+00
 1.99883149e+00 1.99919478e+00 1.99953557e+00 1.99967519e+00
 1.99978373e+00 1.99982906e+00 1.99988426e+00 1.99992910e+00
 1.99995797e+00 1.99997738e+00 1.99998760e+00 1.99999066e+00
 1.99999620e+00 1.99999842e+00 1.99999878e+00 1.99999937e+00
 1.99999979e+00 2.00000000e+00 2.00000000e+00 2.00000000e+00
 2.00000000e+00 2.00000000e+00 2.00000000e+00 2.00000000e+00
 2.00000000e+00 2.00000000e+00 2.00000000e+00 2.00000000e+00
 2.00000000e+00 2.00000000e+00 2.00000000e+00 2.00000000e+00
 2.00000000e+00 2.00000000e+00 2.00000000e+00 2.00000000e+00
 2.00000000e+00 2.00000000e+00 2.00000000e+00 2.00000000e+00
 2.00000000e+00 2.00000000e+00 2.00000000e+00 2.00000000e+00
 2.00000000e+00 2.00000000e+00 2.00000000e+00 2.00000000e+00
 2.00000000e+00 2.00000000e+00 2.00000000e+00 2.00000000e+00]

		Fragment Number : #  1
		------------------------
		CCSD diag: n_active_mos=80, n_active_electrons=80, trace(onerdm)=80.0
		Fragment Energy = -447.02058434240035
		Number of Electrons in Fragment = 26.171260635173866
		Fragment Number : #  2
		------------------------
		CCSD diag: n_active_mos=26, n_active_electrons=26, trace(onerdm)=26.000000000000004
		Fragment Energy = -125.71434559446227
		Number of Electrons in Fragment = 7.972659224770194
		Fragment Number : #  3
		------------------------
		CCSD diag: n_active_mos=102, n_active_electrons=102, trace(onerdm)=101.99999999999999
		Fragment Energy = -572.9889180222431
		Number of Electrons in Fragment = 35.062598875787224
		Fragment Number : #  4
		------------------------
		CCSD diag: n_active_mos=26, n_active_electrons=26, trace(onerdm)=26.0
		Fragment Energy = -125.1494652993392
		Number of Electrons in Fragment = 7.966313836281585
		Fragment Number : #  5
		------------------------
		CCSD diag: n_active_mos=102, n_active_electrons=102, trace(onerdm)=102.0
		Fragment Energy = -579.3151860051845
		Number of Electrons in Fragment = 35.069515391107295
Fragment: n_homo=35, n_lumo=36, kept=[34, 35, 36, 37]
		Fragment Number : #  6
		------------------------
[AccountManager] SQD Call 1: Using account 1 (1/20)
Pass: Decompose - 1.37067 (ms)Pass: MergeOrbitalRotations - 0.63825 (ms)Pass: UnitarySynthesis - 0.01335 (ms)Pass: HighLevelSynthesis - 188.51972 (ms)Pass: BasisTranslator - 0.12636 (ms)Pass: ElidePermutations - 0.00715 (ms)Pass: RemoveDiagonalGatesBeforeMeasure - 0.00978 (ms)Pass: RemoveIdentityEquivalent - 0.02003 (ms)Pass: InverseCancellation - 0.02551 (ms)Pass: ContractIdleWiresInControlFlow - 0.00286 (ms)Pass: CommutativeCancellation - 0.14329 (ms)Pass: ConsolidateBlocks - 0.58293 (ms)Pass: Split2QUnitaries - 0.00429 (ms)Pass: SetLayout - 0.03195 (ms)Pass: FullAncillaAllocation - 0.24867 (ms)Pass: EnlargeWithAncilla - 0.13304 (ms)Pass: ApplyLayout - 0.50402 (ms)Pass: CheckMap - 0.16403 (ms)Pass: BarrierBeforeFinalMeasurements - 2.40254 (ms)Pass: SabreSwap - 6.20294 (ms)Pass: FilterOpNodes - 0.49996 (ms)Pass: UnitarySynthesis - 0.02217 (ms)Pass: HighLevelSynthesis - 0.09584 (ms)Pass: BasisTranslator - 5.14483 (ms)Pass: Depth - 0.24486 (ms)Pass: Size - 0.00525 (ms)Pass: MinimumPoint - 0.01693 (ms)Pass: ConsolidateBlocks - 3.41392 (ms)Pass: UnitarySynthesis - 4.35376 (ms)Pass: RemoveIdentityEquivalent - 0.10967 (ms)Pass: Optimize1qGatesDecomposition - 0.66948 (ms)Pass: CommutativeCancellation - 0.80466 (ms)Pass: ContractIdleWiresInControlFlow - 0.00310 (ms)Pass: GatesInBasis - 0.14925 (ms)Pass: Depth - 0.14400 (ms)Pass: Size - 0.00262 (ms)Pass: MinimumPoint - 0.24009 (ms)Pass: ConsolidateBlocks - 1.46770 (ms)Pass: UnitarySynthesis - 1.18780 (ms)Pass: RemoveIdentityEquivalent - 0.07534 (ms)Pass: Optimize1qGatesDecomposition - 0.48876 (ms)Pass: CommutativeCancellation - 0.55528 (ms)Pass: ContractIdleWiresInControlFlow - 0.00262 (ms)Pass: GatesInBasis - 0.16499 (ms)Pass: Depth - 0.11921 (ms)Pass: Size - 0.00238 (ms)Pass: MinimumPoint - 0.16594 (ms)Pass: ConsolidateBlocks - 1.32871 (ms)Pass: UnitarySynthesis - 0.72694 (ms)Pass: RemoveIdentityEquivalent - 0.06199 (ms)Pass: Optimize1qGatesDecomposition - 0.45705 (ms)Pass: CommutativeCancellation - 0.57244 (ms)Pass: ContractIdleWiresInControlFlow - 0.00262 (ms)Pass: GatesInBasis - 0.13041 (ms)Pass: Depth - 0.12803 (ms)Pass: Size - 0.00262 (ms)Pass: MinimumPoint - 0.00548 (ms)Pass: ContainsInstruction - 0.00834 (ms)Pass: InstructionDurationCheck - 0.00453 (ms)