Initial N–C distance: 1.511 Å

=== Running DMET + VQE for N–CO₂ distance = 1.90 Å ===

WARN: ECP not specified. The basis set CRENBL include an ECP. Recommended ECP: CRENBL.

/home/bhabani/Kishore/Tangelo_2.0/tangelo/problem_decomposition/dmet/dmet_problem_decomposition.py:155: RuntimeWarning: The mean field will be recomputed even if one has been provided by the user.
  warnings.warn("The mean field will be recomputed even if one has been provided by the user.", RuntimeWarning)
 	Iteration =  1
 	----------------
 
	SCF Occupancy Eigenvalues for Fragment Number : # 0
	[1.90812386e-15 1.51887451e-15 1.12843766e-15 1.08030730e-15
 1.02546956e-15 8.91878075e-16 8.59981675e-16 8.53611862e-16
 7.28093198e-16 7.16788476e-16 6.83486842e-16 6.67264255e-16
 6.54454535e-16 5.85230657e-16 5.83749263e-16 5.37873341e-16
 4.97345078e-16 4.79233590e-16 4.46253499e-16 3.89348208e-16
 3.27332535e-16 2.88771098e-16 2.86502116e-16 2.39263298e-16
 2.37248614e-16 2.14366778e-16 1.93023281e-16 1.81934518e-16
 1.56844414e-16 1.48910399e-16 1.47696897e-16 1.19691473e-16
 9.64103761e-17 8.14953916e-17 5.36542928e-17 4.64008064e-17
 4.62588525e-17 3.34402868e-17 2.33143303e-17 2.11605604e-17
 8.48432590e-18 5.84429892e-18 4.05705428e-18 2.85318718e-18
 2.03030820e-18 1.15649090e-18 2.01131933e-19 3.02871596e-18
 5.59636641e-18 2.17940281e-17 3.51178554e-17 3.77431315e-17
 3.81639165e-17 4.13715767e-17 4.84005758e-17 4.94396191e-17
 5.98157873e-17 6.86985260e-17 8.08255654e-17 8.34449782e-17
 1.14994014e-16 1.21545001e-16 1.41449290e-16 1.42408786e-16
 1.48207116e-16 1.65729576e-16 1.70327276e-16 1.73511125e-16
 1.77457878e-16 1.82637285e-16 1.96395465e-16 2.21364047e-16
 2.48747205e-16 3.51383422e-16 3.68029138e-16 3.98871272e-16
 4.58792206e-16 4.72709481e-16 5.40958223e-16 5.41820136e-16
 6.38423388e-16 6.66859631e-16 6.93135717e-16 7.39146707e-16
 7.51824010e-16 7.96658561e-16 8.91074078e-16 9.28781272e-16
 1.16025411e-15 1.16482362e-15 1.20291944e-15 1.30604586e-15
 1.51932365e-15 1.59127356e-06 3.79230991e-06 1.95930005e-05
 2.29802105e-05 1.33578950e-04 2.86799924e-04 1.54335306e-03
 3.16097016e-03 5.97963344e-03 1.37643217e-02 3.06759223e-02
 9.81196720e-01 1.01271143e+00 1.14751516e+00 1.16263280e+00
 1.50301762e+00 1.98394048e+00 1.98865846e+00 1.99580937e+00
 1.99776369e+00 1.99804726e+00 1.99900899e+00 1.99948622e+00
 1.99953584e+00 1.99973897e+00 1.99986550e+00 1.99994615e+00
 1.99995743e+00 1.99996418e+00 1.99997997e+00 1.99998773e+00
 1.99999096e+00 1.99999640e+00 1.99999696e+00 1.99999841e+00
 1.99999940e+00 1.99999949e+00 1.99999961e+00 1.99999980e+00
 1.99999991e+00 2.00000000e+00 2.00000000e+00 2.00000000e+00
 2.00000000e+00 2.00000000e+00 2.00000000e+00 2.00000000e+00
 2.00000000e+00 2.00000000e+00 2.00000000e+00 2.00000000e+00
 2.00000000e+00 2.00000000e+00 2.00000000e+00 2.00000000e+00
 2.00000000e+00 2.00000000e+00 2.00000000e+00 2.00000000e+00
 2.00000000e+00 2.00000000e+00 2.00000000e+00 2.00000000e+00
 2.00000000e+00 2.00000000e+00 2.00000000e+00 2.00000000e+00
 2.00000000e+00 2.00000000e+00 2.00000000e+00 2.00000000e+00]

	SCF Occupancy Eigenvalues for Fragment Number : # 1
	[1.92030376e-15 1.65231602e-15 1.48737798e-15 1.48647882e-15
 1.41249059e-15 1.36860605e-15 1.28735787e-15 1.22640046e-15
 1.04612809e-15 1.03221027e-15 9.73257935e-16 9.16735771e-16
 8.48572090e-16 8.31748669e-16 8.24921796e-16 8.23766025e-16
 8.05297472e-16 7.00157614e-16 6.65134123e-16 6.51175987e-16
 6.20666755e-16 5.95695089e-16 5.69018838e-16 5.46256619e-16
 5.21033499e-16 4.71542236e-16 4.44863763e-16 4.36317596e-16
 3.73109243e-16 3.68967869e-16 3.40919256e-16 3.00363158e-16
 2.59523002e-16 2.53102836e-16 2.41060733e-16 2.15184077e-16
 2.12560472e-16 2.02974633e-16 1.95070480e-16 1.68942420e-16
 1.53448887e-16 1.30835637e-16 1.30742680e-16 9.96229402e-17
 8.84708973e-17 7.51627801e-17 5.01276581e-17 4.87299797e-17
 4.51800869e-17 3.45585145e-17 2.83515928e-17 2.18957995e-17
 1.50883984e-17 1.12225549e-17 9.12539119e-18 6.13234520e-18
 3.57148992e-18 1.95602781e-18 1.52829787e-18 1.02039481e-18
 5.38545673e-19 1.50945797e-19 3.84142711e-19 8.25673152e-19
 1.77258487e-18 2.09522405e-18 2.73540376e-18 4.47790184e-18
 5.36999808e-18 6.12353726e-18 7.89885063e-18 9.74307695e-18
 1.12458479e-17 1.24988110e-17 2.04502157e-17 2.91685135e-17
 3.30968200e-17 4.46284295e-17 6.42183420e-17 7.19304596e-17
 7.55533512e-17 1.12301178e-16 1.35566848e-16 1.44230367e-16
 1.56582011e-16 1.65051245e-16 1.78874480e-16 2.21177243e-16
 2.25047639e-16 2.80757267e-16 2.86398247e-16 3.17754559e-16
 3.25738321e-16 3.36371327e-16 3.50894707e-16 3.54716216e-16
 4.09820683e-16 4.13323972e-16 4.30693150e-16 4.51920087e-16
 4.87918853e-16 4.92265880e-16 5.41274704e-16 5.69574993e-16
 5.90381061e-16 6.21523284e-16 6.69665396e-16 6.87469996e-16
 7.03124979e-16 7.32055273e-16 7.50080152e-16 7.73999541e-16
 8.21588806e-16 1.17162242e-15 1.18197825e-15 1.21145818e-15
 1.29514541e-15 1.38376571e-15 1.48499339e-15 2.10743445e-15
 2.31138071e-05 1.51534180e-02 2.40788210e-02 9.95317094e-01
 1.03388855e+00 1.98604684e+00 1.99030142e+00 1.99850301e+00
 1.99916896e+00 1.99946517e+00 1.99969998e+00 1.99990043e+00
 1.99994082e+00 2.00000000e+00 2.00000000e+00 2.00000000e+00
 2.00000000e+00 2.00000000e+00 2.00000000e+00 2.00000000e+00
 2.00000000e+00 2.00000000e+00 2.00000000e+00 2.00000000e+00
 2.00000000e+00 2.00000000e+00 2.00000000e+00 2.00000000e+00
 2.00000000e+00 2.00000000e+00 2.00000000e+00 2.00000000e+00
 2.00000000e+00 2.00000000e+00 2.00000000e+00 2.00000000e+00
 2.00000000e+00 2.00000000e+00 2.00000000e+00 2.00000000e+00
 2.00000000e+00 2.00000000e+00 2.00000000e+00 2.00000000e+00
 2.00000000e+00 2.00000000e+00 2.00000000e+00 2.00000000e+00
 2.00000000e+00 2.00000000e+00 2.00000000e+00 2.00000000e+00
 2.00000000e+00 2.00000000e+00 2.00000000e+00 2.00000000e+00
 2.00000000e+00 2.00000000e+00 2.00000000e+00 2.00000000e+00
 2.00000000e+00 2.00000000e+00 2.00000000e+00 2.00000000e+00
 2.00000000e+00 2.00000000e+00 2.00000000e+00 2.00000000e+00
 2.00000000e+00 2.00000000e+00 2.00000000e+00]

	SCF Occupancy Eigenvalues for Fragment Number : # 2
	[1.97551058e-15 1.69387139e-15 1.33464000e-15 1.24024369e-15
 1.15845215e-15 1.12410712e-15 1.10220282e-15 9.15902177e-16
 9.01804054e-16 7.35952180e-16 6.71793738e-16 6.66765591e-16
 6.48892203e-16 5.81932561e-16 5.53706996e-16 4.97694160e-16
 4.25500100e-16 3.65278405e-16 3.33442839e-16 3.18090455e-16
 2.98372438e-16 2.82890578e-16 2.58460577e-16 2.32906169e-16
 2.08718562e-16 1.90371411e-16 1.73409275e-16 1.34126425e-16
 1.15882175e-16 1.04777079e-16 9.30741748e-17 8.88307857e-17
 6.87727773e-17 5.30346333e-17 4.56350902e-17 3.70116713e-17
 2.62213785e-17 1.86962250e-17 1.42925970e-17 1.15967028e-17
 5.85262321e-18 1.04900267e-18 5.52993532e-19 1.49178378e-18
 8.62265640e-18 9.12075934e-18 1.41154823e-17 2.12974585e-17
 2.59101382e-17 2.66991967e-17 3.30654965e-17 3.60993696e-17
 4.08220154e-17 4.76008117e-17 5.55111512e-17 6.82949369e-17
 6.90363638e-17 1.42072320e-16 1.60493935e-16 1.79551742e-16
 1.83249517e-16 1.83372538e-16 2.09678083e-16 2.65214995e-16
 2.73458741e-16 3.02173327e-16 3.41241111e-16 3.88941404e-16
 3.94313614e-16 4.15691663e-16 4.54506386e-16 4.61051212e-16
 4.91924088e-16 5.90154369e-16 6.07552138e-16 6.23184451e-16
 7.64132972e-16 7.84659840e-16 8.28589631e-16 8.33801997e-16
 1.13782412e-15 1.39109733e-15 4.74631485e-09 1.99251205e-08
 4.09024570e-08 2.08890261e-07 5.61967153e-07 2.34651570e-06
 4.54934703e-06 9.65979859e-06 1.91901702e-05 5.45952847e-05
 7.64010617e-05 1.27480742e-04 2.57369841e-04 3.48314137e-04
 1.00137264e-03 5.83637110e-03 1.37393581e-02 9.70167068e-01
 1.98144116e+00 1.98247909e+00 1.98953220e+00 1.99704400e+00
 1.99934053e+00 1.99953874e+00 1.99978966e+00 1.99993535e+00
 1.99995735e+00 1.99998340e+00 1.99999029e+00 1.99999319e+00
 1.99999561e+00 1.99999769e+00 1.99999867e+00 1.99999948e+00
 1.99999963e+00 1.99999983e+00 1.99999991e+00 1.99999996e+00
 1.99999998e+00 1.99999998e+00 1.99999999e+00 1.99999999e+00
 2.00000000e+00 2.00000000e+00 2.00000000e+00 2.00000000e+00
 2.00000000e+00 2.00000000e+00 2.00000000e+00 2.00000000e+00
 2.00000000e+00 2.00000000e+00 2.00000000e+00 2.00000000e+00
 2.00000000e+00 2.00000000e+00 2.00000000e+00 2.00000000e+00
 2.00000000e+00 2.00000000e+00 2.00000000e+00 2.00000000e+00
 2.00000000e+00 2.00000000e+00 2.00000000e+00 2.00000000e+00
 2.00000000e+00 2.00000000e+00 2.00000000e+00 2.00000000e+00
 2.00000000e+00]

	SCF Occupancy Eigenvalues for Fragment Number : # 3
	[2.38972183e-15 1.78713006e-15 1.78454052e-15 1.76829771e-15
 1.59628836e-15 1.50092148e-15 1.34646387e-15 1.34103819e-15
 1.26410649e-15 1.11713291e-15 1.02801221e-15 9.59007307e-16
 9.44798457e-16 9.17175809e-16 9.08927953e-16 8.87103413e-16
 8.77060552e-16 8.03032526e-16 7.98985387e-16 7.71283211e-16
 7.43362503e-16 7.26876707e-16 7.06459765e-16 6.45227297e-16
 6.37177951e-16 5.76051737e-16 5.62961595e-16 4.98288444e-16
 4.96578335e-16 3.97295851e-16 3.40635727e-16 3.31001588e-16
 3.00870113e-16 2.77971573e-16 2.73295731e-16 2.68005017e-16
 2.45631448e-16 2.35021973e-16 1.86769514e-16 1.75662110e-16
 1.68783555e-16 1.68391886e-16 1.41822322e-16 1.26111250e-16
 1.11156209e-16 1.00699307e-16 9.96181008e-17 9.69309655e-17
 7.34984481e-17 5.11078179e-17 4.29590414e-17 2.57585797e-17
 2.22476026e-17 2.15615575e-17 1.84713145e-17 1.66699893e-17
 8.83048578e-18 7.23436304e-18 3.54336708e-18 2.94421874e-18
 2.88683448e-18 2.06502818e-18 1.50165485e-18 8.83993347e-19
 0.00000000e+00 3.57120512e-19 9.17130548e-19 9.52048795e-19
 1.22451326e-18 1.55932741e-18 2.08929167e-18 3.26207968e-18
 4.41597505e-18 4.43551058e-18 5.56659891e-18 6.97490914e-18
 1.08803399e-17 1.55729154e-17 2.12611691e-17 4.10057577e-17
 4.69400248e-17 4.98945415e-17 6.54858112e-17 7.85534036e-17
 9.48959235e-17 1.04848815e-16 1.18542893e-16 1.20377215e-16
 1.29131847e-16 1.52611383e-16 1.76758262e-16 1.89170442e-16
 2.83028594e-16 2.97350226e-16 3.04292536e-16 3.11746450e-16
 3.40882105e-16 3.72833614e-16 4.05946283e-16 4.16626312e-16
 4.52508085e-16 4.79790579e-16 4.94312805e-16 5.59880957e-16
 6.01883778e-16 6.12002431e-16 6.51836235e-16 7.59681711e-16
 8.87872922e-16 9.05731366e-16 9.11747906e-16 9.77199530e-16
 9.96018240e-16 1.06257977e-15 1.10524782e-15 1.23046532e-15
 1.53495922e-15 1.56462156e-15 2.00437833e-15 2.01012803e-15
 2.22531370e-05 1.38641988e-02 2.91789085e-02 9.97688271e-01
 1.03869625e+00 1.98045014e+00 1.99112177e+00 1.99805168e+00
 1.99911468e+00 1.99939913e+00 1.99967423e+00 1.99988152e+00
 1.99995581e+00 2.00000000e+00 2.00000000e+00 2.00000000e+00
 2.00000000e+00 2.00000000e+00 2.00000000e+00 2.00000000e+00
 2.00000000e+00 2.00000000e+00 2.00000000e+00 2.00000000e+00
 2.00000000e+00 2.00000000e+00 2.00000000e+00 2.00000000e+00
 2.00000000e+00 2.00000000e+00 2.00000000e+00 2.00000000e+00
 2.00000000e+00 2.00000000e+00 2.00000000e+00 2.00000000e+00
 2.00000000e+00 2.00000000e+00 2.00000000e+00 2.00000000e+00
 2.00000000e+00 2.00000000e+00 2.00000000e+00 2.00000000e+00
 2.00000000e+00 2.00000000e+00 2.00000000e+00 2.00000000e+00
 2.00000000e+00 2.00000000e+00 2.00000000e+00 2.00000000e+00
 2.00000000e+00 2.00000000e+00 2.00000000e+00 2.00000000e+00
 2.00000000e+00 2.00000000e+00 2.00000000e+00 2.00000000e+00
 2.00000000e+00 2.00000000e+00 2.00000000e+00 2.00000000e+00
 2.00000000e+00 2.00000000e+00 2.00000000e+00 2.00000000e+00
 2.00000000e+00 2.00000000e+00 2.00000000e+00]

	SCF Occupancy Eigenvalues for Fragment Number : # 4
	[1.35813500e-15 1.35330639e-15 1.25516003e-15 1.09936223e-15
 9.57520228e-16 8.66427034e-16 8.36979454e-16 6.64297493e-16
 6.37649147e-16 5.64353486e-16 5.51624693e-16 5.33570494e-16
 5.27235062e-16 5.20977745e-16 3.91634807e-16 3.88930601e-16
 3.75648310e-16 3.30990265e-16 3.28436323e-16 3.03910583e-16
 2.70143385e-16 2.66039127e-16 2.56922939e-16 2.40954311e-16
 1.95262753e-16 1.84585330e-16 1.51117395e-16 1.34427732e-16
 1.31242673e-16 1.17242256e-16 1.04836990e-16 9.85498797e-17
 6.16231866e-17 5.64059172e-17 4.64328159e-17 4.45616729e-17
 3.80795916e-17 2.69483722e-17 1.79286258e-17 1.46965018e-17
 8.05699678e-18 6.85376304e-18 3.81929149e-19 4.58251035e-18
 1.50775385e-17 2.36233581e-17 4.36201294e-17 4.55453077e-17
 4.75475754e-17 6.26816719e-17 7.23932902e-17 1.03103350e-16
 1.09850883e-16 1.13835284e-16 1.28363402e-16 1.56897879e-16
 1.62214024e-16 2.14548390e-16 2.44652941e-16 2.56938775e-16
 2.81696303e-16 2.82868347e-16 2.84177866e-16 2.97788828e-16
 3.05774842e-16 3.71177930e-16 3.79401479e-16 4.25972608e-16
 4.49765863e-16 5.30066105e-16 5.36913803e-16 6.19831185e-16
 6.67401550e-16 7.62702285e-16 8.38145028e-16 9.20951986e-16
 1.02645509e-15 1.11019915e-15 1.14519702e-15 1.17839980e-15
 1.34042988e-15 1.81986785e-15 1.29203162e-08 3.14010985e-08
 1.17847352e-07 3.14898308e-07 6.98551005e-07 3.36436035e-06
 6.11593679e-06 8.90024833e-06 1.78084866e-05 5.91608549e-05
 7.86439505e-05 1.71024466e-04 2.79897159e-04 7.66859621e-04
 1.28843217e-03 6.07112279e-03 1.18330503e-02 9.63831723e-01
 1.98025082e+00 1.98994150e+00 1.99101920e+00 1.99691613e+00
 1.99832833e+00 1.99929645e+00 1.99970808e+00 1.99986561e+00
 1.99994265e+00 1.99997242e+00 1.99999059e+00 1.99999377e+00
 1.99999637e+00 1.99999715e+00 1.99999843e+00 1.99999892e+00
 1.99999961e+00 1.99999967e+00 1.99999974e+00 1.99999990e+00
 1.99999993e+00 1.99999996e+00 1.99999997e+00 1.99999999e+00
 1.99999999e+00 2.00000000e+00 2.00000000e+00 2.00000000e+00
 2.00000000e+00 2.00000000e+00 2.00000000e+00 2.00000000e+00
 2.00000000e+00 2.00000000e+00 2.00000000e+00 2.00000000e+00
 2.00000000e+00 2.00000000e+00 2.00000000e+00 2.00000000e+00
 2.00000000e+00 2.00000000e+00 2.00000000e+00 2.00000000e+00
 2.00000000e+00 2.00000000e+00 2.00000000e+00 2.00000000e+00
 2.00000000e+00 2.00000000e+00 2.00000000e+00 2.00000000e+00
 2.00000000e+00]

	SCF Occupancy Eigenvalues for Fragment Number : # 5
	[1.24918181e-15 1.12480777e-15 9.93528266e-16 9.89397964e-16
 9.60423660e-16 9.47907067e-16 8.48543043e-16 7.99637532e-16
 7.70245954e-16 7.51559791e-16 6.30065427e-16 6.29160170e-16
 5.74931674e-16 4.85996839e-16 4.57853677e-16 4.56106397e-16
 4.50976147e-16 4.39391338e-16 3.88407281e-16 3.70187734e-16
 3.08742607e-16 2.95299244e-16 2.70735222e-16 2.29600153e-16
 2.05394661e-16 2.00979622e-16 1.59810744e-16 1.46777124e-16
 1.29979404e-16 1.21864165e-16 1.06461509e-16 1.02464451e-16
 9.92740928e-17 8.49375883e-17 4.43614197e-17 3.31336644e-17
 2.98951030e-17 2.36986101e-17 8.14967037e-18 7.11883621e-18
 6.33700433e-18 5.23253509e-18 4.39810790e-18 1.54595034e-18
 5.62318095e-19 1.87282736e-18 4.52074634e-18 5.25021736e-18
 7.31306442e-18 7.95368821e-18 1.17078663e-17 1.64798730e-17
 1.65972866e-17 1.66967135e-17 2.83987069e-17 3.40118283e-17
 4.31462143e-17 7.34990850e-17 8.30811226e-17 9.29838888e-17
 9.37609013e-17 9.44706791e-17 1.23711753e-16 1.33051922e-16
 1.62057659e-16 2.11184816e-16 2.25332625e-16 2.26898718e-16
 2.27755610e-16 2.32480519e-16 2.34659928e-16 2.69063774e-16
 3.12057275e-16 3.19518598e-16 3.59981813e-16 3.68814271e-16
 4.00246214e-16 4.06428347e-16 4.58774537e-16 4.98495207e-16
 5.15863263e-16 5.48069763e-16 6.48391720e-16 6.88875256e-16
 7.36846063e-16 7.69743577e-16 7.79369236e-16 8.34187478e-16
 8.73958860e-16 8.86571328e-16 9.87758821e-16 1.05979455e-15
 1.13547938e-15 1.17337332e-15 1.53157706e-15 1.64783173e-15
 1.79236693e-15 8.53425625e-07 1.77451205e-06 6.21917821e-06
 3.29678978e-05 5.47943082e-05 1.88567729e-04 2.34216393e-04
 4.67203844e-04 1.07793062e-03 7.23556373e-03 1.01446148e-02
 1.69720094e-02 2.36355969e-02 4.81185420e-01 8.28250412e-01
 8.56187078e-01 1.98701465e+00 1.99730349e+00 1.99889273e+00
 1.99922113e+00 1.99961708e+00 1.99964525e+00 1.99980538e+00
 1.99986362e+00 1.99987718e+00 1.99993518e+00 1.99996992e+00
 1.99998317e+00 1.99999031e+00 1.99999464e+00 1.99999697e+00
 1.99999834e+00 1.99999935e+00 1.99999967e+00 1.99999984e+00
 1.99999995e+00 2.00000000e+00 2.00000000e+00 2.00000000e+00
 2.00000000e+00 2.00000000e+00 2.00000000e+00 2.00000000e+00
 2.00000000e+00 2.00000000e+00 2.00000000e+00 2.00000000e+00
 2.00000000e+00 2.00000000e+00 2.00000000e+00 2.00000000e+00
 2.00000000e+00 2.00000000e+00 2.00000000e+00 2.00000000e+00
 2.00000000e+00 2.00000000e+00 2.00000000e+00 2.00000000e+00
 2.00000000e+00 2.00000000e+00 2.00000000e+00 2.00000000e+00
 2.00000000e+00 2.00000000e+00 2.00000000e+00 2.00000000e+00
 2.00000000e+00 2.00000000e+00 2.00000000e+00 2.00000000e+00]

		Fragment Number : #  1
		------------------------
		CCSD diag: n_active_mos=80, n_active_electrons=80, trace(onerdm)=80.0
		Fragment Energy = -439.6426177544229
		Number of Electrons in Fragment = 26.24430968352648
		Fragment Number : #  2
		------------------------
		CCSD diag: n_active_mos=26, n_active_electrons=26, trace(onerdm)=26.0
		Fragment Energy = -123.82621988619852
		Number of Electrons in Fragment = 7.9756237907122145
		Fragment Number : #  3
		------------------------
		CCSD diag: n_active_mos=102, n_active_electrons=102, trace(onerdm)=102.0
		Fragment Energy = -564.6551509598024
		Number of Electrons in Fragment = 35.0627501136464
		Fragment Number : #  4
		------------------------
		CCSD diag: n_active_mos=26, n_active_electrons=26, trace(onerdm)=25.999999999999996
		Fragment Energy = -123.34304447409515
		Number of Electrons in Fragment = 7.970315806403082
		Fragment Number : #  5
		------------------------
		CCSD diag: n_active_mos=102, n_active_electrons=102, trace(onerdm)=101.99999999999999
		Fragment Energy = -570.142588121262
		Number of Electrons in Fragment = 35.06175816308029
Fragment: n_homo=35, n_lumo=36, kept=[33, 34, 35, 36, 37, 38]
		Fragment Number : #  6
		------------------------
SQD counts diag: n_bits=12, first_bitstring=[0, 0, 0, 1, 1, 1, 0, 0, 0, 1, 1, 1], hamming_left=3, hamming_right=3
SQD postselect diag: total_samples=1, total_postselected=8, batch_sizes=[1, 1, 1, 1, 1, 1, 1, 1]
SQD batch diag: batch0_shape=(1, 12), first_bitstring=[0, 0, 0, 1, 1, 1, 0, 0, 0, 1, 1, 1], hamming_left=3, hamming_right=3
SQD sci diag: batch=0, norb=6, nelec=(3, 3), amp_norm=1.0, trace(rdm1)=6.0
SQD sci diag: batch=1, norb=6, nelec=(3, 3), amp_norm=1.0, trace(rdm1)=6.0
SQD sci diag: batch=2, norb=6, nelec=(3, 3), amp_norm=1.0, trace(rdm1)=6.0
SQD sci diag: batch=3, norb=6, nelec=(3, 3), amp_norm=1.0, trace(rdm1)=6.0
SQD sci diag: batch=4, norb=6, nelec=(3, 3), amp_norm=1.0, trace(rdm1)=6.0
SQD sci diag: batch=5, norb=6, nelec=(3, 3), amp_norm=1.0, trace(rdm1)=6.0
SQD sci diag: batch=6, norb=6, nelec=(3, 3), amp_norm=1.0, trace(rdm1)=6.0
SQD sci diag: batch=7, norb=6, nelec=(3, 3), amp_norm=1.0, trace(rdm1)=6.0
/home/bhabani/miniconda3/lib/python3.12/site-packages/qiskit_addon_sqd/configuration_recovery.py:230: RuntimeWarning: invalid value encountered in divide
  probs_left = probs_left / np.sum(probs_left)
/home/bhabani/miniconda3/lib/python3.12/site-packages/qiskit_addon_sqd/configuration_recovery.py:231: RuntimeWarning: invalid value encountered in divide
  probs_right = probs_right / np.sum(probs_right)
SQD postselect diag: total_samples=1, total_postselected=8, batch_sizes=[1, 1, 1, 1, 1, 1, 1, 1]
SQD batch diag: batch0_shape=(1, 12), first_bitstring=[0, 0, 0, 1, 1, 1, 0, 0, 0, 1, 1, 1], hamming_left=3, hamming_right=3
SQD sci diag: batch=0, norb=6, nelec=(3, 3), amp_norm=1.0, trace(rdm1)=6.0
SQD sci diag: batch=1, norb=6, nelec=(3, 3), amp_norm=1.0, trace(rdm1)=6.0
SQD sci diag: batch=2, norb=6, nelec=(3, 3), amp_norm=1.0, trace(rdm1)=6.0
SQD sci diag: batch=3, norb=6, nelec=(3, 3), amp_norm=1.0, trace(rdm1)=6.0
SQD sci diag: batch=4, norb=6, nelec=(3, 3), amp_norm=1.0, trace(rdm1)=6.0
SQD sci diag: batch=5, norb=6, nelec=(3, 3), amp_norm=1.0, trace(rdm1)=6.0
SQD sci diag: batch=6, norb=6, nelec=(3, 3), amp_norm=1.0, trace(rdm1)=6.0
SQD sci diag: batch=7, norb=6, nelec=(3, 3), amp_norm=1.0, trace(rdm1)=6.0
		SQD diag: n_active_mos=6, n_active_electrons=6, trace(onerdm)=6.0
		Fragment Energy = -553.3373955326115
		Number of Electrons in Fragment = 29.793216826666367
 	Iteration =  2
 	----------------
 
	SCF Occupancy Eigenvalues for Fragment Number : # 0
	[1.90812386e-15 1.51887451e-15 1.12843766e-15 1.08030730e-15
 1.02546956e-15 8.91878075e-16 8.59981675e-16 8.53611862e-16
 7.28093198e-16 7.16788476e-16 6.83486842e-16 6.67264255e-16
 6.54454535e-16 5.85230657e-16 5.83749263e-16 5.37873341e-16
 4.97345078e-16 4.79233590e-16 4.46253499e-16 3.89348208e-16
 3.27332535e-16 2.88771098e-16 2.86502116e-16 2.39263298e-16
 2.37248614e-16 2.14366778e-16 1.93023281e-16 1.81934518e-16
 1.56844414e-16 1.48910399e-16 1.47696897e-16 1.19691473e-16
 9.64103761e-17 8.14953916e-17 5.36542928e-17 4.64008064e-17
 4.62588525e-17 3.34402868e-17 2.33143303e-17 2.11605604e-17
 8.48432590e-18 5.84429892e-18 4.05705428e-18 2.85318718e-18
 2.03030820e-18 1.15649090e-18 2.01131933e-19 3.02871596e-18
 5.59636641e-18 2.17940281e-17 3.51178554e-17 3.77431315e-17
 3.81639165e-17 4.13715767e-17 4.84005758e-17 4.94396191e-17
 5.98157873e-17 6.86985260e-17 8.08255654e-17 8.34449782e-17
 1.14994014e-16 1.21545001e-16 1.41449290e-16 1.42408786e-16
 1.48207116e-16 1.65729576e-16 1.70327276e-16 1.73511125e-16
 1.77457878e-16 1.82637285e-16 1.96395465e-16 2.21364047e-16
 2.48747205e-16 3.51383422e-16 3.68029138e-16 3.98871272e-16
 4.58792206e-16 4.72709481e-16 5.40958223e-16 5.41820136e-16
 6.38423388e-16 6.66859631e-16 6.93135717e-16 7.39146707e-16
 7.51824010e-16 7.96658561e-16 8.91074078e-16 9.28781272e-16
 1.16025411e-15 1.16482362e-15 1.20291944e-15 1.30604586e-15
 1.51932365e-15 1.59127356e-06 3.79230991e-06 1.95930005e-05
 2.29802105e-05 1.33578950e-04 2.86799924e-04 1.54335306e-03
 3.16097016e-03 5.97963344e-03 1.37643217e-02 3.06759223e-02
 9.81196720e-01 1.01271143e+00 1.14751516e+00 1.16263280e+00
 1.50301762e+00 1.98394048e+00 1.98865846e+00 1.99580937e+00
 1.99776369e+00 1.99804726e+00 1.99900899e+00 1.99948622e+00
 1.99953584e+00 1.99973897e+00 1.99986550e+00 1.99994615e+00
 1.99995743e+00 1.99996418e+00 1.99997997e+00 1.99998773e+00
 1.99999096e+00 1.99999640e+00 1.99999696e+00 1.99999841e+00
 1.99999940e+00 1.99999949e+00 1.99999961e+00 1.99999980e+00
 1.99999991e+00 2.00000000e+00 2.00000000e+00 2.00000000e+00
 2.00000000e+00 2.00000000e+00 2.00000000e+00 2.00000000e+00
 2.00000000e+00 2.00000000e+00 2.00000000e+00 2.00000000e+00
 2.00000000e+00 2.00000000e+00 2.00000000e+00 2.00000000e+00
 2.00000000e+00 2.00000000e+00 2.00000000e+00 2.00000000e+00
 2.00000000e+00 2.00000000e+00 2.00000000e+00 2.00000000e+00
 2.00000000e+00 2.00000000e+00 2.00000000e+00 2.00000000e+00
 2.00000000e+00 2.00000000e+00 2.00000000e+00 2.00000000e+00]

	SCF Occupancy Eigenvalues for Fragment Number : # 1
	[1.92030376e-15 1.65231602e-15 1.48737798e-15 1.48647882e-15
 1.41249059e-15 1.36860605e-15 1.28735787e-15 1.22640046e-15
 1.04612809e-15 1.03221027e-15 9.73257935e-16 9.16735771e-16
 8.48572090e-16 8.31748669e-16 8.24921796e-16 8.23766025e-16
 8.05297472e-16 7.00157614e-16 6.65134123e-16 6.51175987e-16
 6.20666755e-16 5.95695089e-16 5.69018838e-16 5.46256619e-16
 5.21033499e-16 4.71542236e-16 4.44863763e-16 4.36317596e-16
 3.73109243e-16 3.68967869e-16 3.40919256e-16 3.00363158e-16
 2.59523002e-16 2.53102836e-16 2.41060733e-16 2.15184077e-16
 2.12560472e-16 2.02974633e-16 1.95070480e-16 1.68942420e-16
 1.53448887e-16 1.30835637e-16 1.30742680e-16 9.96229402e-17
 8.84708973e-17 7.51627801e-17 5.01276581e-17 4.87299797e-17
 4.51800869e-17 3.45585145e-17 2.83515928e-17 2.18957995e-17
 1.50883984e-17 1.12225549e-17 9.12539119e-18 6.13234520e-18
 3.57148992e-18 1.95602781e-18 1.52829787e-18 1.02039481e-18
 5.38545673e-19 1.50945797e-19 3.84142711e-19 8.25673152e-19
 1.77258487e-18 2.09522405e-18 2.73540376e-18 4.47790184e-18
 5.36999808e-18 6.12353726e-18 7.89885063e-18 9.74307695e-18
 1.12458479e-17 1.24988110e-17 2.04502157e-17 2.91685135e-17
 3.30968200e-17 4.46284295e-17 6.42183420e-17 7.19304596e-17
 7.55533512e-17 1.12301178e-16 1.35566848e-16 1.44230367e-16
 1.56582011e-16 1.65051245e-16 1.78874480e-16 2.21177243e-16
 2.25047639e-16 2.80757267e-16 2.86398247e-16 3.17754559e-16
 3.25738321e-16 3.36371327e-16 3.50894707e-16 3.54716216e-16
 4.09820683e-16 4.13323972e-16 4.30693150e-16 4.51920087e-16
 4.87918853e-16 4.92265880e-16 5.41274704e-16 5.69574993e-16
 5.90381061e-16 6.21523284e-16 6.69665396e-16 6.87469996e-16
 7.03124979e-16 7.32055273e-16 7.50080152e-16 7.73999541e-16
 8.21588806e-16 1.17162242e-15 1.18197825e-15 1.21145818e-15
 1.29514541e-15 1.38376571e-15 1.48499339e-15 2.10743445e-15
 2.31138071e-05 1.51534180e-02 2.40788210e-02 9.95317094e-01
 1.03388855e+00 1.98604684e+00 1.99030142e+00 1.99850301e+00
 1.99916896e+00 1.99946517e+00 1.99969998e+00 1.99990043e+00
 1.99994082e+00 2.00000000e+00 2.00000000e+00 2.00000000e+00
 2.00000000e+00 2.00000000e+00 2.00000000e+00 2.00000000e+00
 2.00000000e+00 2.00000000e+00 2.00000000e+00 2.00000000e+00
 2.00000000e+00 2.00000000e+00 2.00000000e+00 2.00000000e+00
 2.00000000e+00 2.00000000e+00 2.00000000e+00 2.00000000e+00
 2.00000000e+00 2.00000000e+00 2.00000000e+00 2.00000000e+00
 2.00000000e+00 2.00000000e+00 2.00000000e+00 2.00000000e+00
 2.00000000e+00 2.00000000e+00 2.00000000e+00 2.00000000e+00
 2.00000000e+00 2.00000000e+00 2.00000000e+00 2.00000000e+00
 2.00000000e+00 2.00000000e+00 2.00000000e+00 2.00000000e+00
 2.00000000e+00 2.00000000e+00 2.00000000e+00 2.00000000e+00
 2.00000000e+00 2.00000000e+00 2.00000000e+00 2.00000000e+00
 2.00000000e+00 2.00000000e+00 2.00000000e+00 2.00000000e+00
 2.00000000e+00 2.00000000e+00 2.00000000e+00 2.00000000e+00
 2.00000000e+00 2.00000000e+00 2.00000000e+00]

	SCF Occupancy Eigenvalues for Fragment Number : # 2
	[1.97551058e-15 1.69387139e-15 1.33464000e-15 1.24024369e-15
 1.15845215e-15 1.12410712e-15 1.10220282e-15 9.15902177e-16
 9.01804054e-16 7.35952180e-16 6.71793738e-16 6.66765591e-16
 6.48892203e-16 5.81932561e-16 5.53706996e-16 4.97694160e-16
 4.25500100e-16 3.65278405e-16 3.33442839e-16 3.18090455e-16
 2.98372438e-16 2.82890578e-16 2.58460577e-16 2.32906169e-16
 2.08718562e-16 1.90371411e-16 1.73409275e-16 1.34126425e-16
 1.15882175e-16 1.04777079e-16 9.30741748e-17 8.88307857e-17
 6.87727773e-17 5.30346333e-17 4.56350902e-17 3.70116713e-17
 2.62213785e-17 1.86962250e-17 1.42925970e-17 1.15967028e-17
 5.85262321e-18 1.04900267e-18 5.52993532e-19 1.49178378e-18
 8.62265640e-18 9.12075934e-18 1.41154823e-17 2.12974585e-17
 2.59101382e-17 2.66991967e-17 3.30654965e-17 3.60993696e-17
 4.08220154e-17 4.76008117e-17 5.55111512e-17 6.82949369e-17
 6.90363638e-17 1.42072320e-16 1.60493935e-16 1.79551742e-16
 1.83249517e-16 1.83372538e-16 2.09678083e-16 2.65214995e-16
 2.73458741e-16 3.02173327e-16 3.41241111e-16 3.88941404e-16
 3.94313614e-16 4.15691663e-16 4.54506386e-16 4.61051212e-16
 4.91924088e-16 5.90154369e-16 6.07552138e-16 6.23184451e-16
 7.64132972e-16 7.84659840e-16 8.28589631e-16 8.33801997e-16
 1.13782412e-15 1.39109733e-15 4.74631485e-09 1.99251205e-08
 4.09024570e-08 2.08890261e-07 5.61967153e-07 2.34651570e-06
 4.54934703e-06 9.65979859e-06 1.91901702e-05 5.45952847e-05
 7.64010617e-05 1.27480742e-04 2.57369841e-04 3.48314137e-04
 1.00137264e-03 5.83637110e-03 1.37393581e-02 9.70167068e-01
 1.98144116e+00 1.98247909e+00 1.98953220e+00 1.99704400e+00
 1.99934053e+00 1.99953874e+00 1.99978966e+00 1.99993535e+00
 1.99995735e+00 1.99998340e+00 1.99999029e+00 1.99999319e+00
 1.99999561e+00 1.99999769e+00 1.99999867e+00 1.99999948e+00
 1.99999963e+00 1.99999983e+00 1.99999991e+00 1.99999996e+00
 1.99999998e+00 1.99999998e+00 1.99999999e+00 1.99999999e+00
 2.00000000e+00 2.00000000e+00 2.00000000e+00 2.00000000e+00
 2.00000000e+00 2.00000000e+00 2.00000000e+00 2.00000000e+00
 2.00000000e+00 2.00000000e+00 2.00000000e+00 2.00000000e+00
 2.00000000e+00 2.00000000e+00 2.00000000e+00 2.00000000e+00
 2.00000000e+00 2.00000000e+00 2.00000000e+00 2.00000000e+00
 2.00000000e+00 2.00000000e+00 2.00000000e+00 2.00000000e+00
 2.00000000e+00 2.00000000e+00 2.00000000e+00 2.00000000e+00
 2.00000000e+00]

	SCF Occupancy Eigenvalues for Fragment Number : # 3
	[2.38972183e-15 1.78713006e-15 1.78454052e-15 1.76829771e-15
 1.59628836e-15 1.50092148e-15 1.34646387e-15 1.34103819e-15
 1.26410649e-15 1.11713291e-15 1.02801221e-15 9.59007307e-16
 9.44798457e-16 9.17175809e-16 9.08927953e-16 8.87103413e-16
 8.77060552e-16 8.03032526e-16 7.98985387e-16 7.71283211e-16
 7.43362503e-16 7.26876707e-16 7.06459765e-16 6.45227297e-16
 6.37177951e-16 5.76051737e-16 5.62961595e-16 4.98288444e-16
 4.96578335e-16 3.97295851e-16 3.40635727e-16 3.31001588e-16
 3.00870113e-16 2.77971573e-16 2.73295731e-16 2.68005017e-16
 2.45631448e-16 2.35021973e-16 1.86769514e-16 1.75662110e-16
 1.68783555e-16 1.68391886e-16 1.41822322e-16 1.26111250e-16
 1.11156209e-16 1.00699307e-16 9.96181008e-17 9.69309655e-17
 7.34984481e-17 5.11078179e-17 4.29590414e-17 2.57585797e-17
 2.22476026e-17 2.15615575e-17 1.84713145e-17 1.66699893e-17
 8.83048578e-18 7.23436304e-18 3.54336708e-18 2.94421874e-18
 2.88683448e-18 2.06502818e-18 1.50165485e-18 8.83993347e-19
 0.00000000e+00 3.57120512e-19 9.17130548e-19 9.52048795e-19
 1.22451326e-18 1.55932741e-18 2.08929167e-18 3.26207968e-18
 4.41597505e-18 4.43551058e-18 5.56659891e-18 6.97490914e-18
 1.08803399e-17 1.55729154e-17 2.12611691e-17 4.10057577e-17
 4.69400248e-17 4.98945415e-17 6.54858112e-17 7.85534036e-17
 9.48959235e-17 1.04848815e-16 1.18542893e-16 1.20377215e-16
 1.29131847e-16 1.52611383e-16 1.76758262e-16 1.89170442e-16
 2.83028594e-16 2.97350226e-16 3.04292536e-16 3.11746450e-16
 3.40882105e-16 3.72833614e-16 4.05946283e-16 4.16626312e-16
 4.52508085e-16 4.79790579e-16 4.94312805e-16 5.59880957e-16
 6.01883778e-16 6.12002431e-16 6.51836235e-16 7.59681711e-16
 8.87872922e-16 9.05731366e-16 9.11747906e-16 9.77199530e-16
 9.96018240e-16 1.06257977e-15 1.10524782e-15 1.23046532e-15
 1.53495922e-15 1.56462156e-15 2.00437833e-15 2.01012803e-15
 2.22531370e-05 1.38641988e-02 2.91789085e-02 9.97688271e-01
 1.03869625e+00 1.98045014e+00 1.99112177e+00 1.99805168e+00
 1.99911468e+00 1.99939913e+00 1.99967423e+00 1.99988152e+00
 1.99995581e+00 2.00000000e+00 2.00000000e+00 2.00000000e+00
 2.00000000e+00 2.00000000e+00 2.00000000e+00 2.00000000e+00
 2.00000000e+00 2.00000000e+00 2.00000000e+00 2.00000000e+00
 2.00000000e+00 2.00000000e+00 2.00000000e+00 2.00000000e+00
 2.00000000e+00 2.00000000e+00 2.00000000e+00 2.00000000e+00
 2.00000000e+00 2.00000000e+00 2.00000000e+00 2.00000000e+00
 2.00000000e+00 2.00000000e+00 2.00000000e+00 2.00000000e+00
 2.00000000e+00 2.00000000e+00 2.00000000e+00 2.00000000e+00
 2.00000000e+00 2.00000000e+00 2.00000000e+00 2.00000000e+00
 2.00000000e+00 2.00000000e+00 2.00000000e+00 2.00000000e+00
 2.00000000e+00 2.00000000e+00 2.00000000e+00 2.00000000e+00
 2.00000000e+00 2.00000000e+00 2.00000000e+00 2.00000000e+00
 2.00000000e+00 2.00000000e+00 2.00000000e+00 2.00000000e+00
 2.00000000e+00 2.00000000e+00 2.00000000e+00 2.00000000e+00
 2.00000000e+00 2.00000000e+00 2.00000000e+00]

	SCF Occupancy Eigenvalues for Fragment Number : # 4
	[1.35813500e-15 1.35330639e-15 1.25516003e-15 1.09936223e-15
 9.57520228e-16 8.66427034e-16 8.36979454e-16 6.64297493e-16
 6.37649147e-16 5.64353486e-16 5.51624693e-16 5.33570494e-16
 5.27235062e-16 5.20977745e-16 3.91634807e-16 3.88930601e-16
 3.75648310e-16 3.30990265e-16 3.28436323e-16 3.03910583e-16
 2.70143385e-16 2.66039127e-16 2.56922939e-16 2.40954311e-16
 1.95262753e-16 1.84585330e-16 1.51117395e-16 1.34427732e-16
 1.31242673e-16 1.17242256e-16 1.04836990e-16 9.85498797e-17
 6.16231866e-17 5.64059172e-17 4.64328159e-17 4.45616729e-17
 3.80795916e-17 2.69483722e-17 1.79286258e-17 1.46965018e-17
 8.05699678e-18 6.85376304e-18 3.81929149e-19 4.58251035e-18
 1.50775385e-17 2.36233581e-17 4.36201294e-17 4.55453077e-17
 4.75475754e-17 6.26816719e-17 7.23932902e-17 1.03103350e-16
 1.09850883e-16 1.13835284e-16 1.28363402e-16 1.56897879e-16
 1.62214024e-16 2.14548390e-16 2.44652941e-16 2.56938775e-16
 2.81696303e-16 2.82868347e-16 2.84177866e-16 2.97788828e-16
 3.05774842e-16 3.71177930e-16 3.79401479e-16 4.25972608e-16
 4.49765863e-16 5.30066105e-16 5.36913803e-16 6.19831185e-16
 6.67401550e-16 7.62702285e-16 8.38145028e-16 9.20951986e-16
 1.02645509e-15 1.11019915e-15 1.14519702e-15 1.17839980e-15
 1.34042988e-15 1.81986785e-15 1.29203162e-08 3.14010985e-08
 1.17847352e-07 3.14898308e-07 6.98551005e-07 3.36436035e-06
 6.11593679e-06 8.90024833e-06 1.78084866e-05 5.91608549e-05
 7.86439505e-05 1.71024466e-04 2.79897159e-04 7.66859621e-04
 1.28843217e-03 6.07112279e-03 1.18330503e-02 9.63831723e-01
 1.98025082e+00 1.98994150e+00 1.99101920e+00 1.99691613e+00
 1.99832833e+00 1.99929645e+00 1.99970808e+00 1.99986561e+00
 1.99994265e+00 1.99997242e+00 1.99999059e+00 1.99999377e+00
 1.99999637e+00 1.99999715e+00 1.99999843e+00 1.99999892e+00
 1.99999961e+00 1.99999967e+00 1.99999974e+00 1.99999990e+00
 1.99999993e+00 1.99999996e+00 1.99999997e+00 1.99999999e+00
 1.99999999e+00 2.00000000e+00 2.00000000e+00 2.00000000e+00
 2.00000000e+00 2.00000000e+00 2.00000000e+00 2.00000000e+00
 2.00000000e+00 2.00000000e+00 2.00000000e+00 2.00000000e+00
 2.00000000e+00 2.00000000e+00 2.00000000e+00 2.00000000e+00
 2.00000000e+00 2.00000000e+00 2.00000000e+00 2.00000000e+00
 2.00000000e+00 2.00000000e+00 2.00000000e+00 2.00000000e+00
 2.00000000e+00 2.00000000e+00 2.00000000e+00 2.00000000e+00
 2.00000000e+00]

	SCF Occupancy Eigenvalues for Fragment Number : # 5
	[1.24918181e-15 1.12480777e-15 9.93528266e-16 9.89397964e-16
 9.60423660e-16 9.47907067e-16 8.48543043e-16 7.99637532e-16
 7.70245954e-16 7.51559791e-16 6.30065427e-16 6.29160170e-16
 5.74931674e-16 4.85996839e-16 4.57853677e-16 4.56106397e-16
 4.50976147e-16 4.39391338e-16 3.88407281e-16 3.70187734e-16
 3.08742607e-16 2.95299244e-16 2.70735222e-16 2.29600153e-16
 2.05394661e-16 2.00979622e-16 1.59810744e-16 1.46777124e-16
 1.29979404e-16 1.21864165e-16 1.06461509e-16 1.02464451e-16
 9.92740928e-17 8.49375883e-17 4.43614197e-17 3.31336644e-17
 2.98951030e-17 2.36986101e-17 8.14967037e-18 7.11883621e-18
 6.33700433e-18 5.23253509e-18 4.39810790e-18 1.54595034e-18
 5.62318095e-19 1.87282736e-18 4.52074634e-18 5.25021736e-18
 7.31306442e-18 7.95368821e-18 1.17078663e-17 1.64798730e-17
 1.65972866e-17 1.66967135e-17 2.83987069e-17 3.40118283e-17
 4.31462143e-17 7.34990850e-17 8.30811226e-17 9.29838888e-17
 9.37609013e-17 9.44706791e-17 1.23711753e-16 1.33051922e-16
 1.62057659e-16 2.11184816e-16 2.25332625e-16 2.26898718e-16
 2.27755610e-16 2.32480519e-16 2.34659928e-16 2.69063774e-16
 3.12057275e-16 3.19518598e-16 3.59981813e-16 3.68814271e-16
 4.00246214e-16 4.06428347e-16 4.58774537e-16 4.98495207e-16
 5.15863263e-16 5.48069763e-16 6.48391720e-16 6.88875256e-16
 7.36846063e-16 7.69743577e-16 7.79369236e-16 8.34187478e-16
 8.73958860e-16 8.86571328e-16 9.87758821e-16 1.05979455e-15
 1.13547938e-15 1.17337332e-15 1.53157706e-15 1.64783173e-15
 1.79236693e-15 8.53425625e-07 1.77451205e-06 6.21917821e-06
 3.29678978e-05 5.47943082e-05 1.88567729e-04 2.34216393e-04
 4.67203844e-04 1.07793062e-03 7.23556373e-03 1.01446148e-02
 1.69720094e-02 2.36355969e-02 4.81185420e-01 8.28250412e-01
 8.56187078e-01 1.98701465e+00 1.99730349e+00 1.99889273e+00
 1.99922113e+00 1.99961708e+00 1.99964525e+00 1.99980538e+00
 1.99986362e+00 1.99987718e+00 1.99993518e+00 1.99996992e+00
 1.99998317e+00 1.99999031e+00 1.99999464e+00 1.99999697e+00
 1.99999834e+00 1.99999935e+00 1.99999967e+00 1.99999984e+00
 1.99999995e+00 2.00000000e+00 2.00000000e+00 2.00000000e+00
 2.00000000e+00 2.00000000e+00 2.00000000e+00 2.00000000e+00
 2.00000000e+00 2.00000000e+00 2.00000000e+00 2.00000000e+00
 2.00000000e+00 2.00000000e+00 2.00000000e+00 2.00000000e+00
 2.00000000e+00 2.00000000e+00 2.00000000e+00 2.00000000e+00
 2.00000000e+00 2.00000000e+00 2.00000000e+00 2.00000000e+00
 2.00000000e+00 2.00000000e+00 2.00000000e+00 2.00000000e+00
 2.00000000e+00 2.00000000e+00 2.00000000e+00 2.00000000e+00
 2.00000000e+00 2.00000000e+00 2.00000000e+00 2.00000000e+00]

		Fragment Number : #  1
		------------------------
		CCSD diag: n_active_mos=80, n_active_electrons=80, trace(onerdm)=80.0
		Fragment Energy = -439.64705481520326
		Number of Electrons in Fragment = 26.2446904201207
		Fragment Number : #  2
		------------------------