Optimizing TPP-only geometry...
geometric-optimize called with the following command line:
run_dmet_sqd_relaxed_monomers.py

                                        [91m())))))))))))))))/[0m                     
                                    [91m())))))))))))))))))))))))),[0m                
                                [91m*)))))))))))))))))))))))))))))))))[0m             
                        [94m#,[0m    [91m()))))))))/[0m                [91m.)))))))))),[0m          
                      [94m#%%%%,[0m  [91m())))))[0m                        [91m.))))))))*[0m        
                      [94m*%%%%%%,[0m  [91m))[0m              [93m..[0m              [91m,))))))).[0m      
                        [94m*%%%%%%,[0m         [93m***************/.[0m        [91m.)))))))[0m     
                [94m#%%/[0m      [94m(%%%%%%,[0m    [93m/*********************.[0m       [91m)))))))[0m    
              [94m.%%%%%%#[0m      [94m*%%%%%%,[0m  [93m*******/,[0m     [93m**********,[0m      [91m.))))))[0m   
                [94m.%%%%%%/[0m      [94m*%%%%%%,[0m  [93m**[0m              [93m********[0m      [91m.))))))[0m  
          [94m##[0m      [94m.%%%%%%/[0m      [94m(%%%%%%,[0m                  [93m,******[0m      [91m/)))))[0m  
        [94m%%%%%%[0m      [94m.%%%%%%#[0m      [94m*%%%%%%,[0m    [92m,/////.[0m       [93m******[0m      [91m))))))[0m 
      [94m#%[0m      [94m%%[0m      [94m.%%%%%%/[0m      [94m*%%%%%%,[0m  [92m////////,[0m      [93m*****/[0m     [91m,)))))[0m 
    [94m#%%[0m  [94m%%%[0m  [94m%%%#[0m      [94m.%%%%%%/[0m      [94m(%%%%%%,[0m  [92m///////.[0m     [93m/*****[0m      [91m))))).[0m
  [94m#%%%%.[0m      [94m%%%%%#[0m      [94m/%%%%%%*[0m      [94m#%%%%%%[0m   [92m/////)[0m     [93m******[0m      [91m))))),[0m
    [94m#%%%%##%[0m  [94m%%%#[0m      [94m.%%%%%%/[0m      [94m(%%%%%%,[0m  [92m///////.[0m     [93m/*****[0m      [91m))))).[0m
      [94m##[0m     [94m%%%[0m      [94m.%%%%%%/[0m      [94m*%%%%%%,[0m  [92m////////.[0m      [93m*****/[0m     [91m,)))))[0m 
        [94m#%%%%#[0m      [94m/%%%%%%/[0m      [94m(%%%%%%[0m      [92m/)/)//[0m       [93m******[0m      [91m))))))[0m 
          [94m##[0m      [94m.%%%%%%/[0m      [94m(%%%%%%,[0m                  [93m*******[0m      [91m))))))[0m  
                [94m.%%%%%%/[0m      [94m*%%%%%%,[0m  [93m**.[0m             [93m/*******[0m      [91m.))))))[0m  
              [94m*%%%%%%/[0m      [94m(%%%%%%[0m   [93m********/*..,*/*********[0m       [91m*))))))[0m   
                [94m#%%/[0m      [94m(%%%%%%,[0m    [93m*********************/[0m        [91m)))))))[0m    
                        [94m*%%%%%%,[0m         [93m,**************/[0m         [91m,))))))/[0m     
                      [94m(%%%%%%[0m   [91m()[0m                              [91m))))))))[0m       
                      [94m#%%%%,[0m  [91m())))))[0m                        [91m,)))))))),[0m        
                        [94m#,[0m    [91m())))))))))[0m                [91m,)))))))))).[0m          
                                 [91m()))))))))))))))))))))))))))))))/[0m             
                                    [91m())))))))))))))))))))))))).[0m                
                                         [91m())))))))))))))),[0m                     

-=# [1;94m geomeTRIC started. Version: 1.1 [0m #=-
Current date and time: 2026-03-17 12:47:05
#========================================================#
#| [92m    Arguments passed to driver run_optimizer():     [0m |#
#========================================================#
customengine              <pyscf.geomopt.geometric_solver.PySCFEngine object at 0x7f6af893bda0> 
input                     /tmp/tmppexsld2o/b08fc8cf-dfb7-40ba-b8ad-eb19cc0b02f8 
logIni                    /home/bhabani/miniconda3/lib/python3.12/site-packages/pyscf/geomopt/log.ini 
maxiter                   100 
tmpdir                    /tmp/tmpv37ewlby 
----------------------------------------------------------
Custom engine selected.
Bonds will be generated from interatomic distances less than 1.20 times sum of covalent radii
87 internal coordinates being used (instead of 87 Cartesians)
Internal coordinate system (atoms numbered from 1):
Distance 1-2
Distance 1-5
Distance 1-19
Distance 2-3
Distance 2-6
Distance 3-4
Distance 3-7
Distance 4-5
Distance 4-8
Distance 8-9
Distance 8-10
Distance 8-11
Distance 11-12
Distance 11-13
Distance 12-14
Distance 12-18
Distance 13-15
Distance 13-16
Distance 15-17
Distance 15-18
Distance 19-20
Distance 19-21
Distance 19-22
Distance 22-23
Distance 22-24
Distance 23-25
Distance 23-26
Distance 24-27
Distance 24-29
Distance 25-28
Distance 25-29
Angle 2-1-19
Angle 5-1-19
Angle 1-2-6
Angle 3-2-6
Angle 2-3-7
Angle 4-3-7
Angle 3-4-8
Angle 5-4-8
Angle 1-5-4
Angle 4-8-9
Angle 4-8-10
Angle 4-8-11
Angle 9-8-10
Angle 9-8-11
Angle 10-8-11
Angle 8-11-13
Angle 12-11-13
Angle 11-12-18
Angle 14-12-18
Angle 11-13-16
Angle 15-13-16
Angle 13-15-18
Angle 17-15-18
Angle 12-18-15
Angle 1-19-20
Angle 1-19-21
Angle 1-19-22
Angle 20-19-21
Angle 20-19-22
Angle 21-19-22
Angle 19-22-24
Angle 23-22-24
Angle 22-23-26
Angle 25-23-26
Angle 22-24-29
Angle 27-24-29
Angle 23-25-29
Angle 28-25-29
Angle 24-29-25
Out-of-Plane 1-2-5-19
Out-of-Plane 2-1-3-6
Out-of-Plane 3-2-4-7
Out-of-Plane 4-3-5-8
Out-of-Plane 11-8-12-13
Out-of-Plane 12-11-14-18
Out-of-Plane 13-11-15-16
Out-of-Plane 15-13-17-18
Out-of-Plane 22-19-23-24
Out-of-Plane 23-22-25-26
Out-of-Plane 24-22-27-29
Out-of-Plane 25-23-28-29
Dihedral 5-1-2-3
Dihedral 5-1-2-6
Dihedral 19-1-2-3
Dihedral 19-1-2-6
Dihedral 2-1-5-4
Dihedral 19-1-5-4
Dihedral 2-1-19-20
Dihedral 2-1-19-21
Dihedral 2-1-19-22
Dihedral 5-1-19-20
Dihedral 5-1-19-21
Dihedral 5-1-19-22
Dihedral 1-2-3-4
Dihedral 1-2-3-7
Dihedral 6-2-3-4
Dihedral 6-2-3-7
Dihedral 2-3-4-5
Dihedral 2-3-4-8
Dihedral 7-3-4-5
Dihedral 7-3-4-8
Dihedral 3-4-5-1
Dihedral 8-4-5-1
Dihedral 3-4-8-9
Dihedral 3-4-8-10
Dihedral 3-4-8-11
Dihedral 5-4-8-9
Dihedral 5-4-8-10
Dihedral 5-4-8-11
Dihedral 4-8-11-12
Dihedral 4-8-11-13
Dihedral 9-8-11-12
Dihedral 9-8-11-13
Dihedral 10-8-11-12
Dihedral 10-8-11-13
Dihedral 8-11-12-14
Dihedral 8-11-12-18
Dihedral 13-11-12-14
Dihedral 13-11-12-18
Dihedral 8-11-13-15
Dihedral 8-11-13-16
Dihedral 12-11-13-15
Dihedral 12-11-13-16
Dihedral 11-12-18-15
Dihedral 14-12-18-15
Dihedral 11-13-15-17
Dihedral 11-13-15-18
Dihedral 16-13-15-17
Dihedral 16-13-15-18
Dihedral 13-15-18-12
Dihedral 17-15-18-12
Dihedral 1-19-22-23
Dihedral 1-19-22-24
Dihedral 20-19-22-23
Dihedral 20-19-22-24
Dihedral 21-19-22-23
Dihedral 21-19-22-24
Dihedral 19-22-23-25
Dihedral 19-22-23-26
Dihedral 24-22-23-25
Dihedral 24-22-23-26
Dihedral 19-22-24-27
Dihedral 19-22-24-29
Dihedral 23-22-24-27
Dihedral 23-22-24-29
Dihedral 22-23-25-28
Dihedral 22-23-25-29
Dihedral 26-23-25-28
Dihedral 26-23-25-29
Dihedral 22-24-29-25
Dihedral 27-24-29-25
Dihedral 23-25-29-24
Dihedral 28-25-29-24
Translation-X 1-29
Translation-Y 1-29
Translation-Z 1-29
Rotation-A 1-29
Rotation-B 1-29
Rotation-C 1-29
<class 'geometric.internal.Distance'> : 31
<class 'geometric.internal.Angle'> : 39
<class 'geometric.internal.OutOfPlane'> : 12
<class 'geometric.internal.Dihedral'> : 72
<class 'geometric.internal.TranslationX'> : 1
<class 'geometric.internal.TranslationY'> : 1
<class 'geometric.internal.TranslationZ'> : 1
<class 'geometric.internal.RotationA'> : 1
<class 'geometric.internal.RotationB'> : 1
<class 'geometric.internal.RotationC'> : 1
> ===== Optimization Info: ====
> Job type: Energy minimization
> Maximum number of optimization cycles: 100
> Initial / maximum trust radius (Angstrom): 0.100 / 0.300
> Convergence Criteria:
> Will converge when all 5 criteria are reached:
>  |Delta-E| < 1.00e-06
>  RMS-Grad  < 3.00e-04
>  Max-Grad  < 4.50e-04
>  RMS-Disp  < 1.20e-03
>  Max-Disp  < 1.80e-03
> === End Optimization Info ===
WARN: Mole.unit (Angstrom) is changed to Bohr
Step    0 : Gradient = 2.215e-02/6.012e-02 (rms/max) Energy = -729.4168428896
Hessian Eigenvalues: 2.30000e-02 2.30000e-02 2.30000e-02 ... 4.96009e-01 5.36209e-01 5.36619e-01
Step    1 : Displace = [0m1.029e-01[0m/[0m2.061e-01[0m (rms/max) Trust = 1.000e-01 (=) Grad = [0m1.034e-02[0m/[0m2.058e-02[0m (rms/max) E (change) = -729.4286484151 ([0m-1.181e-02[0m) Quality = [0m0.734[0m
Hessian Eigenvalues: 2.29945e-02 2.30000e-02 2.30000e-02 ... 5.11890e-01 5.36287e-01 7.86011e-01
Step    2 : Displace = [0m9.321e-02[0m/[0m2.072e-01[0m (rms/max) Trust = 1.000e-01 (=) Grad = [0m3.737e-03[0m/[0m7.270e-03[0m (rms/max) E (change) = -729.4316592616 ([0m-3.011e-03[0m) Quality = [0m0.786[0m
Hessian Eigenvalues: 2.28574e-02 2.30000e-02 2.30000e-02 ... 5.34353e-01 5.69495e-01 7.88187e-01
Step    3 : Displace = [0m8.902e-02[0m/[0m1.812e-01[0m (rms/max) Trust = 1.414e-01 ([92m+[0m) Grad = [0m1.755e-03[0m/[0m4.110e-03[0m (rms/max) E (change) = -729.4329665911 ([0m-1.307e-03[0m) Quality = [0m1.216[0m
Hessian Eigenvalues: 1.12994e-02 2.30000e-02 2.30000e-02 ... 5.34021e-01 5.69660e-01 8.22194e-01
Step    4 : Displace = [0m9.315e-02[0m/[0m1.956e-01[0m (rms/max) Trust = 2.000e-01 ([92m+[0m) Grad = [0m3.974e-03[0m/[0m7.951e-03[0m (rms/max) E (change) = -729.4334427446 ([0m-4.762e-04[0m) Quality = [0m0.625[0m
Hessian Eigenvalues: 4.98281e-03 2.30000e-02 2.30000e-02 ... 5.69587e-01 7.43755e-01 8.19878e-01
Step    5 : Displace = [0m1.038e-01[0m/[0m2.346e-01[0m (rms/max) Trust = 2.000e-01 (=) Grad = [0m4.075e-03[0m/[0m9.273e-03[0m (rms/max) E (change) = -729.4343158614 ([0m-8.731e-04[0m) Quality = [0m0.853[0m
Hessian Eigenvalues: 2.93189e-03 2.30000e-02 2.30000e-02 ... 5.66108e-01 8.14336e-01 1.10904e+00
Step    6 : Displace = [0m1.390e-01[0m/[0m3.281e-01[0m (rms/max) Trust = 2.828e-01 ([92m+[0m) Grad = [0m7.246e-03[0m/[0m1.688e-02[0m (rms/max) E (change) = -729.4346690633 ([0m-3.532e-04[0m) Quality = [0m0.213[0m
Hessian Eigenvalues: 2.45955e-03 2.08474e-02 2.30000e-02 ... 8.13473e-01 9.08016e-01 1.02540e+00
Step    7 : Displace = [0m7.594e-02[0m/[0m1.663e-01[0m (rms/max) Trust = 6.952e-02 ([91m-[0m) Grad = [0m3.492e-03[0m/[0m8.223e-03[0m (rms/max) E (change) = -729.4370058286 ([0m-2.337e-03[0m) Quality = [0m1.216[0m
Hessian Eigenvalues: 2.01331e-03 1.65258e-02 2.30000e-02 ... 8.07144e-01 8.96016e-01 1.09821e+00
Step    8 : Displace = [0m1.015e-01[0m/[0m1.948e-01[0m (rms/max) Trust = 9.832e-02 ([92m+[0m) Grad = [0m2.968e-03[0m/[0m5.584e-03[0m (rms/max) E (change) = -729.4378930643 ([0m-8.872e-04[0m) Quality = [0m0.599[0m
Hessian Eigenvalues: 1.82348e-03 1.39926e-02 2.29126e-02 ... 8.26568e-01 9.05480e-01 1.09725e+00
Step    9 : Displace = [0m1.016e-01[0m/[0m2.409e-01[0m (rms/max) Trust = 9.832e-02 (=) Grad = [0m2.337e-03[0m/[0m5.504e-03[0m (rms/max) E (change) = -729.4391046063 ([0m-1.212e-03[0m) Quality = [0m1.178[0m
Hessian Eigenvalues: 1.17597e-03 9.35753e-03 2.23226e-02 ... 8.07542e-01 1.03474e+00 1.16646e+00
Step   10 : Displace = [0m1.415e-01[0m/[0m3.304e-01[0m (rms/max) Trust = 1.390e-01 ([92m+[0m) Grad = [0m2.196e-03[0m/[0m4.731e-03[0m (rms/max) E (change) = -729.4404936117 ([0m-1.389e-03[0m) Quality = [0m0.898[0m
Hessian Eigenvalues: 1.45736e-03 7.56282e-03 2.15050e-02 ... 7.92150e-01 9.99157e-01 1.06648e+00
Step   11 : Displace = [0m2.007e-01[0m/[0m4.412e-01[0m (rms/max) Trust = 1.966e-01 ([92m+[0m) Grad = [0m3.054e-03[0m/[0m8.462e-03[0m (rms/max) E (change) = -729.4412225924 ([0m-7.290e-04[0m) Quality = [0m0.534[0m
Hessian Eigenvalues: 2.26835e-03 8.22965e-03 2.08456e-02 ... 7.87297e-01 9.17308e-01 1.06665e+00
Step   12 : Displace = [0m3.852e-02[0m/[0m7.685e-02[0m (rms/max) Trust = 1.966e-01 (=) Grad = [0m1.099e-03[0m/[0m2.743e-03[0m (rms/max) E (change) = -729.4417488281 ([0m-5.262e-04[0m) Quality = [0m1.015[0m
Hessian Eigenvalues: 2.38264e-03 8.23331e-03 1.68596e-02 ... 8.11729e-01 8.87286e-01 1.06604e+00
Step   13 : Displace = [0m7.697e-02[0m/[0m1.695e-01[0m (rms/max) Trust = 2.781e-01 ([92m+[0m) Grad = [0m1.104e-03[0m/[0m2.119e-03[0m (rms/max) E (change) = -729.4418010600 ([0m-5.223e-05[0m) Quality = [0m0.264[0m
Hessian Eigenvalues: 2.49700e-03 8.15175e-03 1.29521e-02 ... 8.07321e-01 9.76451e-01 1.12288e+00
Step   14 : Displace = [0m2.681e-02[0m/[0m5.105e-02[0m (rms/max) Trust = 2.781e-01 (=) Grad = [0m7.211e-04[0m/[0m1.566e-03[0m (rms/max) E (change) = -729.4420085781 ([0m-2.075e-04[0m) Quality = [0m1.214[0m
Hessian Eigenvalues: 2.25192e-03 7.66645e-03 1.09283e-02 ... 8.14768e-01 9.35774e-01 1.14915e+00
Step   15 : Displace = [0m3.467e-02[0m/[0m6.846e-02[0m (rms/max) Trust = 3.000e-01 ([92m+[0m) Grad = [0m7.945e-04[0m/[0m2.210e-03[0m (rms/max) E (change) = -729.4421103646 ([0m-1.018e-04[0m) Quality = [0m1.029[0m
Hessian Eigenvalues: 1.67030e-03 5.57278e-03 9.20478e-03 ... 8.08438e-01 9.52821e-01 1.15745e+00
Step   16 : Displace = [0m4.987e-02[0m/[0m1.019e-01[0m (rms/max) Trust = 3.000e-01 (=) Grad = [0m5.655e-04[0m/[0m1.351e-03[0m (rms/max) E (change) = -729.4422204507 ([0m-1.101e-04[0m) Quality = [0m1.159[0m
Hessian Eigenvalues: 1.56445e-03 4.45528e-03 8.99011e-03 ... 8.08263e-01 9.56297e-01 1.15240e+00
Step   17 : Displace = [0m3.234e-02[0m/[0m7.002e-02[0m (rms/max) Trust = 3.000e-01 (=) Grad = [0m3.177e-04[0m/[0m8.629e-04[0m (rms/max) E (change) = -729.4422691794 ([0m-4.873e-05[0m) Quality = [0m1.114[0m
Hessian Eigenvalues: 1.63009e-03 3.55003e-03 9.24837e-03 ... 8.08482e-01 9.34711e-01 1.13434e+00
Step   18 : Displace = [0m1.054e-02[0m/[0m2.210e-02[0m (rms/max) Trust = 3.000e-01 (=) Grad = [0m3.074e-04[0m/[0m7.750e-04[0m (rms/max) E (change) = -729.4422789723 ([0m-9.793e-06[0m) Quality = [0m0.717[0m
Hessian Eigenvalues: 1.64899e-03 3.18042e-03 9.08100e-03 ... 8.09066e-01 9.51227e-01 1.17712e+00
Step   19 : Displace = [0m3.587e-03[0m/[0m8.780e-03[0m (rms/max) Trust = 3.000e-01 (=) Grad = [92m1.838e-04[0m/[92m3.556e-04[0m (rms/max) E (change) = -729.4422833334 ([0m-4.361e-06[0m) Quality = [0m0.770[0m
Hessian Eigenvalues: 1.59973e-03 3.22439e-03 9.20156e-03 ... 8.07938e-01 9.37967e-01 1.12503e+00
Step   20 : Displace = [0m3.163e-03[0m/[0m7.409e-03[0m (rms/max) Trust = 3.000e-01 (=) Grad = [92m5.551e-05[0m/[92m1.030e-04[0m (rms/max) E (change) = -729.4422853084 ([0m-1.975e-06[0m) Quality = [0m0.991[0m
Hessian Eigenvalues: 1.53662e-03 3.28719e-03 9.17375e-03 ... 8.10641e-01 9.38270e-01 1.12224e+00
Step   21 : Displace = [0m3.836e-03[0m/[0m8.267e-03[0m (rms/max) Trust = 3.000e-01 (=) Grad = [92m4.424e-05[0m/[92m9.110e-05[0m (rms/max) E (change) = -729.4422859045 ([92m-5.961e-07[0m) Quality = [0m0.998[0m
Hessian Eigenvalues: 1.39065e-03 2.53542e-03 9.45755e-03 ... 8.10989e-01 9.38697e-01 1.12638e+00
Step   22 : Displace = [0m2.105e-03[0m/[0m4.597e-03[0m (rms/max) Trust = 3.000e-01 (=) Grad = [92m2.780e-05[0m/[92m5.655e-05[0m (rms/max) E (change) = -729.4422861965 ([92m-2.920e-07[0m) Quality = [0m1.067[0m
Hessian Eigenvalues: 1.35284e-03 2.40818e-03 8.88033e-03 ... 8.13637e-01 9.37988e-01 1.12526e+00
Step   23 : Displace = [92m7.727e-04[0m/[92m1.772e-03[0m (rms/max) Trust = 3.000e-01 (=) Grad = [92m1.902e-05[0m/[92m4.205e-05[0m (rms/max) E (change) = -729.4422863315 ([92m-1.350e-07[0m) Quality = [0m1.297[0m
Hessian Eigenvalues: 1.35284e-03 2.40818e-03 8.88033e-03 ... 8.13637e-01 9.37988e-01 1.12526e+00
Converged! =D

    #==========================================================================#
    #| If this code has benefited your research, please support us by citing: |#
    #|                                                                        |#
    #| Wang, L.-P.; Song, C.C. (2016) "Geometry optimization made simple with |#
    #| translation and rotation coordinates", J. Chem, Phys. 144, 214108.     |#
    #| http://dx.doi.org/10.1063/1.4952956                                    |#
    #==========================================================================#
    Time elapsed since start of run_optimizer: 224.412 seconds
WARN: ECP not specified. The basis set CRENBL include an ECP. Recommended ECP: CRENBL.
/home/bhabani/Kishore/Tangelo_2.0/tangelo/problem_decomposition/dmet/dmet_problem_decomposition.py:155: RuntimeWarning: The mean field will be recomputed even if one has been provided by the user.
  warnings.warn("The mean field will be recomputed even if one has been provided by the user.", RuntimeWarning)
 	Iteration =  1
 	----------------
 
	SCF Occupancy Eigenvalues for Fragment Number : # 0
	[1.25699242e-15 1.22882519e-15 1.22373188e-15 1.18436721e-15
 1.00764304e-15 9.85839330e-16 9.83055385e-16 7.93797834e-16
 7.31759951e-16 6.16912048e-16 5.78187359e-16 5.34531536e-16
 5.27380849e-16 4.22548930e-16 4.11513340e-16 4.10397386e-16
 3.50372257e-16 3.17838120e-16 3.09278180e-16 2.92603737e-16
 2.73214577e-16 1.88368031e-16 1.45340066e-16 1.42278428e-16
 1.09352781e-16 1.07614482e-16 8.76048590e-17 5.58270441e-17
 4.52126012e-17 2.94477841e-17 2.07423521e-17 1.02229858e-17
 7.27043253e-18 3.74921789e-18 3.28832253e-18 1.97008503e-18
 1.05083292e-18 6.98120660e-19 4.10883309e-18 5.99497839e-18
 9.19923909e-18 1.36530201e-17 1.97297760e-17 2.41575226e-17
 3.26249220e-17 4.10820557e-17 7.38957563e-17 1.23924865e-16
 1.33454394e-16 1.49915787e-16 1.97653928e-16 2.44608586e-16
 2.70584038e-16 3.26417929e-16 3.41756830e-16 3.61328289e-16
 3.72366307e-16 3.88852609e-16 3.91245875e-16 4.97322891e-16
 5.26386931e-16 7.07713998e-16 7.28975707e-16 8.10468762e-16
 1.00303001e-15 1.05262556e-15 1.11882775e-15 1.85043234e-15
 4.90868580e-07 1.36342483e-06 3.37161661e-06 1.19313786e-05
 1.69725452e-05 6.63514989e-05 9.44433563e-05 1.63632250e-04
 8.16144649e-04 1.38243142e-03 2.32227509e-03 4.39432412e-03
 8.04102920e-03 1.22403081e-02 3.30663234e-02 3.83218501e-02
 1.03281887e+00 1.06519894e+00 1.98164615e+00 1.98898860e+00
 1.98963686e+00 1.99298228e+00 1.99755381e+00 1.99844846e+00
 1.99883834e+00 1.99948355e+00 1.99983117e+00 1.99985209e+00
 1.99994394e+00 1.99996555e+00 1.99998158e+00 1.99998661e+00
 1.99999265e+00 1.99999412e+00 1.99999696e+00 1.99999781e+00
 1.99999848e+00 1.99999858e+00 1.99999910e+00 1.99999911e+00
 1.99999953e+00 1.99999970e+00 1.99999985e+00 1.99999991e+00
 1.99999995e+00 1.99999997e+00 1.99999998e+00 1.99999999e+00
 2.00000000e+00 2.00000000e+00 2.00000000e+00 2.00000000e+00
 2.00000000e+00 2.00000000e+00 2.00000000e+00 2.00000000e+00
 2.00000000e+00 2.00000000e+00 2.00000000e+00 2.00000000e+00]

	SCF Occupancy Eigenvalues for Fragment Number : # 1
	[1.27707722e-15 1.19996306e-15 1.16174052e-15 1.13709379e-15
 1.08628648e-15 1.01982008e-15 9.51968756e-16 9.32575030e-16
 8.78356826e-16 8.69611610e-16 8.48834868e-16 8.34829650e-16
 7.47316476e-16 7.30924870e-16 7.01342620e-16 6.79834628e-16
 6.13235823e-16 5.92211884e-16 5.53943536e-16 5.16510675e-16
 5.02426361e-16 4.83496112e-16 4.04133152e-16 3.66112940e-16
 3.37474910e-16 2.95461063e-16 2.54028685e-16 2.44016457e-16
 2.16055998e-16 2.09774554e-16 1.98010001e-16 1.62121556e-16
 1.57422847e-16 1.41275494e-16 1.34234605e-16 1.33142295e-16
 1.15760489e-16 1.11406312e-16 8.34956863e-17 6.88949255e-17
 3.52363471e-17 2.32873417e-17 2.07180701e-17 1.81135231e-17
 1.41115420e-17 1.15402284e-17 6.46653542e-18 5.46953699e-18
 3.55703448e-18 1.40722056e-18 6.17375735e-19 5.16237380e-19
 9.34468014e-19 1.36350486e-18 2.83540573e-18 4.33979872e-18
 6.64036021e-18 1.44213346e-17 2.01780797e-17 2.15051320e-17
 2.35361639e-17 3.46921088e-17 3.75003853e-17 5.11464715e-17
 7.71134253e-17 1.24785801e-16 1.25735259e-16 1.49319081e-16
 1.59734059e-16 1.76451638e-16 1.91237154e-16 2.15502030e-16
 2.23435406e-16 2.55488927e-16 2.61943245e-16 2.77345454e-16
 2.82868896e-16 3.19833258e-16 3.27645897e-16 3.31298210e-16
 3.50166268e-16 3.78358234e-16 4.36484315e-16 4.37247382e-16
 4.86180875e-16 4.86531622e-16 5.17446034e-16 6.81827292e-16
 6.83909289e-16 7.52868660e-16 7.72249807e-16 7.79648457e-16
 7.89693289e-16 8.99699987e-16 9.37225697e-16 9.99314043e-16
 1.00690096e-15 1.05482235e-15 1.18196278e-15 1.28619603e-15
 1.41215653e-15 1.66441589e-15 1.98092232e-15 2.24293488e-15
 2.17031903e-05 1.08311748e-02 3.01110785e-02 9.53025782e-01
 1.04808282e+00 1.98019617e+00 1.99188534e+00 1.99858572e+00
 1.99895149e+00 1.99950447e+00 1.99982654e+00 1.99992584e+00
 1.99996220e+00 2.00000000e+00 2.00000000e+00 2.00000000e+00
 2.00000000e+00 2.00000000e+00 2.00000000e+00 2.00000000e+00
 2.00000000e+00 2.00000000e+00 2.00000000e+00 2.00000000e+00
 2.00000000e+00 2.00000000e+00 2.00000000e+00 2.00000000e+00
 2.00000000e+00 2.00000000e+00 2.00000000e+00 2.00000000e+00
 2.00000000e+00 2.00000000e+00 2.00000000e+00 2.00000000e+00
 2.00000000e+00 2.00000000e+00 2.00000000e+00 2.00000000e+00
 2.00000000e+00 2.00000000e+00 2.00000000e+00 2.00000000e+00
 2.00000000e+00 2.00000000e+00 2.00000000e+00 2.00000000e+00
 2.00000000e+00 2.00000000e+00 2.00000000e+00 2.00000000e+00
 2.00000000e+00 2.00000000e+00 2.00000000e+00 2.00000000e+00
 2.00000000e+00 2.00000000e+00 2.00000000e+00 2.00000000e+00]

	SCF Occupancy Eigenvalues for Fragment Number : # 2
	[1.62726953e-15 1.36061035e-15 1.18729358e-15 1.01866225e-15
 8.62448428e-16 8.53017852e-16 7.44375429e-16 7.25894718e-16
 7.20723394e-16 6.78361539e-16 6.16316108e-16 6.10541306e-16
 6.07545980e-16 5.95300289e-16 4.68433271e-16 4.19088580e-16
 4.10625789e-16 3.32624399e-16 3.22466231e-16 3.06864714e-16
 2.83752343e-16 2.28097594e-16 1.62142221e-16 1.27052196e-16
 1.00706233e-16 7.71985165e-17 2.28509878e-17 1.52870991e-17
 1.41596802e-17 1.12932770e-17 1.11141576e-17 7.50728637e-18
 6.63486129e-18 3.25631433e-18 1.31945723e-18 4.89211182e-19
 4.50551520e-19 2.53672361e-18 2.88714220e-18 4.17782485e-18
 1.30424845e-17 2.86903507e-17 5.51348339e-17 6.52674610e-17
 6.97352442e-17 9.58045277e-17 9.73109562e-17 1.89333141e-16
 2.30745572e-16 2.45250182e-16 2.55094030e-16 3.30697453e-16
 3.61089339e-16 4.07853627e-16 4.50503832e-16 4.83739161e-16
 5.01189888e-16 6.00923805e-16 6.19182320e-16 6.78553218e-16
 7.58234891e-16 7.64660388e-16 7.99583221e-16 1.22246245e-15
 1.31988289e-15 1.74737093e-15 6.10331151e-09 5.07871982e-08
 7.75634567e-08 1.67728013e-07 8.97134118e-07 1.88766644e-06
 2.75081871e-06 6.37904261e-06 2.05229651e-05 5.88001468e-05
 7.19900675e-05 9.92832605e-05 1.99903671e-04 4.26365695e-04
 9.65039872e-04 5.70975198e-03 1.13621032e-02 9.50490419e-01
 1.98011497e+00 1.98604891e+00 1.98945917e+00 1.99648566e+00
 1.99886529e+00 1.99970334e+00 1.99976123e+00 1.99992148e+00
 1.99995523e+00 1.99997524e+00 1.99999291e+00 1.99999798e+00
 1.99999859e+00 1.99999941e+00 1.99999969e+00 1.99999971e+00
 1.99999985e+00 1.99999991e+00 1.99999996e+00 1.99999997e+00
 1.99999998e+00 1.99999999e+00 1.99999999e+00 2.00000000e+00
 2.00000000e+00 2.00000000e+00 2.00000000e+00 2.00000000e+00
 2.00000000e+00 2.00000000e+00 2.00000000e+00 2.00000000e+00
 2.00000000e+00 2.00000000e+00 2.00000000e+00 2.00000000e+00
 2.00000000e+00 2.00000000e+00 2.00000000e+00 2.00000000e+00
 2.00000000e+00 2.00000000e+00]

	SCF Occupancy Eigenvalues for Fragment Number : # 3
	[1.83778916e-15 1.44909914e-15 1.22691601e-15 1.09004603e-15
 9.87773553e-16 9.75600903e-16 9.35149714e-16 9.13678888e-16
 7.92506398e-16 7.79717261e-16 7.46672717e-16 7.42639335e-16
 6.80486995e-16 6.19717299e-16 6.00261558e-16 5.29895683e-16
 5.05207209e-16 4.55160560e-16 4.44105573e-16 4.20659040e-16
 3.86087177e-16 3.84396673e-16 3.79808819e-16 3.39645261e-16
 3.22634831e-16 3.15832487e-16 3.08960250e-16 2.79089966e-16
 2.63776392e-16 2.40326798e-16 2.22939617e-16 1.79933391e-16
 1.77718814e-16 1.74052250e-16 1.55167356e-16 1.44920927e-16
 1.32170157e-16 1.05818132e-16 1.05777471e-16 9.44251228e-17
 6.11946650e-17 6.11062506e-17 4.63961357e-17 4.18939160e-17
 3.39427521e-17 1.91782835e-17 1.52321873e-17 8.18916377e-18
 5.02072980e-18 4.66635628e-18 1.62833383e-18 1.41560244e-18
 3.26539858e-18 4.62588661e-18 4.90311197e-18 5.66681259e-18
 7.76244289e-18 1.26342979e-17 2.36396267e-17 2.80746442e-17
 3.55380089e-17 5.40589416e-17 6.00300591e-17 6.14215197e-17
 6.26276393e-17 6.33189911e-17 9.69327762e-17 1.22902457e-16
 1.23373129e-16 1.38580540e-16 1.46501626e-16 1.52883921e-16
 1.82943323e-16 2.13818221e-16 2.42517509e-16 2.50428907e-16
 2.66925927e-16 2.74710586e-16 2.95987331e-16 3.04260842e-16
 3.19512042e-16 3.32438911e-16 3.85564964e-16 4.06356200e-16
 4.45897087e-16 4.52121911e-16 4.71757058e-16 4.90721943e-16
 5.47205226e-16 5.62931209e-16 5.63014305e-16 6.01706005e-16
 6.25309018e-16 6.95768272e-16 7.04123393e-16 7.13523895e-16
 8.92857898e-16 1.03084829e-15 1.05288506e-15 1.21834864e-15
 1.31187985e-15 1.36707244e-15 1.53044471e-15 1.77131434e-15
 2.08830923e-05 1.05011549e-02 3.39695466e-02 9.53222348e-01
 1.04178996e+00 1.97581376e+00 1.99425627e+00 1.99874979e+00
 1.99924443e+00 1.99959264e+00 1.99986178e+00 1.99995729e+00
 1.99998510e+00 2.00000000e+00 2.00000000e+00 2.00000000e+00
 2.00000000e+00 2.00000000e+00 2.00000000e+00 2.00000000e+00
 2.00000000e+00 2.00000000e+00 2.00000000e+00 2.00000000e+00
 2.00000000e+00 2.00000000e+00 2.00000000e+00 2.00000000e+00
 2.00000000e+00 2.00000000e+00 2.00000000e+00 2.00000000e+00
 2.00000000e+00 2.00000000e+00 2.00000000e+00 2.00000000e+00
 2.00000000e+00 2.00000000e+00 2.00000000e+00 2.00000000e+00
 2.00000000e+00 2.00000000e+00 2.00000000e+00 2.00000000e+00
 2.00000000e+00 2.00000000e+00 2.00000000e+00 2.00000000e+00
 2.00000000e+00 2.00000000e+00 2.00000000e+00 2.00000000e+00
 2.00000000e+00 2.00000000e+00 2.00000000e+00 2.00000000e+00
 2.00000000e+00 2.00000000e+00 2.00000000e+00 2.00000000e+00]

	SCF Occupancy Eigenvalues for Fragment Number : # 4
	[1.72292854e-15 1.39762302e-15 9.60723145e-16 8.69483044e-16
 8.52828601e-16 7.95804983e-16 6.94735207e-16 6.18027680e-16
 6.14801772e-16 5.90180456e-16 5.25142218e-16 4.68916442e-16
 4.13964705e-16 3.77266549e-16 3.02718892e-16 2.96896750e-16
 2.76448333e-16 2.68228922e-16 2.43435102e-16 2.12532480e-16
 2.10161791e-16 1.59449842e-16 1.49703416e-16 1.35284166e-16
 1.09310024e-16 1.07291952e-16 6.02914542e-17 4.58414725e-17
 3.63678159e-17 1.64479967e-17 7.40329158e-18 5.33572601e-18
 2.09802811e-18 3.45591157e-19 1.02120436e-19 8.28618414e-19
 4.93090645e-18 6.40614956e-18 2.78768465e-17 2.91174095e-17
 4.72482787e-17 5.31394417e-17 8.88147472e-17 1.10688794e-16
 1.16183364e-16 1.30304661e-16 1.60916419e-16 1.84613140e-16
 2.21255300e-16 2.44103423e-16 2.67896345e-16 2.72792915e-16
 2.77187152e-16 2.88390523e-16 3.56287367e-16 3.94316431e-16
 4.17806295e-16 4.93145061e-16 5.15224519e-16 5.24417644e-16
 5.64727498e-16 6.85785967e-16 8.04431714e-16 8.77655426e-16
 9.09843665e-16 1.68889549e-15 1.30350563e-08 8.46816901e-08
 1.13961787e-07 4.79552667e-07 1.02482741e-06 3.03346011e-06
 3.68434659e-06 8.82956783e-06 2.05456817e-05 6.51865786e-05
 7.97952332e-05 1.12761031e-04 2.64246097e-04 5.46894007e-04
 1.39492806e-03 5.95195199e-03 1.14571895e-02 9.59785855e-01
 1.97080059e+00 1.98054306e+00 1.99010418e+00 1.99702485e+00
 1.99883026e+00 1.99966629e+00 1.99986794e+00 1.99991632e+00
 1.99995165e+00 1.99996799e+00 1.99999231e+00 1.99999674e+00
 1.99999796e+00 1.99999891e+00 1.99999933e+00 1.99999966e+00
 1.99999977e+00 1.99999988e+00 1.99999993e+00 1.99999996e+00
 1.99999998e+00 1.99999999e+00 1.99999999e+00 2.00000000e+00
 2.00000000e+00 2.00000000e+00 2.00000000e+00 2.00000000e+00
 2.00000000e+00 2.00000000e+00 2.00000000e+00 2.00000000e+00
 2.00000000e+00 2.00000000e+00 2.00000000e+00 2.00000000e+00
 2.00000000e+00 2.00000000e+00 2.00000000e+00 2.00000000e+00
 2.00000000e+00 2.00000000e+00]

		Fragment Number : #  1
		------------------------
		CCSD diag: n_active_mos=98, n_active_electrons=98, trace(onerdm)=98.00000000000001
		Fragment Energy = -534.9009396258515
		Number of Electrons in Fragment = 33.84524758688553
		Fragment Number : #  2
		------------------------
		CCSD diag: n_active_mos=26, n_active_electrons=26, trace(onerdm)=26.0
		Fragment Energy = -112.55890099376234
		Number of Electrons in Fragment = 8.004782953858047
		Fragment Number : #  3
		------------------------
		CCSD diag: n_active_mos=102, n_active_electrons=102, trace(onerdm)=101.99999999999999
		Fragment Energy = -536.1280981695235
		Number of Electrons in Fragment = 35.08280878167749
		Fragment Number : #  4
		------------------------
		CCSD diag: n_active_mos=26, n_active_electrons=26, trace(onerdm)=26.0
		Fragment Energy = -112.17648093097608
		Number of Electrons in Fragment = 8.007617911136187
		Fragment Number : #  5
		------------------------
		CCSD diag: n_active_mos=102, n_active_electrons=102, trace(onerdm)=102.00000000000001
		Fragment Energy = -535.4601155596766
		Number of Electrons in Fragment = 35.08948120051382
 	Iteration =  2
 	----------------
 
	SCF Occupancy Eigenvalues for Fragment Number : # 0
	[1.25699242e-15 1.22882519e-15 1.22373188e-15 1.18436721e-15
 1.00764304e-15 9.85839330e-16 9.83055385e-16 7.93797834e-16
 7.31759951e-16 6.16912048e-16 5.78187359e-16 5.34531536e-16
 5.27380849e-16 4.22548930e-16 4.11513340e-16 4.10397386e-16
 3.50372257e-16 3.17838120e-16 3.09278180e-16 2.92603737e-16
 2.73214577e-16 1.88368031e-16 1.45340066e-16 1.42278428e-16
 1.09352781e-16 1.07614482e-16 8.76048590e-17 5.58270441e-17
 4.52126012e-17 2.94477841e-17 2.07423521e-17 1.02229858e-17
 7.27043253e-18 3.74921789e-18 3.28832253e-18 1.97008503e-18
 1.05083292e-18 6.98120660e-19 4.10883309e-18 5.99497839e-18
 9.19923909e-18 1.36530201e-17 1.97297760e-17 2.41575226e-17
 3.26249220e-17 4.10820557e-17 7.38957563e-17 1.23924865e-16
 1.33454394e-16 1.49915787e-16 1.97653928e-16 2.44608586e-16
 2.70584038e-16 3.26417929e-16 3.41756830e-16 3.61328289e-16
 3.72366307e-16 3.88852609e-16 3.91245875e-16 4.97322891e-16
 5.26386931e-16 7.07713998e-16 7.28975707e-16 8.10468762e-16
 1.00303001e-15 1.05262556e-15 1.11882775e-15 1.85043234e-15
 4.90868580e-07 1.36342483e-06 3.37161661e-06 1.19313786e-05
 1.69725452e-05 6.63514989e-05 9.44433563e-05 1.63632250e-04
 8.16144649e-04 1.38243142e-03 2.32227509e-03 4.39432412e-03
 8.04102920e-03 1.22403081e-02 3.30663234e-02 3.83218501e-02
 1.03281887e+00 1.06519894e+00 1.98164615e+00 1.98898860e+00
 1.98963686e+00 1.99298228e+00 1.99755381e+00 1.99844846e+00
 1.99883834e+00 1.99948355e+00 1.99983117e+00 1.99985209e+00
 1.99994394e+00 1.99996555e+00 1.99998158e+00 1.99998661e+00
 1.99999265e+00 1.99999412e+00 1.99999696e+00 1.99999781e+00
 1.99999848e+00 1.99999858e+00 1.99999910e+00 1.99999911e+00
 1.99999953e+00 1.99999970e+00 1.99999985e+00 1.99999991e+00
 1.99999995e+00 1.99999997e+00 1.99999998e+00 1.99999999e+00
 2.00000000e+00 2.00000000e+00 2.00000000e+00 2.00000000e+00
 2.00000000e+00 2.00000000e+00 2.00000000e+00 2.00000000e+00
 2.00000000e+00 2.00000000e+00 2.00000000e+00 2.00000000e+00]

	SCF Occupancy Eigenvalues for Fragment Number : # 1
	[1.27707722e-15 1.19996306e-15 1.16174052e-15 1.13709379e-15
 1.08628648e-15 1.01982008e-15 9.51968756e-16 9.32575030e-16
 8.78356826e-16 8.69611610e-16 8.48834868e-16 8.34829650e-16
 7.47316476e-16 7.30924870e-16 7.01342620e-16 6.79834628e-16
 6.13235823e-16 5.92211884e-16 5.53943536e-16 5.16510675e-16
 5.02426361e-16 4.83496112e-16 4.04133152e-16 3.66112940e-16
 3.37474910e-16 2.95461063e-16 2.54028685e-16 2.44016457e-16
 2.16055998e-16 2.09774554e-16 1.98010001e-16 1.62121556e-16
 1.57422847e-16 1.41275494e-16 1.34234605e-16 1.33142295e-16
 1.15760489e-16 1.11406312e-16 8.34956863e-17 6.88949255e-17
 3.52363471e-17 2.32873417e-17 2.07180701e-17 1.81135231e-17
 1.41115420e-17 1.15402284e-17 6.46653542e-18 5.46953699e-18
 3.55703448e-18 1.40722056e-18 6.17375735e-19 5.16237380e-19
 9.34468014e-19 1.36350486e-18 2.83540573e-18 4.33979872e-18
 6.64036021e-18 1.44213346e-17 2.01780797e-17 2.15051320e-17
 2.35361639e-17 3.46921088e-17 3.75003853e-17 5.11464715e-17
 7.71134253e-17 1.24785801e-16 1.25735259e-16 1.49319081e-16
 1.59734059e-16 1.76451638e-16 1.91237154e-16 2.15502030e-16
 2.23435406e-16 2.55488927e-16 2.61943245e-16 2.77345454e-16
 2.82868896e-16 3.19833258e-16 3.27645897e-16 3.31298210e-16
 3.50166268e-16 3.78358234e-16 4.36484315e-16 4.37247382e-16
 4.86180875e-16 4.86531622e-16 5.17446034e-16 6.81827292e-16
 6.83909289e-16 7.52868660e-16 7.72249807e-16 7.79648457e-16
 7.89693289e-16 8.99699987e-16 9.37225697e-16 9.99314043e-16
 1.00690096e-15 1.05482235e-15 1.18196278e-15 1.28619603e-15
 1.41215653e-15 1.66441589e-15 1.98092232e-15 2.24293488e-15
 2.17031903e-05 1.08311748e-02 3.01110785e-02 9.53025782e-01
 1.04808282e+00 1.98019617e+00 1.99188534e+00 1.99858572e+00
 1.99895149e+00 1.99950447e+00 1.99982654e+00 1.99992584e+00
 1.99996220e+00 2.00000000e+00 2.00000000e+00 2.00000000e+00
 2.00000000e+00 2.00000000e+00 2.00000000e+00 2.00000000e+00
 2.00000000e+00 2.00000000e+00 2.00000000e+00 2.00000000e+00
 2.00000000e+00 2.00000000e+00 2.00000000e+00 2.00000000e+00
 2.00000000e+00 2.00000000e+00 2.00000000e+00 2.00000000e+00
 2.00000000e+00 2.00000000e+00 2.00000000e+00 2.00000000e+00
 2.00000000e+00 2.00000000e+00 2.00000000e+00 2.00000000e+00
 2.00000000e+00 2.00000000e+00 2.00000000e+00 2.00000000e+00
 2.00000000e+00 2.00000000e+00 2.00000000e+00 2.00000000e+00
 2.00000000e+00 2.00000000e+00 2.00000000e+00 2.00000000e+00
 2.00000000e+00 2.00000000e+00 2.00000000e+00 2.00000000e+00
 2.00000000e+00 2.00000000e+00 2.00000000e+00 2.00000000e+00]

	SCF Occupancy Eigenvalues for Fragment Number : # 2
	[1.62726953e-15 1.36061035e-15 1.18729358e-15 1.01866225e-15
 8.62448428e-16 8.53017852e-16 7.44375429e-16 7.25894718e-16
 7.20723394e-16 6.78361539e-16 6.16316108e-16 6.10541306e-16
 6.07545980e-16 5.95300289e-16 4.68433271e-16 4.19088580e-16
 4.10625789e-16 3.32624399e-16 3.22466231e-16 3.06864714e-16
 2.83752343e-16 2.28097594e-16 1.62142221e-16 1.27052196e-16
 1.00706233e-16 7.71985165e-17 2.28509878e-17 1.52870991e-17
 1.41596802e-17 1.12932770e-17 1.11141576e-17 7.50728637e-18
 6.63486129e-18 3.25631433e-18 1.31945723e-18 4.89211182e-19
 4.50551520e-19 2.53672361e-18 2.88714220e-18 4.17782485e-18
 1.30424845e-17 2.86903507e-17 5.51348339e-17 6.52674610e-17
 6.97352442e-17 9.58045277e-17 9.73109562e-17 1.89333141e-16
 2.30745572e-16 2.45250182e-16 2.55094030e-16 3.30697453e-16
 3.61089339e-16 4.07853627e-16 4.50503832e-16 4.83739161e-16
 5.01189888e-16 6.00923805e-16 6.19182320e-16 6.78553218e-16
 7.58234891e-16 7.64660388e-16 7.99583221e-16 1.22246245e-15
 1.31988289e-15 1.74737093e-15 6.10331151e-09 5.07871982e-08
 7.75634567e-08 1.67728013e-07 8.97134118e-07 1.88766644e-06
 2.75081871e-06 6.37904261e-06 2.05229651e-05 5.88001468e-05
 7.19900675e-05 9.92832605e-05 1.99903671e-04 4.26365695e-04
 9.65039872e-04 5.70975198e-03 1.13621032e-02 9.50490419e-01
 1.98011497e+00 1.98604891e+00 1.98945917e+00 1.99648566e+00
 1.99886529e+00 1.99970334e+00 1.99976123e+00 1.99992148e+00
 1.99995523e+00 1.99997524e+00 1.99999291e+00 1.99999798e+00
 1.99999859e+00 1.99999941e+00 1.99999969e+00 1.99999971e+00
 1.99999985e+00 1.99999991e+00 1.99999996e+00 1.99999997e+00
 1.99999998e+00 1.99999999e+00 1.99999999e+00 2.00000000e+00
 2.00000000e+00 2.00000000e+00 2.00000000e+00 2.00000000e+00
 2.00000000e+00 2.00000000e+00 2.00000000e+00 2.00000000e+00
 2.00000000e+00 2.00000000e+00 2.00000000e+00 2.00000000e+00
 2.00000000e+00 2.00000000e+00 2.00000000e+00 2.00000000e+00
 2.00000000e+00 2.00000000e+00]

	SCF Occupancy Eigenvalues for Fragment Number : # 3
	[1.83778916e-15 1.44909914e-15 1.22691601e-15 1.09004603e-15
 9.87773553e-16 9.75600903e-16 9.35149714e-16 9.13678888e-16
 7.92506398e-16 7.79717261e-16 7.46672717e-16 7.42639335e-16
 6.80486995e-16 6.19717299e-16 6.00261558e-16 5.29895683e-16
 5.05207209e-16 4.55160560e-16 4.44105573e-16 4.20659040e-16
 3.86087177e-16 3.84396673e-16 3.79808819e-16 3.39645261e-16
 3.22634831e-16 3.15832487e-16 3.08960250e-16 2.79089966e-16
 2.63776392e-16 2.40326798e-16 2.22939617e-16 1.79933391e-16
 1.77718814e-16 1.74052250e-16 1.55167356e-16 1.44920927e-16
 1.32170157e-16 1.05818132e-16 1.05777471e-16 9.44251228e-17
 6.11946650e-17 6.11062506e-17 4.63961357e-17 4.18939160e-17
 3.39427521e-17 1.91782835e-17 1.52321873e-17 8.18916377e-18
 5.02072980e-18 4.66635628e-18 1.62833383e-18 1.41560244e-18
 3.26539858e-18 4.62588661e-18 4.90311197e-18 5.66681259e-18
 7.76244289e-18 1.26342979e-17 2.36396267e-17 2.80746442e-17
 3.55380089e-17 5.40589416e-17 6.00300591e-17 6.14215197e-17
 6.26276393e-17 6.33189911e-17 9.69327762e-17 1.22902457e-16
 1.23373129e-16 1.38580540e-16 1.46501626e-16 1.52883921e-16
 1.82943323e-16 2.13818221e-16 2.42517509e-16 2.50428907e-16
 2.66925927e-16 2.74710586e-16 2.95987331e-16 3.04260842e-16
 3.19512042e-16 3.32438911e-16 3.85564964e-16 4.06356200e-16
 4.45897087e-16 4.52121911e-16 4.71757058e-16 4.90721943e-16
 5.47205226e-16 5.62931209e-16 5.63014305e-16 6.01706005e-16
 6.25309018e-16 6.95768272e-16 7.04123393e-16 7.13523895e-16
 8.92857898e-16 1.03084829e-15 1.05288506e-15 1.21834864e-15
 1.31187985e-15 1.36707244e-15 1.53044471e-15 1.77131434e-15
 2.08830923e-05 1.05011549e-02 3.39695466e-02 9.53222348e-01
 1.04178996e+00 1.97581376e+00 1.99425627e+00 1.99874979e+00
 1.99924443e+00 1.99959264e+00 1.99986178e+00 1.99995729e+00
 1.99998510e+00 2.00000000e+00 2.00000000e+00 2.00000000e+00
 2.00000000e+00 2.00000000e+00 2.00000000e+00 2.00000000e+00
 2.00000000e+00 2.00000000e+00 2.00000000e+00 2.00000000e+00
 2.00000000e+00 2.00000000e+00 2.00000000e+00 2.00000000e+00
 2.00000000e+00 2.00000000e+00 2.00000000e+00 2.00000000e+00
 2.00000000e+00 2.00000000e+00 2.00000000e+00 2.00000000e+00
 2.00000000e+00 2.00000000e+00 2.00000000e+00 2.00000000e+00
 2.00000000e+00 2.00000000e+00 2.00000000e+00 2.00000000e+00
 2.00000000e+00 2.00000000e+00 2.00000000e+00 2.00000000e+00
 2.00000000e+00 2.00000000e+00 2.00000000e+00 2.00000000e+00
 2.00000000e+00 2.00000000e+00 2.00000000e+00 2.00000000e+00
 2.00000000e+00 2.00000000e+00 2.00000000e+00 2.00000000e+00]

	SCF Occupancy Eigenvalues for Fragment Number : # 4
	[1.72292854e-15 1.39762302e-15 9.60723145e-16 8.69483044e-16
 8.52828601e-16 7.95804983e-16 6.94735207e-16 6.18027680e-16
 6.14801772e-16 5.90180456e-16 5.25142218e-16 4.68916442e-16
 4.13964705e-16 3.77266549e-16 3.02718892e-16 2.96896750e-16
 2.76448333e-16 2.68228922e-16 2.43435102e-16 2.12532480e-16
 2.10161791e-16 1.59449842e-16 1.49703416e-16 1.35284166e-16
 1.09310024e-16 1.07291952e-16 6.02914542e-17 4.58414725e-17
 3.63678159e-17 1.64479967e-17 7.40329158e-18 5.33572601e-18
 2.09802811e-18 3.45591157e-19 1.02120436e-19 8.28618414e-19
 4.93090645e-18 6.40614956e-18 2.78768465e-17 2.91174095e-17
 4.72482787e-17 5.31394417e-17 8.88147472e-17 1.10688794e-16
 1.16183364e-16 1.30304661e-16 1.60916419e-16 1.84613140e-16
 2.21255300e-16 2.44103423e-16 2.67896345e-16 2.72792915e-16
 2.77187152e-16 2.88390523e-16 3.56287367e-16 3.94316431e-16
 4.17806295e-16 4.93145061e-16 5.15224519e-16 5.24417644e-16
 5.64727498e-16 6.85785967e-16 8.04431714e-16 8.77655426e-16
 9.09843665e-16 1.68889549e-15 1.30350563e-08 8.46816901e-08
 1.13961787e-07 4.79552667e-07 1.02482741e-06 3.03346011e-06
 3.68434659e-06 8.82956783e-06 2.05456817e-05 6.51865786e-05
 7.97952332e-05 1.12761031e-04 2.64246097e-04 5.46894007e-04
 1.39492806e-03 5.95195199e-03 1.14571895e-02 9.59785855e-01
 1.97080059e+00 1.98054306e+00 1.99010418e+00 1.99702485e+00
 1.99883026e+00 1.99966629e+00 1.99986794e+00 1.99991632e+00
 1.99995165e+00 1.99996799e+00 1.99999231e+00 1.99999674e+00
 1.99999796e+00 1.99999891e+00 1.99999933e+00 1.99999966e+00
 1.99999977e+00 1.99999988e+00 1.99999993e+00 1.99999996e+00
 1.99999998e+00 1.99999999e+00 1.99999999e+00 2.00000000e+00
 2.00000000e+00 2.00000000e+00 2.00000000e+00 2.00000000e+00
 2.00000000e+00 2.00000000e+00 2.00000000e+00 2.00000000e+00
 2.00000000e+00 2.00000000e+00 2.00000000e+00 2.00000000e+00
 2.00000000e+00 2.00000000e+00 2.00000000e+00 2.00000000e+00
 2.00000000e+00 2.00000000e+00]

		Fragment Number : #  1
		------------------------
		CCSD diag: n_active_mos=98, n_active_electrons=98, trace(onerdm)=98.0
		Fragment Energy = -534.9028952722103
		Number of Electrons in Fragment = 33.84545820413167
		Fragment Number : #  2
		------------------------
		CCSD diag: n_active_mos=26, n_active_electrons=26, trace(onerdm)=26.0
		Fragment Energy = -112.56055689862069
		Number of Electrons in Fragment = 8.004952394757323
		Fragment Number : #  3
		------------------------
		CCSD diag: n_active_mos=102, n_active_electrons=102, trace(onerdm)=102.0
		Fragment Energy = -536.1291005868895
		Number of Electrons in Fragment = 35.08292367853162
		Fragment Number : #  4
		------------------------
		CCSD diag: n_active_mos=26, n_active_electrons=26, trace(onerdm)=26.0
		Fragment Energy = -112.17815064046988
		Number of Electrons in Fragment = 8.007790014947025
		Fragment Number : #  5
		------------------------
		CCSD diag: n_active_mos=102, n_active_electrons=102, trace(onerdm)=102.00000000000001
		Fragment Energy = -535.4611428008485
		Number of Electrons in Fragment = 35.08959910604428
 	Iteration =  3
 	----------------
 
	SCF Occupancy Eigenvalues for Fragment Number : # 0
	[1.25699242e-15 1.22882519e-15 1.22373188e-15 1.18436721e-15
 1.00764304e-15 9.85839330e-16 9.83055385e-16 7.93797834e-16
 7.31759951e-16 6.16912048e-16 5.78187359e-16 5.34531536e-16
 5.27380849e-16 4.22548930e-16 4.11513340e-16 4.10397386e-16
 3.50372257e-16 3.17838120e-16 3.09278180e-16 2.92603737e-16
 2.73214577e-16 1.88368031e-16 1.45340066e-16 1.42278428e-16
 1.09352781e-16 1.07614482e-16 8.76048590e-17 5.58270441e-17
 4.52126012e-17 2.94477841e-17 2.07423521e-17 1.02229858e-17
 7.27043253e-18 3.74921789e-18 3.28832253e-18 1.97008503e-18
 1.05083292e-18 6.98120660e-19 4.10883309e-18 5.99497839e-18
 9.19923909e-18 1.36530201e-17 1.97297760e-17 2.41575226e-17
 3.26249220e-17 4.10820557e-17 7.38957563e-17 1.23924865e-16
 1.33454394e-16 1.49915787e-16 1.97653928e-16 2.44608586e-16
 2.70584038e-16 3.26417929e-16 3.41756830e-16 3.61328289e-16
 3.72366307e-16 3.88852609e-16 3.91245875e-16 4.97322891e-16
 5.26386931e-16 7.07713998e-16 7.28975707e-16 8.10468762e-16
 1.00303001e-15 1.05262556e-15 1.11882775e-15 1.85043234e-15
 4.90868580e-07 1.36342483e-06 3.37161661e-06 1.19313786e-05
 1.69725452e-05 6.63514989e-05 9.44433563e-05 1.63632250e-04
 8.16144649e-04 1.38243142e-03 2.32227509e-03 4.39432412e-03
 8.04102920e-03 1.22403081e-02 3.30663234e-02 3.83218501e-02
 1.03281887e+00 1.06519894e+00 1.98164615e+00 1.98898860e+00
 1.98963686e+00 1.99298228e+00 1.99755381e+00 1.99844846e+00
 1.99883834e+00 1.99948355e+00 1.99983117e+00 1.99985209e+00
 1.99994394e+00 1.99996555e+00 1.99998158e+00 1.99998661e+00
 1.99999265e+00 1.99999412e+00 1.99999696e+00 1.99999781e+00
 1.99999848e+00 1.99999858e+00 1.99999910e+00 1.99999911e+00
 1.99999953e+00 1.99999970e+00 1.99999985e+00 1.99999991e+00
 1.99999995e+00 1.99999997e+00 1.99999998e+00 1.99999999e+00
 2.00000000e+00 2.00000000e+00 2.00000000e+00 2.00000000e+00
 2.00000000e+00 2.00000000e+00 2.00000000e+00 2.00000000e+00
 2.00000000e+00 2.00000000e+00 2.00000000e+00 2.00000000e+00]

	SCF Occupancy Eigenvalues for Fragment Number : # 1
	[1.27707722e-15 1.19996306e-15 1.16174052e-15 1.13709379e-15
 1.08628648e-15 1.01982008e-15 9.51968756e-16 9.32575030e-16
 8.78356826e-16 8.69611610e-16 8.48834868e-16 8.34829650e-16
 7.47316476e-16 7.30924870e-16 7.01342620e-16 6.79834628e-16
 6.13235823e-16 5.92211884e-16 5.53943536e-16 5.16510675e-16
 5.02426361e-16 4.83496112e-16 4.04133152e-16 3.66112940e-16
 3.37474910e-16 2.95461063e-16 2.54028685e-16 2.44016457e-16
 2.16055998e-16 2.09774554e-16 1.98010001e-16 1.62121556e-16
 1.57422847e-16 1.41275494e-16 1.34234605e-16 1.33142295e-16
 1.15760489e-16 1.11406312e-16 8.34956863e-17 6.88949255e-17
 3.52363471e-17 2.32873417e-17 2.07180701e-17 1.81135231e-17
 1.41115420e-17 1.15402284e-17 6.46653542e-18 5.46953699e-18
 3.55703448e-18 1.40722056e-18 6.17375735e-19 5.16237380e-19
 9.34468014e-19 1.36350486e-18 2.83540573e-18 4.33979872e-18
 6.64036021e-18 1.44213346e-17 2.01780797e-17 2.15051320e-17
 2.35361639e-17 3.46921088e-17 3.75003853e-17 5.11464715e-17
 7.71134253e-17 1.24785801e-16 1.25735259e-16 1.49319081e-16
 1.59734059e-16 1.76451638e-16 1.91237154e-16 2.15502030e-16
 2.23435406e-16 2.55488927e-16 2.61943245e-16 2.77345454e-16
 2.82868896e-16 3.19833258e-16 3.27645897e-16 3.31298210e-16
 3.50166268e-16 3.78358234e-16 4.36484315e-16 4.37247382e-16
 4.86180875e-16 4.86531622e-16 5.17446034e-16 6.81827292e-16
 6.83909289e-16 7.52868660e-16 7.72249807e-16 7.79648457e-16
 7.89693289e-16 8.99699987e-16 9.37225697e-16 9.99314043e-16
 1.00690096e-15 1.05482235e-15 1.18196278e-15 1.28619603e-15
 1.41215653e-15 1.66441589e-15 1.98092232e-15 2.24293488e-15
 2.17031903e-05 1.08311748e-02 3.01110785e-02 9.53025782e-01
 1.04808282e+00 1.98019617e+00 1.99188534e+00 1.99858572e+00
 1.99895149e+00 1.99950447e+00 1.99982654e+00 1.99992584e+00
 1.99996220e+00 2.00000000e+00 2.00000000e+00 2.00000000e+00
 2.00000000e+00 2.00000000e+00 2.00000000e+00 2.00000000e+00
 2.00000000e+00 2.00000000e+00 2.00000000e+00 2.00000000e+00
 2.00000000e+00 2.00000000e+00 2.00000000e+00 2.00000000e+00
 2.00000000e+00 2.00000000e+00 2.00000000e+00 2.00000000e+00
 2.00000000e+00 2.00000000e+00 2.00000000e+00 2.00000000e+00
 2.00000000e+00 2.00000000e+00 2.00000000e+00 2.00000000e+00
 2.00000000e+00 2.00000000e+00 2.00000000e+00 2.00000000e+00
 2.00000000e+00 2.00000000e+00 2.00000000e+00 2.00000000e+00
 2.00000000e+00 2.00000000e+00 2.00000000e+00 2.00000000e+00
 2.00000000e+00 2.00000000e+00 2.00000000e+00 2.00000000e+00
 2.00000000e+00 2.00000000e+00 2.00000000e+00 2.00000000e+00]

	SCF Occupancy Eigenvalues for Fragment Number : # 2
	[1.62726953e-15 1.36061035e-15 1.18729358e-15 1.01866225e-15
 8.62448428e-16 8.53017852e-16 7.44375429e-16 7.25894718e-16
 7.20723394e-16 6.78361539e-16 6.16316108e-16 6.10541306e-16
 6.07545980e-16 5.95300289e-16 4.68433271e-16 4.19088580e-16
 4.10625789e-16 3.32624399e-16 3.22466231e-16 3.06864714e-16
 2.83752343e-16 2.28097594e-16 1.62142221e-16 1.27052196e-16
 1.00706233e-16 7.71985165e-17 2.28509878e-17 1.52870991e-17
 1.41596802e-17 1.12932770e-17 1.11141576e-17 7.50728637e-18
 6.63486129e-18 3.25631433e-18 1.31945723e-18 4.89211182e-19
 4.50551520e-19 2.53672361e-18 2.88714220e-18 4.17782485e-18
 1.30424845e-17 2.86903507e-17 5.51348339e-17 6.52674610e-17
 6.97352442e-17 9.58045277e-17 9.73109562e-17 1.89333141e-16
 2.30745572e-16 2.45250182e-16 2.55094030e-16 3.30697453e-16
 3.61089339e-16 4.07853627e-16 4.50503832e-16 4.83739161e-16
 5.01189888e-16 6.00923805e-16 6.19182320e-16 6.78553218e-16
 7.58234891e-16 7.64660388e-16 7.99583221e-16 1.22246245e-15
 1.31988289e-15 1.74737093e-15 6.10331151e-09 5.07871982e-08
 7.75634567e-08 1.67728013e-07 8.97134118e-07 1.88766644e-06
 2.75081871e-06 6.37904261e-06 2.05229651e-05 5.88001468e-05
 7.19900675e-05 9.92832605e-05 1.99903671e-04 4.26365695e-04
 9.65039872e-04 5.70975198e-03 1.13621032e-02 9.50490419e-01
 1.98011497e+00 1.98604891e+00 1.98945917e+00 1.99648566e+00
 1.99886529e+00 1.99970334e+00 1.99976123e+00 1.99992148e+00
 1.99995523e+00 1.99997524e+00 1.99999291e+00 1.99999798e+00
 1.99999859e+00 1.99999941e+00 1.99999969e+00 1.99999971e+00
 1.99999985e+00 1.99999991e+00 1.99999996e+00 1.99999997e+00
 1.99999998e+00 1.99999999e+00 1.99999999e+00 2.00000000e+00
 2.00000000e+00 2.00000000e+00 2.00000000e+00 2.00000000e+00
 2.00000000e+00 2.00000000e+00 2.00000000e+00 2.00000000e+00
 2.00000000e+00 2.00000000e+00 2.00000000e+00 2.00000000e+00
 2.00000000e+00 2.00000000e+00 2.00000000e+00 2.00000000e+00
 2.00000000e+00 2.00000000e+00]

	SCF Occupancy Eigenvalues for Fragment Number : # 3
	[1.83778916e-15 1.44909914e-15 1.22691601e-15 1.09004603e-15
 9.87773553e-16 9.75600903e-16 9.35149714e-16 9.13678888e-16
 7.92506398e-16 7.79717261e-16 7.46672717e-16 7.42639335e-16
 6.80486995e-16 6.19717299e-16 6.00261558e-16 5.29895683e-16
 5.05207209e-16 4.55160560e-16 4.44105573e-16 4.20659040e-16
 3.86087177e-16 3.84396673e-16 3.79808819e-16 3.39645261e-16
 3.22634831e-16 3.15832487e-16 3.08960250e-16 2.79089966e-16
 2.63776392e-16 2.40326798e-16 2.22939617e-16 1.79933391e-16
 1.77718814e-16 1.74052250e-16 1.55167356e-16 1.44920927e-16
 1.32170157e-16 1.05818132e-16 1.05777471e-16 9.44251228e-17
 6.11946650e-17 6.11062506e-17 4.63961357e-17 4.18939160e-17
 3.39427521e-17 1.91782835e-17 1.52321873e-17 8.18916377e-18
 5.02072980e-18 4.66635628e-18 1.62833383e-18 1.41560244e-18
 3.26539858e-18 4.62588661e-18 4.90311197e-18 5.66681259e-18
 7.76244289e-18 1.26342979e-17 2.36396267e-17 2.80746442e-17
 3.55380089e-17 5.40589416e-17 6.00300591e-17 6.14215197e-17
 6.26276393e-17 6.33189911e-17 9.69327762e-17 1.22902457e-16
 1.23373129e-16 1.38580540e-16 1.46501626e-16 1.52883921e-16
 1.82943323e-16 2.13818221e-16 2.42517509e-16 2.50428907e-16
 2.66925927e-16 2.74710586e-16 2.95987331e-16 3.04260842e-16
 3.19512042e-16 3.32438911e-16 3.85564964e-16 4.06356200e-16
 4.45897087e-16 4.52121911e-16 4.71757058e-16 4.90721943e-16
 5.47205226e-16 5.62931209e-16 5.63014305e-16 6.01706005e-16
 6.25309018e-16 6.95768272e-16 7.04123393e-16 7.13523895e-16
 8.92857898e-16 1.03084829e-15 1.05288506e-15 1.21834864e-15
 1.31187985e-15 1.36707244e-15 1.53044471e-15 1.77131434e-15
 2.08830923e-05 1.05011549e-02 3.39695466e-02 9.53222348e-01
 1.04178996e+00 1.97581376e+00 1.99425627e+00 1.99874979e+00
 1.99924443e+00 1.99959264e+00 1.99986178e+00 1.99995729e+00
 1.99998510e+00 2.00000000e+00 2.00000000e+00 2.00000000e+00
 2.00000000e+00 2.00000000e+00 2.00000000e+00 2.00000000e+00
 2.00000000e+00 2.00000000e+00 2.00000000e+00 2.00000000e+00
 2.00000000e+00 2.00000000e+00 2.00000000e+00 2.00000000e+00
 2.00000000e+00 2.00000000e+00 2.00000000e+00 2.00000000e+00
 2.00000000e+00 2.00000000e+00 2.00000000e+00 2.00000000e+00
 2.00000000e+00 2.00000000e+00 2.00000000e+00 2.00000000e+00
 2.00000000e+00 2.00000000e+00 2.00000000e+00 2.00000000e+00
 2.00000000e+00 2.00000000e+00 2.00000000e+00 2.00000000e+00
 2.00000000e+00 2.00000000e+00 2.00000000e+00 2.00000000e+00
 2.00000000e+00 2.00000000e+00 2.00000000e+00 2.00000000e+00
 2.00000000e+00 2.00000000e+00 2.00000000e+00 2.00000000e+00]

	SCF Occupancy Eigenvalues for Fragment Number : # 4
	[1.72292854e-15 1.39762302e-15 9.60723145e-16 8.69483044e-16
 8.52828601e-16 7.95804983e-16 6.94735207e-16 6.18027680e-16
 6.14801772e-16 5.90180456e-16 5.25142218e-16 4.68916442e-16
 4.13964705e-16 3.77266549e-16 3.02718892e-16 2.96896750e-16
 2.76448333e-16 2.68228922e-16 2.43435102e-16 2.12532480e-16
 2.10161791e-16 1.59449842e-16 1.49703416e-16 1.35284166e-16
 1.09310024e-16 1.07291952e-16 6.02914542e-17 4.58414725e-17
 3.63678159e-17 1.64479967e-17 7.40329158e-18 5.33572601e-18
 2.09802811e-18 3.45591157e-19 1.02120436e-19 8.28618414e-19
 4.93090645e-18 6.40614956e-18 2.78768465e-17 2.91174095e-17
 4.72482787e-17 5.31394417e-17 8.88147472e-17 1.10688794e-16
 1.16183364e-16 1.30304661e-16 1.60916419e-16 1.84613140e-16
 2.21255300e-16 2.44103423e-16 2.67896345e-16 2.72792915e-16
 2.77187152e-16 2.88390523e-16 3.56287367e-16 3.94316431e-16
 4.17806295e-16 4.93145061e-16 5.15224519e-16 5.24417644e-16
 5.64727498e-16 6.85785967e-16 8.04431714e-16 8.77655426e-16
 9.09843665e-16 1.68889549e-15 1.30350563e-08 8.46816901e-08
 1.13961787e-07 4.79552667e-07 1.02482741e-06 3.03346011e-06
 3.68434659e-06 8.82956783e-06 2.05456817e-05 6.51865786e-05
 7.97952332e-05 1.12761031e-04 2.64246097e-04 5.46894007e-04
 1.39492806e-03 5.95195199e-03 1.14571895e-02 9.59785855e-01
 1.97080059e+00 1.98054306e+00 1.99010418e+00 1.99702485e+00
 1.99883026e+00 1.99966629e+00 1.99986794e+00 1.99991632e+00
 1.99995165e+00 1.99996799e+00 1.99999231e+00 1.99999674e+00
 1.99999796e+00 1.99999891e+00 1.99999933e+00 1.99999966e+00
 1.99999977e+00 1.99999988e+00 1.99999993e+00 1.99999996e+00
 1.99999998e+00 1.99999999e+00 1.99999999e+00 2.00000000e+00
 2.00000000e+00 2.00000000e+00 2.00000000e+00 2.00000000e+00
 2.00000000e+00 2.00000000e+00 2.00000000e+00 2.00000000e+00
 2.00000000e+00 2.00000000e+00 2.00000000e+00 2.00000000e+00
 2.00000000e+00 2.00000000e+00 2.00000000e+00 2.00000000e+00
 2.00000000e+00 2.00000000e+00]

		Fragment Number : #  1
		------------------------
		CCSD diag: n_active_mos=98, n_active_electrons=98, trace(onerdm)=97.99999999999999
		Fragment Energy = -534.82632046344
		Number of Electrons in Fragment = 33.837211026585926
		Fragment Number : #  2
		------------------------
		CCSD diag: n_active_mos=26, n_active_electrons=26, trace(onerdm)=26.000000000000004
		Fragment Energy = -112.49575564439832
		Number of Electrons in Fragment = 7.998322985208082
		Fragment Number : #  3
		------------------------
		CCSD diag: n_active_mos=102, n_active_electrons=102, trace(onerdm)=101.99999999999997
		Fragment Energy = -536.0898877507511
		Number of Electrons in Fragment = 35.07843064444833
		Fragment Number : #  4
		------------------------
		CCSD diag: n_active_mos=26, n_active_electrons=26, trace(onerdm)=26.0
		Fragment Energy = -112.11280951904891
		Number of Electrons in Fragment = 8.001056530892706
		Fragment Number : #  5
		------------------------
		CCSD diag: n_active_mos=102, n_active_electrons=102, trace(onerdm)=101.99999999999999
		Fragment Energy = -535.4209763371016
		Number of Electrons in Fragment = 35.08499056662015
 	Iteration =  4
 	----------------
 
	SCF Occupancy Eigenvalues for Fragment Number : # 0
	[1.25699242e-15 1.22882519e-15 1.22373188e-15 1.18436721e-15
 1.00764304e-15 9.85839330e-16 9.83055385e-16 7.93797834e-16
 7.31759951e-16 6.16912048e-16 5.78187359e-16 5.34531536e-16
 5.27380849e-16 4.22548930e-16 4.11513340e-16 4.10397386e-16
 3.50372257e-16 3.17838120e-16 3.09278180e-16 2.92603737e-16
 2.73214577e-16 1.88368031e-16 1.45340066e-16 1.42278428e-16
 1.09352781e-16 1.07614482e-16 8.76048590e-17 5.58270441e-17
 4.52126012e-17 2.94477841e-17 2.07423521e-17 1.02229858e-17
 7.27043253e-18 3.74921789e-18 3.28832253e-18 1.97008503e-18
 1.05083292e-18 6.98120660e-19 4.10883309e-18 5.99497839e-18
 9.19923909e-18 1.36530201e-17 1.97297760e-17 2.41575226e-17
 3.26249220e-17 4.10820557e-17 7.38957563e-17 1.23924865e-16
 1.33454394e-16 1.49915787e-16 1.97653928e-16 2.44608586e-16
 2.70584038e-16 3.26417929e-16 3.41756830e-16 3.61328289e-16
 3.72366307e-16 3.88852609e-16 3.91245875e-16 4.97322891e-16
 5.26386931e-16 7.07713998e-16 7.28975707e-16 8.10468762e-16
 1.00303001e-15 1.05262556e-15 1.11882775e-15 1.85043234e-15
 4.90868580e-07 1.36342483e-06 3.37161661e-06 1.19313786e-05
 1.69725452e-05 6.63514989e-05 9.44433563e-05 1.63632250e-04
 8.16144649e-04 1.38243142e-03 2.32227509e-03 4.39432412e-03
 8.04102920e-03 1.22403081e-02 3.30663234e-02 3.83218501e-02
 1.03281887e+00 1.06519894e+00 1.98164615e+00 1.98898860e+00
 1.98963686e+00 1.99298228e+00 1.99755381e+00 1.99844846e+00
 1.99883834e+00 1.99948355e+00 1.99983117e+00 1.99985209e+00
 1.99994394e+00 1.99996555e+00 1.99998158e+00 1.99998661e+00
 1.99999265e+00 1.99999412e+00 1.99999696e+00 1.99999781e+00
 1.99999848e+00 1.99999858e+00 1.99999910e+00 1.99999911e+00
 1.99999953e+00 1.99999970e+00 1.99999985e+00 1.99999991e+00
 1.99999995e+00 1.99999997e+00 1.99999998e+00 1.99999999e+00
 2.00000000e+00 2.00000000e+00 2.00000000e+00 2.00000000e+00
 2.00000000e+00 2.00000000e+00 2.00000000e+00 2.00000000e+00
 2.00000000e+00 2.00000000e+00 2.00000000e+00 2.00000000e+00]

	SCF Occupancy Eigenvalues for Fragment Number : # 1
	[1.27707722e-15 1.19996306e-15 1.16174052e-15 1.13709379e-15
 1.08628648e-15 1.01982008e-15 9.51968756e-16 9.32575030e-16
 8.78356826e-16 8.69611610e-16 8.48834868e-16 8.34829650e-16
 7.47316476e-16 7.30924870e-16 7.01342620e-16 6.79834628e-16
 6.13235823e-16 5.92211884e-16 5.53943536e-16 5.16510675e-16
 5.02426361e-16 4.83496112e-16 4.04133152e-16 3.66112940e-16
 3.37474910e-16 2.95461063e-16 2.54028685e-16 2.44016457e-16
 2.16055998e-16 2.09774554e-16 1.98010001e-16 1.62121556e-16
 1.57422847e-16 1.41275494e-16 1.34234605e-16 1.33142295e-16
 1.15760489e-16 1.11406312e-16 8.34956863e-17 6.88949255e-17
 3.52363471e-17 2.32873417e-17 2.07180701e-17 1.81135231e-17
 1.41115420e-17 1.15402284e-17 6.46653542e-18 5.46953699e-18
 3.55703448e-18 1.40722056e-18 6.17375735e-19 5.16237380e-19
 9.34468014e-19 1.36350486e-18 2.83540573e-18 4.33979872e-18
 6.64036021e-18 1.44213346e-17 2.01780797e-17 2.15051320e-17
 2.35361639e-17 3.46921088e-17 3.75003853e-17 5.11464715e-17
 7.71134253e-17 1.24785801e-16 1.25735259e-16 1.49319081e-16
 1.59734059e-16 1.76451638e-16 1.91237154e-16 2.15502030e-16
 2.23435406e-16 2.55488927e-16 2.61943245e-16 2.77345454e-16
 2.82868896e-16 3.19833258e-16 3.27645897e-16 3.31298210e-16
 3.50166268e-16 3.78358234e-16 4.36484315e-16 4.37247382e-16
 4.86180875e-16 4.86531622e-16 5.17446034e-16 6.81827292e-16
 6.83909289e-16 7.52868660e-16 7.72249807e-16 7.79648457e-16
 7.89693289e-16 8.99699987e-16 9.37225697e-16 9.99314043e-16
 1.00690096e-15 1.05482235e-15 1.18196278e-15 1.28619603e-15
 1.41215653e-15 1.66441589e-15 1.98092232e-15 2.24293488e-15
 2.17031903e-05 1.08311748e-02 3.01110785e-02 9.53025782e-01
 1.04808282e+00 1.98019617e+00 1.99188534e+00 1.99858572e+00
 1.99895149e+00 1.99950447e+00 1.99982654e+00 1.99992584e+00
 1.99996220e+00 2.00000000e+00 2.00000000e+00 2.00000000e+00
 2.00000000e+00 2.00000000e+00 2.00000000e+00 2.00000000e+00
 2.00000000e+00 2.00000000e+00 2.00000000e+00 2.00000000e+00
 2.00000000e+00 2.00000000e+00 2.00000000e+00 2.00000000e+00
 2.00000000e+00 2.00000000e+00 2.00000000e+00 2.00000000e+00
 2.00000000e+00 2.00000000e+00 2.00000000e+00 2.00000000e+00
 2.00000000e+00 2.00000000e+00 2.00000000e+00 2.00000000e+00
 2.00000000e+00 2.00000000e+00 2.00000000e+00 2.00000000e+00
 2.00000000e+00 2.00000000e+00 2.00000000e+00 2.00000000e+00
 2.00000000e+00 2.00000000e+00 2.00000000e+00 2.00000000e+00
 2.00000000e+00 2.00000000e+00 2.00000000e+00 2.00000000e+00
 2.00000000e+00 2.00000000e+00 2.00000000e+00 2.00000000e+00]

	SCF Occupancy Eigenvalues for Fragment Number : # 2
	[1.62726953e-15 1.36061035e-15 1.18729358e-15 1.01866225e-15
 8.62448428e-16 8.53017852e-16 7.44375429e-16 7.25894718e-16
 7.20723394e-16 6.78361539e-16 6.16316108e-16 6.10541306e-16
 6.07545980e-16 5.95300289e-16 4.68433271e-16 4.19088580e-16
 4.10625789e-16 3.32624399e-16 3.22466231e-16 3.06864714e-16
 2.83752343e-16 2.28097594e-16 1.62142221e-16 1.27052196e-16
 1.00706233e-16 7.71985165e-17 2.28509878e-17 1.52870991e-17
 1.41596802e-17 1.12932770e-17 1.11141576e-17 7.50728637e-18
 6.63486129e-18 3.25631433e-18 1.31945723e-18 4.89211182e-19
 4.50551520e-19 2.53672361e-18 2.88714220e-18 4.17782485e-18
 1.30424845e-17 2.86903507e-17 5.51348339e-17 6.52674610e-17
 6.97352442e-17 9.58045277e-17 9.73109562e-17 1.89333141e-16
 2.30745572e-16 2.45250182e-16 2.55094030e-16 3.30697453e-16
 3.61089339e-16 4.07853627e-16 4.50503832e-16 4.83739161e-16
 5.01189888e-16 6.00923805e-16 6.19182320e-16 6.78553218e-16
 7.58234891e-16 7.64660388e-16 7.99583221e-16 1.22246245e-15
 1.31988289e-15 1.74737093e-15 6.10331151e-09 5.07871982e-08
 7.75634567e-08 1.67728013e-07 8.97134118e-07 1.88766644e-06
 2.75081871e-06 6.37904261e-06 2.05229651e-05 5.88001468e-05
 7.19900675e-05 9.92832605e-05 1.99903671e-04 4.26365695e-04
 9.65039872e-04 5.70975198e-03 1.13621032e-02 9.50490419e-01
 1.98011497e+00 1.98604891e+00 1.98945917e+00 1.99648566e+00
 1.99886529e+00 1.99970334e+00 1.99976123e+00 1.99992148e+00
 1.99995523e+00 1.99997524e+00 1.99999291e+00 1.99999798e+00
 1.99999859e+00 1.99999941e+00 1.99999969e+00 1.99999971e+00
 1.99999985e+00 1.99999991e+00 1.99999996e+00 1.99999997e+00
 1.99999998e+00 1.99999999e+00 1.99999999e+00 2.00000000e+00
 2.00000000e+00 2.00000000e+00 2.00000000e+00 2.00000000e+00
 2.00000000e+00 2.00000000e+00 2.00000000e+00 2.00000000e+00
 2.00000000e+00 2.00000000e+00 2.00000000e+00 2.00000000e+00
 2.00000000e+00 2.00000000e+00 2.00000000e+00 2.00000000e+00
 2.00000000e+00 2.00000000e+00]

	SCF Occupancy Eigenvalues for Fragment Number : # 3
	[1.83778916e-15 1.44909914e-15 1.22691601e-15 1.09004603e-15
 9.87773553e-16 9.75600903e-16 9.35149714e-16 9.13678888e-16
 7.92506398e-16 7.79717261e-16 7.46672717e-16 7.42639335e-16
 6.80486995e-16 6.19717299e-16 6.00261558e-16 5.29895683e-16
 5.05207209e-16 4.55160560e-16 4.44105573e-16 4.20659040e-16
 3.86087177e-16 3.84396673e-16 3.79808819e-16 3.39645261e-16
 3.22634831e-16 3.15832487e-16 3.08960250e-16 2.79089966e-16
 2.63776392e-16 2.40326798e-16 2.22939617e-16 1.79933391e-16
 1.77718814e-16 1.74052250e-16 1.55167356e-16 1.44920927e-16
 1.32170157e-16 1.05818132e-16 1.05777471e-16 9.44251228e-17
 6.11946650e-17 6.11062506e-17 4.63961357e-17 4.18939160e-17
 3.39427521e-17 1.91782835e-17 1.52321873e-17 8.18916377e-18
 5.02072980e-18 4.66635628e-18 1.62833383e-18 1.41560244e-18
 3.26539858e-18 4.62588661e-18 4.90311197e-18 5.66681259e-18
 7.76244289e-18 1.26342979e-17 2.36396267e-17 2.80746442e-17
 3.55380089e-17 5.40589416e-17 6.00300591e-17 6.14215197e-17
 6.26276393e-17 6.33189911e-17 9.69327762e-17 1.22902457e-16
 1.23373129e-16 1.38580540e-16 1.46501626e-16 1.52883921e-16
 1.82943323e-16 2.13818221e-16 2.42517509e-16 2.50428907e-16
 2.66925927e-16 2.74710586e-16 2.95987331e-16 3.04260842e-16
 3.19512042e-16 3.32438911e-16 3.85564964e-16 4.06356200e-16
 4.45897087e-16 4.52121911e-16 4.71757058e-16 4.90721943e-16
 5.47205226e-16 5.62931209e-16 5.63014305e-16 6.01706005e-16
 6.25309018e-16 6.95768272e-16 7.04123393e-16 7.13523895e-16
 8.92857898e-16 1.03084829e-15 1.05288506e-15 1.21834864e-15
 1.31187985e-15 1.36707244e-15 1.53044471e-15 1.77131434e-15
 2.08830923e-05 1.05011549e-02 3.39695466e-02 9.53222348e-01
 1.04178996e+00 1.97581376e+00 1.99425627e+00 1.99874979e+00
 1.99924443e+00 1.99959264e+00 1.99986178e+00 1.99995729e+00
 1.99998510e+00 2.00000000e+00 2.00000000e+00 2.00000000e+00
 2.00000000e+00 2.00000000e+00 2.00000000e+00 2.00000000e+00
 2.00000000e+00 2.00000000e+00 2.00000000e+00 2.00000000e+00
 2.00000000e+00 2.00000000e+00 2.00000000e+00 2.00000000e+00
 2.00000000e+00 2.00000000e+00 2.00000000e+00 2.00000000e+00
 2.00000000e+00 2.00000000e+00 2.00000000e+00 2.00000000e+00
 2.00000000e+00 2.00000000e+00 2.00000000e+00 2.00000000e+00
 2.00000000e+00 2.00000000e+00 2.00000000e+00 2.00000000e+00
 2.00000000e+00 2.00000000e+00 2.00000000e+00 2.00000000e+00
 2.00000000e+00 2.00000000e+00 2.00000000e+00 2.00000000e+00
 2.00000000e+00 2.00000000e+00 2.00000000e+00 2.00000000e+00
 2.00000000e+00 2.00000000e+00 2.00000000e+00 2.00000000e+00]

	SCF Occupancy Eigenvalues for Fragment Number : # 4
	[1.72292854e-15 1.39762302e-15 9.60723145e-16 8.69483044e-16
 8.52828601e-16 7.95804983e-16 6.94735207e-16 6.18027680e-16
 6.14801772e-16 5.90180456e-16 5.25142218e-16 4.68916442e-16
 4.13964705e-16 3.77266549e-16 3.02718892e-16 2.96896750e-16
 2.76448333e-16 2.68228922e-16 2.43435102e-16 2.12532480e-16
 2.10161791e-16 1.59449842e-16 1.49703416e-16 1.35284166e-16
 1.09310024e-16 1.07291952e-16 6.02914542e-17 4.58414725e-17
 3.63678159e-17 1.64479967e-17 7.40329158e-18 5.33572601e-18
 2.09802811e-18 3.45591157e-19 1.02120436e-19 8.28618414e-19
 4.93090645e-18 6.40614956e-18 2.78768465e-17 2.91174095e-17
 4.72482787e-17 5.31394417e-17 8.88147472e-17 1.10688794e-16
 1.16183364e-16 1.30304661e-16 1.60916419e-16 1.84613140e-16
 2.21255300e-16 2.44103423e-16 2.67896345e-16 2.72792915e-16
 2.77187152e-16 2.88390523e-16 3.56287367e-16 3.94316431e-16
 4.17806295e-16 4.93145061e-16 5.15224519e-16 5.24417644e-16
 5.64727498e-16 6.85785967e-16 8.04431714e-16 8.77655426e-16
 9.09843665e-16 1.68889549e-15 1.30350563e-08 8.46816901e-08
 1.13961787e-07 4.79552667e-07 1.02482741e-06 3.03346011e-06
 3.68434659e-06 8.82956783e-06 2.05456817e-05 6.51865786e-05
 7.97952332e-05 1.12761031e-04 2.64246097e-04 5.46894007e-04
 1.39492806e-03 5.95195199e-03 1.14571895e-02 9.59785855e-01
 1.97080059e+00 1.98054306e+00 1.99010418e+00 1.99702485e+00
 1.99883026e+00 1.99966629e+00 1.99986794e+00 1.99991632e+00
 1.99995165e+00 1.99996799e+00 1.99999231e+00 1.99999674e+00
 1.99999796e+00 1.99999891e+00 1.99999933e+00 1.99999966e+00
 1.99999977e+00 1.99999988e+00 1.99999993e+00 1.99999996e+00
 1.99999998e+00 1.99999999e+00 1.99999999e+00 2.00000000e+00
 2.00000000e+00 2.00000000e+00 2.00000000e+00 2.00000000e+00
 2.00000000e+00 2.00000000e+00 2.00000000e+00 2.00000000e+00
 2.00000000e+00 2.00000000e+00 2.00000000e+00 2.00000000e+00
 2.00000000e+00 2.00000000e+00 2.00000000e+00 2.00000000e+00
 2.00000000e+00 2.00000000e+00]

		Fragment Number : #  1
		------------------------
		CCSD diag: n_active_mos=98, n_active_electrons=98, trace(onerdm)=98.00000000000001
		Fragment Energy = -534.8262911421734
		Number of Electrons in Fragment = 33.83720786866775
		Fragment Number : #  2
		------------------------
		CCSD diag: n_active_mos=26, n_active_electrons=26, trace(onerdm)=26.0
		Fragment Energy = -112.49573084808442
		Number of Electrons in Fragment = 7.9983204489703015
		Fragment Number : #  3
		------------------------
		CCSD diag: n_active_mos=102, n_active_electrons=102, trace(onerdm)=102.0
		Fragment Energy = -536.0898727529508
		Number of Electrons in Fragment = 35.078428926400484
		Fragment Number : #  4
		------------------------
		CCSD diag: n_active_mos=26, n_active_electrons=26, trace(onerdm)=25.999999999999996
		Fragment Energy = -112.1127845161349
		Number of Electrons in Fragment = 8.001053954864776
		Fragment Number : #  5
		------------------------
		CCSD diag: n_active_mos=102, n_active_electrons=102, trace(onerdm)=101.99999999999999
		Fragment Energy = -535.420960980997
		Number of Electrons in Fragment = 35.0849888052011
 	*** DMET Cycle Done *** 
 	DMET Energy ( a.u. ) =   -731.1492181737
 	Chemical Potential   =     -0.0038154844
TPP DMET energy (Hartree): -731.149218
Optimizing CO2-only geometry...
geometric-optimize called with the following command line:
run_dmet_sqd_relaxed_monomers.py

                                        [91m())))))))))))))))/[0m                     
                                    [91m())))))))))))))))))))))))),[0m                
                                [91m*)))))))))))))))))))))))))))))))))[0m             
                        [94m#,[0m    [91m()))))))))/[0m                [91m.)))))))))),[0m          
                      [94m#%%%%,[0m  [91m())))))[0m                        [91m.))))))))*[0m        
                      [94m*%%%%%%,[0m  [91m))[0m              [93m..[0m              [91m,))))))).[0m      
                        [94m*%%%%%%,[0m         [93m***************/.[0m        [91m.)))))))[0m     
                [94m#%%/[0m      [94m(%%%%%%,[0m    [93m/*********************.[0m       [91m)))))))[0m    
              [94m.%%%%%%#[0m      [94m*%%%%%%,[0m  [93m*******/,[0m     [93m**********,[0m      [91m.))))))[0m   
                [94m.%%%%%%/[0m      [94m*%%%%%%,[0m  [93m**[0m              [93m********[0m      [91m.))))))[0m  
          [94m##[0m      [94m.%%%%%%/[0m      [94m(%%%%%%,[0m                  [93m,******[0m      [91m/)))))[0m  
        [94m%%%%%%[0m      [94m.%%%%%%#[0m      [94m*%%%%%%,[0m    [92m,/////.[0m       [93m******[0m      [91m))))))[0m 
      [94m#%[0m      [94m%%[0m      [94m.%%%%%%/[0m      [94m*%%%%%%,[0m  [92m////////,[0m      [93m*****/[0m     [91m,)))))[0m 
    [94m#%%[0m  [94m%%%[0m  [94m%%%#[0m      [94m.%%%%%%/[0m      [94m(%%%%%%,[0m  [92m///////.[0m     [93m/*****[0m      [91m))))).[0m
  [94m#%%%%.[0m      [94m%%%%%#[0m      [94m/%%%%%%*[0m      [94m#%%%%%%[0m   [92m/////)[0m     [93m******[0m      [91m))))),[0m
    [94m#%%%%##%[0m  [94m%%%#[0m      [94m.%%%%%%/[0m      [94m(%%%%%%,[0m  [92m///////.[0m     [93m/*****[0m      [91m))))).[0m
      [94m##[0m     [94m%%%[0m      [94m.%%%%%%/[0m      [94m*%%%%%%,[0m  [92m////////.[0m      [93m*****/[0m     [91m,)))))[0m 
        [94m#%%%%#[0m      [94m/%%%%%%/[0m      [94m(%%%%%%[0m      [92m/)/)//[0m       [93m******[0m      [91m))))))[0m 
          [94m##[0m      [94m.%%%%%%/[0m      [94m(%%%%%%,[0m                  [93m*******[0m      [91m))))))[0m  
                [94m.%%%%%%/[0m      [94m*%%%%%%,[0m  [93m**.[0m             [93m/*******[0m      [91m.))))))[0m  
              [94m*%%%%%%/[0m      [94m(%%%%%%[0m   [93m********/*..,*/*********[0m       [91m*))))))[0m   
                [94m#%%/[0m      [94m(%%%%%%,[0m    [93m*********************/[0m        [91m)))))))[0m    
                        [94m*%%%%%%,[0m         [93m,**************/[0m         [91m,))))))/[0m     
                      [94m(%%%%%%[0m   [91m()[0m                              [91m))))))))[0m       
                      [94m#%%%%,[0m  [91m())))))[0m                        [91m,)))))))),[0m        
                        [94m#,[0m    [91m())))))))))[0m                [91m,)))))))))).[0m          
                                 [91m()))))))))))))))))))))))))))))))/[0m             
                                    [91m())))))))))))))))))))))))).[0m                
                                         [91m())))))))))))))),[0m                     

-=# [1;94m geomeTRIC started. Version: 1.1 [0m #=-
Current date and time: 2026-03-17 14:10:30
#========================================================#
#| [92m    Arguments passed to driver run_optimizer():     [0m |#
#========================================================#
customengine              <pyscf.geomopt.geometric_solver.PySCFEngine object at 0x7f6ad09d3f20> 
input                     /tmp/tmp1pqguykk/8b350433-29dc-40c8-afbc-e2eade1882e4 
logIni                    /home/bhabani/miniconda3/lib/python3.12/site-packages/pyscf/geomopt/log.ini 
maxiter                   100 
tmpdir                    /tmp/tmpv9bjfz2g 
----------------------------------------------------------
Custom engine selected.
Bonds will be generated from interatomic distances less than 1.20 times sum of covalent radii
9 internal coordinates being used (instead of 9 Cartesians)
Internal coordinate system (atoms numbered from 1):
Distance 1-2
Distance 1-3
Angle 2-1-3
Translation-X 1-3
Translation-Y 1-3
Translation-Z 1-3
Rotation-A 1-3
Rotation-B 1-3
Rotation-C 1-3
<class 'geometric.internal.Distance'> : 2
<class 'geometric.internal.Angle'> : 1
<class 'geometric.internal.TranslationX'> : 1
<class 'geometric.internal.TranslationY'> : 1
<class 'geometric.internal.TranslationZ'> : 1
<class 'geometric.internal.RotationA'> : 1
<class 'geometric.internal.RotationB'> : 1
<class 'geometric.internal.RotationC'> : 1
> ===== Optimization Info: ====
> Job type: Energy minimization
> Maximum number of optimization cycles: 100
> Initial / maximum trust radius (Angstrom): 0.100 / 0.300
> Convergence Criteria:
> Will converge when all 5 criteria are reached:
>  |Delta-E| < 1.00e-06
>  RMS-Grad  < 3.00e-04
>  Max-Grad  < 4.50e-04
>  RMS-Disp  < 1.20e-03
>  Max-Disp  < 1.80e-03
> === End Optimization Info ===
WARN: Mole.unit (Angstrom) is changed to Bohr
Step    0 : Gradient = 1.754e-01/2.295e-01 (rms/max) Energy = -186.4593915463
Hessian Eigenvalues: 5.00000e-02 5.00000e-02 5.00000e-02 ... 2.50000e-01 7.43764e-01 7.89301e-01
Step    1 : Displace = [0m9.715e-02[0m/[0m1.369e-01[0m (rms/max) Trust = 1.000e-01 (=) Grad = [0m1.029e-01[0m/[0m1.275e-01[0m (rms/max) E (change) = -186.5260412138 ([0m-6.665e-02[0m) Quality = [0m1.137[0m
Hessian Eigenvalues: 5.00000e-02 5.00000e-02 5.00000e-02 ... 2.28512e-01 5.69745e-01 7.72202e-01
Step    2 : Displace = [0m1.477e-01[0m/[0m1.989e-01[0m (rms/max) Trust = 1.414e-01 ([92m+[0m) Grad = [0m1.150e-01[0m/[0m1.544e-01[0m (rms/max) E (change) = -186.5486629641 ([0m-2.262e-02[0m) Quality = [0m0.569[0m
Updating Hessian using 2 steps from history
Hessian Eigenvalues: 5.00000e-02 5.00000e-02 5.00000e-02 ... 1.83703e-01 7.71179e-01 1.13189e+00
Step    3 : Displace = [0m5.497e-02[0m/[0m6.847e-02[0m (rms/max) Trust = 1.414e-01 (=) Grad = [0m2.778e-02[0m/[0m3.797e-02[0m (rms/max) E (change) = -186.5602854978 ([0m-1.162e-02[0m) Quality = [0m0.669[0m
Hessian Eigenvalues: 5.00000e-02 5.00000e-02 5.00000e-02 ... 1.83355e-01 7.71775e-01 1.40094e+00
Step    4 : Displace = [0m1.015e-02[0m/[0m1.315e-02[0m (rms/max) Trust = 1.414e-01 (=) Grad = [0m5.095e-03[0m/[0m7.118e-03[0m (rms/max) E (change) = -186.5612279421 ([0m-9.424e-04[0m) Quality = [0m1.193[0m
Hessian Eigenvalues: 5.00000e-02 5.00000e-02 5.00000e-02 ... 1.83361e-01 7.68250e-01 1.15459e+00
Step    5 : Displace = [0m2.206e-03[0m/[0m2.937e-03[0m (rms/max) Trust = 2.000e-01 ([92m+[0m) Grad = [0m4.518e-04[0m/[0m5.802e-04[0m (rms/max) E (change) = -186.5612573486 ([0m-2.941e-05[0m) Quality = [0m0.940[0m
Hessian Eigenvalues: 5.00000e-02 5.00000e-02 5.00000e-02 ... 1.83361e-01 7.78979e-01 1.21206e+00
Step    6 : Displace = [92m1.329e-04[0m/[92m1.870e-04[0m (rms/max) Trust = 2.828e-01 ([92m+[0m) Grad = [92m7.879e-05[0m/[92m1.108e-04[0m (rms/max) E (change) = -186.5612574959 ([92m-1.473e-07[0m) Quality = [0m0.915[0m
Hessian Eigenvalues: 5.00000e-02 5.00000e-02 5.00000e-02 ... 1.83361e-01 7.78979e-01 1.21206e+00
Converged! =D

    #==========================================================================#
    #| If this code has benefited your research, please support us by citing: |#
    #|                                                                        |#
    #| Wang, L.-P.; Song, C.C. (2016) "Geometry optimization made simple with |#
    #| translation and rotation coordinates", J. Chem, Phys. 144, 214108.     |#
    #| http://dx.doi.org/10.1063/1.4952956                                    |#
    #==========================================================================#
    Time elapsed since start of run_optimizer: 2.072 seconds
WARN: ECP not specified. The basis set CRENBL include an ECP. Recommended ECP: CRENBL.
 	Iteration =  1
 	----------------
 
	SCF Occupancy Eigenvalues for Fragment Number : # 0
	[]

Fragment: n_homo=10, n_lumo=11, kept=[9, 10, 11, 12]
		Fragment Number : #  1
		------------------------
Pass: Decompose - 1.41478 (ms)Pass: MergeOrbitalRotations - 0.08845 (ms)SQD counts diag: n_bits=8, first_bitstring=[0, 0, 1, 1, 0, 0, 1, 1], hamming_left=2, hamming_right=2
SQD postselect diag: total_samples=1, total_postselected=8, batch_sizes=[1, 1, 1, 1, 1, 1, 1, 1]
SQD batch diag: batch0_shape=(1, 8), first_bitstring=[0, 0, 1, 1, 0, 0, 1, 1], hamming_left=2, hamming_right=2
SQD sci diag: batch=0, norb=4, nelec=(2, 2), amp_norm=1.0, trace(rdm1)=4.0
SQD sci diag: batch=1, norb=4, nelec=(2, 2), amp_norm=1.0, trace(rdm1)=4.0
SQD sci diag: batch=2, norb=4, nelec=(2, 2), amp_norm=1.0, trace(rdm1)=4.0
SQD sci diag: batch=3, norb=4, nelec=(2, 2), amp_norm=1.0, trace(rdm1)=4.0
SQD sci diag: batch=4, norb=4, nelec=(2, 2), amp_norm=1.0, trace(rdm1)=4.0
SQD sci diag: batch=5, norb=4, nelec=(2, 2), amp_norm=1.0, trace(rdm1)=4.0
SQD sci diag: batch=6, norb=4, nelec=(2, 2), amp_norm=1.0, trace(rdm1)=4.0
SQD sci diag: batch=7, norb=4, nelec=(2, 2), amp_norm=1.0, trace(rdm1)=4.0
/home/bhabani/miniconda3/lib/python3.12/site-packages/qiskit_addon_sqd/configuration_recovery.py:230: RuntimeWarning: invalid value encountered in divide
  probs_left = probs_left / np.sum(probs_left)
/home/bhabani/miniconda3/lib/python3.12/site-packages/qiskit_addon_sqd/configuration_recovery.py:231: RuntimeWarning: invalid value encountered in divide
  probs_right = probs_right / np.sum(probs_right)
SQD postselect diag: total_samples=1, total_postselected=8, batch_sizes=[1, 1, 1, 1, 1, 1, 1, 1]
SQD batch diag: batch0_shape=(1, 8), first_bitstring=[0, 0, 1, 1, 0, 0, 1, 1], hamming_left=2, hamming_right=2
SQD sci diag: batch=0, norb=4, nelec=(2, 2), amp_norm=1.0, trace(rdm1)=4.0
SQD sci diag: batch=1, norb=4, nelec=(2, 2), amp_norm=1.0, trace(rdm1)=4.0
SQD sci diag: batch=2, norb=4, nelec=(2, 2), amp_norm=1.0, trace(rdm1)=4.0
SQD sci diag: batch=3, norb=4, nelec=(2, 2), amp_norm=1.0, trace(rdm1)=4.0
SQD sci diag: batch=4, norb=4, nelec=(2, 2), amp_norm=1.0, trace(rdm1)=4.0
SQD sci diag: batch=5, norb=4, nelec=(2, 2), amp_norm=1.0, trace(rdm1)=4.0
SQD sci diag: batch=6, norb=4, nelec=(2, 2), amp_norm=1.0, trace(rdm1)=4.0
SQD sci diag: batch=7, norb=4, nelec=(2, 2), amp_norm=1.0, trace(rdm1)=4.0
		SQD diag: n_active_mos=4, n_active_electrons=4, trace(onerdm)=4.0
		Fragment Energy = -245.16770333798928
		Number of Electrons in Fragment = 21.999999999999996
 	Iteration =  2
 	----------------
 
	SCF Occupancy Eigenvalues for Fragment Number : # 0
	[]

Fragment: n_homo=10, n_lumo=11, kept=[9, 10, 11, 12]
		Fragment Number : #  1
		------------------------
Pass: Decompose - 0.29469 (ms)Pass: MergeOrbitalRotations - 0.05794 (ms)SQD counts diag: n_bits=8, first_bitstring=[0, 0, 1, 1, 0, 0, 1, 1], hamming_left=2, hamming_right=2
SQD postselect diag: total_samples=1, total_postselected=8, batch_sizes=[1, 1, 1, 1, 1, 1, 1, 1]
SQD batch diag: batch0_shape=(1, 8), first_bitstring=[0, 0, 1, 1, 0, 0, 1, 1], hamming_left=2, hamming_right=2
SQD sci diag: batch=0, norb=4, nelec=(2, 2), amp_norm=1.0, trace(rdm1)=4.0
SQD sci diag: batch=1, norb=4, nelec=(2, 2), amp_norm=1.0, trace(rdm1)=4.0
SQD sci diag: batch=2, norb=4, nelec=(2, 2), amp_norm=1.0, trace(rdm1)=4.0
SQD sci diag: batch=3, norb=4, nelec=(2, 2), amp_norm=1.0, trace(rdm1)=4.0
SQD sci diag: batch=4, norb=4, nelec=(2, 2), amp_norm=1.0, trace(rdm1)=4.0
SQD sci diag: batch=5, norb=4, nelec=(2, 2), amp_norm=1.0, trace(rdm1)=4.0
SQD sci diag: batch=6, norb=4, nelec=(2, 2), amp_norm=1.0, trace(rdm1)=4.0
SQD sci diag: batch=7, norb=4, nelec=(2, 2), amp_norm=1.0, trace(rdm1)=4.0
SQD postselect diag: total_samples=1, total_postselected=8, batch_sizes=[1, 1, 1, 1, 1, 1, 1, 1]
SQD batch diag: batch0_shape=(1, 8), first_bitstring=[0, 0, 1, 1, 0, 0, 1, 1], hamming_left=2, hamming_right=2
SQD sci diag: batch=0, norb=4, nelec=(2, 2), amp_norm=1.0, trace(rdm1)=4.0
SQD sci diag: batch=1, norb=4, nelec=(2, 2), amp_norm=1.0, trace(rdm1)=4.0
SQD sci diag: batch=2, norb=4, nelec=(2, 2), amp_norm=1.0, trace(rdm1)=4.0
SQD sci diag: batch=3, norb=4, nelec=(2, 2), amp_norm=1.0, trace(rdm1)=4.0
SQD sci diag: batch=4, norb=4, nelec=(2, 2), amp_norm=1.0, trace(rdm1)=4.0
SQD sci diag: batch=5, norb=4, nelec=(2, 2), amp_norm=1.0, trace(rdm1)=4.0
SQD sci diag: batch=6, norb=4, nelec=(2, 2), amp_norm=1.0, trace(rdm1)=4.0
SQD sci diag: batch=7, norb=4, nelec=(2, 2), amp_norm=1.0, trace(rdm1)=4.0
		SQD diag: n_active_mos=4, n_active_electrons=4, trace(onerdm)=4.0
		Fragment Energy = -245.16770333798945
		Number of Electrons in Fragment = 22.000000000000004
 	Iteration =  3
 	----------------
 
	SCF Occupancy Eigenvalues for Fragment Number : # 0
	[]

Fragment: n_homo=10, n_lumo=11, kept=[9, 10, 11, 12]
		Fragment Number : #  1
		------------------------
Pass: Decompose - 0.27657 (ms)Pass: MergeOrbitalRotations - 0.03362 (ms)SQD counts diag: n_bits=8, first_bitstring=[0, 0, 1, 1, 0, 0, 1, 1], hamming_left=2, hamming_right=2
SQD postselect diag: total_samples=1, total_postselected=8, batch_sizes=[1, 1, 1, 1, 1, 1, 1, 1]
SQD batch diag: batch0_shape=(1, 8), first_bitstring=[0, 0, 1, 1, 0, 0, 1, 1], hamming_left=2, hamming_right=2
SQD sci diag: batch=0, norb=4, nelec=(2, 2), amp_norm=1.0, trace(rdm1)=4.0
SQD sci diag: batch=1, norb=4, nelec=(2, 2), amp_norm=1.0, trace(rdm1)=4.0
SQD sci diag: batch=2, norb=4, nelec=(2, 2), amp_norm=1.0, trace(rdm1)=4.0
SQD sci diag: batch=3, norb=4, nelec=(2, 2), amp_norm=1.0, trace(rdm1)=4.0
SQD sci diag: batch=4, norb=4, nelec=(2, 2), amp_norm=1.0, trace(rdm1)=4.0
SQD sci diag: batch=5, norb=4, nelec=(2, 2), amp_norm=1.0, trace(rdm1)=4.0
SQD sci diag: batch=6, norb=4, nelec=(2, 2), amp_norm=1.0, trace(rdm1)=4.0
SQD sci diag: batch=7, norb=4, nelec=(2, 2), amp_norm=1.0, trace(rdm1)=4.0
SQD postselect diag: total_samples=1, total_postselected=8, batch_sizes=[1, 1, 1, 1, 1, 1, 1, 1]
SQD batch diag: batch0_shape=(1, 8), first_bitstring=[0, 0, 1, 1, 0, 0, 1, 1], hamming_left=2, hamming_right=2
SQD sci diag: batch=0, norb=4, nelec=(2, 2), amp_norm=1.0, trace(rdm1)=4.0
SQD sci diag: batch=1, norb=4, nelec=(2, 2), amp_norm=1.0, trace(rdm1)=4.0
SQD sci diag: batch=2, norb=4, nelec=(2, 2), amp_norm=1.0, trace(rdm1)=4.0
SQD sci diag: batch=3, norb=4, nelec=(2, 2), amp_norm=1.0, trace(rdm1)=4.0
SQD sci diag: batch=4, norb=4, nelec=(2, 2), amp_norm=1.0, trace(rdm1)=4.0
SQD sci diag: batch=5, norb=4, nelec=(2, 2), amp_norm=1.0, trace(rdm1)=4.0
SQD sci diag: batch=6, norb=4, nelec=(2, 2), amp_norm=1.0, trace(rdm1)=4.0
SQD sci diag: batch=7, norb=4, nelec=(2, 2), amp_norm=1.0, trace(rdm1)=4.0
		SQD diag: n_active_mos=4, n_active_electrons=4, trace(onerdm)=4.0
		Fragment Energy = -245.1677033379894
		Number of Electrons in Fragment = 22.0
 	Iteration =  4
 	----------------
 
	SCF Occupancy Eigenvalues for Fragment Number : # 0
	[]

Fragment: n_homo=10, n_lumo=11, kept=[9, 10, 11, 12]
		Fragment Number : #  1
		------------------------
Pass: Decompose - 0.35048 (ms)Pass: MergeOrbitalRotations - 0.04101 (ms)SQD counts diag: n_bits=8, first_bitstring=[0, 0, 1, 1, 0, 0, 1, 1], hamming_left=2, hamming_right=2
SQD postselect diag: total_samples=1, total_postselected=8, batch_sizes=[1, 1, 1, 1, 1, 1, 1, 1]
SQD batch diag: batch0_shape=(1, 8), first_bitstring=[0, 0, 1, 1, 0, 0, 1, 1], hamming_left=2, hamming_right=2
SQD sci diag: batch=0, norb=4, nelec=(2, 2), amp_norm=1.0, trace(rdm1)=4.0
SQD sci diag: batch=1, norb=4, nelec=(2, 2), amp_norm=1.0, trace(rdm1)=4.0
SQD sci diag: batch=2, norb=4, nelec=(2, 2), amp_norm=1.0, trace(rdm1)=4.0
SQD sci diag: batch=3, norb=4, nelec=(2, 2), amp_norm=1.0, trace(rdm1)=4.0
SQD sci diag: batch=4, norb=4, nelec=(2, 2), amp_norm=1.0, trace(rdm1)=4.0
SQD sci diag: batch=5, norb=4, nelec=(2, 2), amp_norm=1.0, trace(rdm1)=4.0
SQD sci diag: batch=6, norb=4, nelec=(2, 2), amp_norm=1.0, trace(rdm1)=4.0
SQD sci diag: batch=7, norb=4, nelec=(2, 2), amp_norm=1.0, trace(rdm1)=4.0
SQD postselect diag: total_samples=1, total_postselected=8, batch_sizes=[1, 1, 1, 1, 1, 1, 1, 1]
SQD batch diag: batch0_shape=(1, 8), first_bitstring=[0, 0, 1, 1, 0, 0, 1, 1], hamming_left=2, hamming_right=2
SQD sci diag: batch=0, norb=4, nelec=(2, 2), amp_norm=1.0, trace(rdm1)=4.0
SQD sci diag: batch=1, norb=4, nelec=(2, 2), amp_norm=1.0, trace(rdm1)=4.0
SQD sci diag: batch=2, norb=4, nelec=(2, 2), amp_norm=1.0, trace(rdm1)=4.0
SQD sci diag: batch=3, norb=4, nelec=(2, 2), amp_norm=1.0, trace(rdm1)=4.0
SQD sci diag: batch=4, norb=4, nelec=(2, 2), amp_norm=1.0, trace(rdm1)=4.0
SQD sci diag: batch=5, norb=4, nelec=(2, 2), amp_norm=1.0, trace(rdm1)=4.0
SQD sci diag: batch=6, norb=4, nelec=(2, 2), amp_norm=1.0, trace(rdm1)=4.0
SQD sci diag: batch=7, norb=4, nelec=(2, 2), amp_norm=1.0, trace(rdm1)=4.0
		SQD diag: n_active_mos=4, n_active_electrons=4, trace(onerdm)=4.0
		Fragment Energy = -245.16770333798937
		Number of Electrons in Fragment = 22.000000000000004
 	*** DMET Cycle Done *** 
 	DMET Energy ( a.u. ) =   -186.5612574958
 	Chemical Potential   =      0.0000500000
CO2 DMET energy (Hartree): -186.561257

Monomer energies (Hartree):
TPP: -731.1492181737
CO2: -186.5612574958
