Optimizing TPP-only geometry...
geometric-optimize called with the following command line:
run_dmet_sqd_relaxed_monomers.py

                                        [91m())))))))))))))))/[0m                     
                                    [91m())))))))))))))))))))))))),[0m                
                                [91m*)))))))))))))))))))))))))))))))))[0m             
                        [94m#,[0m    [91m()))))))))/[0m                [91m.)))))))))),[0m          
                      [94m#%%%%,[0m  [91m())))))[0m                        [91m.))))))))*[0m        
                      [94m*%%%%%%,[0m  [91m))[0m              [93m..[0m              [91m,))))))).[0m      
                        [94m*%%%%%%,[0m         [93m***************/.[0m        [91m.)))))))[0m     
                [94m#%%/[0m      [94m(%%%%%%,[0m    [93m/*********************.[0m       [91m)))))))[0m    
              [94m.%%%%%%#[0m      [94m*%%%%%%,[0m  [93m*******/,[0m     [93m**********,[0m      [91m.))))))[0m   
                [94m.%%%%%%/[0m      [94m*%%%%%%,[0m  [93m**[0m              [93m********[0m      [91m.))))))[0m  
          [94m##[0m      [94m.%%%%%%/[0m      [94m(%%%%%%,[0m                  [93m,******[0m      [91m/)))))[0m  
        [94m%%%%%%[0m      [94m.%%%%%%#[0m      [94m*%%%%%%,[0m    [92m,/////.[0m       [93m******[0m      [91m))))))[0m 
      [94m#%[0m      [94m%%[0m      [94m.%%%%%%/[0m      [94m*%%%%%%,[0m  [92m////////,[0m      [93m*****/[0m     [91m,)))))[0m 
    [94m#%%[0m  [94m%%%[0m  [94m%%%#[0m      [94m.%%%%%%/[0m      [94m(%%%%%%,[0m  [92m///////.[0m     [93m/*****[0m      [91m))))).[0m
  [94m#%%%%.[0m      [94m%%%%%#[0m      [94m/%%%%%%*[0m      [94m#%%%%%%[0m   [92m/////)[0m     [93m******[0m      [91m))))),[0m
    [94m#%%%%##%[0m  [94m%%%#[0m      [94m.%%%%%%/[0m      [94m(%%%%%%,[0m  [92m///////.[0m     [93m/*****[0m      [91m))))).[0m
      [94m##[0m     [94m%%%[0m      [94m.%%%%%%/[0m      [94m*%%%%%%,[0m  [92m////////.[0m      [93m*****/[0m     [91m,)))))[0m 
        [94m#%%%%#[0m      [94m/%%%%%%/[0m      [94m(%%%%%%[0m      [92m/)/)//[0m       [93m******[0m      [91m))))))[0m 
          [94m##[0m      [94m.%%%%%%/[0m      [94m(%%%%%%,[0m                  [93m*******[0m      [91m))))))[0m  
                [94m.%%%%%%/[0m      [94m*%%%%%%,[0m  [93m**.[0m             [93m/*******[0m      [91m.))))))[0m  
              [94m*%%%%%%/[0m      [94m(%%%%%%[0m   [93m********/*..,*/*********[0m       [91m*))))))[0m   
                [94m#%%/[0m      [94m(%%%%%%,[0m    [93m*********************/[0m        [91m)))))))[0m    
                        [94m*%%%%%%,[0m         [93m,**************/[0m         [91m,))))))/[0m     
                      [94m(%%%%%%[0m   [91m()[0m                              [91m))))))))[0m       
                      [94m#%%%%,[0m  [91m())))))[0m                        [91m,)))))))),[0m        
                        [94m#,[0m    [91m())))))))))[0m                [91m,)))))))))).[0m          
                                 [91m()))))))))))))))))))))))))))))))/[0m             
                                    [91m())))))))))))))))))))))))).[0m                
                                         [91m())))))))))))))),[0m                     

-=# [1;94m geomeTRIC started. Version: 1.1 [0m #=-
Current date and time: 2026-03-02 16:38:07
#========================================================#
#| [92m    Arguments passed to driver run_optimizer():     [0m |#
#========================================================#
customengine              <pyscf.geomopt.geometric_solver.PySCFEngine object at 0x7f4bfa92fd40> 
input                     /tmp/tmp1o39fq1o/9de62b89-7dc3-4685-ba42-13aab3d573a1 
logIni                    /home/bhabani/miniconda3/lib/python3.12/site-packages/pyscf/geomopt/log.ini 
maxiter                   100 
tmpdir                    /tmp/tmpgs1m4i9u 
----------------------------------------------------------
Custom engine selected.
Bonds will be generated from interatomic distances less than 1.20 times sum of covalent radii
87 internal coordinates being used (instead of 87 Cartesians)
Internal coordinate system (atoms numbered from 1):
Distance 1-2
Distance 1-5
Distance 1-19
Distance 2-3
Distance 2-6
Distance 3-4
Distance 3-7
Distance 4-5
Distance 4-8
Distance 8-9
Distance 8-10
Distance 8-11
Distance 11-12
Distance 11-13
Distance 12-14
Distance 12-18
Distance 13-15
Distance 13-16
Distance 15-17
Distance 15-18
Distance 19-20
Distance 19-21
Distance 19-22
Distance 22-23
Distance 22-24
Distance 23-25
Distance 23-26
Distance 24-27
Distance 24-29
Distance 25-28
Distance 25-29
Angle 2-1-19
Angle 5-1-19
Angle 1-2-6
Angle 3-2-6
Angle 2-3-7
Angle 4-3-7
Angle 3-4-8
Angle 5-4-8
Angle 1-5-4
Angle 4-8-9
Angle 4-8-10
Angle 4-8-11
Angle 9-8-10
Angle 9-8-11
Angle 10-8-11
Angle 8-11-13
Angle 12-11-13
Angle 11-12-18
Angle 14-12-18
Angle 11-13-16
Angle 15-13-16
Angle 13-15-18
Angle 17-15-18
Angle 12-18-15
Angle 1-19-20
Angle 1-19-21
Angle 1-19-22
Angle 20-19-21
Angle 20-19-22
Angle 21-19-22
Angle 19-22-24
Angle 23-22-24
Angle 22-23-26
Angle 25-23-26
Angle 22-24-29
Angle 27-24-29
Angle 23-25-29
Angle 28-25-29
Angle 24-29-25
Out-of-Plane 1-2-5-19
Out-of-Plane 2-1-3-6
Out-of-Plane 3-2-4-7
Out-of-Plane 4-3-5-8
Out-of-Plane 11-8-12-13
Out-of-Plane 12-11-14-18
Out-of-Plane 13-11-15-16
Out-of-Plane 15-13-17-18
Out-of-Plane 22-19-23-24
Out-of-Plane 23-22-25-26
Out-of-Plane 24-22-27-29
Out-of-Plane 25-23-28-29
Dihedral 5-1-2-3
Dihedral 5-1-2-6
Dihedral 19-1-2-3
Dihedral 19-1-2-6
Dihedral 2-1-5-4
Dihedral 19-1-5-4
Dihedral 2-1-19-20
Dihedral 2-1-19-21
Dihedral 2-1-19-22
Dihedral 5-1-19-20
Dihedral 5-1-19-21
Dihedral 5-1-19-22
Dihedral 1-2-3-4
Dihedral 1-2-3-7
Dihedral 6-2-3-4
Dihedral 6-2-3-7
Dihedral 2-3-4-5
Dihedral 2-3-4-8
Dihedral 7-3-4-5
Dihedral 7-3-4-8
Dihedral 3-4-5-1
Dihedral 8-4-5-1
Dihedral 3-4-8-9
Dihedral 3-4-8-10
Dihedral 3-4-8-11
Dihedral 5-4-8-9
Dihedral 5-4-8-10
Dihedral 5-4-8-11
Dihedral 4-8-11-12
Dihedral 4-8-11-13
Dihedral 9-8-11-12
Dihedral 9-8-11-13
Dihedral 10-8-11-12
Dihedral 10-8-11-13
Dihedral 8-11-12-14
Dihedral 8-11-12-18
Dihedral 13-11-12-14
Dihedral 13-11-12-18
Dihedral 8-11-13-15
Dihedral 8-11-13-16
Dihedral 12-11-13-15
Dihedral 12-11-13-16
Dihedral 11-12-18-15
Dihedral 14-12-18-15
Dihedral 11-13-15-17
Dihedral 11-13-15-18
Dihedral 16-13-15-17
Dihedral 16-13-15-18
Dihedral 13-15-18-12
Dihedral 17-15-18-12
Dihedral 1-19-22-23
Dihedral 1-19-22-24
Dihedral 20-19-22-23
Dihedral 20-19-22-24
Dihedral 21-19-22-23
Dihedral 21-19-22-24
Dihedral 19-22-23-25
Dihedral 19-22-23-26
Dihedral 24-22-23-25
Dihedral 24-22-23-26
Dihedral 19-22-24-27
Dihedral 19-22-24-29
Dihedral 23-22-24-27
Dihedral 23-22-24-29
Dihedral 22-23-25-28
Dihedral 22-23-25-29
Dihedral 26-23-25-28
Dihedral 26-23-25-29
Dihedral 22-24-29-25
Dihedral 27-24-29-25
Dihedral 23-25-29-24
Dihedral 28-25-29-24
Translation-X 1-29
Translation-Y 1-29
Translation-Z 1-29
Rotation-A 1-29
Rotation-B 1-29
Rotation-C 1-29
<class 'geometric.internal.Distance'> : 31
<class 'geometric.internal.Angle'> : 39
<class 'geometric.internal.OutOfPlane'> : 12
<class 'geometric.internal.Dihedral'> : 72
<class 'geometric.internal.TranslationX'> : 1
<class 'geometric.internal.TranslationY'> : 1
<class 'geometric.internal.TranslationZ'> : 1
<class 'geometric.internal.RotationA'> : 1
<class 'geometric.internal.RotationB'> : 1
<class 'geometric.internal.RotationC'> : 1
> ===== Optimization Info: ====
> Job type: Energy minimization
> Maximum number of optimization cycles: 100
> Initial / maximum trust radius (Angstrom): 0.100 / 0.300
> Convergence Criteria:
> Will converge when all 5 criteria are reached:
>  |Delta-E| < 1.00e-06
>  RMS-Grad  < 3.00e-04
>  Max-Grad  < 4.50e-04
>  RMS-Disp  < 1.20e-03
>  Max-Disp  < 1.80e-03
> === End Optimization Info ===
WARN: Mole.unit (Angstrom) is changed to Bohr
Step    0 : Gradient = 2.215e-02/6.012e-02 (rms/max) Energy = -729.4168428896
Hessian Eigenvalues: 2.30000e-02 2.30000e-02 2.30000e-02 ... 4.96009e-01 5.36209e-01 5.36619e-01
Step    1 : Displace = [0m1.029e-01[0m/[0m2.061e-01[0m (rms/max) Trust = 1.000e-01 (=) Grad = [0m1.034e-02[0m/[0m2.058e-02[0m (rms/max) E (change) = -729.4286484151 ([0m-1.181e-02[0m) Quality = [0m0.734[0m
Hessian Eigenvalues: 2.29945e-02 2.30000e-02 2.30000e-02 ... 5.11890e-01 5.36287e-01 7.86011e-01
Step    2 : Displace = [0m9.321e-02[0m/[0m2.072e-01[0m (rms/max) Trust = 1.000e-01 (=) Grad = [0m3.737e-03[0m/[0m7.270e-03[0m (rms/max) E (change) = -729.4316592616 ([0m-3.011e-03[0m) Quality = [0m0.786[0m
Hessian Eigenvalues: 2.28574e-02 2.30000e-02 2.30000e-02 ... 5.34353e-01 5.69495e-01 7.88187e-01
Step    3 : Displace = [0m8.902e-02[0m/[0m1.812e-01[0m (rms/max) Trust = 1.414e-01 ([92m+[0m) Grad = [0m1.755e-03[0m/[0m4.110e-03[0m (rms/max) E (change) = -729.4329665911 ([0m-1.307e-03[0m) Quality = [0m1.216[0m
Hessian Eigenvalues: 1.12994e-02 2.30000e-02 2.30000e-02 ... 5.34021e-01 5.69660e-01 8.22194e-01
Step    4 : Displace = [0m9.315e-02[0m/[0m1.956e-01[0m (rms/max) Trust = 2.000e-01 ([92m+[0m) Grad = [0m3.974e-03[0m/[0m7.951e-03[0m (rms/max) E (change) = -729.4334427446 ([0m-4.762e-04[0m) Quality = [0m0.625[0m
Hessian Eigenvalues: 4.98281e-03 2.30000e-02 2.30000e-02 ... 5.69587e-01 7.43755e-01 8.19878e-01
Step    5 : Displace = [0m1.038e-01[0m/[0m2.346e-01[0m (rms/max) Trust = 2.000e-01 (=) Grad = [0m4.075e-03[0m/[0m9.273e-03[0m (rms/max) E (change) = -729.4343158614 ([0m-8.731e-04[0m) Quality = [0m0.853[0m
Hessian Eigenvalues: 2.93189e-03 2.30000e-02 2.30000e-02 ... 5.66108e-01 8.14336e-01 1.10904e+00
Step    6 : Displace = [0m1.390e-01[0m/[0m3.281e-01[0m (rms/max) Trust = 2.828e-01 ([92m+[0m) Grad = [0m7.246e-03[0m/[0m1.688e-02[0m (rms/max) E (change) = -729.4346690633 ([0m-3.532e-04[0m) Quality = [0m0.213[0m
Hessian Eigenvalues: 2.45955e-03 2.08474e-02 2.30000e-02 ... 8.13473e-01 9.08016e-01 1.02540e+00
Step    7 : Displace = [0m7.594e-02[0m/[0m1.663e-01[0m (rms/max) Trust = 6.952e-02 ([91m-[0m) Grad = [0m3.492e-03[0m/[0m8.223e-03[0m (rms/max) E (change) = -729.4370058286 ([0m-2.337e-03[0m) Quality = [0m1.216[0m
Hessian Eigenvalues: 2.01331e-03 1.65258e-02 2.30000e-02 ... 8.07144e-01 8.96016e-01 1.09821e+00
Step    8 : Displace = [0m1.015e-01[0m/[0m1.948e-01[0m (rms/max) Trust = 9.832e-02 ([92m+[0m) Grad = [0m2.968e-03[0m/[0m5.584e-03[0m (rms/max) E (change) = -729.4378930643 ([0m-8.872e-04[0m) Quality = [0m0.599[0m
Hessian Eigenvalues: 1.82348e-03 1.39926e-02 2.29126e-02 ... 8.26568e-01 9.05480e-01 1.09725e+00
Step    9 : Displace = [0m1.016e-01[0m/[0m2.409e-01[0m (rms/max) Trust = 9.832e-02 (=) Grad = [0m2.337e-03[0m/[0m5.504e-03[0m (rms/max) E (change) = -729.4391046063 ([0m-1.212e-03[0m) Quality = [0m1.178[0m
Hessian Eigenvalues: 1.17597e-03 9.35753e-03 2.23226e-02 ... 8.07542e-01 1.03474e+00 1.16646e+00
Step   10 : Displace = [0m1.415e-01[0m/[0m3.304e-01[0m (rms/max) Trust = 1.390e-01 ([92m+[0m) Grad = [0m2.196e-03[0m/[0m4.731e-03[0m (rms/max) E (change) = -729.4404936117 ([0m-1.389e-03[0m) Quality = [0m0.898[0m
Hessian Eigenvalues: 1.45736e-03 7.56282e-03 2.15050e-02 ... 7.92150e-01 9.99157e-01 1.06648e+00
Step   11 : Displace = [0m2.007e-01[0m/[0m4.412e-01[0m (rms/max) Trust = 1.966e-01 ([92m+[0m) Grad = [0m3.054e-03[0m/[0m8.462e-03[0m (rms/max) E (change) = -729.4412225924 ([0m-7.290e-04[0m) Quality = [0m0.534[0m
Hessian Eigenvalues: 2.26835e-03 8.22965e-03 2.08456e-02 ... 7.87297e-01 9.17308e-01 1.06665e+00
Step   12 : Displace = [0m3.852e-02[0m/[0m7.685e-02[0m (rms/max) Trust = 1.966e-01 (=) Grad = [0m1.099e-03[0m/[0m2.743e-03[0m (rms/max) E (change) = -729.4417488281 ([0m-5.262e-04[0m) Quality = [0m1.015[0m
Hessian Eigenvalues: 2.38264e-03 8.23331e-03 1.68596e-02 ... 8.11729e-01 8.87286e-01 1.06604e+00
Step   13 : Displace = [0m7.697e-02[0m/[0m1.695e-01[0m (rms/max) Trust = 2.781e-01 ([92m+[0m) Grad = [0m1.104e-03[0m/[0m2.119e-03[0m (rms/max) E (change) = -729.4418010600 ([0m-5.223e-05[0m) Quality = [0m0.264[0m
Hessian Eigenvalues: 2.49700e-03 8.15175e-03 1.29521e-02 ... 8.07321e-01 9.76451e-01 1.12288e+00
Step   14 : Displace = [0m2.681e-02[0m/[0m5.105e-02[0m (rms/max) Trust = 2.781e-01 (=) Grad = [0m7.211e-04[0m/[0m1.566e-03[0m (rms/max) E (change) = -729.4420085781 ([0m-2.075e-04[0m) Quality = [0m1.214[0m
Hessian Eigenvalues: 2.25192e-03 7.66645e-03 1.09283e-02 ... 8.14768e-01 9.35774e-01 1.14915e+00
Step   15 : Displace = [0m3.467e-02[0m/[0m6.846e-02[0m (rms/max) Trust = 3.000e-01 ([92m+[0m) Grad = [0m7.945e-04[0m/[0m2.210e-03[0m (rms/max) E (change) = -729.4421103646 ([0m-1.018e-04[0m) Quality = [0m1.029[0m
Hessian Eigenvalues: 1.67030e-03 5.57278e-03 9.20478e-03 ... 8.08438e-01 9.52821e-01 1.15745e+00
Step   16 : Displace = [0m4.987e-02[0m/[0m1.019e-01[0m (rms/max) Trust = 3.000e-01 (=) Grad = [0m5.655e-04[0m/[0m1.351e-03[0m (rms/max) E (change) = -729.4422204507 ([0m-1.101e-04[0m) Quality = [0m1.159[0m
Hessian Eigenvalues: 1.56445e-03 4.45528e-03 8.99011e-03 ... 8.08263e-01 9.56297e-01 1.15240e+00
Step   17 : Displace = [0m3.234e-02[0m/[0m7.002e-02[0m (rms/max) Trust = 3.000e-01 (=) Grad = [0m3.177e-04[0m/[0m8.629e-04[0m (rms/max) E (change) = -729.4422691794 ([0m-4.873e-05[0m) Quality = [0m1.114[0m
Hessian Eigenvalues: 1.63009e-03 3.55003e-03 9.24837e-03 ... 8.08482e-01 9.34711e-01 1.13434e+00
Step   18 : Displace = [0m1.054e-02[0m/[0m2.210e-02[0m (rms/max) Trust = 3.000e-01 (=) Grad = [0m3.074e-04[0m/[0m7.750e-04[0m (rms/max) E (change) = -729.4422789723 ([0m-9.793e-06[0m) Quality = [0m0.717[0m
Hessian Eigenvalues: 1.64899e-03 3.18042e-03 9.08100e-03 ... 8.09066e-01 9.51227e-01 1.17712e+00
Step   19 : Displace = [0m3.587e-03[0m/[0m8.780e-03[0m (rms/max) Trust = 3.000e-01 (=) Grad = [92m1.838e-04[0m/[92m3.556e-04[0m (rms/max) E (change) = -729.4422833334 ([0m-4.361e-06[0m) Quality = [0m0.770[0m
Hessian Eigenvalues: 1.59973e-03 3.22439e-03 9.20156e-03 ... 8.07938e-01 9.37967e-01 1.12503e+00
Step   20 : Displace = [0m3.163e-03[0m/[0m7.409e-03[0m (rms/max) Trust = 3.000e-01 (=) Grad = [92m5.551e-05[0m/[92m1.030e-04[0m (rms/max) E (change) = -729.4422853084 ([0m-1.975e-06[0m) Quality = [0m0.991[0m
Hessian Eigenvalues: 1.53662e-03 3.28719e-03 9.17375e-03 ... 8.10641e-01 9.38270e-01 1.12224e+00
Step   21 : Displace = [0m3.836e-03[0m/[0m8.267e-03[0m (rms/max) Trust = 3.000e-01 (=) Grad = [92m4.424e-05[0m/[92m9.110e-05[0m (rms/max) E (change) = -729.4422859045 ([92m-5.961e-07[0m) Quality = [0m0.998[0m
Hessian Eigenvalues: 1.39065e-03 2.53542e-03 9.45755e-03 ... 8.10989e-01 9.38697e-01 1.12638e+00
Step   22 : Displace = [0m2.105e-03[0m/[0m4.597e-03[0m (rms/max) Trust = 3.000e-01 (=) Grad = [92m2.780e-05[0m/[92m5.655e-05[0m (rms/max) E (change) = -729.4422861965 ([92m-2.920e-07[0m) Quality = [0m1.067[0m
Hessian Eigenvalues: 1.35284e-03 2.40818e-03 8.88033e-03 ... 8.13637e-01 9.37988e-01 1.12526e+00
Step   23 : Displace = [92m7.727e-04[0m/[92m1.772e-03[0m (rms/max) Trust = 3.000e-01 (=) Grad = [92m1.902e-05[0m/[92m4.205e-05[0m (rms/max) E (change) = -729.4422863315 ([92m-1.350e-07[0m) Quality = [0m1.297[0m
Hessian Eigenvalues: 1.35284e-03 2.40818e-03 8.88033e-03 ... 8.13637e-01 9.37988e-01 1.12526e+00
Converged! =D

    #==========================================================================#
    #| If this code has benefited your research, please support us by citing: |#
    #|                                                                        |#
    #| Wang, L.-P.; Song, C.C. (2016) "Geometry optimization made simple with |#
    #| translation and rotation coordinates", J. Chem, Phys. 144, 214108.     |#
    #| http://dx.doi.org/10.1063/1.4952956                                    |#
    #==========================================================================#
    Time elapsed since start of run_optimizer: 424.427 seconds
WARN: ECP not specified. The basis set CRENBL include an ECP. Recommended ECP: CRENBL.
/home/bhabani/Kishore/Tangelo_2.0/tangelo/problem_decomposition/dmet/dmet_problem_decomposition.py:155: RuntimeWarning: The mean field will be recomputed even if one has been provided by the user.
  warnings.warn("The mean field will be recomputed even if one has been provided by the user.", RuntimeWarning)
 	Iteration =  1
 	----------------
 
	SCF Occupancy Eigenvalues for Fragment Number : # 0
	[2.08452297e-15 1.06191555e-15 9.99307151e-16 9.11280396e-16
 8.07094095e-16 7.31611498e-16 6.66456040e-16 6.64917795e-16
 6.45054036e-16 5.80558830e-16 5.47527470e-16 4.21735023e-16
 4.06506510e-16 3.86951432e-16 3.35318154e-16 3.03481435e-16
 3.03206808e-16 2.71668612e-16 2.52688769e-16 2.25688209e-16
 1.84382195e-16 1.43779884e-16 1.40384185e-16 1.27856038e-16
 1.27463616e-16 1.15659360e-16 6.21321297e-17 3.73848217e-17
 3.68521470e-17 1.83982866e-17 1.82339447e-17 9.23938732e-18
 9.19421238e-18 4.50782355e-18 2.67952618e-18 4.13406216e-19
 1.24142348e-18 1.61630370e-18 2.04135330e-18 8.01882895e-18
 9.81521091e-18 1.38310851e-17 2.76239858e-17 3.34778984e-17
 3.89885030e-17 7.12408365e-17 9.33664085e-17 1.05139244e-16
 1.13975264e-16 1.36218710e-16 1.56740222e-16 1.85223309e-16
 2.29013605e-16 2.64753838e-16 3.09977934e-16 3.20583458e-16
 4.41560059e-16 4.43175107e-16 4.70433346e-16 5.14766062e-16
 5.62262421e-16 6.48936846e-16 7.15004987e-16 7.61609677e-16
 7.99661496e-16 9.81347583e-16 1.09343080e-15 1.24640151e-15
 4.90868580e-07 1.36342483e-06 3.37161661e-06 1.19313786e-05
 1.69725452e-05 6.63514989e-05 9.44433563e-05 1.63632250e-04
 8.16144649e-04 1.38243142e-03 2.32227509e-03 4.39432412e-03
 8.04102920e-03 1.22403081e-02 3.30663234e-02 3.83218501e-02
 1.03281887e+00 1.06519894e+00 1.98164615e+00 1.98898860e+00
 1.98963686e+00 1.99298228e+00 1.99755381e+00 1.99844846e+00
 1.99883834e+00 1.99948355e+00 1.99983117e+00 1.99985209e+00
 1.99994394e+00 1.99996555e+00 1.99998158e+00 1.99998661e+00
 1.99999265e+00 1.99999412e+00 1.99999696e+00 1.99999781e+00
 1.99999848e+00 1.99999858e+00 1.99999910e+00 1.99999911e+00
 1.99999953e+00 1.99999970e+00 1.99999985e+00 1.99999991e+00
 1.99999995e+00 1.99999997e+00 1.99999998e+00 1.99999999e+00
 2.00000000e+00 2.00000000e+00 2.00000000e+00 2.00000000e+00
 2.00000000e+00 2.00000000e+00 2.00000000e+00 2.00000000e+00
 2.00000000e+00 2.00000000e+00 2.00000000e+00 2.00000000e+00]

	SCF Occupancy Eigenvalues for Fragment Number : # 1
	[2.20285435e-15 1.77694544e-15 1.47067683e-15 1.19944857e-15
 1.19826617e-15 1.19076217e-15 1.15162470e-15 1.11614952e-15
 1.00211183e-15 8.71342456e-16 8.50602094e-16 8.43470723e-16
 7.58002307e-16 7.24896287e-16 6.95868059e-16 6.56338157e-16
 6.51630690e-16 6.45737353e-16 5.92218502e-16 5.55769122e-16
 5.54815031e-16 5.34019021e-16 4.81865542e-16 4.46585491e-16
 4.43351157e-16 4.41200892e-16 3.95436588e-16 3.73591145e-16
 3.42209705e-16 3.37159026e-16 3.01896315e-16 2.99835327e-16
 2.87990599e-16 2.43480417e-16 2.12594617e-16 1.68919881e-16
 1.59638013e-16 1.51884203e-16 1.51788304e-16 1.13579681e-16
 9.53294503e-17 9.27656219e-17 8.60445101e-17 6.71420319e-17
 5.39924754e-17 3.21638677e-17 2.24142874e-17 2.07223021e-17
 1.24773589e-17 6.88806591e-18 5.80328995e-18 4.31712161e-18
 2.81358513e-18 1.37079865e-18 2.43175936e-19 4.11736577e-19
 9.12836640e-19 2.20902998e-18 4.09937805e-18 6.96784897e-18
 9.67362236e-18 1.32516497e-17 1.46738077e-17 1.88701432e-17
 3.23403509e-17 4.51882074e-17 5.00937708e-17 7.11096004e-17
 7.12526909e-17 1.09805724e-16 1.13099774e-16 1.22664474e-16
 1.31868277e-16 1.62369786e-16 1.80208720e-16 2.24978456e-16
 2.78554302e-16 2.79860202e-16 2.99673489e-16 3.23358542e-16
 3.27183873e-16 3.33324265e-16 3.86090001e-16 3.96739532e-16
 4.13284535e-16 4.16335164e-16 4.16730817e-16 4.62237501e-16
 5.83194759e-16 6.37226468e-16 6.45655421e-16 6.47776868e-16
 7.04462541e-16 8.09078935e-16 8.45138151e-16 8.83349273e-16
 9.26468163e-16 9.46695644e-16 1.08541396e-15 1.09995949e-15
 1.24934689e-15 1.35433016e-15 1.69521220e-15 1.88167230e-15
 2.17031903e-05 1.08311748e-02 3.01110785e-02 9.53025782e-01
 1.04808282e+00 1.98019617e+00 1.99188534e+00 1.99858572e+00
 1.99895149e+00 1.99950447e+00 1.99982654e+00 1.99992584e+00
 1.99996220e+00 2.00000000e+00 2.00000000e+00 2.00000000e+00
 2.00000000e+00 2.00000000e+00 2.00000000e+00 2.00000000e+00
 2.00000000e+00 2.00000000e+00 2.00000000e+00 2.00000000e+00
 2.00000000e+00 2.00000000e+00 2.00000000e+00 2.00000000e+00
 2.00000000e+00 2.00000000e+00 2.00000000e+00 2.00000000e+00
 2.00000000e+00 2.00000000e+00 2.00000000e+00 2.00000000e+00
 2.00000000e+00 2.00000000e+00 2.00000000e+00 2.00000000e+00
 2.00000000e+00 2.00000000e+00 2.00000000e+00 2.00000000e+00
 2.00000000e+00 2.00000000e+00 2.00000000e+00 2.00000000e+00
 2.00000000e+00 2.00000000e+00 2.00000000e+00 2.00000000e+00
 2.00000000e+00 2.00000000e+00 2.00000000e+00 2.00000000e+00
 2.00000000e+00 2.00000000e+00 2.00000000e+00 2.00000000e+00]

	SCF Occupancy Eigenvalues for Fragment Number : # 2
	[1.58062495e-15 1.29141666e-15 9.65806085e-16 9.12826063e-16
 8.91291084e-16 8.04629175e-16 7.85966340e-16 6.90531599e-16
 6.32260798e-16 6.29034795e-16 5.75649025e-16 5.21753610e-16
 5.20827126e-16 4.90225746e-16 4.33456372e-16 4.17990223e-16
 3.37239206e-16 2.64264824e-16 2.48217529e-16 1.72145991e-16
 1.47259490e-16 1.04066200e-16 9.69284893e-17 6.14961394e-17
 4.16837040e-17 3.80826112e-17 3.00337001e-17 1.80143986e-17
 1.21441952e-17 5.93595062e-18 2.52992086e-18 1.94482344e-18
 6.91671829e-19 2.13933214e-19 3.56410914e-19 1.49410854e-18
 2.53050486e-18 6.72227475e-18 2.07044326e-17 2.26007244e-17
 2.28147486e-17 2.80774531e-17 2.99238529e-17 5.03544146e-17
 6.95543438e-17 8.07344836e-17 1.67306238e-16 1.82323949e-16
 2.18697947e-16 3.05224095e-16 3.16169082e-16 3.23373741e-16
 3.50901159e-16 4.62023365e-16 4.71867913e-16 5.08199029e-16
 5.34007142e-16 5.39987064e-16 5.77005834e-16 6.67140875e-16
 7.06331070e-16 8.60552445e-16 9.00017840e-16 1.04870785e-15
 1.15013899e-15 1.16005750e-15 6.10331219e-09 5.07871991e-08
 7.75634565e-08 1.67728012e-07 8.97134119e-07 1.88766644e-06
 2.75081871e-06 6.37904261e-06 2.05229651e-05 5.88001468e-05
 7.19900675e-05 9.92832605e-05 1.99903671e-04 4.26365695e-04
 9.65039872e-04 5.70975198e-03 1.13621032e-02 9.50490419e-01
 1.98011497e+00 1.98604891e+00 1.98945917e+00 1.99648566e+00
 1.99886529e+00 1.99970334e+00 1.99976123e+00 1.99992148e+00
 1.99995523e+00 1.99997524e+00 1.99999291e+00 1.99999798e+00
 1.99999859e+00 1.99999941e+00 1.99999969e+00 1.99999971e+00
 1.99999985e+00 1.99999991e+00 1.99999996e+00 1.99999997e+00
 1.99999998e+00 1.99999999e+00 1.99999999e+00 2.00000000e+00
 2.00000000e+00 2.00000000e+00 2.00000000e+00 2.00000000e+00
 2.00000000e+00 2.00000000e+00 2.00000000e+00 2.00000000e+00
 2.00000000e+00 2.00000000e+00 2.00000000e+00 2.00000000e+00
 2.00000000e+00 2.00000000e+00 2.00000000e+00 2.00000000e+00
 2.00000000e+00 2.00000000e+00]

	SCF Occupancy Eigenvalues for Fragment Number : # 3
	[1.58679178e-15 1.44380715e-15 1.42766583e-15 1.39007242e-15
 1.34246207e-15 1.33230775e-15 1.25087075e-15 1.18601205e-15
 1.03527093e-15 9.51234983e-16 9.10906219e-16 8.03089051e-16
 7.85618937e-16 7.25634327e-16 6.83611957e-16 6.59373743e-16
 6.14657622e-16 5.97750727e-16 5.59146684e-16 5.23884535e-16
 5.11397455e-16 4.87627512e-16 4.77382721e-16 4.64571984e-16
 4.54682577e-16 4.42026044e-16 4.24695630e-16 4.05762254e-16
 3.79282880e-16 3.58731583e-16 3.18626762e-16 2.65936872e-16
 2.43252862e-16 2.33771570e-16 2.05298970e-16 2.03383795e-16
 1.51474220e-16 1.35215695e-16 1.25448215e-16 1.13055774e-16
 1.04387751e-16 7.47936082e-17 5.38931203e-17 3.40912743e-17
 3.31038926e-17 2.68309633e-17 2.22151133e-17 2.00725691e-17
 1.26281879e-17 6.90273117e-18 4.58105926e-18 3.28104133e-18
 2.33683832e-18 2.57902881e-19 9.98910112e-19 2.74211066e-18
 4.70086852e-18 5.08813931e-18 7.50764765e-18 9.68151159e-18
 1.16774588e-17 1.31766416e-17 2.45616812e-17 2.66984785e-17
 3.03499084e-17 3.52810399e-17 4.97123806e-17 9.32844001e-17
 1.14648681e-16 1.53012260e-16 1.96934172e-16 1.99194333e-16
 2.38395177e-16 2.41879242e-16 2.45238087e-16 2.70040822e-16
 2.75963882e-16 3.47090385e-16 3.69218266e-16 3.90495408e-16
 4.38303736e-16 4.49664706e-16 4.50246160e-16 4.93330079e-16
 5.07502800e-16 5.10471927e-16 5.19675263e-16 5.84580227e-16
 6.39919121e-16 6.52248698e-16 6.82274674e-16 7.12141440e-16
 7.27226853e-16 7.76177163e-16 7.78627947e-16 7.96527807e-16
 9.20159608e-16 1.18102903e-15 1.18497475e-15 1.25493831e-15
 1.34093880e-15 1.56519916e-15 1.57637036e-15 1.76729498e-15
 2.08830923e-05 1.05011549e-02 3.39695466e-02 9.53222348e-01
 1.04178996e+00 1.97581376e+00 1.99425627e+00 1.99874979e+00
 1.99924443e+00 1.99959264e+00 1.99986178e+00 1.99995729e+00
 1.99998510e+00 2.00000000e+00 2.00000000e+00 2.00000000e+00
 2.00000000e+00 2.00000000e+00 2.00000000e+00 2.00000000e+00
 2.00000000e+00 2.00000000e+00 2.00000000e+00 2.00000000e+00
 2.00000000e+00 2.00000000e+00 2.00000000e+00 2.00000000e+00
 2.00000000e+00 2.00000000e+00 2.00000000e+00 2.00000000e+00
 2.00000000e+00 2.00000000e+00 2.00000000e+00 2.00000000e+00
 2.00000000e+00 2.00000000e+00 2.00000000e+00 2.00000000e+00
 2.00000000e+00 2.00000000e+00 2.00000000e+00 2.00000000e+00
 2.00000000e+00 2.00000000e+00 2.00000000e+00 2.00000000e+00
 2.00000000e+00 2.00000000e+00 2.00000000e+00 2.00000000e+00
 2.00000000e+00 2.00000000e+00 2.00000000e+00 2.00000000e+00
 2.00000000e+00 2.00000000e+00 2.00000000e+00 2.00000000e+00]

	SCF Occupancy Eigenvalues for Fragment Number : # 4
	[9.51757177e-16 9.00125381e-16 8.73270671e-16 7.87553021e-16
 7.60786450e-16 7.37378659e-16 6.10126842e-16 5.46118018e-16
 4.77804978e-16 4.60937214e-16 4.48110213e-16 4.36491963e-16
 4.32816582e-16 3.43204726e-16 3.27845478e-16 2.51921278e-16
 2.09632689e-16 1.75513084e-16 1.65281118e-16 1.52815868e-16
 1.45624743e-16 1.40237625e-16 1.02241573e-16 6.85534684e-17
 5.95988325e-17 5.67846740e-17 4.59162594e-17 2.72087724e-17
 2.65884839e-17 5.62828333e-18 3.66317687e-18 1.13233344e-18
 1.07240837e-18 1.90769848e-18 5.06499541e-18 1.67891145e-17
 3.00243938e-17 3.45085011e-17 3.76403357e-17 4.15409371e-17
 6.19083806e-17 8.53443954e-17 8.68836100e-17 1.25531180e-16
 1.53644731e-16 2.31285147e-16 2.35887704e-16 2.43849758e-16
 2.92705755e-16 3.29663597e-16 3.36940432e-16 3.52495483e-16
 3.61234412e-16 5.04870203e-16 5.19175404e-16 5.99749695e-16
 6.75486128e-16 7.16746759e-16 7.19731657e-16 7.30554087e-16
 9.89082155e-16 1.00754327e-15 1.13892836e-15 1.36930147e-15
 1.72355456e-15 2.06091735e-15 1.30350559e-08 8.46816898e-08
 1.13961787e-07 4.79552667e-07 1.02482741e-06 3.03346010e-06
 3.68434659e-06 8.82956783e-06 2.05456817e-05 6.51865786e-05
 7.97952332e-05 1.12761031e-04 2.64246097e-04 5.46894007e-04
 1.39492806e-03 5.95195199e-03 1.14571895e-02 9.59785855e-01
 1.97080059e+00 1.98054306e+00 1.99010418e+00 1.99702485e+00
 1.99883026e+00 1.99966629e+00 1.99986794e+00 1.99991632e+00
 1.99995165e+00 1.99996799e+00 1.99999231e+00 1.99999674e+00
 1.99999796e+00 1.99999891e+00 1.99999933e+00 1.99999966e+00
 1.99999977e+00 1.99999988e+00 1.99999993e+00 1.99999996e+00
 1.99999998e+00 1.99999999e+00 1.99999999e+00 2.00000000e+00
 2.00000000e+00 2.00000000e+00 2.00000000e+00 2.00000000e+00
 2.00000000e+00 2.00000000e+00 2.00000000e+00 2.00000000e+00
 2.00000000e+00 2.00000000e+00 2.00000000e+00 2.00000000e+00
 2.00000000e+00 2.00000000e+00 2.00000000e+00 2.00000000e+00
 2.00000000e+00 2.00000000e+00]

		Fragment Number : #  1
		------------------------
		CCSD diag: n_active_mos=98, n_active_electrons=98, trace(onerdm)=98.0
		Fragment Energy = -534.9009396258803
		Number of Electrons in Fragment = 33.84524758688953
		Fragment Number : #  2
		------------------------
		CCSD diag: n_active_mos=26, n_active_electrons=26, trace(onerdm)=26.0
		Fragment Energy = -112.5589009937581
		Number of Electrons in Fragment = 8.004782953858209
		Fragment Number : #  3
		------------------------
		CCSD diag: n_active_mos=102, n_active_electrons=102, trace(onerdm)=102.0
		Fragment Energy = -536.1280981714101
		Number of Electrons in Fragment = 35.082808780850776
		Fragment Number : #  4
		------------------------
		CCSD diag: n_active_mos=26, n_active_electrons=26, trace(onerdm)=26.0
		Fragment Energy = -112.17648093099437
		Number of Electrons in Fragment = 8.007617911136176
		Fragment Number : #  5
		------------------------
		CCSD diag: n_active_mos=102, n_active_electrons=102, trace(onerdm)=101.99999999999999
		Fragment Energy = -535.4601155574637
		Number of Electrons in Fragment = 35.08948120015282
 	Iteration =  2
 	----------------
 
	SCF Occupancy Eigenvalues for Fragment Number : # 0
	[2.08452297e-15 1.06191555e-15 9.99307151e-16 9.11280396e-16
 8.07094095e-16 7.31611498e-16 6.66456040e-16 6.64917795e-16
 6.45054036e-16 5.80558830e-16 5.47527470e-16 4.21735023e-16
 4.06506510e-16 3.86951432e-16 3.35318154e-16 3.03481435e-16
 3.03206808e-16 2.71668612e-16 2.52688769e-16 2.25688209e-16
 1.84382195e-16 1.43779884e-16 1.40384185e-16 1.27856038e-16
 1.27463616e-16 1.15659360e-16 6.21321297e-17 3.73848217e-17
 3.68521470e-17 1.83982866e-17 1.82339447e-17 9.23938732e-18
 9.19421238e-18 4.50782355e-18 2.67952618e-18 4.13406216e-19
 1.24142348e-18 1.61630370e-18 2.04135330e-18 8.01882895e-18
 9.81521091e-18 1.38310851e-17 2.76239858e-17 3.34778984e-17
 3.89885030e-17 7.12408365e-17 9.33664085e-17 1.05139244e-16
 1.13975264e-16 1.36218710e-16 1.56740222e-16 1.85223309e-16
 2.29013605e-16 2.64753838e-16 3.09977934e-16 3.20583458e-16
 4.41560059e-16 4.43175107e-16 4.70433346e-16 5.14766062e-16
 5.62262421e-16 6.48936846e-16 7.15004987e-16 7.61609677e-16
 7.99661496e-16 9.81347583e-16 1.09343080e-15 1.24640151e-15
 4.90868580e-07 1.36342483e-06 3.37161661e-06 1.19313786e-05
 1.69725452e-05 6.63514989e-05 9.44433563e-05 1.63632250e-04
 8.16144649e-04 1.38243142e-03 2.32227509e-03 4.39432412e-03
 8.04102920e-03 1.22403081e-02 3.30663234e-02 3.83218501e-02
 1.03281887e+00 1.06519894e+00 1.98164615e+00 1.98898860e+00
 1.98963686e+00 1.99298228e+00 1.99755381e+00 1.99844846e+00
 1.99883834e+00 1.99948355e+00 1.99983117e+00 1.99985209e+00
 1.99994394e+00 1.99996555e+00 1.99998158e+00 1.99998661e+00
 1.99999265e+00 1.99999412e+00 1.99999696e+00 1.99999781e+00
 1.99999848e+00 1.99999858e+00 1.99999910e+00 1.99999911e+00
 1.99999953e+00 1.99999970e+00 1.99999985e+00 1.99999991e+00
 1.99999995e+00 1.99999997e+00 1.99999998e+00 1.99999999e+00
 2.00000000e+00 2.00000000e+00 2.00000000e+00 2.00000000e+00
 2.00000000e+00 2.00000000e+00 2.00000000e+00 2.00000000e+00
 2.00000000e+00 2.00000000e+00 2.00000000e+00 2.00000000e+00]

	SCF Occupancy Eigenvalues for Fragment Number : # 1
	[2.20285435e-15 1.77694544e-15 1.47067683e-15 1.19944857e-15
 1.19826617e-15 1.19076217e-15 1.15162470e-15 1.11614952e-15
 1.00211183e-15 8.71342456e-16 8.50602094e-16 8.43470723e-16
 7.58002307e-16 7.24896287e-16 6.95868059e-16 6.56338157e-16
 6.51630690e-16 6.45737353e-16 5.92218502e-16 5.55769122e-16
 5.54815031e-16 5.34019021e-16 4.81865542e-16 4.46585491e-16
 4.43351157e-16 4.41200892e-16 3.95436588e-16 3.73591145e-16
 3.42209705e-16 3.37159026e-16 3.01896315e-16 2.99835327e-16
 2.87990599e-16 2.43480417e-16 2.12594617e-16 1.68919881e-16
 1.59638013e-16 1.51884203e-16 1.51788304e-16 1.13579681e-16
 9.53294503e-17 9.27656219e-17 8.60445101e-17 6.71420319e-17
 5.39924754e-17 3.21638677e-17 2.24142874e-17 2.07223021e-17
 1.24773589e-17 6.88806591e-18 5.80328995e-18 4.31712161e-18
 2.81358513e-18 1.37079865e-18 2.43175936e-19 4.11736577e-19
 9.12836640e-19 2.20902998e-18 4.09937805e-18 6.96784897e-18
 9.67362236e-18 1.32516497e-17 1.46738077e-17 1.88701432e-17
 3.23403509e-17 4.51882074e-17 5.00937708e-17 7.11096004e-17
 7.12526909e-17 1.09805724e-16 1.13099774e-16 1.22664474e-16
 1.31868277e-16 1.62369786e-16 1.80208720e-16 2.24978456e-16
 2.78554302e-16 2.79860202e-16 2.99673489e-16 3.23358542e-16
 3.27183873e-16 3.33324265e-16 3.86090001e-16 3.96739532e-16
 4.13284535e-16 4.16335164e-16 4.16730817e-16 4.62237501e-16
 5.83194759e-16 6.37226468e-16 6.45655421e-16 6.47776868e-16
 7.04462541e-16 8.09078935e-16 8.45138151e-16 8.83349273e-16
 9.26468163e-16 9.46695644e-16 1.08541396e-15 1.09995949e-15
 1.24934689e-15 1.35433016e-15 1.69521220e-15 1.88167230e-15
 2.17031903e-05 1.08311748e-02 3.01110785e-02 9.53025782e-01
 1.04808282e+00 1.98019617e+00 1.99188534e+00 1.99858572e+00
 1.99895149e+00 1.99950447e+00 1.99982654e+00 1.99992584e+00
 1.99996220e+00 2.00000000e+00 2.00000000e+00 2.00000000e+00
 2.00000000e+00 2.00000000e+00 2.00000000e+00 2.00000000e+00
 2.00000000e+00 2.00000000e+00 2.00000000e+00 2.00000000e+00
 2.00000000e+00 2.00000000e+00 2.00000000e+00 2.00000000e+00
 2.00000000e+00 2.00000000e+00 2.00000000e+00 2.00000000e+00
 2.00000000e+00 2.00000000e+00 2.00000000e+00 2.00000000e+00
 2.00000000e+00 2.00000000e+00 2.00000000e+00 2.00000000e+00
 2.00000000e+00 2.00000000e+00 2.00000000e+00 2.00000000e+00
 2.00000000e+00 2.00000000e+00 2.00000000e+00 2.00000000e+00
 2.00000000e+00 2.00000000e+00 2.00000000e+00 2.00000000e+00
 2.00000000e+00 2.00000000e+00 2.00000000e+00 2.00000000e+00
 2.00000000e+00 2.00000000e+00 2.00000000e+00 2.00000000e+00]

	SCF Occupancy Eigenvalues for Fragment Number : # 2
	[1.58062495e-15 1.29141666e-15 9.65806085e-16 9.12826063e-16
 8.91291084e-16 8.04629175e-16 7.85966340e-16 6.90531599e-16
 6.32260798e-16 6.29034795e-16 5.75649025e-16 5.21753610e-16
 5.20827126e-16 4.90225746e-16 4.33456372e-16 4.17990223e-16
 3.37239206e-16 2.64264824e-16 2.48217529e-16 1.72145991e-16
 1.47259490e-16 1.04066200e-16 9.69284893e-17 6.14961394e-17
 4.16837040e-17 3.80826112e-17 3.00337001e-17 1.80143986e-17
 1.21441952e-17 5.93595062e-18 2.52992086e-18 1.94482344e-18
 6.91671829e-19 2.13933214e-19 3.56410914e-19 1.49410854e-18
 2.53050486e-18 6.72227475e-18 2.07044326e-17 2.26007244e-17
 2.28147486e-17 2.80774531e-17 2.99238529e-17 5.03544146e-17
 6.95543438e-17 8.07344836e-17 1.67306238e-16 1.82323949e-16
 2.18697947e-16 3.05224095e-16 3.16169082e-16 3.23373741e-16
 3.50901159e-16 4.62023365e-16 4.71867913e-16 5.08199029e-16
 5.34007142e-16 5.39987064e-16 5.77005834e-16 6.67140875e-16
 7.06331070e-16 8.60552445e-16 9.00017840e-16 1.04870785e-15
 1.15013899e-15 1.16005750e-15 6.10331219e-09 5.07871991e-08
 7.75634565e-08 1.67728012e-07 8.97134119e-07 1.88766644e-06
 2.75081871e-06 6.37904261e-06 2.05229651e-05 5.88001468e-05
 7.19900675e-05 9.92832605e-05 1.99903671e-04 4.26365695e-04
 9.65039872e-04 5.70975198e-03 1.13621032e-02 9.50490419e-01
 1.98011497e+00 1.98604891e+00 1.98945917e+00 1.99648566e+00
 1.99886529e+00 1.99970334e+00 1.99976123e+00 1.99992148e+00
 1.99995523e+00 1.99997524e+00 1.99999291e+00 1.99999798e+00
 1.99999859e+00 1.99999941e+00 1.99999969e+00 1.99999971e+00
 1.99999985e+00 1.99999991e+00 1.99999996e+00 1.99999997e+00
 1.99999998e+00 1.99999999e+00 1.99999999e+00 2.00000000e+00
 2.00000000e+00 2.00000000e+00 2.00000000e+00 2.00000000e+00
 2.00000000e+00 2.00000000e+00 2.00000000e+00 2.00000000e+00
 2.00000000e+00 2.00000000e+00 2.00000000e+00 2.00000000e+00
 2.00000000e+00 2.00000000e+00 2.00000000e+00 2.00000000e+00
 2.00000000e+00 2.00000000e+00]

	SCF Occupancy Eigenvalues for Fragment Number : # 3
	[1.58679178e-15 1.44380715e-15 1.42766583e-15 1.39007242e-15
 1.34246207e-15 1.33230775e-15 1.25087075e-15 1.18601205e-15
 1.03527093e-15 9.51234983e-16 9.10906219e-16 8.03089051e-16
 7.85618937e-16 7.25634327e-16 6.83611957e-16 6.59373743e-16
 6.14657622e-16 5.97750727e-16 5.59146684e-16 5.23884535e-16
 5.11397455e-16 4.87627512e-16 4.77382721e-16 4.64571984e-16
 4.54682577e-16 4.42026044e-16 4.24695630e-16 4.05762254e-16
 3.79282880e-16 3.58731583e-16 3.18626762e-16 2.65936872e-16
 2.43252862e-16 2.33771570e-16 2.05298970e-16 2.03383795e-16
 1.51474220e-16 1.35215695e-16 1.25448215e-16 1.13055774e-16
 1.04387751e-16 7.47936082e-17 5.38931203e-17 3.40912743e-17
 3.31038926e-17 2.68309633e-17 2.22151133e-17 2.00725691e-17
 1.26281879e-17 6.90273117e-18 4.58105926e-18 3.28104133e-18
 2.33683832e-18 2.57902881e-19 9.98910112e-19 2.74211066e-18
 4.70086852e-18 5.08813931e-18 7.50764765e-18 9.68151159e-18
 1.16774588e-17 1.31766416e-17 2.45616812e-17 2.66984785e-17
 3.03499084e-17 3.52810399e-17 4.97123806e-17 9.32844001e-17
 1.14648681e-16 1.53012260e-16 1.96934172e-16 1.99194333e-16
 2.38395177e-16 2.41879242e-16 2.45238087e-16 2.70040822e-16
 2.75963882e-16 3.47090385e-16 3.69218266e-16 3.90495408e-16
 4.38303736e-16 4.49664706e-16 4.50246160e-16 4.93330079e-16
 5.07502800e-16 5.10471927e-16 5.19675263e-16 5.84580227e-16
 6.39919121e-16 6.52248698e-16 6.82274674e-16 7.12141440e-16
 7.27226853e-16 7.76177163e-16 7.78627947e-16 7.96527807e-16
 9.20159608e-16 1.18102903e-15 1.18497475e-15 1.25493831e-15
 1.34093880e-15 1.56519916e-15 1.57637036e-15 1.76729498e-15
 2.08830923e-05 1.05011549e-02 3.39695466e-02 9.53222348e-01
 1.04178996e+00 1.97581376e+00 1.99425627e+00 1.99874979e+00
 1.99924443e+00 1.99959264e+00 1.99986178e+00 1.99995729e+00
 1.99998510e+00 2.00000000e+00 2.00000000e+00 2.00000000e+00
 2.00000000e+00 2.00000000e+00 2.00000000e+00 2.00000000e+00
 2.00000000e+00 2.00000000e+00 2.00000000e+00 2.00000000e+00
 2.00000000e+00 2.00000000e+00 2.00000000e+00 2.00000000e+00
 2.00000000e+00 2.00000000e+00 2.00000000e+00 2.00000000e+00
 2.00000000e+00 2.00000000e+00 2.00000000e+00 2.00000000e+00
 2.00000000e+00 2.00000000e+00 2.00000000e+00 2.00000000e+00
 2.00000000e+00 2.00000000e+00 2.00000000e+00 2.00000000e+00
 2.00000000e+00 2.00000000e+00 2.00000000e+00 2.00000000e+00
 2.00000000e+00 2.00000000e+00 2.00000000e+00 2.00000000e+00
 2.00000000e+00 2.00000000e+00 2.00000000e+00 2.00000000e+00
 2.00000000e+00 2.00000000e+00 2.00000000e+00 2.00000000e+00]

	SCF Occupancy Eigenvalues for Fragment Number : # 4
	[9.51757177e-16 9.00125381e-16 8.73270671e-16 7.87553021e-16
 7.60786450e-16 7.37378659e-16 6.10126842e-16 5.46118018e-16
 4.77804978e-16 4.60937214e-16 4.48110213e-16 4.36491963e-16
 4.32816582e-16 3.43204726e-16 3.27845478e-16 2.51921278e-16
 2.09632689e-16 1.75513084e-16 1.65281118e-16 1.52815868e-16
 1.45624743e-16 1.40237625e-16 1.02241573e-16 6.85534684e-17
 5.95988325e-17 5.67846740e-17 4.59162594e-17 2.72087724e-17
 2.65884839e-17 5.62828333e-18 3.66317687e-18 1.13233344e-18
 1.07240837e-18 1.90769848e-18 5.06499541e-18 1.67891145e-17
 3.00243938e-17 3.45085011e-17 3.76403357e-17 4.15409371e-17
 6.19083806e-17 8.53443954e-17 8.68836100e-17 1.25531180e-16
 1.53644731e-16 2.31285147e-16 2.35887704e-16 2.43849758e-16
 2.92705755e-16 3.29663597e-16 3.36940432e-16 3.52495483e-16
 3.61234412e-16 5.04870203e-16 5.19175404e-16 5.99749695e-16
 6.75486128e-16 7.16746759e-16 7.19731657e-16 7.30554087e-16
 9.89082155e-16 1.00754327e-15 1.13892836e-15 1.36930147e-15
 1.72355456e-15 2.06091735e-15 1.30350559e-08 8.46816898e-08
 1.13961787e-07 4.79552667e-07 1.02482741e-06 3.03346010e-06
 3.68434659e-06 8.82956783e-06 2.05456817e-05 6.51865786e-05
 7.97952332e-05 1.12761031e-04 2.64246097e-04 5.46894007e-04
 1.39492806e-03 5.95195199e-03 1.14571895e-02 9.59785855e-01
 1.97080059e+00 1.98054306e+00 1.99010418e+00 1.99702485e+00
 1.99883026e+00 1.99966629e+00 1.99986794e+00 1.99991632e+00
 1.99995165e+00 1.99996799e+00 1.99999231e+00 1.99999674e+00
 1.99999796e+00 1.99999891e+00 1.99999933e+00 1.99999966e+00
 1.99999977e+00 1.99999988e+00 1.99999993e+00 1.99999996e+00
 1.99999998e+00 1.99999999e+00 1.99999999e+00 2.00000000e+00
 2.00000000e+00 2.00000000e+00 2.00000000e+00 2.00000000e+00
 2.00000000e+00 2.00000000e+00 2.00000000e+00 2.00000000e+00
 2.00000000e+00 2.00000000e+00 2.00000000e+00 2.00000000e+00
 2.00000000e+00 2.00000000e+00 2.00000000e+00 2.00000000e+00
 2.00000000e+00 2.00000000e+00]

		Fragment Number : #  1
		------------------------
		CCSD diag: n_active_mos=98, n_active_electrons=98, trace(onerdm)=98.0
		Fragment Energy = -534.9028952722387
		Number of Electrons in Fragment = 33.84545820413581
		Fragment Number : #  2
		------------------------
		CCSD diag: n_active_mos=26, n_active_electrons=26, trace(onerdm)=26.0
		Fragment Energy = -112.56055689861702
		Number of Electrons in Fragment = 8.00495239475761
		Fragment Number : #  3
		------------------------
		CCSD diag: n_active_mos=102, n_active_electrons=102, trace(onerdm)=102.0
		Fragment Energy = -536.1291005887708
		Number of Electrons in Fragment = 35.082923677704095
		Fragment Number : #  4
		------------------------
		CCSD diag: n_active_mos=26, n_active_electrons=26, trace(onerdm)=26.0
		Fragment Energy = -112.17815064048753
		Number of Electrons in Fragment = 8.007790014946885
		Fragment Number : #  5
		------------------------
		CCSD diag: n_active_mos=102, n_active_electrons=102, trace(onerdm)=102.0
		Fragment Energy = -535.4611427986378
		Number of Electrons in Fragment = 35.089599105683384
 	Iteration =  3
 	----------------
 
	SCF Occupancy Eigenvalues for Fragment Number : # 0
	[2.08452297e-15 1.06191555e-15 9.99307151e-16 9.11280396e-16
 8.07094095e-16 7.31611498e-16 6.66456040e-16 6.64917795e-16
 6.45054036e-16 5.80558830e-16 5.47527470e-16 4.21735023e-16
 4.06506510e-16 3.86951432e-16 3.35318154e-16 3.03481435e-16
 3.03206808e-16 2.71668612e-16 2.52688769e-16 2.25688209e-16
 1.84382195e-16 1.43779884e-16 1.40384185e-16 1.27856038e-16
 1.27463616e-16 1.15659360e-16 6.21321297e-17 3.73848217e-17
 3.68521470e-17 1.83982866e-17 1.82339447e-17 9.23938732e-18
 9.19421238e-18 4.50782355e-18 2.67952618e-18 4.13406216e-19
 1.24142348e-18 1.61630370e-18 2.04135330e-18 8.01882895e-18
 9.81521091e-18 1.38310851e-17 2.76239858e-17 3.34778984e-17
 3.89885030e-17 7.12408365e-17 9.33664085e-17 1.05139244e-16
 1.13975264e-16 1.36218710e-16 1.56740222e-16 1.85223309e-16
 2.29013605e-16 2.64753838e-16 3.09977934e-16 3.20583458e-16
 4.41560059e-16 4.43175107e-16 4.70433346e-16 5.14766062e-16
 5.62262421e-16 6.48936846e-16 7.15004987e-16 7.61609677e-16
 7.99661496e-16 9.81347583e-16 1.09343080e-15 1.24640151e-15
 4.90868580e-07 1.36342483e-06 3.37161661e-06 1.19313786e-05
 1.69725452e-05 6.63514989e-05 9.44433563e-05 1.63632250e-04
 8.16144649e-04 1.38243142e-03 2.32227509e-03 4.39432412e-03
 8.04102920e-03 1.22403081e-02 3.30663234e-02 3.83218501e-02
 1.03281887e+00 1.06519894e+00 1.98164615e+00 1.98898860e+00
 1.98963686e+00 1.99298228e+00 1.99755381e+00 1.99844846e+00
 1.99883834e+00 1.99948355e+00 1.99983117e+00 1.99985209e+00
 1.99994394e+00 1.99996555e+00 1.99998158e+00 1.99998661e+00
 1.99999265e+00 1.99999412e+00 1.99999696e+00 1.99999781e+00
 1.99999848e+00 1.99999858e+00 1.99999910e+00 1.99999911e+00
 1.99999953e+00 1.99999970e+00 1.99999985e+00 1.99999991e+00
 1.99999995e+00 1.99999997e+00 1.99999998e+00 1.99999999e+00
 2.00000000e+00 2.00000000e+00 2.00000000e+00 2.00000000e+00
 2.00000000e+00 2.00000000e+00 2.00000000e+00 2.00000000e+00
 2.00000000e+00 2.00000000e+00 2.00000000e+00 2.00000000e+00]

	SCF Occupancy Eigenvalues for Fragment Number : # 1
	[2.20285435e-15 1.77694544e-15 1.47067683e-15 1.19944857e-15
 1.19826617e-15 1.19076217e-15 1.15162470e-15 1.11614952e-15
 1.00211183e-15 8.71342456e-16 8.50602094e-16 8.43470723e-16
 7.58002307e-16 7.24896287e-16 6.95868059e-16 6.56338157e-16
 6.51630690e-16 6.45737353e-16 5.92218502e-16 5.55769122e-16
 5.54815031e-16 5.34019021e-16 4.81865542e-16 4.46585491e-16
 4.43351157e-16 4.41200892e-16 3.95436588e-16 3.73591145e-16
 3.42209705e-16 3.37159026e-16 3.01896315e-16 2.99835327e-16
 2.87990599e-16 2.43480417e-16 2.12594617e-16 1.68919881e-16
 1.59638013e-16 1.51884203e-16 1.51788304e-16 1.13579681e-16
 9.53294503e-17 9.27656219e-17 8.60445101e-17 6.71420319e-17
 5.39924754e-17 3.21638677e-17 2.24142874e-17 2.07223021e-17
 1.24773589e-17 6.88806591e-18 5.80328995e-18 4.31712161e-18
 2.81358513e-18 1.37079865e-18 2.43175936e-19 4.11736577e-19
 9.12836640e-19 2.20902998e-18 4.09937805e-18 6.96784897e-18
 9.67362236e-18 1.32516497e-17 1.46738077e-17 1.88701432e-17
 3.23403509e-17 4.51882074e-17 5.00937708e-17 7.11096004e-17
 7.12526909e-17 1.09805724e-16 1.13099774e-16 1.22664474e-16
 1.31868277e-16 1.62369786e-16 1.80208720e-16 2.24978456e-16
 2.78554302e-16 2.79860202e-16 2.99673489e-16 3.23358542e-16
 3.27183873e-16 3.33324265e-16 3.86090001e-16 3.96739532e-16
 4.13284535e-16 4.16335164e-16 4.16730817e-16 4.62237501e-16
 5.83194759e-16 6.37226468e-16 6.45655421e-16 6.47776868e-16
 7.04462541e-16 8.09078935e-16 8.45138151e-16 8.83349273e-16
 9.26468163e-16 9.46695644e-16 1.08541396e-15 1.09995949e-15
 1.24934689e-15 1.35433016e-15 1.69521220e-15 1.88167230e-15
 2.17031903e-05 1.08311748e-02 3.01110785e-02 9.53025782e-01
 1.04808282e+00 1.98019617e+00 1.99188534e+00 1.99858572e+00
 1.99895149e+00 1.99950447e+00 1.99982654e+00 1.99992584e+00
 1.99996220e+00 2.00000000e+00 2.00000000e+00 2.00000000e+00
 2.00000000e+00 2.00000000e+00 2.00000000e+00 2.00000000e+00
 2.00000000e+00 2.00000000e+00 2.00000000e+00 2.00000000e+00
 2.00000000e+00 2.00000000e+00 2.00000000e+00 2.00000000e+00
 2.00000000e+00 2.00000000e+00 2.00000000e+00 2.00000000e+00
 2.00000000e+00 2.00000000e+00 2.00000000e+00 2.00000000e+00
 2.00000000e+00 2.00000000e+00 2.00000000e+00 2.00000000e+00
 2.00000000e+00 2.00000000e+00 2.00000000e+00 2.00000000e+00
 2.00000000e+00 2.00000000e+00 2.00000000e+00 2.00000000e+00
 2.00000000e+00 2.00000000e+00 2.00000000e+00 2.00000000e+00
 2.00000000e+00 2.00000000e+00 2.00000000e+00 2.00000000e+00
 2.00000000e+00 2.00000000e+00 2.00000000e+00 2.00000000e+00]

	SCF Occupancy Eigenvalues for Fragment Number : # 2
	[1.58062495e-15 1.29141666e-15 9.65806085e-16 9.12826063e-16
 8.91291084e-16 8.04629175e-16 7.85966340e-16 6.90531599e-16
 6.32260798e-16 6.29034795e-16 5.75649025e-16 5.21753610e-16
 5.20827126e-16 4.90225746e-16 4.33456372e-16 4.17990223e-16
 3.37239206e-16 2.64264824e-16 2.48217529e-16 1.72145991e-16
 1.47259490e-16 1.04066200e-16 9.69284893e-17 6.14961394e-17
 4.16837040e-17 3.80826112e-17 3.00337001e-17 1.80143986e-17
 1.21441952e-17 5.93595062e-18 2.52992086e-18 1.94482344e-18
 6.91671829e-19 2.13933214e-19 3.56410914e-19 1.49410854e-18
 2.53050486e-18 6.72227475e-18 2.07044326e-17 2.26007244e-17
 2.28147486e-17 2.80774531e-17 2.99238529e-17 5.03544146e-17
 6.95543438e-17 8.07344836e-17 1.67306238e-16 1.82323949e-16
 2.18697947e-16 3.05224095e-16 3.16169082e-16 3.23373741e-16
 3.50901159e-16 4.62023365e-16 4.71867913e-16 5.08199029e-16
 5.34007142e-16 5.39987064e-16 5.77005834e-16 6.67140875e-16
 7.06331070e-16 8.60552445e-16 9.00017840e-16 1.04870785e-15
 1.15013899e-15 1.16005750e-15 6.10331219e-09 5.07871991e-08
 7.75634565e-08 1.67728012e-07 8.97134119e-07 1.88766644e-06
 2.75081871e-06 6.37904261e-06 2.05229651e-05 5.88001468e-05
 7.19900675e-05 9.92832605e-05 1.99903671e-04 4.26365695e-04
 9.65039872e-04 5.70975198e-03 1.13621032e-02 9.50490419e-01
 1.98011497e+00 1.98604891e+00 1.98945917e+00 1.99648566e+00
 1.99886529e+00 1.99970334e+00 1.99976123e+00 1.99992148e+00
 1.99995523e+00 1.99997524e+00 1.99999291e+00 1.99999798e+00
 1.99999859e+00 1.99999941e+00 1.99999969e+00 1.99999971e+00
 1.99999985e+00 1.99999991e+00 1.99999996e+00 1.99999997e+00
 1.99999998e+00 1.99999999e+00 1.99999999e+00 2.00000000e+00
 2.00000000e+00 2.00000000e+00 2.00000000e+00 2.00000000e+00
 2.00000000e+00 2.00000000e+00 2.00000000e+00 2.00000000e+00
 2.00000000e+00 2.00000000e+00 2.00000000e+00 2.00000000e+00
 2.00000000e+00 2.00000000e+00 2.00000000e+00 2.00000000e+00
 2.00000000e+00 2.00000000e+00]

	SCF Occupancy Eigenvalues for Fragment Number : # 3
	[1.58679178e-15 1.44380715e-15 1.42766583e-15 1.39007242e-15
 1.34246207e-15 1.33230775e-15 1.25087075e-15 1.18601205e-15
 1.03527093e-15 9.51234983e-16 9.10906219e-16 8.03089051e-16
 7.85618937e-16 7.25634327e-16 6.83611957e-16 6.59373743e-16
 6.14657622e-16 5.97750727e-16 5.59146684e-16 5.23884535e-16
 5.11397455e-16 4.87627512e-16 4.77382721e-16 4.64571984e-16
 4.54682577e-16 4.42026044e-16 4.24695630e-16 4.05762254e-16
 3.79282880e-16 3.58731583e-16 3.18626762e-16 2.65936872e-16
 2.43252862e-16 2.33771570e-16 2.05298970e-16 2.03383795e-16
 1.51474220e-16 1.35215695e-16 1.25448215e-16 1.13055774e-16
 1.04387751e-16 7.47936082e-17 5.38931203e-17 3.40912743e-17
 3.31038926e-17 2.68309633e-17 2.22151133e-17 2.00725691e-17
 1.26281879e-17 6.90273117e-18 4.58105926e-18 3.28104133e-18
 2.33683832e-18 2.57902881e-19 9.98910112e-19 2.74211066e-18
 4.70086852e-18 5.08813931e-18 7.50764765e-18 9.68151159e-18
 1.16774588e-17 1.31766416e-17 2.45616812e-17 2.66984785e-17
 3.03499084e-17 3.52810399e-17 4.97123806e-17 9.32844001e-17
 1.14648681e-16 1.53012260e-16 1.96934172e-16 1.99194333e-16
 2.38395177e-16 2.41879242e-16 2.45238087e-16 2.70040822e-16
 2.75963882e-16 3.47090385e-16 3.69218266e-16 3.90495408e-16
 4.38303736e-16 4.49664706e-16 4.50246160e-16 4.93330079e-16
 5.07502800e-16 5.10471927e-16 5.19675263e-16 5.84580227e-16
 6.39919121e-16 6.52248698e-16 6.82274674e-16 7.12141440e-16
 7.27226853e-16 7.76177163e-16 7.78627947e-16 7.96527807e-16
 9.20159608e-16 1.18102903e-15 1.18497475e-15 1.25493831e-15
 1.34093880e-15 1.56519916e-15 1.57637036e-15 1.76729498e-15
 2.08830923e-05 1.05011549e-02 3.39695466e-02 9.53222348e-01
 1.04178996e+00 1.97581376e+00 1.99425627e+00 1.99874979e+00
 1.99924443e+00 1.99959264e+00 1.99986178e+00 1.99995729e+00
 1.99998510e+00 2.00000000e+00 2.00000000e+00 2.00000000e+00
 2.00000000e+00 2.00000000e+00 2.00000000e+00 2.00000000e+00
 2.00000000e+00 2.00000000e+00 2.00000000e+00 2.00000000e+00
 2.00000000e+00 2.00000000e+00 2.00000000e+00 2.00000000e+00
 2.00000000e+00 2.00000000e+00 2.00000000e+00 2.00000000e+00
 2.00000000e+00 2.00000000e+00 2.00000000e+00 2.00000000e+00
 2.00000000e+00 2.00000000e+00 2.00000000e+00 2.00000000e+00
 2.00000000e+00 2.00000000e+00 2.00000000e+00 2.00000000e+00
 2.00000000e+00 2.00000000e+00 2.00000000e+00 2.00000000e+00
 2.00000000e+00 2.00000000e+00 2.00000000e+00 2.00000000e+00
 2.00000000e+00 2.00000000e+00 2.00000000e+00 2.00000000e+00
 2.00000000e+00 2.00000000e+00 2.00000000e+00 2.00000000e+00]

	SCF Occupancy Eigenvalues for Fragment Number : # 4
	[9.51757177e-16 9.00125381e-16 8.73270671e-16 7.87553021e-16
 7.60786450e-16 7.37378659e-16 6.10126842e-16 5.46118018e-16
 4.77804978e-16 4.60937214e-16 4.48110213e-16 4.36491963e-16
 4.32816582e-16 3.43204726e-16 3.27845478e-16 2.51921278e-16
 2.09632689e-16 1.75513084e-16 1.65281118e-16 1.52815868e-16
 1.45624743e-16 1.40237625e-16 1.02241573e-16 6.85534684e-17
 5.95988325e-17 5.67846740e-17 4.59162594e-17 2.72087724e-17
 2.65884839e-17 5.62828333e-18 3.66317687e-18 1.13233344e-18
 1.07240837e-18 1.90769848e-18 5.06499541e-18 1.67891145e-17
 3.00243938e-17 3.45085011e-17 3.76403357e-17 4.15409371e-17
 6.19083806e-17 8.53443954e-17 8.68836100e-17 1.25531180e-16
 1.53644731e-16 2.31285147e-16 2.35887704e-16 2.43849758e-16
 2.92705755e-16 3.29663597e-16 3.36940432e-16 3.52495483e-16
 3.61234412e-16 5.04870203e-16 5.19175404e-16 5.99749695e-16
 6.75486128e-16 7.16746759e-16 7.19731657e-16 7.30554087e-16
 9.89082155e-16 1.00754327e-15 1.13892836e-15 1.36930147e-15
 1.72355456e-15 2.06091735e-15 1.30350559e-08 8.46816898e-08
 1.13961787e-07 4.79552667e-07 1.02482741e-06 3.03346010e-06
 3.68434659e-06 8.82956783e-06 2.05456817e-05 6.51865786e-05
 7.97952332e-05 1.12761031e-04 2.64246097e-04 5.46894007e-04
 1.39492806e-03 5.95195199e-03 1.14571895e-02 9.59785855e-01
 1.97080059e+00 1.98054306e+00 1.99010418e+00 1.99702485e+00
 1.99883026e+00 1.99966629e+00 1.99986794e+00 1.99991632e+00
 1.99995165e+00 1.99996799e+00 1.99999231e+00 1.99999674e+00
 1.99999796e+00 1.99999891e+00 1.99999933e+00 1.99999966e+00
 1.99999977e+00 1.99999988e+00 1.99999993e+00 1.99999996e+00
 1.99999998e+00 1.99999999e+00 1.99999999e+00 2.00000000e+00
 2.00000000e+00 2.00000000e+00 2.00000000e+00 2.00000000e+00
 2.00000000e+00 2.00000000e+00 2.00000000e+00 2.00000000e+00
 2.00000000e+00 2.00000000e+00 2.00000000e+00 2.00000000e+00
 2.00000000e+00 2.00000000e+00 2.00000000e+00 2.00000000e+00
 2.00000000e+00 2.00000000e+00]

		Fragment Number : #  1
		------------------------
		CCSD diag: n_active_mos=98, n_active_electrons=98, trace(onerdm)=98.0
		Fragment Energy = -534.8263204663227
		Number of Electrons in Fragment = 33.83721102689779
		Fragment Number : #  2
		------------------------
		CCSD diag: n_active_mos=26, n_active_electrons=26, trace(onerdm)=26.0
		Fragment Energy = -112.49575564684667
		Number of Electrons in Fragment = 7.998322985459067
		Fragment Number : #  3
		------------------------
		CCSD diag: n_active_mos=102, n_active_electrons=102, trace(onerdm)=102.0
		Fragment Energy = -536.0898877541863
		Number of Electrons in Fragment = 35.07843064379947
		Fragment Number : #  4
		------------------------
		CCSD diag: n_active_mos=26, n_active_electrons=26, trace(onerdm)=26.0
		Fragment Energy = -112.11280952153933
		Number of Electrons in Fragment = 8.00105653114735
		Fragment Number : #  5
		------------------------
		CCSD diag: n_active_mos=102, n_active_electrons=102, trace(onerdm)=102.0
		Fragment Energy = -535.4209763364686
		Number of Electrons in Fragment = 35.084990566443544
 	Iteration =  4
 	----------------
 
	SCF Occupancy Eigenvalues for Fragment Number : # 0
	[2.08452297e-15 1.06191555e-15 9.99307151e-16 9.11280396e-16
 8.07094095e-16 7.31611498e-16 6.66456040e-16 6.64917795e-16
 6.45054036e-16 5.80558830e-16 5.47527470e-16 4.21735023e-16
 4.06506510e-16 3.86951432e-16 3.35318154e-16 3.03481435e-16
 3.03206808e-16 2.71668612e-16 2.52688769e-16 2.25688209e-16
 1.84382195e-16 1.43779884e-16 1.40384185e-16 1.27856038e-16
 1.27463616e-16 1.15659360e-16 6.21321297e-17 3.73848217e-17
 3.68521470e-17 1.83982866e-17 1.82339447e-17 9.23938732e-18
 9.19421238e-18 4.50782355e-18 2.67952618e-18 4.13406216e-19
 1.24142348e-18 1.61630370e-18 2.04135330e-18 8.01882895e-18
 9.81521091e-18 1.38310851e-17 2.76239858e-17 3.34778984e-17
 3.89885030e-17 7.12408365e-17 9.33664085e-17 1.05139244e-16
 1.13975264e-16 1.36218710e-16 1.56740222e-16 1.85223309e-16
 2.29013605e-16 2.64753838e-16 3.09977934e-16 3.20583458e-16
 4.41560059e-16 4.43175107e-16 4.70433346e-16 5.14766062e-16
 5.62262421e-16 6.48936846e-16 7.15004987e-16 7.61609677e-16
 7.99661496e-16 9.81347583e-16 1.09343080e-15 1.24640151e-15
 4.90868580e-07 1.36342483e-06 3.37161661e-06 1.19313786e-05
 1.69725452e-05 6.63514989e-05 9.44433563e-05 1.63632250e-04
 8.16144649e-04 1.38243142e-03 2.32227509e-03 4.39432412e-03
 8.04102920e-03 1.22403081e-02 3.30663234e-02 3.83218501e-02
 1.03281887e+00 1.06519894e+00 1.98164615e+00 1.98898860e+00
 1.98963686e+00 1.99298228e+00 1.99755381e+00 1.99844846e+00
 1.99883834e+00 1.99948355e+00 1.99983117e+00 1.99985209e+00
 1.99994394e+00 1.99996555e+00 1.99998158e+00 1.99998661e+00
 1.99999265e+00 1.99999412e+00 1.99999696e+00 1.99999781e+00
 1.99999848e+00 1.99999858e+00 1.99999910e+00 1.99999911e+00
 1.99999953e+00 1.99999970e+00 1.99999985e+00 1.99999991e+00
 1.99999995e+00 1.99999997e+00 1.99999998e+00 1.99999999e+00
 2.00000000e+00 2.00000000e+00 2.00000000e+00 2.00000000e+00
 2.00000000e+00 2.00000000e+00 2.00000000e+00 2.00000000e+00
 2.00000000e+00 2.00000000e+00 2.00000000e+00 2.00000000e+00]

	SCF Occupancy Eigenvalues for Fragment Number : # 1
	[2.20285435e-15 1.77694544e-15 1.47067683e-15 1.19944857e-15
 1.19826617e-15 1.19076217e-15 1.15162470e-15 1.11614952e-15
 1.00211183e-15 8.71342456e-16 8.50602094e-16 8.43470723e-16
 7.58002307e-16 7.24896287e-16 6.95868059e-16 6.56338157e-16
 6.51630690e-16 6.45737353e-16 5.92218502e-16 5.55769122e-16
 5.54815031e-16 5.34019021e-16 4.81865542e-16 4.46585491e-16
 4.43351157e-16 4.41200892e-16 3.95436588e-16 3.73591145e-16
 3.42209705e-16 3.37159026e-16 3.01896315e-16 2.99835327e-16
 2.87990599e-16 2.43480417e-16 2.12594617e-16 1.68919881e-16
 1.59638013e-16 1.51884203e-16 1.51788304e-16 1.13579681e-16
 9.53294503e-17 9.27656219e-17 8.60445101e-17 6.71420319e-17
 5.39924754e-17 3.21638677e-17 2.24142874e-17 2.07223021e-17
 1.24773589e-17 6.88806591e-18 5.80328995e-18 4.31712161e-18
 2.81358513e-18 1.37079865e-18 2.43175936e-19 4.11736577e-19
 9.12836640e-19 2.20902998e-18 4.09937805e-18 6.96784897e-18
 9.67362236e-18 1.32516497e-17 1.46738077e-17 1.88701432e-17
 3.23403509e-17 4.51882074e-17 5.00937708e-17 7.11096004e-17
 7.12526909e-17 1.09805724e-16 1.13099774e-16 1.22664474e-16
 1.31868277e-16 1.62369786e-16 1.80208720e-16 2.24978456e-16
 2.78554302e-16 2.79860202e-16 2.99673489e-16 3.23358542e-16
 3.27183873e-16 3.33324265e-16 3.86090001e-16 3.96739532e-16
 4.13284535e-16 4.16335164e-16 4.16730817e-16 4.62237501e-16
 5.83194759e-16 6.37226468e-16 6.45655421e-16 6.47776868e-16
 7.04462541e-16 8.09078935e-16 8.45138151e-16 8.83349273e-16
 9.26468163e-16 9.46695644e-16 1.08541396e-15 1.09995949e-15
 1.24934689e-15 1.35433016e-15 1.69521220e-15 1.88167230e-15
 2.17031903e-05 1.08311748e-02 3.01110785e-02 9.53025782e-01
 1.04808282e+00 1.98019617e+00 1.99188534e+00 1.99858572e+00
 1.99895149e+00 1.99950447e+00 1.99982654e+00 1.99992584e+00
 1.99996220e+00 2.00000000e+00 2.00000000e+00 2.00000000e+00
 2.00000000e+00 2.00000000e+00 2.00000000e+00 2.00000000e+00
 2.00000000e+00 2.00000000e+00 2.00000000e+00 2.00000000e+00
 2.00000000e+00 2.00000000e+00 2.00000000e+00 2.00000000e+00
 2.00000000e+00 2.00000000e+00 2.00000000e+00 2.00000000e+00
 2.00000000e+00 2.00000000e+00 2.00000000e+00 2.00000000e+00
 2.00000000e+00 2.00000000e+00 2.00000000e+00 2.00000000e+00
 2.00000000e+00 2.00000000e+00 2.00000000e+00 2.00000000e+00
 2.00000000e+00 2.00000000e+00 2.00000000e+00 2.00000000e+00
 2.00000000e+00 2.00000000e+00 2.00000000e+00 2.00000000e+00
 2.00000000e+00 2.00000000e+00 2.00000000e+00 2.00000000e+00
 2.00000000e+00 2.00000000e+00 2.00000000e+00 2.00000000e+00]

	SCF Occupancy Eigenvalues for Fragment Number : # 2
	[1.58062495e-15 1.29141666e-15 9.65806085e-16 9.12826063e-16
 8.91291084e-16 8.04629175e-16 7.85966340e-16 6.90531599e-16
 6.32260798e-16 6.29034795e-16 5.75649025e-16 5.21753610e-16
 5.20827126e-16 4.90225746e-16 4.33456372e-16 4.17990223e-16
 3.37239206e-16 2.64264824e-16 2.48217529e-16 1.72145991e-16
 1.47259490e-16 1.04066200e-16 9.69284893e-17 6.14961394e-17
 4.16837040e-17 3.80826112e-17 3.00337001e-17 1.80143986e-17
 1.21441952e-17 5.93595062e-18 2.52992086e-18 1.94482344e-18
 6.91671829e-19 2.13933214e-19 3.56410914e-19 1.49410854e-18
 2.53050486e-18 6.72227475e-18 2.07044326e-17 2.26007244e-17
 2.28147486e-17 2.80774531e-17 2.99238529e-17 5.03544146e-17
 6.95543438e-17 8.07344836e-17 1.67306238e-16 1.82323949e-16
 2.18697947e-16 3.05224095e-16 3.16169082e-16 3.23373741e-16
 3.50901159e-16 4.62023365e-16 4.71867913e-16 5.08199029e-16
 5.34007142e-16 5.39987064e-16 5.77005834e-16 6.67140875e-16
 7.06331070e-16 8.60552445e-16 9.00017840e-16 1.04870785e-15
 1.15013899e-15 1.16005750e-15 6.10331219e-09 5.07871991e-08
 7.75634565e-08 1.67728012e-07 8.97134119e-07 1.88766644e-06
 2.75081871e-06 6.37904261e-06 2.05229651e-05 5.88001468e-05
 7.19900675e-05 9.92832605e-05 1.99903671e-04 4.26365695e-04
 9.65039872e-04 5.70975198e-03 1.13621032e-02 9.50490419e-01
 1.98011497e+00 1.98604891e+00 1.98945917e+00 1.99648566e+00
 1.99886529e+00 1.99970334e+00 1.99976123e+00 1.99992148e+00
 1.99995523e+00 1.99997524e+00 1.99999291e+00 1.99999798e+00
 1.99999859e+00 1.99999941e+00 1.99999969e+00 1.99999971e+00
 1.99999985e+00 1.99999991e+00 1.99999996e+00 1.99999997e+00
 1.99999998e+00 1.99999999e+00 1.99999999e+00 2.00000000e+00
 2.00000000e+00 2.00000000e+00 2.00000000e+00 2.00000000e+00
 2.00000000e+00 2.00000000e+00 2.00000000e+00 2.00000000e+00
 2.00000000e+00 2.00000000e+00 2.00000000e+00 2.00000000e+00
 2.00000000e+00 2.00000000e+00 2.00000000e+00 2.00000000e+00
 2.00000000e+00 2.00000000e+00]

	SCF Occupancy Eigenvalues for Fragment Number : # 3
	[1.58679178e-15 1.44380715e-15 1.42766583e-15 1.39007242e-15
 1.34246207e-15 1.33230775e-15 1.25087075e-15 1.18601205e-15
 1.03527093e-15 9.51234983e-16 9.10906219e-16 8.03089051e-16
 7.85618937e-16 7.25634327e-16 6.83611957e-16 6.59373743e-16
 6.14657622e-16 5.97750727e-16 5.59146684e-16 5.23884535e-16
 5.11397455e-16 4.87627512e-16 4.77382721e-16 4.64571984e-16
 4.54682577e-16 4.42026044e-16 4.24695630e-16 4.05762254e-16
 3.79282880e-16 3.58731583e-16 3.18626762e-16 2.65936872e-16
 2.43252862e-16 2.33771570e-16 2.05298970e-16 2.03383795e-16
 1.51474220e-16 1.35215695e-16 1.25448215e-16 1.13055774e-16
 1.04387751e-16 7.47936082e-17 5.38931203e-17 3.40912743e-17
 3.31038926e-17 2.68309633e-17 2.22151133e-17 2.00725691e-17
 1.26281879e-17 6.90273117e-18 4.58105926e-18 3.28104133e-18
 2.33683832e-18 2.57902881e-19 9.98910112e-19 2.74211066e-18
 4.70086852e-18 5.08813931e-18 7.50764765e-18 9.68151159e-18
 1.16774588e-17 1.31766416e-17 2.45616812e-17 2.66984785e-17
 3.03499084e-17 3.52810399e-17 4.97123806e-17 9.32844001e-17
 1.14648681e-16 1.53012260e-16 1.96934172e-16 1.99194333e-16
 2.38395177e-16 2.41879242e-16 2.45238087e-16 2.70040822e-16
 2.75963882e-16 3.47090385e-16 3.69218266e-16 3.90495408e-16
 4.38303736e-16 4.49664706e-16 4.50246160e-16 4.93330079e-16
 5.07502800e-16 5.10471927e-16 5.19675263e-16 5.84580227e-16
 6.39919121e-16 6.52248698e-16 6.82274674e-16 7.12141440e-16
 7.27226853e-16 7.76177163e-16 7.78627947e-16 7.96527807e-16
 9.20159608e-16 1.18102903e-15 1.18497475e-15 1.25493831e-15
 1.34093880e-15 1.56519916e-15 1.57637036e-15 1.76729498e-15
 2.08830923e-05 1.05011549e-02 3.39695466e-02 9.53222348e-01
 1.04178996e+00 1.97581376e+00 1.99425627e+00 1.99874979e+00
 1.99924443e+00 1.99959264e+00 1.99986178e+00 1.99995729e+00
 1.99998510e+00 2.00000000e+00 2.00000000e+00 2.00000000e+00
 2.00000000e+00 2.00000000e+00 2.00000000e+00 2.00000000e+00
 2.00000000e+00 2.00000000e+00 2.00000000e+00 2.00000000e+00
 2.00000000e+00 2.00000000e+00 2.00000000e+00 2.00000000e+00
 2.00000000e+00 2.00000000e+00 2.00000000e+00 2.00000000e+00
 2.00000000e+00 2.00000000e+00 2.00000000e+00 2.00000000e+00
 2.00000000e+00 2.00000000e+00 2.00000000e+00 2.00000000e+00
 2.00000000e+00 2.00000000e+00 2.00000000e+00 2.00000000e+00
 2.00000000e+00 2.00000000e+00 2.00000000e+00 2.00000000e+00
 2.00000000e+00 2.00000000e+00 2.00000000e+00 2.00000000e+00
 2.00000000e+00 2.00000000e+00 2.00000000e+00 2.00000000e+00
 2.00000000e+00 2.00000000e+00 2.00000000e+00 2.00000000e+00]

	SCF Occupancy Eigenvalues for Fragment Number : # 4
	[9.51757177e-16 9.00125381e-16 8.73270671e-16 7.87553021e-16
 7.60786450e-16 7.37378659e-16 6.10126842e-16 5.46118018e-16
 4.77804978e-16 4.60937214e-16 4.48110213e-16 4.36491963e-16
 4.32816582e-16 3.43204726e-16 3.27845478e-16 2.51921278e-16
 2.09632689e-16 1.75513084e-16 1.65281118e-16 1.52815868e-16
 1.45624743e-16 1.40237625e-16 1.02241573e-16 6.85534684e-17
 5.95988325e-17 5.67846740e-17 4.59162594e-17 2.72087724e-17
 2.65884839e-17 5.62828333e-18 3.66317687e-18 1.13233344e-18
 1.07240837e-18 1.90769848e-18 5.06499541e-18 1.67891145e-17
 3.00243938e-17 3.45085011e-17 3.76403357e-17 4.15409371e-17
 6.19083806e-17 8.53443954e-17 8.68836100e-17 1.25531180e-16
 1.53644731e-16 2.31285147e-16 2.35887704e-16 2.43849758e-16
 2.92705755e-16 3.29663597e-16 3.36940432e-16 3.52495483e-16
 3.61234412e-16 5.04870203e-16 5.19175404e-16 5.99749695e-16
 6.75486128e-16 7.16746759e-16 7.19731657e-16 7.30554087e-16
 9.89082155e-16 1.00754327e-15 1.13892836e-15 1.36930147e-15
 1.72355456e-15 2.06091735e-15 1.30350559e-08 8.46816898e-08
 1.13961787e-07 4.79552667e-07 1.02482741e-06 3.03346010e-06
 3.68434659e-06 8.82956783e-06 2.05456817e-05 6.51865786e-05
 7.97952332e-05 1.12761031e-04 2.64246097e-04 5.46894007e-04
 1.39492806e-03 5.95195199e-03 1.14571895e-02 9.59785855e-01
 1.97080059e+00 1.98054306e+00 1.99010418e+00 1.99702485e+00
 1.99883026e+00 1.99966629e+00 1.99986794e+00 1.99991632e+00
 1.99995165e+00 1.99996799e+00 1.99999231e+00 1.99999674e+00
 1.99999796e+00 1.99999891e+00 1.99999933e+00 1.99999966e+00
 1.99999977e+00 1.99999988e+00 1.99999993e+00 1.99999996e+00
 1.99999998e+00 1.99999999e+00 1.99999999e+00 2.00000000e+00
 2.00000000e+00 2.00000000e+00 2.00000000e+00 2.00000000e+00
 2.00000000e+00 2.00000000e+00 2.00000000e+00 2.00000000e+00
 2.00000000e+00 2.00000000e+00 2.00000000e+00 2.00000000e+00
 2.00000000e+00 2.00000000e+00 2.00000000e+00 2.00000000e+00
 2.00000000e+00 2.00000000e+00]

		Fragment Number : #  1
		------------------------
		CCSD diag: n_active_mos=98, n_active_electrons=98, trace(onerdm)=98.0
		Fragment Energy = -534.8262911451218
		Number of Electrons in Fragment = 33.83720786898639
		Fragment Number : #  2
		------------------------
		CCSD diag: n_active_mos=26, n_active_electrons=26, trace(onerdm)=25.999999999999996
		Fragment Energy = -112.49573085054973
		Number of Electrons in Fragment = 7.998320449223069
		Fragment Number : #  3
		------------------------
		CCSD diag: n_active_mos=102, n_active_electrons=102, trace(onerdm)=102.0
		Fragment Energy = -536.089872756397
		Number of Electrons in Fragment = 35.07842892575341
		Fragment Number : #  4
		------------------------
		CCSD diag: n_active_mos=26, n_active_electrons=26, trace(onerdm)=26.000000000000004
		Fragment Energy = -112.11278451864217
		Number of Electrons in Fragment = 8.001053955121167
		Fragment Number : #  5
		------------------------
		CCSD diag: n_active_mos=102, n_active_electrons=102, trace(onerdm)=101.99999999999999
		Fragment Energy = -535.4209609803704
		Number of Electrons in Fragment = 35.08498880502516
 	*** DMET Cycle Done *** 
 	DMET Energy ( a.u. ) =   -731.1492181841
 	Chemical Potential   =     -0.0038154843
TPP DMET energy (Hartree): -731.149218
Optimizing CO2-only geometry...
geometric-optimize called with the following command line:
run_dmet_sqd_relaxed_monomers.py

                                        [91m())))))))))))))))/[0m                     
                                    [91m())))))))))))))))))))))))),[0m                
                                [91m*)))))))))))))))))))))))))))))))))[0m             
                        [94m#,[0m    [91m()))))))))/[0m                [91m.)))))))))),[0m          
                      [94m#%%%%,[0m  [91m())))))[0m                        [91m.))))))))*[0m        
                      [94m*%%%%%%,[0m  [91m))[0m              [93m..[0m              [91m,))))))).[0m      
                        [94m*%%%%%%,[0m         [93m***************/.[0m        [91m.)))))))[0m     
                [94m#%%/[0m      [94m(%%%%%%,[0m    [93m/*********************.[0m       [91m)))))))[0m    
              [94m.%%%%%%#[0m      [94m*%%%%%%,[0m  [93m*******/,[0m     [93m**********,[0m      [91m.))))))[0m   
                [94m.%%%%%%/[0m      [94m*%%%%%%,[0m  [93m**[0m              [93m********[0m      [91m.))))))[0m  
          [94m##[0m      [94m.%%%%%%/[0m      [94m(%%%%%%,[0m                  [93m,******[0m      [91m/)))))[0m  
        [94m%%%%%%[0m      [94m.%%%%%%#[0m      [94m*%%%%%%,[0m    [92m,/////.[0m       [93m******[0m      [91m))))))[0m 
      [94m#%[0m      [94m%%[0m      [94m.%%%%%%/[0m      [94m*%%%%%%,[0m  [92m////////,[0m      [93m*****/[0m     [91m,)))))[0m 
    [94m#%%[0m  [94m%%%[0m  [94m%%%#[0m      [94m.%%%%%%/[0m      [94m(%%%%%%,[0m  [92m///////.[0m     [93m/*****[0m      [91m))))).[0m
  [94m#%%%%.[0m      [94m%%%%%#[0m      [94m/%%%%%%*[0m      [94m#%%%%%%[0m   [92m/////)[0m     [93m******[0m      [91m))))),[0m
    [94m#%%%%##%[0m  [94m%%%#[0m      [94m.%%%%%%/[0m      [94m(%%%%%%,[0m  [92m///////.[0m     [93m/*****[0m      [91m))))).[0m
      [94m##[0m     [94m%%%[0m      [94m.%%%%%%/[0m      [94m*%%%%%%,[0m  [92m////////.[0m      [93m*****/[0m     [91m,)))))[0m 
        [94m#%%%%#[0m      [94m/%%%%%%/[0m      [94m(%%%%%%[0m      [92m/)/)//[0m       [93m******[0m      [91m))))))[0m 
          [94m##[0m      [94m.%%%%%%/[0m      [94m(%%%%%%,[0m                  [93m*******[0m      [91m))))))[0m  
                [94m.%%%%%%/[0m      [94m*%%%%%%,[0m  [93m**.[0m             [93m/*******[0m      [91m.))))))[0m  
              [94m*%%%%%%/[0m      [94m(%%%%%%[0m   [93m********/*..,*/*********[0m       [91m*))))))[0m   
                [94m#%%/[0m      [94m(%%%%%%,[0m    [93m*********************/[0m        [91m)))))))[0m    
                        [94m*%%%%%%,[0m         [93m,**************/[0m         [91m,))))))/[0m     
                      [94m(%%%%%%[0m   [91m()[0m                              [91m))))))))[0m       
                      [94m#%%%%,[0m  [91m())))))[0m                        [91m,)))))))),[0m        
                        [94m#,[0m    [91m())))))))))[0m                [91m,)))))))))).[0m          
                                 [91m()))))))))))))))))))))))))))))))/[0m             
                                    [91m())))))))))))))))))))))))).[0m                
                                         [91m())))))))))))))),[0m                     

-=# [1;94m geomeTRIC started. Version: 1.1 [0m #=-
Current date and time: 2026-03-02 20:13:39
#========================================================#
#| [92m    Arguments passed to driver run_optimizer():     [0m |#
#========================================================#
customengine              <pyscf.geomopt.geometric_solver.PySCFEngine object at 0x7f4bd0a30f50> 
input                     /tmp/tmpnmxl1yee/207d1a05-dc3b-4d1a-a67a-09df0ed20256 
logIni                    /home/bhabani/miniconda3/lib/python3.12/site-packages/pyscf/geomopt/log.ini 
maxiter                   100 
tmpdir                    /tmp/tmp_928ns8e 
----------------------------------------------------------
Custom engine selected.
Bonds will be generated from interatomic distances less than 1.20 times sum of covalent radii
9 internal coordinates being used (instead of 9 Cartesians)
Internal coordinate system (atoms numbered from 1):
Distance 1-2
Distance 1-3
Angle 2-1-3
Translation-X 1-3
Translation-Y 1-3
Translation-Z 1-3
Rotation-A 1-3
Rotation-B 1-3
Rotation-C 1-3
<class 'geometric.internal.Distance'> : 2
<class 'geometric.internal.Angle'> : 1
<class 'geometric.internal.TranslationX'> : 1
<class 'geometric.internal.TranslationY'> : 1
<class 'geometric.internal.TranslationZ'> : 1
<class 'geometric.internal.RotationA'> : 1
<class 'geometric.internal.RotationB'> : 1
<class 'geometric.internal.RotationC'> : 1
> ===== Optimization Info: ====
> Job type: Energy minimization
> Maximum number of optimization cycles: 100
> Initial / maximum trust radius (Angstrom): 0.100 / 0.300
> Convergence Criteria:
> Will converge when all 5 criteria are reached:
>  |Delta-E| < 1.00e-06
>  RMS-Grad  < 3.00e-04
>  Max-Grad  < 4.50e-04
>  RMS-Disp  < 1.20e-03
>  Max-Disp  < 1.80e-03
> === End Optimization Info ===
WARN: Mole.unit (Angstrom) is changed to Bohr
Step    0 : Gradient = 1.754e-01/2.295e-01 (rms/max) Energy = -186.4593915463
Hessian Eigenvalues: 5.00000e-02 5.00000e-02 5.00000e-02 ... 2.50000e-01 7.43764e-01 7.89301e-01
Step    1 : Displace = [0m9.715e-02[0m/[0m1.369e-01[0m (rms/max) Trust = 1.000e-01 (=) Grad = [0m1.029e-01[0m/[0m1.275e-01[0m (rms/max) E (change) = -186.5260412138 ([0m-6.665e-02[0m) Quality = [0m1.137[0m
Hessian Eigenvalues: 5.00000e-02 5.00000e-02 5.00000e-02 ... 2.28512e-01 5.69745e-01 7.72202e-01
Step    2 : Displace = [0m1.477e-01[0m/[0m1.989e-01[0m (rms/max) Trust = 1.414e-01 ([92m+[0m) Grad = [0m1.150e-01[0m/[0m1.544e-01[0m (rms/max) E (change) = -186.5486629641 ([0m-2.262e-02[0m) Quality = [0m0.569[0m
Updating Hessian using 2 steps from history
Hessian Eigenvalues: 5.00000e-02 5.00000e-02 5.00000e-02 ... 1.83703e-01 7.71179e-01 1.13189e+00
Step    3 : Displace = [0m5.497e-02[0m/[0m6.847e-02[0m (rms/max) Trust = 1.414e-01 (=) Grad = [0m2.778e-02[0m/[0m3.797e-02[0m (rms/max) E (change) = -186.5602854978 ([0m-1.162e-02[0m) Quality = [0m0.669[0m
Hessian Eigenvalues: 5.00000e-02 5.00000e-02 5.00000e-02 ... 1.83355e-01 7.71775e-01 1.40094e+00
Step    4 : Displace = [0m1.015e-02[0m/[0m1.315e-02[0m (rms/max) Trust = 1.414e-01 (=) Grad = [0m5.095e-03[0m/[0m7.118e-03[0m (rms/max) E (change) = -186.5612279421 ([0m-9.424e-04[0m) Quality = [0m1.193[0m
Hessian Eigenvalues: 5.00000e-02 5.00000e-02 5.00000e-02 ... 1.83361e-01 7.68250e-01 1.15459e+00
Step    5 : Displace = [0m2.206e-03[0m/[0m2.937e-03[0m (rms/max) Trust = 2.000e-01 ([92m+[0m) Grad = [0m4.518e-04[0m/[0m5.802e-04[0m (rms/max) E (change) = -186.5612573486 ([0m-2.941e-05[0m) Quality = [0m0.940[0m
Hessian Eigenvalues: 5.00000e-02 5.00000e-02 5.00000e-02 ... 1.83361e-01 7.78979e-01 1.21206e+00
Step    6 : Displace = [92m1.329e-04[0m/[92m1.870e-04[0m (rms/max) Trust = 2.828e-01 ([92m+[0m) Grad = [92m7.879e-05[0m/[92m1.108e-04[0m (rms/max) E (change) = -186.5612574959 ([92m-1.473e-07[0m) Quality = [0m0.915[0m
Hessian Eigenvalues: 5.00000e-02 5.00000e-02 5.00000e-02 ... 1.83361e-01 7.78979e-01 1.21206e+00
Converged! =D

    #==========================================================================#
    #| If this code has benefited your research, please support us by citing: |#
    #|                                                                        |#
    #| Wang, L.-P.; Song, C.C. (2016) "Geometry optimization made simple with |#
    #| translation and rotation coordinates", J. Chem, Phys. 144, 214108.     |#
    #| http://dx.doi.org/10.1063/1.4952956                                    |#
    #==========================================================================#
    Time elapsed since start of run_optimizer: 11.309 seconds
WARN: ECP not specified. The basis set CRENBL include an ECP. Recommended ECP: CRENBL.
 	Iteration =  1
 	----------------
 
	SCF Occupancy Eigenvalues for Fragment Number : # 0
	[]

		Fragment Number : #  1
		------------------------
		CCSD diag: n_active_mos=27, n_active_electrons=22, trace(onerdm)=22.0
		Fragment Energy = -245.50265019108923
		Number of Electrons in Fragment = 22.000000000000014
 	Iteration =  2
 	----------------
 
	SCF Occupancy Eigenvalues for Fragment Number : # 0
	[]

		Fragment Number : #  1
		------------------------
		CCSD diag: n_active_mos=27, n_active_electrons=22, trace(onerdm)=21.999999999999996
		Fragment Energy = -245.50265019108838
		Number of Electrons in Fragment = 21.999999999999993
 	Iteration =  3
 	----------------
 
	SCF Occupancy Eigenvalues for Fragment Number : # 0
	[]

		Fragment Number : #  1
		------------------------
		CCSD diag: n_active_mos=27, n_active_electrons=22, trace(onerdm)=22.0
		Fragment Energy = -245.50265019108843
		Number of Electrons in Fragment = 22.0
 	Iteration =  4
 	----------------
 
	SCF Occupancy Eigenvalues for Fragment Number : # 0
	[]

		Fragment Number : #  1
		------------------------
		CCSD diag: n_active_mos=27, n_active_electrons=22, trace(onerdm)=22.0
		Fragment Energy = -245.50265019108866
		Number of Electrons in Fragment = 21.999999999999996
 	*** DMET Cycle Done *** 
 	DMET Energy ( a.u. ) =   -186.8962043489
 	Chemical Potential   =      0.0000666667
CO2 DMET energy (Hartree): -186.896204

Monomer energies (Hartree):
TPP: -731.1492181841
CO2: -186.8962043489
