Optimizing TPP-only geometry...
geometric-optimize called with the following command line:
run_dmet_sqd_relaxed_monomers.py

                                        [91m())))))))))))))))/[0m                     
                                    [91m())))))))))))))))))))))))),[0m                
                                [91m*)))))))))))))))))))))))))))))))))[0m             
                        [94m#,[0m    [91m()))))))))/[0m                [91m.)))))))))),[0m          
                      [94m#%%%%,[0m  [91m())))))[0m                        [91m.))))))))*[0m        
                      [94m*%%%%%%,[0m  [91m))[0m              [93m..[0m              [91m,))))))).[0m      
                        [94m*%%%%%%,[0m         [93m***************/.[0m        [91m.)))))))[0m     
                [94m#%%/[0m      [94m(%%%%%%,[0m    [93m/*********************.[0m       [91m)))))))[0m    
              [94m.%%%%%%#[0m      [94m*%%%%%%,[0m  [93m*******/,[0m     [93m**********,[0m      [91m.))))))[0m   
                [94m.%%%%%%/[0m      [94m*%%%%%%,[0m  [93m**[0m              [93m********[0m      [91m.))))))[0m  
          [94m##[0m      [94m.%%%%%%/[0m      [94m(%%%%%%,[0m                  [93m,******[0m      [91m/)))))[0m  
        [94m%%%%%%[0m      [94m.%%%%%%#[0m      [94m*%%%%%%,[0m    [92m,/////.[0m       [93m******[0m      [91m))))))[0m 
      [94m#%[0m      [94m%%[0m      [94m.%%%%%%/[0m      [94m*%%%%%%,[0m  [92m////////,[0m      [93m*****/[0m     [91m,)))))[0m 
    [94m#%%[0m  [94m%%%[0m  [94m%%%#[0m      [94m.%%%%%%/[0m      [94m(%%%%%%,[0m  [92m///////.[0m     [93m/*****[0m      [91m))))).[0m
  [94m#%%%%.[0m      [94m%%%%%#[0m      [94m/%%%%%%*[0m      [94m#%%%%%%[0m   [92m/////)[0m     [93m******[0m      [91m))))),[0m
    [94m#%%%%##%[0m  [94m%%%#[0m      [94m.%%%%%%/[0m      [94m(%%%%%%,[0m  [92m///////.[0m     [93m/*****[0m      [91m))))).[0m
      [94m##[0m     [94m%%%[0m      [94m.%%%%%%/[0m      [94m*%%%%%%,[0m  [92m////////.[0m      [93m*****/[0m     [91m,)))))[0m 
        [94m#%%%%#[0m      [94m/%%%%%%/[0m      [94m(%%%%%%[0m      [92m/)/)//[0m       [93m******[0m      [91m))))))[0m 
          [94m##[0m      [94m.%%%%%%/[0m      [94m(%%%%%%,[0m                  [93m*******[0m      [91m))))))[0m  
                [94m.%%%%%%/[0m      [94m*%%%%%%,[0m  [93m**.[0m             [93m/*******[0m      [91m.))))))[0m  
              [94m*%%%%%%/[0m      [94m(%%%%%%[0m   [93m********/*..,*/*********[0m       [91m*))))))[0m   
                [94m#%%/[0m      [94m(%%%%%%,[0m    [93m*********************/[0m        [91m)))))))[0m    
                        [94m*%%%%%%,[0m         [93m,**************/[0m         [91m,))))))/[0m     
                      [94m(%%%%%%[0m   [91m()[0m                              [91m))))))))[0m       
                      [94m#%%%%,[0m  [91m())))))[0m                        [91m,)))))))),[0m        
                        [94m#,[0m    [91m())))))))))[0m                [91m,)))))))))).[0m          
                                 [91m()))))))))))))))))))))))))))))))/[0m             
                                    [91m())))))))))))))))))))))))).[0m                
                                         [91m())))))))))))))),[0m                     

-=# [1;94m geomeTRIC started. Version: 1.1 [0m #=-
Current date and time: 2026-03-19 15:08:50
#========================================================#
#| [92m    Arguments passed to driver run_optimizer():     [0m |#
#========================================================#
customengine              <pyscf.geomopt.geometric_solver.PySCFEngine object at 0x7f80fe779970> 
input                     /tmp/tmpuvm3wvmx/d33ab8db-2526-48ea-b7b2-a8fb237423e3 
logIni                    /home/bhabani/miniconda3/lib/python3.12/site-packages/pyscf/geomopt/log.ini 
maxiter                   100 
tmpdir                    /tmp/tmpntr5eole 
----------------------------------------------------------
Custom engine selected.
Bonds will be generated from interatomic distances less than 1.20 times sum of covalent radii
87 internal coordinates being used (instead of 87 Cartesians)
Internal coordinate system (atoms numbered from 1):
Distance 1-2
Distance 1-5
Distance 1-19
Distance 2-3
Distance 2-6
Distance 3-4
Distance 3-7
Distance 4-5
Distance 4-8
Distance 8-9
Distance 8-10
Distance 8-11
Distance 11-12
Distance 11-13
Distance 12-14
Distance 12-18
Distance 13-15
Distance 13-16
Distance 15-17
Distance 15-18
Distance 19-20
Distance 19-21
Distance 19-22
Distance 22-23
Distance 22-24
Distance 23-25
Distance 23-26
Distance 24-27
Distance 24-29
Distance 25-28
Distance 25-29
Angle 2-1-19
Angle 5-1-19
Angle 1-2-6
Angle 3-2-6
Angle 2-3-7
Angle 4-3-7
Angle 3-4-8
Angle 5-4-8
Angle 1-5-4
Angle 4-8-9
Angle 4-8-10
Angle 4-8-11
Angle 9-8-10
Angle 9-8-11
Angle 10-8-11
Angle 8-11-13
Angle 12-11-13
Angle 11-12-18
Angle 14-12-18
Angle 11-13-16
Angle 15-13-16
Angle 13-15-18
Angle 17-15-18
Angle 12-18-15
Angle 1-19-20
Angle 1-19-21
Angle 1-19-22
Angle 20-19-21
Angle 20-19-22
Angle 21-19-22
Angle 19-22-24
Angle 23-22-24
Angle 22-23-26
Angle 25-23-26
Angle 22-24-29
Angle 27-24-29
Angle 23-25-29
Angle 28-25-29
Angle 24-29-25
Out-of-Plane 1-2-5-19
Out-of-Plane 2-1-3-6
Out-of-Plane 3-2-4-7
Out-of-Plane 4-3-5-8
Out-of-Plane 11-8-12-13
Out-of-Plane 12-11-14-18
Out-of-Plane 13-11-15-16
Out-of-Plane 15-13-17-18
Out-of-Plane 22-19-23-24
Out-of-Plane 23-22-25-26
Out-of-Plane 24-22-27-29
Out-of-Plane 25-23-28-29
Dihedral 5-1-2-3
Dihedral 5-1-2-6
Dihedral 19-1-2-3
Dihedral 19-1-2-6
Dihedral 2-1-5-4
Dihedral 19-1-5-4
Dihedral 2-1-19-20
Dihedral 2-1-19-21
Dihedral 2-1-19-22
Dihedral 5-1-19-20
Dihedral 5-1-19-21
Dihedral 5-1-19-22
Dihedral 1-2-3-4
Dihedral 1-2-3-7
Dihedral 6-2-3-4
Dihedral 6-2-3-7
Dihedral 2-3-4-5
Dihedral 2-3-4-8
Dihedral 7-3-4-5
Dihedral 7-3-4-8
Dihedral 3-4-5-1
Dihedral 8-4-5-1
Dihedral 3-4-8-9
Dihedral 3-4-8-10
Dihedral 3-4-8-11
Dihedral 5-4-8-9
Dihedral 5-4-8-10
Dihedral 5-4-8-11
Dihedral 4-8-11-12
Dihedral 4-8-11-13
Dihedral 9-8-11-12
Dihedral 9-8-11-13
Dihedral 10-8-11-12
Dihedral 10-8-11-13
Dihedral 8-11-12-14
Dihedral 8-11-12-18
Dihedral 13-11-12-14
Dihedral 13-11-12-18
Dihedral 8-11-13-15
Dihedral 8-11-13-16
Dihedral 12-11-13-15
Dihedral 12-11-13-16
Dihedral 11-12-18-15
Dihedral 14-12-18-15
Dihedral 11-13-15-17
Dihedral 11-13-15-18
Dihedral 16-13-15-17
Dihedral 16-13-15-18
Dihedral 13-15-18-12
Dihedral 17-15-18-12
Dihedral 1-19-22-23
Dihedral 1-19-22-24
Dihedral 20-19-22-23
Dihedral 20-19-22-24
Dihedral 21-19-22-23
Dihedral 21-19-22-24
Dihedral 19-22-23-25
Dihedral 19-22-23-26
Dihedral 24-22-23-25
Dihedral 24-22-23-26
Dihedral 19-22-24-27
Dihedral 19-22-24-29
Dihedral 23-22-24-27
Dihedral 23-22-24-29
Dihedral 22-23-25-28
Dihedral 22-23-25-29
Dihedral 26-23-25-28
Dihedral 26-23-25-29
Dihedral 22-24-29-25
Dihedral 27-24-29-25
Dihedral 23-25-29-24
Dihedral 28-25-29-24
Translation-X 1-29
Translation-Y 1-29
Translation-Z 1-29
Rotation-A 1-29
Rotation-B 1-29
Rotation-C 1-29
<class 'geometric.internal.Distance'> : 31
<class 'geometric.internal.Angle'> : 39
<class 'geometric.internal.OutOfPlane'> : 12
<class 'geometric.internal.Dihedral'> : 72
<class 'geometric.internal.TranslationX'> : 1
<class 'geometric.internal.TranslationY'> : 1
<class 'geometric.internal.TranslationZ'> : 1
<class 'geometric.internal.RotationA'> : 1
<class 'geometric.internal.RotationB'> : 1
<class 'geometric.internal.RotationC'> : 1
> ===== Optimization Info: ====
> Job type: Energy minimization
> Maximum number of optimization cycles: 100
> Initial / maximum trust radius (Angstrom): 0.100 / 0.300
> Convergence Criteria:
> Will converge when all 5 criteria are reached:
>  |Delta-E| < 1.00e-06
>  RMS-Grad  < 3.00e-04
>  Max-Grad  < 4.50e-04
>  RMS-Disp  < 1.20e-03
>  Max-Disp  < 1.80e-03
> === End Optimization Info ===
WARN: Mole.unit (Angstrom) is changed to Bohr
Step    0 : Gradient = 2.215e-02/6.012e-02 (rms/max) Energy = -729.4168428896
Hessian Eigenvalues: 2.30000e-02 2.30000e-02 2.30000e-02 ... 4.96009e-01 5.36209e-01 5.36619e-01
Step    1 : Displace = [0m1.029e-01[0m/[0m2.061e-01[0m (rms/max) Trust = 1.000e-01 (=) Grad = [0m1.034e-02[0m/[0m2.058e-02[0m (rms/max) E (change) = -729.4286484151 ([0m-1.181e-02[0m) Quality = [0m0.734[0m
Hessian Eigenvalues: 2.29945e-02 2.30000e-02 2.30000e-02 ... 5.11890e-01 5.36287e-01 7.86011e-01
Step    2 : Displace = [0m9.321e-02[0m/[0m2.072e-01[0m (rms/max) Trust = 1.000e-01 (=) Grad = [0m3.737e-03[0m/[0m7.270e-03[0m (rms/max) E (change) = -729.4316592616 ([0m-3.011e-03[0m) Quality = [0m0.786[0m
Hessian Eigenvalues: 2.28574e-02 2.30000e-02 2.30000e-02 ... 5.34353e-01 5.69495e-01 7.88187e-01
Step    3 : Displace = [0m8.902e-02[0m/[0m1.812e-01[0m (rms/max) Trust = 1.414e-01 ([92m+[0m) Grad = [0m1.755e-03[0m/[0m4.110e-03[0m (rms/max) E (change) = -729.4329665911 ([0m-1.307e-03[0m) Quality = [0m1.216[0m
Hessian Eigenvalues: 1.12994e-02 2.30000e-02 2.30000e-02 ... 5.34021e-01 5.69660e-01 8.22194e-01
Step    4 : Displace = [0m9.315e-02[0m/[0m1.956e-01[0m (rms/max) Trust = 2.000e-01 ([92m+[0m) Grad = [0m3.974e-03[0m/[0m7.951e-03[0m (rms/max) E (change) = -729.4334427446 ([0m-4.762e-04[0m) Quality = [0m0.625[0m
Hessian Eigenvalues: 4.98281e-03 2.30000e-02 2.30000e-02 ... 5.69587e-01 7.43755e-01 8.19878e-01
Step    5 : Displace = [0m1.038e-01[0m/[0m2.346e-01[0m (rms/max) Trust = 2.000e-01 (=) Grad = [0m4.075e-03[0m/[0m9.273e-03[0m (rms/max) E (change) = -729.4343158614 ([0m-8.731e-04[0m) Quality = [0m0.853[0m
Hessian Eigenvalues: 2.93189e-03 2.30000e-02 2.30000e-02 ... 5.66108e-01 8.14336e-01 1.10904e+00
Step    6 : Displace = [0m1.390e-01[0m/[0m3.281e-01[0m (rms/max) Trust = 2.828e-01 ([92m+[0m) Grad = [0m7.246e-03[0m/[0m1.688e-02[0m (rms/max) E (change) = -729.4346690634 ([0m-3.532e-04[0m) Quality = [0m0.213[0m
Hessian Eigenvalues: 2.45955e-03 2.08474e-02 2.30000e-02 ... 8.13473e-01 9.08016e-01 1.02540e+00
Step    7 : Displace = [0m7.594e-02[0m/[0m1.663e-01[0m (rms/max) Trust = 6.952e-02 ([91m-[0m) Grad = [0m3.492e-03[0m/[0m8.223e-03[0m (rms/max) E (change) = -729.4370058286 ([0m-2.337e-03[0m) Quality = [0m1.216[0m
Hessian Eigenvalues: 2.01331e-03 1.65258e-02 2.30000e-02 ... 8.07144e-01 8.96016e-01 1.09821e+00
Step    8 : Displace = [0m1.015e-01[0m/[0m1.948e-01[0m (rms/max) Trust = 9.832e-02 ([92m+[0m) Grad = [0m2.968e-03[0m/[0m5.584e-03[0m (rms/max) E (change) = -729.4378930643 ([0m-8.872e-04[0m) Quality = [0m0.599[0m
Hessian Eigenvalues: 1.82348e-03 1.39926e-02 2.29126e-02 ... 8.26568e-01 9.05480e-01 1.09725e+00
Step    9 : Displace = [0m1.016e-01[0m/[0m2.409e-01[0m (rms/max) Trust = 9.832e-02 (=) Grad = [0m2.337e-03[0m/[0m5.504e-03[0m (rms/max) E (change) = -729.4391046063 ([0m-1.212e-03[0m) Quality = [0m1.178[0m
Hessian Eigenvalues: 1.17597e-03 9.35753e-03 2.23226e-02 ... 8.07542e-01 1.03474e+00 1.16646e+00
Step   10 : Displace = [0m1.415e-01[0m/[0m3.304e-01[0m (rms/max) Trust = 1.390e-01 ([92m+[0m) Grad = [0m2.196e-03[0m/[0m4.731e-03[0m (rms/max) E (change) = -729.4404936117 ([0m-1.389e-03[0m) Quality = [0m0.898[0m
Hessian Eigenvalues: 1.45736e-03 7.56282e-03 2.15050e-02 ... 7.92150e-01 9.99157e-01 1.06648e+00
Step   11 : Displace = [0m2.007e-01[0m/[0m4.412e-01[0m (rms/max) Trust = 1.966e-01 ([92m+[0m) Grad = [0m3.054e-03[0m/[0m8.462e-03[0m (rms/max) E (change) = -729.4412225924 ([0m-7.290e-04[0m) Quality = [0m0.534[0m
Hessian Eigenvalues: 2.26835e-03 8.22965e-03 2.08456e-02 ... 7.87297e-01 9.17308e-01 1.06665e+00
Step   12 : Displace = [0m3.852e-02[0m/[0m7.685e-02[0m (rms/max) Trust = 1.966e-01 (=) Grad = [0m1.099e-03[0m/[0m2.743e-03[0m (rms/max) E (change) = -729.4417488281 ([0m-5.262e-04[0m) Quality = [0m1.015[0m
Hessian Eigenvalues: 2.38264e-03 8.23331e-03 1.68596e-02 ... 8.11729e-01 8.87286e-01 1.06604e+00
Step   13 : Displace = [0m7.697e-02[0m/[0m1.695e-01[0m (rms/max) Trust = 2.781e-01 ([92m+[0m) Grad = [0m1.104e-03[0m/[0m2.119e-03[0m (rms/max) E (change) = -729.4418010600 ([0m-5.223e-05[0m) Quality = [0m0.264[0m
Hessian Eigenvalues: 2.49700e-03 8.15175e-03 1.29521e-02 ... 8.07321e-01 9.76451e-01 1.12288e+00
Step   14 : Displace = [0m2.681e-02[0m/[0m5.105e-02[0m (rms/max) Trust = 2.781e-01 (=) Grad = [0m7.211e-04[0m/[0m1.566e-03[0m (rms/max) E (change) = -729.4420085781 ([0m-2.075e-04[0m) Quality = [0m1.214[0m
Hessian Eigenvalues: 2.25192e-03 7.66645e-03 1.09283e-02 ... 8.14768e-01 9.35774e-01 1.14915e+00
Step   15 : Displace = [0m3.467e-02[0m/[0m6.846e-02[0m (rms/max) Trust = 3.000e-01 ([92m+[0m) Grad = [0m7.945e-04[0m/[0m2.210e-03[0m (rms/max) E (change) = -729.4421103646 ([0m-1.018e-04[0m) Quality = [0m1.029[0m
Hessian Eigenvalues: 1.67030e-03 5.57278e-03 9.20478e-03 ... 8.08438e-01 9.52821e-01 1.15745e+00
Step   16 : Displace = [0m4.987e-02[0m/[0m1.019e-01[0m (rms/max) Trust = 3.000e-01 (=) Grad = [0m5.655e-04[0m/[0m1.351e-03[0m (rms/max) E (change) = -729.4422204507 ([0m-1.101e-04[0m) Quality = [0m1.159[0m
Hessian Eigenvalues: 1.56445e-03 4.45528e-03 8.99011e-03 ... 8.08263e-01 9.56297e-01 1.15240e+00
Step   17 : Displace = [0m3.234e-02[0m/[0m7.002e-02[0m (rms/max) Trust = 3.000e-01 (=) Grad = [0m3.177e-04[0m/[0m8.629e-04[0m (rms/max) E (change) = -729.4422691794 ([0m-4.873e-05[0m) Quality = [0m1.114[0m
Hessian Eigenvalues: 1.63009e-03 3.55003e-03 9.24837e-03 ... 8.08482e-01 9.34711e-01 1.13434e+00
Step   18 : Displace = [0m1.054e-02[0m/[0m2.210e-02[0m (rms/max) Trust = 3.000e-01 (=) Grad = [0m3.074e-04[0m/[0m7.750e-04[0m (rms/max) E (change) = -729.4422789723 ([0m-9.793e-06[0m) Quality = [0m0.717[0m
Hessian Eigenvalues: 1.64899e-03 3.18042e-03 9.08100e-03 ... 8.09066e-01 9.51227e-01 1.17712e+00
Step   19 : Displace = [0m3.587e-03[0m/[0m8.780e-03[0m (rms/max) Trust = 3.000e-01 (=) Grad = [92m1.838e-04[0m/[92m3.556e-04[0m (rms/max) E (change) = -729.4422833334 ([0m-4.361e-06[0m) Quality = [0m0.770[0m
Hessian Eigenvalues: 1.59973e-03 3.22439e-03 9.20156e-03 ... 8.07938e-01 9.37967e-01 1.12503e+00
Step   20 : Displace = [0m3.163e-03[0m/[0m7.409e-03[0m (rms/max) Trust = 3.000e-01 (=) Grad = [92m5.551e-05[0m/[92m1.030e-04[0m (rms/max) E (change) = -729.4422853084 ([0m-1.975e-06[0m) Quality = [0m0.991[0m
Hessian Eigenvalues: 1.53662e-03 3.28719e-03 9.17375e-03 ... 8.10641e-01 9.38270e-01 1.12224e+00
Step   21 : Displace = [0m3.836e-03[0m/[0m8.267e-03[0m (rms/max) Trust = 3.000e-01 (=) Grad = [92m4.424e-05[0m/[92m9.110e-05[0m (rms/max) E (change) = -729.4422859045 ([92m-5.961e-07[0m) Quality = [0m0.998[0m
Hessian Eigenvalues: 1.39065e-03 2.53542e-03 9.45755e-03 ... 8.10989e-01 9.38697e-01 1.12638e+00
Step   22 : Displace = [0m2.105e-03[0m/[0m4.597e-03[0m (rms/max) Trust = 3.000e-01 (=) Grad = [92m2.780e-05[0m/[92m5.655e-05[0m (rms/max) E (change) = -729.4422861965 ([92m-2.920e-07[0m) Quality = [0m1.067[0m
Hessian Eigenvalues: 1.35284e-03 2.40818e-03 8.88033e-03 ... 8.13637e-01 9.37988e-01 1.12526e+00
Step   23 : Displace = [92m7.727e-04[0m/[92m1.772e-03[0m (rms/max) Trust = 3.000e-01 (=) Grad = [92m1.902e-05[0m/[92m4.205e-05[0m (rms/max) E (change) = -729.4422863315 ([92m-1.350e-07[0m) Quality = [0m1.297[0m
Hessian Eigenvalues: 1.35284e-03 2.40818e-03 8.88033e-03 ... 8.13637e-01 9.37988e-01 1.12526e+00
Converged! =D

    #==========================================================================#
    #| If this code has benefited your research, please support us by citing: |#
    #|                                                                        |#
    #| Wang, L.-P.; Song, C.C. (2016) "Geometry optimization made simple with |#
    #| translation and rotation coordinates", J. Chem, Phys. 144, 214108.     |#
    #| http://dx.doi.org/10.1063/1.4952956                                    |#
    #==========================================================================#
    Time elapsed since start of run_optimizer: 260.147 seconds
WARN: ECP not specified. The basis set CRENBL include an ECP. Recommended ECP: CRENBL.
/home/bhabani/Kishore/Tangelo_2.0/tangelo/problem_decomposition/dmet/dmet_problem_decomposition.py:155: RuntimeWarning: The mean field will be recomputed even if one has been provided by the user.
  warnings.warn("The mean field will be recomputed even if one has been provided by the user.", RuntimeWarning)
 	Iteration =  1
 	----------------
 
	SCF Occupancy Eigenvalues for Fragment Number : # 0
	[1.45831776e-15 9.54247251e-16 8.37731513e-16 7.72926734e-16
 7.48906471e-16 6.69723147e-16 6.61085965e-16 5.90485363e-16
 5.83687083e-16 5.04352015e-16 4.77058148e-16 4.02193097e-16
 3.66142548e-16 3.11830407e-16 2.79218584e-16 2.60510517e-16
 2.28108898e-16 2.19527223e-16 1.97172299e-16 1.94114847e-16
 1.91143449e-16 1.53771864e-16 1.53239543e-16 1.19647701e-16
 8.17639861e-17 7.66975388e-17 2.75957053e-17 9.63262164e-18
 5.48504271e-18 3.78848535e-18 3.14359012e-18 2.92207684e-18
 2.29263202e-19 5.47618739e-19 1.75119289e-18 2.97186753e-18
 9.14215515e-18 1.48952546e-17 1.54612732e-17 2.19381367e-17
 5.74218836e-17 8.76161560e-17 1.14054554e-16 1.25740082e-16
 1.56751694e-16 1.70939577e-16 1.82991463e-16 1.96400630e-16
 2.25770712e-16 2.33251571e-16 2.70178484e-16 3.06126525e-16
 3.15204284e-16 3.27446178e-16 3.59414784e-16 3.88115615e-16
 4.31721870e-16 5.65068401e-16 5.92708359e-16 6.21764672e-16
 7.13185259e-16 7.22549466e-16 8.35568858e-16 9.24444259e-16
 9.45872082e-16 9.68731668e-16 1.50151833e-15 1.67461641e-15
 4.90868580e-07 1.36342483e-06 3.37161661e-06 1.19313786e-05
 1.69725452e-05 6.63514989e-05 9.44433563e-05 1.63632250e-04
 8.16144649e-04 1.38243142e-03 2.32227509e-03 4.39432412e-03
 8.04102920e-03 1.22403081e-02 3.30663234e-02 3.83218501e-02
 1.03281887e+00 1.06519894e+00 1.98164615e+00 1.98898860e+00
 1.98963686e+00 1.99298228e+00 1.99755381e+00 1.99844846e+00
 1.99883834e+00 1.99948355e+00 1.99983117e+00 1.99985209e+00
 1.99994394e+00 1.99996555e+00 1.99998158e+00 1.99998661e+00
 1.99999265e+00 1.99999412e+00 1.99999696e+00 1.99999781e+00
 1.99999848e+00 1.99999858e+00 1.99999910e+00 1.99999911e+00
 1.99999953e+00 1.99999970e+00 1.99999985e+00 1.99999991e+00
 1.99999995e+00 1.99999997e+00 1.99999998e+00 1.99999999e+00
 2.00000000e+00 2.00000000e+00 2.00000000e+00 2.00000000e+00
 2.00000000e+00 2.00000000e+00 2.00000000e+00 2.00000000e+00
 2.00000000e+00 2.00000000e+00 2.00000000e+00 2.00000000e+00]

	SCF Occupancy Eigenvalues for Fragment Number : # 1
	[1.70372478e-15 1.61405173e-15 1.12199720e-15 1.08948837e-15
 1.05020022e-15 1.02943963e-15 9.73157043e-16 9.58029380e-16
 9.07118913e-16 8.03096066e-16 7.50763030e-16 7.14730893e-16
 6.69330234e-16 6.14448902e-16 5.87864194e-16 5.83617079e-16
 5.82267999e-16 5.30554533e-16 5.18633539e-16 4.64932882e-16
 4.54071328e-16 4.05555292e-16 3.22881122e-16 3.19116858e-16
 2.72940230e-16 2.59335243e-16 2.54657731e-16 2.23658573e-16
 2.03614408e-16 1.89409492e-16 1.69960263e-16 1.65238492e-16
 1.47389613e-16 1.36705947e-16 1.16896321e-16 9.99490318e-17
 9.84943469e-17 7.25292512e-17 5.06734626e-17 3.23139198e-17
 2.94241089e-17 1.98942975e-17 1.70734467e-17 8.78173013e-18
 7.24814175e-18 4.51900791e-18 2.73150708e-18 1.40733249e-18
 2.25827501e-19 8.28022339e-19 1.89104084e-18 4.17513329e-18
 5.03669027e-18 6.78055407e-18 9.15234267e-18 1.31628430e-17
 1.73576484e-17 2.77555756e-17 2.97443987e-17 3.88526421e-17
 6.08855059e-17 6.75457731e-17 6.79683569e-17 7.80625564e-17
 8.20614760e-17 9.23680743e-17 1.18570559e-16 1.46382063e-16
 1.59530506e-16 1.77148118e-16 2.10675408e-16 2.11938009e-16
 2.16012192e-16 2.17593354e-16 2.44789952e-16 2.74841235e-16
 2.80754345e-16 3.16779763e-16 3.24648295e-16 3.66275998e-16
 3.85540720e-16 3.88093819e-16 4.01797151e-16 4.33351887e-16
 4.38359197e-16 4.94937836e-16 5.32776049e-16 6.07176665e-16
 6.23264618e-16 6.98370180e-16 7.25499072e-16 7.95876203e-16
 8.99423651e-16 9.42836531e-16 9.43273121e-16 1.00206772e-15
 1.05526030e-15 1.09786247e-15 1.30696386e-15 1.35555576e-15
 1.41523573e-15 1.44351527e-15 1.49614744e-15 1.56408796e-15
 2.17031903e-05 1.08311748e-02 3.01110785e-02 9.53025782e-01
 1.04808282e+00 1.98019617e+00 1.99188534e+00 1.99858572e+00
 1.99895149e+00 1.99950447e+00 1.99982654e+00 1.99992584e+00
 1.99996220e+00 2.00000000e+00 2.00000000e+00 2.00000000e+00
 2.00000000e+00 2.00000000e+00 2.00000000e+00 2.00000000e+00
 2.00000000e+00 2.00000000e+00 2.00000000e+00 2.00000000e+00
 2.00000000e+00 2.00000000e+00 2.00000000e+00 2.00000000e+00
 2.00000000e+00 2.00000000e+00 2.00000000e+00 2.00000000e+00
 2.00000000e+00 2.00000000e+00 2.00000000e+00 2.00000000e+00
 2.00000000e+00 2.00000000e+00 2.00000000e+00 2.00000000e+00
 2.00000000e+00 2.00000000e+00 2.00000000e+00 2.00000000e+00
 2.00000000e+00 2.00000000e+00 2.00000000e+00 2.00000000e+00
 2.00000000e+00 2.00000000e+00 2.00000000e+00 2.00000000e+00
 2.00000000e+00 2.00000000e+00 2.00000000e+00 2.00000000e+00
 2.00000000e+00 2.00000000e+00 2.00000000e+00 2.00000000e+00]

	SCF Occupancy Eigenvalues for Fragment Number : # 2
	[1.63475919e-15 1.27614805e-15 1.25762459e-15 1.11651004e-15
 9.58248660e-16 9.35984149e-16 8.15312679e-16 6.71328582e-16
 6.34621475e-16 5.70088896e-16 4.88301465e-16 4.76583475e-16
 4.60172151e-16 4.01877851e-16 3.79872272e-16 3.53422803e-16
 3.38595861e-16 3.35990157e-16 3.32588583e-16 3.14908427e-16
 2.16701652e-16 1.80754591e-16 1.77281578e-16 1.39293814e-16
 1.26451651e-16 9.90162496e-17 8.95569618e-17 7.90800346e-17
 4.41622987e-17 1.87699562e-17 1.40741839e-17 9.55718114e-18
 3.34477480e-18 2.41382717e-18 1.18640188e-18 5.26042200e-19
 1.40494747e-19 1.26496421e-18 4.63159584e-18 5.67048308e-18
 7.91782867e-18 1.43422343e-17 1.63586622e-17 4.65542510e-17
 6.68520580e-17 6.92080552e-17 1.11147929e-16 1.46466207e-16
 1.54800558e-16 2.12515915e-16 2.30317217e-16 2.66279562e-16
 2.91975646e-16 3.01872276e-16 3.66760590e-16 3.71592290e-16
 3.93036120e-16 4.65675987e-16 4.94723810e-16 6.49122577e-16
 7.39695219e-16 8.07293278e-16 8.19699120e-16 8.44779027e-16
 1.17266031e-15 1.55176645e-15 6.10331135e-09 5.07871989e-08
 7.75634569e-08 1.67728013e-07 8.97134119e-07 1.88766644e-06
 2.75081871e-06 6.37904261e-06 2.05229651e-05 5.88001468e-05
 7.19900675e-05 9.92832605e-05 1.99903671e-04 4.26365695e-04
 9.65039872e-04 5.70975198e-03 1.13621032e-02 9.50490419e-01
 1.98011497e+00 1.98604891e+00 1.98945917e+00 1.99648566e+00
 1.99886529e+00 1.99970334e+00 1.99976123e+00 1.99992148e+00
 1.99995523e+00 1.99997524e+00 1.99999291e+00 1.99999798e+00
 1.99999859e+00 1.99999941e+00 1.99999969e+00 1.99999971e+00
 1.99999985e+00 1.99999991e+00 1.99999996e+00 1.99999997e+00
 1.99999998e+00 1.99999999e+00 1.99999999e+00 2.00000000e+00
 2.00000000e+00 2.00000000e+00 2.00000000e+00 2.00000000e+00
 2.00000000e+00 2.00000000e+00 2.00000000e+00 2.00000000e+00
 2.00000000e+00 2.00000000e+00 2.00000000e+00 2.00000000e+00
 2.00000000e+00 2.00000000e+00 2.00000000e+00 2.00000000e+00
 2.00000000e+00 2.00000000e+00]

	SCF Occupancy Eigenvalues for Fragment Number : # 3
	[1.94679879e-15 1.59485981e-15 1.35109096e-15 1.33527428e-15
 1.17518767e-15 1.11811568e-15 1.07749617e-15 1.03215963e-15
 1.02105414e-15 9.66246226e-16 9.04911947e-16 8.61848367e-16
 7.60049256e-16 6.97066646e-16 6.96215929e-16 6.90312378e-16
 6.44049676e-16 6.16206104e-16 5.59675975e-16 5.49307002e-16
 5.22472454e-16 5.08246928e-16 4.47756607e-16 4.10703616e-16
 4.07336297e-16 3.62287668e-16 3.47703877e-16 3.18099341e-16
 2.94027503e-16 2.85193120e-16 2.37637297e-16 1.97165563e-16
 1.68725142e-16 1.68262236e-16 1.63364059e-16 1.31525039e-16
 9.66378545e-17 8.95890633e-17 6.94860301e-17 6.07585403e-17
 5.28948706e-17 4.94688537e-17 3.26555911e-17 2.71742120e-17
 2.61508117e-17 2.42861287e-17 2.30595985e-17 1.31451117e-17
 4.97930669e-18 2.47555915e-18 2.30571403e-18 1.58896053e-18
 2.38800186e-19 4.26904605e-19 3.01158632e-18 4.07156372e-18
 6.44672185e-18 1.08727717e-17 1.10978382e-17 1.33876649e-17
 1.42014073e-17 1.76929105e-17 2.33155303e-17 5.81210546e-17
 5.82257087e-17 6.22836758e-17 7.47630035e-17 7.70143716e-17
 8.39393650e-17 1.02762082e-16 1.23835589e-16 1.38639649e-16
 1.39213477e-16 1.40155994e-16 1.88345006e-16 2.19963474e-16
 2.30513951e-16 2.43911139e-16 2.74804796e-16 2.84540927e-16
 3.42874161e-16 3.45874119e-16 3.77199505e-16 3.83571016e-16
 3.86178695e-16 4.49723522e-16 4.67517087e-16 4.69687332e-16
 5.36839975e-16 6.05751850e-16 6.55826359e-16 6.56050774e-16
 7.07242881e-16 7.21307509e-16 7.35585013e-16 7.82937076e-16
 8.67621612e-16 9.57873602e-16 9.76735363e-16 1.09643032e-15
 1.35723391e-15 1.44778197e-15 1.59959497e-15 1.82404357e-15
 2.08830923e-05 1.05011549e-02 3.39695466e-02 9.53222348e-01
 1.04178996e+00 1.97581376e+00 1.99425627e+00 1.99874979e+00
 1.99924443e+00 1.99959264e+00 1.99986178e+00 1.99995729e+00
 1.99998510e+00 2.00000000e+00 2.00000000e+00 2.00000000e+00
 2.00000000e+00 2.00000000e+00 2.00000000e+00 2.00000000e+00
 2.00000000e+00 2.00000000e+00 2.00000000e+00 2.00000000e+00
 2.00000000e+00 2.00000000e+00 2.00000000e+00 2.00000000e+00
 2.00000000e+00 2.00000000e+00 2.00000000e+00 2.00000000e+00
 2.00000000e+00 2.00000000e+00 2.00000000e+00 2.00000000e+00
 2.00000000e+00 2.00000000e+00 2.00000000e+00 2.00000000e+00
 2.00000000e+00 2.00000000e+00 2.00000000e+00 2.00000000e+00
 2.00000000e+00 2.00000000e+00 2.00000000e+00 2.00000000e+00
 2.00000000e+00 2.00000000e+00 2.00000000e+00 2.00000000e+00
 2.00000000e+00 2.00000000e+00 2.00000000e+00 2.00000000e+00
 2.00000000e+00 2.00000000e+00 2.00000000e+00 2.00000000e+00]

	SCF Occupancy Eigenvalues for Fragment Number : # 4
	[2.24302315e-15 1.48177479e-15 1.39764321e-15 1.34456616e-15
 1.07328342e-15 1.02503870e-15 9.16247219e-16 7.00796437e-16
 6.88149048e-16 6.86685578e-16 6.61064529e-16 5.87231735e-16
 5.63541735e-16 5.31933356e-16 4.67650693e-16 4.52396303e-16
 3.48060520e-16 3.30429753e-16 2.91415965e-16 2.77076908e-16
 2.30784331e-16 2.29322565e-16 2.08435302e-16 1.93300350e-16
 1.64687546e-16 1.13298306e-16 9.39706139e-17 9.17503542e-17
 5.43915537e-17 2.43538585e-17 1.09295422e-17 6.83713164e-18
 1.55941099e-18 1.04198688e-19 9.95037791e-19 2.53221243e-18
 8.97222941e-18 1.24671502e-17 2.41737755e-17 2.81487230e-17
 3.45068406e-17 3.88419525e-17 4.03188769e-17 4.14372574e-17
 6.55393380e-17 6.74519861e-17 8.12728145e-17 1.02981200e-16
 1.52137662e-16 1.73547881e-16 1.97162524e-16 2.28151621e-16
 2.88090646e-16 3.47634755e-16 3.49842063e-16 3.67281238e-16
 4.36326284e-16 4.51504733e-16 4.97346881e-16 5.58497151e-16
 5.96550497e-16 6.19335888e-16 7.45955524e-16 1.01979823e-15
 1.27503456e-15 1.97897307e-15 1.30350564e-08 8.46816900e-08
 1.13961787e-07 4.79552667e-07 1.02482741e-06 3.03346010e-06
 3.68434659e-06 8.82956783e-06 2.05456817e-05 6.51865786e-05
 7.97952332e-05 1.12761031e-04 2.64246097e-04 5.46894007e-04
 1.39492806e-03 5.95195199e-03 1.14571895e-02 9.59785855e-01
 1.97080059e+00 1.98054306e+00 1.99010418e+00 1.99702485e+00
 1.99883026e+00 1.99966629e+00 1.99986794e+00 1.99991632e+00
 1.99995165e+00 1.99996799e+00 1.99999231e+00 1.99999674e+00
 1.99999796e+00 1.99999891e+00 1.99999933e+00 1.99999966e+00
 1.99999977e+00 1.99999988e+00 1.99999993e+00 1.99999996e+00
 1.99999998e+00 1.99999999e+00 1.99999999e+00 2.00000000e+00
 2.00000000e+00 2.00000000e+00 2.00000000e+00 2.00000000e+00
 2.00000000e+00 2.00000000e+00 2.00000000e+00 2.00000000e+00
 2.00000000e+00 2.00000000e+00 2.00000000e+00 2.00000000e+00
 2.00000000e+00 2.00000000e+00 2.00000000e+00 2.00000000e+00
 2.00000000e+00 2.00000000e+00]

		Fragment Number : #  1
		------------------------
		CCSD diag: n_active_mos=98, n_active_electrons=98, trace(onerdm)=98.0
		Fragment Energy = -534.9009396261476
		Number of Electrons in Fragment = 33.8452475869075
		Fragment Number : #  2
		------------------------
		CCSD diag: n_active_mos=26, n_active_electrons=26, trace(onerdm)=26.0
		Fragment Energy = -112.558900993771
		Number of Electrons in Fragment = 8.004782953858125
		Fragment Number : #  3
		------------------------
		CCSD diag: n_active_mos=102, n_active_electrons=102, trace(onerdm)=102.00000000000003
		Fragment Energy = -536.1280981706841
		Number of Electrons in Fragment = 35.08280878188681
		Fragment Number : #  4
		------------------------
		CCSD diag: n_active_mos=26, n_active_electrons=26, trace(onerdm)=26.0
		Fragment Energy = -112.17648093099525
		Number of Electrons in Fragment = 8.007617911136174
		Fragment Number : #  5
		------------------------
		CCSD diag: n_active_mos=102, n_active_electrons=102, trace(onerdm)=101.99999999999997
		Fragment Energy = -535.4601155606688
		Number of Electrons in Fragment = 35.08948119991389
 	Iteration =  2
 	----------------
 
	SCF Occupancy Eigenvalues for Fragment Number : # 0
	[1.45831776e-15 9.54247251e-16 8.37731513e-16 7.72926734e-16
 7.48906471e-16 6.69723147e-16 6.61085965e-16 5.90485363e-16
 5.83687083e-16 5.04352015e-16 4.77058148e-16 4.02193097e-16
 3.66142548e-16 3.11830407e-16 2.79218584e-16 2.60510517e-16
 2.28108898e-16 2.19527223e-16 1.97172299e-16 1.94114847e-16
 1.91143449e-16 1.53771864e-16 1.53239543e-16 1.19647701e-16
 8.17639861e-17 7.66975388e-17 2.75957053e-17 9.63262164e-18
 5.48504271e-18 3.78848535e-18 3.14359012e-18 2.92207684e-18
 2.29263202e-19 5.47618739e-19 1.75119289e-18 2.97186753e-18
 9.14215515e-18 1.48952546e-17 1.54612732e-17 2.19381367e-17
 5.74218836e-17 8.76161560e-17 1.14054554e-16 1.25740082e-16
 1.56751694e-16 1.70939577e-16 1.82991463e-16 1.96400630e-16
 2.25770712e-16 2.33251571e-16 2.70178484e-16 3.06126525e-16
 3.15204284e-16 3.27446178e-16 3.59414784e-16 3.88115615e-16
 4.31721870e-16 5.65068401e-16 5.92708359e-16 6.21764672e-16
 7.13185259e-16 7.22549466e-16 8.35568858e-16 9.24444259e-16
 9.45872082e-16 9.68731668e-16 1.50151833e-15 1.67461641e-15
 4.90868580e-07 1.36342483e-06 3.37161661e-06 1.19313786e-05
 1.69725452e-05 6.63514989e-05 9.44433563e-05 1.63632250e-04
 8.16144649e-04 1.38243142e-03 2.32227509e-03 4.39432412e-03
 8.04102920e-03 1.22403081e-02 3.30663234e-02 3.83218501e-02
 1.03281887e+00 1.06519894e+00 1.98164615e+00 1.98898860e+00
 1.98963686e+00 1.99298228e+00 1.99755381e+00 1.99844846e+00
 1.99883834e+00 1.99948355e+00 1.99983117e+00 1.99985209e+00
 1.99994394e+00 1.99996555e+00 1.99998158e+00 1.99998661e+00
 1.99999265e+00 1.99999412e+00 1.99999696e+00 1.99999781e+00
 1.99999848e+00 1.99999858e+00 1.99999910e+00 1.99999911e+00
 1.99999953e+00 1.99999970e+00 1.99999985e+00 1.99999991e+00
 1.99999995e+00 1.99999997e+00 1.99999998e+00 1.99999999e+00
 2.00000000e+00 2.00000000e+00 2.00000000e+00 2.00000000e+00
 2.00000000e+00 2.00000000e+00 2.00000000e+00 2.00000000e+00
 2.00000000e+00 2.00000000e+00 2.00000000e+00 2.00000000e+00]

	SCF Occupancy Eigenvalues for Fragment Number : # 1
	[1.70372478e-15 1.61405173e-15 1.12199720e-15 1.08948837e-15
 1.05020022e-15 1.02943963e-15 9.73157043e-16 9.58029380e-16
 9.07118913e-16 8.03096066e-16 7.50763030e-16 7.14730893e-16
 6.69330234e-16 6.14448902e-16 5.87864194e-16 5.83617079e-16
 5.82267999e-16 5.30554533e-16 5.18633539e-16 4.64932882e-16
 4.54071328e-16 4.05555292e-16 3.22881122e-16 3.19116858e-16
 2.72940230e-16 2.59335243e-16 2.54657731e-16 2.23658573e-16
 2.03614408e-16 1.89409492e-16 1.69960263e-16 1.65238492e-16
 1.47389613e-16 1.36705947e-16 1.16896321e-16 9.99490318e-17
 9.84943469e-17 7.25292512e-17 5.06734626e-17 3.23139198e-17
 2.94241089e-17 1.98942975e-17 1.70734467e-17 8.78173013e-18
 7.24814175e-18 4.51900791e-18 2.73150708e-18 1.40733249e-18
 2.25827501e-19 8.28022339e-19 1.89104084e-18 4.17513329e-18
 5.03669027e-18 6.78055407e-18 9.15234267e-18 1.31628430e-17
 1.73576484e-17 2.77555756e-17 2.97443987e-17 3.88526421e-17
 6.08855059e-17 6.75457731e-17 6.79683569e-17 7.80625564e-17
 8.20614760e-17 9.23680743e-17 1.18570559e-16 1.46382063e-16
 1.59530506e-16 1.77148118e-16 2.10675408e-16 2.11938009e-16
 2.16012192e-16 2.17593354e-16 2.44789952e-16 2.74841235e-16
 2.80754345e-16 3.16779763e-16 3.24648295e-16 3.66275998e-16
 3.85540720e-16 3.88093819e-16 4.01797151e-16 4.33351887e-16
 4.38359197e-16 4.94937836e-16 5.32776049e-16 6.07176665e-16
 6.23264618e-16 6.98370180e-16 7.25499072e-16 7.95876203e-16
 8.99423651e-16 9.42836531e-16 9.43273121e-16 1.00206772e-15
 1.05526030e-15 1.09786247e-15 1.30696386e-15 1.35555576e-15
 1.41523573e-15 1.44351527e-15 1.49614744e-15 1.56408796e-15
 2.17031903e-05 1.08311748e-02 3.01110785e-02 9.53025782e-01
 1.04808282e+00 1.98019617e+00 1.99188534e+00 1.99858572e+00
 1.99895149e+00 1.99950447e+00 1.99982654e+00 1.99992584e+00
 1.99996220e+00 2.00000000e+00 2.00000000e+00 2.00000000e+00
 2.00000000e+00 2.00000000e+00 2.00000000e+00 2.00000000e+00
 2.00000000e+00 2.00000000e+00 2.00000000e+00 2.00000000e+00
 2.00000000e+00 2.00000000e+00 2.00000000e+00 2.00000000e+00
 2.00000000e+00 2.00000000e+00 2.00000000e+00 2.00000000e+00
 2.00000000e+00 2.00000000e+00 2.00000000e+00 2.00000000e+00
 2.00000000e+00 2.00000000e+00 2.00000000e+00 2.00000000e+00
 2.00000000e+00 2.00000000e+00 2.00000000e+00 2.00000000e+00
 2.00000000e+00 2.00000000e+00 2.00000000e+00 2.00000000e+00
 2.00000000e+00 2.00000000e+00 2.00000000e+00 2.00000000e+00
 2.00000000e+00 2.00000000e+00 2.00000000e+00 2.00000000e+00
 2.00000000e+00 2.00000000e+00 2.00000000e+00 2.00000000e+00]

	SCF Occupancy Eigenvalues for Fragment Number : # 2
	[1.63475919e-15 1.27614805e-15 1.25762459e-15 1.11651004e-15
 9.58248660e-16 9.35984149e-16 8.15312679e-16 6.71328582e-16
 6.34621475e-16 5.70088896e-16 4.88301465e-16 4.76583475e-16
 4.60172151e-16 4.01877851e-16 3.79872272e-16 3.53422803e-16
 3.38595861e-16 3.35990157e-16 3.32588583e-16 3.14908427e-16
 2.16701652e-16 1.80754591e-16 1.77281578e-16 1.39293814e-16
 1.26451651e-16 9.90162496e-17 8.95569618e-17 7.90800346e-17
 4.41622987e-17 1.87699562e-17 1.40741839e-17 9.55718114e-18
 3.34477480e-18 2.41382717e-18 1.18640188e-18 5.26042200e-19
 1.40494747e-19 1.26496421e-18 4.63159584e-18 5.67048308e-18
 7.91782867e-18 1.43422343e-17 1.63586622e-17 4.65542510e-17
 6.68520580e-17 6.92080552e-17 1.11147929e-16 1.46466207e-16
 1.54800558e-16 2.12515915e-16 2.30317217e-16 2.66279562e-16
 2.91975646e-16 3.01872276e-16 3.66760590e-16 3.71592290e-16
 3.93036120e-16 4.65675987e-16 4.94723810e-16 6.49122577e-16
 7.39695219e-16 8.07293278e-16 8.19699120e-16 8.44779027e-16
 1.17266031e-15 1.55176645e-15 6.10331135e-09 5.07871989e-08
 7.75634569e-08 1.67728013e-07 8.97134119e-07 1.88766644e-06
 2.75081871e-06 6.37904261e-06 2.05229651e-05 5.88001468e-05
 7.19900675e-05 9.92832605e-05 1.99903671e-04 4.26365695e-04
 9.65039872e-04 5.70975198e-03 1.13621032e-02 9.50490419e-01
 1.98011497e+00 1.98604891e+00 1.98945917e+00 1.99648566e+00
 1.99886529e+00 1.99970334e+00 1.99976123e+00 1.99992148e+00
 1.99995523e+00 1.99997524e+00 1.99999291e+00 1.99999798e+00
 1.99999859e+00 1.99999941e+00 1.99999969e+00 1.99999971e+00
 1.99999985e+00 1.99999991e+00 1.99999996e+00 1.99999997e+00
 1.99999998e+00 1.99999999e+00 1.99999999e+00 2.00000000e+00
 2.00000000e+00 2.00000000e+00 2.00000000e+00 2.00000000e+00
 2.00000000e+00 2.00000000e+00 2.00000000e+00 2.00000000e+00
 2.00000000e+00 2.00000000e+00 2.00000000e+00 2.00000000e+00
 2.00000000e+00 2.00000000e+00 2.00000000e+00 2.00000000e+00
 2.00000000e+00 2.00000000e+00]

	SCF Occupancy Eigenvalues for Fragment Number : # 3
	[1.94679879e-15 1.59485981e-15 1.35109096e-15 1.33527428e-15
 1.17518767e-15 1.11811568e-15 1.07749617e-15 1.03215963e-15
 1.02105414e-15 9.66246226e-16 9.04911947e-16 8.61848367e-16
 7.60049256e-16 6.97066646e-16 6.96215929e-16 6.90312378e-16
 6.44049676e-16 6.16206104e-16 5.59675975e-16 5.49307002e-16
 5.22472454e-16 5.08246928e-16 4.47756607e-16 4.10703616e-16
 4.07336297e-16 3.62287668e-16 3.47703877e-16 3.18099341e-16
 2.94027503e-16 2.85193120e-16 2.37637297e-16 1.97165563e-16
 1.68725142e-16 1.68262236e-16 1.63364059e-16 1.31525039e-16
 9.66378545e-17 8.95890633e-17 6.94860301e-17 6.07585403e-17
 5.28948706e-17 4.94688537e-17 3.26555911e-17 2.71742120e-17
 2.61508117e-17 2.42861287e-17 2.30595985e-17 1.31451117e-17
 4.97930669e-18 2.47555915e-18 2.30571403e-18 1.58896053e-18
 2.38800186e-19 4.26904605e-19 3.01158632e-18 4.07156372e-18
 6.44672185e-18 1.08727717e-17 1.10978382e-17 1.33876649e-17
 1.42014073e-17 1.76929105e-17 2.33155303e-17 5.81210546e-17
 5.82257087e-17 6.22836758e-17 7.47630035e-17 7.70143716e-17
 8.39393650e-17 1.02762082e-16 1.23835589e-16 1.38639649e-16
 1.39213477e-16 1.40155994e-16 1.88345006e-16 2.19963474e-16
 2.30513951e-16 2.43911139e-16 2.74804796e-16 2.84540927e-16
 3.42874161e-16 3.45874119e-16 3.77199505e-16 3.83571016e-16
 3.86178695e-16 4.49723522e-16 4.67517087e-16 4.69687332e-16
 5.36839975e-16 6.05751850e-16 6.55826359e-16 6.56050774e-16
 7.07242881e-16 7.21307509e-16 7.35585013e-16 7.82937076e-16
 8.67621612e-16 9.57873602e-16 9.76735363e-16 1.09643032e-15
 1.35723391e-15 1.44778197e-15 1.59959497e-15 1.82404357e-15
 2.08830923e-05 1.05011549e-02 3.39695466e-02 9.53222348e-01
 1.04178996e+00 1.97581376e+00 1.99425627e+00 1.99874979e+00
 1.99924443e+00 1.99959264e+00 1.99986178e+00 1.99995729e+00
 1.99998510e+00 2.00000000e+00 2.00000000e+00 2.00000000e+00
 2.00000000e+00 2.00000000e+00 2.00000000e+00 2.00000000e+00
 2.00000000e+00 2.00000000e+00 2.00000000e+00 2.00000000e+00
 2.00000000e+00 2.00000000e+00 2.00000000e+00 2.00000000e+00
 2.00000000e+00 2.00000000e+00 2.00000000e+00 2.00000000e+00
 2.00000000e+00 2.00000000e+00 2.00000000e+00 2.00000000e+00
 2.00000000e+00 2.00000000e+00 2.00000000e+00 2.00000000e+00
 2.00000000e+00 2.00000000e+00 2.00000000e+00 2.00000000e+00
 2.00000000e+00 2.00000000e+00 2.00000000e+00 2.00000000e+00
 2.00000000e+00 2.00000000e+00 2.00000000e+00 2.00000000e+00
 2.00000000e+00 2.00000000e+00 2.00000000e+00 2.00000000e+00
 2.00000000e+00 2.00000000e+00 2.00000000e+00 2.00000000e+00]

	SCF Occupancy Eigenvalues for Fragment Number : # 4
	[2.24302315e-15 1.48177479e-15 1.39764321e-15 1.34456616e-15
 1.07328342e-15 1.02503870e-15 9.16247219e-16 7.00796437e-16
 6.88149048e-16 6.86685578e-16 6.61064529e-16 5.87231735e-16
 5.63541735e-16 5.31933356e-16 4.67650693e-16 4.52396303e-16
 3.48060520e-16 3.30429753e-16 2.91415965e-16 2.77076908e-16
 2.30784331e-16 2.29322565e-16 2.08435302e-16 1.93300350e-16
 1.64687546e-16 1.13298306e-16 9.39706139e-17 9.17503542e-17
 5.43915537e-17 2.43538585e-17 1.09295422e-17 6.83713164e-18
 1.55941099e-18 1.04198688e-19 9.95037791e-19 2.53221243e-18
 8.97222941e-18 1.24671502e-17 2.41737755e-17 2.81487230e-17
 3.45068406e-17 3.88419525e-17 4.03188769e-17 4.14372574e-17
 6.55393380e-17 6.74519861e-17 8.12728145e-17 1.02981200e-16
 1.52137662e-16 1.73547881e-16 1.97162524e-16 2.28151621e-16
 2.88090646e-16 3.47634755e-16 3.49842063e-16 3.67281238e-16
 4.36326284e-16 4.51504733e-16 4.97346881e-16 5.58497151e-16
 5.96550497e-16 6.19335888e-16 7.45955524e-16 1.01979823e-15
 1.27503456e-15 1.97897307e-15 1.30350564e-08 8.46816900e-08
 1.13961787e-07 4.79552667e-07 1.02482741e-06 3.03346010e-06
 3.68434659e-06 8.82956783e-06 2.05456817e-05 6.51865786e-05
 7.97952332e-05 1.12761031e-04 2.64246097e-04 5.46894007e-04
 1.39492806e-03 5.95195199e-03 1.14571895e-02 9.59785855e-01
 1.97080059e+00 1.98054306e+00 1.99010418e+00 1.99702485e+00
 1.99883026e+00 1.99966629e+00 1.99986794e+00 1.99991632e+00
 1.99995165e+00 1.99996799e+00 1.99999231e+00 1.99999674e+00
 1.99999796e+00 1.99999891e+00 1.99999933e+00 1.99999966e+00
 1.99999977e+00 1.99999988e+00 1.99999993e+00 1.99999996e+00
 1.99999998e+00 1.99999999e+00 1.99999999e+00 2.00000000e+00
 2.00000000e+00 2.00000000e+00 2.00000000e+00 2.00000000e+00
 2.00000000e+00 2.00000000e+00 2.00000000e+00 2.00000000e+00
 2.00000000e+00 2.00000000e+00 2.00000000e+00 2.00000000e+00
 2.00000000e+00 2.00000000e+00 2.00000000e+00 2.00000000e+00
 2.00000000e+00 2.00000000e+00]

		Fragment Number : #  1
		------------------------
		CCSD diag: n_active_mos=98, n_active_electrons=98, trace(onerdm)=98.0
		Fragment Energy = -534.9028952722159
		Number of Electrons in Fragment = 33.845458204123034
		Fragment Number : #  2
		------------------------
		CCSD diag: n_active_mos=26, n_active_electrons=26, trace(onerdm)=26.0
		Fragment Energy = -112.56055689862907
		Number of Electrons in Fragment = 8.004952394757362
		Fragment Number : #  3
		------------------------
		CCSD diag: n_active_mos=102, n_active_electrons=102, trace(onerdm)=102.0
		Fragment Energy = -536.1291005880435
		Number of Electrons in Fragment = 35.08292367874054
		Fragment Number : #  4
		------------------------
		CCSD diag: n_active_mos=26, n_active_electrons=26, trace(onerdm)=26.0
		Fragment Energy = -112.17815064048747
		Number of Electrons in Fragment = 8.007790014946755
		Fragment Number : #  5
		------------------------
		CCSD diag: n_active_mos=102, n_active_electrons=102, trace(onerdm)=101.99999999999999
		Fragment Energy = -535.4611428018453
		Number of Electrons in Fragment = 35.0895991054443
 	Iteration =  3
 	----------------
 
	SCF Occupancy Eigenvalues for Fragment Number : # 0
	[1.45831776e-15 9.54247251e-16 8.37731513e-16 7.72926734e-16
 7.48906471e-16 6.69723147e-16 6.61085965e-16 5.90485363e-16
 5.83687083e-16 5.04352015e-16 4.77058148e-16 4.02193097e-16
 3.66142548e-16 3.11830407e-16 2.79218584e-16 2.60510517e-16
 2.28108898e-16 2.19527223e-16 1.97172299e-16 1.94114847e-16
 1.91143449e-16 1.53771864e-16 1.53239543e-16 1.19647701e-16
 8.17639861e-17 7.66975388e-17 2.75957053e-17 9.63262164e-18
 5.48504271e-18 3.78848535e-18 3.14359012e-18 2.92207684e-18
 2.29263202e-19 5.47618739e-19 1.75119289e-18 2.97186753e-18
 9.14215515e-18 1.48952546e-17 1.54612732e-17 2.19381367e-17
 5.74218836e-17 8.76161560e-17 1.14054554e-16 1.25740082e-16
 1.56751694e-16 1.70939577e-16 1.82991463e-16 1.96400630e-16
 2.25770712e-16 2.33251571e-16 2.70178484e-16 3.06126525e-16
 3.15204284e-16 3.27446178e-16 3.59414784e-16 3.88115615e-16
 4.31721870e-16 5.65068401e-16 5.92708359e-16 6.21764672e-16
 7.13185259e-16 7.22549466e-16 8.35568858e-16 9.24444259e-16
 9.45872082e-16 9.68731668e-16 1.50151833e-15 1.67461641e-15
 4.90868580e-07 1.36342483e-06 3.37161661e-06 1.19313786e-05
 1.69725452e-05 6.63514989e-05 9.44433563e-05 1.63632250e-04
 8.16144649e-04 1.38243142e-03 2.32227509e-03 4.39432412e-03
 8.04102920e-03 1.22403081e-02 3.30663234e-02 3.83218501e-02
 1.03281887e+00 1.06519894e+00 1.98164615e+00 1.98898860e+00
 1.98963686e+00 1.99298228e+00 1.99755381e+00 1.99844846e+00
 1.99883834e+00 1.99948355e+00 1.99983117e+00 1.99985209e+00
 1.99994394e+00 1.99996555e+00 1.99998158e+00 1.99998661e+00
 1.99999265e+00 1.99999412e+00 1.99999696e+00 1.99999781e+00
 1.99999848e+00 1.99999858e+00 1.99999910e+00 1.99999911e+00
 1.99999953e+00 1.99999970e+00 1.99999985e+00 1.99999991e+00
 1.99999995e+00 1.99999997e+00 1.99999998e+00 1.99999999e+00
 2.00000000e+00 2.00000000e+00 2.00000000e+00 2.00000000e+00
 2.00000000e+00 2.00000000e+00 2.00000000e+00 2.00000000e+00
 2.00000000e+00 2.00000000e+00 2.00000000e+00 2.00000000e+00]

	SCF Occupancy Eigenvalues for Fragment Number : # 1
	[1.70372478e-15 1.61405173e-15 1.12199720e-15 1.08948837e-15
 1.05020022e-15 1.02943963e-15 9.73157043e-16 9.58029380e-16
 9.07118913e-16 8.03096066e-16 7.50763030e-16 7.14730893e-16
 6.69330234e-16 6.14448902e-16 5.87864194e-16 5.83617079e-16
 5.82267999e-16 5.30554533e-16 5.18633539e-16 4.64932882e-16
 4.54071328e-16 4.05555292e-16 3.22881122e-16 3.19116858e-16
 2.72940230e-16 2.59335243e-16 2.54657731e-16 2.23658573e-16
 2.03614408e-16 1.89409492e-16 1.69960263e-16 1.65238492e-16
 1.47389613e-16 1.36705947e-16 1.16896321e-16 9.99490318e-17
 9.84943469e-17 7.25292512e-17 5.06734626e-17 3.23139198e-17
 2.94241089e-17 1.98942975e-17 1.70734467e-17 8.78173013e-18
 7.24814175e-18 4.51900791e-18 2.73150708e-18 1.40733249e-18
 2.25827501e-19 8.28022339e-19 1.89104084e-18 4.17513329e-18
 5.03669027e-18 6.78055407e-18 9.15234267e-18 1.31628430e-17
 1.73576484e-17 2.77555756e-17 2.97443987e-17 3.88526421e-17
 6.08855059e-17 6.75457731e-17 6.79683569e-17 7.80625564e-17
 8.20614760e-17 9.23680743e-17 1.18570559e-16 1.46382063e-16
 1.59530506e-16 1.77148118e-16 2.10675408e-16 2.11938009e-16
 2.16012192e-16 2.17593354e-16 2.44789952e-16 2.74841235e-16
 2.80754345e-16 3.16779763e-16 3.24648295e-16 3.66275998e-16
 3.85540720e-16 3.88093819e-16 4.01797151e-16 4.33351887e-16
 4.38359197e-16 4.94937836e-16 5.32776049e-16 6.07176665e-16
 6.23264618e-16 6.98370180e-16 7.25499072e-16 7.95876203e-16
 8.99423651e-16 9.42836531e-16 9.43273121e-16 1.00206772e-15
 1.05526030e-15 1.09786247e-15 1.30696386e-15 1.35555576e-15
 1.41523573e-15 1.44351527e-15 1.49614744e-15 1.56408796e-15
 2.17031903e-05 1.08311748e-02 3.01110785e-02 9.53025782e-01
 1.04808282e+00 1.98019617e+00 1.99188534e+00 1.99858572e+00
 1.99895149e+00 1.99950447e+00 1.99982654e+00 1.99992584e+00
 1.99996220e+00 2.00000000e+00 2.00000000e+00 2.00000000e+00
 2.00000000e+00 2.00000000e+00 2.00000000e+00 2.00000000e+00
 2.00000000e+00 2.00000000e+00 2.00000000e+00 2.00000000e+00
 2.00000000e+00 2.00000000e+00 2.00000000e+00 2.00000000e+00
 2.00000000e+00 2.00000000e+00 2.00000000e+00 2.00000000e+00
 2.00000000e+00 2.00000000e+00 2.00000000e+00 2.00000000e+00
 2.00000000e+00 2.00000000e+00 2.00000000e+00 2.00000000e+00
 2.00000000e+00 2.00000000e+00 2.00000000e+00 2.00000000e+00
 2.00000000e+00 2.00000000e+00 2.00000000e+00 2.00000000e+00
 2.00000000e+00 2.00000000e+00 2.00000000e+00 2.00000000e+00
 2.00000000e+00 2.00000000e+00 2.00000000e+00 2.00000000e+00
 2.00000000e+00 2.00000000e+00 2.00000000e+00 2.00000000e+00]

	SCF Occupancy Eigenvalues for Fragment Number : # 2
	[1.63475919e-15 1.27614805e-15 1.25762459e-15 1.11651004e-15
 9.58248660e-16 9.35984149e-16 8.15312679e-16 6.71328582e-16
 6.34621475e-16 5.70088896e-16 4.88301465e-16 4.76583475e-16
 4.60172151e-16 4.01877851e-16 3.79872272e-16 3.53422803e-16
 3.38595861e-16 3.35990157e-16 3.32588583e-16 3.14908427e-16
 2.16701652e-16 1.80754591e-16 1.77281578e-16 1.39293814e-16
 1.26451651e-16 9.90162496e-17 8.95569618e-17 7.90800346e-17
 4.41622987e-17 1.87699562e-17 1.40741839e-17 9.55718114e-18
 3.34477480e-18 2.41382717e-18 1.18640188e-18 5.26042200e-19
 1.40494747e-19 1.26496421e-18 4.63159584e-18 5.67048308e-18
 7.91782867e-18 1.43422343e-17 1.63586622e-17 4.65542510e-17
 6.68520580e-17 6.92080552e-17 1.11147929e-16 1.46466207e-16
 1.54800558e-16 2.12515915e-16 2.30317217e-16 2.66279562e-16
 2.91975646e-16 3.01872276e-16 3.66760590e-16 3.71592290e-16
 3.93036120e-16 4.65675987e-16 4.94723810e-16 6.49122577e-16
 7.39695219e-16 8.07293278e-16 8.19699120e-16 8.44779027e-16
 1.17266031e-15 1.55176645e-15 6.10331135e-09 5.07871989e-08
 7.75634569e-08 1.67728013e-07 8.97134119e-07 1.88766644e-06
 2.75081871e-06 6.37904261e-06 2.05229651e-05 5.88001468e-05
 7.19900675e-05 9.92832605e-05 1.99903671e-04 4.26365695e-04
 9.65039872e-04 5.70975198e-03 1.13621032e-02 9.50490419e-01
 1.98011497e+00 1.98604891e+00 1.98945917e+00 1.99648566e+00
 1.99886529e+00 1.99970334e+00 1.99976123e+00 1.99992148e+00
 1.99995523e+00 1.99997524e+00 1.99999291e+00 1.99999798e+00
 1.99999859e+00 1.99999941e+00 1.99999969e+00 1.99999971e+00
 1.99999985e+00 1.99999991e+00 1.99999996e+00 1.99999997e+00
 1.99999998e+00 1.99999999e+00 1.99999999e+00 2.00000000e+00
 2.00000000e+00 2.00000000e+00 2.00000000e+00 2.00000000e+00
 2.00000000e+00 2.00000000e+00 2.00000000e+00 2.00000000e+00
 2.00000000e+00 2.00000000e+00 2.00000000e+00 2.00000000e+00
 2.00000000e+00 2.00000000e+00 2.00000000e+00 2.00000000e+00
 2.00000000e+00 2.00000000e+00]

	SCF Occupancy Eigenvalues for Fragment Number : # 3
	[1.94679879e-15 1.59485981e-15 1.35109096e-15 1.33527428e-15
 1.17518767e-15 1.11811568e-15 1.07749617e-15 1.03215963e-15
 1.02105414e-15 9.66246226e-16 9.04911947e-16 8.61848367e-16
 7.60049256e-16 6.97066646e-16 6.96215929e-16 6.90312378e-16
 6.44049676e-16 6.16206104e-16 5.59675975e-16 5.49307002e-16
 5.22472454e-16 5.08246928e-16 4.47756607e-16 4.10703616e-16
 4.07336297e-16 3.62287668e-16 3.47703877e-16 3.18099341e-16
 2.94027503e-16 2.85193120e-16 2.37637297e-16 1.97165563e-16
 1.68725142e-16 1.68262236e-16 1.63364059e-16 1.31525039e-16
 9.66378545e-17 8.95890633e-17 6.94860301e-17 6.07585403e-17
 5.28948706e-17 4.94688537e-17 3.26555911e-17 2.71742120e-17
 2.61508117e-17 2.42861287e-17 2.30595985e-17 1.31451117e-17
 4.97930669e-18 2.47555915e-18 2.30571403e-18 1.58896053e-18
 2.38800186e-19 4.26904605e-19 3.01158632e-18 4.07156372e-18
 6.44672185e-18 1.08727717e-17 1.10978382e-17 1.33876649e-17
 1.42014073e-17 1.76929105e-17 2.33155303e-17 5.81210546e-17
 5.82257087e-17 6.22836758e-17 7.47630035e-17 7.70143716e-17
 8.39393650e-17 1.02762082e-16 1.23835589e-16 1.38639649e-16
 1.39213477e-16 1.40155994e-16 1.88345006e-16 2.19963474e-16
 2.30513951e-16 2.43911139e-16 2.74804796e-16 2.84540927e-16
 3.42874161e-16 3.45874119e-16 3.77199505e-16 3.83571016e-16
 3.86178695e-16 4.49723522e-16 4.67517087e-16 4.69687332e-16
 5.36839975e-16 6.05751850e-16 6.55826359e-16 6.56050774e-16
 7.07242881e-16 7.21307509e-16 7.35585013e-16 7.82937076e-16
 8.67621612e-16 9.57873602e-16 9.76735363e-16 1.09643032e-15
 1.35723391e-15 1.44778197e-15 1.59959497e-15 1.82404357e-15
 2.08830923e-05 1.05011549e-02 3.39695466e-02 9.53222348e-01
 1.04178996e+00 1.97581376e+00 1.99425627e+00 1.99874979e+00
 1.99924443e+00 1.99959264e+00 1.99986178e+00 1.99995729e+00
 1.99998510e+00 2.00000000e+00 2.00000000e+00 2.00000000e+00
 2.00000000e+00 2.00000000e+00 2.00000000e+00 2.00000000e+00
 2.00000000e+00 2.00000000e+00 2.00000000e+00 2.00000000e+00
 2.00000000e+00 2.00000000e+00 2.00000000e+00 2.00000000e+00
 2.00000000e+00 2.00000000e+00 2.00000000e+00 2.00000000e+00
 2.00000000e+00 2.00000000e+00 2.00000000e+00 2.00000000e+00
 2.00000000e+00 2.00000000e+00 2.00000000e+00 2.00000000e+00
 2.00000000e+00 2.00000000e+00 2.00000000e+00 2.00000000e+00
 2.00000000e+00 2.00000000e+00 2.00000000e+00 2.00000000e+00
 2.00000000e+00 2.00000000e+00 2.00000000e+00 2.00000000e+00
 2.00000000e+00 2.00000000e+00 2.00000000e+00 2.00000000e+00
 2.00000000e+00 2.00000000e+00 2.00000000e+00 2.00000000e+00]

	SCF Occupancy Eigenvalues for Fragment Number : # 4
	[2.24302315e-15 1.48177479e-15 1.39764321e-15 1.34456616e-15
 1.07328342e-15 1.02503870e-15 9.16247219e-16 7.00796437e-16
 6.88149048e-16 6.86685578e-16 6.61064529e-16 5.87231735e-16
 5.63541735e-16 5.31933356e-16 4.67650693e-16 4.52396303e-16
 3.48060520e-16 3.30429753e-16 2.91415965e-16 2.77076908e-16
 2.30784331e-16 2.29322565e-16 2.08435302e-16 1.93300350e-16
 1.64687546e-16 1.13298306e-16 9.39706139e-17 9.17503542e-17
 5.43915537e-17 2.43538585e-17 1.09295422e-17 6.83713164e-18
 1.55941099e-18 1.04198688e-19 9.95037791e-19 2.53221243e-18
 8.97222941e-18 1.24671502e-17 2.41737755e-17 2.81487230e-17
 3.45068406e-17 3.88419525e-17 4.03188769e-17 4.14372574e-17
 6.55393380e-17 6.74519861e-17 8.12728145e-17 1.02981200e-16
 1.52137662e-16 1.73547881e-16 1.97162524e-16 2.28151621e-16
 2.88090646e-16 3.47634755e-16 3.49842063e-16 3.67281238e-16
 4.36326284e-16 4.51504733e-16 4.97346881e-16 5.58497151e-16
 5.96550497e-16 6.19335888e-16 7.45955524e-16 1.01979823e-15
 1.27503456e-15 1.97897307e-15 1.30350564e-08 8.46816900e-08
 1.13961787e-07 4.79552667e-07 1.02482741e-06 3.03346010e-06
 3.68434659e-06 8.82956783e-06 2.05456817e-05 6.51865786e-05
 7.97952332e-05 1.12761031e-04 2.64246097e-04 5.46894007e-04
 1.39492806e-03 5.95195199e-03 1.14571895e-02 9.59785855e-01
 1.97080059e+00 1.98054306e+00 1.99010418e+00 1.99702485e+00
 1.99883026e+00 1.99966629e+00 1.99986794e+00 1.99991632e+00
 1.99995165e+00 1.99996799e+00 1.99999231e+00 1.99999674e+00
 1.99999796e+00 1.99999891e+00 1.99999933e+00 1.99999966e+00
 1.99999977e+00 1.99999988e+00 1.99999993e+00 1.99999996e+00
 1.99999998e+00 1.99999999e+00 1.99999999e+00 2.00000000e+00
 2.00000000e+00 2.00000000e+00 2.00000000e+00 2.00000000e+00
 2.00000000e+00 2.00000000e+00 2.00000000e+00 2.00000000e+00
 2.00000000e+00 2.00000000e+00 2.00000000e+00 2.00000000e+00
 2.00000000e+00 2.00000000e+00 2.00000000e+00 2.00000000e+00
 2.00000000e+00 2.00000000e+00]

		Fragment Number : #  1
		------------------------
		CCSD diag: n_active_mos=98, n_active_electrons=98, trace(onerdm)=98.00000000000001
		Fragment Energy = -534.8263204613835
		Number of Electrons in Fragment = 33.83721102635526
		Fragment Number : #  2
		------------------------
		CCSD diag: n_active_mos=26, n_active_electrons=26, trace(onerdm)=25.999999999999996
		Fragment Energy = -112.49575564266374
		Number of Electrons in Fragment = 7.99832298502981
		Fragment Number : #  3
		------------------------
		CCSD diag: n_active_mos=102, n_active_electrons=102, trace(onerdm)=101.99999999999999
		Fragment Energy = -536.08988775087
		Number of Electrons in Fragment = 35.078430644536624
		Fragment Number : #  4
		------------------------
		CCSD diag: n_active_mos=26, n_active_electrons=26, trace(onerdm)=25.999999999999996
		Fragment Energy = -112.11280951731067
		Number of Electrons in Fragment = 8.001056530711619
		Fragment Number : #  5
		------------------------
		CCSD diag: n_active_mos=102, n_active_electrons=102, trace(onerdm)=102.0
		Fragment Energy = -535.4209763370679
		Number of Electrons in Fragment = 35.084990565904384
 	Iteration =  4
 	----------------
 
	SCF Occupancy Eigenvalues for Fragment Number : # 0
	[1.45831776e-15 9.54247251e-16 8.37731513e-16 7.72926734e-16
 7.48906471e-16 6.69723147e-16 6.61085965e-16 5.90485363e-16
 5.83687083e-16 5.04352015e-16 4.77058148e-16 4.02193097e-16
 3.66142548e-16 3.11830407e-16 2.79218584e-16 2.60510517e-16
 2.28108898e-16 2.19527223e-16 1.97172299e-16 1.94114847e-16
 1.91143449e-16 1.53771864e-16 1.53239543e-16 1.19647701e-16
 8.17639861e-17 7.66975388e-17 2.75957053e-17 9.63262164e-18
 5.48504271e-18 3.78848535e-18 3.14359012e-18 2.92207684e-18
 2.29263202e-19 5.47618739e-19 1.75119289e-18 2.97186753e-18
 9.14215515e-18 1.48952546e-17 1.54612732e-17 2.19381367e-17
 5.74218836e-17 8.76161560e-17 1.14054554e-16 1.25740082e-16
 1.56751694e-16 1.70939577e-16 1.82991463e-16 1.96400630e-16
 2.25770712e-16 2.33251571e-16 2.70178484e-16 3.06126525e-16
 3.15204284e-16 3.27446178e-16 3.59414784e-16 3.88115615e-16
 4.31721870e-16 5.65068401e-16 5.92708359e-16 6.21764672e-16
 7.13185259e-16 7.22549466e-16 8.35568858e-16 9.24444259e-16
 9.45872082e-16 9.68731668e-16 1.50151833e-15 1.67461641e-15
 4.90868580e-07 1.36342483e-06 3.37161661e-06 1.19313786e-05
 1.69725452e-05 6.63514989e-05 9.44433563e-05 1.63632250e-04
 8.16144649e-04 1.38243142e-03 2.32227509e-03 4.39432412e-03
 8.04102920e-03 1.22403081e-02 3.30663234e-02 3.83218501e-02
 1.03281887e+00 1.06519894e+00 1.98164615e+00 1.98898860e+00
 1.98963686e+00 1.99298228e+00 1.99755381e+00 1.99844846e+00
 1.99883834e+00 1.99948355e+00 1.99983117e+00 1.99985209e+00
 1.99994394e+00 1.99996555e+00 1.99998158e+00 1.99998661e+00
 1.99999265e+00 1.99999412e+00 1.99999696e+00 1.99999781e+00
 1.99999848e+00 1.99999858e+00 1.99999910e+00 1.99999911e+00
 1.99999953e+00 1.99999970e+00 1.99999985e+00 1.99999991e+00
 1.99999995e+00 1.99999997e+00 1.99999998e+00 1.99999999e+00
 2.00000000e+00 2.00000000e+00 2.00000000e+00 2.00000000e+00
 2.00000000e+00 2.00000000e+00 2.00000000e+00 2.00000000e+00
 2.00000000e+00 2.00000000e+00 2.00000000e+00 2.00000000e+00]

	SCF Occupancy Eigenvalues for Fragment Number : # 1
	[1.70372478e-15 1.61405173e-15 1.12199720e-15 1.08948837e-15
 1.05020022e-15 1.02943963e-15 9.73157043e-16 9.58029380e-16
 9.07118913e-16 8.03096066e-16 7.50763030e-16 7.14730893e-16
 6.69330234e-16 6.14448902e-16 5.87864194e-16 5.83617079e-16
 5.82267999e-16 5.30554533e-16 5.18633539e-16 4.64932882e-16
 4.54071328e-16 4.05555292e-16 3.22881122e-16 3.19116858e-16
 2.72940230e-16 2.59335243e-16 2.54657731e-16 2.23658573e-16
 2.03614408e-16 1.89409492e-16 1.69960263e-16 1.65238492e-16
 1.47389613e-16 1.36705947e-16 1.16896321e-16 9.99490318e-17
 9.84943469e-17 7.25292512e-17 5.06734626e-17 3.23139198e-17
 2.94241089e-17 1.98942975e-17 1.70734467e-17 8.78173013e-18
 7.24814175e-18 4.51900791e-18 2.73150708e-18 1.40733249e-18
 2.25827501e-19 8.28022339e-19 1.89104084e-18 4.17513329e-18
 5.03669027e-18 6.78055407e-18 9.15234267e-18 1.31628430e-17
 1.73576484e-17 2.77555756e-17 2.97443987e-17 3.88526421e-17
 6.08855059e-17 6.75457731e-17 6.79683569e-17 7.80625564e-17
 8.20614760e-17 9.23680743e-17 1.18570559e-16 1.46382063e-16
 1.59530506e-16 1.77148118e-16 2.10675408e-16 2.11938009e-16
 2.16012192e-16 2.17593354e-16 2.44789952e-16 2.74841235e-16
 2.80754345e-16 3.16779763e-16 3.24648295e-16 3.66275998e-16
 3.85540720e-16 3.88093819e-16 4.01797151e-16 4.33351887e-16
 4.38359197e-16 4.94937836e-16 5.32776049e-16 6.07176665e-16
 6.23264618e-16 6.98370180e-16 7.25499072e-16 7.95876203e-16
 8.99423651e-16 9.42836531e-16 9.43273121e-16 1.00206772e-15
 1.05526030e-15 1.09786247e-15 1.30696386e-15 1.35555576e-15
 1.41523573e-15 1.44351527e-15 1.49614744e-15 1.56408796e-15
 2.17031903e-05 1.08311748e-02 3.01110785e-02 9.53025782e-01
 1.04808282e+00 1.98019617e+00 1.99188534e+00 1.99858572e+00
 1.99895149e+00 1.99950447e+00 1.99982654e+00 1.99992584e+00
 1.99996220e+00 2.00000000e+00 2.00000000e+00 2.00000000e+00
 2.00000000e+00 2.00000000e+00 2.00000000e+00 2.00000000e+00
 2.00000000e+00 2.00000000e+00 2.00000000e+00 2.00000000e+00
 2.00000000e+00 2.00000000e+00 2.00000000e+00 2.00000000e+00
 2.00000000e+00 2.00000000e+00 2.00000000e+00 2.00000000e+00
 2.00000000e+00 2.00000000e+00 2.00000000e+00 2.00000000e+00
 2.00000000e+00 2.00000000e+00 2.00000000e+00 2.00000000e+00
 2.00000000e+00 2.00000000e+00 2.00000000e+00 2.00000000e+00
 2.00000000e+00 2.00000000e+00 2.00000000e+00 2.00000000e+00
 2.00000000e+00 2.00000000e+00 2.00000000e+00 2.00000000e+00
 2.00000000e+00 2.00000000e+00 2.00000000e+00 2.00000000e+00
 2.00000000e+00 2.00000000e+00 2.00000000e+00 2.00000000e+00]

	SCF Occupancy Eigenvalues for Fragment Number : # 2
	[1.63475919e-15 1.27614805e-15 1.25762459e-15 1.11651004e-15
 9.58248660e-16 9.35984149e-16 8.15312679e-16 6.71328582e-16
 6.34621475e-16 5.70088896e-16 4.88301465e-16 4.76583475e-16
 4.60172151e-16 4.01877851e-16 3.79872272e-16 3.53422803e-16
 3.38595861e-16 3.35990157e-16 3.32588583e-16 3.14908427e-16
 2.16701652e-16 1.80754591e-16 1.77281578e-16 1.39293814e-16
 1.26451651e-16 9.90162496e-17 8.95569618e-17 7.90800346e-17
 4.41622987e-17 1.87699562e-17 1.40741839e-17 9.55718114e-18
 3.34477480e-18 2.41382717e-18 1.18640188e-18 5.26042200e-19
 1.40494747e-19 1.26496421e-18 4.63159584e-18 5.67048308e-18
 7.91782867e-18 1.43422343e-17 1.63586622e-17 4.65542510e-17
 6.68520580e-17 6.92080552e-17 1.11147929e-16 1.46466207e-16
 1.54800558e-16 2.12515915e-16 2.30317217e-16 2.66279562e-16
 2.91975646e-16 3.01872276e-16 3.66760590e-16 3.71592290e-16
 3.93036120e-16 4.65675987e-16 4.94723810e-16 6.49122577e-16
 7.39695219e-16 8.07293278e-16 8.19699120e-16 8.44779027e-16
 1.17266031e-15 1.55176645e-15 6.10331135e-09 5.07871989e-08
 7.75634569e-08 1.67728013e-07 8.97134119e-07 1.88766644e-06
 2.75081871e-06 6.37904261e-06 2.05229651e-05 5.88001468e-05
 7.19900675e-05 9.92832605e-05 1.99903671e-04 4.26365695e-04
 9.65039872e-04 5.70975198e-03 1.13621032e-02 9.50490419e-01
 1.98011497e+00 1.98604891e+00 1.98945917e+00 1.99648566e+00
 1.99886529e+00 1.99970334e+00 1.99976123e+00 1.99992148e+00
 1.99995523e+00 1.99997524e+00 1.99999291e+00 1.99999798e+00
 1.99999859e+00 1.99999941e+00 1.99999969e+00 1.99999971e+00
 1.99999985e+00 1.99999991e+00 1.99999996e+00 1.99999997e+00
 1.99999998e+00 1.99999999e+00 1.99999999e+00 2.00000000e+00
 2.00000000e+00 2.00000000e+00 2.00000000e+00 2.00000000e+00
 2.00000000e+00 2.00000000e+00 2.00000000e+00 2.00000000e+00
 2.00000000e+00 2.00000000e+00 2.00000000e+00 2.00000000e+00
 2.00000000e+00 2.00000000e+00 2.00000000e+00 2.00000000e+00
 2.00000000e+00 2.00000000e+00]

	SCF Occupancy Eigenvalues for Fragment Number : # 3
	[1.94679879e-15 1.59485981e-15 1.35109096e-15 1.33527428e-15
 1.17518767e-15 1.11811568e-15 1.07749617e-15 1.03215963e-15
 1.02105414e-15 9.66246226e-16 9.04911947e-16 8.61848367e-16
 7.60049256e-16 6.97066646e-16 6.96215929e-16 6.90312378e-16
 6.44049676e-16 6.16206104e-16 5.59675975e-16 5.49307002e-16
 5.22472454e-16 5.08246928e-16 4.47756607e-16 4.10703616e-16
 4.07336297e-16 3.62287668e-16 3.47703877e-16 3.18099341e-16
 2.94027503e-16 2.85193120e-16 2.37637297e-16 1.97165563e-16
 1.68725142e-16 1.68262236e-16 1.63364059e-16 1.31525039e-16
 9.66378545e-17 8.95890633e-17 6.94860301e-17 6.07585403e-17
 5.28948706e-17 4.94688537e-17 3.26555911e-17 2.71742120e-17
 2.61508117e-17 2.42861287e-17 2.30595985e-17 1.31451117e-17
 4.97930669e-18 2.47555915e-18 2.30571403e-18 1.58896053e-18
 2.38800186e-19 4.26904605e-19 3.01158632e-18 4.07156372e-18
 6.44672185e-18 1.08727717e-17 1.10978382e-17 1.33876649e-17
 1.42014073e-17 1.76929105e-17 2.33155303e-17 5.81210546e-17
 5.82257087e-17 6.22836758e-17 7.47630035e-17 7.70143716e-17
 8.39393650e-17 1.02762082e-16 1.23835589e-16 1.38639649e-16
 1.39213477e-16 1.40155994e-16 1.88345006e-16 2.19963474e-16
 2.30513951e-16 2.43911139e-16 2.74804796e-16 2.84540927e-16
 3.42874161e-16 3.45874119e-16 3.77199505e-16 3.83571016e-16
 3.86178695e-16 4.49723522e-16 4.67517087e-16 4.69687332e-16
 5.36839975e-16 6.05751850e-16 6.55826359e-16 6.56050774e-16
 7.07242881e-16 7.21307509e-16 7.35585013e-16 7.82937076e-16
 8.67621612e-16 9.57873602e-16 9.76735363e-16 1.09643032e-15
 1.35723391e-15 1.44778197e-15 1.59959497e-15 1.82404357e-15
 2.08830923e-05 1.05011549e-02 3.39695466e-02 9.53222348e-01
 1.04178996e+00 1.97581376e+00 1.99425627e+00 1.99874979e+00
 1.99924443e+00 1.99959264e+00 1.99986178e+00 1.99995729e+00
 1.99998510e+00 2.00000000e+00 2.00000000e+00 2.00000000e+00
 2.00000000e+00 2.00000000e+00 2.00000000e+00 2.00000000e+00
 2.00000000e+00 2.00000000e+00 2.00000000e+00 2.00000000e+00
 2.00000000e+00 2.00000000e+00 2.00000000e+00 2.00000000e+00
 2.00000000e+00 2.00000000e+00 2.00000000e+00 2.00000000e+00
 2.00000000e+00 2.00000000e+00 2.00000000e+00 2.00000000e+00
 2.00000000e+00 2.00000000e+00 2.00000000e+00 2.00000000e+00
 2.00000000e+00 2.00000000e+00 2.00000000e+00 2.00000000e+00
 2.00000000e+00 2.00000000e+00 2.00000000e+00 2.00000000e+00
 2.00000000e+00 2.00000000e+00 2.00000000e+00 2.00000000e+00
 2.00000000e+00 2.00000000e+00 2.00000000e+00 2.00000000e+00
 2.00000000e+00 2.00000000e+00 2.00000000e+00 2.00000000e+00]

	SCF Occupancy Eigenvalues for Fragment Number : # 4
	[2.24302315e-15 1.48177479e-15 1.39764321e-15 1.34456616e-15
 1.07328342e-15 1.02503870e-15 9.16247219e-16 7.00796437e-16
 6.88149048e-16 6.86685578e-16 6.61064529e-16 5.87231735e-16
 5.63541735e-16 5.31933356e-16 4.67650693e-16 4.52396303e-16
 3.48060520e-16 3.30429753e-16 2.91415965e-16 2.77076908e-16
 2.30784331e-16 2.29322565e-16 2.08435302e-16 1.93300350e-16
 1.64687546e-16 1.13298306e-16 9.39706139e-17 9.17503542e-17
 5.43915537e-17 2.43538585e-17 1.09295422e-17 6.83713164e-18
 1.55941099e-18 1.04198688e-19 9.95037791e-19 2.53221243e-18
 8.97222941e-18 1.24671502e-17 2.41737755e-17 2.81487230e-17
 3.45068406e-17 3.88419525e-17 4.03188769e-17 4.14372574e-17
 6.55393380e-17 6.74519861e-17 8.12728145e-17 1.02981200e-16
 1.52137662e-16 1.73547881e-16 1.97162524e-16 2.28151621e-16
 2.88090646e-16 3.47634755e-16 3.49842063e-16 3.67281238e-16
 4.36326284e-16 4.51504733e-16 4.97346881e-16 5.58497151e-16
 5.96550497e-16 6.19335888e-16 7.45955524e-16 1.01979823e-15
 1.27503456e-15 1.97897307e-15 1.30350564e-08 8.46816900e-08
 1.13961787e-07 4.79552667e-07 1.02482741e-06 3.03346010e-06
 3.68434659e-06 8.82956783e-06 2.05456817e-05 6.51865786e-05
 7.97952332e-05 1.12761031e-04 2.64246097e-04 5.46894007e-04
 1.39492806e-03 5.95195199e-03 1.14571895e-02 9.59785855e-01
 1.97080059e+00 1.98054306e+00 1.99010418e+00 1.99702485e+00
 1.99883026e+00 1.99966629e+00 1.99986794e+00 1.99991632e+00
 1.99995165e+00 1.99996799e+00 1.99999231e+00 1.99999674e+00
 1.99999796e+00 1.99999891e+00 1.99999933e+00 1.99999966e+00
 1.99999977e+00 1.99999988e+00 1.99999993e+00 1.99999996e+00
 1.99999998e+00 1.99999999e+00 1.99999999e+00 2.00000000e+00
 2.00000000e+00 2.00000000e+00 2.00000000e+00 2.00000000e+00
 2.00000000e+00 2.00000000e+00 2.00000000e+00 2.00000000e+00
 2.00000000e+00 2.00000000e+00 2.00000000e+00 2.00000000e+00
 2.00000000e+00 2.00000000e+00 2.00000000e+00 2.00000000e+00
 2.00000000e+00 2.00000000e+00]

		Fragment Number : #  1
		------------------------
		CCSD diag: n_active_mos=98, n_active_electrons=98, trace(onerdm)=98.0
		Fragment Energy = -534.826291143199
		Number of Electrons in Fragment = 33.837207868768914
		Fragment Number : #  2
		------------------------
		CCSD diag: n_active_mos=26, n_active_electrons=26, trace(onerdm)=26.0
		Fragment Energy = -112.49573084891823
		Number of Electrons in Fragment = 7.9983204490547415
		Fragment Number : #  3
		------------------------
		CCSD diag: n_active_mos=102, n_active_electrons=102, trace(onerdm)=101.99999999999999
		Fragment Energy = -536.0898727546194
		Number of Electrons in Fragment = 35.07842892666645
		Fragment Number : #  4
		------------------------
		CCSD diag: n_active_mos=26, n_active_electrons=26, trace(onerdm)=26.000000000000004
		Fragment Energy = -112.11278451698746
		Number of Electrons in Fragment = 8.00105395495071
		Fragment Number : #  5
		------------------------
		CCSD diag: n_active_mos=102, n_active_electrons=102, trace(onerdm)=101.99999999999999
		Fragment Energy = -535.4209609825423
		Number of Electrons in Fragment = 35.08498880466677
 	*** DMET Cycle Done *** 
 	DMET Energy ( a.u. ) =   -731.1492181792
 	Chemical Potential   =     -0.0038154844
TPP DMET energy (Hartree): -731.149218
Optimizing CO2-only geometry...
geometric-optimize called with the following command line:
run_dmet_sqd_relaxed_monomers.py

                                        [91m())))))))))))))))/[0m                     
                                    [91m())))))))))))))))))))))))),[0m                
                                [91m*)))))))))))))))))))))))))))))))))[0m             
                        [94m#,[0m    [91m()))))))))/[0m                [91m.)))))))))),[0m          
                      [94m#%%%%,[0m  [91m())))))[0m                        [91m.))))))))*[0m        
                      [94m*%%%%%%,[0m  [91m))[0m              [93m..[0m              [91m,))))))).[0m      
                        [94m*%%%%%%,[0m         [93m***************/.[0m        [91m.)))))))[0m     
                [94m#%%/[0m      [94m(%%%%%%,[0m    [93m/*********************.[0m       [91m)))))))[0m    
              [94m.%%%%%%#[0m      [94m*%%%%%%,[0m  [93m*******/,[0m     [93m**********,[0m      [91m.))))))[0m   
                [94m.%%%%%%/[0m      [94m*%%%%%%,[0m  [93m**[0m              [93m********[0m      [91m.))))))[0m  
          [94m##[0m      [94m.%%%%%%/[0m      [94m(%%%%%%,[0m                  [93m,******[0m      [91m/)))))[0m  
        [94m%%%%%%[0m      [94m.%%%%%%#[0m      [94m*%%%%%%,[0m    [92m,/////.[0m       [93m******[0m      [91m))))))[0m 
      [94m#%[0m      [94m%%[0m      [94m.%%%%%%/[0m      [94m*%%%%%%,[0m  [92m////////,[0m      [93m*****/[0m     [91m,)))))[0m 
    [94m#%%[0m  [94m%%%[0m  [94m%%%#[0m      [94m.%%%%%%/[0m      [94m(%%%%%%,[0m  [92m///////.[0m     [93m/*****[0m      [91m))))).[0m
  [94m#%%%%.[0m      [94m%%%%%#[0m      [94m/%%%%%%*[0m      [94m#%%%%%%[0m   [92m/////)[0m     [93m******[0m      [91m))))),[0m
    [94m#%%%%##%[0m  [94m%%%#[0m      [94m.%%%%%%/[0m      [94m(%%%%%%,[0m  [92m///////.[0m     [93m/*****[0m      [91m))))).[0m
      [94m##[0m     [94m%%%[0m      [94m.%%%%%%/[0m      [94m*%%%%%%,[0m  [92m////////.[0m      [93m*****/[0m     [91m,)))))[0m 
        [94m#%%%%#[0m      [94m/%%%%%%/[0m      [94m(%%%%%%[0m      [92m/)/)//[0m       [93m******[0m      [91m))))))[0m 
          [94m##[0m      [94m.%%%%%%/[0m      [94m(%%%%%%,[0m                  [93m*******[0m      [91m))))))[0m  
                [94m.%%%%%%/[0m      [94m*%%%%%%,[0m  [93m**.[0m             [93m/*******[0m      [91m.))))))[0m  
              [94m*%%%%%%/[0m      [94m(%%%%%%[0m   [93m********/*..,*/*********[0m       [91m*))))))[0m   
                [94m#%%/[0m      [94m(%%%%%%,[0m    [93m*********************/[0m        [91m)))))))[0m    
                        [94m*%%%%%%,[0m         [93m,**************/[0m         [91m,))))))/[0m     
                      [94m(%%%%%%[0m   [91m()[0m                              [91m))))))))[0m       
                      [94m#%%%%,[0m  [91m())))))[0m                        [91m,)))))))),[0m        
                        [94m#,[0m    [91m())))))))))[0m                [91m,)))))))))).[0m          
                                 [91m()))))))))))))))))))))))))))))))/[0m             
                                    [91m())))))))))))))))))))))))).[0m                
                                         [91m())))))))))))))),[0m                     

-=# [1;94m geomeTRIC started. Version: 1.1 [0m #=-
Current date and time: 2026-03-19 18:28:22
#========================================================#
#| [92m    Arguments passed to driver run_optimizer():     [0m |#
#========================================================#
customengine              <pyscf.geomopt.geometric_solver.PySCFEngine object at 0x7f80d48a9340> 
input                     /tmp/tmpgg2d5j0i/959caf24-7b2b-4867-b615-113eafb5ab51 
logIni                    /home/bhabani/miniconda3/lib/python3.12/site-packages/pyscf/geomopt/log.ini 
maxiter                   100 
tmpdir                    /tmp/tmpy1ce9rui 
----------------------------------------------------------
Custom engine selected.
Bonds will be generated from interatomic distances less than 1.20 times sum of covalent radii
9 internal coordinates being used (instead of 9 Cartesians)
Internal coordinate system (atoms numbered from 1):
Distance 1-2
Distance 1-3
Angle 2-1-3
Translation-X 1-3
Translation-Y 1-3
Translation-Z 1-3
Rotation-A 1-3
Rotation-B 1-3
Rotation-C 1-3
<class 'geometric.internal.Distance'> : 2
<class 'geometric.internal.Angle'> : 1
<class 'geometric.internal.TranslationX'> : 1
<class 'geometric.internal.TranslationY'> : 1
<class 'geometric.internal.TranslationZ'> : 1
<class 'geometric.internal.RotationA'> : 1
<class 'geometric.internal.RotationB'> : 1
<class 'geometric.internal.RotationC'> : 1
> ===== Optimization Info: ====
> Job type: Energy minimization
> Maximum number of optimization cycles: 100
> Initial / maximum trust radius (Angstrom): 0.100 / 0.300
> Convergence Criteria:
> Will converge when all 5 criteria are reached:
>  |Delta-E| < 1.00e-06
>  RMS-Grad  < 3.00e-04
>  Max-Grad  < 4.50e-04
>  RMS-Disp  < 1.20e-03
>  Max-Disp  < 1.80e-03
> === End Optimization Info ===
WARN: Mole.unit (Angstrom) is changed to Bohr
Step    0 : Gradient = 1.754e-01/2.295e-01 (rms/max) Energy = -186.4593915463
Hessian Eigenvalues: 5.00000e-02 5.00000e-02 5.00000e-02 ... 2.50000e-01 7.43764e-01 7.89301e-01
Step    1 : Displace = [0m9.715e-02[0m/[0m1.369e-01[0m (rms/max) Trust = 1.000e-01 (=) Grad = [0m1.029e-01[0m/[0m1.275e-01[0m (rms/max) E (change) = -186.5260412138 ([0m-6.665e-02[0m) Quality = [0m1.137[0m
Hessian Eigenvalues: 5.00000e-02 5.00000e-02 5.00000e-02 ... 2.28512e-01 5.69745e-01 7.72202e-01
Step    2 : Displace = [0m1.477e-01[0m/[0m1.989e-01[0m (rms/max) Trust = 1.414e-01 ([92m+[0m) Grad = [0m1.150e-01[0m/[0m1.544e-01[0m (rms/max) E (change) = -186.5486629641 ([0m-2.262e-02[0m) Quality = [0m0.569[0m
Updating Hessian using 2 steps from history
Hessian Eigenvalues: 5.00000e-02 5.00000e-02 5.00000e-02 ... 1.83703e-01 7.71179e-01 1.13189e+00
Step    3 : Displace = [0m5.497e-02[0m/[0m6.847e-02[0m (rms/max) Trust = 1.414e-01 (=) Grad = [0m2.778e-02[0m/[0m3.797e-02[0m (rms/max) E (change) = -186.5602854978 ([0m-1.162e-02[0m) Quality = [0m0.669[0m
Hessian Eigenvalues: 5.00000e-02 5.00000e-02 5.00000e-02 ... 1.83355e-01 7.71775e-01 1.40094e+00
Step    4 : Displace = [0m1.015e-02[0m/[0m1.315e-02[0m (rms/max) Trust = 1.414e-01 (=) Grad = [0m5.095e-03[0m/[0m7.118e-03[0m (rms/max) E (change) = -186.5612279421 ([0m-9.424e-04[0m) Quality = [0m1.193[0m
Hessian Eigenvalues: 5.00000e-02 5.00000e-02 5.00000e-02 ... 1.83361e-01 7.68250e-01 1.15459e+00
Step    5 : Displace = [0m2.206e-03[0m/[0m2.937e-03[0m (rms/max) Trust = 2.000e-01 ([92m+[0m) Grad = [0m4.518e-04[0m/[0m5.802e-04[0m (rms/max) E (change) = -186.5612573486 ([0m-2.941e-05[0m) Quality = [0m0.940[0m
Hessian Eigenvalues: 5.00000e-02 5.00000e-02 5.00000e-02 ... 1.83361e-01 7.78979e-01 1.21206e+00
Step    6 : Displace = [92m1.329e-04[0m/[92m1.870e-04[0m (rms/max) Trust = 2.828e-01 ([92m+[0m) Grad = [92m7.879e-05[0m/[92m1.108e-04[0m (rms/max) E (change) = -186.5612574959 ([92m-1.473e-07[0m) Quality = [0m0.915[0m
Hessian Eigenvalues: 5.00000e-02 5.00000e-02 5.00000e-02 ... 1.83361e-01 7.78979e-01 1.21206e+00
Converged! =D

    #==========================================================================#
    #| If this code has benefited your research, please support us by citing: |#
    #|                                                                        |#
    #| Wang, L.-P.; Song, C.C. (2016) "Geometry optimization made simple with |#
    #| translation and rotation coordinates", J. Chem, Phys. 144, 214108.     |#
    #| http://dx.doi.org/10.1063/1.4952956                                    |#
    #==========================================================================#
    Time elapsed since start of run_optimizer: 12.007 seconds
WARN: ECP not specified. The basis set CRENBL include an ECP. Recommended ECP: CRENBL.
 	Iteration =  1
 	----------------
 
	SCF Occupancy Eigenvalues for Fragment Number : # 0
	[]

Fragment: n_homo=10, n_lumo=11, kept=[4, 5, 6, 7, 8, 9, 10, 11, 12, 13, 14, 15, 16, 17]
		Fragment Number : #  1
		------------------------
Pass: Decompose - 1.48439 (ms)Pass: MergeOrbitalRotations - 0.08893 (ms)SQD counts diag: n_bits=28, first_bitstring=[0, 0, 0, 0, 0, 0, 0, 1, 1, 1, 1, 1, 1, 1, 0, 0, 0, 0, 0, 0, 0, 1, 1, 1, 1, 1, 1, 1], hamming_left=7, hamming_right=7
SQD postselect diag: total_samples=1, total_postselected=8, batch_sizes=[1, 1, 1, 1, 1, 1, 1, 1]
SQD batch diag: batch0_shape=(1, 28), first_bitstring=[0, 0, 0, 0, 0, 0, 0, 1, 1, 1, 1, 1, 1, 1, 0, 0, 0, 0, 0, 0, 0, 1, 1, 1, 1, 1, 1, 1], hamming_left=7, hamming_right=7
SQD sci diag: batch=0, norb=14, nelec=(7, 7), amp_norm=1.0, trace(rdm1)=14.0
SQD sci diag: batch=1, norb=14, nelec=(7, 7), amp_norm=1.0, trace(rdm1)=14.0
SQD sci diag: batch=2, norb=14, nelec=(7, 7), amp_norm=1.0, trace(rdm1)=14.0
SQD sci diag: batch=3, norb=14, nelec=(7, 7), amp_norm=1.0, trace(rdm1)=14.0
SQD sci diag: batch=4, norb=14, nelec=(7, 7), amp_norm=1.0, trace(rdm1)=14.0
SQD sci diag: batch=5, norb=14, nelec=(7, 7), amp_norm=1.0, trace(rdm1)=14.0
SQD sci diag: batch=6, norb=14, nelec=(7, 7), amp_norm=1.0, trace(rdm1)=14.0
SQD sci diag: batch=7, norb=14, nelec=(7, 7), amp_norm=1.0, trace(rdm1)=14.0
/home/bhabani/miniconda3/lib/python3.12/site-packages/qiskit_addon_sqd/configuration_recovery.py:230: RuntimeWarning: invalid value encountered in divide
  probs_left = probs_left / np.sum(probs_left)
/home/bhabani/miniconda3/lib/python3.12/site-packages/qiskit_addon_sqd/configuration_recovery.py:231: RuntimeWarning: invalid value encountered in divide
  probs_right = probs_right / np.sum(probs_right)
SQD postselect diag: total_samples=1, total_postselected=8, batch_sizes=[1, 1, 1, 1, 1, 1, 1, 1]
SQD batch diag: batch0_shape=(1, 28), first_bitstring=[0, 0, 0, 0, 0, 0, 0, 1, 1, 1, 1, 1, 1, 1, 0, 0, 0, 0, 0, 0, 0, 1, 1, 1, 1, 1, 1, 1], hamming_left=7, hamming_right=7
SQD sci diag: batch=0, norb=14, nelec=(7, 7), amp_norm=1.0, trace(rdm1)=14.0
SQD sci diag: batch=1, norb=14, nelec=(7, 7), amp_norm=1.0, trace(rdm1)=14.0
SQD sci diag: batch=2, norb=14, nelec=(7, 7), amp_norm=1.0, trace(rdm1)=14.0
SQD sci diag: batch=3, norb=14, nelec=(7, 7), amp_norm=1.0, trace(rdm1)=14.0
SQD sci diag: batch=4, norb=14, nelec=(7, 7), amp_norm=1.0, trace(rdm1)=14.0
SQD sci diag: batch=5, norb=14, nelec=(7, 7), amp_norm=1.0, trace(rdm1)=14.0
SQD sci diag: batch=6, norb=14, nelec=(7, 7), amp_norm=1.0, trace(rdm1)=14.0
SQD sci diag: batch=7, norb=14, nelec=(7, 7), amp_norm=1.0, trace(rdm1)=14.0
		SQD diag: n_active_mos=14, n_active_electrons=14, trace(onerdm)=14.0
		Fragment Energy = -245.1677033379892
		Number of Electrons in Fragment = 22.000000000000004
 	Iteration =  2
 	----------------
 
	SCF Occupancy Eigenvalues for Fragment Number : # 0
	[]

Fragment: n_homo=10, n_lumo=11, kept=[4, 5, 6, 7, 8, 9, 10, 11, 12, 13, 14, 15, 16, 17]
		Fragment Number : #  1
		------------------------
Pass: Decompose - 0.45204 (ms)Pass: MergeOrbitalRotations - 0.04959 (ms)SQD counts diag: n_bits=28, first_bitstring=[0, 0, 0, 0, 0, 0, 0, 1, 1, 1, 1, 1, 1, 1, 0, 0, 0, 0, 0, 0, 0, 1, 1, 1, 1, 1, 1, 1], hamming_left=7, hamming_right=7
SQD postselect diag: total_samples=1, total_postselected=8, batch_sizes=[1, 1, 1, 1, 1, 1, 1, 1]
SQD batch diag: batch0_shape=(1, 28), first_bitstring=[0, 0, 0, 0, 0, 0, 0, 1, 1, 1, 1, 1, 1, 1, 0, 0, 0, 0, 0, 0, 0, 1, 1, 1, 1, 1, 1, 1], hamming_left=7, hamming_right=7
SQD sci diag: batch=0, norb=14, nelec=(7, 7), amp_norm=1.0, trace(rdm1)=14.0
SQD sci diag: batch=1, norb=14, nelec=(7, 7), amp_norm=1.0, trace(rdm1)=14.0
SQD sci diag: batch=2, norb=14, nelec=(7, 7), amp_norm=1.0, trace(rdm1)=14.0
SQD sci diag: batch=3, norb=14, nelec=(7, 7), amp_norm=1.0, trace(rdm1)=14.0
SQD sci diag: batch=4, norb=14, nelec=(7, 7), amp_norm=1.0, trace(rdm1)=14.0
SQD sci diag: batch=5, norb=14, nelec=(7, 7), amp_norm=1.0, trace(rdm1)=14.0
SQD sci diag: batch=6, norb=14, nelec=(7, 7), amp_norm=1.0, trace(rdm1)=14.0
SQD sci diag: batch=7, norb=14, nelec=(7, 7), amp_norm=1.0, trace(rdm1)=14.0
SQD postselect diag: total_samples=1, total_postselected=8, batch_sizes=[1, 1, 1, 1, 1, 1, 1, 1]
SQD batch diag: batch0_shape=(1, 28), first_bitstring=[0, 0, 0, 0, 0, 0, 0, 1, 1, 1, 1, 1, 1, 1, 0, 0, 0, 0, 0, 0, 0, 1, 1, 1, 1, 1, 1, 1], hamming_left=7, hamming_right=7
SQD sci diag: batch=0, norb=14, nelec=(7, 7), amp_norm=1.0, trace(rdm1)=14.0
SQD sci diag: batch=1, norb=14, nelec=(7, 7), amp_norm=1.0, trace(rdm1)=14.0
SQD sci diag: batch=2, norb=14, nelec=(7, 7), amp_norm=1.0, trace(rdm1)=14.0
SQD sci diag: batch=3, norb=14, nelec=(7, 7), amp_norm=1.0, trace(rdm1)=14.0
SQD sci diag: batch=4, norb=14, nelec=(7, 7), amp_norm=1.0, trace(rdm1)=14.0
SQD sci diag: batch=5, norb=14, nelec=(7, 7), amp_norm=1.0, trace(rdm1)=14.0
SQD sci diag: batch=6, norb=14, nelec=(7, 7), amp_norm=1.0, trace(rdm1)=14.0
SQD sci diag: batch=7, norb=14, nelec=(7, 7), amp_norm=1.0, trace(rdm1)=14.0
		SQD diag: n_active_mos=14, n_active_electrons=14, trace(onerdm)=14.0
		Fragment Energy = -245.16770333798956
		Number of Electrons in Fragment = 22.000000000000004
Traceback (most recent call last):
  File "/home/bhabani/Kishore/Tangelo_2.0/run_dmet_sqd_relaxed_monomers.py", line 186, in <module>
    co2_energy = co2_dmet.simulate()
                 ^^^^^^^^^^^^^^^^^^^
  File "/home/bhabani/Kishore/Tangelo_2.0/tangelo/problem_decomposition/dmet/dmet_problem_decomposition.py", line 283, in simulate
    self.chemical_potential = self.optimizer(self._oneshot_loop, self.initial_chemical_potential)
                              ^^^^^^^^^^^^^^^^^^^^^^^^^^^^^^^^^^^^^^^^^^^^^^^^^^^^^^^^^^^^^^^^^^^
  File "/home/bhabani/Kishore/Tangelo_2.0/tangelo/problem_decomposition/dmet/dmet_problem_decomposition.py", line 765, in _default_optimizer
    result = scipy.optimize.newton(func, var_params, tol=1e-5)
             ^^^^^^^^^^^^^^^^^^^^^^^^^^^^^^^^^^^^^^^^^^^^^^^^^
  File "/home/bhabani/miniconda3/lib/python3.12/site-packages/scipy/optimize/_zeros_py.py", line 372, in newton
    raise RuntimeError(msg)
RuntimeError: Tolerance of 0.0001 reached. Failed to converge after 1 iterations, value is 0.0001.
