Optimizing TPP-only geometry...
geometric-optimize called with the following command line:
run_dmet_sqd_relaxed_monomers.py

                                        [91m())))))))))))))))/[0m                     
                                    [91m())))))))))))))))))))))))),[0m                
                                [91m*)))))))))))))))))))))))))))))))))[0m             
                        [94m#,[0m    [91m()))))))))/[0m                [91m.)))))))))),[0m          
                      [94m#%%%%,[0m  [91m())))))[0m                        [91m.))))))))*[0m        
                      [94m*%%%%%%,[0m  [91m))[0m              [93m..[0m              [91m,))))))).[0m      
                        [94m*%%%%%%,[0m         [93m***************/.[0m        [91m.)))))))[0m     
                [94m#%%/[0m      [94m(%%%%%%,[0m    [93m/*********************.[0m       [91m)))))))[0m    
              [94m.%%%%%%#[0m      [94m*%%%%%%,[0m  [93m*******/,[0m     [93m**********,[0m      [91m.))))))[0m   
                [94m.%%%%%%/[0m      [94m*%%%%%%,[0m  [93m**[0m              [93m********[0m      [91m.))))))[0m  
          [94m##[0m      [94m.%%%%%%/[0m      [94m(%%%%%%,[0m                  [93m,******[0m      [91m/)))))[0m  
        [94m%%%%%%[0m      [94m.%%%%%%#[0m      [94m*%%%%%%,[0m    [92m,/////.[0m       [93m******[0m      [91m))))))[0m 
      [94m#%[0m      [94m%%[0m      [94m.%%%%%%/[0m      [94m*%%%%%%,[0m  [92m////////,[0m      [93m*****/[0m     [91m,)))))[0m 
    [94m#%%[0m  [94m%%%[0m  [94m%%%#[0m      [94m.%%%%%%/[0m      [94m(%%%%%%,[0m  [92m///////.[0m     [93m/*****[0m      [91m))))).[0m
  [94m#%%%%.[0m      [94m%%%%%#[0m      [94m/%%%%%%*[0m      [94m#%%%%%%[0m   [92m/////)[0m     [93m******[0m      [91m))))),[0m
    [94m#%%%%##%[0m  [94m%%%#[0m      [94m.%%%%%%/[0m      [94m(%%%%%%,[0m  [92m///////.[0m     [93m/*****[0m      [91m))))).[0m
      [94m##[0m     [94m%%%[0m      [94m.%%%%%%/[0m      [94m*%%%%%%,[0m  [92m////////.[0m      [93m*****/[0m     [91m,)))))[0m 
        [94m#%%%%#[0m      [94m/%%%%%%/[0m      [94m(%%%%%%[0m      [92m/)/)//[0m       [93m******[0m      [91m))))))[0m 
          [94m##[0m      [94m.%%%%%%/[0m      [94m(%%%%%%,[0m                  [93m*******[0m      [91m))))))[0m  
                [94m.%%%%%%/[0m      [94m*%%%%%%,[0m  [93m**.[0m             [93m/*******[0m      [91m.))))))[0m  
              [94m*%%%%%%/[0m      [94m(%%%%%%[0m   [93m********/*..,*/*********[0m       [91m*))))))[0m   
                [94m#%%/[0m      [94m(%%%%%%,[0m    [93m*********************/[0m        [91m)))))))[0m    
                        [94m*%%%%%%,[0m         [93m,**************/[0m         [91m,))))))/[0m     
                      [94m(%%%%%%[0m   [91m()[0m                              [91m))))))))[0m       
                      [94m#%%%%,[0m  [91m())))))[0m                        [91m,)))))))),[0m        
                        [94m#,[0m    [91m())))))))))[0m                [91m,)))))))))).[0m          
                                 [91m()))))))))))))))))))))))))))))))/[0m             
                                    [91m())))))))))))))))))))))))).[0m                
                                         [91m())))))))))))))),[0m                     

-=# [1;94m geomeTRIC started. Version: 1.1 [0m #=-
Current date and time: 2026-03-14 16:19:55
#========================================================#
#| [92m    Arguments passed to driver run_optimizer():     [0m |#
#========================================================#
customengine              <pyscf.geomopt.geometric_solver.PySCFEngine object at 0x7f41aacdba10> 
input                     /tmp/tmphxgcsjjg/f59b28cb-9b45-48e2-a4b2-672d7b467419 
logIni                    /home/bhabani/miniconda3/lib/python3.12/site-packages/pyscf/geomopt/log.ini 
maxiter                   100 
tmpdir                    /tmp/tmprq8mssck 
----------------------------------------------------------
Custom engine selected.
Bonds will be generated from interatomic distances less than 1.20 times sum of covalent radii
87 internal coordinates being used (instead of 87 Cartesians)
Internal coordinate system (atoms numbered from 1):
Distance 1-2
Distance 1-5
Distance 1-19
Distance 2-3
Distance 2-6
Distance 3-4
Distance 3-7
Distance 4-5
Distance 4-8
Distance 8-9
Distance 8-10
Distance 8-11
Distance 11-12
Distance 11-13
Distance 12-14
Distance 12-18
Distance 13-15
Distance 13-16
Distance 15-17
Distance 15-18
Distance 19-20
Distance 19-21
Distance 19-22
Distance 22-23
Distance 22-24
Distance 23-25
Distance 23-26
Distance 24-27
Distance 24-29
Distance 25-28
Distance 25-29
Angle 2-1-19
Angle 5-1-19
Angle 1-2-6
Angle 3-2-6
Angle 2-3-7
Angle 4-3-7
Angle 3-4-8
Angle 5-4-8
Angle 1-5-4
Angle 4-8-9
Angle 4-8-10
Angle 4-8-11
Angle 9-8-10
Angle 9-8-11
Angle 10-8-11
Angle 8-11-13
Angle 12-11-13
Angle 11-12-18
Angle 14-12-18
Angle 11-13-16
Angle 15-13-16
Angle 13-15-18
Angle 17-15-18
Angle 12-18-15
Angle 1-19-20
Angle 1-19-21
Angle 1-19-22
Angle 20-19-21
Angle 20-19-22
Angle 21-19-22
Angle 19-22-24
Angle 23-22-24
Angle 22-23-26
Angle 25-23-26
Angle 22-24-29
Angle 27-24-29
Angle 23-25-29
Angle 28-25-29
Angle 24-29-25
Out-of-Plane 1-2-5-19
Out-of-Plane 2-1-3-6
Out-of-Plane 3-2-4-7
Out-of-Plane 4-3-5-8
Out-of-Plane 11-8-12-13
Out-of-Plane 12-11-14-18
Out-of-Plane 13-11-15-16
Out-of-Plane 15-13-17-18
Out-of-Plane 22-19-23-24
Out-of-Plane 23-22-25-26
Out-of-Plane 24-22-27-29
Out-of-Plane 25-23-28-29
Dihedral 5-1-2-3
Dihedral 5-1-2-6
Dihedral 19-1-2-3
Dihedral 19-1-2-6
Dihedral 2-1-5-4
Dihedral 19-1-5-4
Dihedral 2-1-19-20
Dihedral 2-1-19-21
Dihedral 2-1-19-22
Dihedral 5-1-19-20
Dihedral 5-1-19-21
Dihedral 5-1-19-22
Dihedral 1-2-3-4
Dihedral 1-2-3-7
Dihedral 6-2-3-4
Dihedral 6-2-3-7
Dihedral 2-3-4-5
Dihedral 2-3-4-8
Dihedral 7-3-4-5
Dihedral 7-3-4-8
Dihedral 3-4-5-1
Dihedral 8-4-5-1
Dihedral 3-4-8-9
Dihedral 3-4-8-10
Dihedral 3-4-8-11
Dihedral 5-4-8-9
Dihedral 5-4-8-10
Dihedral 5-4-8-11
Dihedral 4-8-11-12
Dihedral 4-8-11-13
Dihedral 9-8-11-12
Dihedral 9-8-11-13
Dihedral 10-8-11-12
Dihedral 10-8-11-13
Dihedral 8-11-12-14
Dihedral 8-11-12-18
Dihedral 13-11-12-14
Dihedral 13-11-12-18
Dihedral 8-11-13-15
Dihedral 8-11-13-16
Dihedral 12-11-13-15
Dihedral 12-11-13-16
Dihedral 11-12-18-15
Dihedral 14-12-18-15
Dihedral 11-13-15-17
Dihedral 11-13-15-18
Dihedral 16-13-15-17
Dihedral 16-13-15-18
Dihedral 13-15-18-12
Dihedral 17-15-18-12
Dihedral 1-19-22-23
Dihedral 1-19-22-24
Dihedral 20-19-22-23
Dihedral 20-19-22-24
Dihedral 21-19-22-23
Dihedral 21-19-22-24
Dihedral 19-22-23-25
Dihedral 19-22-23-26
Dihedral 24-22-23-25
Dihedral 24-22-23-26
Dihedral 19-22-24-27
Dihedral 19-22-24-29
Dihedral 23-22-24-27
Dihedral 23-22-24-29
Dihedral 22-23-25-28
Dihedral 22-23-25-29
Dihedral 26-23-25-28
Dihedral 26-23-25-29
Dihedral 22-24-29-25
Dihedral 27-24-29-25
Dihedral 23-25-29-24
Dihedral 28-25-29-24
Translation-X 1-29
Translation-Y 1-29
Translation-Z 1-29
Rotation-A 1-29
Rotation-B 1-29
Rotation-C 1-29
<class 'geometric.internal.Distance'> : 31
<class 'geometric.internal.Angle'> : 39
<class 'geometric.internal.OutOfPlane'> : 12
<class 'geometric.internal.Dihedral'> : 72
<class 'geometric.internal.TranslationX'> : 1
<class 'geometric.internal.TranslationY'> : 1
<class 'geometric.internal.TranslationZ'> : 1
<class 'geometric.internal.RotationA'> : 1
<class 'geometric.internal.RotationB'> : 1
<class 'geometric.internal.RotationC'> : 1
> ===== Optimization Info: ====
> Job type: Energy minimization
> Maximum number of optimization cycles: 100
> Initial / maximum trust radius (Angstrom): 0.100 / 0.300
> Convergence Criteria:
> Will converge when all 5 criteria are reached:
>  |Delta-E| < 1.00e-06
>  RMS-Grad  < 3.00e-04
>  Max-Grad  < 4.50e-04
>  RMS-Disp  < 1.20e-03
>  Max-Disp  < 1.80e-03
> === End Optimization Info ===
WARN: Mole.unit (Angstrom) is changed to Bohr
Step    0 : Gradient = 2.215e-02/6.012e-02 (rms/max) Energy = -729.4168428896
Hessian Eigenvalues: 2.30000e-02 2.30000e-02 2.30000e-02 ... 4.96009e-01 5.36209e-01 5.36619e-01
Step    1 : Displace = [0m1.029e-01[0m/[0m2.061e-01[0m (rms/max) Trust = 1.000e-01 (=) Grad = [0m1.034e-02[0m/[0m2.058e-02[0m (rms/max) E (change) = -729.4286484151 ([0m-1.181e-02[0m) Quality = [0m0.734[0m
Hessian Eigenvalues: 2.29945e-02 2.30000e-02 2.30000e-02 ... 5.11890e-01 5.36287e-01 7.86011e-01
Step    2 : Displace = [0m9.321e-02[0m/[0m2.072e-01[0m (rms/max) Trust = 1.000e-01 (=) Grad = [0m3.737e-03[0m/[0m7.270e-03[0m (rms/max) E (change) = -729.4316592616 ([0m-3.011e-03[0m) Quality = [0m0.786[0m
Hessian Eigenvalues: 2.28574e-02 2.30000e-02 2.30000e-02 ... 5.34353e-01 5.69495e-01 7.88187e-01
Step    3 : Displace = [0m8.902e-02[0m/[0m1.812e-01[0m (rms/max) Trust = 1.414e-01 ([92m+[0m) Grad = [0m1.755e-03[0m/[0m4.110e-03[0m (rms/max) E (change) = -729.4329665911 ([0m-1.307e-03[0m) Quality = [0m1.216[0m
Hessian Eigenvalues: 1.12994e-02 2.30000e-02 2.30000e-02 ... 5.34021e-01 5.69660e-01 8.22194e-01
Step    4 : Displace = [0m9.315e-02[0m/[0m1.956e-01[0m (rms/max) Trust = 2.000e-01 ([92m+[0m) Grad = [0m3.974e-03[0m/[0m7.951e-03[0m (rms/max) E (change) = -729.4334427446 ([0m-4.762e-04[0m) Quality = [0m0.625[0m
Hessian Eigenvalues: 4.98281e-03 2.30000e-02 2.30000e-02 ... 5.69587e-01 7.43755e-01 8.19878e-01
Step    5 : Displace = [0m1.038e-01[0m/[0m2.346e-01[0m (rms/max) Trust = 2.000e-01 (=) Grad = [0m4.075e-03[0m/[0m9.273e-03[0m (rms/max) E (change) = -729.4343158614 ([0m-8.731e-04[0m) Quality = [0m0.853[0m
Hessian Eigenvalues: 2.93189e-03 2.30000e-02 2.30000e-02 ... 5.66108e-01 8.14336e-01 1.10904e+00
Step    6 : Displace = [0m1.390e-01[0m/[0m3.281e-01[0m (rms/max) Trust = 2.828e-01 ([92m+[0m) Grad = [0m7.246e-03[0m/[0m1.688e-02[0m (rms/max) E (change) = -729.4346690634 ([0m-3.532e-04[0m) Quality = [0m0.213[0m
Hessian Eigenvalues: 2.45955e-03 2.08474e-02 2.30000e-02 ... 8.13473e-01 9.08016e-01 1.02540e+00
Step    7 : Displace = [0m7.594e-02[0m/[0m1.663e-01[0m (rms/max) Trust = 6.952e-02 ([91m-[0m) Grad = [0m3.492e-03[0m/[0m8.223e-03[0m (rms/max) E (change) = -729.4370058285 ([0m-2.337e-03[0m) Quality = [0m1.216[0m
Hessian Eigenvalues: 2.01331e-03 1.65258e-02 2.30000e-02 ... 8.07144e-01 8.96016e-01 1.09821e+00
Step    8 : Displace = [0m1.015e-01[0m/[0m1.948e-01[0m (rms/max) Trust = 9.832e-02 ([92m+[0m) Grad = [0m2.968e-03[0m/[0m5.584e-03[0m (rms/max) E (change) = -729.4378930643 ([0m-8.872e-04[0m) Quality = [0m0.599[0m
Hessian Eigenvalues: 1.82348e-03 1.39926e-02 2.29126e-02 ... 8.26568e-01 9.05480e-01 1.09725e+00
Step    9 : Displace = [0m1.016e-01[0m/[0m2.409e-01[0m (rms/max) Trust = 9.832e-02 (=) Grad = [0m2.337e-03[0m/[0m5.504e-03[0m (rms/max) E (change) = -729.4391046063 ([0m-1.212e-03[0m) Quality = [0m1.178[0m
Hessian Eigenvalues: 1.17597e-03 9.35753e-03 2.23226e-02 ... 8.07542e-01 1.03474e+00 1.16646e+00
Step   10 : Displace = [0m1.415e-01[0m/[0m3.304e-01[0m (rms/max) Trust = 1.390e-01 ([92m+[0m) Grad = [0m2.196e-03[0m/[0m4.731e-03[0m (rms/max) E (change) = -729.4404936117 ([0m-1.389e-03[0m) Quality = [0m0.898[0m
Hessian Eigenvalues: 1.45736e-03 7.56282e-03 2.15050e-02 ... 7.92150e-01 9.99157e-01 1.06648e+00
Step   11 : Displace = [0m2.007e-01[0m/[0m4.412e-01[0m (rms/max) Trust = 1.966e-01 ([92m+[0m) Grad = [0m3.054e-03[0m/[0m8.462e-03[0m (rms/max) E (change) = -729.4412225924 ([0m-7.290e-04[0m) Quality = [0m0.534[0m
Hessian Eigenvalues: 2.26835e-03 8.22965e-03 2.08456e-02 ... 7.87297e-01 9.17308e-01 1.06665e+00
Step   12 : Displace = [0m3.852e-02[0m/[0m7.685e-02[0m (rms/max) Trust = 1.966e-01 (=) Grad = [0m1.099e-03[0m/[0m2.743e-03[0m (rms/max) E (change) = -729.4417488281 ([0m-5.262e-04[0m) Quality = [0m1.015[0m
Hessian Eigenvalues: 2.38264e-03 8.23331e-03 1.68596e-02 ... 8.11729e-01 8.87286e-01 1.06604e+00
Step   13 : Displace = [0m7.697e-02[0m/[0m1.695e-01[0m (rms/max) Trust = 2.781e-01 ([92m+[0m) Grad = [0m1.104e-03[0m/[0m2.119e-03[0m (rms/max) E (change) = -729.4418010600 ([0m-5.223e-05[0m) Quality = [0m0.264[0m
Hessian Eigenvalues: 2.49700e-03 8.15175e-03 1.29521e-02 ... 8.07321e-01 9.76451e-01 1.12288e+00
Step   14 : Displace = [0m2.681e-02[0m/[0m5.105e-02[0m (rms/max) Trust = 2.781e-01 (=) Grad = [0m7.211e-04[0m/[0m1.566e-03[0m (rms/max) E (change) = -729.4420085781 ([0m-2.075e-04[0m) Quality = [0m1.214[0m
Hessian Eigenvalues: 2.25192e-03 7.66645e-03 1.09283e-02 ... 8.14768e-01 9.35774e-01 1.14915e+00
Step   15 : Displace = [0m3.467e-02[0m/[0m6.846e-02[0m (rms/max) Trust = 3.000e-01 ([92m+[0m) Grad = [0m7.945e-04[0m/[0m2.210e-03[0m (rms/max) E (change) = -729.4421103646 ([0m-1.018e-04[0m) Quality = [0m1.029[0m
Hessian Eigenvalues: 1.67030e-03 5.57278e-03 9.20478e-03 ... 8.08438e-01 9.52821e-01 1.15745e+00
Step   16 : Displace = [0m4.987e-02[0m/[0m1.019e-01[0m (rms/max) Trust = 3.000e-01 (=) Grad = [0m5.655e-04[0m/[0m1.351e-03[0m (rms/max) E (change) = -729.4422204507 ([0m-1.101e-04[0m) Quality = [0m1.159[0m
Hessian Eigenvalues: 1.56445e-03 4.45528e-03 8.99011e-03 ... 8.08263e-01 9.56297e-01 1.15240e+00
Step   17 : Displace = [0m3.234e-02[0m/[0m7.002e-02[0m (rms/max) Trust = 3.000e-01 (=) Grad = [0m3.177e-04[0m/[0m8.629e-04[0m (rms/max) E (change) = -729.4422691794 ([0m-4.873e-05[0m) Quality = [0m1.114[0m
Hessian Eigenvalues: 1.63009e-03 3.55003e-03 9.24837e-03 ... 8.08482e-01 9.34711e-01 1.13434e+00
Step   18 : Displace = [0m1.054e-02[0m/[0m2.210e-02[0m (rms/max) Trust = 3.000e-01 (=) Grad = [0m3.074e-04[0m/[0m7.750e-04[0m (rms/max) E (change) = -729.4422789723 ([0m-9.793e-06[0m) Quality = [0m0.717[0m
Hessian Eigenvalues: 1.64899e-03 3.18042e-03 9.08100e-03 ... 8.09066e-01 9.51227e-01 1.17712e+00
Step   19 : Displace = [0m3.587e-03[0m/[0m8.780e-03[0m (rms/max) Trust = 3.000e-01 (=) Grad = [92m1.838e-04[0m/[92m3.556e-04[0m (rms/max) E (change) = -729.4422833334 ([0m-4.361e-06[0m) Quality = [0m0.770[0m
Hessian Eigenvalues: 1.59973e-03 3.22439e-03 9.20156e-03 ... 8.07938e-01 9.37967e-01 1.12503e+00
Step   20 : Displace = [0m3.163e-03[0m/[0m7.409e-03[0m (rms/max) Trust = 3.000e-01 (=) Grad = [92m5.551e-05[0m/[92m1.030e-04[0m (rms/max) E (change) = -729.4422853084 ([0m-1.975e-06[0m) Quality = [0m0.991[0m
Hessian Eigenvalues: 1.53662e-03 3.28719e-03 9.17375e-03 ... 8.10641e-01 9.38270e-01 1.12224e+00
Step   21 : Displace = [0m3.836e-03[0m/[0m8.267e-03[0m (rms/max) Trust = 3.000e-01 (=) Grad = [92m4.424e-05[0m/[92m9.110e-05[0m (rms/max) E (change) = -729.4422859045 ([92m-5.961e-07[0m) Quality = [0m0.998[0m
Hessian Eigenvalues: 1.39065e-03 2.53542e-03 9.45755e-03 ... 8.10989e-01 9.38697e-01 1.12638e+00
Step   22 : Displace = [0m2.105e-03[0m/[0m4.597e-03[0m (rms/max) Trust = 3.000e-01 (=) Grad = [92m2.780e-05[0m/[92m5.655e-05[0m (rms/max) E (change) = -729.4422861965 ([92m-2.920e-07[0m) Quality = [0m1.067[0m
Hessian Eigenvalues: 1.35284e-03 2.40818e-03 8.88033e-03 ... 8.13637e-01 9.37988e-01 1.12526e+00
Step   23 : Displace = [92m7.727e-04[0m/[92m1.772e-03[0m (rms/max) Trust = 3.000e-01 (=) Grad = [92m1.902e-05[0m/[92m4.205e-05[0m (rms/max) E (change) = -729.4422863315 ([92m-1.350e-07[0m) Quality = [0m1.297[0m
Hessian Eigenvalues: 1.35284e-03 2.40818e-03 8.88033e-03 ... 8.13637e-01 9.37988e-01 1.12526e+00
Converged! =D

    #==========================================================================#
    #| If this code has benefited your research, please support us by citing: |#
    #|                                                                        |#
    #| Wang, L.-P.; Song, C.C. (2016) "Geometry optimization made simple with |#
    #| translation and rotation coordinates", J. Chem, Phys. 144, 214108.     |#
    #| http://dx.doi.org/10.1063/1.4952956                                    |#
    #==========================================================================#
    Time elapsed since start of run_optimizer: 278.986 seconds
WARN: ECP not specified. The basis set CRENBL include an ECP. Recommended ECP: CRENBL.
/home/bhabani/Kishore/Tangelo_2.0/tangelo/problem_decomposition/dmet/dmet_problem_decomposition.py:155: RuntimeWarning: The mean field will be recomputed even if one has been provided by the user.
  warnings.warn("The mean field will be recomputed even if one has been provided by the user.", RuntimeWarning)
 	Iteration =  1
 	----------------
 
	SCF Occupancy Eigenvalues for Fragment Number : # 0
	[1.60641596e-15 9.78275400e-16 9.18231295e-16 8.67509015e-16
 8.46553081e-16 7.97368230e-16 7.07708244e-16 6.31988763e-16
 5.57436687e-16 5.14609097e-16 4.17900928e-16 3.90592776e-16
 3.09862206e-16 2.55342545e-16 2.39247518e-16 2.16467903e-16
 1.92125746e-16 1.69250285e-16 1.38224843e-16 1.34468165e-16
 1.30125721e-16 1.09887593e-16 9.27666249e-17 6.24756190e-17
 5.28002579e-17 4.31789770e-17 2.86064860e-17 1.47920297e-17
 1.23952810e-17 7.78830832e-18 6.08721859e-18 6.05659645e-18
 3.23273037e-18 6.00709199e-21 2.04036143e-18 2.44747397e-18
 6.37680188e-18 9.79092973e-18 1.46610316e-17 2.41242725e-17
 2.95797616e-17 4.46886533e-17 5.16899208e-17 5.58132365e-17
 8.36078032e-17 1.64753705e-16 1.72181150e-16 2.47794045e-16
 2.81206425e-16 3.53475810e-16 3.66134825e-16 4.07682025e-16
 4.60063093e-16 4.73058769e-16 4.85121865e-16 5.40882501e-16
 5.40969620e-16 6.05128718e-16 6.06206693e-16 6.73240956e-16
 7.20319541e-16 8.37412724e-16 1.02211034e-15 1.02293734e-15
 1.02774554e-15 1.06316294e-15 1.26671590e-15 1.45251417e-15
 4.90868582e-07 1.36342483e-06 3.37161661e-06 1.19313786e-05
 1.69725452e-05 6.63514989e-05 9.44433563e-05 1.63632250e-04
 8.16144649e-04 1.38243142e-03 2.32227509e-03 4.39432412e-03
 8.04102920e-03 1.22403081e-02 3.30663234e-02 3.83218501e-02
 1.03281887e+00 1.06519894e+00 1.98164615e+00 1.98898860e+00
 1.98963686e+00 1.99298228e+00 1.99755381e+00 1.99844846e+00
 1.99883834e+00 1.99948355e+00 1.99983117e+00 1.99985209e+00
 1.99994394e+00 1.99996555e+00 1.99998158e+00 1.99998661e+00
 1.99999265e+00 1.99999412e+00 1.99999696e+00 1.99999781e+00
 1.99999848e+00 1.99999858e+00 1.99999910e+00 1.99999911e+00
 1.99999953e+00 1.99999970e+00 1.99999985e+00 1.99999991e+00
 1.99999995e+00 1.99999997e+00 1.99999998e+00 1.99999999e+00
 2.00000000e+00 2.00000000e+00 2.00000000e+00 2.00000000e+00
 2.00000000e+00 2.00000000e+00 2.00000000e+00 2.00000000e+00
 2.00000000e+00 2.00000000e+00 2.00000000e+00 2.00000000e+00]

	SCF Occupancy Eigenvalues for Fragment Number : # 1
	[1.71832044e-15 1.42518118e-15 1.42125596e-15 1.34399746e-15
 1.32400858e-15 1.26250971e-15 1.12784367e-15 9.90707400e-16
 9.26273290e-16 8.19670905e-16 7.77310132e-16 7.56771384e-16
 7.28605463e-16 6.84966002e-16 6.58028830e-16 6.57617335e-16
 6.46286971e-16 6.01900364e-16 5.07489086e-16 5.04969044e-16
 4.92740677e-16 4.87218797e-16 4.79970480e-16 4.16138765e-16
 4.15422708e-16 3.90969166e-16 3.67616189e-16 3.53685440e-16
 3.15656134e-16 2.65000447e-16 2.50881633e-16 2.45709722e-16
 2.32752182e-16 2.17921769e-16 1.32969363e-16 1.28786810e-16
 1.21113298e-16 1.18089881e-16 1.03696159e-16 6.72872416e-17
 6.65076856e-17 5.55111512e-17 3.85008779e-17 2.33199900e-17
 1.51435878e-17 9.05881837e-18 8.12482484e-18 6.38852591e-18
 4.29000954e-18 3.12596907e-18 1.16583783e-18 7.68495977e-19
 9.32077326e-19 1.99081364e-18 2.52223795e-18 2.84769704e-18
 4.16817712e-18 9.01528018e-18 1.44398338e-17 1.56620368e-17
 1.97993321e-17 2.28983919e-17 2.60894659e-17 6.82607610e-17
 8.93123649e-17 1.05211901e-16 1.07001300e-16 1.37342780e-16
 1.37939133e-16 1.48131129e-16 1.50942267e-16 1.67814114e-16
 1.79543880e-16 2.08219349e-16 2.33614546e-16 2.39275668e-16
 2.39737156e-16 2.63822827e-16 2.70795605e-16 2.86631074e-16
 3.18706267e-16 3.44695711e-16 3.63155570e-16 4.20427906e-16
 4.30326723e-16 4.67361669e-16 5.56928440e-16 6.33312536e-16
 6.69866106e-16 6.79129764e-16 6.82978326e-16 7.91335194e-16
 8.58345946e-16 9.13661344e-16 9.30724751e-16 9.36690356e-16
 1.00676298e-15 1.03829312e-15 1.16385244e-15 1.22409824e-15
 1.91998457e-15 1.99841984e-15 2.08443601e-15 2.40545454e-15
 2.17031903e-05 1.08311748e-02 3.01110785e-02 9.53025782e-01
 1.04808282e+00 1.98019617e+00 1.99188534e+00 1.99858572e+00
 1.99895149e+00 1.99950447e+00 1.99982654e+00 1.99992584e+00
 1.99996220e+00 2.00000000e+00 2.00000000e+00 2.00000000e+00
 2.00000000e+00 2.00000000e+00 2.00000000e+00 2.00000000e+00
 2.00000000e+00 2.00000000e+00 2.00000000e+00 2.00000000e+00
 2.00000000e+00 2.00000000e+00 2.00000000e+00 2.00000000e+00
 2.00000000e+00 2.00000000e+00 2.00000000e+00 2.00000000e+00
 2.00000000e+00 2.00000000e+00 2.00000000e+00 2.00000000e+00
 2.00000000e+00 2.00000000e+00 2.00000000e+00 2.00000000e+00
 2.00000000e+00 2.00000000e+00 2.00000000e+00 2.00000000e+00
 2.00000000e+00 2.00000000e+00 2.00000000e+00 2.00000000e+00
 2.00000000e+00 2.00000000e+00 2.00000000e+00 2.00000000e+00
 2.00000000e+00 2.00000000e+00 2.00000000e+00 2.00000000e+00
 2.00000000e+00 2.00000000e+00 2.00000000e+00 2.00000000e+00]

	SCF Occupancy Eigenvalues for Fragment Number : # 2
	[1.44010683e-15 1.37344698e-15 1.01884096e-15 1.01185490e-15
 9.53849479e-16 8.12709631e-16 7.68498508e-16 7.05703677e-16
 6.41485519e-16 6.38377287e-16 6.31795548e-16 6.18998251e-16
 5.48793363e-16 5.10274420e-16 3.88012086e-16 3.38402894e-16
 2.98444047e-16 2.69963442e-16 2.44922848e-16 2.17343410e-16
 1.90637696e-16 1.67783821e-16 1.16979637e-16 1.15467559e-16
 8.96681203e-17 5.51104153e-17 4.02864557e-17 1.49509748e-17
 7.34666522e-18 7.17818274e-18 3.07762592e-18 1.52913048e-18
 1.02770621e-18 7.04944579e-19 1.35012626e-18 2.75627044e-18
 2.83957309e-18 4.31914235e-18 5.79555933e-18 1.25062017e-17
 2.89819099e-17 7.26692079e-17 7.71854905e-17 9.19545235e-17
 9.86068831e-17 1.21768574e-16 1.29557218e-16 1.39590078e-16
 1.43103355e-16 1.74512776e-16 3.26170920e-16 3.37012776e-16
 4.01526393e-16 4.08265635e-16 4.12530030e-16 4.12617337e-16
 4.43118010e-16 4.86630864e-16 5.07836649e-16 5.42858759e-16
 6.36314689e-16 6.48598445e-16 7.06840914e-16 8.37244300e-16
 1.00537814e-15 1.52487072e-15 6.10331104e-09 5.07871975e-08
 7.75634571e-08 1.67728013e-07 8.97134119e-07 1.88766644e-06
 2.75081871e-06 6.37904261e-06 2.05229651e-05 5.88001468e-05
 7.19900675e-05 9.92832605e-05 1.99903671e-04 4.26365695e-04
 9.65039872e-04 5.70975198e-03 1.13621032e-02 9.50490419e-01
 1.98011497e+00 1.98604891e+00 1.98945917e+00 1.99648566e+00
 1.99886529e+00 1.99970334e+00 1.99976123e+00 1.99992148e+00
 1.99995523e+00 1.99997524e+00 1.99999291e+00 1.99999798e+00
 1.99999859e+00 1.99999941e+00 1.99999969e+00 1.99999971e+00
 1.99999985e+00 1.99999991e+00 1.99999996e+00 1.99999997e+00
 1.99999998e+00 1.99999999e+00 1.99999999e+00 2.00000000e+00
 2.00000000e+00 2.00000000e+00 2.00000000e+00 2.00000000e+00
 2.00000000e+00 2.00000000e+00 2.00000000e+00 2.00000000e+00
 2.00000000e+00 2.00000000e+00 2.00000000e+00 2.00000000e+00
 2.00000000e+00 2.00000000e+00 2.00000000e+00 2.00000000e+00
 2.00000000e+00 2.00000000e+00]

	SCF Occupancy Eigenvalues for Fragment Number : # 3
	[1.90041497e-15 1.74160546e-15 1.52157072e-15 1.49635223e-15
 1.35767021e-15 1.13813449e-15 9.65765125e-16 9.30277849e-16
 9.09992342e-16 8.66778190e-16 7.71775861e-16 7.55824632e-16
 7.11208019e-16 6.88642779e-16 6.86321561e-16 6.62902794e-16
 6.46169189e-16 6.12746276e-16 6.10708567e-16 5.59275511e-16
 5.42679507e-16 5.35300438e-16 4.53636477e-16 4.39894387e-16
 4.06416915e-16 3.91402008e-16 3.24460245e-16 3.19671925e-16
 2.75844314e-16 2.63557828e-16 2.47029252e-16 2.43211457e-16
 2.31117290e-16 1.84007035e-16 1.81856662e-16 1.40806618e-16
 1.39223895e-16 1.39010149e-16 1.11022302e-16 1.03100728e-16
 9.99403405e-17 8.87504608e-17 8.52322080e-17 7.13984567e-17
 6.01446815e-17 3.36367928e-17 2.21847438e-17 2.04789721e-17
 1.55488350e-17 1.28672099e-17 8.06012143e-18 4.93881577e-18
 3.57679780e-18 2.21929441e-18 1.09009052e-18 1.10462177e-18
 5.21519166e-18 6.44539339e-18 1.04960866e-17 1.90459638e-17
 2.50862713e-17 3.86047563e-17 4.11251699e-17 5.26019606e-17
 6.42108812e-17 8.10234848e-17 1.04010330e-16 1.32831422e-16
 1.35223609e-16 1.52285553e-16 1.70798110e-16 1.79542664e-16
 2.28116137e-16 2.30417374e-16 2.74331777e-16 2.80790799e-16
 2.86701161e-16 3.04459830e-16 3.62935307e-16 3.65020949e-16
 3.81680785e-16 4.55283676e-16 5.42869336e-16 5.55037713e-16
 5.87028728e-16 5.87783602e-16 6.06494798e-16 6.80155328e-16
 7.23867183e-16 7.29540059e-16 7.96398454e-16 8.42419862e-16
 8.51315055e-16 8.52431882e-16 8.71834350e-16 8.86776985e-16
 1.01095831e-15 1.02944487e-15 1.13150059e-15 1.19200366e-15
 1.22851636e-15 1.26190561e-15 1.41305217e-15 1.51348724e-15
 2.08830923e-05 1.05011549e-02 3.39695466e-02 9.53222348e-01
 1.04178996e+00 1.97581376e+00 1.99425627e+00 1.99874979e+00
 1.99924443e+00 1.99959264e+00 1.99986178e+00 1.99995729e+00
 1.99998510e+00 2.00000000e+00 2.00000000e+00 2.00000000e+00
 2.00000000e+00 2.00000000e+00 2.00000000e+00 2.00000000e+00
 2.00000000e+00 2.00000000e+00 2.00000000e+00 2.00000000e+00
 2.00000000e+00 2.00000000e+00 2.00000000e+00 2.00000000e+00
 2.00000000e+00 2.00000000e+00 2.00000000e+00 2.00000000e+00
 2.00000000e+00 2.00000000e+00 2.00000000e+00 2.00000000e+00
 2.00000000e+00 2.00000000e+00 2.00000000e+00 2.00000000e+00
 2.00000000e+00 2.00000000e+00 2.00000000e+00 2.00000000e+00
 2.00000000e+00 2.00000000e+00 2.00000000e+00 2.00000000e+00
 2.00000000e+00 2.00000000e+00 2.00000000e+00 2.00000000e+00
 2.00000000e+00 2.00000000e+00 2.00000000e+00 2.00000000e+00
 2.00000000e+00 2.00000000e+00 2.00000000e+00 2.00000000e+00]

	SCF Occupancy Eigenvalues for Fragment Number : # 4
	[1.58394921e-15 1.17084009e-15 8.38399626e-16 8.11196178e-16
 7.01343319e-16 6.95476510e-16 6.90613472e-16 5.75090367e-16
 4.48883560e-16 4.04755778e-16 3.73006873e-16 3.64068792e-16
 3.56814290e-16 3.33159848e-16 3.02057564e-16 2.95878929e-16
 2.55970066e-16 2.48022909e-16 2.29896451e-16 2.01045903e-16
 1.85500576e-16 1.81686589e-16 1.40416099e-16 6.80603589e-17
 6.20382424e-17 5.21894898e-17 3.10255463e-17 2.75079648e-17
 9.91772108e-18 4.18232860e-18 1.23293813e-18 1.47539068e-19
 1.17449624e-19 1.25790444e-18 3.25063829e-18 4.95610910e-18
 1.95428515e-17 2.19839011e-17 6.63193476e-17 1.04144597e-16
 1.09295760e-16 1.35099463e-16 1.80864130e-16 2.13582280e-16
 2.25153465e-16 2.73385713e-16 2.82995499e-16 3.10394239e-16
 3.30775872e-16 3.60132902e-16 4.28475761e-16 4.30472633e-16
 4.36111345e-16 4.49392697e-16 5.81483942e-16 6.27965922e-16
 7.50817278e-16 7.71183784e-16 8.10547081e-16 8.10978416e-16
 8.37693449e-16 9.60157672e-16 1.01583271e-15 1.30080509e-15
 1.40570738e-15 1.66771205e-15 1.30350564e-08 8.46816904e-08
 1.13961787e-07 4.79552667e-07 1.02482741e-06 3.03346010e-06
 3.68434659e-06 8.82956783e-06 2.05456817e-05 6.51865786e-05
 7.97952332e-05 1.12761031e-04 2.64246097e-04 5.46894007e-04
 1.39492806e-03 5.95195199e-03 1.14571895e-02 9.59785855e-01
 1.97080059e+00 1.98054306e+00 1.99010418e+00 1.99702485e+00
 1.99883026e+00 1.99966629e+00 1.99986794e+00 1.99991632e+00
 1.99995165e+00 1.99996799e+00 1.99999231e+00 1.99999674e+00
 1.99999796e+00 1.99999891e+00 1.99999933e+00 1.99999966e+00
 1.99999977e+00 1.99999988e+00 1.99999993e+00 1.99999996e+00
 1.99999998e+00 1.99999999e+00 1.99999999e+00 2.00000000e+00
 2.00000000e+00 2.00000000e+00 2.00000000e+00 2.00000000e+00
 2.00000000e+00 2.00000000e+00 2.00000000e+00 2.00000000e+00
 2.00000000e+00 2.00000000e+00 2.00000000e+00 2.00000000e+00
 2.00000000e+00 2.00000000e+00 2.00000000e+00 2.00000000e+00
 2.00000000e+00 2.00000000e+00]

		Fragment Number : #  1
		------------------------
		CCSD diag: n_active_mos=98, n_active_electrons=98, trace(onerdm)=98.00000000000001
		Fragment Energy = -534.900939626049
		Number of Electrons in Fragment = 33.84524758694215
		Fragment Number : #  2
		------------------------
		CCSD diag: n_active_mos=26, n_active_electrons=26, trace(onerdm)=26.0
		Fragment Energy = -112.55890099375898
		Number of Electrons in Fragment = 8.004782953858035
		Fragment Number : #  3
		------------------------
		CCSD diag: n_active_mos=102, n_active_electrons=102, trace(onerdm)=102.00000000000001
		Fragment Energy = -536.1280981677718
		Number of Electrons in Fragment = 35.082808781888694
		Fragment Number : #  4
		------------------------
		CCSD diag: n_active_mos=26, n_active_electrons=26, trace(onerdm)=26.0
		Fragment Energy = -112.17648093099245
		Number of Electrons in Fragment = 8.007617911136128
		Fragment Number : #  5
		------------------------
		CCSD diag: n_active_mos=102, n_active_electrons=102, trace(onerdm)=102.00000000000003
		Fragment Energy = -535.4601155599601
		Number of Electrons in Fragment = 35.0894812005554
 	Iteration =  2
 	----------------
 
	SCF Occupancy Eigenvalues for Fragment Number : # 0
	[1.60641596e-15 9.78275400e-16 9.18231295e-16 8.67509015e-16
 8.46553081e-16 7.97368230e-16 7.07708244e-16 6.31988763e-16
 5.57436687e-16 5.14609097e-16 4.17900928e-16 3.90592776e-16
 3.09862206e-16 2.55342545e-16 2.39247518e-16 2.16467903e-16
 1.92125746e-16 1.69250285e-16 1.38224843e-16 1.34468165e-16
 1.30125721e-16 1.09887593e-16 9.27666249e-17 6.24756190e-17
 5.28002579e-17 4.31789770e-17 2.86064860e-17 1.47920297e-17
 1.23952810e-17 7.78830832e-18 6.08721859e-18 6.05659645e-18
 3.23273037e-18 6.00709199e-21 2.04036143e-18 2.44747397e-18
 6.37680188e-18 9.79092973e-18 1.46610316e-17 2.41242725e-17
 2.95797616e-17 4.46886533e-17 5.16899208e-17 5.58132365e-17
 8.36078032e-17 1.64753705e-16 1.72181150e-16 2.47794045e-16
 2.81206425e-16 3.53475810e-16 3.66134825e-16 4.07682025e-16
 4.60063093e-16 4.73058769e-16 4.85121865e-16 5.40882501e-16
 5.40969620e-16 6.05128718e-16 6.06206693e-16 6.73240956e-16
 7.20319541e-16 8.37412724e-16 1.02211034e-15 1.02293734e-15
 1.02774554e-15 1.06316294e-15 1.26671590e-15 1.45251417e-15
 4.90868582e-07 1.36342483e-06 3.37161661e-06 1.19313786e-05
 1.69725452e-05 6.63514989e-05 9.44433563e-05 1.63632250e-04
 8.16144649e-04 1.38243142e-03 2.32227509e-03 4.39432412e-03
 8.04102920e-03 1.22403081e-02 3.30663234e-02 3.83218501e-02
 1.03281887e+00 1.06519894e+00 1.98164615e+00 1.98898860e+00
 1.98963686e+00 1.99298228e+00 1.99755381e+00 1.99844846e+00
 1.99883834e+00 1.99948355e+00 1.99983117e+00 1.99985209e+00
 1.99994394e+00 1.99996555e+00 1.99998158e+00 1.99998661e+00
 1.99999265e+00 1.99999412e+00 1.99999696e+00 1.99999781e+00
 1.99999848e+00 1.99999858e+00 1.99999910e+00 1.99999911e+00
 1.99999953e+00 1.99999970e+00 1.99999985e+00 1.99999991e+00
 1.99999995e+00 1.99999997e+00 1.99999998e+00 1.99999999e+00
 2.00000000e+00 2.00000000e+00 2.00000000e+00 2.00000000e+00
 2.00000000e+00 2.00000000e+00 2.00000000e+00 2.00000000e+00
 2.00000000e+00 2.00000000e+00 2.00000000e+00 2.00000000e+00]

	SCF Occupancy Eigenvalues for Fragment Number : # 1
	[1.71832044e-15 1.42518118e-15 1.42125596e-15 1.34399746e-15
 1.32400858e-15 1.26250971e-15 1.12784367e-15 9.90707400e-16
 9.26273290e-16 8.19670905e-16 7.77310132e-16 7.56771384e-16
 7.28605463e-16 6.84966002e-16 6.58028830e-16 6.57617335e-16
 6.46286971e-16 6.01900364e-16 5.07489086e-16 5.04969044e-16
 4.92740677e-16 4.87218797e-16 4.79970480e-16 4.16138765e-16
 4.15422708e-16 3.90969166e-16 3.67616189e-16 3.53685440e-16
 3.15656134e-16 2.65000447e-16 2.50881633e-16 2.45709722e-16
 2.32752182e-16 2.17921769e-16 1.32969363e-16 1.28786810e-16
 1.21113298e-16 1.18089881e-16 1.03696159e-16 6.72872416e-17
 6.65076856e-17 5.55111512e-17 3.85008779e-17 2.33199900e-17
 1.51435878e-17 9.05881837e-18 8.12482484e-18 6.38852591e-18
 4.29000954e-18 3.12596907e-18 1.16583783e-18 7.68495977e-19
 9.32077326e-19 1.99081364e-18 2.52223795e-18 2.84769704e-18
 4.16817712e-18 9.01528018e-18 1.44398338e-17 1.56620368e-17
 1.97993321e-17 2.28983919e-17 2.60894659e-17 6.82607610e-17
 8.93123649e-17 1.05211901e-16 1.07001300e-16 1.37342780e-16
 1.37939133e-16 1.48131129e-16 1.50942267e-16 1.67814114e-16
 1.79543880e-16 2.08219349e-16 2.33614546e-16 2.39275668e-16
 2.39737156e-16 2.63822827e-16 2.70795605e-16 2.86631074e-16
 3.18706267e-16 3.44695711e-16 3.63155570e-16 4.20427906e-16
 4.30326723e-16 4.67361669e-16 5.56928440e-16 6.33312536e-16
 6.69866106e-16 6.79129764e-16 6.82978326e-16 7.91335194e-16
 8.58345946e-16 9.13661344e-16 9.30724751e-16 9.36690356e-16
 1.00676298e-15 1.03829312e-15 1.16385244e-15 1.22409824e-15
 1.91998457e-15 1.99841984e-15 2.08443601e-15 2.40545454e-15
 2.17031903e-05 1.08311748e-02 3.01110785e-02 9.53025782e-01
 1.04808282e+00 1.98019617e+00 1.99188534e+00 1.99858572e+00
 1.99895149e+00 1.99950447e+00 1.99982654e+00 1.99992584e+00
 1.99996220e+00 2.00000000e+00 2.00000000e+00 2.00000000e+00
 2.00000000e+00 2.00000000e+00 2.00000000e+00 2.00000000e+00
 2.00000000e+00 2.00000000e+00 2.00000000e+00 2.00000000e+00
 2.00000000e+00 2.00000000e+00 2.00000000e+00 2.00000000e+00
 2.00000000e+00 2.00000000e+00 2.00000000e+00 2.00000000e+00
 2.00000000e+00 2.00000000e+00 2.00000000e+00 2.00000000e+00
 2.00000000e+00 2.00000000e+00 2.00000000e+00 2.00000000e+00
 2.00000000e+00 2.00000000e+00 2.00000000e+00 2.00000000e+00
 2.00000000e+00 2.00000000e+00 2.00000000e+00 2.00000000e+00
 2.00000000e+00 2.00000000e+00 2.00000000e+00 2.00000000e+00
 2.00000000e+00 2.00000000e+00 2.00000000e+00 2.00000000e+00
 2.00000000e+00 2.00000000e+00 2.00000000e+00 2.00000000e+00]

	SCF Occupancy Eigenvalues for Fragment Number : # 2
	[1.44010683e-15 1.37344698e-15 1.01884096e-15 1.01185490e-15
 9.53849479e-16 8.12709631e-16 7.68498508e-16 7.05703677e-16
 6.41485519e-16 6.38377287e-16 6.31795548e-16 6.18998251e-16
 5.48793363e-16 5.10274420e-16 3.88012086e-16 3.38402894e-16
 2.98444047e-16 2.69963442e-16 2.44922848e-16 2.17343410e-16
 1.90637696e-16 1.67783821e-16 1.16979637e-16 1.15467559e-16
 8.96681203e-17 5.51104153e-17 4.02864557e-17 1.49509748e-17
 7.34666522e-18 7.17818274e-18 3.07762592e-18 1.52913048e-18
 1.02770621e-18 7.04944579e-19 1.35012626e-18 2.75627044e-18
 2.83957309e-18 4.31914235e-18 5.79555933e-18 1.25062017e-17
 2.89819099e-17 7.26692079e-17 7.71854905e-17 9.19545235e-17
 9.86068831e-17 1.21768574e-16 1.29557218e-16 1.39590078e-16
 1.43103355e-16 1.74512776e-16 3.26170920e-16 3.37012776e-16
 4.01526393e-16 4.08265635e-16 4.12530030e-16 4.12617337e-16
 4.43118010e-16 4.86630864e-16 5.07836649e-16 5.42858759e-16
 6.36314689e-16 6.48598445e-16 7.06840914e-16 8.37244300e-16
 1.00537814e-15 1.52487072e-15 6.10331104e-09 5.07871975e-08
 7.75634571e-08 1.67728013e-07 8.97134119e-07 1.88766644e-06
 2.75081871e-06 6.37904261e-06 2.05229651e-05 5.88001468e-05
 7.19900675e-05 9.92832605e-05 1.99903671e-04 4.26365695e-04
 9.65039872e-04 5.70975198e-03 1.13621032e-02 9.50490419e-01
 1.98011497e+00 1.98604891e+00 1.98945917e+00 1.99648566e+00
 1.99886529e+00 1.99970334e+00 1.99976123e+00 1.99992148e+00
 1.99995523e+00 1.99997524e+00 1.99999291e+00 1.99999798e+00
 1.99999859e+00 1.99999941e+00 1.99999969e+00 1.99999971e+00
 1.99999985e+00 1.99999991e+00 1.99999996e+00 1.99999997e+00
 1.99999998e+00 1.99999999e+00 1.99999999e+00 2.00000000e+00
 2.00000000e+00 2.00000000e+00 2.00000000e+00 2.00000000e+00
 2.00000000e+00 2.00000000e+00 2.00000000e+00 2.00000000e+00
 2.00000000e+00 2.00000000e+00 2.00000000e+00 2.00000000e+00
 2.00000000e+00 2.00000000e+00 2.00000000e+00 2.00000000e+00
 2.00000000e+00 2.00000000e+00]

	SCF Occupancy Eigenvalues for Fragment Number : # 3
	[1.90041497e-15 1.74160546e-15 1.52157072e-15 1.49635223e-15
 1.35767021e-15 1.13813449e-15 9.65765125e-16 9.30277849e-16
 9.09992342e-16 8.66778190e-16 7.71775861e-16 7.55824632e-16
 7.11208019e-16 6.88642779e-16 6.86321561e-16 6.62902794e-16
 6.46169189e-16 6.12746276e-16 6.10708567e-16 5.59275511e-16
 5.42679507e-16 5.35300438e-16 4.53636477e-16 4.39894387e-16
 4.06416915e-16 3.91402008e-16 3.24460245e-16 3.19671925e-16
 2.75844314e-16 2.63557828e-16 2.47029252e-16 2.43211457e-16
 2.31117290e-16 1.84007035e-16 1.81856662e-16 1.40806618e-16
 1.39223895e-16 1.39010149e-16 1.11022302e-16 1.03100728e-16
 9.99403405e-17 8.87504608e-17 8.52322080e-17 7.13984567e-17
 6.01446815e-17 3.36367928e-17 2.21847438e-17 2.04789721e-17
 1.55488350e-17 1.28672099e-17 8.06012143e-18 4.93881577e-18
 3.57679780e-18 2.21929441e-18 1.09009052e-18 1.10462177e-18
 5.21519166e-18 6.44539339e-18 1.04960866e-17 1.90459638e-17
 2.50862713e-17 3.86047563e-17 4.11251699e-17 5.26019606e-17
 6.42108812e-17 8.10234848e-17 1.04010330e-16 1.32831422e-16
 1.35223609e-16 1.52285553e-16 1.70798110e-16 1.79542664e-16
 2.28116137e-16 2.30417374e-16 2.74331777e-16 2.80790799e-16
 2.86701161e-16 3.04459830e-16 3.62935307e-16 3.65020949e-16
 3.81680785e-16 4.55283676e-16 5.42869336e-16 5.55037713e-16
 5.87028728e-16 5.87783602e-16 6.06494798e-16 6.80155328e-16
 7.23867183e-16 7.29540059e-16 7.96398454e-16 8.42419862e-16
 8.51315055e-16 8.52431882e-16 8.71834350e-16 8.86776985e-16
 1.01095831e-15 1.02944487e-15 1.13150059e-15 1.19200366e-15
 1.22851636e-15 1.26190561e-15 1.41305217e-15 1.51348724e-15
 2.08830923e-05 1.05011549e-02 3.39695466e-02 9.53222348e-01
 1.04178996e+00 1.97581376e+00 1.99425627e+00 1.99874979e+00
 1.99924443e+00 1.99959264e+00 1.99986178e+00 1.99995729e+00
 1.99998510e+00 2.00000000e+00 2.00000000e+00 2.00000000e+00
 2.00000000e+00 2.00000000e+00 2.00000000e+00 2.00000000e+00
 2.00000000e+00 2.00000000e+00 2.00000000e+00 2.00000000e+00
 2.00000000e+00 2.00000000e+00 2.00000000e+00 2.00000000e+00
 2.00000000e+00 2.00000000e+00 2.00000000e+00 2.00000000e+00
 2.00000000e+00 2.00000000e+00 2.00000000e+00 2.00000000e+00
 2.00000000e+00 2.00000000e+00 2.00000000e+00 2.00000000e+00
 2.00000000e+00 2.00000000e+00 2.00000000e+00 2.00000000e+00
 2.00000000e+00 2.00000000e+00 2.00000000e+00 2.00000000e+00
 2.00000000e+00 2.00000000e+00 2.00000000e+00 2.00000000e+00
 2.00000000e+00 2.00000000e+00 2.00000000e+00 2.00000000e+00
 2.00000000e+00 2.00000000e+00 2.00000000e+00 2.00000000e+00]

	SCF Occupancy Eigenvalues for Fragment Number : # 4
	[1.58394921e-15 1.17084009e-15 8.38399626e-16 8.11196178e-16
 7.01343319e-16 6.95476510e-16 6.90613472e-16 5.75090367e-16
 4.48883560e-16 4.04755778e-16 3.73006873e-16 3.64068792e-16
 3.56814290e-16 3.33159848e-16 3.02057564e-16 2.95878929e-16
 2.55970066e-16 2.48022909e-16 2.29896451e-16 2.01045903e-16
 1.85500576e-16 1.81686589e-16 1.40416099e-16 6.80603589e-17
 6.20382424e-17 5.21894898e-17 3.10255463e-17 2.75079648e-17
 9.91772108e-18 4.18232860e-18 1.23293813e-18 1.47539068e-19
 1.17449624e-19 1.25790444e-18 3.25063829e-18 4.95610910e-18
 1.95428515e-17 2.19839011e-17 6.63193476e-17 1.04144597e-16
 1.09295760e-16 1.35099463e-16 1.80864130e-16 2.13582280e-16
 2.25153465e-16 2.73385713e-16 2.82995499e-16 3.10394239e-16
 3.30775872e-16 3.60132902e-16 4.28475761e-16 4.30472633e-16
 4.36111345e-16 4.49392697e-16 5.81483942e-16 6.27965922e-16
 7.50817278e-16 7.71183784e-16 8.10547081e-16 8.10978416e-16
 8.37693449e-16 9.60157672e-16 1.01583271e-15 1.30080509e-15
 1.40570738e-15 1.66771205e-15 1.30350564e-08 8.46816904e-08
 1.13961787e-07 4.79552667e-07 1.02482741e-06 3.03346010e-06
 3.68434659e-06 8.82956783e-06 2.05456817e-05 6.51865786e-05
 7.97952332e-05 1.12761031e-04 2.64246097e-04 5.46894007e-04
 1.39492806e-03 5.95195199e-03 1.14571895e-02 9.59785855e-01
 1.97080059e+00 1.98054306e+00 1.99010418e+00 1.99702485e+00
 1.99883026e+00 1.99966629e+00 1.99986794e+00 1.99991632e+00
 1.99995165e+00 1.99996799e+00 1.99999231e+00 1.99999674e+00
 1.99999796e+00 1.99999891e+00 1.99999933e+00 1.99999966e+00
 1.99999977e+00 1.99999988e+00 1.99999993e+00 1.99999996e+00
 1.99999998e+00 1.99999999e+00 1.99999999e+00 2.00000000e+00
 2.00000000e+00 2.00000000e+00 2.00000000e+00 2.00000000e+00
 2.00000000e+00 2.00000000e+00 2.00000000e+00 2.00000000e+00
 2.00000000e+00 2.00000000e+00 2.00000000e+00 2.00000000e+00
 2.00000000e+00 2.00000000e+00 2.00000000e+00 2.00000000e+00
 2.00000000e+00 2.00000000e+00]

		Fragment Number : #  1
		------------------------
		CCSD diag: n_active_mos=98, n_active_electrons=98, trace(onerdm)=98.0
		Fragment Energy = -534.9028952724052
		Number of Electrons in Fragment = 33.84545820418826
		Fragment Number : #  2
		------------------------
		CCSD diag: n_active_mos=26, n_active_electrons=26, trace(onerdm)=26.000000000000004
		Fragment Energy = -112.56055689861738
		Number of Electrons in Fragment = 8.004952394757312
		Fragment Number : #  3
		------------------------
		CCSD diag: n_active_mos=102, n_active_electrons=102, trace(onerdm)=102.0
		Fragment Energy = -536.1291005851358
		Number of Electrons in Fragment = 35.08292367874367
		Fragment Number : #  4
		------------------------
		CCSD diag: n_active_mos=26, n_active_electrons=26, trace(onerdm)=26.0
		Fragment Energy = -112.17815064048516
		Number of Electrons in Fragment = 8.00779001494677
		Fragment Number : #  5
		------------------------
		CCSD diag: n_active_mos=102, n_active_electrons=102, trace(onerdm)=102.0
		Fragment Energy = -535.4611428011347
		Number of Electrons in Fragment = 35.08959910608606
 	Iteration =  3
 	----------------
 
	SCF Occupancy Eigenvalues for Fragment Number : # 0
	[1.60641596e-15 9.78275400e-16 9.18231295e-16 8.67509015e-16
 8.46553081e-16 7.97368230e-16 7.07708244e-16 6.31988763e-16
 5.57436687e-16 5.14609097e-16 4.17900928e-16 3.90592776e-16
 3.09862206e-16 2.55342545e-16 2.39247518e-16 2.16467903e-16
 1.92125746e-16 1.69250285e-16 1.38224843e-16 1.34468165e-16
 1.30125721e-16 1.09887593e-16 9.27666249e-17 6.24756190e-17
 5.28002579e-17 4.31789770e-17 2.86064860e-17 1.47920297e-17
 1.23952810e-17 7.78830832e-18 6.08721859e-18 6.05659645e-18
 3.23273037e-18 6.00709199e-21 2.04036143e-18 2.44747397e-18
 6.37680188e-18 9.79092973e-18 1.46610316e-17 2.41242725e-17
 2.95797616e-17 4.46886533e-17 5.16899208e-17 5.58132365e-17
 8.36078032e-17 1.64753705e-16 1.72181150e-16 2.47794045e-16
 2.81206425e-16 3.53475810e-16 3.66134825e-16 4.07682025e-16
 4.60063093e-16 4.73058769e-16 4.85121865e-16 5.40882501e-16
 5.40969620e-16 6.05128718e-16 6.06206693e-16 6.73240956e-16
 7.20319541e-16 8.37412724e-16 1.02211034e-15 1.02293734e-15
 1.02774554e-15 1.06316294e-15 1.26671590e-15 1.45251417e-15
 4.90868582e-07 1.36342483e-06 3.37161661e-06 1.19313786e-05
 1.69725452e-05 6.63514989e-05 9.44433563e-05 1.63632250e-04
 8.16144649e-04 1.38243142e-03 2.32227509e-03 4.39432412e-03
 8.04102920e-03 1.22403081e-02 3.30663234e-02 3.83218501e-02
 1.03281887e+00 1.06519894e+00 1.98164615e+00 1.98898860e+00
 1.98963686e+00 1.99298228e+00 1.99755381e+00 1.99844846e+00
 1.99883834e+00 1.99948355e+00 1.99983117e+00 1.99985209e+00
 1.99994394e+00 1.99996555e+00 1.99998158e+00 1.99998661e+00
 1.99999265e+00 1.99999412e+00 1.99999696e+00 1.99999781e+00
 1.99999848e+00 1.99999858e+00 1.99999910e+00 1.99999911e+00
 1.99999953e+00 1.99999970e+00 1.99999985e+00 1.99999991e+00
 1.99999995e+00 1.99999997e+00 1.99999998e+00 1.99999999e+00
 2.00000000e+00 2.00000000e+00 2.00000000e+00 2.00000000e+00
 2.00000000e+00 2.00000000e+00 2.00000000e+00 2.00000000e+00
 2.00000000e+00 2.00000000e+00 2.00000000e+00 2.00000000e+00]

	SCF Occupancy Eigenvalues for Fragment Number : # 1
	[1.71832044e-15 1.42518118e-15 1.42125596e-15 1.34399746e-15
 1.32400858e-15 1.26250971e-15 1.12784367e-15 9.90707400e-16
 9.26273290e-16 8.19670905e-16 7.77310132e-16 7.56771384e-16
 7.28605463e-16 6.84966002e-16 6.58028830e-16 6.57617335e-16
 6.46286971e-16 6.01900364e-16 5.07489086e-16 5.04969044e-16
 4.92740677e-16 4.87218797e-16 4.79970480e-16 4.16138765e-16
 4.15422708e-16 3.90969166e-16 3.67616189e-16 3.53685440e-16
 3.15656134e-16 2.65000447e-16 2.50881633e-16 2.45709722e-16
 2.32752182e-16 2.17921769e-16 1.32969363e-16 1.28786810e-16
 1.21113298e-16 1.18089881e-16 1.03696159e-16 6.72872416e-17
 6.65076856e-17 5.55111512e-17 3.85008779e-17 2.33199900e-17
 1.51435878e-17 9.05881837e-18 8.12482484e-18 6.38852591e-18
 4.29000954e-18 3.12596907e-18 1.16583783e-18 7.68495977e-19
 9.32077326e-19 1.99081364e-18 2.52223795e-18 2.84769704e-18
 4.16817712e-18 9.01528018e-18 1.44398338e-17 1.56620368e-17
 1.97993321e-17 2.28983919e-17 2.60894659e-17 6.82607610e-17
 8.93123649e-17 1.05211901e-16 1.07001300e-16 1.37342780e-16
 1.37939133e-16 1.48131129e-16 1.50942267e-16 1.67814114e-16
 1.79543880e-16 2.08219349e-16 2.33614546e-16 2.39275668e-16
 2.39737156e-16 2.63822827e-16 2.70795605e-16 2.86631074e-16
 3.18706267e-16 3.44695711e-16 3.63155570e-16 4.20427906e-16
 4.30326723e-16 4.67361669e-16 5.56928440e-16 6.33312536e-16
 6.69866106e-16 6.79129764e-16 6.82978326e-16 7.91335194e-16
 8.58345946e-16 9.13661344e-16 9.30724751e-16 9.36690356e-16
 1.00676298e-15 1.03829312e-15 1.16385244e-15 1.22409824e-15
 1.91998457e-15 1.99841984e-15 2.08443601e-15 2.40545454e-15
 2.17031903e-05 1.08311748e-02 3.01110785e-02 9.53025782e-01
 1.04808282e+00 1.98019617e+00 1.99188534e+00 1.99858572e+00
 1.99895149e+00 1.99950447e+00 1.99982654e+00 1.99992584e+00
 1.99996220e+00 2.00000000e+00 2.00000000e+00 2.00000000e+00
 2.00000000e+00 2.00000000e+00 2.00000000e+00 2.00000000e+00
 2.00000000e+00 2.00000000e+00 2.00000000e+00 2.00000000e+00
 2.00000000e+00 2.00000000e+00 2.00000000e+00 2.00000000e+00
 2.00000000e+00 2.00000000e+00 2.00000000e+00 2.00000000e+00
 2.00000000e+00 2.00000000e+00 2.00000000e+00 2.00000000e+00
 2.00000000e+00 2.00000000e+00 2.00000000e+00 2.00000000e+00
 2.00000000e+00 2.00000000e+00 2.00000000e+00 2.00000000e+00
 2.00000000e+00 2.00000000e+00 2.00000000e+00 2.00000000e+00
 2.00000000e+00 2.00000000e+00 2.00000000e+00 2.00000000e+00
 2.00000000e+00 2.00000000e+00 2.00000000e+00 2.00000000e+00
 2.00000000e+00 2.00000000e+00 2.00000000e+00 2.00000000e+00]

	SCF Occupancy Eigenvalues for Fragment Number : # 2
	[1.44010683e-15 1.37344698e-15 1.01884096e-15 1.01185490e-15
 9.53849479e-16 8.12709631e-16 7.68498508e-16 7.05703677e-16
 6.41485519e-16 6.38377287e-16 6.31795548e-16 6.18998251e-16
 5.48793363e-16 5.10274420e-16 3.88012086e-16 3.38402894e-16
 2.98444047e-16 2.69963442e-16 2.44922848e-16 2.17343410e-16
 1.90637696e-16 1.67783821e-16 1.16979637e-16 1.15467559e-16
 8.96681203e-17 5.51104153e-17 4.02864557e-17 1.49509748e-17
 7.34666522e-18 7.17818274e-18 3.07762592e-18 1.52913048e-18
 1.02770621e-18 7.04944579e-19 1.35012626e-18 2.75627044e-18
 2.83957309e-18 4.31914235e-18 5.79555933e-18 1.25062017e-17
 2.89819099e-17 7.26692079e-17 7.71854905e-17 9.19545235e-17
 9.86068831e-17 1.21768574e-16 1.29557218e-16 1.39590078e-16
 1.43103355e-16 1.74512776e-16 3.26170920e-16 3.37012776e-16
 4.01526393e-16 4.08265635e-16 4.12530030e-16 4.12617337e-16
 4.43118010e-16 4.86630864e-16 5.07836649e-16 5.42858759e-16
 6.36314689e-16 6.48598445e-16 7.06840914e-16 8.37244300e-16
 1.00537814e-15 1.52487072e-15 6.10331104e-09 5.07871975e-08
 7.75634571e-08 1.67728013e-07 8.97134119e-07 1.88766644e-06
 2.75081871e-06 6.37904261e-06 2.05229651e-05 5.88001468e-05
 7.19900675e-05 9.92832605e-05 1.99903671e-04 4.26365695e-04
 9.65039872e-04 5.70975198e-03 1.13621032e-02 9.50490419e-01
 1.98011497e+00 1.98604891e+00 1.98945917e+00 1.99648566e+00
 1.99886529e+00 1.99970334e+00 1.99976123e+00 1.99992148e+00
 1.99995523e+00 1.99997524e+00 1.99999291e+00 1.99999798e+00
 1.99999859e+00 1.99999941e+00 1.99999969e+00 1.99999971e+00
 1.99999985e+00 1.99999991e+00 1.99999996e+00 1.99999997e+00
 1.99999998e+00 1.99999999e+00 1.99999999e+00 2.00000000e+00
 2.00000000e+00 2.00000000e+00 2.00000000e+00 2.00000000e+00
 2.00000000e+00 2.00000000e+00 2.00000000e+00 2.00000000e+00
 2.00000000e+00 2.00000000e+00 2.00000000e+00 2.00000000e+00
 2.00000000e+00 2.00000000e+00 2.00000000e+00 2.00000000e+00
 2.00000000e+00 2.00000000e+00]

	SCF Occupancy Eigenvalues for Fragment Number : # 3
	[1.90041497e-15 1.74160546e-15 1.52157072e-15 1.49635223e-15
 1.35767021e-15 1.13813449e-15 9.65765125e-16 9.30277849e-16
 9.09992342e-16 8.66778190e-16 7.71775861e-16 7.55824632e-16
 7.11208019e-16 6.88642779e-16 6.86321561e-16 6.62902794e-16
 6.46169189e-16 6.12746276e-16 6.10708567e-16 5.59275511e-16
 5.42679507e-16 5.35300438e-16 4.53636477e-16 4.39894387e-16
 4.06416915e-16 3.91402008e-16 3.24460245e-16 3.19671925e-16
 2.75844314e-16 2.63557828e-16 2.47029252e-16 2.43211457e-16
 2.31117290e-16 1.84007035e-16 1.81856662e-16 1.40806618e-16
 1.39223895e-16 1.39010149e-16 1.11022302e-16 1.03100728e-16
 9.99403405e-17 8.87504608e-17 8.52322080e-17 7.13984567e-17
 6.01446815e-17 3.36367928e-17 2.21847438e-17 2.04789721e-17
 1.55488350e-17 1.28672099e-17 8.06012143e-18 4.93881577e-18
 3.57679780e-18 2.21929441e-18 1.09009052e-18 1.10462177e-18
 5.21519166e-18 6.44539339e-18 1.04960866e-17 1.90459638e-17
 2.50862713e-17 3.86047563e-17 4.11251699e-17 5.26019606e-17
 6.42108812e-17 8.10234848e-17 1.04010330e-16 1.32831422e-16
 1.35223609e-16 1.52285553e-16 1.70798110e-16 1.79542664e-16
 2.28116137e-16 2.30417374e-16 2.74331777e-16 2.80790799e-16
 2.86701161e-16 3.04459830e-16 3.62935307e-16 3.65020949e-16
 3.81680785e-16 4.55283676e-16 5.42869336e-16 5.55037713e-16
 5.87028728e-16 5.87783602e-16 6.06494798e-16 6.80155328e-16
 7.23867183e-16 7.29540059e-16 7.96398454e-16 8.42419862e-16
 8.51315055e-16 8.52431882e-16 8.71834350e-16 8.86776985e-16
 1.01095831e-15 1.02944487e-15 1.13150059e-15 1.19200366e-15
 1.22851636e-15 1.26190561e-15 1.41305217e-15 1.51348724e-15
 2.08830923e-05 1.05011549e-02 3.39695466e-02 9.53222348e-01
 1.04178996e+00 1.97581376e+00 1.99425627e+00 1.99874979e+00
 1.99924443e+00 1.99959264e+00 1.99986178e+00 1.99995729e+00
 1.99998510e+00 2.00000000e+00 2.00000000e+00 2.00000000e+00
 2.00000000e+00 2.00000000e+00 2.00000000e+00 2.00000000e+00
 2.00000000e+00 2.00000000e+00 2.00000000e+00 2.00000000e+00
 2.00000000e+00 2.00000000e+00 2.00000000e+00 2.00000000e+00
 2.00000000e+00 2.00000000e+00 2.00000000e+00 2.00000000e+00
 2.00000000e+00 2.00000000e+00 2.00000000e+00 2.00000000e+00
 2.00000000e+00 2.00000000e+00 2.00000000e+00 2.00000000e+00
 2.00000000e+00 2.00000000e+00 2.00000000e+00 2.00000000e+00
 2.00000000e+00 2.00000000e+00 2.00000000e+00 2.00000000e+00
 2.00000000e+00 2.00000000e+00 2.00000000e+00 2.00000000e+00
 2.00000000e+00 2.00000000e+00 2.00000000e+00 2.00000000e+00
 2.00000000e+00 2.00000000e+00 2.00000000e+00 2.00000000e+00]

	SCF Occupancy Eigenvalues for Fragment Number : # 4
	[1.58394921e-15 1.17084009e-15 8.38399626e-16 8.11196178e-16
 7.01343319e-16 6.95476510e-16 6.90613472e-16 5.75090367e-16
 4.48883560e-16 4.04755778e-16 3.73006873e-16 3.64068792e-16
 3.56814290e-16 3.33159848e-16 3.02057564e-16 2.95878929e-16
 2.55970066e-16 2.48022909e-16 2.29896451e-16 2.01045903e-16
 1.85500576e-16 1.81686589e-16 1.40416099e-16 6.80603589e-17
 6.20382424e-17 5.21894898e-17 3.10255463e-17 2.75079648e-17
 9.91772108e-18 4.18232860e-18 1.23293813e-18 1.47539068e-19
 1.17449624e-19 1.25790444e-18 3.25063829e-18 4.95610910e-18
 1.95428515e-17 2.19839011e-17 6.63193476e-17 1.04144597e-16
 1.09295760e-16 1.35099463e-16 1.80864130e-16 2.13582280e-16
 2.25153465e-16 2.73385713e-16 2.82995499e-16 3.10394239e-16
 3.30775872e-16 3.60132902e-16 4.28475761e-16 4.30472633e-16
 4.36111345e-16 4.49392697e-16 5.81483942e-16 6.27965922e-16
 7.50817278e-16 7.71183784e-16 8.10547081e-16 8.10978416e-16
 8.37693449e-16 9.60157672e-16 1.01583271e-15 1.30080509e-15
 1.40570738e-15 1.66771205e-15 1.30350564e-08 8.46816904e-08
 1.13961787e-07 4.79552667e-07 1.02482741e-06 3.03346010e-06
 3.68434659e-06 8.82956783e-06 2.05456817e-05 6.51865786e-05
 7.97952332e-05 1.12761031e-04 2.64246097e-04 5.46894007e-04
 1.39492806e-03 5.95195199e-03 1.14571895e-02 9.59785855e-01
 1.97080059e+00 1.98054306e+00 1.99010418e+00 1.99702485e+00
 1.99883026e+00 1.99966629e+00 1.99986794e+00 1.99991632e+00
 1.99995165e+00 1.99996799e+00 1.99999231e+00 1.99999674e+00
 1.99999796e+00 1.99999891e+00 1.99999933e+00 1.99999966e+00
 1.99999977e+00 1.99999988e+00 1.99999993e+00 1.99999996e+00
 1.99999998e+00 1.99999999e+00 1.99999999e+00 2.00000000e+00
 2.00000000e+00 2.00000000e+00 2.00000000e+00 2.00000000e+00
 2.00000000e+00 2.00000000e+00 2.00000000e+00 2.00000000e+00
 2.00000000e+00 2.00000000e+00 2.00000000e+00 2.00000000e+00
 2.00000000e+00 2.00000000e+00 2.00000000e+00 2.00000000e+00
 2.00000000e+00 2.00000000e+00]

		Fragment Number : #  1
		------------------------
		CCSD diag: n_active_mos=98, n_active_electrons=98, trace(onerdm)=98.00000000000001
		Fragment Energy = -534.8263204629448
		Number of Electrons in Fragment = 33.83721102656809
		Fragment Number : #  2
		------------------------
		CCSD diag: n_active_mos=26, n_active_electrons=26, trace(onerdm)=26.0
		Fragment Energy = -112.49575564381156
		Number of Electrons in Fragment = 7.998322985148377
		Fragment Number : #  3
		------------------------
		CCSD diag: n_active_mos=102, n_active_electrons=102, trace(onerdm)=102.00000000000001
		Fragment Energy = -536.089887748642
		Number of Electrons in Fragment = 35.07843064461952
		Fragment Number : #  4
		------------------------
		CCSD diag: n_active_mos=26, n_active_electrons=26, trace(onerdm)=25.999999999999996
		Fragment Energy = -112.11280951847722
		Number of Electrons in Fragment = 8.001056530832066
		Fragment Number : #  5
		------------------------
		CCSD diag: n_active_mos=102, n_active_electrons=102, trace(onerdm)=102.0
		Fragment Energy = -535.4209763370457
		Number of Electrons in Fragment = 35.08499056662303
 	Iteration =  4
 	----------------
 
	SCF Occupancy Eigenvalues for Fragment Number : # 0
	[1.60641596e-15 9.78275400e-16 9.18231295e-16 8.67509015e-16
 8.46553081e-16 7.97368230e-16 7.07708244e-16 6.31988763e-16
 5.57436687e-16 5.14609097e-16 4.17900928e-16 3.90592776e-16
 3.09862206e-16 2.55342545e-16 2.39247518e-16 2.16467903e-16
 1.92125746e-16 1.69250285e-16 1.38224843e-16 1.34468165e-16
 1.30125721e-16 1.09887593e-16 9.27666249e-17 6.24756190e-17
 5.28002579e-17 4.31789770e-17 2.86064860e-17 1.47920297e-17
 1.23952810e-17 7.78830832e-18 6.08721859e-18 6.05659645e-18
 3.23273037e-18 6.00709199e-21 2.04036143e-18 2.44747397e-18
 6.37680188e-18 9.79092973e-18 1.46610316e-17 2.41242725e-17
 2.95797616e-17 4.46886533e-17 5.16899208e-17 5.58132365e-17
 8.36078032e-17 1.64753705e-16 1.72181150e-16 2.47794045e-16
 2.81206425e-16 3.53475810e-16 3.66134825e-16 4.07682025e-16
 4.60063093e-16 4.73058769e-16 4.85121865e-16 5.40882501e-16
 5.40969620e-16 6.05128718e-16 6.06206693e-16 6.73240956e-16
 7.20319541e-16 8.37412724e-16 1.02211034e-15 1.02293734e-15
 1.02774554e-15 1.06316294e-15 1.26671590e-15 1.45251417e-15
 4.90868582e-07 1.36342483e-06 3.37161661e-06 1.19313786e-05
 1.69725452e-05 6.63514989e-05 9.44433563e-05 1.63632250e-04
 8.16144649e-04 1.38243142e-03 2.32227509e-03 4.39432412e-03
 8.04102920e-03 1.22403081e-02 3.30663234e-02 3.83218501e-02
 1.03281887e+00 1.06519894e+00 1.98164615e+00 1.98898860e+00
 1.98963686e+00 1.99298228e+00 1.99755381e+00 1.99844846e+00
 1.99883834e+00 1.99948355e+00 1.99983117e+00 1.99985209e+00
 1.99994394e+00 1.99996555e+00 1.99998158e+00 1.99998661e+00
 1.99999265e+00 1.99999412e+00 1.99999696e+00 1.99999781e+00
 1.99999848e+00 1.99999858e+00 1.99999910e+00 1.99999911e+00
 1.99999953e+00 1.99999970e+00 1.99999985e+00 1.99999991e+00
 1.99999995e+00 1.99999997e+00 1.99999998e+00 1.99999999e+00
 2.00000000e+00 2.00000000e+00 2.00000000e+00 2.00000000e+00
 2.00000000e+00 2.00000000e+00 2.00000000e+00 2.00000000e+00
 2.00000000e+00 2.00000000e+00 2.00000000e+00 2.00000000e+00]

	SCF Occupancy Eigenvalues for Fragment Number : # 1
	[1.71832044e-15 1.42518118e-15 1.42125596e-15 1.34399746e-15
 1.32400858e-15 1.26250971e-15 1.12784367e-15 9.90707400e-16
 9.26273290e-16 8.19670905e-16 7.77310132e-16 7.56771384e-16
 7.28605463e-16 6.84966002e-16 6.58028830e-16 6.57617335e-16
 6.46286971e-16 6.01900364e-16 5.07489086e-16 5.04969044e-16
 4.92740677e-16 4.87218797e-16 4.79970480e-16 4.16138765e-16
 4.15422708e-16 3.90969166e-16 3.67616189e-16 3.53685440e-16
 3.15656134e-16 2.65000447e-16 2.50881633e-16 2.45709722e-16
 2.32752182e-16 2.17921769e-16 1.32969363e-16 1.28786810e-16
 1.21113298e-16 1.18089881e-16 1.03696159e-16 6.72872416e-17
 6.65076856e-17 5.55111512e-17 3.85008779e-17 2.33199900e-17
 1.51435878e-17 9.05881837e-18 8.12482484e-18 6.38852591e-18
 4.29000954e-18 3.12596907e-18 1.16583783e-18 7.68495977e-19
 9.32077326e-19 1.99081364e-18 2.52223795e-18 2.84769704e-18
 4.16817712e-18 9.01528018e-18 1.44398338e-17 1.56620368e-17
 1.97993321e-17 2.28983919e-17 2.60894659e-17 6.82607610e-17
 8.93123649e-17 1.05211901e-16 1.07001300e-16 1.37342780e-16
 1.37939133e-16 1.48131129e-16 1.50942267e-16 1.67814114e-16
 1.79543880e-16 2.08219349e-16 2.33614546e-16 2.39275668e-16
 2.39737156e-16 2.63822827e-16 2.70795605e-16 2.86631074e-16
 3.18706267e-16 3.44695711e-16 3.63155570e-16 4.20427906e-16
 4.30326723e-16 4.67361669e-16 5.56928440e-16 6.33312536e-16
 6.69866106e-16 6.79129764e-16 6.82978326e-16 7.91335194e-16
 8.58345946e-16 9.13661344e-16 9.30724751e-16 9.36690356e-16
 1.00676298e-15 1.03829312e-15 1.16385244e-15 1.22409824e-15
 1.91998457e-15 1.99841984e-15 2.08443601e-15 2.40545454e-15
 2.17031903e-05 1.08311748e-02 3.01110785e-02 9.53025782e-01
 1.04808282e+00 1.98019617e+00 1.99188534e+00 1.99858572e+00
 1.99895149e+00 1.99950447e+00 1.99982654e+00 1.99992584e+00
 1.99996220e+00 2.00000000e+00 2.00000000e+00 2.00000000e+00
 2.00000000e+00 2.00000000e+00 2.00000000e+00 2.00000000e+00
 2.00000000e+00 2.00000000e+00 2.00000000e+00 2.00000000e+00
 2.00000000e+00 2.00000000e+00 2.00000000e+00 2.00000000e+00
 2.00000000e+00 2.00000000e+00 2.00000000e+00 2.00000000e+00
 2.00000000e+00 2.00000000e+00 2.00000000e+00 2.00000000e+00
 2.00000000e+00 2.00000000e+00 2.00000000e+00 2.00000000e+00
 2.00000000e+00 2.00000000e+00 2.00000000e+00 2.00000000e+00
 2.00000000e+00 2.00000000e+00 2.00000000e+00 2.00000000e+00
 2.00000000e+00 2.00000000e+00 2.00000000e+00 2.00000000e+00
 2.00000000e+00 2.00000000e+00 2.00000000e+00 2.00000000e+00
 2.00000000e+00 2.00000000e+00 2.00000000e+00 2.00000000e+00]

	SCF Occupancy Eigenvalues for Fragment Number : # 2
	[1.44010683e-15 1.37344698e-15 1.01884096e-15 1.01185490e-15
 9.53849479e-16 8.12709631e-16 7.68498508e-16 7.05703677e-16
 6.41485519e-16 6.38377287e-16 6.31795548e-16 6.18998251e-16
 5.48793363e-16 5.10274420e-16 3.88012086e-16 3.38402894e-16
 2.98444047e-16 2.69963442e-16 2.44922848e-16 2.17343410e-16
 1.90637696e-16 1.67783821e-16 1.16979637e-16 1.15467559e-16
 8.96681203e-17 5.51104153e-17 4.02864557e-17 1.49509748e-17
 7.34666522e-18 7.17818274e-18 3.07762592e-18 1.52913048e-18
 1.02770621e-18 7.04944579e-19 1.35012626e-18 2.75627044e-18
 2.83957309e-18 4.31914235e-18 5.79555933e-18 1.25062017e-17
 2.89819099e-17 7.26692079e-17 7.71854905e-17 9.19545235e-17
 9.86068831e-17 1.21768574e-16 1.29557218e-16 1.39590078e-16
 1.43103355e-16 1.74512776e-16 3.26170920e-16 3.37012776e-16
 4.01526393e-16 4.08265635e-16 4.12530030e-16 4.12617337e-16
 4.43118010e-16 4.86630864e-16 5.07836649e-16 5.42858759e-16
 6.36314689e-16 6.48598445e-16 7.06840914e-16 8.37244300e-16
 1.00537814e-15 1.52487072e-15 6.10331104e-09 5.07871975e-08
 7.75634571e-08 1.67728013e-07 8.97134119e-07 1.88766644e-06
 2.75081871e-06 6.37904261e-06 2.05229651e-05 5.88001468e-05
 7.19900675e-05 9.92832605e-05 1.99903671e-04 4.26365695e-04
 9.65039872e-04 5.70975198e-03 1.13621032e-02 9.50490419e-01
 1.98011497e+00 1.98604891e+00 1.98945917e+00 1.99648566e+00
 1.99886529e+00 1.99970334e+00 1.99976123e+00 1.99992148e+00
 1.99995523e+00 1.99997524e+00 1.99999291e+00 1.99999798e+00
 1.99999859e+00 1.99999941e+00 1.99999969e+00 1.99999971e+00
 1.99999985e+00 1.99999991e+00 1.99999996e+00 1.99999997e+00
 1.99999998e+00 1.99999999e+00 1.99999999e+00 2.00000000e+00
 2.00000000e+00 2.00000000e+00 2.00000000e+00 2.00000000e+00
 2.00000000e+00 2.00000000e+00 2.00000000e+00 2.00000000e+00
 2.00000000e+00 2.00000000e+00 2.00000000e+00 2.00000000e+00
 2.00000000e+00 2.00000000e+00 2.00000000e+00 2.00000000e+00
 2.00000000e+00 2.00000000e+00]

	SCF Occupancy Eigenvalues for Fragment Number : # 3
	[1.90041497e-15 1.74160546e-15 1.52157072e-15 1.49635223e-15
 1.35767021e-15 1.13813449e-15 9.65765125e-16 9.30277849e-16
 9.09992342e-16 8.66778190e-16 7.71775861e-16 7.55824632e-16
 7.11208019e-16 6.88642779e-16 6.86321561e-16 6.62902794e-16
 6.46169189e-16 6.12746276e-16 6.10708567e-16 5.59275511e-16
 5.42679507e-16 5.35300438e-16 4.53636477e-16 4.39894387e-16
 4.06416915e-16 3.91402008e-16 3.24460245e-16 3.19671925e-16
 2.75844314e-16 2.63557828e-16 2.47029252e-16 2.43211457e-16
 2.31117290e-16 1.84007035e-16 1.81856662e-16 1.40806618e-16
 1.39223895e-16 1.39010149e-16 1.11022302e-16 1.03100728e-16
 9.99403405e-17 8.87504608e-17 8.52322080e-17 7.13984567e-17
 6.01446815e-17 3.36367928e-17 2.21847438e-17 2.04789721e-17
 1.55488350e-17 1.28672099e-17 8.06012143e-18 4.93881577e-18
 3.57679780e-18 2.21929441e-18 1.09009052e-18 1.10462177e-18
 5.21519166e-18 6.44539339e-18 1.04960866e-17 1.90459638e-17
 2.50862713e-17 3.86047563e-17 4.11251699e-17 5.26019606e-17
 6.42108812e-17 8.10234848e-17 1.04010330e-16 1.32831422e-16
 1.35223609e-16 1.52285553e-16 1.70798110e-16 1.79542664e-16
 2.28116137e-16 2.30417374e-16 2.74331777e-16 2.80790799e-16
 2.86701161e-16 3.04459830e-16 3.62935307e-16 3.65020949e-16
 3.81680785e-16 4.55283676e-16 5.42869336e-16 5.55037713e-16
 5.87028728e-16 5.87783602e-16 6.06494798e-16 6.80155328e-16
 7.23867183e-16 7.29540059e-16 7.96398454e-16 8.42419862e-16
 8.51315055e-16 8.52431882e-16 8.71834350e-16 8.86776985e-16
 1.01095831e-15 1.02944487e-15 1.13150059e-15 1.19200366e-15
 1.22851636e-15 1.26190561e-15 1.41305217e-15 1.51348724e-15
 2.08830923e-05 1.05011549e-02 3.39695466e-02 9.53222348e-01
 1.04178996e+00 1.97581376e+00 1.99425627e+00 1.99874979e+00
 1.99924443e+00 1.99959264e+00 1.99986178e+00 1.99995729e+00
 1.99998510e+00 2.00000000e+00 2.00000000e+00 2.00000000e+00
 2.00000000e+00 2.00000000e+00 2.00000000e+00 2.00000000e+00
 2.00000000e+00 2.00000000e+00 2.00000000e+00 2.00000000e+00
 2.00000000e+00 2.00000000e+00 2.00000000e+00 2.00000000e+00
 2.00000000e+00 2.00000000e+00 2.00000000e+00 2.00000000e+00
 2.00000000e+00 2.00000000e+00 2.00000000e+00 2.00000000e+00
 2.00000000e+00 2.00000000e+00 2.00000000e+00 2.00000000e+00
 2.00000000e+00 2.00000000e+00 2.00000000e+00 2.00000000e+00
 2.00000000e+00 2.00000000e+00 2.00000000e+00 2.00000000e+00
 2.00000000e+00 2.00000000e+00 2.00000000e+00 2.00000000e+00
 2.00000000e+00 2.00000000e+00 2.00000000e+00 2.00000000e+00
 2.00000000e+00 2.00000000e+00 2.00000000e+00 2.00000000e+00]

	SCF Occupancy Eigenvalues for Fragment Number : # 4
	[1.58394921e-15 1.17084009e-15 8.38399626e-16 8.11196178e-16
 7.01343319e-16 6.95476510e-16 6.90613472e-16 5.75090367e-16
 4.48883560e-16 4.04755778e-16 3.73006873e-16 3.64068792e-16
 3.56814290e-16 3.33159848e-16 3.02057564e-16 2.95878929e-16
 2.55970066e-16 2.48022909e-16 2.29896451e-16 2.01045903e-16
 1.85500576e-16 1.81686589e-16 1.40416099e-16 6.80603589e-17
 6.20382424e-17 5.21894898e-17 3.10255463e-17 2.75079648e-17
 9.91772108e-18 4.18232860e-18 1.23293813e-18 1.47539068e-19
 1.17449624e-19 1.25790444e-18 3.25063829e-18 4.95610910e-18
 1.95428515e-17 2.19839011e-17 6.63193476e-17 1.04144597e-16
 1.09295760e-16 1.35099463e-16 1.80864130e-16 2.13582280e-16
 2.25153465e-16 2.73385713e-16 2.82995499e-16 3.10394239e-16
 3.30775872e-16 3.60132902e-16 4.28475761e-16 4.30472633e-16
 4.36111345e-16 4.49392697e-16 5.81483942e-16 6.27965922e-16
 7.50817278e-16 7.71183784e-16 8.10547081e-16 8.10978416e-16
 8.37693449e-16 9.60157672e-16 1.01583271e-15 1.30080509e-15
 1.40570738e-15 1.66771205e-15 1.30350564e-08 8.46816904e-08
 1.13961787e-07 4.79552667e-07 1.02482741e-06 3.03346010e-06
 3.68434659e-06 8.82956783e-06 2.05456817e-05 6.51865786e-05
 7.97952332e-05 1.12761031e-04 2.64246097e-04 5.46894007e-04
 1.39492806e-03 5.95195199e-03 1.14571895e-02 9.59785855e-01
 1.97080059e+00 1.98054306e+00 1.99010418e+00 1.99702485e+00
 1.99883026e+00 1.99966629e+00 1.99986794e+00 1.99991632e+00
 1.99995165e+00 1.99996799e+00 1.99999231e+00 1.99999674e+00
 1.99999796e+00 1.99999891e+00 1.99999933e+00 1.99999966e+00
 1.99999977e+00 1.99999988e+00 1.99999993e+00 1.99999996e+00
 1.99999998e+00 1.99999999e+00 1.99999999e+00 2.00000000e+00
 2.00000000e+00 2.00000000e+00 2.00000000e+00 2.00000000e+00
 2.00000000e+00 2.00000000e+00 2.00000000e+00 2.00000000e+00
 2.00000000e+00 2.00000000e+00 2.00000000e+00 2.00000000e+00
 2.00000000e+00 2.00000000e+00 2.00000000e+00 2.00000000e+00
 2.00000000e+00 2.00000000e+00]

		Fragment Number : #  1
		------------------------
		CCSD diag: n_active_mos=98, n_active_electrons=98, trace(onerdm)=98.0
		Fragment Energy = -534.826291141633
		Number of Electrons in Fragment = 33.83720786864473
		Fragment Number : #  2
		------------------------
		CCSD diag: n_active_mos=26, n_active_electrons=26, trace(onerdm)=26.000000000000004
		Fragment Energy = -112.49573084742153
		Number of Electrons in Fragment = 7.998320448902802
		Fragment Number : #  3
		------------------------
		CCSD diag: n_active_mos=102, n_active_electrons=102, trace(onerdm)=102.00000000000001
		Fragment Energy = -536.0898727507947
		Number of Electrons in Fragment = 35.078428926567014
		Fragment Number : #  4
		------------------------
		CCSD diag: n_active_mos=26, n_active_electrons=26, trace(onerdm)=26.0
		Fragment Energy = -112.11278451548829
		Number of Electrons in Fragment = 8.001053954796525
		Fragment Number : #  5
		------------------------
		CCSD diag: n_active_mos=102, n_active_electrons=102, trace(onerdm)=101.99999999999999
		Fragment Energy = -535.4209609808871
		Number of Electrons in Fragment = 35.08498880519807
 	*** DMET Cycle Done *** 
 	DMET Energy ( a.u. ) =   -731.1492181691
 	Chemical Potential   =     -0.0038154845
TPP DMET energy (Hartree): -731.149218
Optimizing CO2-only geometry...
geometric-optimize called with the following command line:
run_dmet_sqd_relaxed_monomers.py

                                        [91m())))))))))))))))/[0m                     
                                    [91m())))))))))))))))))))))))),[0m                
                                [91m*)))))))))))))))))))))))))))))))))[0m             
                        [94m#,[0m    [91m()))))))))/[0m                [91m.)))))))))),[0m          
                      [94m#%%%%,[0m  [91m())))))[0m                        [91m.))))))))*[0m        
                      [94m*%%%%%%,[0m  [91m))[0m              [93m..[0m              [91m,))))))).[0m      
                        [94m*%%%%%%,[0m         [93m***************/.[0m        [91m.)))))))[0m     
                [94m#%%/[0m      [94m(%%%%%%,[0m    [93m/*********************.[0m       [91m)))))))[0m    
              [94m.%%%%%%#[0m      [94m*%%%%%%,[0m  [93m*******/,[0m     [93m**********,[0m      [91m.))))))[0m   
                [94m.%%%%%%/[0m      [94m*%%%%%%,[0m  [93m**[0m              [93m********[0m      [91m.))))))[0m  
          [94m##[0m      [94m.%%%%%%/[0m      [94m(%%%%%%,[0m                  [93m,******[0m      [91m/)))))[0m  
        [94m%%%%%%[0m      [94m.%%%%%%#[0m      [94m*%%%%%%,[0m    [92m,/////.[0m       [93m******[0m      [91m))))))[0m 
      [94m#%[0m      [94m%%[0m      [94m.%%%%%%/[0m      [94m*%%%%%%,[0m  [92m////////,[0m      [93m*****/[0m     [91m,)))))[0m 
    [94m#%%[0m  [94m%%%[0m  [94m%%%#[0m      [94m.%%%%%%/[0m      [94m(%%%%%%,[0m  [92m///////.[0m     [93m/*****[0m      [91m))))).[0m
  [94m#%%%%.[0m      [94m%%%%%#[0m      [94m/%%%%%%*[0m      [94m#%%%%%%[0m   [92m/////)[0m     [93m******[0m      [91m))))),[0m
    [94m#%%%%##%[0m  [94m%%%#[0m      [94m.%%%%%%/[0m      [94m(%%%%%%,[0m  [92m///////.[0m     [93m/*****[0m      [91m))))).[0m
      [94m##[0m     [94m%%%[0m      [94m.%%%%%%/[0m      [94m*%%%%%%,[0m  [92m////////.[0m      [93m*****/[0m     [91m,)))))[0m 
        [94m#%%%%#[0m      [94m/%%%%%%/[0m      [94m(%%%%%%[0m      [92m/)/)//[0m       [93m******[0m      [91m))))))[0m 
          [94m##[0m      [94m.%%%%%%/[0m      [94m(%%%%%%,[0m                  [93m*******[0m      [91m))))))[0m  
                [94m.%%%%%%/[0m      [94m*%%%%%%,[0m  [93m**.[0m             [93m/*******[0m      [91m.))))))[0m  
              [94m*%%%%%%/[0m      [94m(%%%%%%[0m   [93m********/*..,*/*********[0m       [91m*))))))[0m   
                [94m#%%/[0m      [94m(%%%%%%,[0m    [93m*********************/[0m        [91m)))))))[0m    
                        [94m*%%%%%%,[0m         [93m,**************/[0m         [91m,))))))/[0m     
                      [94m(%%%%%%[0m   [91m()[0m                              [91m))))))))[0m       
                      [94m#%%%%,[0m  [91m())))))[0m                        [91m,)))))))),[0m        
                        [94m#,[0m    [91m())))))))))[0m                [91m,)))))))))).[0m          
                                 [91m()))))))))))))))))))))))))))))))/[0m             
                                    [91m())))))))))))))))))))))))).[0m                
                                         [91m())))))))))))))),[0m                     

-=# [1;94m geomeTRIC started. Version: 1.1 [0m #=-
Current date and time: 2026-03-14 19:39:51
#========================================================#
#| [92m    Arguments passed to driver run_optimizer():     [0m |#
#========================================================#
customengine              <pyscf.geomopt.geometric_solver.PySCFEngine object at 0x7f4180d85880> 
input                     /tmp/tmpbqwwrsl3/ccf01d7e-3b1e-42b7-a8bf-80fff1bac0cd 
logIni                    /home/bhabani/miniconda3/lib/python3.12/site-packages/pyscf/geomopt/log.ini 
maxiter                   100 
tmpdir                    /tmp/tmp__053c1i 
----------------------------------------------------------
Custom engine selected.
Bonds will be generated from interatomic distances less than 1.20 times sum of covalent radii
9 internal coordinates being used (instead of 9 Cartesians)
Internal coordinate system (atoms numbered from 1):
Distance 1-2
Distance 1-3
Angle 2-1-3
Translation-X 1-3
Translation-Y 1-3
Translation-Z 1-3
Rotation-A 1-3
Rotation-B 1-3
Rotation-C 1-3
<class 'geometric.internal.Distance'> : 2
<class 'geometric.internal.Angle'> : 1
<class 'geometric.internal.TranslationX'> : 1
<class 'geometric.internal.TranslationY'> : 1
<class 'geometric.internal.TranslationZ'> : 1
<class 'geometric.internal.RotationA'> : 1
<class 'geometric.internal.RotationB'> : 1
<class 'geometric.internal.RotationC'> : 1
> ===== Optimization Info: ====
> Job type: Energy minimization
> Maximum number of optimization cycles: 100
> Initial / maximum trust radius (Angstrom): 0.100 / 0.300
> Convergence Criteria:
> Will converge when all 5 criteria are reached:
>  |Delta-E| < 1.00e-06
>  RMS-Grad  < 3.00e-04
>  Max-Grad  < 4.50e-04
>  RMS-Disp  < 1.20e-03
>  Max-Disp  < 1.80e-03
> === End Optimization Info ===
WARN: Mole.unit (Angstrom) is changed to Bohr
Step    0 : Gradient = 1.754e-01/2.295e-01 (rms/max) Energy = -186.4593915463
Hessian Eigenvalues: 5.00000e-02 5.00000e-02 5.00000e-02 ... 2.50000e-01 7.43764e-01 7.89301e-01
Step    1 : Displace = [0m9.715e-02[0m/[0m1.369e-01[0m (rms/max) Trust = 1.000e-01 (=) Grad = [0m1.029e-01[0m/[0m1.275e-01[0m (rms/max) E (change) = -186.5260412138 ([0m-6.665e-02[0m) Quality = [0m1.137[0m
Hessian Eigenvalues: 5.00000e-02 5.00000e-02 5.00000e-02 ... 2.28512e-01 5.69745e-01 7.72202e-01
Step    2 : Displace = [0m1.477e-01[0m/[0m1.989e-01[0m (rms/max) Trust = 1.414e-01 ([92m+[0m) Grad = [0m1.150e-01[0m/[0m1.544e-01[0m (rms/max) E (change) = -186.5486629641 ([0m-2.262e-02[0m) Quality = [0m0.569[0m
Updating Hessian using 2 steps from history
Hessian Eigenvalues: 5.00000e-02 5.00000e-02 5.00000e-02 ... 1.83703e-01 7.71179e-01 1.13189e+00
Step    3 : Displace = [0m5.497e-02[0m/[0m6.847e-02[0m (rms/max) Trust = 1.414e-01 (=) Grad = [0m2.778e-02[0m/[0m3.797e-02[0m (rms/max) E (change) = -186.5602854978 ([0m-1.162e-02[0m) Quality = [0m0.669[0m
Hessian Eigenvalues: 5.00000e-02 5.00000e-02 5.00000e-02 ... 1.83355e-01 7.71775e-01 1.40094e+00
Step    4 : Displace = [0m1.015e-02[0m/[0m1.315e-02[0m (rms/max) Trust = 1.414e-01 (=) Grad = [0m5.095e-03[0m/[0m7.118e-03[0m (rms/max) E (change) = -186.5612279421 ([0m-9.424e-04[0m) Quality = [0m1.193[0m
Hessian Eigenvalues: 5.00000e-02 5.00000e-02 5.00000e-02 ... 1.83361e-01 7.68250e-01 1.15459e+00
Step    5 : Displace = [0m2.206e-03[0m/[0m2.937e-03[0m (rms/max) Trust = 2.000e-01 ([92m+[0m) Grad = [0m4.518e-04[0m/[0m5.802e-04[0m (rms/max) E (change) = -186.5612573486 ([0m-2.941e-05[0m) Quality = [0m0.940[0m
Hessian Eigenvalues: 5.00000e-02 5.00000e-02 5.00000e-02 ... 1.83361e-01 7.78979e-01 1.21206e+00
Step    6 : Displace = [92m1.329e-04[0m/[92m1.870e-04[0m (rms/max) Trust = 2.828e-01 ([92m+[0m) Grad = [92m7.879e-05[0m/[92m1.108e-04[0m (rms/max) E (change) = -186.5612574959 ([92m-1.473e-07[0m) Quality = [0m0.915[0m
Hessian Eigenvalues: 5.00000e-02 5.00000e-02 5.00000e-02 ... 1.83361e-01 7.78979e-01 1.21206e+00
Converged! =D

    #==========================================================================#
    #| If this code has benefited your research, please support us by citing: |#
    #|                                                                        |#
    #| Wang, L.-P.; Song, C.C. (2016) "Geometry optimization made simple with |#
    #| translation and rotation coordinates", J. Chem, Phys. 144, 214108.     |#
    #| http://dx.doi.org/10.1063/1.4952956                                    |#
    #==========================================================================#
    Time elapsed since start of run_optimizer: 12.544 seconds
WARN: ECP not specified. The basis set CRENBL include an ECP. Recommended ECP: CRENBL.
Traceback (most recent call last):
  File "/home/bhabani/Kishore/Tangelo_2.0/run_dmet_sqd_relaxed_monomers.py", line 155, in <module>
    "fragment_frozen_orbitals": [define_dmet_frag_as(1,1)],
                                 ^^^^^^^^^^^^^^^^^^^
NameError: name 'define_dmet_frag_as' is not defined
