Optimizing TPP-only geometry...
geometric-optimize called with the following command line:
run_dmet_sqd_relaxed_monomers.py

                                        [91m())))))))))))))))/[0m                     
                                    [91m())))))))))))))))))))))))),[0m                
                                [91m*)))))))))))))))))))))))))))))))))[0m             
                        [94m#,[0m    [91m()))))))))/[0m                [91m.)))))))))),[0m          
                      [94m#%%%%,[0m  [91m())))))[0m                        [91m.))))))))*[0m        
                      [94m*%%%%%%,[0m  [91m))[0m              [93m..[0m              [91m,))))))).[0m      
                        [94m*%%%%%%,[0m         [93m***************/.[0m        [91m.)))))))[0m     
                [94m#%%/[0m      [94m(%%%%%%,[0m    [93m/*********************.[0m       [91m)))))))[0m    
              [94m.%%%%%%#[0m      [94m*%%%%%%,[0m  [93m*******/,[0m     [93m**********,[0m      [91m.))))))[0m   
                [94m.%%%%%%/[0m      [94m*%%%%%%,[0m  [93m**[0m              [93m********[0m      [91m.))))))[0m  
          [94m##[0m      [94m.%%%%%%/[0m      [94m(%%%%%%,[0m                  [93m,******[0m      [91m/)))))[0m  
        [94m%%%%%%[0m      [94m.%%%%%%#[0m      [94m*%%%%%%,[0m    [92m,/////.[0m       [93m******[0m      [91m))))))[0m 
      [94m#%[0m      [94m%%[0m      [94m.%%%%%%/[0m      [94m*%%%%%%,[0m  [92m////////,[0m      [93m*****/[0m     [91m,)))))[0m 
    [94m#%%[0m  [94m%%%[0m  [94m%%%#[0m      [94m.%%%%%%/[0m      [94m(%%%%%%,[0m  [92m///////.[0m     [93m/*****[0m      [91m))))).[0m
  [94m#%%%%.[0m      [94m%%%%%#[0m      [94m/%%%%%%*[0m      [94m#%%%%%%[0m   [92m/////)[0m     [93m******[0m      [91m))))),[0m
    [94m#%%%%##%[0m  [94m%%%#[0m      [94m.%%%%%%/[0m      [94m(%%%%%%,[0m  [92m///////.[0m     [93m/*****[0m      [91m))))).[0m
      [94m##[0m     [94m%%%[0m      [94m.%%%%%%/[0m      [94m*%%%%%%,[0m  [92m////////.[0m      [93m*****/[0m     [91m,)))))[0m 
        [94m#%%%%#[0m      [94m/%%%%%%/[0m      [94m(%%%%%%[0m      [92m/)/)//[0m       [93m******[0m      [91m))))))[0m 
          [94m##[0m      [94m.%%%%%%/[0m      [94m(%%%%%%,[0m                  [93m*******[0m      [91m))))))[0m  
                [94m.%%%%%%/[0m      [94m*%%%%%%,[0m  [93m**.[0m             [93m/*******[0m      [91m.))))))[0m  
              [94m*%%%%%%/[0m      [94m(%%%%%%[0m   [93m********/*..,*/*********[0m       [91m*))))))[0m   
                [94m#%%/[0m      [94m(%%%%%%,[0m    [93m*********************/[0m        [91m)))))))[0m    
                        [94m*%%%%%%,[0m         [93m,**************/[0m         [91m,))))))/[0m     
                      [94m(%%%%%%[0m   [91m()[0m                              [91m))))))))[0m       
                      [94m#%%%%,[0m  [91m())))))[0m                        [91m,)))))))),[0m        
                        [94m#,[0m    [91m())))))))))[0m                [91m,)))))))))).[0m          
                                 [91m()))))))))))))))))))))))))))))))/[0m             
                                    [91m())))))))))))))))))))))))).[0m                
                                         [91m())))))))))))))),[0m                     

-=# [1;94m geomeTRIC started. Version: 1.1 [0m #=-
Current date and time: 2026-03-17 09:51:01
#========================================================#
#| [92m    Arguments passed to driver run_optimizer():     [0m |#
#========================================================#
customengine              <pyscf.geomopt.geometric_solver.PySCFEngine object at 0x7fafd3b61160> 
input                     /tmp/tmpv1u7a9f2/14e37ae6-3588-4c5a-b943-e3e3adc20d90 
logIni                    /home/bhabani/miniconda3/lib/python3.12/site-packages/pyscf/geomopt/log.ini 
maxiter                   100 
tmpdir                    /tmp/tmpghwr_49t 
----------------------------------------------------------
Custom engine selected.
Bonds will be generated from interatomic distances less than 1.20 times sum of covalent radii
87 internal coordinates being used (instead of 87 Cartesians)
Internal coordinate system (atoms numbered from 1):
Distance 1-2
Distance 1-5
Distance 1-19
Distance 2-3
Distance 2-6
Distance 3-4
Distance 3-7
Distance 4-5
Distance 4-8
Distance 8-9
Distance 8-10
Distance 8-11
Distance 11-12
Distance 11-13
Distance 12-14
Distance 12-18
Distance 13-15
Distance 13-16
Distance 15-17
Distance 15-18
Distance 19-20
Distance 19-21
Distance 19-22
Distance 22-23
Distance 22-24
Distance 23-25
Distance 23-26
Distance 24-27
Distance 24-29
Distance 25-28
Distance 25-29
Angle 2-1-19
Angle 5-1-19
Angle 1-2-6
Angle 3-2-6
Angle 2-3-7
Angle 4-3-7
Angle 3-4-8
Angle 5-4-8
Angle 1-5-4
Angle 4-8-9
Angle 4-8-10
Angle 4-8-11
Angle 9-8-10
Angle 9-8-11
Angle 10-8-11
Angle 8-11-13
Angle 12-11-13
Angle 11-12-18
Angle 14-12-18
Angle 11-13-16
Angle 15-13-16
Angle 13-15-18
Angle 17-15-18
Angle 12-18-15
Angle 1-19-20
Angle 1-19-21
Angle 1-19-22
Angle 20-19-21
Angle 20-19-22
Angle 21-19-22
Angle 19-22-24
Angle 23-22-24
Angle 22-23-26
Angle 25-23-26
Angle 22-24-29
Angle 27-24-29
Angle 23-25-29
Angle 28-25-29
Angle 24-29-25
Out-of-Plane 1-2-5-19
Out-of-Plane 2-1-3-6
Out-of-Plane 3-2-4-7
Out-of-Plane 4-3-5-8
Out-of-Plane 11-8-12-13
Out-of-Plane 12-11-14-18
Out-of-Plane 13-11-15-16
Out-of-Plane 15-13-17-18
Out-of-Plane 22-19-23-24
Out-of-Plane 23-22-25-26
Out-of-Plane 24-22-27-29
Out-of-Plane 25-23-28-29
Dihedral 5-1-2-3
Dihedral 5-1-2-6
Dihedral 19-1-2-3
Dihedral 19-1-2-6
Dihedral 2-1-5-4
Dihedral 19-1-5-4
Dihedral 2-1-19-20
Dihedral 2-1-19-21
Dihedral 2-1-19-22
Dihedral 5-1-19-20
Dihedral 5-1-19-21
Dihedral 5-1-19-22
Dihedral 1-2-3-4
Dihedral 1-2-3-7
Dihedral 6-2-3-4
Dihedral 6-2-3-7
Dihedral 2-3-4-5
Dihedral 2-3-4-8
Dihedral 7-3-4-5
Dihedral 7-3-4-8
Dihedral 3-4-5-1
Dihedral 8-4-5-1
Dihedral 3-4-8-9
Dihedral 3-4-8-10
Dihedral 3-4-8-11
Dihedral 5-4-8-9
Dihedral 5-4-8-10
Dihedral 5-4-8-11
Dihedral 4-8-11-12
Dihedral 4-8-11-13
Dihedral 9-8-11-12
Dihedral 9-8-11-13
Dihedral 10-8-11-12
Dihedral 10-8-11-13
Dihedral 8-11-12-14
Dihedral 8-11-12-18
Dihedral 13-11-12-14
Dihedral 13-11-12-18
Dihedral 8-11-13-15
Dihedral 8-11-13-16
Dihedral 12-11-13-15
Dihedral 12-11-13-16
Dihedral 11-12-18-15
Dihedral 14-12-18-15
Dihedral 11-13-15-17
Dihedral 11-13-15-18
Dihedral 16-13-15-17
Dihedral 16-13-15-18
Dihedral 13-15-18-12
Dihedral 17-15-18-12
Dihedral 1-19-22-23
Dihedral 1-19-22-24
Dihedral 20-19-22-23
Dihedral 20-19-22-24
Dihedral 21-19-22-23
Dihedral 21-19-22-24
Dihedral 19-22-23-25
Dihedral 19-22-23-26
Dihedral 24-22-23-25
Dihedral 24-22-23-26
Dihedral 19-22-24-27
Dihedral 19-22-24-29
Dihedral 23-22-24-27
Dihedral 23-22-24-29
Dihedral 22-23-25-28
Dihedral 22-23-25-29
Dihedral 26-23-25-28
Dihedral 26-23-25-29
Dihedral 22-24-29-25
Dihedral 27-24-29-25
Dihedral 23-25-29-24
Dihedral 28-25-29-24
Translation-X 1-29
Translation-Y 1-29
Translation-Z 1-29
Rotation-A 1-29
Rotation-B 1-29
Rotation-C 1-29
<class 'geometric.internal.Distance'> : 31
<class 'geometric.internal.Angle'> : 39
<class 'geometric.internal.OutOfPlane'> : 12
<class 'geometric.internal.Dihedral'> : 72
<class 'geometric.internal.TranslationX'> : 1
<class 'geometric.internal.TranslationY'> : 1
<class 'geometric.internal.TranslationZ'> : 1
<class 'geometric.internal.RotationA'> : 1
<class 'geometric.internal.RotationB'> : 1
<class 'geometric.internal.RotationC'> : 1
> ===== Optimization Info: ====
> Job type: Energy minimization
> Maximum number of optimization cycles: 100
> Initial / maximum trust radius (Angstrom): 0.100 / 0.300
> Convergence Criteria:
> Will converge when all 5 criteria are reached:
>  |Delta-E| < 1.00e-06
>  RMS-Grad  < 3.00e-04
>  Max-Grad  < 4.50e-04
>  RMS-Disp  < 1.20e-03
>  Max-Disp  < 1.80e-03
> === End Optimization Info ===
WARN: Mole.unit (Angstrom) is changed to Bohr
Step    0 : Gradient = 2.215e-02/6.012e-02 (rms/max) Energy = -729.4168428896
Hessian Eigenvalues: 2.30000e-02 2.30000e-02 2.30000e-02 ... 4.96009e-01 5.36209e-01 5.36619e-01
Step    1 : Displace = [0m1.029e-01[0m/[0m2.061e-01[0m (rms/max) Trust = 1.000e-01 (=) Grad = [0m1.034e-02[0m/[0m2.058e-02[0m (rms/max) E (change) = -729.4286484151 ([0m-1.181e-02[0m) Quality = [0m0.734[0m
Hessian Eigenvalues: 2.29945e-02 2.30000e-02 2.30000e-02 ... 5.11890e-01 5.36287e-01 7.86011e-01
Step    2 : Displace = [0m9.321e-02[0m/[0m2.072e-01[0m (rms/max) Trust = 1.000e-01 (=) Grad = [0m3.737e-03[0m/[0m7.270e-03[0m (rms/max) E (change) = -729.4316592616 ([0m-3.011e-03[0m) Quality = [0m0.786[0m
Hessian Eigenvalues: 2.28574e-02 2.30000e-02 2.30000e-02 ... 5.34353e-01 5.69495e-01 7.88187e-01
Step    3 : Displace = [0m8.902e-02[0m/[0m1.812e-01[0m (rms/max) Trust = 1.414e-01 ([92m+[0m) Grad = [0m1.755e-03[0m/[0m4.110e-03[0m (rms/max) E (change) = -729.4329665911 ([0m-1.307e-03[0m) Quality = [0m1.216[0m
Hessian Eigenvalues: 1.12994e-02 2.30000e-02 2.30000e-02 ... 5.34021e-01 5.69660e-01 8.22194e-01
Step    4 : Displace = [0m9.315e-02[0m/[0m1.956e-01[0m (rms/max) Trust = 2.000e-01 ([92m+[0m) Grad = [0m3.974e-03[0m/[0m7.951e-03[0m (rms/max) E (change) = -729.4334427446 ([0m-4.762e-04[0m) Quality = [0m0.625[0m
Hessian Eigenvalues: 4.98281e-03 2.30000e-02 2.30000e-02 ... 5.69587e-01 7.43755e-01 8.19878e-01
Step    5 : Displace = [0m1.038e-01[0m/[0m2.346e-01[0m (rms/max) Trust = 2.000e-01 (=) Grad = [0m4.075e-03[0m/[0m9.273e-03[0m (rms/max) E (change) = -729.4343158614 ([0m-8.731e-04[0m) Quality = [0m0.853[0m
Hessian Eigenvalues: 2.93189e-03 2.30000e-02 2.30000e-02 ... 5.66108e-01 8.14336e-01 1.10904e+00
Step    6 : Displace = [0m1.390e-01[0m/[0m3.281e-01[0m (rms/max) Trust = 2.828e-01 ([92m+[0m) Grad = [0m7.246e-03[0m/[0m1.688e-02[0m (rms/max) E (change) = -729.4346690634 ([0m-3.532e-04[0m) Quality = [0m0.213[0m
Hessian Eigenvalues: 2.45955e-03 2.08474e-02 2.30000e-02 ... 8.13473e-01 9.08016e-01 1.02540e+00
Step    7 : Displace = [0m7.594e-02[0m/[0m1.663e-01[0m (rms/max) Trust = 6.952e-02 ([91m-[0m) Grad = [0m3.492e-03[0m/[0m8.223e-03[0m (rms/max) E (change) = -729.4370058286 ([0m-2.337e-03[0m) Quality = [0m1.216[0m
Hessian Eigenvalues: 2.01331e-03 1.65258e-02 2.30000e-02 ... 8.07144e-01 8.96016e-01 1.09821e+00
Step    8 : Displace = [0m1.015e-01[0m/[0m1.948e-01[0m (rms/max) Trust = 9.832e-02 ([92m+[0m) Grad = [0m2.968e-03[0m/[0m5.584e-03[0m (rms/max) E (change) = -729.4378930643 ([0m-8.872e-04[0m) Quality = [0m0.599[0m
Hessian Eigenvalues: 1.82348e-03 1.39926e-02 2.29126e-02 ... 8.26568e-01 9.05480e-01 1.09725e+00
Step    9 : Displace = [0m1.016e-01[0m/[0m2.409e-01[0m (rms/max) Trust = 9.832e-02 (=) Grad = [0m2.337e-03[0m/[0m5.504e-03[0m (rms/max) E (change) = -729.4391046063 ([0m-1.212e-03[0m) Quality = [0m1.178[0m
Hessian Eigenvalues: 1.17597e-03 9.35753e-03 2.23226e-02 ... 8.07542e-01 1.03474e+00 1.16646e+00
Step   10 : Displace = [0m1.415e-01[0m/[0m3.304e-01[0m (rms/max) Trust = 1.390e-01 ([92m+[0m) Grad = [0m2.196e-03[0m/[0m4.731e-03[0m (rms/max) E (change) = -729.4404936117 ([0m-1.389e-03[0m) Quality = [0m0.898[0m
Hessian Eigenvalues: 1.45736e-03 7.56282e-03 2.15050e-02 ... 7.92150e-01 9.99157e-01 1.06648e+00
Step   11 : Displace = [0m2.007e-01[0m/[0m4.412e-01[0m (rms/max) Trust = 1.966e-01 ([92m+[0m) Grad = [0m3.054e-03[0m/[0m8.462e-03[0m (rms/max) E (change) = -729.4412225924 ([0m-7.290e-04[0m) Quality = [0m0.534[0m
Hessian Eigenvalues: 2.26835e-03 8.22965e-03 2.08456e-02 ... 7.87297e-01 9.17308e-01 1.06665e+00
Step   12 : Displace = [0m3.852e-02[0m/[0m7.685e-02[0m (rms/max) Trust = 1.966e-01 (=) Grad = [0m1.099e-03[0m/[0m2.743e-03[0m (rms/max) E (change) = -729.4417488281 ([0m-5.262e-04[0m) Quality = [0m1.015[0m
Hessian Eigenvalues: 2.38264e-03 8.23331e-03 1.68596e-02 ... 8.11729e-01 8.87286e-01 1.06604e+00
Step   13 : Displace = [0m7.697e-02[0m/[0m1.695e-01[0m (rms/max) Trust = 2.781e-01 ([92m+[0m) Grad = [0m1.104e-03[0m/[0m2.119e-03[0m (rms/max) E (change) = -729.4418010600 ([0m-5.223e-05[0m) Quality = [0m0.264[0m
Hessian Eigenvalues: 2.49700e-03 8.15175e-03 1.29521e-02 ... 8.07321e-01 9.76451e-01 1.12288e+00
Step   14 : Displace = [0m2.681e-02[0m/[0m5.105e-02[0m (rms/max) Trust = 2.781e-01 (=) Grad = [0m7.211e-04[0m/[0m1.566e-03[0m (rms/max) E (change) = -729.4420085781 ([0m-2.075e-04[0m) Quality = [0m1.214[0m
Hessian Eigenvalues: 2.25192e-03 7.66645e-03 1.09283e-02 ... 8.14768e-01 9.35774e-01 1.14915e+00
Step   15 : Displace = [0m3.467e-02[0m/[0m6.846e-02[0m (rms/max) Trust = 3.000e-01 ([92m+[0m) Grad = [0m7.945e-04[0m/[0m2.210e-03[0m (rms/max) E (change) = -729.4421103646 ([0m-1.018e-04[0m) Quality = [0m1.029[0m
Hessian Eigenvalues: 1.67030e-03 5.57278e-03 9.20478e-03 ... 8.08438e-01 9.52821e-01 1.15745e+00
Step   16 : Displace = [0m4.987e-02[0m/[0m1.019e-01[0m (rms/max) Trust = 3.000e-01 (=) Grad = [0m5.655e-04[0m/[0m1.351e-03[0m (rms/max) E (change) = -729.4422204507 ([0m-1.101e-04[0m) Quality = [0m1.159[0m
Hessian Eigenvalues: 1.56445e-03 4.45528e-03 8.99011e-03 ... 8.08263e-01 9.56297e-01 1.15240e+00
Step   17 : Displace = [0m3.234e-02[0m/[0m7.002e-02[0m (rms/max) Trust = 3.000e-01 (=) Grad = [0m3.177e-04[0m/[0m8.629e-04[0m (rms/max) E (change) = -729.4422691794 ([0m-4.873e-05[0m) Quality = [0m1.114[0m
Hessian Eigenvalues: 1.63009e-03 3.55003e-03 9.24837e-03 ... 8.08482e-01 9.34711e-01 1.13434e+00
Step   18 : Displace = [0m1.054e-02[0m/[0m2.210e-02[0m (rms/max) Trust = 3.000e-01 (=) Grad = [0m3.074e-04[0m/[0m7.750e-04[0m (rms/max) E (change) = -729.4422789723 ([0m-9.793e-06[0m) Quality = [0m0.717[0m
Hessian Eigenvalues: 1.64899e-03 3.18042e-03 9.08100e-03 ... 8.09066e-01 9.51227e-01 1.17712e+00
Step   19 : Displace = [0m3.587e-03[0m/[0m8.780e-03[0m (rms/max) Trust = 3.000e-01 (=) Grad = [92m1.838e-04[0m/[92m3.556e-04[0m (rms/max) E (change) = -729.4422833334 ([0m-4.361e-06[0m) Quality = [0m0.770[0m
Hessian Eigenvalues: 1.59973e-03 3.22439e-03 9.20156e-03 ... 8.07938e-01 9.37967e-01 1.12503e+00
Step   20 : Displace = [0m3.163e-03[0m/[0m7.409e-03[0m (rms/max) Trust = 3.000e-01 (=) Grad = [92m5.551e-05[0m/[92m1.030e-04[0m (rms/max) E (change) = -729.4422853084 ([0m-1.975e-06[0m) Quality = [0m0.991[0m
Hessian Eigenvalues: 1.53662e-03 3.28719e-03 9.17375e-03 ... 8.10641e-01 9.38270e-01 1.12224e+00
Step   21 : Displace = [0m3.836e-03[0m/[0m8.267e-03[0m (rms/max) Trust = 3.000e-01 (=) Grad = [92m4.424e-05[0m/[92m9.110e-05[0m (rms/max) E (change) = -729.4422859045 ([92m-5.961e-07[0m) Quality = [0m0.998[0m
Hessian Eigenvalues: 1.39065e-03 2.53542e-03 9.45755e-03 ... 8.10989e-01 9.38697e-01 1.12638e+00
Step   22 : Displace = [0m2.105e-03[0m/[0m4.597e-03[0m (rms/max) Trust = 3.000e-01 (=) Grad = [92m2.780e-05[0m/[92m5.655e-05[0m (rms/max) E (change) = -729.4422861965 ([92m-2.920e-07[0m) Quality = [0m1.067[0m
Hessian Eigenvalues: 1.35284e-03 2.40818e-03 8.88033e-03 ... 8.13637e-01 9.37988e-01 1.12526e+00
Step   23 : Displace = [92m7.727e-04[0m/[92m1.772e-03[0m (rms/max) Trust = 3.000e-01 (=) Grad = [92m1.902e-05[0m/[92m4.205e-05[0m (rms/max) E (change) = -729.4422863315 ([92m-1.350e-07[0m) Quality = [0m1.297[0m
Hessian Eigenvalues: 1.35284e-03 2.40818e-03 8.88033e-03 ... 8.13637e-01 9.37988e-01 1.12526e+00
Converged! =D

    #==========================================================================#
    #| If this code has benefited your research, please support us by citing: |#
    #|                                                                        |#
    #| Wang, L.-P.; Song, C.C. (2016) "Geometry optimization made simple with |#
    #| translation and rotation coordinates", J. Chem, Phys. 144, 214108.     |#
    #| http://dx.doi.org/10.1063/1.4952956                                    |#
    #==========================================================================#
    Time elapsed since start of run_optimizer: 235.942 seconds
WARN: ECP not specified. The basis set CRENBL include an ECP. Recommended ECP: CRENBL.
/home/bhabani/Kishore/Tangelo_2.0/tangelo/problem_decomposition/dmet/dmet_problem_decomposition.py:155: RuntimeWarning: The mean field will be recomputed even if one has been provided by the user.
  warnings.warn("The mean field will be recomputed even if one has been provided by the user.", RuntimeWarning)
 	Iteration =  1
 	----------------
 
	SCF Occupancy Eigenvalues for Fragment Number : # 0
	[1.84608128e-15 1.49878257e-15 1.31750252e-15 1.15333787e-15
 9.48160155e-16 9.38501498e-16 7.51689668e-16 7.22075443e-16
 6.77257564e-16 6.51185450e-16 5.74707891e-16 5.70643574e-16
 5.23664894e-16 5.05906801e-16 4.44805649e-16 3.85845954e-16
 3.42634150e-16 2.67753557e-16 2.47917497e-16 1.96644455e-16
 1.87934476e-16 1.84373775e-16 1.37264052e-16 1.33275942e-16
 1.32184985e-16 9.89699282e-17 6.91673024e-17 5.88089345e-17
 3.01460790e-17 1.37992796e-17 1.33346576e-17 1.22343180e-17
 4.49902031e-18 3.72339758e-18 1.28424075e-18 1.20239576e-18
 3.17652209e-18 4.76831686e-18 9.41403838e-18 1.54443393e-17
 2.50140339e-17 2.60735492e-17 4.52493843e-17 5.68412233e-17
 5.80071379e-17 1.18729013e-16 1.25611453e-16 1.70852430e-16
 1.87415325e-16 1.89879376e-16 2.31632482e-16 2.89710214e-16
 2.92532864e-16 3.12165943e-16 3.83556906e-16 3.97479045e-16
 4.31688162e-16 5.16553712e-16 6.48252593e-16 6.48257695e-16
 6.84292599e-16 7.45867753e-16 7.72301272e-16 7.93975603e-16
 9.10152481e-16 9.33068146e-16 9.46348554e-16 1.91710335e-15
 4.90868581e-07 1.36342483e-06 3.37161661e-06 1.19313786e-05
 1.69725452e-05 6.63514989e-05 9.44433563e-05 1.63632250e-04
 8.16144649e-04 1.38243142e-03 2.32227509e-03 4.39432412e-03
 8.04102920e-03 1.22403081e-02 3.30663234e-02 3.83218501e-02
 1.03281887e+00 1.06519894e+00 1.98164615e+00 1.98898860e+00
 1.98963686e+00 1.99298228e+00 1.99755381e+00 1.99844846e+00
 1.99883834e+00 1.99948355e+00 1.99983117e+00 1.99985209e+00
 1.99994394e+00 1.99996555e+00 1.99998158e+00 1.99998661e+00
 1.99999265e+00 1.99999412e+00 1.99999696e+00 1.99999781e+00
 1.99999848e+00 1.99999858e+00 1.99999910e+00 1.99999911e+00
 1.99999953e+00 1.99999970e+00 1.99999985e+00 1.99999991e+00
 1.99999995e+00 1.99999997e+00 1.99999998e+00 1.99999999e+00
 2.00000000e+00 2.00000000e+00 2.00000000e+00 2.00000000e+00
 2.00000000e+00 2.00000000e+00 2.00000000e+00 2.00000000e+00
 2.00000000e+00 2.00000000e+00 2.00000000e+00 2.00000000e+00]

	SCF Occupancy Eigenvalues for Fragment Number : # 1
	[1.64148595e-15 1.57414865e-15 1.39160658e-15 1.27736039e-15
 1.21494569e-15 1.19592693e-15 1.07560083e-15 1.01672596e-15
 9.51646446e-16 9.44262527e-16 9.40708816e-16 9.08288798e-16
 8.42676654e-16 8.16650679e-16 7.87405984e-16 7.83732685e-16
 6.65989845e-16 6.46617857e-16 6.20996885e-16 6.20229642e-16
 5.70757964e-16 5.44246948e-16 4.87378045e-16 4.83282444e-16
 4.60898255e-16 4.58228479e-16 4.36243734e-16 4.02446706e-16
 3.72405094e-16 3.66917185e-16 3.04918288e-16 2.69776640e-16
 2.62924866e-16 2.25216811e-16 2.02953269e-16 1.96847422e-16
 1.66908636e-16 1.59734126e-16 1.29016911e-16 1.27007559e-16
 1.13898939e-16 1.11584069e-16 9.41857391e-17 6.57850659e-17
 6.52764641e-17 3.67544536e-17 2.17140383e-17 1.98790465e-17
 1.19664461e-17 7.88271487e-18 6.72967741e-18 5.99813285e-18
 3.68659434e-18 2.74359827e-18 2.68466378e-18 1.15479151e-18
 2.53180484e-19 3.54759317e-19 1.64021077e-18 3.88270557e-18
 6.17003703e-18 9.44671932e-18 1.24722085e-17 1.36698348e-17
 1.47192243e-17 1.77944729e-17 3.60198578e-17 6.96383383e-17
 1.04634659e-16 1.14826679e-16 1.39796947e-16 1.54007243e-16
 1.54296909e-16 1.60455254e-16 1.77055608e-16 2.23220663e-16
 2.41929504e-16 2.54329104e-16 2.57252226e-16 2.87787371e-16
 3.49091147e-16 3.63765021e-16 4.11505792e-16 4.29286311e-16
 4.50842757e-16 4.64667752e-16 5.08906452e-16 6.03528133e-16
 6.04662688e-16 6.05371047e-16 6.06417783e-16 6.52974686e-16
 6.69771015e-16 6.76385926e-16 7.37784662e-16 7.52494495e-16
 7.77603454e-16 8.71559504e-16 8.73265097e-16 1.09263645e-15
 1.21815398e-15 1.35896889e-15 1.83085345e-15 2.36129971e-15
 2.17031903e-05 1.08311748e-02 3.01110785e-02 9.53025782e-01
 1.04808282e+00 1.98019617e+00 1.99188534e+00 1.99858572e+00
 1.99895149e+00 1.99950447e+00 1.99982654e+00 1.99992584e+00
 1.99996220e+00 2.00000000e+00 2.00000000e+00 2.00000000e+00
 2.00000000e+00 2.00000000e+00 2.00000000e+00 2.00000000e+00
 2.00000000e+00 2.00000000e+00 2.00000000e+00 2.00000000e+00
 2.00000000e+00 2.00000000e+00 2.00000000e+00 2.00000000e+00
 2.00000000e+00 2.00000000e+00 2.00000000e+00 2.00000000e+00
 2.00000000e+00 2.00000000e+00 2.00000000e+00 2.00000000e+00
 2.00000000e+00 2.00000000e+00 2.00000000e+00 2.00000000e+00
 2.00000000e+00 2.00000000e+00 2.00000000e+00 2.00000000e+00
 2.00000000e+00 2.00000000e+00 2.00000000e+00 2.00000000e+00
 2.00000000e+00 2.00000000e+00 2.00000000e+00 2.00000000e+00
 2.00000000e+00 2.00000000e+00 2.00000000e+00 2.00000000e+00
 2.00000000e+00 2.00000000e+00 2.00000000e+00 2.00000000e+00]

	SCF Occupancy Eigenvalues for Fragment Number : # 2
	[1.52104371e-15 1.43144760e-15 1.15575115e-15 9.76897316e-16
 8.90258733e-16 8.80751895e-16 8.37265901e-16 8.35891436e-16
 7.01892970e-16 7.01348197e-16 6.75197309e-16 5.37044564e-16
 5.32530347e-16 5.18941138e-16 4.47018105e-16 4.17094983e-16
 3.50117027e-16 2.89380083e-16 2.64554251e-16 2.24741957e-16
 1.47696601e-16 1.39888939e-16 1.30327320e-16 1.13357112e-16
 7.13630941e-17 6.69343885e-17 6.65261653e-17 3.08822029e-17
 1.20396971e-17 9.92479104e-18 4.77005028e-18 3.86610452e-18
 9.01508904e-19 3.74246065e-19 6.95812877e-19 1.69748423e-18
 2.25923953e-18 6.43294397e-18 1.68184376e-17 1.70337126e-17
 2.55666898e-17 2.56238429e-17 3.59522078e-17 7.48674287e-17
 8.14923157e-17 8.73039520e-17 1.15067085e-16 1.55053748e-16
 1.57948322e-16 1.90465327e-16 1.97882521e-16 2.71871717e-16
 3.36774033e-16 3.52399924e-16 4.18191469e-16 4.24383366e-16
 5.91101282e-16 6.13593295e-16 6.53839423e-16 6.82055069e-16
 7.13823285e-16 7.33603160e-16 8.76533776e-16 8.99725476e-16
 9.59459494e-16 1.17632834e-15 6.10331109e-09 5.07871990e-08
 7.75634565e-08 1.67728012e-07 8.97134119e-07 1.88766644e-06
 2.75081871e-06 6.37904261e-06 2.05229651e-05 5.88001468e-05
 7.19900675e-05 9.92832605e-05 1.99903671e-04 4.26365695e-04
 9.65039872e-04 5.70975198e-03 1.13621032e-02 9.50490419e-01
 1.98011497e+00 1.98604891e+00 1.98945917e+00 1.99648566e+00
 1.99886529e+00 1.99970334e+00 1.99976123e+00 1.99992148e+00
 1.99995523e+00 1.99997524e+00 1.99999291e+00 1.99999798e+00
 1.99999859e+00 1.99999941e+00 1.99999969e+00 1.99999971e+00
 1.99999985e+00 1.99999991e+00 1.99999996e+00 1.99999997e+00
 1.99999998e+00 1.99999999e+00 1.99999999e+00 2.00000000e+00
 2.00000000e+00 2.00000000e+00 2.00000000e+00 2.00000000e+00
 2.00000000e+00 2.00000000e+00 2.00000000e+00 2.00000000e+00
 2.00000000e+00 2.00000000e+00 2.00000000e+00 2.00000000e+00
 2.00000000e+00 2.00000000e+00 2.00000000e+00 2.00000000e+00
 2.00000000e+00 2.00000000e+00]

	SCF Occupancy Eigenvalues for Fragment Number : # 3
	[1.59117115e-15 1.41820993e-15 1.31096180e-15 1.17080703e-15
 9.82778492e-16 9.65736269e-16 9.61205138e-16 9.07236992e-16
 8.29498959e-16 7.79247352e-16 7.55876258e-16 7.46127315e-16
 7.08306730e-16 6.72645328e-16 6.24500259e-16 5.60818795e-16
 5.24083715e-16 4.93050093e-16 4.77506029e-16 4.66344072e-16
 4.60377664e-16 4.28925893e-16 3.88950943e-16 3.48386594e-16
 3.38958173e-16 3.38671893e-16 2.62167217e-16 2.38481191e-16
 2.30070114e-16 2.03366099e-16 1.53811413e-16 1.44934936e-16
 1.20151092e-16 9.84780192e-17 7.98231956e-17 7.55268243e-17
 6.99496810e-17 6.75088540e-17 6.03661392e-17 4.71103205e-17
 3.70283315e-17 3.30545102e-17 1.25735655e-17 8.66021084e-18
 6.57973369e-18 5.99493667e-18 3.14763597e-18 9.66503873e-19
 8.34973808e-19 1.28230179e-19 2.27073076e-18 3.81462175e-18
 5.38750260e-18 8.03776454e-18 8.45750963e-18 1.67052405e-17
 1.81807152e-17 1.95766889e-17 2.88896639e-17 3.86989862e-17
 5.88571770e-17 5.97526421e-17 9.25541086e-17 9.82617015e-17
 1.18968482e-16 1.23464819e-16 1.32184617e-16 1.36307275e-16
 1.74641923e-16 1.99408083e-16 2.06748279e-16 2.09236460e-16
 2.26979156e-16 2.37688467e-16 2.39171541e-16 2.42406668e-16
 2.59884318e-16 3.53313429e-16 3.54041059e-16 3.63350116e-16
 3.86110274e-16 3.94170866e-16 4.17624653e-16 4.54256824e-16
 4.84406044e-16 5.12601147e-16 5.86869307e-16 6.37508848e-16
 6.45263760e-16 6.47054121e-16 6.55032821e-16 6.88276186e-16
 7.02828083e-16 7.59305032e-16 8.25765089e-16 8.37064443e-16
 9.58331728e-16 1.01859091e-15 1.09495537e-15 1.10214920e-15
 1.20229200e-15 1.33775696e-15 1.42533061e-15 1.63041045e-15
 2.08830923e-05 1.05011549e-02 3.39695466e-02 9.53222348e-01
 1.04178996e+00 1.97581376e+00 1.99425627e+00 1.99874979e+00
 1.99924443e+00 1.99959264e+00 1.99986178e+00 1.99995729e+00
 1.99998510e+00 2.00000000e+00 2.00000000e+00 2.00000000e+00
 2.00000000e+00 2.00000000e+00 2.00000000e+00 2.00000000e+00
 2.00000000e+00 2.00000000e+00 2.00000000e+00 2.00000000e+00
 2.00000000e+00 2.00000000e+00 2.00000000e+00 2.00000000e+00
 2.00000000e+00 2.00000000e+00 2.00000000e+00 2.00000000e+00
 2.00000000e+00 2.00000000e+00 2.00000000e+00 2.00000000e+00
 2.00000000e+00 2.00000000e+00 2.00000000e+00 2.00000000e+00
 2.00000000e+00 2.00000000e+00 2.00000000e+00 2.00000000e+00
 2.00000000e+00 2.00000000e+00 2.00000000e+00 2.00000000e+00
 2.00000000e+00 2.00000000e+00 2.00000000e+00 2.00000000e+00
 2.00000000e+00 2.00000000e+00 2.00000000e+00 2.00000000e+00
 2.00000000e+00 2.00000000e+00 2.00000000e+00 2.00000000e+00]

	SCF Occupancy Eigenvalues for Fragment Number : # 4
	[1.78867219e-15 1.55941866e-15 1.09684473e-15 1.07158023e-15
 1.06973681e-15 1.04977122e-15 9.95261564e-16 9.00207679e-16
 8.74235720e-16 7.93099279e-16 6.92102433e-16 5.80054173e-16
 5.66363339e-16 4.86908644e-16 4.83193913e-16 4.21912690e-16
 3.84948955e-16 3.58708782e-16 3.31855445e-16 3.26226462e-16
 2.71345249e-16 2.48803052e-16 2.35380929e-16 2.06782338e-16
 1.50954603e-16 1.36446933e-16 1.30592251e-16 1.18300029e-16
 1.11294646e-16 9.24065469e-17 6.61403587e-17 2.62575687e-17
 1.43379613e-17 1.08861339e-17 5.87455707e-18 3.16203514e-18
 1.30990078e-18 9.50697998e-19 2.06262784e-18 3.02458557e-18
 7.00074374e-18 1.18657795e-17 3.17052815e-17 4.52403845e-17
 6.16266691e-17 8.56805476e-17 1.43072054e-16 1.53839641e-16
 1.58460938e-16 2.32905855e-16 2.36304795e-16 2.69068623e-16
 2.72544030e-16 3.26730346e-16 4.09887075e-16 4.30838992e-16
 5.69287119e-16 6.11532759e-16 6.32077161e-16 6.98448528e-16
 7.30809540e-16 7.46501278e-16 8.36889646e-16 9.01624147e-16
 1.04831880e-15 1.30075043e-15 1.30350559e-08 8.46816899e-08
 1.13961787e-07 4.79552666e-07 1.02482741e-06 3.03346010e-06
 3.68434659e-06 8.82956783e-06 2.05456817e-05 6.51865786e-05
 7.97952332e-05 1.12761031e-04 2.64246097e-04 5.46894007e-04
 1.39492806e-03 5.95195199e-03 1.14571895e-02 9.59785855e-01
 1.97080059e+00 1.98054306e+00 1.99010418e+00 1.99702485e+00
 1.99883026e+00 1.99966629e+00 1.99986794e+00 1.99991632e+00
 1.99995165e+00 1.99996799e+00 1.99999231e+00 1.99999674e+00
 1.99999796e+00 1.99999891e+00 1.99999933e+00 1.99999966e+00
 1.99999977e+00 1.99999988e+00 1.99999993e+00 1.99999996e+00
 1.99999998e+00 1.99999999e+00 1.99999999e+00 2.00000000e+00
 2.00000000e+00 2.00000000e+00 2.00000000e+00 2.00000000e+00
 2.00000000e+00 2.00000000e+00 2.00000000e+00 2.00000000e+00
 2.00000000e+00 2.00000000e+00 2.00000000e+00 2.00000000e+00
 2.00000000e+00 2.00000000e+00 2.00000000e+00 2.00000000e+00
 2.00000000e+00 2.00000000e+00]

		Fragment Number : #  1
		------------------------
		CCSD diag: n_active_mos=98, n_active_electrons=98, trace(onerdm)=98.00000000000001
		Fragment Energy = -534.9009396257529
		Number of Electrons in Fragment = 33.8452475869621
		Fragment Number : #  2
		------------------------
		CCSD diag: n_active_mos=26, n_active_electrons=26, trace(onerdm)=26.000000000000004
		Fragment Energy = -112.55890099375557
		Number of Electrons in Fragment = 8.004782953858241
		Fragment Number : #  3
		------------------------
		CCSD diag: n_active_mos=102, n_active_electrons=102, trace(onerdm)=102.0
		Fragment Energy = -536.1280981736193
		Number of Electrons in Fragment = 35.08280878190301
		Fragment Number : #  4
		------------------------
		CCSD diag: n_active_mos=26, n_active_electrons=26, trace(onerdm)=26.0
		Fragment Energy = -112.17648093099606
		Number of Electrons in Fragment = 8.007617911136128
		Fragment Number : #  5
		------------------------
		CCSD diag: n_active_mos=102, n_active_electrons=102, trace(onerdm)=102.0
		Fragment Energy = -535.4601155607086
		Number of Electrons in Fragment = 35.08948119973384
 	Iteration =  2
 	----------------
 
	SCF Occupancy Eigenvalues for Fragment Number : # 0
	[1.84608128e-15 1.49878257e-15 1.31750252e-15 1.15333787e-15
 9.48160155e-16 9.38501498e-16 7.51689668e-16 7.22075443e-16
 6.77257564e-16 6.51185450e-16 5.74707891e-16 5.70643574e-16
 5.23664894e-16 5.05906801e-16 4.44805649e-16 3.85845954e-16
 3.42634150e-16 2.67753557e-16 2.47917497e-16 1.96644455e-16
 1.87934476e-16 1.84373775e-16 1.37264052e-16 1.33275942e-16
 1.32184985e-16 9.89699282e-17 6.91673024e-17 5.88089345e-17
 3.01460790e-17 1.37992796e-17 1.33346576e-17 1.22343180e-17
 4.49902031e-18 3.72339758e-18 1.28424075e-18 1.20239576e-18
 3.17652209e-18 4.76831686e-18 9.41403838e-18 1.54443393e-17
 2.50140339e-17 2.60735492e-17 4.52493843e-17 5.68412233e-17
 5.80071379e-17 1.18729013e-16 1.25611453e-16 1.70852430e-16
 1.87415325e-16 1.89879376e-16 2.31632482e-16 2.89710214e-16
 2.92532864e-16 3.12165943e-16 3.83556906e-16 3.97479045e-16
 4.31688162e-16 5.16553712e-16 6.48252593e-16 6.48257695e-16
 6.84292599e-16 7.45867753e-16 7.72301272e-16 7.93975603e-16
 9.10152481e-16 9.33068146e-16 9.46348554e-16 1.91710335e-15
 4.90868581e-07 1.36342483e-06 3.37161661e-06 1.19313786e-05
 1.69725452e-05 6.63514989e-05 9.44433563e-05 1.63632250e-04
 8.16144649e-04 1.38243142e-03 2.32227509e-03 4.39432412e-03
 8.04102920e-03 1.22403081e-02 3.30663234e-02 3.83218501e-02
 1.03281887e+00 1.06519894e+00 1.98164615e+00 1.98898860e+00
 1.98963686e+00 1.99298228e+00 1.99755381e+00 1.99844846e+00
 1.99883834e+00 1.99948355e+00 1.99983117e+00 1.99985209e+00
 1.99994394e+00 1.99996555e+00 1.99998158e+00 1.99998661e+00
 1.99999265e+00 1.99999412e+00 1.99999696e+00 1.99999781e+00
 1.99999848e+00 1.99999858e+00 1.99999910e+00 1.99999911e+00
 1.99999953e+00 1.99999970e+00 1.99999985e+00 1.99999991e+00
 1.99999995e+00 1.99999997e+00 1.99999998e+00 1.99999999e+00
 2.00000000e+00 2.00000000e+00 2.00000000e+00 2.00000000e+00
 2.00000000e+00 2.00000000e+00 2.00000000e+00 2.00000000e+00
 2.00000000e+00 2.00000000e+00 2.00000000e+00 2.00000000e+00]

	SCF Occupancy Eigenvalues for Fragment Number : # 1
	[1.64148595e-15 1.57414865e-15 1.39160658e-15 1.27736039e-15
 1.21494569e-15 1.19592693e-15 1.07560083e-15 1.01672596e-15
 9.51646446e-16 9.44262527e-16 9.40708816e-16 9.08288798e-16
 8.42676654e-16 8.16650679e-16 7.87405984e-16 7.83732685e-16
 6.65989845e-16 6.46617857e-16 6.20996885e-16 6.20229642e-16
 5.70757964e-16 5.44246948e-16 4.87378045e-16 4.83282444e-16
 4.60898255e-16 4.58228479e-16 4.36243734e-16 4.02446706e-16
 3.72405094e-16 3.66917185e-16 3.04918288e-16 2.69776640e-16
 2.62924866e-16 2.25216811e-16 2.02953269e-16 1.96847422e-16
 1.66908636e-16 1.59734126e-16 1.29016911e-16 1.27007559e-16
 1.13898939e-16 1.11584069e-16 9.41857391e-17 6.57850659e-17
 6.52764641e-17 3.67544536e-17 2.17140383e-17 1.98790465e-17
 1.19664461e-17 7.88271487e-18 6.72967741e-18 5.99813285e-18
 3.68659434e-18 2.74359827e-18 2.68466378e-18 1.15479151e-18
 2.53180484e-19 3.54759317e-19 1.64021077e-18 3.88270557e-18
 6.17003703e-18 9.44671932e-18 1.24722085e-17 1.36698348e-17
 1.47192243e-17 1.77944729e-17 3.60198578e-17 6.96383383e-17
 1.04634659e-16 1.14826679e-16 1.39796947e-16 1.54007243e-16
 1.54296909e-16 1.60455254e-16 1.77055608e-16 2.23220663e-16
 2.41929504e-16 2.54329104e-16 2.57252226e-16 2.87787371e-16
 3.49091147e-16 3.63765021e-16 4.11505792e-16 4.29286311e-16
 4.50842757e-16 4.64667752e-16 5.08906452e-16 6.03528133e-16
 6.04662688e-16 6.05371047e-16 6.06417783e-16 6.52974686e-16
 6.69771015e-16 6.76385926e-16 7.37784662e-16 7.52494495e-16
 7.77603454e-16 8.71559504e-16 8.73265097e-16 1.09263645e-15
 1.21815398e-15 1.35896889e-15 1.83085345e-15 2.36129971e-15
 2.17031903e-05 1.08311748e-02 3.01110785e-02 9.53025782e-01
 1.04808282e+00 1.98019617e+00 1.99188534e+00 1.99858572e+00
 1.99895149e+00 1.99950447e+00 1.99982654e+00 1.99992584e+00
 1.99996220e+00 2.00000000e+00 2.00000000e+00 2.00000000e+00
 2.00000000e+00 2.00000000e+00 2.00000000e+00 2.00000000e+00
 2.00000000e+00 2.00000000e+00 2.00000000e+00 2.00000000e+00
 2.00000000e+00 2.00000000e+00 2.00000000e+00 2.00000000e+00
 2.00000000e+00 2.00000000e+00 2.00000000e+00 2.00000000e+00
 2.00000000e+00 2.00000000e+00 2.00000000e+00 2.00000000e+00
 2.00000000e+00 2.00000000e+00 2.00000000e+00 2.00000000e+00
 2.00000000e+00 2.00000000e+00 2.00000000e+00 2.00000000e+00
 2.00000000e+00 2.00000000e+00 2.00000000e+00 2.00000000e+00
 2.00000000e+00 2.00000000e+00 2.00000000e+00 2.00000000e+00
 2.00000000e+00 2.00000000e+00 2.00000000e+00 2.00000000e+00
 2.00000000e+00 2.00000000e+00 2.00000000e+00 2.00000000e+00]

	SCF Occupancy Eigenvalues for Fragment Number : # 2
	[1.52104371e-15 1.43144760e-15 1.15575115e-15 9.76897316e-16
 8.90258733e-16 8.80751895e-16 8.37265901e-16 8.35891436e-16
 7.01892970e-16 7.01348197e-16 6.75197309e-16 5.37044564e-16
 5.32530347e-16 5.18941138e-16 4.47018105e-16 4.17094983e-16
 3.50117027e-16 2.89380083e-16 2.64554251e-16 2.24741957e-16
 1.47696601e-16 1.39888939e-16 1.30327320e-16 1.13357112e-16
 7.13630941e-17 6.69343885e-17 6.65261653e-17 3.08822029e-17
 1.20396971e-17 9.92479104e-18 4.77005028e-18 3.86610452e-18
 9.01508904e-19 3.74246065e-19 6.95812877e-19 1.69748423e-18
 2.25923953e-18 6.43294397e-18 1.68184376e-17 1.70337126e-17
 2.55666898e-17 2.56238429e-17 3.59522078e-17 7.48674287e-17
 8.14923157e-17 8.73039520e-17 1.15067085e-16 1.55053748e-16
 1.57948322e-16 1.90465327e-16 1.97882521e-16 2.71871717e-16
 3.36774033e-16 3.52399924e-16 4.18191469e-16 4.24383366e-16
 5.91101282e-16 6.13593295e-16 6.53839423e-16 6.82055069e-16
 7.13823285e-16 7.33603160e-16 8.76533776e-16 8.99725476e-16
 9.59459494e-16 1.17632834e-15 6.10331109e-09 5.07871990e-08
 7.75634565e-08 1.67728012e-07 8.97134119e-07 1.88766644e-06
 2.75081871e-06 6.37904261e-06 2.05229651e-05 5.88001468e-05
 7.19900675e-05 9.92832605e-05 1.99903671e-04 4.26365695e-04
 9.65039872e-04 5.70975198e-03 1.13621032e-02 9.50490419e-01
 1.98011497e+00 1.98604891e+00 1.98945917e+00 1.99648566e+00
 1.99886529e+00 1.99970334e+00 1.99976123e+00 1.99992148e+00
 1.99995523e+00 1.99997524e+00 1.99999291e+00 1.99999798e+00
 1.99999859e+00 1.99999941e+00 1.99999969e+00 1.99999971e+00
 1.99999985e+00 1.99999991e+00 1.99999996e+00 1.99999997e+00
 1.99999998e+00 1.99999999e+00 1.99999999e+00 2.00000000e+00
 2.00000000e+00 2.00000000e+00 2.00000000e+00 2.00000000e+00
 2.00000000e+00 2.00000000e+00 2.00000000e+00 2.00000000e+00
 2.00000000e+00 2.00000000e+00 2.00000000e+00 2.00000000e+00
 2.00000000e+00 2.00000000e+00 2.00000000e+00 2.00000000e+00
 2.00000000e+00 2.00000000e+00]

	SCF Occupancy Eigenvalues for Fragment Number : # 3
	[1.59117115e-15 1.41820993e-15 1.31096180e-15 1.17080703e-15
 9.82778492e-16 9.65736269e-16 9.61205138e-16 9.07236992e-16
 8.29498959e-16 7.79247352e-16 7.55876258e-16 7.46127315e-16
 7.08306730e-16 6.72645328e-16 6.24500259e-16 5.60818795e-16
 5.24083715e-16 4.93050093e-16 4.77506029e-16 4.66344072e-16
 4.60377664e-16 4.28925893e-16 3.88950943e-16 3.48386594e-16
 3.38958173e-16 3.38671893e-16 2.62167217e-16 2.38481191e-16
 2.30070114e-16 2.03366099e-16 1.53811413e-16 1.44934936e-16
 1.20151092e-16 9.84780192e-17 7.98231956e-17 7.55268243e-17
 6.99496810e-17 6.75088540e-17 6.03661392e-17 4.71103205e-17
 3.70283315e-17 3.30545102e-17 1.25735655e-17 8.66021084e-18
 6.57973369e-18 5.99493667e-18 3.14763597e-18 9.66503873e-19
 8.34973808e-19 1.28230179e-19 2.27073076e-18 3.81462175e-18
 5.38750260e-18 8.03776454e-18 8.45750963e-18 1.67052405e-17
 1.81807152e-17 1.95766889e-17 2.88896639e-17 3.86989862e-17
 5.88571770e-17 5.97526421e-17 9.25541086e-17 9.82617015e-17
 1.18968482e-16 1.23464819e-16 1.32184617e-16 1.36307275e-16
 1.74641923e-16 1.99408083e-16 2.06748279e-16 2.09236460e-16
 2.26979156e-16 2.37688467e-16 2.39171541e-16 2.42406668e-16
 2.59884318e-16 3.53313429e-16 3.54041059e-16 3.63350116e-16
 3.86110274e-16 3.94170866e-16 4.17624653e-16 4.54256824e-16
 4.84406044e-16 5.12601147e-16 5.86869307e-16 6.37508848e-16
 6.45263760e-16 6.47054121e-16 6.55032821e-16 6.88276186e-16
 7.02828083e-16 7.59305032e-16 8.25765089e-16 8.37064443e-16
 9.58331728e-16 1.01859091e-15 1.09495537e-15 1.10214920e-15
 1.20229200e-15 1.33775696e-15 1.42533061e-15 1.63041045e-15
 2.08830923e-05 1.05011549e-02 3.39695466e-02 9.53222348e-01
 1.04178996e+00 1.97581376e+00 1.99425627e+00 1.99874979e+00
 1.99924443e+00 1.99959264e+00 1.99986178e+00 1.99995729e+00
 1.99998510e+00 2.00000000e+00 2.00000000e+00 2.00000000e+00
 2.00000000e+00 2.00000000e+00 2.00000000e+00 2.00000000e+00
 2.00000000e+00 2.00000000e+00 2.00000000e+00 2.00000000e+00
 2.00000000e+00 2.00000000e+00 2.00000000e+00 2.00000000e+00
 2.00000000e+00 2.00000000e+00 2.00000000e+00 2.00000000e+00
 2.00000000e+00 2.00000000e+00 2.00000000e+00 2.00000000e+00
 2.00000000e+00 2.00000000e+00 2.00000000e+00 2.00000000e+00
 2.00000000e+00 2.00000000e+00 2.00000000e+00 2.00000000e+00
 2.00000000e+00 2.00000000e+00 2.00000000e+00 2.00000000e+00
 2.00000000e+00 2.00000000e+00 2.00000000e+00 2.00000000e+00
 2.00000000e+00 2.00000000e+00 2.00000000e+00 2.00000000e+00
 2.00000000e+00 2.00000000e+00 2.00000000e+00 2.00000000e+00]

	SCF Occupancy Eigenvalues for Fragment Number : # 4
	[1.78867219e-15 1.55941866e-15 1.09684473e-15 1.07158023e-15
 1.06973681e-15 1.04977122e-15 9.95261564e-16 9.00207679e-16
 8.74235720e-16 7.93099279e-16 6.92102433e-16 5.80054173e-16
 5.66363339e-16 4.86908644e-16 4.83193913e-16 4.21912690e-16
 3.84948955e-16 3.58708782e-16 3.31855445e-16 3.26226462e-16
 2.71345249e-16 2.48803052e-16 2.35380929e-16 2.06782338e-16
 1.50954603e-16 1.36446933e-16 1.30592251e-16 1.18300029e-16
 1.11294646e-16 9.24065469e-17 6.61403587e-17 2.62575687e-17
 1.43379613e-17 1.08861339e-17 5.87455707e-18 3.16203514e-18
 1.30990078e-18 9.50697998e-19 2.06262784e-18 3.02458557e-18
 7.00074374e-18 1.18657795e-17 3.17052815e-17 4.52403845e-17
 6.16266691e-17 8.56805476e-17 1.43072054e-16 1.53839641e-16
 1.58460938e-16 2.32905855e-16 2.36304795e-16 2.69068623e-16
 2.72544030e-16 3.26730346e-16 4.09887075e-16 4.30838992e-16
 5.69287119e-16 6.11532759e-16 6.32077161e-16 6.98448528e-16
 7.30809540e-16 7.46501278e-16 8.36889646e-16 9.01624147e-16
 1.04831880e-15 1.30075043e-15 1.30350559e-08 8.46816899e-08
 1.13961787e-07 4.79552666e-07 1.02482741e-06 3.03346010e-06
 3.68434659e-06 8.82956783e-06 2.05456817e-05 6.51865786e-05
 7.97952332e-05 1.12761031e-04 2.64246097e-04 5.46894007e-04
 1.39492806e-03 5.95195199e-03 1.14571895e-02 9.59785855e-01
 1.97080059e+00 1.98054306e+00 1.99010418e+00 1.99702485e+00
 1.99883026e+00 1.99966629e+00 1.99986794e+00 1.99991632e+00
 1.99995165e+00 1.99996799e+00 1.99999231e+00 1.99999674e+00
 1.99999796e+00 1.99999891e+00 1.99999933e+00 1.99999966e+00
 1.99999977e+00 1.99999988e+00 1.99999993e+00 1.99999996e+00
 1.99999998e+00 1.99999999e+00 1.99999999e+00 2.00000000e+00
 2.00000000e+00 2.00000000e+00 2.00000000e+00 2.00000000e+00
 2.00000000e+00 2.00000000e+00 2.00000000e+00 2.00000000e+00
 2.00000000e+00 2.00000000e+00 2.00000000e+00 2.00000000e+00
 2.00000000e+00 2.00000000e+00 2.00000000e+00 2.00000000e+00
 2.00000000e+00 2.00000000e+00]

		Fragment Number : #  1
		------------------------
		CCSD diag: n_active_mos=98, n_active_electrons=98, trace(onerdm)=98.0
		Fragment Energy = -534.9028952721092
		Number of Electrons in Fragment = 33.845458204208356
		Fragment Number : #  2
		------------------------
		CCSD diag: n_active_mos=26, n_active_electrons=26, trace(onerdm)=26.0
		Fragment Energy = -112.56055689861347
		Number of Electrons in Fragment = 8.00495239475744
		Fragment Number : #  3
		------------------------
		CCSD diag: n_active_mos=102, n_active_electrons=102, trace(onerdm)=102.0
		Fragment Energy = -536.1291005909818
		Number of Electrons in Fragment = 35.08292367875731
		Fragment Number : #  4
		------------------------
		CCSD diag: n_active_mos=26, n_active_electrons=26, trace(onerdm)=26.000000000000004
		Fragment Energy = -112.17815064048872
		Number of Electrons in Fragment = 8.007790014946776
		Fragment Number : #  5
		------------------------
		CCSD diag: n_active_mos=102, n_active_electrons=102, trace(onerdm)=102.0
		Fragment Energy = -535.4611428018802
		Number of Electrons in Fragment = 35.08959910526423
 	Iteration =  3
 	----------------
 
	SCF Occupancy Eigenvalues for Fragment Number : # 0
	[1.84608128e-15 1.49878257e-15 1.31750252e-15 1.15333787e-15
 9.48160155e-16 9.38501498e-16 7.51689668e-16 7.22075443e-16
 6.77257564e-16 6.51185450e-16 5.74707891e-16 5.70643574e-16
 5.23664894e-16 5.05906801e-16 4.44805649e-16 3.85845954e-16
 3.42634150e-16 2.67753557e-16 2.47917497e-16 1.96644455e-16
 1.87934476e-16 1.84373775e-16 1.37264052e-16 1.33275942e-16
 1.32184985e-16 9.89699282e-17 6.91673024e-17 5.88089345e-17
 3.01460790e-17 1.37992796e-17 1.33346576e-17 1.22343180e-17
 4.49902031e-18 3.72339758e-18 1.28424075e-18 1.20239576e-18
 3.17652209e-18 4.76831686e-18 9.41403838e-18 1.54443393e-17
 2.50140339e-17 2.60735492e-17 4.52493843e-17 5.68412233e-17
 5.80071379e-17 1.18729013e-16 1.25611453e-16 1.70852430e-16
 1.87415325e-16 1.89879376e-16 2.31632482e-16 2.89710214e-16
 2.92532864e-16 3.12165943e-16 3.83556906e-16 3.97479045e-16
 4.31688162e-16 5.16553712e-16 6.48252593e-16 6.48257695e-16
 6.84292599e-16 7.45867753e-16 7.72301272e-16 7.93975603e-16
 9.10152481e-16 9.33068146e-16 9.46348554e-16 1.91710335e-15
 4.90868581e-07 1.36342483e-06 3.37161661e-06 1.19313786e-05
 1.69725452e-05 6.63514989e-05 9.44433563e-05 1.63632250e-04
 8.16144649e-04 1.38243142e-03 2.32227509e-03 4.39432412e-03
 8.04102920e-03 1.22403081e-02 3.30663234e-02 3.83218501e-02
 1.03281887e+00 1.06519894e+00 1.98164615e+00 1.98898860e+00
 1.98963686e+00 1.99298228e+00 1.99755381e+00 1.99844846e+00
 1.99883834e+00 1.99948355e+00 1.99983117e+00 1.99985209e+00
 1.99994394e+00 1.99996555e+00 1.99998158e+00 1.99998661e+00
 1.99999265e+00 1.99999412e+00 1.99999696e+00 1.99999781e+00
 1.99999848e+00 1.99999858e+00 1.99999910e+00 1.99999911e+00
 1.99999953e+00 1.99999970e+00 1.99999985e+00 1.99999991e+00
 1.99999995e+00 1.99999997e+00 1.99999998e+00 1.99999999e+00
 2.00000000e+00 2.00000000e+00 2.00000000e+00 2.00000000e+00
 2.00000000e+00 2.00000000e+00 2.00000000e+00 2.00000000e+00
 2.00000000e+00 2.00000000e+00 2.00000000e+00 2.00000000e+00]

	SCF Occupancy Eigenvalues for Fragment Number : # 1
	[1.64148595e-15 1.57414865e-15 1.39160658e-15 1.27736039e-15
 1.21494569e-15 1.19592693e-15 1.07560083e-15 1.01672596e-15
 9.51646446e-16 9.44262527e-16 9.40708816e-16 9.08288798e-16
 8.42676654e-16 8.16650679e-16 7.87405984e-16 7.83732685e-16
 6.65989845e-16 6.46617857e-16 6.20996885e-16 6.20229642e-16
 5.70757964e-16 5.44246948e-16 4.87378045e-16 4.83282444e-16
 4.60898255e-16 4.58228479e-16 4.36243734e-16 4.02446706e-16
 3.72405094e-16 3.66917185e-16 3.04918288e-16 2.69776640e-16
 2.62924866e-16 2.25216811e-16 2.02953269e-16 1.96847422e-16
 1.66908636e-16 1.59734126e-16 1.29016911e-16 1.27007559e-16
 1.13898939e-16 1.11584069e-16 9.41857391e-17 6.57850659e-17
 6.52764641e-17 3.67544536e-17 2.17140383e-17 1.98790465e-17
 1.19664461e-17 7.88271487e-18 6.72967741e-18 5.99813285e-18
 3.68659434e-18 2.74359827e-18 2.68466378e-18 1.15479151e-18
 2.53180484e-19 3.54759317e-19 1.64021077e-18 3.88270557e-18
 6.17003703e-18 9.44671932e-18 1.24722085e-17 1.36698348e-17
 1.47192243e-17 1.77944729e-17 3.60198578e-17 6.96383383e-17
 1.04634659e-16 1.14826679e-16 1.39796947e-16 1.54007243e-16
 1.54296909e-16 1.60455254e-16 1.77055608e-16 2.23220663e-16
 2.41929504e-16 2.54329104e-16 2.57252226e-16 2.87787371e-16
 3.49091147e-16 3.63765021e-16 4.11505792e-16 4.29286311e-16
 4.50842757e-16 4.64667752e-16 5.08906452e-16 6.03528133e-16
 6.04662688e-16 6.05371047e-16 6.06417783e-16 6.52974686e-16
 6.69771015e-16 6.76385926e-16 7.37784662e-16 7.52494495e-16
 7.77603454e-16 8.71559504e-16 8.73265097e-16 1.09263645e-15
 1.21815398e-15 1.35896889e-15 1.83085345e-15 2.36129971e-15
 2.17031903e-05 1.08311748e-02 3.01110785e-02 9.53025782e-01
 1.04808282e+00 1.98019617e+00 1.99188534e+00 1.99858572e+00
 1.99895149e+00 1.99950447e+00 1.99982654e+00 1.99992584e+00
 1.99996220e+00 2.00000000e+00 2.00000000e+00 2.00000000e+00
 2.00000000e+00 2.00000000e+00 2.00000000e+00 2.00000000e+00
 2.00000000e+00 2.00000000e+00 2.00000000e+00 2.00000000e+00
 2.00000000e+00 2.00000000e+00 2.00000000e+00 2.00000000e+00
 2.00000000e+00 2.00000000e+00 2.00000000e+00 2.00000000e+00
 2.00000000e+00 2.00000000e+00 2.00000000e+00 2.00000000e+00
 2.00000000e+00 2.00000000e+00 2.00000000e+00 2.00000000e+00
 2.00000000e+00 2.00000000e+00 2.00000000e+00 2.00000000e+00
 2.00000000e+00 2.00000000e+00 2.00000000e+00 2.00000000e+00
 2.00000000e+00 2.00000000e+00 2.00000000e+00 2.00000000e+00
 2.00000000e+00 2.00000000e+00 2.00000000e+00 2.00000000e+00
 2.00000000e+00 2.00000000e+00 2.00000000e+00 2.00000000e+00]

	SCF Occupancy Eigenvalues for Fragment Number : # 2
	[1.52104371e-15 1.43144760e-15 1.15575115e-15 9.76897316e-16
 8.90258733e-16 8.80751895e-16 8.37265901e-16 8.35891436e-16
 7.01892970e-16 7.01348197e-16 6.75197309e-16 5.37044564e-16
 5.32530347e-16 5.18941138e-16 4.47018105e-16 4.17094983e-16
 3.50117027e-16 2.89380083e-16 2.64554251e-16 2.24741957e-16
 1.47696601e-16 1.39888939e-16 1.30327320e-16 1.13357112e-16
 7.13630941e-17 6.69343885e-17 6.65261653e-17 3.08822029e-17
 1.20396971e-17 9.92479104e-18 4.77005028e-18 3.86610452e-18
 9.01508904e-19 3.74246065e-19 6.95812877e-19 1.69748423e-18
 2.25923953e-18 6.43294397e-18 1.68184376e-17 1.70337126e-17
 2.55666898e-17 2.56238429e-17 3.59522078e-17 7.48674287e-17
 8.14923157e-17 8.73039520e-17 1.15067085e-16 1.55053748e-16
 1.57948322e-16 1.90465327e-16 1.97882521e-16 2.71871717e-16
 3.36774033e-16 3.52399924e-16 4.18191469e-16 4.24383366e-16
 5.91101282e-16 6.13593295e-16 6.53839423e-16 6.82055069e-16
 7.13823285e-16 7.33603160e-16 8.76533776e-16 8.99725476e-16
 9.59459494e-16 1.17632834e-15 6.10331109e-09 5.07871990e-08
 7.75634565e-08 1.67728012e-07 8.97134119e-07 1.88766644e-06
 2.75081871e-06 6.37904261e-06 2.05229651e-05 5.88001468e-05
 7.19900675e-05 9.92832605e-05 1.99903671e-04 4.26365695e-04
 9.65039872e-04 5.70975198e-03 1.13621032e-02 9.50490419e-01
 1.98011497e+00 1.98604891e+00 1.98945917e+00 1.99648566e+00
 1.99886529e+00 1.99970334e+00 1.99976123e+00 1.99992148e+00
 1.99995523e+00 1.99997524e+00 1.99999291e+00 1.99999798e+00
 1.99999859e+00 1.99999941e+00 1.99999969e+00 1.99999971e+00
 1.99999985e+00 1.99999991e+00 1.99999996e+00 1.99999997e+00
 1.99999998e+00 1.99999999e+00 1.99999999e+00 2.00000000e+00
 2.00000000e+00 2.00000000e+00 2.00000000e+00 2.00000000e+00
 2.00000000e+00 2.00000000e+00 2.00000000e+00 2.00000000e+00
 2.00000000e+00 2.00000000e+00 2.00000000e+00 2.00000000e+00
 2.00000000e+00 2.00000000e+00 2.00000000e+00 2.00000000e+00
 2.00000000e+00 2.00000000e+00]

	SCF Occupancy Eigenvalues for Fragment Number : # 3
	[1.59117115e-15 1.41820993e-15 1.31096180e-15 1.17080703e-15
 9.82778492e-16 9.65736269e-16 9.61205138e-16 9.07236992e-16
 8.29498959e-16 7.79247352e-16 7.55876258e-16 7.46127315e-16
 7.08306730e-16 6.72645328e-16 6.24500259e-16 5.60818795e-16
 5.24083715e-16 4.93050093e-16 4.77506029e-16 4.66344072e-16
 4.60377664e-16 4.28925893e-16 3.88950943e-16 3.48386594e-16
 3.38958173e-16 3.38671893e-16 2.62167217e-16 2.38481191e-16
 2.30070114e-16 2.03366099e-16 1.53811413e-16 1.44934936e-16
 1.20151092e-16 9.84780192e-17 7.98231956e-17 7.55268243e-17
 6.99496810e-17 6.75088540e-17 6.03661392e-17 4.71103205e-17
 3.70283315e-17 3.30545102e-17 1.25735655e-17 8.66021084e-18
 6.57973369e-18 5.99493667e-18 3.14763597e-18 9.66503873e-19
 8.34973808e-19 1.28230179e-19 2.27073076e-18 3.81462175e-18
 5.38750260e-18 8.03776454e-18 8.45750963e-18 1.67052405e-17
 1.81807152e-17 1.95766889e-17 2.88896639e-17 3.86989862e-17
 5.88571770e-17 5.97526421e-17 9.25541086e-17 9.82617015e-17
 1.18968482e-16 1.23464819e-16 1.32184617e-16 1.36307275e-16
 1.74641923e-16 1.99408083e-16 2.06748279e-16 2.09236460e-16
 2.26979156e-16 2.37688467e-16 2.39171541e-16 2.42406668e-16
 2.59884318e-16 3.53313429e-16 3.54041059e-16 3.63350116e-16
 3.86110274e-16 3.94170866e-16 4.17624653e-16 4.54256824e-16
 4.84406044e-16 5.12601147e-16 5.86869307e-16 6.37508848e-16
 6.45263760e-16 6.47054121e-16 6.55032821e-16 6.88276186e-16
 7.02828083e-16 7.59305032e-16 8.25765089e-16 8.37064443e-16
 9.58331728e-16 1.01859091e-15 1.09495537e-15 1.10214920e-15
 1.20229200e-15 1.33775696e-15 1.42533061e-15 1.63041045e-15
 2.08830923e-05 1.05011549e-02 3.39695466e-02 9.53222348e-01
 1.04178996e+00 1.97581376e+00 1.99425627e+00 1.99874979e+00
 1.99924443e+00 1.99959264e+00 1.99986178e+00 1.99995729e+00
 1.99998510e+00 2.00000000e+00 2.00000000e+00 2.00000000e+00
 2.00000000e+00 2.00000000e+00 2.00000000e+00 2.00000000e+00
 2.00000000e+00 2.00000000e+00 2.00000000e+00 2.00000000e+00
 2.00000000e+00 2.00000000e+00 2.00000000e+00 2.00000000e+00
 2.00000000e+00 2.00000000e+00 2.00000000e+00 2.00000000e+00
 2.00000000e+00 2.00000000e+00 2.00000000e+00 2.00000000e+00
 2.00000000e+00 2.00000000e+00 2.00000000e+00 2.00000000e+00
 2.00000000e+00 2.00000000e+00 2.00000000e+00 2.00000000e+00
 2.00000000e+00 2.00000000e+00 2.00000000e+00 2.00000000e+00
 2.00000000e+00 2.00000000e+00 2.00000000e+00 2.00000000e+00
 2.00000000e+00 2.00000000e+00 2.00000000e+00 2.00000000e+00
 2.00000000e+00 2.00000000e+00 2.00000000e+00 2.00000000e+00]

	SCF Occupancy Eigenvalues for Fragment Number : # 4
	[1.78867219e-15 1.55941866e-15 1.09684473e-15 1.07158023e-15
 1.06973681e-15 1.04977122e-15 9.95261564e-16 9.00207679e-16
 8.74235720e-16 7.93099279e-16 6.92102433e-16 5.80054173e-16
 5.66363339e-16 4.86908644e-16 4.83193913e-16 4.21912690e-16
 3.84948955e-16 3.58708782e-16 3.31855445e-16 3.26226462e-16
 2.71345249e-16 2.48803052e-16 2.35380929e-16 2.06782338e-16
 1.50954603e-16 1.36446933e-16 1.30592251e-16 1.18300029e-16
 1.11294646e-16 9.24065469e-17 6.61403587e-17 2.62575687e-17
 1.43379613e-17 1.08861339e-17 5.87455707e-18 3.16203514e-18
 1.30990078e-18 9.50697998e-19 2.06262784e-18 3.02458557e-18
 7.00074374e-18 1.18657795e-17 3.17052815e-17 4.52403845e-17
 6.16266691e-17 8.56805476e-17 1.43072054e-16 1.53839641e-16
 1.58460938e-16 2.32905855e-16 2.36304795e-16 2.69068623e-16
 2.72544030e-16 3.26730346e-16 4.09887075e-16 4.30838992e-16
 5.69287119e-16 6.11532759e-16 6.32077161e-16 6.98448528e-16
 7.30809540e-16 7.46501278e-16 8.36889646e-16 9.01624147e-16
 1.04831880e-15 1.30075043e-15 1.30350559e-08 8.46816899e-08
 1.13961787e-07 4.79552666e-07 1.02482741e-06 3.03346010e-06
 3.68434659e-06 8.82956783e-06 2.05456817e-05 6.51865786e-05
 7.97952332e-05 1.12761031e-04 2.64246097e-04 5.46894007e-04
 1.39492806e-03 5.95195199e-03 1.14571895e-02 9.59785855e-01
 1.97080059e+00 1.98054306e+00 1.99010418e+00 1.99702485e+00
 1.99883026e+00 1.99966629e+00 1.99986794e+00 1.99991632e+00
 1.99995165e+00 1.99996799e+00 1.99999231e+00 1.99999674e+00
 1.99999796e+00 1.99999891e+00 1.99999933e+00 1.99999966e+00
 1.99999977e+00 1.99999988e+00 1.99999993e+00 1.99999996e+00
 1.99999998e+00 1.99999999e+00 1.99999999e+00 2.00000000e+00
 2.00000000e+00 2.00000000e+00 2.00000000e+00 2.00000000e+00
 2.00000000e+00 2.00000000e+00 2.00000000e+00 2.00000000e+00
 2.00000000e+00 2.00000000e+00 2.00000000e+00 2.00000000e+00
 2.00000000e+00 2.00000000e+00 2.00000000e+00 2.00000000e+00
 2.00000000e+00 2.00000000e+00]

		Fragment Number : #  1
		------------------------
		CCSD diag: n_active_mos=98, n_active_electrons=98, trace(onerdm)=98.00000000000001
		Fragment Energy = -534.8263204645298
		Number of Electrons in Fragment = 33.837211026790506
		Fragment Number : #  2
		------------------------
		CCSD diag: n_active_mos=26, n_active_electrons=26, trace(onerdm)=25.999999999999996
		Fragment Energy = -112.49575564539656
		Number of Electrons in Fragment = 7.9983229853110265
		Fragment Number : #  3
		------------------------
		CCSD diag: n_active_mos=102, n_active_electrons=102, trace(onerdm)=102.0
		Fragment Energy = -536.0898877554282
		Number of Electrons in Fragment = 35.07843064473739
		Fragment Number : #  4
		------------------------
		CCSD diag: n_active_mos=26, n_active_electrons=26, trace(onerdm)=26.0
		Fragment Energy = -112.11280952008255
		Number of Electrons in Fragment = 8.001056530997076
		Fragment Number : #  5
		------------------------
		CCSD diag: n_active_mos=102, n_active_electrons=102, trace(onerdm)=101.99999999999997
		Fragment Energy = -535.4209763388396
		Number of Electrons in Fragment = 35.08499056592339
 	Iteration =  4
 	----------------
 
	SCF Occupancy Eigenvalues for Fragment Number : # 0
	[1.84608128e-15 1.49878257e-15 1.31750252e-15 1.15333787e-15
 9.48160155e-16 9.38501498e-16 7.51689668e-16 7.22075443e-16
 6.77257564e-16 6.51185450e-16 5.74707891e-16 5.70643574e-16
 5.23664894e-16 5.05906801e-16 4.44805649e-16 3.85845954e-16
 3.42634150e-16 2.67753557e-16 2.47917497e-16 1.96644455e-16
 1.87934476e-16 1.84373775e-16 1.37264052e-16 1.33275942e-16
 1.32184985e-16 9.89699282e-17 6.91673024e-17 5.88089345e-17
 3.01460790e-17 1.37992796e-17 1.33346576e-17 1.22343180e-17
 4.49902031e-18 3.72339758e-18 1.28424075e-18 1.20239576e-18
 3.17652209e-18 4.76831686e-18 9.41403838e-18 1.54443393e-17
 2.50140339e-17 2.60735492e-17 4.52493843e-17 5.68412233e-17
 5.80071379e-17 1.18729013e-16 1.25611453e-16 1.70852430e-16
 1.87415325e-16 1.89879376e-16 2.31632482e-16 2.89710214e-16
 2.92532864e-16 3.12165943e-16 3.83556906e-16 3.97479045e-16
 4.31688162e-16 5.16553712e-16 6.48252593e-16 6.48257695e-16
 6.84292599e-16 7.45867753e-16 7.72301272e-16 7.93975603e-16
 9.10152481e-16 9.33068146e-16 9.46348554e-16 1.91710335e-15
 4.90868581e-07 1.36342483e-06 3.37161661e-06 1.19313786e-05
 1.69725452e-05 6.63514989e-05 9.44433563e-05 1.63632250e-04
 8.16144649e-04 1.38243142e-03 2.32227509e-03 4.39432412e-03
 8.04102920e-03 1.22403081e-02 3.30663234e-02 3.83218501e-02
 1.03281887e+00 1.06519894e+00 1.98164615e+00 1.98898860e+00
 1.98963686e+00 1.99298228e+00 1.99755381e+00 1.99844846e+00
 1.99883834e+00 1.99948355e+00 1.99983117e+00 1.99985209e+00
 1.99994394e+00 1.99996555e+00 1.99998158e+00 1.99998661e+00
 1.99999265e+00 1.99999412e+00 1.99999696e+00 1.99999781e+00
 1.99999848e+00 1.99999858e+00 1.99999910e+00 1.99999911e+00
 1.99999953e+00 1.99999970e+00 1.99999985e+00 1.99999991e+00
 1.99999995e+00 1.99999997e+00 1.99999998e+00 1.99999999e+00
 2.00000000e+00 2.00000000e+00 2.00000000e+00 2.00000000e+00
 2.00000000e+00 2.00000000e+00 2.00000000e+00 2.00000000e+00
 2.00000000e+00 2.00000000e+00 2.00000000e+00 2.00000000e+00]

	SCF Occupancy Eigenvalues for Fragment Number : # 1
	[1.64148595e-15 1.57414865e-15 1.39160658e-15 1.27736039e-15
 1.21494569e-15 1.19592693e-15 1.07560083e-15 1.01672596e-15
 9.51646446e-16 9.44262527e-16 9.40708816e-16 9.08288798e-16
 8.42676654e-16 8.16650679e-16 7.87405984e-16 7.83732685e-16
 6.65989845e-16 6.46617857e-16 6.20996885e-16 6.20229642e-16
 5.70757964e-16 5.44246948e-16 4.87378045e-16 4.83282444e-16
 4.60898255e-16 4.58228479e-16 4.36243734e-16 4.02446706e-16
 3.72405094e-16 3.66917185e-16 3.04918288e-16 2.69776640e-16
 2.62924866e-16 2.25216811e-16 2.02953269e-16 1.96847422e-16
 1.66908636e-16 1.59734126e-16 1.29016911e-16 1.27007559e-16
 1.13898939e-16 1.11584069e-16 9.41857391e-17 6.57850659e-17
 6.52764641e-17 3.67544536e-17 2.17140383e-17 1.98790465e-17
 1.19664461e-17 7.88271487e-18 6.72967741e-18 5.99813285e-18
 3.68659434e-18 2.74359827e-18 2.68466378e-18 1.15479151e-18
 2.53180484e-19 3.54759317e-19 1.64021077e-18 3.88270557e-18
 6.17003703e-18 9.44671932e-18 1.24722085e-17 1.36698348e-17
 1.47192243e-17 1.77944729e-17 3.60198578e-17 6.96383383e-17
 1.04634659e-16 1.14826679e-16 1.39796947e-16 1.54007243e-16
 1.54296909e-16 1.60455254e-16 1.77055608e-16 2.23220663e-16
 2.41929504e-16 2.54329104e-16 2.57252226e-16 2.87787371e-16
 3.49091147e-16 3.63765021e-16 4.11505792e-16 4.29286311e-16
 4.50842757e-16 4.64667752e-16 5.08906452e-16 6.03528133e-16
 6.04662688e-16 6.05371047e-16 6.06417783e-16 6.52974686e-16
 6.69771015e-16 6.76385926e-16 7.37784662e-16 7.52494495e-16
 7.77603454e-16 8.71559504e-16 8.73265097e-16 1.09263645e-15
 1.21815398e-15 1.35896889e-15 1.83085345e-15 2.36129971e-15
 2.17031903e-05 1.08311748e-02 3.01110785e-02 9.53025782e-01
 1.04808282e+00 1.98019617e+00 1.99188534e+00 1.99858572e+00
 1.99895149e+00 1.99950447e+00 1.99982654e+00 1.99992584e+00
 1.99996220e+00 2.00000000e+00 2.00000000e+00 2.00000000e+00
 2.00000000e+00 2.00000000e+00 2.00000000e+00 2.00000000e+00
 2.00000000e+00 2.00000000e+00 2.00000000e+00 2.00000000e+00
 2.00000000e+00 2.00000000e+00 2.00000000e+00 2.00000000e+00
 2.00000000e+00 2.00000000e+00 2.00000000e+00 2.00000000e+00
 2.00000000e+00 2.00000000e+00 2.00000000e+00 2.00000000e+00
 2.00000000e+00 2.00000000e+00 2.00000000e+00 2.00000000e+00
 2.00000000e+00 2.00000000e+00 2.00000000e+00 2.00000000e+00
 2.00000000e+00 2.00000000e+00 2.00000000e+00 2.00000000e+00
 2.00000000e+00 2.00000000e+00 2.00000000e+00 2.00000000e+00
 2.00000000e+00 2.00000000e+00 2.00000000e+00 2.00000000e+00
 2.00000000e+00 2.00000000e+00 2.00000000e+00 2.00000000e+00]

	SCF Occupancy Eigenvalues for Fragment Number : # 2
	[1.52104371e-15 1.43144760e-15 1.15575115e-15 9.76897316e-16
 8.90258733e-16 8.80751895e-16 8.37265901e-16 8.35891436e-16
 7.01892970e-16 7.01348197e-16 6.75197309e-16 5.37044564e-16
 5.32530347e-16 5.18941138e-16 4.47018105e-16 4.17094983e-16
 3.50117027e-16 2.89380083e-16 2.64554251e-16 2.24741957e-16
 1.47696601e-16 1.39888939e-16 1.30327320e-16 1.13357112e-16
 7.13630941e-17 6.69343885e-17 6.65261653e-17 3.08822029e-17
 1.20396971e-17 9.92479104e-18 4.77005028e-18 3.86610452e-18
 9.01508904e-19 3.74246065e-19 6.95812877e-19 1.69748423e-18
 2.25923953e-18 6.43294397e-18 1.68184376e-17 1.70337126e-17
 2.55666898e-17 2.56238429e-17 3.59522078e-17 7.48674287e-17
 8.14923157e-17 8.73039520e-17 1.15067085e-16 1.55053748e-16
 1.57948322e-16 1.90465327e-16 1.97882521e-16 2.71871717e-16
 3.36774033e-16 3.52399924e-16 4.18191469e-16 4.24383366e-16
 5.91101282e-16 6.13593295e-16 6.53839423e-16 6.82055069e-16
 7.13823285e-16 7.33603160e-16 8.76533776e-16 8.99725476e-16
 9.59459494e-16 1.17632834e-15 6.10331109e-09 5.07871990e-08
 7.75634565e-08 1.67728012e-07 8.97134119e-07 1.88766644e-06
 2.75081871e-06 6.37904261e-06 2.05229651e-05 5.88001468e-05
 7.19900675e-05 9.92832605e-05 1.99903671e-04 4.26365695e-04
 9.65039872e-04 5.70975198e-03 1.13621032e-02 9.50490419e-01
 1.98011497e+00 1.98604891e+00 1.98945917e+00 1.99648566e+00
 1.99886529e+00 1.99970334e+00 1.99976123e+00 1.99992148e+00
 1.99995523e+00 1.99997524e+00 1.99999291e+00 1.99999798e+00
 1.99999859e+00 1.99999941e+00 1.99999969e+00 1.99999971e+00
 1.99999985e+00 1.99999991e+00 1.99999996e+00 1.99999997e+00
 1.99999998e+00 1.99999999e+00 1.99999999e+00 2.00000000e+00
 2.00000000e+00 2.00000000e+00 2.00000000e+00 2.00000000e+00
 2.00000000e+00 2.00000000e+00 2.00000000e+00 2.00000000e+00
 2.00000000e+00 2.00000000e+00 2.00000000e+00 2.00000000e+00
 2.00000000e+00 2.00000000e+00 2.00000000e+00 2.00000000e+00
 2.00000000e+00 2.00000000e+00]

	SCF Occupancy Eigenvalues for Fragment Number : # 3
	[1.59117115e-15 1.41820993e-15 1.31096180e-15 1.17080703e-15
 9.82778492e-16 9.65736269e-16 9.61205138e-16 9.07236992e-16
 8.29498959e-16 7.79247352e-16 7.55876258e-16 7.46127315e-16
 7.08306730e-16 6.72645328e-16 6.24500259e-16 5.60818795e-16
 5.24083715e-16 4.93050093e-16 4.77506029e-16 4.66344072e-16
 4.60377664e-16 4.28925893e-16 3.88950943e-16 3.48386594e-16
 3.38958173e-16 3.38671893e-16 2.62167217e-16 2.38481191e-16
 2.30070114e-16 2.03366099e-16 1.53811413e-16 1.44934936e-16
 1.20151092e-16 9.84780192e-17 7.98231956e-17 7.55268243e-17
 6.99496810e-17 6.75088540e-17 6.03661392e-17 4.71103205e-17
 3.70283315e-17 3.30545102e-17 1.25735655e-17 8.66021084e-18
 6.57973369e-18 5.99493667e-18 3.14763597e-18 9.66503873e-19
 8.34973808e-19 1.28230179e-19 2.27073076e-18 3.81462175e-18
 5.38750260e-18 8.03776454e-18 8.45750963e-18 1.67052405e-17
 1.81807152e-17 1.95766889e-17 2.88896639e-17 3.86989862e-17
 5.88571770e-17 5.97526421e-17 9.25541086e-17 9.82617015e-17
 1.18968482e-16 1.23464819e-16 1.32184617e-16 1.36307275e-16
 1.74641923e-16 1.99408083e-16 2.06748279e-16 2.09236460e-16
 2.26979156e-16 2.37688467e-16 2.39171541e-16 2.42406668e-16
 2.59884318e-16 3.53313429e-16 3.54041059e-16 3.63350116e-16
 3.86110274e-16 3.94170866e-16 4.17624653e-16 4.54256824e-16
 4.84406044e-16 5.12601147e-16 5.86869307e-16 6.37508848e-16
 6.45263760e-16 6.47054121e-16 6.55032821e-16 6.88276186e-16
 7.02828083e-16 7.59305032e-16 8.25765089e-16 8.37064443e-16
 9.58331728e-16 1.01859091e-15 1.09495537e-15 1.10214920e-15
 1.20229200e-15 1.33775696e-15 1.42533061e-15 1.63041045e-15
 2.08830923e-05 1.05011549e-02 3.39695466e-02 9.53222348e-01
 1.04178996e+00 1.97581376e+00 1.99425627e+00 1.99874979e+00
 1.99924443e+00 1.99959264e+00 1.99986178e+00 1.99995729e+00
 1.99998510e+00 2.00000000e+00 2.00000000e+00 2.00000000e+00
 2.00000000e+00 2.00000000e+00 2.00000000e+00 2.00000000e+00
 2.00000000e+00 2.00000000e+00 2.00000000e+00 2.00000000e+00
 2.00000000e+00 2.00000000e+00 2.00000000e+00 2.00000000e+00
 2.00000000e+00 2.00000000e+00 2.00000000e+00 2.00000000e+00
 2.00000000e+00 2.00000000e+00 2.00000000e+00 2.00000000e+00
 2.00000000e+00 2.00000000e+00 2.00000000e+00 2.00000000e+00
 2.00000000e+00 2.00000000e+00 2.00000000e+00 2.00000000e+00
 2.00000000e+00 2.00000000e+00 2.00000000e+00 2.00000000e+00
 2.00000000e+00 2.00000000e+00 2.00000000e+00 2.00000000e+00
 2.00000000e+00 2.00000000e+00 2.00000000e+00 2.00000000e+00
 2.00000000e+00 2.00000000e+00 2.00000000e+00 2.00000000e+00]

	SCF Occupancy Eigenvalues for Fragment Number : # 4
	[1.78867219e-15 1.55941866e-15 1.09684473e-15 1.07158023e-15
 1.06973681e-15 1.04977122e-15 9.95261564e-16 9.00207679e-16
 8.74235720e-16 7.93099279e-16 6.92102433e-16 5.80054173e-16
 5.66363339e-16 4.86908644e-16 4.83193913e-16 4.21912690e-16
 3.84948955e-16 3.58708782e-16 3.31855445e-16 3.26226462e-16
 2.71345249e-16 2.48803052e-16 2.35380929e-16 2.06782338e-16
 1.50954603e-16 1.36446933e-16 1.30592251e-16 1.18300029e-16
 1.11294646e-16 9.24065469e-17 6.61403587e-17 2.62575687e-17
 1.43379613e-17 1.08861339e-17 5.87455707e-18 3.16203514e-18
 1.30990078e-18 9.50697998e-19 2.06262784e-18 3.02458557e-18
 7.00074374e-18 1.18657795e-17 3.17052815e-17 4.52403845e-17
 6.16266691e-17 8.56805476e-17 1.43072054e-16 1.53839641e-16
 1.58460938e-16 2.32905855e-16 2.36304795e-16 2.69068623e-16
 2.72544030e-16 3.26730346e-16 4.09887075e-16 4.30838992e-16
 5.69287119e-16 6.11532759e-16 6.32077161e-16 6.98448528e-16
 7.30809540e-16 7.46501278e-16 8.36889646e-16 9.01624147e-16
 1.04831880e-15 1.30075043e-15 1.30350559e-08 8.46816899e-08
 1.13961787e-07 4.79552666e-07 1.02482741e-06 3.03346010e-06
 3.68434659e-06 8.82956783e-06 2.05456817e-05 6.51865786e-05
 7.97952332e-05 1.12761031e-04 2.64246097e-04 5.46894007e-04
 1.39492806e-03 5.95195199e-03 1.14571895e-02 9.59785855e-01
 1.97080059e+00 1.98054306e+00 1.99010418e+00 1.99702485e+00
 1.99883026e+00 1.99966629e+00 1.99986794e+00 1.99991632e+00
 1.99995165e+00 1.99996799e+00 1.99999231e+00 1.99999674e+00
 1.99999796e+00 1.99999891e+00 1.99999933e+00 1.99999966e+00
 1.99999977e+00 1.99999988e+00 1.99999993e+00 1.99999996e+00
 1.99999998e+00 1.99999999e+00 1.99999999e+00 2.00000000e+00
 2.00000000e+00 2.00000000e+00 2.00000000e+00 2.00000000e+00
 2.00000000e+00 2.00000000e+00 2.00000000e+00 2.00000000e+00
 2.00000000e+00 2.00000000e+00 2.00000000e+00 2.00000000e+00
 2.00000000e+00 2.00000000e+00 2.00000000e+00 2.00000000e+00
 2.00000000e+00 2.00000000e+00]

		Fragment Number : #  1
		------------------------
		CCSD diag: n_active_mos=98, n_active_electrons=98, trace(onerdm)=98.0
		Fragment Energy = -534.8262911432554
		Number of Electrons in Fragment = 33.83720786887113
		Fragment Number : #  2
		------------------------
		CCSD diag: n_active_mos=26, n_active_electrons=26, trace(onerdm)=26.0
		Fragment Energy = -112.49573084907354
		Number of Electrons in Fragment = 7.9983204490722954
		Fragment Number : #  3
		------------------------
		CCSD diag: n_active_mos=102, n_active_electrons=102, trace(onerdm)=102.00000000000001
		Fragment Energy = -536.0898727576252
		Number of Electrons in Fragment = 35.07842892668925
		Fragment Number : #  4
		------------------------
		CCSD diag: n_active_mos=26, n_active_electrons=26, trace(onerdm)=26.000000000000004
		Fragment Energy = -112.1127845171599
		Number of Electrons in Fragment = 8.001053954968294
		Fragment Number : #  5
		------------------------
		CCSD diag: n_active_mos=102, n_active_electrons=102, trace(onerdm)=101.99999999999999
		Fragment Energy = -535.420960982731
		Number of Electrons in Fragment = 35.08498880450373
 	*** DMET Cycle Done *** 
 	DMET Energy ( a.u. ) =   -731.1492181829
 	Chemical Potential   =     -0.0038154844
TPP DMET energy (Hartree): -731.149218
Optimizing CO2-only geometry...
geometric-optimize called with the following command line:
run_dmet_sqd_relaxed_monomers.py

                                        [91m())))))))))))))))/[0m                     
                                    [91m())))))))))))))))))))))))),[0m                
                                [91m*)))))))))))))))))))))))))))))))))[0m             
                        [94m#,[0m    [91m()))))))))/[0m                [91m.)))))))))),[0m          
                      [94m#%%%%,[0m  [91m())))))[0m                        [91m.))))))))*[0m        
                      [94m*%%%%%%,[0m  [91m))[0m              [93m..[0m              [91m,))))))).[0m      
                        [94m*%%%%%%,[0m         [93m***************/.[0m        [91m.)))))))[0m     
                [94m#%%/[0m      [94m(%%%%%%,[0m    [93m/*********************.[0m       [91m)))))))[0m    
              [94m.%%%%%%#[0m      [94m*%%%%%%,[0m  [93m*******/,[0m     [93m**********,[0m      [91m.))))))[0m   
                [94m.%%%%%%/[0m      [94m*%%%%%%,[0m  [93m**[0m              [93m********[0m      [91m.))))))[0m  
          [94m##[0m      [94m.%%%%%%/[0m      [94m(%%%%%%,[0m                  [93m,******[0m      [91m/)))))[0m  
        [94m%%%%%%[0m      [94m.%%%%%%#[0m      [94m*%%%%%%,[0m    [92m,/////.[0m       [93m******[0m      [91m))))))[0m 
      [94m#%[0m      [94m%%[0m      [94m.%%%%%%/[0m      [94m*%%%%%%,[0m  [92m////////,[0m      [93m*****/[0m     [91m,)))))[0m 
    [94m#%%[0m  [94m%%%[0m  [94m%%%#[0m      [94m.%%%%%%/[0m      [94m(%%%%%%,[0m  [92m///////.[0m     [93m/*****[0m      [91m))))).[0m
  [94m#%%%%.[0m      [94m%%%%%#[0m      [94m/%%%%%%*[0m      [94m#%%%%%%[0m   [92m/////)[0m     [93m******[0m      [91m))))),[0m
    [94m#%%%%##%[0m  [94m%%%#[0m      [94m.%%%%%%/[0m      [94m(%%%%%%,[0m  [92m///////.[0m     [93m/*****[0m      [91m))))).[0m
      [94m##[0m     [94m%%%[0m      [94m.%%%%%%/[0m      [94m*%%%%%%,[0m  [92m////////.[0m      [93m*****/[0m     [91m,)))))[0m 
        [94m#%%%%#[0m      [94m/%%%%%%/[0m      [94m(%%%%%%[0m      [92m/)/)//[0m       [93m******[0m      [91m))))))[0m 
          [94m##[0m      [94m.%%%%%%/[0m      [94m(%%%%%%,[0m                  [93m*******[0m      [91m))))))[0m  
                [94m.%%%%%%/[0m      [94m*%%%%%%,[0m  [93m**.[0m             [93m/*******[0m      [91m.))))))[0m  
              [94m*%%%%%%/[0m      [94m(%%%%%%[0m   [93m********/*..,*/*********[0m       [91m*))))))[0m   
                [94m#%%/[0m      [94m(%%%%%%,[0m    [93m*********************/[0m        [91m)))))))[0m    
                        [94m*%%%%%%,[0m         [93m,**************/[0m         [91m,))))))/[0m     
                      [94m(%%%%%%[0m   [91m()[0m                              [91m))))))))[0m       
                      [94m#%%%%,[0m  [91m())))))[0m                        [91m,)))))))),[0m        
                        [94m#,[0m    [91m())))))))))[0m                [91m,)))))))))).[0m          
                                 [91m()))))))))))))))))))))))))))))))/[0m             
                                    [91m())))))))))))))))))))))))).[0m                
                                         [91m())))))))))))))),[0m                     

-=# [1;94m geomeTRIC started. Version: 1.1 [0m #=-
Current date and time: 2026-03-17 11:15:36
#========================================================#
#| [92m    Arguments passed to driver run_optimizer():     [0m |#
#========================================================#
customengine              <pyscf.geomopt.geometric_solver.PySCFEngine object at 0x7fae13eca000> 
input                     /tmp/tmp3apntrvn/f015ca9f-05f7-45b7-9434-facdb0816565 
logIni                    /home/bhabani/miniconda3/lib/python3.12/site-packages/pyscf/geomopt/log.ini 
maxiter                   100 
tmpdir                    /tmp/tmpbvsmqg3q 
----------------------------------------------------------
Custom engine selected.
Bonds will be generated from interatomic distances less than 1.20 times sum of covalent radii
9 internal coordinates being used (instead of 9 Cartesians)
Internal coordinate system (atoms numbered from 1):
Distance 1-2
Distance 1-3
Angle 2-1-3
Translation-X 1-3
Translation-Y 1-3
Translation-Z 1-3
Rotation-A 1-3
Rotation-B 1-3
Rotation-C 1-3
<class 'geometric.internal.Distance'> : 2
<class 'geometric.internal.Angle'> : 1
<class 'geometric.internal.TranslationX'> : 1
<class 'geometric.internal.TranslationY'> : 1
<class 'geometric.internal.TranslationZ'> : 1
<class 'geometric.internal.RotationA'> : 1
<class 'geometric.internal.RotationB'> : 1
<class 'geometric.internal.RotationC'> : 1
> ===== Optimization Info: ====
> Job type: Energy minimization
> Maximum number of optimization cycles: 100
> Initial / maximum trust radius (Angstrom): 0.100 / 0.300
> Convergence Criteria:
> Will converge when all 5 criteria are reached:
>  |Delta-E| < 1.00e-06
>  RMS-Grad  < 3.00e-04
>  Max-Grad  < 4.50e-04
>  RMS-Disp  < 1.20e-03
>  Max-Disp  < 1.80e-03
> === End Optimization Info ===
WARN: Mole.unit (Angstrom) is changed to Bohr
Step    0 : Gradient = 1.754e-01/2.295e-01 (rms/max) Energy = -186.4593915463
Hessian Eigenvalues: 5.00000e-02 5.00000e-02 5.00000e-02 ... 2.50000e-01 7.43764e-01 7.89301e-01
Step    1 : Displace = [0m9.715e-02[0m/[0m1.369e-01[0m (rms/max) Trust = 1.000e-01 (=) Grad = [0m1.029e-01[0m/[0m1.275e-01[0m (rms/max) E (change) = -186.5260412138 ([0m-6.665e-02[0m) Quality = [0m1.137[0m
Hessian Eigenvalues: 5.00000e-02 5.00000e-02 5.00000e-02 ... 2.28512e-01 5.69745e-01 7.72202e-01
Step    2 : Displace = [0m1.477e-01[0m/[0m1.989e-01[0m (rms/max) Trust = 1.414e-01 ([92m+[0m) Grad = [0m1.150e-01[0m/[0m1.544e-01[0m (rms/max) E (change) = -186.5486629641 ([0m-2.262e-02[0m) Quality = [0m0.569[0m
Updating Hessian using 2 steps from history
Hessian Eigenvalues: 5.00000e-02 5.00000e-02 5.00000e-02 ... 1.83703e-01 7.71179e-01 1.13189e+00
Step    3 : Displace = [0m5.497e-02[0m/[0m6.847e-02[0m (rms/max) Trust = 1.414e-01 (=) Grad = [0m2.778e-02[0m/[0m3.797e-02[0m (rms/max) E (change) = -186.5602854978 ([0m-1.162e-02[0m) Quality = [0m0.669[0m
Hessian Eigenvalues: 5.00000e-02 5.00000e-02 5.00000e-02 ... 1.83355e-01 7.71775e-01 1.40094e+00
Step    4 : Displace = [0m1.015e-02[0m/[0m1.315e-02[0m (rms/max) Trust = 1.414e-01 (=) Grad = [0m5.095e-03[0m/[0m7.118e-03[0m (rms/max) E (change) = -186.5612279421 ([0m-9.424e-04[0m) Quality = [0m1.193[0m
Hessian Eigenvalues: 5.00000e-02 5.00000e-02 5.00000e-02 ... 1.83361e-01 7.68250e-01 1.15459e+00
Step    5 : Displace = [0m2.206e-03[0m/[0m2.937e-03[0m (rms/max) Trust = 2.000e-01 ([92m+[0m) Grad = [0m4.518e-04[0m/[0m5.802e-04[0m (rms/max) E (change) = -186.5612573486 ([0m-2.941e-05[0m) Quality = [0m0.940[0m
Hessian Eigenvalues: 5.00000e-02 5.00000e-02 5.00000e-02 ... 1.83361e-01 7.78979e-01 1.21206e+00
Step    6 : Displace = [92m1.329e-04[0m/[92m1.870e-04[0m (rms/max) Trust = 2.828e-01 ([92m+[0m) Grad = [92m7.879e-05[0m/[92m1.108e-04[0m (rms/max) E (change) = -186.5612574959 ([92m-1.473e-07[0m) Quality = [0m0.915[0m
Hessian Eigenvalues: 5.00000e-02 5.00000e-02 5.00000e-02 ... 1.83361e-01 7.78979e-01 1.21206e+00
Converged! =D

    #==========================================================================#
    #| If this code has benefited your research, please support us by citing: |#
    #|                                                                        |#
    #| Wang, L.-P.; Song, C.C. (2016) "Geometry optimization made simple with |#
    #| translation and rotation coordinates", J. Chem, Phys. 144, 214108.     |#
    #| http://dx.doi.org/10.1063/1.4952956                                    |#
    #==========================================================================#
    Time elapsed since start of run_optimizer: 1.977 seconds
WARN: ECP not specified. The basis set CRENBL include an ECP. Recommended ECP: CRENBL.
Traceback (most recent call last):
  File "/home/bhabani/Kishore/Tangelo_2.0/run_dmet_sqd_relaxed_monomers.py", line 169, in <module>
    "solvers_options": [sqd_options],
                        ^^^^^^^^^^^
NameError: name 'sqd_options' is not defined. Did you mean: 'ccsd_options'?
