Optimizing CO2-only geometry...
geometric-optimize called with the following command line:
run_dmet_sqd_relaxed_monomers.py

                                        [91m())))))))))))))))/[0m                     
                                    [91m())))))))))))))))))))))))),[0m                
                                [91m*)))))))))))))))))))))))))))))))))[0m             
                        [94m#,[0m    [91m()))))))))/[0m                [91m.)))))))))),[0m          
                      [94m#%%%%,[0m  [91m())))))[0m                        [91m.))))))))*[0m        
                      [94m*%%%%%%,[0m  [91m))[0m              [93m..[0m              [91m,))))))).[0m      
                        [94m*%%%%%%,[0m         [93m***************/.[0m        [91m.)))))))[0m     
                [94m#%%/[0m      [94m(%%%%%%,[0m    [93m/*********************.[0m       [91m)))))))[0m    
              [94m.%%%%%%#[0m      [94m*%%%%%%,[0m  [93m*******/,[0m     [93m**********,[0m      [91m.))))))[0m   
                [94m.%%%%%%/[0m      [94m*%%%%%%,[0m  [93m**[0m              [93m********[0m      [91m.))))))[0m  
          [94m##[0m      [94m.%%%%%%/[0m      [94m(%%%%%%,[0m                  [93m,******[0m      [91m/)))))[0m  
        [94m%%%%%%[0m      [94m.%%%%%%#[0m      [94m*%%%%%%,[0m    [92m,/////.[0m       [93m******[0m      [91m))))))[0m 
      [94m#%[0m      [94m%%[0m      [94m.%%%%%%/[0m      [94m*%%%%%%,[0m  [92m////////,[0m      [93m*****/[0m     [91m,)))))[0m 
    [94m#%%[0m  [94m%%%[0m  [94m%%%#[0m      [94m.%%%%%%/[0m      [94m(%%%%%%,[0m  [92m///////.[0m     [93m/*****[0m      [91m))))).[0m
  [94m#%%%%.[0m      [94m%%%%%#[0m      [94m/%%%%%%*[0m      [94m#%%%%%%[0m   [92m/////)[0m     [93m******[0m      [91m))))),[0m
    [94m#%%%%##%[0m  [94m%%%#[0m      [94m.%%%%%%/[0m      [94m(%%%%%%,[0m  [92m///////.[0m     [93m/*****[0m      [91m))))).[0m
      [94m##[0m     [94m%%%[0m      [94m.%%%%%%/[0m      [94m*%%%%%%,[0m  [92m////////.[0m      [93m*****/[0m     [91m,)))))[0m 
        [94m#%%%%#[0m      [94m/%%%%%%/[0m      [94m(%%%%%%[0m      [92m/)/)//[0m       [93m******[0m      [91m))))))[0m 
          [94m##[0m      [94m.%%%%%%/[0m      [94m(%%%%%%,[0m                  [93m*******[0m      [91m))))))[0m  
                [94m.%%%%%%/[0m      [94m*%%%%%%,[0m  [93m**.[0m             [93m/*******[0m      [91m.))))))[0m  
              [94m*%%%%%%/[0m      [94m(%%%%%%[0m   [93m********/*..,*/*********[0m       [91m*))))))[0m   
                [94m#%%/[0m      [94m(%%%%%%,[0m    [93m*********************/[0m        [91m)))))))[0m    
                        [94m*%%%%%%,[0m         [93m,**************/[0m         [91m,))))))/[0m     
                      [94m(%%%%%%[0m   [91m()[0m                              [91m))))))))[0m       
                      [94m#%%%%,[0m  [91m())))))[0m                        [91m,)))))))),[0m        
                        [94m#,[0m    [91m())))))))))[0m                [91m,)))))))))).[0m          
                                 [91m()))))))))))))))))))))))))))))))/[0m             
                                    [91m())))))))))))))))))))))))).[0m                
                                         [91m())))))))))))))),[0m                     

-=# [1;94m geomeTRIC started. Version: 1.1 [0m #=-
Current date and time: 2026-03-20 11:19:21
#========================================================#
#| [92m    Arguments passed to driver run_optimizer():     [0m |#
#========================================================#
customengine              <pyscf.geomopt.geometric_solver.PySCFEngine object at 0x7f07946f20f0> 
input                     /tmp/tmpjzsewjeu/dab48e3a-9804-4710-ab91-c435751a1315 
logIni                    /home/bhabani/miniconda3/lib/python3.12/site-packages/pyscf/geomopt/log.ini 
maxiter                   100 
tmpdir                    /tmp/tmpahbfe_i3 
----------------------------------------------------------
Custom engine selected.
Bonds will be generated from interatomic distances less than 1.20 times sum of covalent radii
9 internal coordinates being used (instead of 9 Cartesians)
Internal coordinate system (atoms numbered from 1):
Distance 1-2
Distance 1-3
Angle 2-1-3
Translation-X 1-3
Translation-Y 1-3
Translation-Z 1-3
Rotation-A 1-3
Rotation-B 1-3
Rotation-C 1-3
<class 'geometric.internal.Distance'> : 2
<class 'geometric.internal.Angle'> : 1
<class 'geometric.internal.TranslationX'> : 1
<class 'geometric.internal.TranslationY'> : 1
<class 'geometric.internal.TranslationZ'> : 1
<class 'geometric.internal.RotationA'> : 1
<class 'geometric.internal.RotationB'> : 1
<class 'geometric.internal.RotationC'> : 1
> ===== Optimization Info: ====
> Job type: Energy minimization
> Maximum number of optimization cycles: 100
> Initial / maximum trust radius (Angstrom): 0.100 / 0.300
> Convergence Criteria:
> Will converge when all 5 criteria are reached:
>  |Delta-E| < 1.00e-06
>  RMS-Grad  < 3.00e-04
>  Max-Grad  < 4.50e-04
>  RMS-Disp  < 1.20e-03
>  Max-Disp  < 1.80e-03
> === End Optimization Info ===
WARN: Mole.unit (Angstrom) is changed to Bohr
Step    0 : Gradient = 1.754e-01/2.295e-01 (rms/max) Energy = -186.4593915463
Hessian Eigenvalues: 5.00000e-02 5.00000e-02 5.00000e-02 ... 2.50000e-01 7.43764e-01 7.89301e-01
Step    1 : Displace = [0m9.715e-02[0m/[0m1.369e-01[0m (rms/max) Trust = 1.000e-01 (=) Grad = [0m1.029e-01[0m/[0m1.275e-01[0m (rms/max) E (change) = -186.5260412138 ([0m-6.665e-02[0m) Quality = [0m1.137[0m
Hessian Eigenvalues: 5.00000e-02 5.00000e-02 5.00000e-02 ... 2.28512e-01 5.69745e-01 7.72202e-01
Step    2 : Displace = [0m1.477e-01[0m/[0m1.989e-01[0m (rms/max) Trust = 1.414e-01 ([92m+[0m) Grad = [0m1.150e-01[0m/[0m1.544e-01[0m (rms/max) E (change) = -186.5486629641 ([0m-2.262e-02[0m) Quality = [0m0.569[0m
Updating Hessian using 2 steps from history
Hessian Eigenvalues: 5.00000e-02 5.00000e-02 5.00000e-02 ... 1.83703e-01 7.71179e-01 1.13189e+00
Step    3 : Displace = [0m5.497e-02[0m/[0m6.847e-02[0m (rms/max) Trust = 1.414e-01 (=) Grad = [0m2.778e-02[0m/[0m3.797e-02[0m (rms/max) E (change) = -186.5602854978 ([0m-1.162e-02[0m) Quality = [0m0.669[0m
Hessian Eigenvalues: 5.00000e-02 5.00000e-02 5.00000e-02 ... 1.83355e-01 7.71775e-01 1.40094e+00
Step    4 : Displace = [0m1.015e-02[0m/[0m1.315e-02[0m (rms/max) Trust = 1.414e-01 (=) Grad = [0m5.095e-03[0m/[0m7.118e-03[0m (rms/max) E (change) = -186.5612279421 ([0m-9.424e-04[0m) Quality = [0m1.193[0m
Hessian Eigenvalues: 5.00000e-02 5.00000e-02 5.00000e-02 ... 1.83361e-01 7.68250e-01 1.15459e+00
Step    5 : Displace = [0m2.206e-03[0m/[0m2.937e-03[0m (rms/max) Trust = 2.000e-01 ([92m+[0m) Grad = [0m4.518e-04[0m/[0m5.802e-04[0m (rms/max) E (change) = -186.5612573486 ([0m-2.941e-05[0m) Quality = [0m0.940[0m
Hessian Eigenvalues: 5.00000e-02 5.00000e-02 5.00000e-02 ... 1.83361e-01 7.78979e-01 1.21206e+00
Step    6 : Displace = [92m1.329e-04[0m/[92m1.870e-04[0m (rms/max) Trust = 2.828e-01 ([92m+[0m) Grad = [92m7.879e-05[0m/[92m1.108e-04[0m (rms/max) E (change) = -186.5612574959 ([92m-1.473e-07[0m) Quality = [0m0.915[0m
Hessian Eigenvalues: 5.00000e-02 5.00000e-02 5.00000e-02 ... 1.83361e-01 7.78979e-01 1.21206e+00
Converged! =D

    #==========================================================================#
    #| If this code has benefited your research, please support us by citing: |#
    #|                                                                        |#
    #| Wang, L.-P.; Song, C.C. (2016) "Geometry optimization made simple with |#
    #| translation and rotation coordinates", J. Chem, Phys. 144, 214108.     |#
    #| http://dx.doi.org/10.1063/1.4952956                                    |#
    #==========================================================================#
    Time elapsed since start of run_optimizer: 20.839 seconds
WARN: ECP not specified. The basis set CRENBL include an ECP. Recommended ECP: CRENBL.
/home/bhabani/Kishore/Tangelo_2.0/tangelo/problem_decomposition/dmet/dmet_problem_decomposition.py:155: RuntimeWarning: The mean field will be recomputed even if one has been provided by the user.
  warnings.warn("The mean field will be recomputed even if one has been provided by the user.", RuntimeWarning)
 	Iteration =  1
 	----------------
 
	SCF Occupancy Eigenvalues for Fragment Number : # 0
	[]

Fragment: n_homo=10, n_lumo=11, kept=[9, 10, 11, 12]
		Fragment Number : #  1
		------------------------
Pass: Decompose - 1.12176 (ms)Pass: MergeOrbitalRotations - 0.06986 (ms)SQD counts diag: n_bits=8, first_bitstring=[0, 0, 1, 1, 0, 0, 1, 1], hamming_left=2, hamming_right=2
SQD postselect diag: total_samples=1, total_postselected=8, batch_sizes=[1, 1, 1, 1, 1, 1, 1, 1]
SQD batch diag: batch0_shape=(1, 8), first_bitstring=[0, 0, 1, 1, 0, 0, 1, 1], hamming_left=2, hamming_right=2
SQD sci diag: batch=0, norb=4, nelec=(2, 2), amp_norm=1.0, trace(rdm1)=4.0
SQD sci diag: batch=1, norb=4, nelec=(2, 2), amp_norm=1.0, trace(rdm1)=4.0
SQD sci diag: batch=2, norb=4, nelec=(2, 2), amp_norm=1.0, trace(rdm1)=4.0
SQD sci diag: batch=3, norb=4, nelec=(2, 2), amp_norm=1.0, trace(rdm1)=4.0
SQD sci diag: batch=4, norb=4, nelec=(2, 2), amp_norm=1.0, trace(rdm1)=4.0
SQD sci diag: batch=5, norb=4, nelec=(2, 2), amp_norm=1.0, trace(rdm1)=4.0
SQD sci diag: batch=6, norb=4, nelec=(2, 2), amp_norm=1.0, trace(rdm1)=4.0
SQD sci diag: batch=7, norb=4, nelec=(2, 2), amp_norm=1.0, trace(rdm1)=4.0
/home/bhabani/miniconda3/lib/python3.12/site-packages/qiskit_addon_sqd/configuration_recovery.py:230: RuntimeWarning: invalid value encountered in divide
  probs_left = probs_left / np.sum(probs_left)
/home/bhabani/miniconda3/lib/python3.12/site-packages/qiskit_addon_sqd/configuration_recovery.py:231: RuntimeWarning: invalid value encountered in divide
  probs_right = probs_right / np.sum(probs_right)
SQD postselect diag: total_samples=1, total_postselected=8, batch_sizes=[1, 1, 1, 1, 1, 1, 1, 1]
SQD batch diag: batch0_shape=(1, 8), first_bitstring=[0, 0, 1, 1, 0, 0, 1, 1], hamming_left=2, hamming_right=2
SQD sci diag: batch=0, norb=4, nelec=(2, 2), amp_norm=1.0, trace(rdm1)=4.0
SQD sci diag: batch=1, norb=4, nelec=(2, 2), amp_norm=1.0, trace(rdm1)=4.0
SQD sci diag: batch=2, norb=4, nelec=(2, 2), amp_norm=1.0, trace(rdm1)=4.0
SQD sci diag: batch=3, norb=4, nelec=(2, 2), amp_norm=1.0, trace(rdm1)=4.0
SQD sci diag: batch=4, norb=4, nelec=(2, 2), amp_norm=1.0, trace(rdm1)=4.0
SQD sci diag: batch=5, norb=4, nelec=(2, 2), amp_norm=1.0, trace(rdm1)=4.0
SQD sci diag: batch=6, norb=4, nelec=(2, 2), amp_norm=1.0, trace(rdm1)=4.0
SQD sci diag: batch=7, norb=4, nelec=(2, 2), amp_norm=1.0, trace(rdm1)=4.0
		SQD diag: n_active_mos=4, n_active_electrons=4, trace(onerdm)=4.0
		Fragment Energy = -245.16770333798857
		Number of Electrons in Fragment = 22.000000000000007
 	*** DMET Cycle Done *** 
 	DMET Energy ( a.u. ) =   -186.5612574958
 	Chemical Potential   =      0.0000000000
CO2 DMET energy (Hartree): -186.561257

Monomer energies (Hartree):
TPP: skipped
CO2: -186.5612574958
