Optimizing TPP-only geometry...
geometric-optimize called with the following command line:
run_dmet_sqd_tpp_monomer.py

                                        [91m())))))))))))))))/[0m                     
                                    [91m())))))))))))))))))))))))),[0m                
                                [91m*)))))))))))))))))))))))))))))))))[0m             
                        [94m#,[0m    [91m()))))))))/[0m                [91m.)))))))))),[0m          
                      [94m#%%%%,[0m  [91m())))))[0m                        [91m.))))))))*[0m        
                      [94m*%%%%%%,[0m  [91m))[0m              [93m..[0m              [91m,))))))).[0m      
                        [94m*%%%%%%,[0m         [93m***************/.[0m        [91m.)))))))[0m     
                [94m#%%/[0m      [94m(%%%%%%,[0m    [93m/*********************.[0m       [91m)))))))[0m    
              [94m.%%%%%%#[0m      [94m*%%%%%%,[0m  [93m*******/,[0m     [93m**********,[0m      [91m.))))))[0m   
                [94m.%%%%%%/[0m      [94m*%%%%%%,[0m  [93m**[0m              [93m********[0m      [91m.))))))[0m  
          [94m##[0m      [94m.%%%%%%/[0m      [94m(%%%%%%,[0m                  [93m,******[0m      [91m/)))))[0m  
        [94m%%%%%%[0m      [94m.%%%%%%#[0m      [94m*%%%%%%,[0m    [92m,/////.[0m       [93m******[0m      [91m))))))[0m 
      [94m#%[0m      [94m%%[0m      [94m.%%%%%%/[0m      [94m*%%%%%%,[0m  [92m////////,[0m      [93m*****/[0m     [91m,)))))[0m 
    [94m#%%[0m  [94m%%%[0m  [94m%%%#[0m      [94m.%%%%%%/[0m      [94m(%%%%%%,[0m  [92m///////.[0m     [93m/*****[0m      [91m))))).[0m
  [94m#%%%%.[0m      [94m%%%%%#[0m      [94m/%%%%%%*[0m      [94m#%%%%%%[0m   [92m/////)[0m     [93m******[0m      [91m))))),[0m
    [94m#%%%%##%[0m  [94m%%%#[0m      [94m.%%%%%%/[0m      [94m(%%%%%%,[0m  [92m///////.[0m     [93m/*****[0m      [91m))))).[0m
      [94m##[0m     [94m%%%[0m      [94m.%%%%%%/[0m      [94m*%%%%%%,[0m  [92m////////.[0m      [93m*****/[0m     [91m,)))))[0m 
        [94m#%%%%#[0m      [94m/%%%%%%/[0m      [94m(%%%%%%[0m      [92m/)/)//[0m       [93m******[0m      [91m))))))[0m 
          [94m##[0m      [94m.%%%%%%/[0m      [94m(%%%%%%,[0m                  [93m*******[0m      [91m))))))[0m  
                [94m.%%%%%%/[0m      [94m*%%%%%%,[0m  [93m**.[0m             [93m/*******[0m      [91m.))))))[0m  
              [94m*%%%%%%/[0m      [94m(%%%%%%[0m   [93m********/*..,*/*********[0m       [91m*))))))[0m   
                [94m#%%/[0m      [94m(%%%%%%,[0m    [93m*********************/[0m        [91m)))))))[0m    
                        [94m*%%%%%%,[0m         [93m,**************/[0m         [91m,))))))/[0m     
                      [94m(%%%%%%[0m   [91m()[0m                              [91m))))))))[0m       
                      [94m#%%%%,[0m  [91m())))))[0m                        [91m,)))))))),[0m        
                        [94m#,[0m    [91m())))))))))[0m                [91m,)))))))))).[0m          
                                 [91m()))))))))))))))))))))))))))))))/[0m             
                                    [91m())))))))))))))))))))))))).[0m                
                                         [91m())))))))))))))),[0m                     

-=# [1;94m geomeTRIC started. Version: 1.1 [0m #=-
Current date and time: 2026-03-24 16:55:09
#========================================================#
#| [92m    Arguments passed to driver run_optimizer():     [0m |#
#========================================================#
customengine              <pyscf.geomopt.geometric_solver.PySCFEngine object at 0x7f0b345fd340> 
input                     /tmp/tmp4_0ciy0c/55c48d18-5829-4124-b050-3ff82f0b26d9 
logIni                    /home/bhabani/miniconda3/lib/python3.12/site-packages/pyscf/geomopt/log.ini 
maxiter                   100 
tmpdir                    /tmp/tmpthpx7rxz 
----------------------------------------------------------
Custom engine selected.
Bonds will be generated from interatomic distances less than 1.20 times sum of covalent radii
87 internal coordinates being used (instead of 87 Cartesians)
Internal coordinate system (atoms numbered from 1):
Distance 1-2
Distance 1-5
Distance 1-18
Distance 2-3
Distance 2-6
Distance 3-4
Distance 3-7
Distance 4-5
Distance 4-8
Distance 8-9
Distance 8-10
Distance 8-11
Distance 11-12
Distance 11-13
Distance 12-14
Distance 12-28
Distance 13-15
Distance 13-16
Distance 15-17
Distance 15-28
Distance 18-19
Distance 18-20
Distance 18-21
Distance 21-22
Distance 21-23
Distance 22-24
Distance 22-25
Distance 23-26
Distance 23-29
Distance 24-27
Distance 24-29
Angle 2-1-18
Angle 5-1-18
Angle 1-2-6
Angle 3-2-6
Angle 2-3-7
Angle 4-3-7
Angle 3-4-8
Angle 5-4-8
Angle 1-5-4
Angle 4-8-9
Angle 4-8-10
Angle 4-8-11
Angle 9-8-10
Angle 9-8-11
Angle 10-8-11
Angle 8-11-13
Angle 12-11-13
Angle 11-12-28
Angle 14-12-28
Angle 11-13-16
Angle 15-13-16
Angle 13-15-28
Angle 17-15-28
Angle 1-18-19
Angle 1-18-20
Angle 1-18-21
Angle 19-18-20
Angle 19-18-21
Angle 20-18-21
Angle 18-21-23
Angle 22-21-23
Angle 21-22-25
Angle 24-22-25
Angle 21-23-29
Angle 26-23-29
Angle 22-24-29
Angle 27-24-29
Angle 12-28-15
Angle 23-29-24
Out-of-Plane 1-2-5-18
Out-of-Plane 2-1-3-6
Out-of-Plane 3-2-4-7
Out-of-Plane 4-3-5-8
Out-of-Plane 11-8-12-13
Out-of-Plane 12-11-14-28
Out-of-Plane 13-11-15-16
Out-of-Plane 15-13-17-28
Out-of-Plane 21-18-22-23
Out-of-Plane 22-21-24-25
Out-of-Plane 23-21-26-29
Out-of-Plane 24-22-27-29
Dihedral 5-1-2-3
Dihedral 5-1-2-6
Dihedral 18-1-2-3
Dihedral 18-1-2-6
Dihedral 2-1-5-4
Dihedral 18-1-5-4
Dihedral 2-1-18-19
Dihedral 2-1-18-20
Dihedral 2-1-18-21
Dihedral 5-1-18-19
Dihedral 5-1-18-20
Dihedral 5-1-18-21
Dihedral 1-2-3-4
Dihedral 1-2-3-7
Dihedral 6-2-3-4
Dihedral 6-2-3-7
Dihedral 2-3-4-5
Dihedral 2-3-4-8
Dihedral 7-3-4-5
Dihedral 7-3-4-8
Dihedral 3-4-5-1
Dihedral 8-4-5-1
Dihedral 3-4-8-9
Dihedral 3-4-8-10
Dihedral 3-4-8-11
Dihedral 5-4-8-9
Dihedral 5-4-8-10
Dihedral 5-4-8-11
Dihedral 4-8-11-12
Dihedral 4-8-11-13
Dihedral 9-8-11-12
Dihedral 9-8-11-13
Dihedral 10-8-11-12
Dihedral 10-8-11-13
Dihedral 8-11-12-14
Dihedral 8-11-12-28
Dihedral 13-11-12-14
Dihedral 13-11-12-28
Dihedral 8-11-13-15
Dihedral 8-11-13-16
Dihedral 12-11-13-15
Dihedral 12-11-13-16
Dihedral 11-12-28-15
Dihedral 14-12-28-15
Dihedral 11-13-15-17
Dihedral 11-13-15-28
Dihedral 16-13-15-17
Dihedral 16-13-15-28
Dihedral 13-15-28-12
Dihedral 17-15-28-12
Dihedral 1-18-21-22
Dihedral 1-18-21-23
Dihedral 19-18-21-22
Dihedral 19-18-21-23
Dihedral 20-18-21-22
Dihedral 20-18-21-23
Dihedral 18-21-22-24
Dihedral 18-21-22-25
Dihedral 23-21-22-24
Dihedral 23-21-22-25
Dihedral 18-21-23-26
Dihedral 18-21-23-29
Dihedral 22-21-23-26
Dihedral 22-21-23-29
Dihedral 21-22-24-27
Dihedral 21-22-24-29
Dihedral 25-22-24-27
Dihedral 25-22-24-29
Dihedral 21-23-29-24
Dihedral 26-23-29-24
Dihedral 22-24-29-23
Dihedral 27-24-29-23
Translation-X 1-29
Translation-Y 1-29
Translation-Z 1-29
Rotation-A 1-29
Rotation-B 1-29
Rotation-C 1-29
<class 'geometric.internal.Distance'> : 31
<class 'geometric.internal.Angle'> : 39
<class 'geometric.internal.OutOfPlane'> : 12
<class 'geometric.internal.Dihedral'> : 72
<class 'geometric.internal.TranslationX'> : 1
<class 'geometric.internal.TranslationY'> : 1
<class 'geometric.internal.TranslationZ'> : 1
<class 'geometric.internal.RotationA'> : 1
<class 'geometric.internal.RotationB'> : 1
<class 'geometric.internal.RotationC'> : 1
> ===== Optimization Info: ====
> Job type: Energy minimization
> Maximum number of optimization cycles: 100
> Initial / maximum trust radius (Angstrom): 0.100 / 0.300
> Convergence Criteria:
> Will converge when all 5 criteria are reached:
>  |Delta-E| < 1.00e-06
>  RMS-Grad  < 3.00e-04
>  Max-Grad  < 4.50e-04
>  RMS-Disp  < 1.20e-03
>  Max-Disp  < 1.80e-03
> === End Optimization Info ===
WARN: Mole.unit (Angstrom) is changed to Bohr
Step    0 : Gradient = 3.934e-02/9.307e-02 (rms/max) Energy = -729.3763724986
Hessian Eigenvalues: 2.30000e-02 2.30000e-02 2.30000e-02 ... 4.67227e-01 5.05705e-01 5.05705e-01
Step    1 : Displace = [0m9.258e-02[0m/[0m1.798e-01[0m (rms/max) Trust = 1.000e-01 (=) Grad = [0m1.784e-02[0m/[0m3.862e-02[0m (rms/max) E (change) = -729.4151691181 ([0m-3.880e-02[0m) Quality = [0m0.638[0m
Hessian Eigenvalues: 2.29969e-02 2.30000e-02 2.30000e-02 ... 5.05511e-01 5.05705e-01 6.74717e-01
Step    2 : Displace = [0m9.801e-02[0m/[0m1.833e-01[0m (rms/max) Trust = 1.000e-01 (=) Grad = [0m8.944e-03[0m/[0m1.863e-02[0m (rms/max) E (change) = -729.4212502193 ([0m-6.081e-03[0m) Quality = [0m0.467[0m
Hessian Eigenvalues: 2.29931e-02 2.30000e-02 2.30000e-02 ... 5.05705e-01 5.05828e-01 7.80045e-01
Step    3 : Displace = [0m5.075e-02[0m/[0m9.976e-02[0m (rms/max) Trust = 1.000e-01 (=) Grad = [0m5.045e-03[0m/[0m1.089e-02[0m (rms/max) E (change) = -729.4231910576 ([0m-1.941e-03[0m) Quality = [0m0.608[0m
Hessian Eigenvalues: 2.23898e-02 2.30000e-02 2.30000e-02 ... 5.05704e-01 5.91594e-01 8.03335e-01
Step    4 : Displace = [0m2.727e-02[0m/[0m5.827e-02[0m (rms/max) Trust = 1.000e-01 (=) Grad = [0m3.706e-03[0m/[0m7.653e-03[0m (rms/max) E (change) = -729.4235684224 ([0m-3.774e-04[0m) Quality = [0m0.313[0m
Hessian Eigenvalues: 2.16254e-02 2.29970e-02 2.30000e-02 ... 5.05695e-01 6.75192e-01 7.89060e-01
Step    5 : Displace = [0m1.774e-02[0m/[0m3.465e-02[0m (rms/max) Trust = 1.000e-01 (=) Grad = [0m4.034e-03[0m/[0m1.188e-02[0m (rms/max) E (change) = -729.4235678047 ([92m+6.177e-07[0m) Quality = [91m-0.001[0m
Hessian Eigenvalues: 2.09504e-02 2.29090e-02 2.30000e-02 ... 5.55485e-01 7.57707e-01 1.00401e+00
Step    6 : Displace = [0m8.868e-03[0m/[0m1.610e-02[0m (rms/max) Trust = 8.869e-03 ([91m-[0m) Grad = [0m1.038e-03[0m/[0m2.740e-03[0m (rms/max) E (change) = -729.4240892800 ([0m-5.215e-04[0m) Quality = [0m0.793[0m
Hessian Eigenvalues: 2.09269e-02 2.29165e-02 2.29999e-02 ... 5.76483e-01 7.65751e-01 1.00559e+00
Step    7 : Displace = [0m1.361e-02[0m/[0m3.216e-02[0m (rms/max) Trust = 1.254e-02 ([92m+[0m) Grad = [0m1.349e-03[0m/[0m4.114e-03[0m (rms/max) E (change) = -729.4241140259 ([0m-2.475e-05[0m) Quality = [0m0.306[0m
Hessian Eigenvalues: 1.21741e-02 2.29141e-02 2.29693e-02 ... 7.61984e-01 7.90210e-01 1.03405e+00
Step    8 : Displace = [0m1.299e-02[0m/[0m3.145e-02[0m (rms/max) Trust = 1.254e-02 (=) Grad = [0m6.786e-04[0m/[0m1.344e-03[0m (rms/max) E (change) = -729.4241908213 ([0m-7.680e-05[0m) Quality = [0m1.038[0m
Hessian Eigenvalues: 8.85289e-03 2.29025e-02 2.29399e-02 ... 7.62963e-01 8.60865e-01 1.06182e+00
Step    9 : Displace = [0m1.756e-02[0m/[0m4.256e-02[0m (rms/max) Trust = 1.774e-02 ([92m+[0m) Grad = [0m5.520e-04[0m/[0m1.250e-03[0m (rms/max) E (change) = -729.4242504855 ([0m-5.966e-05[0m) Quality = [0m0.980[0m
Hessian Eigenvalues: 4.17344e-03 2.27488e-02 2.29212e-02 ... 7.64920e-01 9.29296e-01 1.01894e+00
Step   10 : Displace = [0m2.490e-02[0m/[0m6.385e-02[0m (rms/max) Trust = 2.509e-02 ([92m+[0m) Grad = [0m5.145e-04[0m/[0m1.172e-03[0m (rms/max) E (change) = -729.4243341739 ([0m-8.369e-05[0m) Quality = [0m1.245[0m
Hessian Eigenvalues: 3.13906e-04 2.28080e-02 2.29912e-02 ... 7.97753e-01 9.07799e-01 1.13701e+00
Step   11 : Displace = [0m3.536e-02[0m/[0m9.160e-02[0m (rms/max) Trust = 3.548e-02 ([92m+[0m) Grad = [0m3.561e-04[0m/[0m8.648e-04[0m (rms/max) E (change) = -729.4244580930 ([0m-1.239e-04[0m) Quality = [0m1.023[0m
Hessian Eigenvalues: 1.61814e-04 1.95286e-02 2.29550e-02 ... 8.57220e-01 9.73315e-01 1.26673e+00
Step   12 : Displace = [0m5.389e-02[0m/[0m1.396e-01[0m (rms/max) Trust = 5.017e-02 ([92m+[0m) Grad = [0m5.987e-04[0m/[0m1.374e-03[0m (rms/max) E (change) = -729.4246472872 ([0m-1.892e-04[0m) Quality = [0m1.045[0m
Eigenvalues below 1.0000e-05 (-1.7202e+00) - returning guess
Hessian Eigenvalues: 2.30000e-02 2.30000e-02 2.30000e-02 ... 5.31449e-01 6.17846e-01 6.20712e-01
Step   13 : Displace = [0m2.317e-02[0m/[0m5.733e-02[0m (rms/max) Trust = 7.096e-02 ([92m+[0m) Grad = [0m1.042e-03[0m/[0m2.579e-03[0m (rms/max) E (change) = -729.4247171717 ([0m-6.988e-05[0m) Quality = [0m0.933[0m
Hessian Eigenvalues: 6.56771e-03 2.30000e-02 2.30000e-02 ... 5.95779e-01 6.19430e-01 9.11570e-01
Step   14 : Displace = [0m5.959e-02[0m/[0m1.580e-01[0m (rms/max) Trust = 1.003e-01 ([92m+[0m) Grad = [0m1.432e-03[0m/[0m2.867e-03[0m (rms/max) E (change) = -729.4250035366 ([0m-2.864e-04[0m) Quality = [0m1.928[0m
Hessian Eigenvalues: 3.57263e-05 2.30000e-02 2.30000e-02 ... 6.18823e-01 7.57690e-01 3.32850e+00
Step   15 : Displace = [0m1.482e-01[0m/[0m3.879e-01[0m (rms/max) Trust = 1.419e-01 ([92m+[0m) Grad = [0m3.172e-03[0m/[0m6.926e-03[0m (rms/max) E (change) = -729.4258675813 ([0m-8.640e-04[0m) Quality = [0m1.115[0m
Eigenvalues below 1.0000e-05 (-1.5919e+00) - returning guess
Hessian Eigenvalues: 2.30000e-02 2.30000e-02 2.30000e-02 ... 5.31274e-01 6.18067e-01 6.22591e-01
Step   16 : Displace = [0m6.113e-02[0m/[0m1.716e-01[0m (rms/max) Trust = 2.007e-01 ([92m+[0m) Grad = [0m8.330e-03[0m/[0m2.412e-02[0m (rms/max) E (change) = -729.4243753310 ([91m+1.492e-03[0m) Quality = [91m-1.123[0m
[93mRejecting step - quality is lower than -1.0[0m
Hessian Eigenvalues: 2.30000e-02 2.30000e-02 2.30000e-02 ... 5.31274e-01 6.18067e-01 6.22591e-01
Step   17 : Displace = [0m3.266e-02[0m/[0m8.398e-02[0m (rms/max) Trust = 3.057e-02 ([1;91mx[0m) Grad = [0m5.669e-03[0m/[0m1.628e-02[0m (rms/max) E (change) = -729.4253158182 ([91m+5.518e-04[0m) Quality = [91m-0.484[0m
Hessian Eigenvalues: 2.21173e-02 2.30000e-02 2.30000e-02 ... 6.10014e-01 6.20609e-01 9.64779e-01
Step   18 : Displace = [0m1.511e-02[0m/[0m2.829e-02[0m (rms/max) Trust = 1.528e-02 ([91m-[0m) Grad = [0m1.745e-03[0m/[0m4.414e-03[0m (rms/max) E (change) = -729.4263886856 ([0m-1.073e-03[0m) Quality = [0m0.877[0m
Hessian Eigenvalues: 2.17284e-02 2.30000e-02 2.30000e-02 ... 6.10927e-01 6.20918e-01 1.06243e+00
Step   19 : Displace = [0m2.281e-02[0m/[0m5.874e-02[0m (rms/max) Trust = 2.161e-02 ([92m+[0m) Grad = [0m2.734e-03[0m/[0m8.534e-03[0m (rms/max) E (change) = -729.4264918481 ([0m-1.032e-04[0m) Quality = [0m0.245[0m
Hessian Eigenvalues: 1.66965e-02 2.30000e-02 2.30000e-02 ... 6.20078e-01 7.89799e-01 1.05812e+00
Step   20 : Displace = [0m1.175e-02[0m/[0m3.122e-02[0m (rms/max) Trust = 1.081e-02 ([91m-[0m) Grad = [0m9.656e-04[0m/[0m2.230e-03[0m (rms/max) E (change) = -729.4267884045 ([0m-2.966e-04[0m) Quality = [0m1.064[0m
Hessian Eigenvalues: 1.39576e-02 2.30000e-02 2.30000e-02 ... 6.20238e-01 8.57211e-01 1.07013e+00
Step   21 : Displace = [0m1.554e-02[0m/[0m4.424e-02[0m (rms/max) Trust = 1.528e-02 ([92m+[0m) Grad = [0m9.233e-04[0m/[0m2.641e-03[0m (rms/max) E (change) = -729.4269480830 ([0m-1.597e-04[0m) Quality = [0m0.913[0m
Hessian Eigenvalues: 7.39566e-03 2.29993e-02 2.30000e-02 ... 7.38268e-01 8.83716e-01 1.06924e+00
Step   22 : Displace = [0m2.250e-02[0m/[0m6.698e-02[0m (rms/max) Trust = 2.161e-02 ([92m+[0m) Grad = [0m9.193e-04[0m/[0m2.232e-03[0m (rms/max) E (change) = -729.4272104951 ([0m-2.624e-04[0m) Quality = [0m1.083[0m
Hessian Eigenvalues: 2.01998e-04 2.29996e-02 2.30000e-02 ... 6.87871e-01 1.06005e+00 2.96512e+00
Step   23 : Displace = [0m3.166e-02[0m/[0m9.470e-02[0m (rms/max) Trust = 3.057e-02 ([92m+[0m) Grad = [0m1.111e-03[0m/[0m2.679e-03[0m (rms/max) E (change) = -729.4275951653 ([0m-3.847e-04[0m) Quality = [0m1.011[0m
Hessian Eigenvalues: 6.11143e-05 2.29963e-02 2.30000e-02 ... 6.45630e-01 1.05988e+00 5.20654e+00
Step   24 : Displace = [0m4.543e-02[0m/[0m1.362e-01[0m (rms/max) Trust = 4.323e-02 ([92m+[0m) Grad = [0m1.698e-03[0m/[0m4.261e-03[0m (rms/max) E (change) = -729.4281567236 ([0m-5.616e-04[0m) Quality = [0m1.003[0m
Hessian Eigenvalues: 1.00516e-04 2.27103e-02 2.29999e-02 ... 6.42278e-01 1.05951e+00 5.54249e+00
Step   25 : Displace = [0m6.194e-02[0m/[0m1.869e-01[0m (rms/max) Trust = 6.113e-02 ([92m+[0m) Grad = [0m2.578e-03[0m/[0m7.607e-03[0m (rms/max) E (change) = -729.4289573397 ([0m-8.006e-04[0m) Quality = [0m0.989[0m
Hessian Eigenvalues: 2.93036e-04 2.21861e-02 2.29999e-02 ... 6.43067e-01 1.06045e+00 4.10914e+00
Step   26 : Displace = [0m7.801e-02[0m/[0m2.345e-01[0m (rms/max) Trust = 8.645e-02 ([92m+[0m) Grad = [0m3.473e-03[0m/[0m9.459e-03[0m (rms/max) E (change) = -729.4299189439 ([0m-9.616e-04[0m) Quality = [0m0.963[0m
Hessian Eigenvalues: 6.67433e-04 2.25347e-02 2.29999e-02 ... 6.45881e-01 1.06052e+00 1.94666e+00
Step   27 : Displace = [0m1.203e-01[0m/[0m3.610e-01[0m (rms/max) Trust = 1.223e-01 ([92m+[0m) Grad = [0m7.354e-03[0m/[0m2.272e-02[0m (rms/max) E (change) = -729.4307680763 ([0m-8.491e-04[0m) Quality = [0m0.345[0m
Hessian Eigenvalues: 2.19449e-03 2.28057e-02 2.30000e-02 ... 8.49014e-01 1.06233e+00 1.30815e+00
Step   28 : Displace = [0m1.264e-01[0m/[0m3.630e-01[0m (rms/max) Trust = 1.223e-01 (=) Grad = [0m4.890e-03[0m/[0m1.457e-02[0m (rms/max) E (change) = -729.4327311124 ([0m-1.963e-03[0m) Quality = [0m0.856[0m
Hessian Eigenvalues: 3.58662e-03 2.27459e-02 2.29007e-02 ... 6.81473e-01 1.05953e+00 1.21503e+00
Step   29 : Displace = [0m7.564e-02[0m/[0m1.566e-01[0m (rms/max) Trust = 1.729e-01 ([92m+[0m) Grad = [0m3.206e-03[0m/[0m9.554e-03[0m (rms/max) E (change) = -729.4340209804 ([0m-1.290e-03[0m) Quality = [0m1.007[0m
Hessian Eigenvalues: 2.68493e-03 2.12025e-02 2.28909e-02 ... 7.54853e-01 1.05128e+00 1.08776e+00
Step   30 : Displace = [0m1.715e-01[0m/[0m4.547e-01[0m (rms/max) Trust = 2.445e-01 ([92m+[0m) Grad = [0m1.948e-03[0m/[0m5.323e-03[0m (rms/max) E (change) = -729.4351286979 ([0m-1.108e-03[0m) Quality = [0m0.822[0m
Hessian Eigenvalues: 3.34449e-03 1.98086e-02 2.29066e-02 ... 7.56228e-01 1.03162e+00 1.06952e+00
Step   31 : Displace = [0m5.662e-02[0m/[0m1.552e-01[0m (rms/max) Trust = 3.000e-01 ([92m+[0m) Grad = [0m1.211e-03[0m/[0m2.904e-03[0m (rms/max) E (change) = -729.4353826797 ([0m-2.540e-04[0m) Quality = [0m0.950[0m
Hessian Eigenvalues: 3.21462e-03 1.20550e-02 2.26927e-02 ... 7.53599e-01 1.05087e+00 1.09021e+00
Step   32 : Displace = [0m5.391e-02[0m/[0m1.431e-01[0m (rms/max) Trust = 3.000e-01 (=) Grad = [0m1.159e-03[0m/[0m3.010e-03[0m (rms/max) E (change) = -729.4355630498 ([0m-1.804e-04[0m) Quality = [0m1.084[0m
Hessian Eigenvalues: 3.74375e-03 5.70676e-03 2.24989e-02 ... 7.60676e-01 1.04164e+00 1.07340e+00
Step   33 : Displace = [0m6.059e-02[0m/[0m1.350e-01[0m (rms/max) Trust = 3.000e-01 (=) Grad = [0m1.261e-03[0m/[0m3.489e-03[0m (rms/max) E (change) = -729.4357765077 ([0m-2.135e-04[0m) Quality = [0m1.285[0m
Hessian Eigenvalues: 1.91270e-03 4.68523e-03 2.25973e-02 ... 7.86642e-01 1.03514e+00 1.07363e+00
Step   34 : Displace = [0m9.793e-02[0m/[0m2.073e-01[0m (rms/max) Trust = 3.000e-01 (=) Grad = [0m1.530e-03[0m/[0m3.883e-03[0m (rms/max) E (change) = -729.4359505150 ([0m-1.740e-04[0m) Quality = [0m0.858[0m
Hessian Eigenvalues: 1.44034e-03 4.61671e-03 2.27572e-02 ... 8.00594e-01 1.03441e+00 1.07544e+00
Step   35 : Displace = [0m4.851e-02[0m/[0m1.091e-01[0m (rms/max) Trust = 3.000e-01 (=) Grad = [0m7.388e-04[0m/[0m1.839e-03[0m (rms/max) E (change) = -729.4360189590 ([0m-6.844e-05[0m) Quality = [0m0.671[0m
Hessian Eigenvalues: 1.59305e-03 4.60195e-03 2.12022e-02 ... 8.95449e-01 1.03724e+00 1.08197e+00
Step   36 : Displace = [0m1.498e-02[0m/[0m3.879e-02[0m (rms/max) Trust = 3.000e-01 (=) Grad = [0m3.278e-04[0m/[0m8.308e-04[0m (rms/max) E (change) = -729.4360484841 ([0m-2.953e-05[0m) Quality = [0m0.978[0m
Hessian Eigenvalues: 1.54526e-03 4.57448e-03 1.71389e-02 ... 8.64047e-01 1.03007e+00 1.07658e+00
Step   37 : Displace = [0m8.074e-03[0m/[0m1.630e-02[0m (rms/max) Trust = 3.000e-01 (=) Grad = [92m2.546e-04[0m/[0m5.252e-04[0m (rms/max) E (change) = -729.4360537922 ([0m-5.308e-06[0m) Quality = [0m0.572[0m
Hessian Eigenvalues: 1.65030e-03 4.52937e-03 1.30333e-02 ... 8.76535e-01 1.03241e+00 1.07898e+00
Step   38 : Displace = [0m4.825e-03[0m/[0m9.167e-03[0m (rms/max) Trust = 3.000e-01 (=) Grad = [92m1.201e-04[0m/[92m2.747e-04[0m (rms/max) E (change) = -729.4360587609 ([0m-4.969e-06[0m) Quality = [0m1.164[0m
Hessian Eigenvalues: 1.48187e-03 4.57395e-03 1.01387e-02 ... 8.61255e-01 1.03183e+00 1.08217e+00
Step   39 : Displace = [0m5.587e-03[0m/[0m1.157e-02[0m (rms/max) Trust = 3.000e-01 (=) Grad = [92m1.138e-04[0m/[92m2.796e-04[0m (rms/max) E (change) = -729.4360606619 ([0m-1.901e-06[0m) Quality = [0m0.918[0m
Hessian Eigenvalues: 1.50335e-03 4.79462e-03 6.43437e-03 ... 8.95464e-01 1.04371e+00 1.08246e+00
Step   40 : Displace = [0m3.304e-03[0m/[0m9.182e-03[0m (rms/max) Trust = 3.000e-01 (=) Grad = [92m7.372e-05[0m/[92m1.409e-04[0m (rms/max) E (change) = -729.4360622473 ([0m-1.585e-06[0m) Quality = [0m1.437[0m
Hessian Eigenvalues: 1.48514e-03 3.35801e-03 4.85117e-03 ... 8.74614e-01 1.03018e+00 1.08049e+00
Step   41 : Displace = [0m6.345e-03[0m/[0m1.952e-02[0m (rms/max) Trust = 3.000e-01 (=) Grad = [92m1.056e-04[0m/[92m2.658e-04[0m (rms/max) E (change) = -729.4360639613 ([0m-1.714e-06[0m) Quality = [0m1.209[0m
Hessian Eigenvalues: 1.32984e-03 2.03955e-03 4.93950e-03 ... 9.84478e-01 1.02867e+00 1.08143e+00
Step   42 : Displace = [0m9.087e-03[0m/[0m2.874e-02[0m (rms/max) Trust = 3.000e-01 (=) Grad = [92m1.418e-04[0m/[92m3.327e-04[0m (rms/max) E (change) = -729.4360659761 ([0m-2.015e-06[0m) Quality = [0m1.304[0m
Hessian Eigenvalues: 9.28351e-04 1.72802e-03 4.90825e-03 ... 9.30472e-01 1.03272e+00 1.08545e+00
Step   43 : Displace = [0m1.271e-02[0m/[0m4.095e-02[0m (rms/max) Trust = 3.000e-01 (=) Grad = [92m1.529e-04[0m/[92m3.672e-04[0m (rms/max) E (change) = -729.4360690460 ([0m-3.070e-06[0m) Quality = [0m1.605[0m
Hessian Eigenvalues: 4.69663e-04 1.67440e-03 4.87008e-03 ... 8.86721e-01 1.03350e+00 1.08573e+00
Step   44 : Displace = [0m3.099e-02[0m/[0m1.020e-01[0m (rms/max) Trust = 3.000e-01 (=) Grad = [92m1.392e-04[0m/[92m2.566e-04[0m (rms/max) E (change) = -729.4360733700 ([0m-4.324e-06[0m) Quality = [0m1.015[0m
Hessian Eigenvalues: 3.32766e-04 1.71289e-03 4.85579e-03 ... 8.84250e-01 1.03195e+00 1.08499e+00
Step   45 : Displace = [0m1.848e-02[0m/[0m5.929e-02[0m (rms/max) Trust = 3.000e-01 (=) Grad = [92m1.030e-04[0m/[92m2.347e-04[0m (rms/max) E (change) = -729.4360751102 ([0m-1.740e-06[0m) Quality = [0m0.720[0m
Hessian Eigenvalues: 2.75991e-04 1.70985e-03 4.88125e-03 ... 9.02181e-01 1.02896e+00 1.08458e+00
Step   46 : Displace = [0m6.482e-03[0m/[0m2.094e-02[0m (rms/max) Trust = 3.000e-01 (=) Grad = [92m5.513e-05[0m/[92m1.456e-04[0m (rms/max) E (change) = -729.4360762328 ([0m-1.123e-06[0m) Quality = [0m1.499[0m
Hessian Eigenvalues: 1.72317e-04 1.70472e-03 4.84897e-03 ... 8.86762e-01 1.02920e+00 1.08507e+00
Step   47 : Displace = [0m2.518e-02[0m/[0m8.264e-02[0m (rms/max) Trust = 3.000e-01 (=) Grad = [92m8.092e-05[0m/[92m1.915e-04[0m (rms/max) E (change) = -729.4360782291 ([0m-1.996e-06[0m) Quality = [0m1.747[0m
Eigenvalues below 1.0000e-05 (2.3785e-06) - returning guess
Hessian Eigenvalues: 2.30000e-02 2.30000e-02 2.30000e-02 ... 5.24957e-01 6.10540e-01 6.18478e-01
Step   48 : Displace = [0m2.112e-03[0m/[0m5.318e-03[0m (rms/max) Trust = 3.000e-01 (=) Grad = [92m1.078e-04[0m/[92m2.377e-04[0m (rms/max) E (change) = -729.4360780713 ([92m+1.578e-07[0m) Quality = [91m-0.191[0m
Hessian Eigenvalues: 1.77742e-02 2.30000e-02 2.30000e-02 ... 5.29441e-01 6.10065e-01 6.18646e-01
Step   49 : Displace = [92m1.058e-03[0m/[0m2.682e-03[0m (rms/max) Trust = 1.056e-03 ([91m-[0m) Grad = [92m6.995e-05[0m/[92m1.729e-04[0m (rms/max) E (change) = -729.4360784853 ([92m-4.140e-07[0m) Quality = [0m0.824[0m
Hessian Eigenvalues: 1.75927e-02 2.29378e-02 2.30000e-02 ... 6.06635e-01 6.17313e-01 8.04632e-01
Step   50 : Displace = [0m1.381e-03[0m/[0m2.974e-03[0m (rms/max) Trust = 1.493e-03 ([92m+[0m) Grad = [92m6.888e-05[0m/[92m1.642e-04[0m (rms/max) E (change) = -729.4360788068 ([92m-3.214e-07[0m) Quality = [0m0.420[0m
Hessian Eigenvalues: 1.44199e-02 2.29518e-02 2.30000e-02 ... 6.06768e-01 6.17984e-01 8.84660e-01
Step   51 : Displace = [0m1.491e-03[0m/[0m3.544e-03[0m (rms/max) Trust = 1.493e-03 (=) Grad = [92m9.920e-05[0m/[92m2.749e-04[0m (rms/max) E (change) = -729.4360788980 ([92m-9.120e-08[0m) Quality = [0m0.223[0m
Hessian Eigenvalues: 8.90277e-03 2.29267e-02 2.30000e-02 ... 6.16565e-01 7.44060e-01 1.16582e+00
Step   52 : Displace = [92m7.581e-04[0m/[92m1.726e-03[0m (rms/max) Trust = 7.455e-04 ([91m-[0m) Grad = [92m5.607e-05[0m/[92m1.602e-04[0m (rms/max) E (change) = -729.4360793177 ([92m-4.197e-07[0m) Quality = [0m0.831[0m
Hessian Eigenvalues: 8.90277e-03 2.29267e-02 2.30000e-02 ... 6.16565e-01 7.44060e-01 1.16582e+00
Converged! =D

    #==========================================================================#
    #| If this code has benefited your research, please support us by citing: |#
    #|                                                                        |#
    #| Wang, L.-P.; Song, C.C. (2016) "Geometry optimization made simple with |#
    #| translation and rotation coordinates", J. Chem, Phys. 144, 214108.     |#
    #| http://dx.doi.org/10.1063/1.4952956                                    |#
    #==========================================================================#
    Time elapsed since start of run_optimizer: 500.044 seconds
WARN: ECP not specified. The basis set CRENBL include an ECP. Recommended ECP: CRENBL.
/home/bhabani/Kishore/Tangelo_2.0/tangelo/problem_decomposition/dmet/dmet_problem_decomposition.py:155: RuntimeWarning: The mean field will be recomputed even if one has been provided by the user.
  warnings.warn("The mean field will be recomputed even if one has been provided by the user.", RuntimeWarning)
 	Iteration =  1
 	----------------
 
	SCF Occupancy Eigenvalues for Fragment Number : # 0
	[1.77967738e-15 1.38521817e-15 1.22689638e-15 1.13681919e-15
 1.09115817e-15 1.06181752e-15 9.80510937e-16 9.31041279e-16
 8.55608458e-16 7.67888804e-16 7.39794553e-16 6.77386491e-16
 6.45160510e-16 5.30861350e-16 4.35002546e-16 4.31292980e-16
 4.18445219e-16 3.60643586e-16 3.43082616e-16 3.15142097e-16
 2.93502362e-16 2.18136489e-16 2.14405228e-16 2.09932425e-16
 1.59439424e-16 1.33721381e-16 1.09348458e-16 7.75844391e-17
 7.46242835e-17 4.62396139e-17 2.09861447e-17 2.01942102e-17
 9.73747415e-18 7.90446811e-18 2.45203654e-18 2.15990695e-18
 1.12739476e-18 6.42320116e-19 9.52449740e-20 1.43729249e-18
 2.53376574e-18 5.03869213e-18 6.49879086e-18 9.76868304e-18
 1.76686692e-17 3.95285829e-17 5.82737589e-17 6.44537560e-17
 6.87027319e-17 8.37878183e-17 9.38296840e-17 1.00478013e-16
 1.51569511e-16 1.58956138e-16 2.16677061e-16 2.26083282e-16
 2.28148489e-16 2.41996051e-16 3.03050168e-16 3.11979286e-16
 3.33219823e-16 3.77391704e-16 4.60270616e-16 4.67331362e-16
 5.18094731e-16 5.63191512e-16 6.57012508e-16 6.68825967e-16
 7.14922472e-16 7.89784199e-16 9.67850390e-16 1.02000749e-15
 1.11697544e-15 1.25188401e-15 1.28642730e-15 1.66480506e-15
 1.73894517e-15 1.89640785e-06 2.93500931e-06 1.48344758e-05
 2.13751078e-05 1.20096622e-04 3.46983736e-04 9.12602188e-04
 3.75832774e-03 5.84799789e-03 6.32030217e-03 4.06702361e-02
 1.01882452e+00 1.05480390e+00 1.11018598e+00 1.11347685e+00
 1.29444619e+00 1.96787799e+00 1.98911919e+00 1.99639598e+00
 1.99713385e+00 1.99768703e+00 1.99915140e+00 1.99933799e+00
 1.99967128e+00 1.99988121e+00 1.99995237e+00 1.99996242e+00
 1.99998445e+00 1.99998512e+00 1.99999385e+00 1.99999599e+00
 1.99999761e+00 1.99999890e+00 1.99999916e+00 1.99999933e+00
 1.99999953e+00 1.99999969e+00 1.99999976e+00 1.99999991e+00
 1.99999997e+00 2.00000000e+00 2.00000000e+00 2.00000000e+00
 2.00000000e+00 2.00000000e+00 2.00000000e+00 2.00000000e+00
 2.00000000e+00 2.00000000e+00 2.00000000e+00 2.00000000e+00
 2.00000000e+00 2.00000000e+00 2.00000000e+00 2.00000000e+00
 2.00000000e+00 2.00000000e+00 2.00000000e+00 2.00000000e+00
 2.00000000e+00]

	SCF Occupancy Eigenvalues for Fragment Number : # 1
	[2.51743393e-15 2.08376343e-15 1.20809257e-15 1.19716674e-15
 1.18846268e-15 1.15141978e-15 1.08557539e-15 1.06083528e-15
 1.03660643e-15 9.80893216e-16 9.60164227e-16 8.71127380e-16
 7.79056881e-16 7.54999495e-16 7.42943757e-16 7.29143056e-16
 7.00611439e-16 6.63951543e-16 6.25744866e-16 5.16922367e-16
 4.94502058e-16 4.93998719e-16 4.60029688e-16 4.30135777e-16
 3.80566357e-16 3.42784590e-16 3.25517622e-16 2.84512227e-16
 2.75880244e-16 2.70465614e-16 2.25037502e-16 1.92231593e-16
 1.83720469e-16 1.59430104e-16 1.29618801e-16 1.21683570e-16
 1.04032997e-16 8.64534152e-17 7.90784123e-17 7.46520113e-17
 5.49324422e-17 5.17074796e-17 4.56695627e-17 3.73143694e-17
 2.39987006e-17 1.07506238e-17 7.40708472e-18 5.21616717e-18
 4.85372074e-18 2.38656733e-18 1.20268945e-18 6.68234745e-19
 2.06676039e-19 7.23162853e-19 1.20887581e-18 3.31263537e-18
 6.48859559e-18 1.07027174e-17 1.34687666e-17 1.50915717e-17
 1.58832960e-17 1.63025389e-17 1.70639007e-17 2.82596658e-17
 5.86298520e-17 6.74320055e-17 7.63146499e-17 8.80635718e-17
 1.07552856e-16 1.28881273e-16 1.29846492e-16 1.39001572e-16
 1.42416490e-16 1.85161570e-16 2.39894509e-16 2.42293741e-16
 2.80195769e-16 3.24694261e-16 3.25842564e-16 3.32077844e-16
 3.89601869e-16 4.17983785e-16 4.28922144e-16 4.77311346e-16
 5.34054589e-16 5.56734500e-16 6.09144503e-16 6.24475697e-16
 6.29636261e-16 6.32445941e-16 6.77452896e-16 6.95242889e-16
 7.49464042e-16 7.92388779e-16 8.10994837e-16 8.22433180e-16
 9.23468839e-16 9.56102456e-16 1.03344269e-15 1.09711665e-15
 1.17331481e-15 1.26103974e-15 1.31188422e-15 1.35987747e-15
 2.10625224e-05 1.05435905e-02 3.11775453e-02 9.53529042e-01
 1.04263638e+00 1.97795798e+00 1.99310773e+00 1.99859809e+00
 1.99916822e+00 1.99946505e+00 1.99990346e+00 1.99993023e+00
 1.99998529e+00 2.00000000e+00 2.00000000e+00 2.00000000e+00
 2.00000000e+00 2.00000000e+00 2.00000000e+00 2.00000000e+00
 2.00000000e+00 2.00000000e+00 2.00000000e+00 2.00000000e+00
 2.00000000e+00 2.00000000e+00 2.00000000e+00 2.00000000e+00
 2.00000000e+00 2.00000000e+00 2.00000000e+00 2.00000000e+00
 2.00000000e+00 2.00000000e+00 2.00000000e+00 2.00000000e+00
 2.00000000e+00 2.00000000e+00 2.00000000e+00 2.00000000e+00
 2.00000000e+00 2.00000000e+00 2.00000000e+00 2.00000000e+00
 2.00000000e+00 2.00000000e+00 2.00000000e+00 2.00000000e+00
 2.00000000e+00 2.00000000e+00 2.00000000e+00 2.00000000e+00
 2.00000000e+00 2.00000000e+00 2.00000000e+00 2.00000000e+00
 2.00000000e+00 2.00000000e+00 2.00000000e+00 2.00000000e+00]

	SCF Occupancy Eigenvalues for Fragment Number : # 2
	[1.96022663e-15 1.87464942e-15 1.74426545e-15 8.35231702e-16
 8.08522869e-16 7.65650298e-16 7.10180213e-16 6.63862001e-16
 6.47772038e-16 5.92198702e-16 5.60115703e-16 4.84524459e-16
 4.69831104e-16 4.04481927e-16 3.20448686e-16 2.70346637e-16
 2.66968451e-16 2.61660922e-16 2.47979718e-16 2.44382457e-16
 1.87477358e-16 1.48518301e-16 1.42420120e-16 1.29757508e-16
 9.10368262e-17 9.09629100e-17 8.18116994e-17 5.07964327e-17
 4.63117180e-17 3.63095517e-17 3.21310854e-17 1.32457032e-17
 6.37803560e-18 3.68058345e-19 6.36786962e-19 1.78619845e-18
 4.62809730e-18 1.35951501e-17 2.18509827e-17 3.18641546e-17
 3.20069908e-17 7.53816328e-17 1.08738960e-16 1.14242891e-16
 1.20980176e-16 1.66221412e-16 1.94686438e-16 2.09212225e-16
 2.23736971e-16 2.47862334e-16 2.48065457e-16 2.67561746e-16
 3.56870498e-16 3.94353263e-16 4.04753109e-16 4.09687167e-16
 4.92057162e-16 4.93197788e-16 5.45529447e-16 6.17605883e-16
 7.60895932e-16 9.13295954e-16 1.01102345e-15 1.15298463e-15
 1.37993307e-15 1.49805192e-15 4.53743666e-08 8.17043290e-07
 3.23290472e-06 9.85740123e-06 5.84516236e-05 7.79881141e-05
 3.70510631e-04 4.24657404e-04 6.63001025e-04 1.21096241e-03
 1.98826820e-03 6.49600062e-03 1.08862384e-02 9.01008146e-01
 9.03039675e-01 9.18048071e-01 9.30524037e-01 9.75864782e-01
 1.06259017e+00 1.16035510e+00 1.24337307e+00 1.96407475e+00
 1.97976941e+00 1.98227721e+00 1.99378786e+00 1.99737435e+00
 1.99805877e+00 1.99879825e+00 1.99910610e+00 1.99974710e+00
 1.99984407e+00 1.99989696e+00 1.99995244e+00 1.99995946e+00
 1.99997550e+00 1.99998726e+00 1.99999397e+00 1.99999728e+00
 1.99999917e+00 1.99999942e+00 1.99999970e+00 1.99999983e+00
 1.99999996e+00 1.99999997e+00 1.99999998e+00 1.99999999e+00
 1.99999999e+00 2.00000000e+00 2.00000000e+00 2.00000000e+00
 2.00000000e+00 2.00000000e+00 2.00000000e+00 2.00000000e+00
 2.00000000e+00 2.00000000e+00 2.00000000e+00 2.00000000e+00
 2.00000000e+00 2.00000000e+00]

	SCF Occupancy Eigenvalues for Fragment Number : # 3
	[2.04531704e-15 1.55728219e-15 1.49600917e-15 1.41733542e-15
 1.38786385e-15 1.20820820e-15 1.08803126e-15 1.06399566e-15
 1.06064606e-15 1.02888794e-15 1.02535581e-15 9.41943619e-16
 8.45914028e-16 7.57842915e-16 7.56160667e-16 6.66670918e-16
 6.29951300e-16 5.96028382e-16 5.93314766e-16 5.74972427e-16
 5.63554599e-16 5.45759182e-16 5.31250820e-16 5.11862627e-16
 5.03825413e-16 4.51186790e-16 4.34638401e-16 3.73010385e-16
 3.28649066e-16 2.92762253e-16 2.52903054e-16 2.27066293e-16
 2.12406230e-16 2.00022342e-16 1.93391311e-16 1.92373570e-16
 1.59684292e-16 1.50179280e-16 1.41029840e-16 1.11802612e-16
 1.06900485e-16 1.04119438e-16 6.74513138e-17 6.32055695e-17
 4.56557670e-17 4.00853532e-17 2.14890156e-17 1.24567297e-17
 5.93337959e-18 5.67045756e-18 4.06685691e-18 2.09930966e-18
 9.74649112e-19 3.58884645e-19 4.11303385e-19 2.81110196e-18
 4.48966474e-18 7.31089512e-18 1.10965967e-17 2.05025923e-17
 2.91507467e-17 3.60811290e-17 3.96666177e-17 6.01467336e-17
 7.70268171e-17 8.29926305e-17 8.52129962e-17 1.07469003e-16
 1.11434137e-16 1.35366079e-16 1.59297152e-16 1.95828482e-16
 2.07510244e-16 2.20082810e-16 2.56728155e-16 2.63216143e-16
 2.64427187e-16 3.11847477e-16 3.54480865e-16 3.71268435e-16
 3.77806858e-16 3.88318638e-16 4.42322972e-16 4.70462967e-16
 4.82400891e-16 4.94907670e-16 5.19754319e-16 5.27490218e-16
 5.61505140e-16 5.67592859e-16 6.23530806e-16 6.42335711e-16
 6.71504063e-16 6.83393859e-16 7.52384443e-16 8.01915461e-16
 8.86885873e-16 8.91168594e-16 1.11687707e-15 1.13089459e-15
 1.21787509e-15 1.22845018e-15 1.23867160e-15 1.36985625e-15
 3.02490504e-05 9.29991194e-01 9.53182105e-01 9.87925082e-01
 1.05722391e+00 1.06435668e+00 1.11008836e+00 1.99676977e+00
 1.99869405e+00 1.99906207e+00 1.99917077e+00 1.99938878e+00
 1.99956502e+00 2.00000000e+00 2.00000000e+00 2.00000000e+00
 2.00000000e+00 2.00000000e+00 2.00000000e+00 2.00000000e+00
 2.00000000e+00 2.00000000e+00 2.00000000e+00 2.00000000e+00
 2.00000000e+00 2.00000000e+00 2.00000000e+00 2.00000000e+00
 2.00000000e+00 2.00000000e+00 2.00000000e+00 2.00000000e+00
 2.00000000e+00 2.00000000e+00 2.00000000e+00 2.00000000e+00
 2.00000000e+00 2.00000000e+00 2.00000000e+00 2.00000000e+00
 2.00000000e+00 2.00000000e+00 2.00000000e+00 2.00000000e+00
 2.00000000e+00 2.00000000e+00 2.00000000e+00 2.00000000e+00
 2.00000000e+00 2.00000000e+00 2.00000000e+00 2.00000000e+00
 2.00000000e+00 2.00000000e+00 2.00000000e+00 2.00000000e+00
 2.00000000e+00 2.00000000e+00 2.00000000e+00 2.00000000e+00]

	SCF Occupancy Eigenvalues for Fragment Number : # 4
	[2.39772974e-15 1.13813176e-15 1.01438543e-15 9.10385007e-16
 8.07305532e-16 7.76959562e-16 7.51948496e-16 7.30011017e-16
 7.07767178e-16 6.97535823e-16 6.06824166e-16 5.16346898e-16
 4.60514895e-16 4.31863853e-16 4.06801511e-16 3.58951564e-16
 3.45326263e-16 3.38837612e-16 3.08141433e-16 2.72481509e-16
 2.40628198e-16 2.31197648e-16 1.65361914e-16 1.44922329e-16
 1.44768639e-16 1.38387438e-16 7.36482942e-17 7.02743889e-17
 6.51707455e-17 5.72647377e-17 5.71250901e-17 4.17564763e-17
 2.29889524e-17 1.43936825e-17 1.07759584e-17 1.26049781e-19
 1.09051339e-17 1.91292533e-17 2.68567925e-17 5.23802713e-17
 6.91828059e-17 1.19061149e-16 1.19486985e-16 1.41765824e-16
 1.91192464e-16 2.06063070e-16 2.11050833e-16 2.25190547e-16
 2.26201649e-16 2.60327668e-16 2.63550145e-16 3.39030503e-16
 3.74434331e-16 4.02642699e-16 4.48164080e-16 4.80057591e-16
 4.87528783e-16 4.89890974e-16 5.11975401e-16 6.52358049e-16
 6.74684810e-16 7.81984799e-16 8.33392996e-16 8.45849636e-16
 1.17722189e-15 1.50725525e-15 5.28322315e-08 2.31975998e-07
 1.22317984e-06 1.79541216e-06 3.43293786e-06 3.06763713e-05
 3.30842297e-05 8.53951240e-05 2.33411369e-04 3.49794283e-04
 4.53214903e-04 1.06534995e-03 1.18875312e-03 8.29828897e-03
 2.67314895e-02 7.56882707e-01 8.66117685e-01 9.44857112e-01
 1.00652953e+00 1.03659642e+00 1.09645123e+00 1.98873448e+00
 1.99664874e+00 1.99739238e+00 1.99870305e+00 1.99901689e+00
 1.99912130e+00 1.99928699e+00 1.99977891e+00 1.99979524e+00
 1.99983786e+00 1.99992394e+00 1.99994286e+00 1.99998427e+00
 1.99998818e+00 1.99999606e+00 1.99999898e+00 1.99999958e+00
 1.99999980e+00 1.99999984e+00 1.99999991e+00 1.99999996e+00
 1.99999998e+00 1.99999999e+00 2.00000000e+00 2.00000000e+00
 2.00000000e+00 2.00000000e+00 2.00000000e+00 2.00000000e+00
 2.00000000e+00 2.00000000e+00 2.00000000e+00 2.00000000e+00
 2.00000000e+00 2.00000000e+00 2.00000000e+00 2.00000000e+00
 2.00000000e+00 2.00000000e+00]

	SCF Occupancy Eigenvalues for Fragment Number : # 5
	[1.92439864e-15 1.54202730e-15 1.34758398e-15 1.24715106e-15
 1.22128143e-15 1.09200626e-15 1.04779991e-15 1.03653441e-15
 1.01970305e-15 9.29540255e-16 8.87473984e-16 8.82411021e-16
 8.36444656e-16 7.95639621e-16 7.74822088e-16 7.48282902e-16
 7.36095761e-16 6.63111942e-16 6.28789712e-16 5.56009830e-16
 4.74890608e-16 4.69905706e-16 4.36915373e-16 3.87100898e-16
 3.76287923e-16 3.68873505e-16 3.39690032e-16 3.17984497e-16
 3.16420176e-16 2.80150540e-16 2.50587288e-16 2.38270189e-16
 2.02951745e-16 1.92672307e-16 1.75700118e-16 1.27325769e-16
 1.08025250e-16 9.69757433e-17 9.59045641e-17 9.08624819e-17
 8.45864655e-17 8.38280609e-17 8.29048801e-17 5.57337290e-17
 5.55111512e-17 5.44767189e-17 3.96353374e-17 3.53364415e-17
 2.20884531e-17 2.07339481e-17 1.27900975e-17 9.59781850e-18
 6.24905602e-18 3.50976335e-18 3.34642039e-18 2.21158788e-18
 6.97019841e-19 4.40114987e-19 2.11506672e-18 4.39031317e-18
 6.01358976e-18 6.35937763e-18 8.89044166e-18 1.05056856e-17
 1.12814525e-17 1.43528414e-17 2.54557318e-17 4.46781680e-17
 4.68998473e-17 7.10328374e-17 9.14095652e-17 1.58254170e-16
 1.63753459e-16 1.93517301e-16 2.07791277e-16 2.09206028e-16
 2.23575186e-16 2.55100588e-16 2.64610970e-16 2.72138607e-16
 2.83272666e-16 2.93631566e-16 3.18061624e-16 3.32576566e-16
 3.37289773e-16 3.39036415e-16 3.48250330e-16 3.67375449e-16
 3.71549955e-16 4.61824041e-16 4.71248592e-16 5.42057844e-16
 6.12359852e-16 6.27261942e-16 6.29410783e-16 6.73587369e-16
 7.89245579e-16 7.90517437e-16 9.04644054e-16 9.77478154e-16
 9.87237516e-16 1.00071711e-15 1.04224398e-15 1.07067705e-15
 1.16411781e-15 1.33338206e-15 1.34460319e-15 1.35843075e-15
 4.24540961e-05 6.12431267e-02 7.02752891e-01 8.89349881e-01
 9.02056173e-01 1.99655043e+00 1.99822940e+00 1.99897015e+00
 1.99980286e+00 2.00000000e+00 2.00000000e+00 2.00000000e+00
 2.00000000e+00 2.00000000e+00 2.00000000e+00 2.00000000e+00
 2.00000000e+00 2.00000000e+00 2.00000000e+00 2.00000000e+00
 2.00000000e+00 2.00000000e+00 2.00000000e+00 2.00000000e+00
 2.00000000e+00 2.00000000e+00 2.00000000e+00 2.00000000e+00
 2.00000000e+00 2.00000000e+00 2.00000000e+00 2.00000000e+00
 2.00000000e+00 2.00000000e+00 2.00000000e+00 2.00000000e+00
 2.00000000e+00 2.00000000e+00 2.00000000e+00 2.00000000e+00
 2.00000000e+00 2.00000000e+00 2.00000000e+00 2.00000000e+00
 2.00000000e+00 2.00000000e+00 2.00000000e+00 2.00000000e+00
 2.00000000e+00 2.00000000e+00 2.00000000e+00 2.00000000e+00
 2.00000000e+00 2.00000000e+00 2.00000000e+00 2.00000000e+00
 2.00000000e+00 2.00000000e+00 2.00000000e+00 2.00000000e+00]

		Fragment Number : #  1
		------------------------
		CCSD diag: n_active_mos=80, n_active_electrons=80, trace(onerdm)=80.0
		Fragment Energy = -405.7641427940365
		Number of Electrons in Fragment = 26.466882546956608
		Fragment Number : #  2
		------------------------
		CCSD diag: n_active_mos=26, n_active_electrons=26, trace(onerdm)=26.000000000000004
		Fragment Energy = -111.92276553529273
		Number of Electrons in Fragment = 8.008891635960632
		Fragment Number : #  3
		------------------------
		CCSD diag: n_active_mos=102, n_active_electrons=102, trace(onerdm)=102.0
		Fragment Energy = -520.1539561385835
		Number of Electrons in Fragment = 34.02281574068087
		Fragment Number : #  4
		------------------------
		CCSD diag: n_active_mos=26, n_active_electrons=26, trace(onerdm)=26.0
		Fragment Energy = -115.2416633157148
		Number of Electrons in Fragment = 7.927958963678814
		Fragment Number : #  5
		------------------------
		CCSD diag: n_active_mos=102, n_active_electrons=102, trace(onerdm)=101.99999999999999
		Fragment Energy = -547.8267467215733
		Number of Electrons in Fragment = 36.27754449980905
Fragment: n_homo=8, n_lumo=9, kept=[7, 8, 9, 10]
Fragment active-space limits: n_orb=18, max symmetric [k,k]=8
		Fragment Number : #  6
		------------------------
Pass: Decompose - 1.28746 (ms)Pass: MergeOrbitalRotations - 0.06962 (ms)SQD counts diag: n_bits=8, first_bitstring=[0, 0, 1, 1, 0, 0, 1, 1], hamming_left=2, hamming_right=2
SQD postselect diag: total_samples=1, total_postselected=8, batch_sizes=[1, 1, 1, 1, 1, 1, 1, 1]
SQD batch diag: batch0_shape=(1, 8), first_bitstring=[0, 0, 1, 1, 0, 0, 1, 1], hamming_left=2, hamming_right=2
SQD sci diag: batch=0, norb=4, nelec=(2, 2), amp_norm=1.0, trace(rdm1)=4.0
SQD sci diag: batch=1, norb=4, nelec=(2, 2), amp_norm=1.0, trace(rdm1)=4.0
SQD sci diag: batch=2, norb=4, nelec=(2, 2), amp_norm=1.0, trace(rdm1)=4.0
SQD sci diag: batch=3, norb=4, nelec=(2, 2), amp_norm=1.0, trace(rdm1)=4.0
SQD sci diag: batch=4, norb=4, nelec=(2, 2), amp_norm=1.0, trace(rdm1)=4.0
SQD sci diag: batch=5, norb=4, nelec=(2, 2), amp_norm=1.0, trace(rdm1)=4.0
SQD sci diag: batch=6, norb=4, nelec=(2, 2), amp_norm=1.0, trace(rdm1)=4.0
SQD sci diag: batch=7, norb=4, nelec=(2, 2), amp_norm=1.0, trace(rdm1)=4.0
/home/bhabani/miniconda3/lib/python3.12/site-packages/qiskit_addon_sqd/configuration_recovery.py:230: RuntimeWarning: invalid value encountered in divide
  probs_left = probs_left / np.sum(probs_left)
/home/bhabani/miniconda3/lib/python3.12/site-packages/qiskit_addon_sqd/configuration_recovery.py:231: RuntimeWarning: invalid value encountered in divide
  probs_right = probs_right / np.sum(probs_right)
SQD postselect diag: total_samples=1, total_postselected=8, batch_sizes=[1, 1, 1, 1, 1, 1, 1, 1]
SQD batch diag: batch0_shape=(1, 8), first_bitstring=[0, 0, 1, 1, 0, 0, 1, 1], hamming_left=2, hamming_right=2
SQD sci diag: batch=0, norb=4, nelec=(2, 2), amp_norm=1.0, trace(rdm1)=4.0
SQD sci diag: batch=1, norb=4, nelec=(2, 2), amp_norm=1.0, trace(rdm1)=4.0
SQD sci diag: batch=2, norb=4, nelec=(2, 2), amp_norm=1.0, trace(rdm1)=4.0
SQD sci diag: batch=3, norb=4, nelec=(2, 2), amp_norm=1.0, trace(rdm1)=4.0
SQD sci diag: batch=4, norb=4, nelec=(2, 2), amp_norm=1.0, trace(rdm1)=4.0
SQD sci diag: batch=5, norb=4, nelec=(2, 2), amp_norm=1.0, trace(rdm1)=4.0
SQD sci diag: batch=6, norb=4, nelec=(2, 2), amp_norm=1.0, trace(rdm1)=4.0
SQD sci diag: batch=7, norb=4, nelec=(2, 2), amp_norm=1.0, trace(rdm1)=4.0
		SQD diag: n_active_mos=4, n_active_electrons=4, trace(onerdm)=4.0
		Fragment Energy = -129.87006628442487
		Number of Electrons in Fragment = 7.451002066554112
 	Iteration =  2
 	----------------
 
	SCF Occupancy Eigenvalues for Fragment Number : # 0
	[1.77967738e-15 1.38521817e-15 1.22689638e-15 1.13681919e-15
 1.09115817e-15 1.06181752e-15 9.80510937e-16 9.31041279e-16
 8.55608458e-16 7.67888804e-16 7.39794553e-16 6.77386491e-16
 6.45160510e-16 5.30861350e-16 4.35002546e-16 4.31292980e-16
 4.18445219e-16 3.60643586e-16 3.43082616e-16 3.15142097e-16
 2.93502362e-16 2.18136489e-16 2.14405228e-16 2.09932425e-16
 1.59439424e-16 1.33721381e-16 1.09348458e-16 7.75844391e-17
 7.46242835e-17 4.62396139e-17 2.09861447e-17 2.01942102e-17
 9.73747415e-18 7.90446811e-18 2.45203654e-18 2.15990695e-18
 1.12739476e-18 6.42320116e-19 9.52449740e-20 1.43729249e-18
 2.53376574e-18 5.03869213e-18 6.49879086e-18 9.76868304e-18
 1.76686692e-17 3.95285829e-17 5.82737589e-17 6.44537560e-17
 6.87027319e-17 8.37878183e-17 9.38296840e-17 1.00478013e-16
 1.51569511e-16 1.58956138e-16 2.16677061e-16 2.26083282e-16
 2.28148489e-16 2.41996051e-16 3.03050168e-16 3.11979286e-16
 3.33219823e-16 3.77391704e-16 4.60270616e-16 4.67331362e-16
 5.18094731e-16 5.63191512e-16 6.57012508e-16 6.68825967e-16
 7.14922472e-16 7.89784199e-16 9.67850390e-16 1.02000749e-15
 1.11697544e-15 1.25188401e-15 1.28642730e-15 1.66480506e-15
 1.73894517e-15 1.89640785e-06 2.93500931e-06 1.48344758e-05
 2.13751078e-05 1.20096622e-04 3.46983736e-04 9.12602188e-04
 3.75832774e-03 5.84799789e-03 6.32030217e-03 4.06702361e-02
 1.01882452e+00 1.05480390e+00 1.11018598e+00 1.11347685e+00
 1.29444619e+00 1.96787799e+00 1.98911919e+00 1.99639598e+00
 1.99713385e+00 1.99768703e+00 1.99915140e+00 1.99933799e+00
 1.99967128e+00 1.99988121e+00 1.99995237e+00 1.99996242e+00
 1.99998445e+00 1.99998512e+00 1.99999385e+00 1.99999599e+00
 1.99999761e+00 1.99999890e+00 1.99999916e+00 1.99999933e+00
 1.99999953e+00 1.99999969e+00 1.99999976e+00 1.99999991e+00
 1.99999997e+00 2.00000000e+00 2.00000000e+00 2.00000000e+00
 2.00000000e+00 2.00000000e+00 2.00000000e+00 2.00000000e+00
 2.00000000e+00 2.00000000e+00 2.00000000e+00 2.00000000e+00
 2.00000000e+00 2.00000000e+00 2.00000000e+00 2.00000000e+00
 2.00000000e+00 2.00000000e+00 2.00000000e+00 2.00000000e+00
 2.00000000e+00]

	SCF Occupancy Eigenvalues for Fragment Number : # 1
	[2.51743393e-15 2.08376343e-15 1.20809257e-15 1.19716674e-15
 1.18846268e-15 1.15141978e-15 1.08557539e-15 1.06083528e-15
 1.03660643e-15 9.80893216e-16 9.60164227e-16 8.71127380e-16
 7.79056881e-16 7.54999495e-16 7.42943757e-16 7.29143056e-16
 7.00611439e-16 6.63951543e-16 6.25744866e-16 5.16922367e-16
 4.94502058e-16 4.93998719e-16 4.60029688e-16 4.30135777e-16
 3.80566357e-16 3.42784590e-16 3.25517622e-16 2.84512227e-16
 2.75880244e-16 2.70465614e-16 2.25037502e-16 1.92231593e-16
 1.83720469e-16 1.59430104e-16 1.29618801e-16 1.21683570e-16
 1.04032997e-16 8.64534152e-17 7.90784123e-17 7.46520113e-17
 5.49324422e-17 5.17074796e-17 4.56695627e-17 3.73143694e-17
 2.39987006e-17 1.07506238e-17 7.40708472e-18 5.21616717e-18
 4.85372074e-18 2.38656733e-18 1.20268945e-18 6.68234745e-19
 2.06676039e-19 7.23162853e-19 1.20887581e-18 3.31263537e-18
 6.48859559e-18 1.07027174e-17 1.34687666e-17 1.50915717e-17
 1.58832960e-17 1.63025389e-17 1.70639007e-17 2.82596658e-17
 5.86298520e-17 6.74320055e-17 7.63146499e-17 8.80635718e-17
 1.07552856e-16 1.28881273e-16 1.29846492e-16 1.39001572e-16
 1.42416490e-16 1.85161570e-16 2.39894509e-16 2.42293741e-16
 2.80195769e-16 3.24694261e-16 3.25842564e-16 3.32077844e-16
 3.89601869e-16 4.17983785e-16 4.28922144e-16 4.77311346e-16
 5.34054589e-16 5.56734500e-16 6.09144503e-16 6.24475697e-16
 6.29636261e-16 6.32445941e-16 6.77452896e-16 6.95242889e-16
 7.49464042e-16 7.92388779e-16 8.10994837e-16 8.22433180e-16
 9.23468839e-16 9.56102456e-16 1.03344269e-15 1.09711665e-15
 1.17331481e-15 1.26103974e-15 1.31188422e-15 1.35987747e-15
 2.10625224e-05 1.05435905e-02 3.11775453e-02 9.53529042e-01
 1.04263638e+00 1.97795798e+00 1.99310773e+00 1.99859809e+00
 1.99916822e+00 1.99946505e+00 1.99990346e+00 1.99993023e+00
 1.99998529e+00 2.00000000e+00 2.00000000e+00 2.00000000e+00
 2.00000000e+00 2.00000000e+00 2.00000000e+00 2.00000000e+00
 2.00000000e+00 2.00000000e+00 2.00000000e+00 2.00000000e+00
 2.00000000e+00 2.00000000e+00 2.00000000e+00 2.00000000e+00
 2.00000000e+00 2.00000000e+00 2.00000000e+00 2.00000000e+00
 2.00000000e+00 2.00000000e+00 2.00000000e+00 2.00000000e+00
 2.00000000e+00 2.00000000e+00 2.00000000e+00 2.00000000e+00
 2.00000000e+00 2.00000000e+00 2.00000000e+00 2.00000000e+00
 2.00000000e+00 2.00000000e+00 2.00000000e+00 2.00000000e+00
 2.00000000e+00 2.00000000e+00 2.00000000e+00 2.00000000e+00
 2.00000000e+00 2.00000000e+00 2.00000000e+00 2.00000000e+00
 2.00000000e+00 2.00000000e+00 2.00000000e+00 2.00000000e+00]

	SCF Occupancy Eigenvalues for Fragment Number : # 2
	[1.96022663e-15 1.87464942e-15 1.74426545e-15 8.35231702e-16
 8.08522869e-16 7.65650298e-16 7.10180213e-16 6.63862001e-16
 6.47772038e-16 5.92198702e-16 5.60115703e-16 4.84524459e-16
 4.69831104e-16 4.04481927e-16 3.20448686e-16 2.70346637e-16
 2.66968451e-16 2.61660922e-16 2.47979718e-16 2.44382457e-16
 1.87477358e-16 1.48518301e-16 1.42420120e-16 1.29757508e-16
 9.10368262e-17 9.09629100e-17 8.18116994e-17 5.07964327e-17
 4.63117180e-17 3.63095517e-17 3.21310854e-17 1.32457032e-17
 6.37803560e-18 3.68058345e-19 6.36786962e-19 1.78619845e-18
 4.62809730e-18 1.35951501e-17 2.18509827e-17 3.18641546e-17
 3.20069908e-17 7.53816328e-17 1.08738960e-16 1.14242891e-16
 1.20980176e-16 1.66221412e-16 1.94686438e-16 2.09212225e-16
 2.23736971e-16 2.47862334e-16 2.48065457e-16 2.67561746e-16
 3.56870498e-16 3.94353263e-16 4.04753109e-16 4.09687167e-16
 4.92057162e-16 4.93197788e-16 5.45529447e-16 6.17605883e-16
 7.60895932e-16 9.13295954e-16 1.01102345e-15 1.15298463e-15
 1.37993307e-15 1.49805192e-15 4.53743666e-08 8.17043290e-07
 3.23290472e-06 9.85740123e-06 5.84516236e-05 7.79881141e-05
 3.70510631e-04 4.24657404e-04 6.63001025e-04 1.21096241e-03
 1.98826820e-03 6.49600062e-03 1.08862384e-02 9.01008146e-01
 9.03039675e-01 9.18048071e-01 9.30524037e-01 9.75864782e-01
 1.06259017e+00 1.16035510e+00 1.24337307e+00 1.96407475e+00
 1.97976941e+00 1.98227721e+00 1.99378786e+00 1.99737435e+00
 1.99805877e+00 1.99879825e+00 1.99910610e+00 1.99974710e+00
 1.99984407e+00 1.99989696e+00 1.99995244e+00 1.99995946e+00
 1.99997550e+00 1.99998726e+00 1.99999397e+00 1.99999728e+00
 1.99999917e+00 1.99999942e+00 1.99999970e+00 1.99999983e+00
 1.99999996e+00 1.99999997e+00 1.99999998e+00 1.99999999e+00
 1.99999999e+00 2.00000000e+00 2.00000000e+00 2.00000000e+00
 2.00000000e+00 2.00000000e+00 2.00000000e+00 2.00000000e+00
 2.00000000e+00 2.00000000e+00 2.00000000e+00 2.00000000e+00
 2.00000000e+00 2.00000000e+00]

	SCF Occupancy Eigenvalues for Fragment Number : # 3
	[2.04531704e-15 1.55728219e-15 1.49600917e-15 1.41733542e-15
 1.38786385e-15 1.20820820e-15 1.08803126e-15 1.06399566e-15
 1.06064606e-15 1.02888794e-15 1.02535581e-15 9.41943619e-16
 8.45914028e-16 7.57842915e-16 7.56160667e-16 6.66670918e-16
 6.29951300e-16 5.96028382e-16 5.93314766e-16 5.74972427e-16
 5.63554599e-16 5.45759182e-16 5.31250820e-16 5.11862627e-16
 5.03825413e-16 4.51186790e-16 4.34638401e-16 3.73010385e-16
 3.28649066e-16 2.92762253e-16 2.52903054e-16 2.27066293e-16
 2.12406230e-16 2.00022342e-16 1.93391311e-16 1.92373570e-16
 1.59684292e-16 1.50179280e-16 1.41029840e-16 1.11802612e-16
 1.06900485e-16 1.04119438e-16 6.74513138e-17 6.32055695e-17
 4.56557670e-17 4.00853532e-17 2.14890156e-17 1.24567297e-17
 5.93337959e-18 5.67045756e-18 4.06685691e-18 2.09930966e-18
 9.74649112e-19 3.58884645e-19 4.11303385e-19 2.81110196e-18
 4.48966474e-18 7.31089512e-18 1.10965967e-17 2.05025923e-17
 2.91507467e-17 3.60811290e-17 3.96666177e-17 6.01467336e-17
 7.70268171e-17 8.29926305e-17 8.52129962e-17 1.07469003e-16
 1.11434137e-16 1.35366079e-16 1.59297152e-16 1.95828482e-16
 2.07510244e-16 2.20082810e-16 2.56728155e-16 2.63216143e-16
 2.64427187e-16 3.11847477e-16 3.54480865e-16 3.71268435e-16
 3.77806858e-16 3.88318638e-16 4.42322972e-16 4.70462967e-16
 4.82400891e-16 4.94907670e-16 5.19754319e-16 5.27490218e-16
 5.61505140e-16 5.67592859e-16 6.23530806e-16 6.42335711e-16
 6.71504063e-16 6.83393859e-16 7.52384443e-16 8.01915461e-16
 8.86885873e-16 8.91168594e-16 1.11687707e-15 1.13089459e-15
 1.21787509e-15 1.22845018e-15 1.23867160e-15 1.36985625e-15
 3.02490504e-05 9.29991194e-01 9.53182105e-01 9.87925082e-01
 1.05722391e+00 1.06435668e+00 1.11008836e+00 1.99676977e+00
 1.99869405e+00 1.99906207e+00 1.99917077e+00 1.99938878e+00
 1.99956502e+00 2.00000000e+00 2.00000000e+00 2.00000000e+00
 2.00000000e+00 2.00000000e+00 2.00000000e+00 2.00000000e+00
 2.00000000e+00 2.00000000e+00 2.00000000e+00 2.00000000e+00
 2.00000000e+00 2.00000000e+00 2.00000000e+00 2.00000000e+00
 2.00000000e+00 2.00000000e+00 2.00000000e+00 2.00000000e+00
 2.00000000e+00 2.00000000e+00 2.00000000e+00 2.00000000e+00
 2.00000000e+00 2.00000000e+00 2.00000000e+00 2.00000000e+00
 2.00000000e+00 2.00000000e+00 2.00000000e+00 2.00000000e+00
 2.00000000e+00 2.00000000e+00 2.00000000e+00 2.00000000e+00
 2.00000000e+00 2.00000000e+00 2.00000000e+00 2.00000000e+00
 2.00000000e+00 2.00000000e+00 2.00000000e+00 2.00000000e+00
 2.00000000e+00 2.00000000e+00 2.00000000e+00 2.00000000e+00]

	SCF Occupancy Eigenvalues for Fragment Number : # 4
	[2.39772974e-15 1.13813176e-15 1.01438543e-15 9.10385007e-16
 8.07305532e-16 7.76959562e-16 7.51948496e-16 7.30011017e-16
 7.07767178e-16 6.97535823e-16 6.06824166e-16 5.16346898e-16
 4.60514895e-16 4.31863853e-16 4.06801511e-16 3.58951564e-16
 3.45326263e-16 3.38837612e-16 3.08141433e-16 2.72481509e-16
 2.40628198e-16 2.31197648e-16 1.65361914e-16 1.44922329e-16
 1.44768639e-16 1.38387438e-16 7.36482942e-17 7.02743889e-17
 6.51707455e-17 5.72647377e-17 5.71250901e-17 4.17564763e-17
 2.29889524e-17 1.43936825e-17 1.07759584e-17 1.26049781e-19
 1.09051339e-17 1.91292533e-17 2.68567925e-17 5.23802713e-17
 6.91828059e-17 1.19061149e-16 1.19486985e-16 1.41765824e-16
 1.91192464e-16 2.06063070e-16 2.11050833e-16 2.25190547e-16
 2.26201649e-16 2.60327668e-16 2.63550145e-16 3.39030503e-16
 3.74434331e-16 4.02642699e-16 4.48164080e-16 4.80057591e-16
 4.87528783e-16 4.89890974e-16 5.11975401e-16 6.52358049e-16
 6.74684810e-16 7.81984799e-16 8.33392996e-16 8.45849636e-16
 1.17722189e-15 1.50725525e-15 5.28322315e-08 2.31975998e-07
 1.22317984e-06 1.79541216e-06 3.43293786e-06 3.06763713e-05
 3.30842297e-05 8.53951240e-05 2.33411369e-04 3.49794283e-04
 4.53214903e-04 1.06534995e-03 1.18875312e-03 8.29828897e-03
 2.67314895e-02 7.56882707e-01 8.66117685e-01 9.44857112e-01
 1.00652953e+00 1.03659642e+00 1.09645123e+00 1.98873448e+00
 1.99664874e+00 1.99739238e+00 1.99870305e+00 1.99901689e+00
 1.99912130e+00 1.99928699e+00 1.99977891e+00 1.99979524e+00
 1.99983786e+00 1.99992394e+00 1.99994286e+00 1.99998427e+00
 1.99998818e+00 1.99999606e+00 1.99999898e+00 1.99999958e+00
 1.99999980e+00 1.99999984e+00 1.99999991e+00 1.99999996e+00
 1.99999998e+00 1.99999999e+00 2.00000000e+00 2.00000000e+00
 2.00000000e+00 2.00000000e+00 2.00000000e+00 2.00000000e+00
 2.00000000e+00 2.00000000e+00 2.00000000e+00 2.00000000e+00
 2.00000000e+00 2.00000000e+00 2.00000000e+00 2.00000000e+00
 2.00000000e+00 2.00000000e+00]

	SCF Occupancy Eigenvalues for Fragment Number : # 5
