
=== Relaxed scan: C-C distance = 1.50 Å ===
geometric-optimize called with the following command line:
run_dmet_sqd.py

                                        [91m())))))))))))))))/[0m                     
                                    [91m())))))))))))))))))))))))),[0m                
                                [91m*)))))))))))))))))))))))))))))))))[0m             
                        [94m#,[0m    [91m()))))))))/[0m                [91m.)))))))))),[0m          
                      [94m#%%%%,[0m  [91m())))))[0m                        [91m.))))))))*[0m        
                      [94m*%%%%%%,[0m  [91m))[0m              [93m..[0m              [91m,))))))).[0m      
                        [94m*%%%%%%,[0m         [93m***************/.[0m        [91m.)))))))[0m     
                [94m#%%/[0m      [94m(%%%%%%,[0m    [93m/*********************.[0m       [91m)))))))[0m    
              [94m.%%%%%%#[0m      [94m*%%%%%%,[0m  [93m*******/,[0m     [93m**********,[0m      [91m.))))))[0m   
                [94m.%%%%%%/[0m      [94m*%%%%%%,[0m  [93m**[0m              [93m********[0m      [91m.))))))[0m  
          [94m##[0m      [94m.%%%%%%/[0m      [94m(%%%%%%,[0m                  [93m,******[0m      [91m/)))))[0m  
        [94m%%%%%%[0m      [94m.%%%%%%#[0m      [94m*%%%%%%,[0m    [92m,/////.[0m       [93m******[0m      [91m))))))[0m 
      [94m#%[0m      [94m%%[0m      [94m.%%%%%%/[0m      [94m*%%%%%%,[0m  [92m////////,[0m      [93m*****/[0m     [91m,)))))[0m 
    [94m#%%[0m  [94m%%%[0m  [94m%%%#[0m      [94m.%%%%%%/[0m      [94m(%%%%%%,[0m  [92m///////.[0m     [93m/*****[0m      [91m))))).[0m
  [94m#%%%%.[0m      [94m%%%%%#[0m      [94m/%%%%%%*[0m      [94m#%%%%%%[0m   [92m/////)[0m     [93m******[0m      [91m))))),[0m
    [94m#%%%%##%[0m  [94m%%%#[0m      [94m.%%%%%%/[0m      [94m(%%%%%%,[0m  [92m///////.[0m     [93m/*****[0m      [91m))))).[0m
      [94m##[0m     [94m%%%[0m      [94m.%%%%%%/[0m      [94m*%%%%%%,[0m  [92m////////.[0m      [93m*****/[0m     [91m,)))))[0m 
        [94m#%%%%#[0m      [94m/%%%%%%/[0m      [94m(%%%%%%[0m      [92m/)/)//[0m       [93m******[0m      [91m))))))[0m 
          [94m##[0m      [94m.%%%%%%/[0m      [94m(%%%%%%,[0m                  [93m*******[0m      [91m))))))[0m  
                [94m.%%%%%%/[0m      [94m*%%%%%%,[0m  [93m**.[0m             [93m/*******[0m      [91m.))))))[0m  
              [94m*%%%%%%/[0m      [94m(%%%%%%[0m   [93m********/*..,*/*********[0m       [91m*))))))[0m   
                [94m#%%/[0m      [94m(%%%%%%,[0m    [93m*********************/[0m        [91m)))))))[0m    
                        [94m*%%%%%%,[0m         [93m,**************/[0m         [91m,))))))/[0m     
                      [94m(%%%%%%[0m   [91m()[0m                              [91m))))))))[0m       
                      [94m#%%%%,[0m  [91m())))))[0m                        [91m,)))))))),[0m        
                        [94m#,[0m    [91m())))))))))[0m                [91m,)))))))))).[0m          
                                 [91m()))))))))))))))))))))))))))))))/[0m             
                                    [91m())))))))))))))))))))))))).[0m                
                                         [91m())))))))))))))),[0m                     

-=# [1;94m geomeTRIC started. Version: 1.1 [0m #=-
Current date and time: 2026-04-30 22:12:40
#========================================================#
#| [92m    Arguments passed to driver run_optimizer():     [0m |#
#========================================================#
constraints               /tmp/tmpc58i861h/constraints.txt 
customengine              <pyscf.geomopt.geometric_solver.PySCFEngine object at 0x7f422303ec00> 
input                     /tmp/tmp0mcs661d/ea871818-1993-409f-abe6-9d35ba98d707 
logIni                    /home/bhabani/miniconda3/lib/python3.12/site-packages/pyscf/geomopt/log.ini 
maxiter                   100 
----------------------------------------------------------
Custom engine selected.
$set
distance 1 5 1.50000000
Bonds will be generated from interatomic distances less than 1.20 times sum of covalent radii
24 internal coordinates being used (instead of 24 Cartesians)
Internal coordinate system (atoms numbered from 1):
Distance 1-5
Distance 1-2
Distance 1-3
Distance 1-4
Distance 5-6
Distance 5-7
Distance 5-8
Angle 2-1-3
Angle 2-1-4
Angle 2-1-5
Angle 3-1-4
Angle 3-1-5
Angle 4-1-5
Angle 1-5-6
Angle 1-5-7
Angle 1-5-8
Angle 6-5-7
Angle 6-5-8
Angle 7-5-8
Dihedral 2-1-5-6
Dihedral 2-1-5-7
Dihedral 2-1-5-8
Dihedral 3-1-5-6
Dihedral 3-1-5-7
Dihedral 3-1-5-8
Dihedral 4-1-5-6
Dihedral 4-1-5-7
Dihedral 4-1-5-8
Translation-X 1-8
Translation-Y 1-8
Translation-Z 1-8
Rotation-A 1-8
Rotation-B 1-8
Rotation-C 1-8
<class 'geometric.internal.Distance'> : 7
<class 'geometric.internal.Angle'> : 12
<class 'geometric.internal.Dihedral'> : 9
<class 'geometric.internal.TranslationX'> : 1
<class 'geometric.internal.TranslationY'> : 1
<class 'geometric.internal.TranslationZ'> : 1
<class 'geometric.internal.RotationA'> : 1
<class 'geometric.internal.RotationB'> : 1
<class 'geometric.internal.RotationC'> : 1
Constraint                         Current      Target       Diff.
Distance 1-5                       1.50000     1.50000    -0.00000
> ===== Optimization Info: ====
> Job type: Energy minimization
> Maximum number of optimization cycles: 100
> Initial / maximum trust radius (Angstrom): 0.100 / 0.300
> Convergence Criteria:
> Will converge when all 5 criteria are reached:
>  |Delta-E| < 1.00e-06
>  RMS-Ortho-Grad < 3.00e-04
>  Max-Ortho-Grad < 4.50e-04
>  RMS-Disp  < 1.20e-03
>  Max-Disp  < 1.80e-03
> 
> Constraints are requested. The following criterion is added:
>  Max Constraint Violation (in Angstroms/degrees) < 1.00e-02 
> === End Optimization Info ===
WARN: Mole.unit (Angstrom) is changed to Bohr
Step    0 : Gradient = 7.008e-03/7.884e-03 (rms/max) Energy = -78.7924929710
Hessian Eigenvalues: 2.30000e-02 5.00000e-02 5.00000e-02 ... 3.41388e-01 3.41561e-01 3.41561e-01
Step    1 : Displace = [0m1.424e-02[0m/[0m1.650e-02[0m (rms/max) Trust = 1.000e-01 (=) Grad_T = [0m8.190e-04[0m/[0m9.391e-04[0m (rms/max) E (change) = -78.7930433271 ([0m-5.504e-04[0m) Quality = [0m0.878[0m
Hessian Eigenvalues: 2.30000e-02 5.00000e-02 5.00000e-02 ... 3.41504e-01 3.41561e-01 3.81685e-01
Step    2 : Displace = [0m2.245e-03[0m/[0m2.593e-03[0m (rms/max) Trust = 1.414e-01 ([92m+[0m) Grad_T = [92m1.988e-05[0m/[92m2.155e-05[0m (rms/max) E (change) = -78.7930539721 ([0m-1.065e-05[0m) Quality = [0m0.983[0m
Hessian Eigenvalues: 2.30000e-02 5.00000e-02 5.00000e-02 ... 3.41504e-01 3.41561e-01 4.12773e-01
Step    3 : Displace = [92m2.826e-05[0m/[92m3.283e-05[0m (rms/max) Trust = 2.000e-01 ([92m+[0m) Grad_T = [92m4.803e-07[0m/[92m7.572e-07[0m (rms/max) E (change) = -78.7930539759 ([92m-3.752e-09[0m) Quality = [0m0.991[0m
Hessian Eigenvalues: 2.30000e-02 5.00000e-02 5.00000e-02 ... 3.41504e-01 3.41561e-01 4.12773e-01
Converged! =D

    #==========================================================================#
    #| If this code has benefited your research, please support us by citing: |#
    #|                                                                        |#
    #| Wang, L.-P.; Song, C.C. (2016) "Geometry optimization made simple with |#
    #| translation and rotation coordinates", J. Chem, Phys. 144, 214108.     |#
    #| http://dx.doi.org/10.1063/1.4952956                                    |#
    #==========================================================================#
    Time elapsed since start of run_optimizer: 10.982 seconds
WARN: ECP not specified. The basis set CRENBL include an ECP. Recommended ECP: CRENBL.
/home/bhabani/Kishore/Tangelo_2.0_hardware/tangelo/problem_decomposition/dmet/dmet_problem_decomposition.py:168: RuntimeWarning: The mean field will be recomputed even if one has been provided by the user.
  warnings.warn("The mean field will be recomputed even if one has been provided by the user.", RuntimeWarning)
	[Optimizer] Evaluating mu=0.000000 with 3 real hardware jobs...
 	Iteration =  1
 	Chemical Potential (mu) =      0.0000000000
 	----------------
 
	SCF Occupancy Eigenvalues for Fragment Number : # 0
	[3.99649611e-16 2.86890551e-16 5.76904140e-18 4.80809931e-18
 3.39477073e-17 6.31728753e-17 5.22803903e-06 1.68973454e-03
 9.50618111e-03 9.50619376e-03 1.00000000e+00 1.99049381e+00
 1.99049382e+00 1.99831027e+00 1.99999477e+00]

	SCF Occupancy Eigenvalues for Fragment Number : # 1
	[3.56359313e-16 1.42133730e-16 2.51248183e-17 1.27297673e-18
 4.33821145e-17 1.19379448e-15 5.22803903e-06 1.68973454e-03
 9.50618111e-03 9.50619376e-03 1.00000000e+00 1.99049381e+00
 1.99049382e+00 1.99831027e+00 1.99999477e+00]

		Fragment Number : #  1
		------------------------
		CCSD diag: n_active_mos=24, n_active_electrons=18, trace(onerdm)=18.0
		Fragment Energy = -60.877501364548024
		Number of Electrons in Fragment = 9.005933939845063
Fragment: n_homo=8, n_lumo=9, kept=[7, 8, 9, 10]
		Fragment Number : #  2
		------------------------
		CCSD diag: n_active_mos=4, n_active_electrons=4, trace(onerdm)=4.0
		Fragment Energy = -60.764472691327185
		Number of Electrons in Fragment = 9.00095288635193
	Electron Residual = 0.006886826196993212
 	Iteration =  2
 	Chemical Potential (mu) =      0.0000000000
 	----------------
 
	SCF Occupancy Eigenvalues for Fragment Number : # 0
	[3.99649611e-16 2.86890551e-16 5.76904140e-18 4.80809931e-18
 3.39477073e-17 6.31728753e-17 5.22803903e-06 1.68973454e-03
 9.50618111e-03 9.50619376e-03 1.00000000e+00 1.99049381e+00
 1.99049382e+00 1.99831027e+00 1.99999477e+00]

	SCF Occupancy Eigenvalues for Fragment Number : # 1
	[3.56359313e-16 1.42133730e-16 2.51248183e-17 1.27297673e-18
 4.33821145e-17 1.19379448e-15 5.22803903e-06 1.68973454e-03
 9.50618111e-03 9.50619376e-03 1.00000000e+00 1.99049381e+00
 1.99049382e+00 1.99831027e+00 1.99999477e+00]

		Fragment Number : #  1
		------------------------
		CCSD diag: n_active_mos=24, n_active_electrons=18, trace(onerdm)=18.0
		Fragment Energy = -60.87750136454788
		Number of Electrons in Fragment = 9.005933939845036
Fragment: n_homo=8, n_lumo=9, kept=[7, 8, 9, 10]
		Fragment Number : #  2
		------------------------
		CCSD diag: n_active_mos=4, n_active_electrons=4, trace(onerdm)=4.0
		Fragment Energy = -60.76447269132725
		Number of Electrons in Fragment = 9.000952886351932
	Electron Residual = 0.006886826196968343
 	Iteration =  3
 	Chemical Potential (mu) =      0.0000000000
 	----------------
 
	SCF Occupancy Eigenvalues for Fragment Number : # 0
	[3.99649611e-16 2.86890551e-16 5.76904140e-18 4.80809931e-18
 3.39477073e-17 6.31728753e-17 5.22803903e-06 1.68973454e-03
 9.50618111e-03 9.50619376e-03 1.00000000e+00 1.99049381e+00
 1.99049382e+00 1.99831027e+00 1.99999477e+00]

	SCF Occupancy Eigenvalues for Fragment Number : # 1
	[3.56359313e-16 1.42133730e-16 2.51248183e-17 1.27297673e-18
 4.33821145e-17 1.19379448e-15 5.22803903e-06 1.68973454e-03
 9.50618111e-03 9.50619376e-03 1.00000000e+00 1.99049381e+00
 1.99049382e+00 1.99831027e+00 1.99999477e+00]

		Fragment Number : #  1
		------------------------
Traceback (most recent call last):
  File "/home/bhabani/Kishore/Tangelo_2.0_hardware/run_dmet_sqd.py", line 555, in <module>
    energy = dmet_calc.simulate()
             ^^^^^^^^^^^^^^^^^^^^
  File "/home/bhabani/Kishore/Tangelo_2.0_hardware/tangelo/problem_decomposition/dmet/dmet_problem_decomposition.py", line 297, in simulate
    self.chemical_potential = self.optimizer(self._oneshot_loop, self.initial_chemical_potential)
                              ^^^^^^^^^^^^^^^^^^^^^^^^^^^^^^^^^^^^^^^^^^^^^^^^^^^^^^^^^^^^^^^^^^^
  File "/home/bhabani/Kishore/Tangelo_2.0_hardware/run_dmet_sqd.py", line 547, in <lambda>
    "optimizer": lambda func, mu0: cached_noisy_optimizer(dmet_calc, mu0, noisy_optimizer_options, dist_key=dist_key),
                                   ^^^^^^^^^^^^^^^^^^^^^^^^^^^^^^^^^^^^^^^^^^^^^^^^^^^^^^^^^^^^^^^^^^^^^^^^^^^^^^^^^^
  File "/home/bhabani/Kishore/Tangelo_2.0_hardware/run_dmet_sqd.py", line 190, in cached_noisy_optimizer
    f0 = evaluate(mu)
         ^^^^^^^^^^^^
  File "/home/bhabani/Kishore/Tangelo_2.0_hardware/run_dmet_sqd.py", line 147, in evaluate
    res = dmet_instance._oneshot_loop(mu)
          ^^^^^^^^^^^^^^^^^^^^^^^^^^^^^^^
  File "/home/bhabani/Kishore/Tangelo_2.0_hardware/run_dmet_sqd.py", line 122, in patched_oneshot
    return original_oneshot(mu, save_results=save_results, **kwargs)
           ^^^^^^^^^^^^^^^^^^^^^^^^^^^^^^^^^^^^^^^^^^^^^^^^^^^^^^^^^
  File "/home/bhabani/Kishore/Tangelo_2.0_hardware/tangelo/problem_decomposition/dmet/dmet_problem_decomposition.py", line 528, in _oneshot_loop
    onerdm, twordm = solver_fragment.get_rdm()
                     ^^^^^^^^^^^^^^^^^^^^^^^^^
  File "/home/bhabani/Kishore/Tangelo_2.0_hardware/tangelo/algorithms/classical/ccsd_solver.py", line 313, in get_rdm
    return self.solver.get_rdm()
           ^^^^^^^^^^^^^^^^^^^^^
  File "/home/bhabani/Kishore/Tangelo_2.0_hardware/tangelo/algorithms/classical/ccsd_solver.py", line 103, in get_rdm
    l1, l2 = self.cc_fragment.solve_lambda(t1, t2)
             ^^^^^^^^^^^^^^^^^^^^^^^^^^^^^^^^^^^^^
  File "/home/bhabani/miniconda3/lib/python3.12/site-packages/pyscf/cc/ccsd.py", line 1279, in solve_lambda
    ccsd_lambda.kernel(self, eris, t1, t2, l1, l2,
  File "/home/bhabani/miniconda3/lib/python3.12/site-packages/pyscf/cc/ccsd_lambda.py", line 65, in kernel
    l1new, l2new = fupdate(mycc, t1, t2, l1, l2, eris, imds)
                   ^^^^^^^^^^^^^^^^^^^^^^^^^^^^^^^^^^^^^^^^^
  File "/home/bhabani/miniconda3/lib/python3.12/site-packages/pyscf/cc/ccsd_lambda.py", line 258, in update_lambda
    l2new = mycc._add_vvvv(None, l2, eris, with_ovvv=False, t2sym='jiba')
            ^^^^^^^^^^^^^^^^^^^^^^^^^^^^^^^^^^^^^^^^^^^^^^^^^^^^^^^^^^^^^
  File "/home/bhabani/miniconda3/lib/python3.12/site-packages/pyscf/cc/ccsd.py", line 378, in _add_vvvv
    Ht2tril = _add_vvvv_tril(mycc, t1, t2, eris, with_ovvv=with_ovvv)
              ^^^^^^^^^^^^^^^^^^^^^^^^^^^^^^^^^^^^^^^^^^^^^^^^^^^^^^^
  File "/home/bhabani/miniconda3/lib/python3.12/site-packages/pyscf/cc/ccsd.py", line 435, in _add_vvvv_tril
    Ht2tril = eris._contract_vvvv_t2(mycc, tau, mycc.direct, out, log)
              ^^^^^^^^^^^^^^^^^^^^^^^^^^^^^^^^^^^^^^^^^^^^^^^^^^^^^^^^
  File "/home/bhabani/miniconda3/lib/python3.12/site-packages/pyscf/cc/ccsd.py", line 1451, in _contract_vvvv_t2
    return _contract_vvvv_t2(mycc, self.mol, vvvv, t2, out, verbose)
           ^^^^^^^^^^^^^^^^^^^^^^^^^^^^^^^^^^^^^^^^^^^^^^^^^^^^^^^^^
  File "/home/bhabani/miniconda3/lib/python3.12/site-packages/pyscf/cc/ccsd.py", line 482, in _contract_vvvv_t2
    return _contract_s4vvvv_t2(mycc, mol, vvvv, t2, out, verbose)
           ^^^^^^^^^^^^^^^^^^^^^^^^^^^^^^^^^^^^^^^^^^^^^^^^^^^^^^
  File "/home/bhabani/miniconda3/lib/python3.12/site-packages/pyscf/cc/ccsd.py", line 604, in _contract_s4vvvv_t2
    contract_blk_(tmp, i0, i1, j0, j1)
  File "/home/bhabani/miniconda3/lib/python3.12/site-packages/pyscf/cc/ccsd.py", line 514, in contract_blk_
    _dgemm('N', 'N', nocc2, jc*nvirb, ic*nvirb,
  File "/home/bhabani/miniconda3/lib/python3.12/site-packages/pyscf/lib/numpy_helper.py", line 909, in _dgemm
    _np_helper.NPdgemm(ctypes.c_char(trans_b.encode('ascii')),
KeyboardInterrupt
