Resuming from checkpoint. 0 points already completed.

=== Relaxed scan: C-C distance = 1.50 A ===
geometric-optimize called with the following command line:
run_dmet_sqd_hardware.py

                                        [91m())))))))))))))))/[0m                     
                                    [91m())))))))))))))))))))))))),[0m                
                                [91m*)))))))))))))))))))))))))))))))))[0m             
                        [94m#,[0m    [91m()))))))))/[0m                [91m.)))))))))),[0m          
                      [94m#%%%%,[0m  [91m())))))[0m                        [91m.))))))))*[0m        
                      [94m*%%%%%%,[0m  [91m))[0m              [93m..[0m              [91m,))))))).[0m      
                        [94m*%%%%%%,[0m         [93m***************/.[0m        [91m.)))))))[0m     
                [94m#%%/[0m      [94m(%%%%%%,[0m    [93m/*********************.[0m       [91m)))))))[0m    
              [94m.%%%%%%#[0m      [94m*%%%%%%,[0m  [93m*******/,[0m     [93m**********,[0m      [91m.))))))[0m   
                [94m.%%%%%%/[0m      [94m*%%%%%%,[0m  [93m**[0m              [93m********[0m      [91m.))))))[0m  
          [94m##[0m      [94m.%%%%%%/[0m      [94m(%%%%%%,[0m                  [93m,******[0m      [91m/)))))[0m  
        [94m%%%%%%[0m      [94m.%%%%%%#[0m      [94m*%%%%%%,[0m    [92m,/////.[0m       [93m******[0m      [91m))))))[0m 
      [94m#%[0m      [94m%%[0m      [94m.%%%%%%/[0m      [94m*%%%%%%,[0m  [92m////////,[0m      [93m*****/[0m     [91m,)))))[0m 
    [94m#%%[0m  [94m%%%[0m  [94m%%%#[0m      [94m.%%%%%%/[0m      [94m(%%%%%%,[0m  [92m///////.[0m     [93m/*****[0m      [91m))))).[0m
  [94m#%%%%.[0m      [94m%%%%%#[0m      [94m/%%%%%%*[0m      [94m#%%%%%%[0m   [92m/////)[0m     [93m******[0m      [91m))))),[0m
    [94m#%%%%##%[0m  [94m%%%#[0m      [94m.%%%%%%/[0m      [94m(%%%%%%,[0m  [92m///////.[0m     [93m/*****[0m      [91m))))).[0m
      [94m##[0m     [94m%%%[0m      [94m.%%%%%%/[0m      [94m*%%%%%%,[0m  [92m////////.[0m      [93m*****/[0m     [91m,)))))[0m 
        [94m#%%%%#[0m      [94m/%%%%%%/[0m      [94m(%%%%%%[0m      [92m/)/)//[0m       [93m******[0m      [91m))))))[0m 
          [94m##[0m      [94m.%%%%%%/[0m      [94m(%%%%%%,[0m                  [93m*******[0m      [91m))))))[0m  
                [94m.%%%%%%/[0m      [94m*%%%%%%,[0m  [93m**.[0m             [93m/*******[0m      [91m.))))))[0m  
              [94m*%%%%%%/[0m      [94m(%%%%%%[0m   [93m********/*..,*/*********[0m       [91m*))))))[0m   
                [94m#%%/[0m      [94m(%%%%%%,[0m    [93m*********************/[0m        [91m)))))))[0m    
                        [94m*%%%%%%,[0m         [93m,**************/[0m         [91m,))))))/[0m     
                      [94m(%%%%%%[0m   [91m()[0m                              [91m))))))))[0m       
                      [94m#%%%%,[0m  [91m())))))[0m                        [91m,)))))))),[0m        
                        [94m#,[0m    [91m())))))))))[0m                [91m,)))))))))).[0m          
                                 [91m()))))))))))))))))))))))))))))))/[0m             
                                    [91m())))))))))))))))))))))))).[0m                
                                         [91m())))))))))))))),[0m                     

-=# [1;94m geomeTRIC started. Version: 1.1 [0m #=-
Current date and time: 2026-05-01 10:32:22
#========================================================#
#| [92m    Arguments passed to driver run_optimizer():     [0m |#
#========================================================#
constraints               /tmp/tmpk2xu79xo/constraints.txt 
customengine              <pyscf.geomopt.geometric_solver.PySCFEngine object at 0x7fa3192d8da0> 
input                     /tmp/tmplnlsldb3/0cf8b0d6-37af-46d0-a071-83587be0b053 
logIni                    /home/bhabani/miniconda3/lib/python3.12/site-packages/pyscf/geomopt/log.ini 
maxiter                   100 
----------------------------------------------------------
Custom engine selected.
$set
distance 1 5 1.50000000
Bonds will be generated from interatomic distances less than 1.20 times sum of covalent radii
24 internal coordinates being used (instead of 24 Cartesians)
Internal coordinate system (atoms numbered from 1):
Distance 1-5
Distance 1-2
Distance 1-3
Distance 1-4
Distance 5-6
Distance 5-7
Distance 5-8
Angle 2-1-3
Angle 2-1-4
Angle 2-1-5
Angle 3-1-4
Angle 3-1-5
Angle 4-1-5
Angle 1-5-6
Angle 1-5-7
Angle 1-5-8
Angle 6-5-7
Angle 6-5-8
Angle 7-5-8
Dihedral 2-1-5-6
Dihedral 2-1-5-7
Dihedral 2-1-5-8
Dihedral 3-1-5-6
Dihedral 3-1-5-7
Dihedral 3-1-5-8
Dihedral 4-1-5-6
Dihedral 4-1-5-7
Dihedral 4-1-5-8
Translation-X 1-8
Translation-Y 1-8
Translation-Z 1-8
Rotation-A 1-8
Rotation-B 1-8
Rotation-C 1-8
<class 'geometric.internal.Distance'> : 7
<class 'geometric.internal.Angle'> : 12
<class 'geometric.internal.Dihedral'> : 9
<class 'geometric.internal.TranslationX'> : 1
<class 'geometric.internal.TranslationY'> : 1
<class 'geometric.internal.TranslationZ'> : 1
<class 'geometric.internal.RotationA'> : 1
<class 'geometric.internal.RotationB'> : 1
<class 'geometric.internal.RotationC'> : 1
Constraint                         Current      Target       Diff.
Distance 1-5                       1.50000     1.50000    -0.00000
> ===== Optimization Info: ====
> Job type: Energy minimization
> Maximum number of optimization cycles: 100
> Initial / maximum trust radius (Angstrom): 0.100 / 0.300
> Convergence Criteria:
> Will converge when all 5 criteria are reached:
>  |Delta-E| < 1.00e-06
>  RMS-Ortho-Grad < 3.00e-04
>  Max-Ortho-Grad < 4.50e-04
>  RMS-Disp  < 1.20e-03
>  Max-Disp  < 1.80e-03
> 
> Constraints are requested. The following criterion is added:
>  Max Constraint Violation (in Angstroms/degrees) < 1.00e-02 
> === End Optimization Info ===
WARN: Mole.unit (Angstrom) is changed to Bohr
Step    0 : Gradient = 7.008e-03/7.884e-03 (rms/max) Energy = -78.7924929710
Hessian Eigenvalues: 2.30000e-02 5.00000e-02 5.00000e-02 ... 3.41388e-01 3.41561e-01 3.41561e-01
Step    1 : Displace = [0m1.424e-02[0m/[0m1.650e-02[0m (rms/max) Trust = 1.000e-01 (=) Grad_T = [0m8.190e-04[0m/[0m9.391e-04[0m (rms/max) E (change) = -78.7930433271 ([0m-5.504e-04[0m) Quality = [0m0.878[0m
Hessian Eigenvalues: 2.30000e-02 5.00000e-02 5.00000e-02 ... 3.41504e-01 3.41561e-01 3.81685e-01
Step    2 : Displace = [0m2.245e-03[0m/[0m2.593e-03[0m (rms/max) Trust = 1.414e-01 ([92m+[0m) Grad_T = [92m1.988e-05[0m/[92m2.155e-05[0m (rms/max) E (change) = -78.7930539721 ([0m-1.065e-05[0m) Quality = [0m0.983[0m
Hessian Eigenvalues: 2.30000e-02 5.00000e-02 5.00000e-02 ... 3.41504e-01 3.41561e-01 4.12773e-01
Step    3 : Displace = [92m2.826e-05[0m/[92m3.283e-05[0m (rms/max) Trust = 2.000e-01 ([92m+[0m) Grad_T = [92m4.803e-07[0m/[92m7.572e-07[0m (rms/max) E (change) = -78.7930539759 ([92m-3.752e-09[0m) Quality = [0m0.991[0m
Hessian Eigenvalues: 2.30000e-02 5.00000e-02 5.00000e-02 ... 3.41504e-01 3.41561e-01 4.12773e-01
Converged! =D

    #==========================================================================#
    #| If this code has benefited your research, please support us by citing: |#
    #|                                                                        |#
    #| Wang, L.-P.; Song, C.C. (2016) "Geometry optimization made simple with |#
    #| translation and rotation coordinates", J. Chem, Phys. 144, 214108.     |#
    #| http://dx.doi.org/10.1063/1.4952956                                    |#
    #==========================================================================#
    Time elapsed since start of run_optimizer: 1.062 seconds
WARN: ECP not specified. The basis set CRENBL include an ECP. Recommended ECP: CRENBL.
/home/bhabani/Kishore/Tangelo_2.0_hardware/tangelo/problem_decomposition/dmet/dmet_problem_decomposition.py:168: RuntimeWarning: The mean field will be recomputed even if one has been provided by the user.
  warnings.warn("The mean field will be recomputed even if one has been provided by the user.", RuntimeWarning)
 	Iteration =  1
 	Chemical Potential (mu) =      0.0000000000
 	----------------
 
	SCF Occupancy Eigenvalues for Fragment Number : # 0
	[2.63107535e-16 6.43495691e-17 7.17634946e-18 8.01859489e-18
 7.58280082e-17 1.79437692e-16 5.22803903e-06 1.68973454e-03
 9.50618111e-03 9.50619376e-03 1.00000000e+00 1.99049381e+00
 1.99049382e+00 1.99831027e+00 1.99999477e+00]

	SCF Occupancy Eigenvalues for Fragment Number : # 1
	[2.43322813e-16 5.31845828e-17 3.47452297e-17 7.29318677e-18
 2.65754524e-17 1.82519475e-16 5.22803903e-06 1.68973454e-03
 9.50618111e-03 9.50619376e-03 1.00000000e+00 1.99049381e+00
 1.99049382e+00 1.99831027e+00 1.99999477e+00]

		Fragment Number : #  1
		------------------------
		CCSD diag: n_active_mos=24, n_active_electrons=18, trace(onerdm)=18.0
		Fragment Energy = -60.87750136454809
		Number of Electrons in Fragment = 9.00593393984509
Fragment: n_homo=8, n_lumo=9, kept=[6, 7, 8, 9, 10, 11]
		Fragment Number : #  2
		------------------------
Unable to initialize backend 'tpu': INTERNAL: Failed to open libtpu.so: libtpu.so: cannot open shared object file: No such file or directoryAn NVIDIA GPU may be present on this machine, but a CUDA-enabled jaxlib is not installed. Falling back to cpu.LUCJ CCSD init diag: norb=6, n_reps=1, t1_shape=(3, 3), t2_shape=(3, 3, 3, 3), t1_norm=3.279083e-03, t2_norm=5.221086e-02
[AccountManager] SQD call 1: using account 1 (1/18)
Pass: Decompose - 5.22733 (ms)Pass: MergeOrbitalRotations - 0.75340 (ms)Pass: UnitarySynthesis - 0.01264 (ms)Pass: HighLevelSynthesis - 3.60060 (ms)Pass: BasisTranslator - 0.15116 (ms)Pass: ElidePermutations - 0.00834 (ms)Pass: RemoveDiagonalGatesBeforeMeasure - 0.01025 (ms)Pass: RemoveIdentityEquivalent - 0.02480 (ms)Pass: InverseCancellation - 0.02837 (ms)Pass: ContractIdleWiresInControlFlow - 0.00310 (ms)Pass: CommutativeCancellation - 0.12755 (ms)Pass: ConsolidateBlocks - 0.65970 (ms)Pass: Split2QUnitaries - 0.00429 (ms)Pass: SetLayout - 0.04077 (ms)Pass: FullAncillaAllocation - 0.33402 (ms)Pass: EnlargeWithAncilla - 0.19145 (ms)Pass: ApplyLayout - 0.71192 (ms)Pass: CheckMap - 0.18382 (ms)Pass: BarrierBeforeFinalMeasurements - 5.40733 (ms)Pass: SabreSwap - 3.84498 (ms)Pass: FilterOpNodes - 0.18835 (ms)Pass: UnitarySynthesis - 0.00882 (ms)Pass: HighLevelSynthesis - 0.03290 (ms)Pass: BasisTranslator - 3.91603 (ms)Pass: Depth - 0.24319 (ms)Pass: Size - 0.00477 (ms)Pass: MinimumPoint - 0.01645 (ms)Pass: ConsolidateBlocks - 2.09045 (ms)Pass: UnitarySynthesis - 5.94497 (ms)Pass: RemoveIdentityEquivalent - 0.10753 (ms)Pass: Optimize1qGatesDecomposition - 0.67210 (ms)Pass: CommutativeCancellation - 0.70429 (ms)Pass: ContractIdleWiresInControlFlow - 0.00358 (ms)Pass: GatesInBasis - 0.19455 (ms)Pass: Depth - 0.13924 (ms)Pass: Size - 0.00381 (ms)Pass: MinimumPoint - 0.16093 (ms)Pass: ConsolidateBlocks - 1.38497 (ms)Pass: UnitarySynthesis - 1.16229 (ms)Pass: RemoveIdentityEquivalent - 0.09203 (ms)Pass: Optimize1qGatesDecomposition - 0.47159 (ms)Pass: CommutativeCancellation - 0.60487 (ms)Pass: ContractIdleWiresInControlFlow - 0.00310 (ms)Pass: GatesInBasis - 0.18883 (ms)Pass: Depth - 0.13113 (ms)Pass: Size - 0.00286 (ms)Pass: MinimumPoint - 0.00668 (ms)Pass: ConsolidateBlocks - 1.19162 (ms)Pass: UnitarySynthesis - 0.98586 (ms)Pass: RemoveIdentityEquivalent - 0.07510 (ms)Pass: Optimize1qGatesDecomposition - 0.46825 (ms)Pass: CommutativeCancellation - 0.59152 (ms)Pass: ContractIdleWiresInControlFlow - 0.00286 (ms)Pass: GatesInBasis - 0.18740 (ms)Pass: Depth - 0.13018 (ms)Pass: Size - 0.00358 (ms)Pass: MinimumPoint - 0.00620 (ms)Pass: ConsolidateBlocks - 1.19495 (ms)Pass: UnitarySynthesis - 0.96178 (ms)Pass: RemoveIdentityEquivalent - 0.07701 (ms)Pass: Optimize1qGatesDecomposition - 0.46206 (ms)Pass: CommutativeCancellation - 0.55337 (ms)Pass: ContractIdleWiresInControlFlow - 0.00286 (ms)Pass: GatesInBasis - 0.18764 (ms)Pass: Depth - 0.13113 (ms)Pass: Size - 0.00310 (ms)Pass: MinimumPoint - 0.00548 (ms)Pass: ConsolidateBlocks - 1.19805 (ms)Pass: UnitarySynthesis - 0.84138 (ms)Pass: RemoveIdentityEquivalent - 0.07367 (ms)Pass: Optimize1qGatesDecomposition - 0.46587 (ms)Pass: CommutativeCancellation - 0.58842 (ms)Pass: ContractIdleWiresInControlFlow - 0.00286 (ms)Pass: GatesInBasis - 0.18907 (ms)Pass: Depth - 0.13185 (ms)Pass: Size - 0.00310 (ms)Pass: MinimumPoint - 0.00763 (ms)Pass: ContainsInstruction - 0.01025 (ms)Pass: InstructionDurationCheck - 0.00453 (ms)