Resuming from checkpoint. 0 points already completed.

=== Relaxed scan: C-C distance = 1.50 A ===
geometric-optimize called with the following command line:
run_dmet_sqd_hardware.py

                                        [91m())))))))))))))))/[0m                     
                                    [91m())))))))))))))))))))))))),[0m                
                                [91m*)))))))))))))))))))))))))))))))))[0m             
                        [94m#,[0m    [91m()))))))))/[0m                [91m.)))))))))),[0m          
                      [94m#%%%%,[0m  [91m())))))[0m                        [91m.))))))))*[0m        
                      [94m*%%%%%%,[0m  [91m))[0m              [93m..[0m              [91m,))))))).[0m      
                        [94m*%%%%%%,[0m         [93m***************/.[0m        [91m.)))))))[0m     
                [94m#%%/[0m      [94m(%%%%%%,[0m    [93m/*********************.[0m       [91m)))))))[0m    
              [94m.%%%%%%#[0m      [94m*%%%%%%,[0m  [93m*******/,[0m     [93m**********,[0m      [91m.))))))[0m   
                [94m.%%%%%%/[0m      [94m*%%%%%%,[0m  [93m**[0m              [93m********[0m      [91m.))))))[0m  
          [94m##[0m      [94m.%%%%%%/[0m      [94m(%%%%%%,[0m                  [93m,******[0m      [91m/)))))[0m  
        [94m%%%%%%[0m      [94m.%%%%%%#[0m      [94m*%%%%%%,[0m    [92m,/////.[0m       [93m******[0m      [91m))))))[0m 
      [94m#%[0m      [94m%%[0m      [94m.%%%%%%/[0m      [94m*%%%%%%,[0m  [92m////////,[0m      [93m*****/[0m     [91m,)))))[0m 
    [94m#%%[0m  [94m%%%[0m  [94m%%%#[0m      [94m.%%%%%%/[0m      [94m(%%%%%%,[0m  [92m///////.[0m     [93m/*****[0m      [91m))))).[0m
  [94m#%%%%.[0m      [94m%%%%%#[0m      [94m/%%%%%%*[0m      [94m#%%%%%%[0m   [92m/////)[0m     [93m******[0m      [91m))))),[0m
    [94m#%%%%##%[0m  [94m%%%#[0m      [94m.%%%%%%/[0m      [94m(%%%%%%,[0m  [92m///////.[0m     [93m/*****[0m      [91m))))).[0m
      [94m##[0m     [94m%%%[0m      [94m.%%%%%%/[0m      [94m*%%%%%%,[0m  [92m////////.[0m      [93m*****/[0m     [91m,)))))[0m 
        [94m#%%%%#[0m      [94m/%%%%%%/[0m      [94m(%%%%%%[0m      [92m/)/)//[0m       [93m******[0m      [91m))))))[0m 
          [94m##[0m      [94m.%%%%%%/[0m      [94m(%%%%%%,[0m                  [93m*******[0m      [91m))))))[0m  
                [94m.%%%%%%/[0m      [94m*%%%%%%,[0m  [93m**.[0m             [93m/*******[0m      [91m.))))))[0m  
              [94m*%%%%%%/[0m      [94m(%%%%%%[0m   [93m********/*..,*/*********[0m       [91m*))))))[0m   
                [94m#%%/[0m      [94m(%%%%%%,[0m    [93m*********************/[0m        [91m)))))))[0m    
                        [94m*%%%%%%,[0m         [93m,**************/[0m         [91m,))))))/[0m     
                      [94m(%%%%%%[0m   [91m()[0m                              [91m))))))))[0m       
                      [94m#%%%%,[0m  [91m())))))[0m                        [91m,)))))))),[0m        
                        [94m#,[0m    [91m())))))))))[0m                [91m,)))))))))).[0m          
                                 [91m()))))))))))))))))))))))))))))))/[0m             
                                    [91m())))))))))))))))))))))))).[0m                
                                         [91m())))))))))))))),[0m                     

-=# [1;94m geomeTRIC started. Version: 1.1 [0m #=-
Current date and time: 2026-05-01 12:37:59
#========================================================#
#| [92m    Arguments passed to driver run_optimizer():     [0m |#
#========================================================#
constraints               /tmp/tmpaddr1ky9/constraints.txt 
customengine              <pyscf.geomopt.geometric_solver.PySCFEngine object at 0x7f59e64d0350> 
input                     /tmp/tmp5imf2_dv/68fd49b2-2f03-43d9-8c34-a0cfdca8b150 
logIni                    /home/bhabani/miniconda3/lib/python3.12/site-packages/pyscf/geomopt/log.ini 
maxiter                   100 
----------------------------------------------------------
Custom engine selected.
$set
distance 1 5 1.50000000
Bonds will be generated from interatomic distances less than 1.20 times sum of covalent radii
24 internal coordinates being used (instead of 24 Cartesians)
Internal coordinate system (atoms numbered from 1):
Distance 1-5
Distance 1-2
Distance 1-3
Distance 1-4
Distance 5-6
Distance 5-7
Distance 5-8
Angle 2-1-3
Angle 2-1-4
Angle 2-1-5
Angle 3-1-4
Angle 3-1-5
Angle 4-1-5
Angle 1-5-6
Angle 1-5-7
Angle 1-5-8
Angle 6-5-7
Angle 6-5-8
Angle 7-5-8
Dihedral 2-1-5-6
Dihedral 2-1-5-7
Dihedral 2-1-5-8
Dihedral 3-1-5-6
Dihedral 3-1-5-7
Dihedral 3-1-5-8
Dihedral 4-1-5-6
Dihedral 4-1-5-7
Dihedral 4-1-5-8
Translation-X 1-8
Translation-Y 1-8
Translation-Z 1-8
Rotation-A 1-8
Rotation-B 1-8
Rotation-C 1-8
<class 'geometric.internal.Distance'> : 7
<class 'geometric.internal.Angle'> : 12
<class 'geometric.internal.Dihedral'> : 9
<class 'geometric.internal.TranslationX'> : 1
<class 'geometric.internal.TranslationY'> : 1
<class 'geometric.internal.TranslationZ'> : 1
<class 'geometric.internal.RotationA'> : 1
<class 'geometric.internal.RotationB'> : 1
<class 'geometric.internal.RotationC'> : 1
Constraint                         Current      Target       Diff.
Distance 1-5                       1.50000     1.50000    -0.00000
> ===== Optimization Info: ====
> Job type: Energy minimization
> Maximum number of optimization cycles: 100
> Initial / maximum trust radius (Angstrom): 0.100 / 0.300
> Convergence Criteria:
> Will converge when all 5 criteria are reached:
>  |Delta-E| < 1.00e-06
>  RMS-Ortho-Grad < 3.00e-04
>  Max-Ortho-Grad < 4.50e-04
>  RMS-Disp  < 1.20e-03
>  Max-Disp  < 1.80e-03
> 
> Constraints are requested. The following criterion is added:
>  Max Constraint Violation (in Angstroms/degrees) < 1.00e-02 
> === End Optimization Info ===
WARN: Mole.unit (Angstrom) is changed to Bohr
Step    0 : Gradient = 7.008e-03/7.884e-03 (rms/max) Energy = -78.7924929710
Hessian Eigenvalues: 2.30000e-02 5.00000e-02 5.00000e-02 ... 3.41388e-01 3.41561e-01 3.41561e-01
Step    1 : Displace = [0m1.424e-02[0m/[0m1.650e-02[0m (rms/max) Trust = 1.000e-01 (=) Grad_T = [0m8.190e-04[0m/[0m9.391e-04[0m (rms/max) E (change) = -78.7930433271 ([0m-5.504e-04[0m) Quality = [0m0.878[0m
Hessian Eigenvalues: 2.30000e-02 5.00000e-02 5.00000e-02 ... 3.41504e-01 3.41561e-01 3.81685e-01
Step    2 : Displace = [0m2.245e-03[0m/[0m2.593e-03[0m (rms/max) Trust = 1.414e-01 ([92m+[0m) Grad_T = [92m1.988e-05[0m/[92m2.155e-05[0m (rms/max) E (change) = -78.7930539721 ([0m-1.065e-05[0m) Quality = [0m0.983[0m
Hessian Eigenvalues: 2.30000e-02 5.00000e-02 5.00000e-02 ... 3.41504e-01 3.41561e-01 4.12773e-01
Step    3 : Displace = [92m2.826e-05[0m/[92m3.283e-05[0m (rms/max) Trust = 2.000e-01 ([92m+[0m) Grad_T = [92m4.803e-07[0m/[92m7.572e-07[0m (rms/max) E (change) = -78.7930539759 ([92m-3.752e-09[0m) Quality = [0m0.991[0m
Hessian Eigenvalues: 2.30000e-02 5.00000e-02 5.00000e-02 ... 3.41504e-01 3.41561e-01 4.12773e-01
Converged! =D

    #==========================================================================#
    #| If this code has benefited your research, please support us by citing: |#
    #|                                                                        |#
    #| Wang, L.-P.; Song, C.C. (2016) "Geometry optimization made simple with |#
    #| translation and rotation coordinates", J. Chem, Phys. 144, 214108.     |#
    #| http://dx.doi.org/10.1063/1.4952956                                    |#
    #==========================================================================#
    Time elapsed since start of run_optimizer: 1.024 seconds
WARN: ECP not specified. The basis set CRENBL include an ECP. Recommended ECP: CRENBL.
/home/bhabani/Kishore/Tangelo_2.0_hardware/tangelo/problem_decomposition/dmet/dmet_problem_decomposition.py:168: RuntimeWarning: The mean field will be recomputed even if one has been provided by the user.
  warnings.warn("The mean field will be recomputed even if one has been provided by the user.", RuntimeWarning)
	[Optimizer] Evaluating mu=0.000000 with 1 hardware jobs...
 	Iteration =  1
 	Chemical Potential (mu) =      0.0000000000
 	----------------
 
	SCF Occupancy Eigenvalues for Fragment Number : # 0
	[7.41789968e-16 2.08969185e-16 9.04973497e-17 2.64238323e-18
 1.13460475e-17 8.14275100e-17 5.22803903e-06 1.68973454e-03
 9.50618111e-03 9.50619376e-03 1.00000000e+00 1.99049381e+00
 1.99049382e+00 1.99831027e+00 1.99999477e+00]

	SCF Occupancy Eigenvalues for Fragment Number : # 1
	[1.99365598e-16 7.58740159e-17 3.43360039e-17 3.38255991e-17
 8.17818974e-17 2.39098201e-16 5.22803903e-06 1.68973454e-03
 9.50618111e-03 9.50619376e-03 1.00000000e+00 1.99049381e+00
 1.99049382e+00 1.99831027e+00 1.99999477e+00]

		Fragment Number : #  1
		------------------------
		CCSD diag: n_active_mos=24, n_active_electrons=18, trace(onerdm)=18.0
		Fragment Energy = -60.877501364548436
		Number of Electrons in Fragment = 9.005933939845198
Fragment: n_homo=8, n_lumo=9, kept=[6, 7, 8, 9, 10, 11]
		Fragment Number : #  2
		------------------------
Unable to initialize backend 'tpu': INTERNAL: Failed to open libtpu.so: libtpu.so: cannot open shared object file: No such file or directoryAn NVIDIA GPU may be present on this machine, but a CUDA-enabled jaxlib is not installed. Falling back to cpu.LUCJ CCSD init diag: norb=6, n_reps=1, t1_shape=(3, 3), t2_shape=(3, 3, 3, 3), t1_norm=3.279083e-03, t2_norm=5.221086e-02
[AccountManager] SQD call 1: using account 1 (1/20)
Pass: Decompose - 1.35612 (ms)Pass: MergeOrbitalRotations - 0.51999 (ms)Pass: UnitarySynthesis - 0.01216 (ms)Pass: HighLevelSynthesis - 2.38276 (ms)Pass: BasisTranslator - 0.12326 (ms)Pass: ElidePermutations - 0.00620 (ms)Pass: RemoveDiagonalGatesBeforeMeasure - 0.01073 (ms)Pass: RemoveIdentityEquivalent - 0.01574 (ms)Pass: InverseCancellation - 0.02456 (ms)Pass: ContractIdleWiresInControlFlow - 0.00262 (ms)Pass: CommutativeCancellation - 0.09108 (ms)Pass: ConsolidateBlocks - 0.43797 (ms)Pass: Split2QUnitaries - 0.00501 (ms)Pass: SetLayout - 0.03958 (ms)Pass: FullAncillaAllocation - 0.22078 (ms)Pass: EnlargeWithAncilla - 0.13995 (ms)Pass: ApplyLayout - 0.46968 (ms)Pass: CheckMap - 0.13685 (ms)Pass: BarrierBeforeFinalMeasurements - 2.06733 (ms)Pass: SabreSwap - 5.32508 (ms)Pass: FilterOpNodes - 0.24486 (ms)Pass: UnitarySynthesis - 0.01311 (ms)Pass: HighLevelSynthesis - 0.04339 (ms)Pass: BasisTranslator - 4.83823 (ms)Pass: Depth - 0.32353 (ms)Pass: Size - 0.00739 (ms)Pass: MinimumPoint - 0.03076 (ms)Pass: ConsolidateBlocks - 2.62833 (ms)Pass: UnitarySynthesis - 3.98540 (ms)Pass: RemoveIdentityEquivalent - 0.06795 (ms)Pass: Optimize1qGatesDecomposition - 0.47898 (ms)Pass: CommutativeCancellation - 0.46802 (ms)Pass: ContractIdleWiresInControlFlow - 0.00238 (ms)Pass: GatesInBasis - 0.13566 (ms)Pass: Depth - 0.09537 (ms)Pass: Size - 0.00286 (ms)Pass: MinimumPoint - 0.11492 (ms)Pass: ConsolidateBlocks - 0.91934 (ms)Pass: UnitarySynthesis - 0.94938 (ms)Pass: RemoveIdentityEquivalent - 0.04935 (ms)Pass: Optimize1qGatesDecomposition - 0.33808 (ms)Pass: CommutativeCancellation - 0.39124 (ms)Pass: ContractIdleWiresInControlFlow - 0.00238 (ms)Pass: GatesInBasis - 0.11659 (ms)Pass: Depth - 0.09704 (ms)Pass: Size - 0.00238 (ms)Pass: MinimumPoint - 0.00525 (ms)Pass: ConsolidateBlocks - 0.80824 (ms)Pass: UnitarySynthesis - 0.61321 (ms)Pass: RemoveIdentityEquivalent - 0.04721 (ms)Pass: Optimize1qGatesDecomposition - 0.32854 (ms)Pass: CommutativeCancellation - 0.41556 (ms)Pass: ContractIdleWiresInControlFlow - 0.00238 (ms)Pass: GatesInBasis - 0.10347 (ms)Pass: Depth - 0.08845 (ms)Pass: Size - 0.00215 (ms)Pass: MinimumPoint - 0.00453 (ms)Pass: ConsolidateBlocks - 0.79107 (ms)Pass: UnitarySynthesis - 0.58937 (ms)Pass: RemoveIdentityEquivalent - 0.04601 (ms)Pass: Optimize1qGatesDecomposition - 0.32306 (ms)Pass: CommutativeCancellation - 0.38075 (ms)Pass: ContractIdleWiresInControlFlow - 0.00238 (ms)Pass: GatesInBasis - 0.12016 (ms)Pass: Depth - 0.08821 (ms)Pass: Size - 0.00215 (ms)Pass: MinimumPoint - 0.00429 (ms)Pass: ConsolidateBlocks - 0.79751 (ms)Pass: UnitarySynthesis - 0.59366 (ms)Pass: RemoveIdentityEquivalent - 0.04697 (ms)Pass: Optimize1qGatesDecomposition - 0.31853 (ms)Pass: CommutativeCancellation - 0.38385 (ms)Pass: ContractIdleWiresInControlFlow - 0.00191 (ms)Pass: GatesInBasis - 0.11826 (ms)Pass: Depth - 0.08655 (ms)Pass: Size - 0.00215 (ms)Pass: MinimumPoint - 0.00501 (ms)Pass: ContainsInstruction - 0.00739 (ms)Pass: InstructionDurationCheck - 0.00429 (ms)SQD counts diag: n_bits=12, first_bitstring=[0, 0, 0, 1, 1, 1, 0, 0, 0, 1, 1, 1], hamming_left=3, hamming_right=3
SQD postselect diag: total_samples=3637, total_postselected=5744, batch_sizes=[359, 359, 359, 359, 359, 359, 359, 359, 359, 359, 359, 359, 359, 359, 359, 359]
SQD batch diag: batch0_shape=(359, 12), first_bitstring=[0, 0, 0, 1, 1, 1, 0, 0, 0, 1, 1, 1], hamming_left=3, hamming_right=3
SQD sci diag: batch=0, norb=6, nelec=(3, 3), amp_norm=1.0, trace(rdm1)=6.000000000000001
SQD sci diag: batch=1, norb=6, nelec=(3, 3), amp_norm=1.0, trace(rdm1)=6.000000000000001
SQD sci diag: batch=2, norb=6, nelec=(3, 3), amp_norm=1.0, trace(rdm1)=6.000000000000001
SQD sci diag: batch=3, norb=6, nelec=(3, 3), amp_norm=1.0, trace(rdm1)=6.000000000000001
SQD sci diag: batch=4, norb=6, nelec=(3, 3), amp_norm=1.0, trace(rdm1)=6.000000000000001
SQD sci diag: batch=5, norb=6, nelec=(3, 3), amp_norm=1.0, trace(rdm1)=6.000000000000001
SQD sci diag: batch=6, norb=6, nelec=(3, 3), amp_norm=1.0, trace(rdm1)=6.000000000000001
SQD sci diag: batch=7, norb=6, nelec=(3, 3), amp_norm=1.0, trace(rdm1)=6.000000000000001
SQD sci diag: batch=8, norb=6, nelec=(3, 3), amp_norm=1.0, trace(rdm1)=6.000000000000001
SQD sci diag: batch=9, norb=6, nelec=(3, 3), amp_norm=1.0, trace(rdm1)=6.000000000000001
SQD sci diag: batch=10, norb=6, nelec=(3, 3), amp_norm=1.0, trace(rdm1)=6.000000000000001
SQD sci diag: batch=11, norb=6, nelec=(3, 3), amp_norm=1.0, trace(rdm1)=6.000000000000001
SQD sci diag: batch=12, norb=6, nelec=(3, 3), amp_norm=1.0, trace(rdm1)=6.000000000000001
SQD sci diag: batch=13, norb=6, nelec=(3, 3), amp_norm=1.0, trace(rdm1)=6.000000000000001
SQD sci diag: batch=14, norb=6, nelec=(3, 3), amp_norm=1.0, trace(rdm1)=6.000000000000001
SQD sci diag: batch=15, norb=6, nelec=(3, 3), amp_norm=1.0, trace(rdm1)=6.000000000000001
SQD postselect diag: total_samples=382, total_postselected=6112, batch_sizes=[382, 382, 382, 382, 382, 382, 382, 382, 382, 382, 382, 382, 382, 382, 382, 382]
SQD batch diag: batch0_shape=(382, 12), first_bitstring=[0, 0, 0, 1, 1, 1, 0, 0, 0, 1, 1, 1], hamming_left=3, hamming_right=3
SQD sci diag: batch=0, norb=6, nelec=(3, 3), amp_norm=1.0, trace(rdm1)=6.000000000000001
SQD sci diag: batch=1, norb=6, nelec=(3, 3), amp_norm=1.0, trace(rdm1)=6.000000000000001
SQD sci diag: batch=2, norb=6, nelec=(3, 3), amp_norm=1.0, trace(rdm1)=6.000000000000001
SQD sci diag: batch=3, norb=6, nelec=(3, 3), amp_norm=1.0, trace(rdm1)=6.000000000000001
SQD sci diag: batch=4, norb=6, nelec=(3, 3), amp_norm=1.0, trace(rdm1)=6.000000000000001
SQD sci diag: batch=5, norb=6, nelec=(3, 3), amp_norm=1.0, trace(rdm1)=6.000000000000001
SQD sci diag: batch=6, norb=6, nelec=(3, 3), amp_norm=1.0, trace(rdm1)=6.000000000000001
SQD sci diag: batch=7, norb=6, nelec=(3, 3), amp_norm=1.0, trace(rdm1)=6.000000000000001
SQD sci diag: batch=8, norb=6, nelec=(3, 3), amp_norm=1.0, trace(rdm1)=6.000000000000001
SQD sci diag: batch=9, norb=6, nelec=(3, 3), amp_norm=1.0, trace(rdm1)=6.000000000000001
SQD sci diag: batch=10, norb=6, nelec=(3, 3), amp_norm=1.0, trace(rdm1)=6.000000000000001
SQD sci diag: batch=11, norb=6, nelec=(3, 3), amp_norm=1.0, trace(rdm1)=6.000000000000001
SQD sci diag: batch=12, norb=6, nelec=(3, 3), amp_norm=1.0, trace(rdm1)=6.000000000000001
SQD sci diag: batch=13, norb=6, nelec=(3, 3), amp_norm=1.0, trace(rdm1)=6.000000000000001
SQD sci diag: batch=14, norb=6, nelec=(3, 3), amp_norm=1.0, trace(rdm1)=6.000000000000001
SQD sci diag: batch=15, norb=6, nelec=(3, 3), amp_norm=1.0, trace(rdm1)=6.000000000000001
		SQD diag: n_active_mos=6, n_active_electrons=6, trace(onerdm)=6.000000000000001
		Fragment Energy = -60.90028347497818
		Number of Electrons in Fragment = 9.347148948707032
	Electron Residual = 0.3530828885522297
	[Optimizer] Evaluating mu=-0.050000 with 1 hardware jobs...
 	Iteration =  2
 	Chemical Potential (mu) =     -0.0500000000
 	----------------
 
	SCF Occupancy Eigenvalues for Fragment Number : # 0
	[7.41789968e-16 2.08969185e-16 9.04973497e-17 2.64238323e-18
 1.13460475e-17 8.14275100e-17 5.22803903e-06 1.68973454e-03
 9.50618111e-03 9.50619376e-03 1.00000000e+00 1.99049381e+00
 1.99049382e+00 1.99831027e+00 1.99999477e+00]

	SCF Occupancy Eigenvalues for Fragment Number : # 1
	[1.99365598e-16 7.58740159e-17 3.43360039e-17 3.38255991e-17
 8.17818974e-17 2.39098201e-16 5.22803903e-06 1.68973454e-03
 9.50618111e-03 9.50619376e-03 1.00000000e+00 1.99049381e+00
 1.99049382e+00 1.99831027e+00 1.99999477e+00]

		Fragment Number : #  1
		------------------------
		CCSD diag: n_active_mos=24, n_active_electrons=18, trace(onerdm)=18.0
		Fragment Energy = -60.73809548112809
		Number of Electrons in Fragment = 8.95606428709529
Fragment: n_homo=8, n_lumo=9, kept=[6, 7, 8, 9, 10, 11]
		Fragment Number : #  2
		------------------------
LUCJ CCSD init diag: norb=6, n_reps=1, t1_shape=(3, 3), t2_shape=(3, 3, 3, 3), t1_norm=3.241713e-03, t2_norm=4.940298e-02
[AccountManager] SQD call 2: using account 1 (2/20)
Pass: Decompose - 0.95272 (ms)Pass: MergeOrbitalRotations - 0.51856 (ms)Pass: UnitarySynthesis - 0.00715 (ms)Pass: HighLevelSynthesis - 2.42352 (ms)Pass: BasisTranslator - 0.12827 (ms)Pass: ElidePermutations - 0.00978 (ms)Pass: RemoveDiagonalGatesBeforeMeasure - 0.01335 (ms)Pass: RemoveIdentityEquivalent - 0.02050 (ms)Pass: InverseCancellation - 0.02623 (ms)Pass: ContractIdleWiresInControlFlow - 0.00215 (ms)Pass: CommutativeCancellation - 0.08583 (ms)Pass: ConsolidateBlocks - 0.45514 (ms)Pass: Split2QUnitaries - 0.00834 (ms)Pass: SetLayout - 0.03266 (ms)Pass: FullAncillaAllocation - 0.21005 (ms)Pass: EnlargeWithAncilla - 0.11206 (ms)Pass: ApplyLayout - 0.45443 (ms)Pass: CheckMap - 0.11182 (ms)Pass: BarrierBeforeFinalMeasurements - 3.29924 (ms)Pass: SabreSwap - 3.22843 (ms)Pass: FilterOpNodes - 0.41628 (ms)Pass: UnitarySynthesis - 0.01931 (ms)Pass: HighLevelSynthesis - 0.07033 (ms)Pass: BasisTranslator - 5.94902 (ms)Pass: Depth - 0.23341 (ms)Pass: Size - 0.00429 (ms)Pass: MinimumPoint - 0.02503 (ms)Pass: ConsolidateBlocks - 1.83034 (ms)Pass: UnitarySynthesis - 4.52113 (ms)Pass: RemoveIdentityEquivalent - 0.09370 (ms)Pass: Optimize1qGatesDecomposition - 0.60725 (ms)Pass: CommutativeCancellation - 0.60630 (ms)Pass: ContractIdleWiresInControlFlow - 0.00310 (ms)Pass: GatesInBasis - 0.17738 (ms)Pass: Depth - 0.09370 (ms)Pass: Size - 0.00215 (ms)Pass: MinimumPoint - 0.14353 (ms)Pass: ConsolidateBlocks - 0.82088 (ms)Pass: UnitarySynthesis - 0.85711 (ms)Pass: RemoveIdentityEquivalent - 0.05674 (ms)Pass: Optimize1qGatesDecomposition - 0.34595 (ms)Pass: CommutativeCancellation - 0.41437 (ms)Pass: ContractIdleWiresInControlFlow - 0.00238 (ms)Pass: GatesInBasis - 0.12565 (ms)Pass: Depth - 0.09441 (ms)Pass: Size - 0.00215 (ms)Pass: MinimumPoint - 0.15068 (ms)Pass: ConsolidateBlocks - 0.80776 (ms)Pass: UnitarySynthesis - 0.63682 (ms)Pass: RemoveIdentityEquivalent - 0.04911 (ms)Pass: Optimize1qGatesDecomposition - 0.33975 (ms)Pass: CommutativeCancellation - 0.41175 (ms)Pass: ContractIdleWiresInControlFlow - 0.00215 (ms)Pass: GatesInBasis - 0.12517 (ms)Pass: Depth - 0.08678 (ms)Pass: Size - 0.00238 (ms)Pass: MinimumPoint - 0.00501 (ms)Pass: ContainsInstruction - 0.01144 (ms)Pass: InstructionDurationCheck - 0.00405 (ms)SQD counts diag: n_bits=12, first_bitstring=[0, 0, 0, 1, 1, 1, 1, 0, 1, 1, 1, 1], hamming_left=3, hamming_right=5
SQD postselect diag: total_samples=2826, total_postselected=4064, batch_sizes=[254, 254, 254, 254, 254, 254, 254, 254, 254, 254, 254, 254, 254, 254, 254, 254]
SQD batch diag: batch0_shape=(254, 12), first_bitstring=[0, 0, 0, 1, 1, 1, 0, 0, 0, 1, 1, 1], hamming_left=3, hamming_right=3
SQD sci diag: batch=0, norb=6, nelec=(3, 3), amp_norm=1.0, trace(rdm1)=6.000000000000001
SQD sci diag: batch=1, norb=6, nelec=(3, 3), amp_norm=1.0, trace(rdm1)=6.000000000000001
SQD sci diag: batch=2, norb=6, nelec=(3, 3), amp_norm=1.0, trace(rdm1)=6.000000000000001
SQD sci diag: batch=3, norb=6, nelec=(3, 3), amp_norm=1.0, trace(rdm1)=6.000000000000001
SQD sci diag: batch=4, norb=6, nelec=(3, 3), amp_norm=1.0, trace(rdm1)=6.000000000000001
SQD sci diag: batch=5, norb=6, nelec=(3, 3), amp_norm=1.0, trace(rdm1)=6.000000000000001
SQD sci diag: batch=6, norb=6, nelec=(3, 3), amp_norm=1.0, trace(rdm1)=6.000000000000001
SQD sci diag: batch=7, norb=6, nelec=(3, 3), amp_norm=1.0, trace(rdm1)=6.000000000000001
SQD sci diag: batch=8, norb=6, nelec=(3, 3), amp_norm=1.0, trace(rdm1)=6.000000000000001
SQD sci diag: batch=9, norb=6, nelec=(3, 3), amp_norm=1.0, trace(rdm1)=6.000000000000001
SQD sci diag: batch=10, norb=6, nelec=(3, 3), amp_norm=1.0, trace(rdm1)=6.000000000000001
SQD sci diag: batch=11, norb=6, nelec=(3, 3), amp_norm=1.0, trace(rdm1)=6.000000000000001
SQD sci diag: batch=12, norb=6, nelec=(3, 3), amp_norm=1.0, trace(rdm1)=6.000000000000001
SQD sci diag: batch=13, norb=6, nelec=(3, 3), amp_norm=1.0, trace(rdm1)=6.000000000000001
SQD sci diag: batch=14, norb=6, nelec=(3, 3), amp_norm=1.0, trace(rdm1)=6.000000000000001
SQD sci diag: batch=15, norb=6, nelec=(3, 3), amp_norm=1.0, trace(rdm1)=6.000000000000001
SQD postselect diag: total_samples=333, total_postselected=5328, batch_sizes=[333, 333, 333, 333, 333, 333, 333, 333, 333, 333, 333, 333, 333, 333, 333, 333]
SQD batch diag: batch0_shape=(333, 12), first_bitstring=[0, 0, 0, 1, 1, 1, 0, 0, 0, 1, 1, 1], hamming_left=3, hamming_right=3
SQD sci diag: batch=0, norb=6, nelec=(3, 3), amp_norm=1.0, trace(rdm1)=6.000000000000001
SQD sci diag: batch=1, norb=6, nelec=(3, 3), amp_norm=1.0, trace(rdm1)=6.000000000000001
SQD sci diag: batch=2, norb=6, nelec=(3, 3), amp_norm=1.0, trace(rdm1)=6.000000000000001
SQD sci diag: batch=3, norb=6, nelec=(3, 3), amp_norm=1.0, trace(rdm1)=6.000000000000001
SQD sci diag: batch=4, norb=6, nelec=(3, 3), amp_norm=1.0, trace(rdm1)=6.000000000000001
SQD sci diag: batch=5, norb=6, nelec=(3, 3), amp_norm=1.0, trace(rdm1)=6.000000000000001
SQD sci diag: batch=6, norb=6, nelec=(3, 3), amp_norm=1.0, trace(rdm1)=6.000000000000001
SQD sci diag: batch=7, norb=6, nelec=(3, 3), amp_norm=1.0, trace(rdm1)=6.000000000000001
SQD sci diag: batch=8, norb=6, nelec=(3, 3), amp_norm=1.0, trace(rdm1)=6.000000000000001
SQD sci diag: batch=9, norb=6, nelec=(3, 3), amp_norm=1.0, trace(rdm1)=6.000000000000001
SQD sci diag: batch=10, norb=6, nelec=(3, 3), amp_norm=1.0, trace(rdm1)=6.000000000000001
SQD sci diag: batch=11, norb=6, nelec=(3, 3), amp_norm=1.0, trace(rdm1)=6.000000000000001
SQD sci diag: batch=12, norb=6, nelec=(3, 3), amp_norm=1.0, trace(rdm1)=6.000000000000001
SQD sci diag: batch=13, norb=6, nelec=(3, 3), amp_norm=1.0, trace(rdm1)=6.000000000000001
SQD sci diag: batch=14, norb=6, nelec=(3, 3), amp_norm=1.0, trace(rdm1)=6.000000000000001
SQD sci diag: batch=15, norb=6, nelec=(3, 3), amp_norm=1.0, trace(rdm1)=6.000000000000001
		SQD diag: n_active_mos=6, n_active_electrons=6, trace(onerdm)=6.000000000000001
		Fragment Energy = -59.89028963830127
		Number of Electrons in Fragment = 8.881589161548249
	Electron Residual = -0.16234655135646392
	[Optimizer] Evaluating mu=0.050000 with 1 hardware jobs...
 	Iteration =  3
 	Chemical Potential (mu) =      0.0500000000
 	----------------
 
	SCF Occupancy Eigenvalues for Fragment Number : # 0
	[7.41789968e-16 2.08969185e-16 9.04973497e-17 2.64238323e-18
 1.13460475e-17 8.14275100e-17 5.22803903e-06 1.68973454e-03
 9.50618111e-03 9.50619376e-03 1.00000000e+00 1.99049381e+00
 1.99049382e+00 1.99831027e+00 1.99999477e+00]

	SCF Occupancy Eigenvalues for Fragment Number : # 1
	[1.99365598e-16 7.58740159e-17 3.43360039e-17 3.38255991e-17
 8.17818974e-17 2.39098201e-16 5.22803903e-06 1.68973454e-03
 9.50618111e-03 9.50619376e-03 1.00000000e+00 1.99049381e+00
 1.99049382e+00 1.99831027e+00 1.99999477e+00]

		Fragment Number : #  1
		------------------------
		CCSD diag: n_active_mos=24, n_active_electrons=18, trace(onerdm)=18.0
		Fragment Energy = -61.01586003238143
		Number of Electrons in Fragment = 9.05592253568788
Fragment: n_homo=8, n_lumo=9, kept=[6, 7, 8, 9, 10, 11]
		Fragment Number : #  2
		------------------------
LUCJ CCSD init diag: norb=6, n_reps=1, t1_shape=(3, 3), t2_shape=(3, 3, 3, 3), t1_norm=3.202283e-03, t2_norm=4.218980e-02
[AccountManager] SQD call 3: using account 1 (3/20)
Pass: Decompose - 0.75722 (ms)Pass: MergeOrbitalRotations - 0.49448 (ms)Pass: UnitarySynthesis - 0.00715 (ms)Pass: HighLevelSynthesis - 2.34771 (ms)Pass: BasisTranslator - 0.12445 (ms)Pass: ElidePermutations - 0.00572 (ms)Pass: RemoveDiagonalGatesBeforeMeasure - 0.00811 (ms)Pass: RemoveIdentityEquivalent - 0.01764 (ms)Pass: InverseCancellation - 0.02170 (ms)Pass: ContractIdleWiresInControlFlow - 0.00238 (ms)Pass: CommutativeCancellation - 0.09131 (ms)Pass: ConsolidateBlocks - 0.46134 (ms)Pass: Split2QUnitaries - 0.00310 (ms)Pass: SetLayout - 0.02193 (ms)Pass: FullAncillaAllocation - 0.21005 (ms)Pass: EnlargeWithAncilla - 0.08512 (ms)Pass: ApplyLayout - 0.44656 (ms)Pass: CheckMap - 0.10157 (ms)Pass: BarrierBeforeFinalMeasurements - 1.85204 (ms)Pass: SabreSwap - 2.34485 (ms)Pass: FilterOpNodes - 0.16141 (ms)Pass: UnitarySynthesis - 0.00787 (ms)Pass: HighLevelSynthesis - 0.02742 (ms)Pass: BasisTranslator - 2.79522 (ms)Pass: Depth - 0.20266 (ms)Pass: Size - 0.00405 (ms)Pass: MinimumPoint - 0.00954 (ms)Pass: ConsolidateBlocks - 1.45006 (ms)Pass: UnitarySynthesis - 3.16882 (ms)Pass: RemoveIdentityEquivalent - 0.08225 (ms)Pass: Optimize1qGatesDecomposition - 0.49853 (ms)Pass: CommutativeCancellation - 0.52547 (ms)Pass: ContractIdleWiresInControlFlow - 0.00238 (ms)Pass: GatesInBasis - 0.14400 (ms)Pass: Depth - 0.10061 (ms)Pass: Size - 0.00238 (ms)Pass: MinimumPoint - 0.19217 (ms)Pass: ConsolidateBlocks - 0.93770 (ms)Pass: UnitarySynthesis - 0.90456 (ms)Pass: RemoveIdentityEquivalent - 0.05651 (ms)Pass: Optimize1qGatesDecomposition - 0.37003 (ms)Pass: CommutativeCancellation - 0.45419 (ms)Pass: ContractIdleWiresInControlFlow - 0.00262 (ms)Pass: GatesInBasis - 0.13280 (ms)Pass: Depth - 0.11921 (ms)Pass: Size - 0.00262 (ms)Pass: MinimumPoint - 0.00429 (ms)Pass: ConsolidateBlocks - 0.81062 (ms)Pass: UnitarySynthesis - 0.63992 (ms)Pass: RemoveIdentityEquivalent - 0.05531 (ms)Pass: Optimize1qGatesDecomposition - 0.36907 (ms)Pass: CommutativeCancellation - 0.41485 (ms)Pass: ContractIdleWiresInControlFlow - 0.00238 (ms)Pass: GatesInBasis - 0.13399 (ms)Pass: Depth - 0.09060 (ms)Pass: Size - 0.00238 (ms)Pass: MinimumPoint - 0.00405 (ms)Pass: ConsolidateBlocks - 0.80419 (ms)Pass: UnitarySynthesis - 0.66614 (ms)Pass: RemoveIdentityEquivalent - 0.05245 (ms)Pass: Optimize1qGatesDecomposition - 0.35143 (ms)Pass: CommutativeCancellation - 0.42200 (ms)Pass: ContractIdleWiresInControlFlow - 0.00215 (ms)Pass: GatesInBasis - 0.13161 (ms)Pass: Depth - 0.10991 (ms)Pass: Size - 0.00215 (ms)Pass: MinimumPoint - 0.00429 (ms)Pass: ConsolidateBlocks - 0.79131 (ms)Pass: UnitarySynthesis - 0.62943 (ms)Pass: RemoveIdentityEquivalent - 0.05507 (ms)Pass: Optimize1qGatesDecomposition - 0.36812 (ms)Pass: CommutativeCancellation - 0.45252 (ms)Pass: ContractIdleWiresInControlFlow - 0.00262 (ms)Pass: GatesInBasis - 0.12612 (ms)Pass: Depth - 0.10920 (ms)Pass: Size - 0.00238 (ms)Pass: MinimumPoint - 0.00763 (ms)Pass: ContainsInstruction - 0.00739 (ms)Pass: InstructionDurationCheck - 0.00334 (ms)SQD counts diag: n_bits=12, first_bitstring=[0, 0, 0, 1, 1, 0, 0, 0, 0, 1, 1, 1], hamming_left=2, hamming_right=3
SQD postselect diag: total_samples=3263, total_postselected=4800, batch_sizes=[300, 300, 300, 300, 300, 300, 300, 300, 300, 300, 300, 300, 300, 300, 300, 300]
SQD batch diag: batch0_shape=(300, 12), first_bitstring=[0, 0, 0, 1, 1, 1, 0, 0, 0, 1, 1, 1], hamming_left=3, hamming_right=3
SQD sci diag: batch=0, norb=6, nelec=(3, 3), amp_norm=1.0, trace(rdm1)=6.000000000000001
SQD sci diag: batch=1, norb=6, nelec=(3, 3), amp_norm=1.0, trace(rdm1)=6.000000000000001
SQD sci diag: batch=2, norb=6, nelec=(3, 3), amp_norm=1.0, trace(rdm1)=6.000000000000001
SQD sci diag: batch=3, norb=6, nelec=(3, 3), amp_norm=1.0, trace(rdm1)=6.000000000000001
SQD sci diag: batch=4, norb=6, nelec=(3, 3), amp_norm=1.0, trace(rdm1)=6.000000000000001
SQD sci diag: batch=5, norb=6, nelec=(3, 3), amp_norm=1.0, trace(rdm1)=6.000000000000001
SQD sci diag: batch=6, norb=6, nelec=(3, 3), amp_norm=1.0, trace(rdm1)=6.000000000000001
SQD sci diag: batch=7, norb=6, nelec=(3, 3), amp_norm=1.0, trace(rdm1)=6.000000000000001
SQD sci diag: batch=8, norb=6, nelec=(3, 3), amp_norm=1.0, trace(rdm1)=6.000000000000001
SQD sci diag: batch=9, norb=6, nelec=(3, 3), amp_norm=1.0, trace(rdm1)=6.000000000000001
SQD sci diag: batch=10, norb=6, nelec=(3, 3), amp_norm=1.0, trace(rdm1)=6.000000000000001
SQD sci diag: batch=11, norb=6, nelec=(3, 3), amp_norm=1.0, trace(rdm1)=6.000000000000001
SQD sci diag: batch=12, norb=6, nelec=(3, 3), amp_norm=1.0, trace(rdm1)=6.000000000000001
SQD sci diag: batch=13, norb=6, nelec=(3, 3), amp_norm=1.0, trace(rdm1)=6.000000000000001
SQD sci diag: batch=14, norb=6, nelec=(3, 3), amp_norm=1.0, trace(rdm1)=6.000000000000001
SQD sci diag: batch=15, norb=6, nelec=(3, 3), amp_norm=1.0, trace(rdm1)=6.000000000000001
SQD postselect diag: total_samples=358, total_postselected=5728, batch_sizes=[358, 358, 358, 358, 358, 358, 358, 358, 358, 358, 358, 358, 358, 358, 358, 358]
SQD batch diag: batch0_shape=(358, 12), first_bitstring=[0, 0, 0, 1, 1, 1, 0, 0, 0, 1, 1, 1], hamming_left=3, hamming_right=3
SQD sci diag: batch=0, norb=6, nelec=(3, 3), amp_norm=1.0, trace(rdm1)=6.000000000000001
SQD sci diag: batch=1, norb=6, nelec=(3, 3), amp_norm=1.0, trace(rdm1)=6.000000000000001
SQD sci diag: batch=2, norb=6, nelec=(3, 3), amp_norm=1.0, trace(rdm1)=6.000000000000001
SQD sci diag: batch=3, norb=6, nelec=(3, 3), amp_norm=1.0, trace(rdm1)=6.000000000000001
SQD sci diag: batch=4, norb=6, nelec=(3, 3), amp_norm=1.0, trace(rdm1)=6.000000000000001
SQD sci diag: batch=5, norb=6, nelec=(3, 3), amp_norm=1.0, trace(rdm1)=6.000000000000001
SQD sci diag: batch=6, norb=6, nelec=(3, 3), amp_norm=1.0, trace(rdm1)=6.000000000000001
SQD sci diag: batch=7, norb=6, nelec=(3, 3), amp_norm=1.0, trace(rdm1)=6.000000000000001
SQD sci diag: batch=8, norb=6, nelec=(3, 3), amp_norm=1.0, trace(rdm1)=6.000000000000001
SQD sci diag: batch=9, norb=6, nelec=(3, 3), amp_norm=1.0, trace(rdm1)=6.000000000000001
SQD sci diag: batch=10, norb=6, nelec=(3, 3), amp_norm=1.0, trace(rdm1)=6.000000000000001
SQD sci diag: batch=11, norb=6, nelec=(3, 3), amp_norm=1.0, trace(rdm1)=6.000000000000001
SQD sci diag: batch=12, norb=6, nelec=(3, 3), amp_norm=1.0, trace(rdm1)=6.000000000000001
SQD sci diag: batch=13, norb=6, nelec=(3, 3), amp_norm=1.0, trace(rdm1)=6.000000000000001
SQD sci diag: batch=14, norb=6, nelec=(3, 3), amp_norm=1.0, trace(rdm1)=6.000000000000001
SQD sci diag: batch=15, norb=6, nelec=(3, 3), amp_norm=1.0, trace(rdm1)=6.000000000000001
		SQD diag: n_active_mos=6, n_active_electrons=6, trace(onerdm)=6.000000000000001
		Fragment Energy = -61.715301397788046
		Number of Electrons in Fragment = 9.704403700304987
	Electron Residual = 0.7603262359928671
[Optimizer] Bracket found: (-0.05, 0.0). Starting Brent search...
	[OptimizerCache] Found mu=-0.050000 in cache. Skipping hardware calls.
	[OptimizerCache] Found mu=0.000000 in cache. Skipping hardware calls.
	[Optimizer] Evaluating mu=-0.034251 with 1 hardware jobs...
 	Iteration =  4
 	Chemical Potential (mu) =     -0.0342513311
 	----------------
 
	SCF Occupancy Eigenvalues for Fragment Number : # 0
	[7.41789968e-16 2.08969185e-16 9.04973497e-17 2.64238323e-18
 1.13460475e-17 8.14275100e-17 5.22803903e-06 1.68973454e-03
 9.50618111e-03 9.50619376e-03 1.00000000e+00 1.99049381e+00
 1.99049382e+00 1.99831027e+00 1.99999477e+00]

	SCF Occupancy Eigenvalues for Fragment Number : # 1
	[1.99365598e-16 7.58740159e-17 3.43360039e-17 3.38255991e-17
 8.17818974e-17 2.39098201e-16 5.22803903e-06 1.68973454e-03
 9.50618111e-03 9.50619376e-03 1.00000000e+00 1.99049381e+00
 1.99049382e+00 1.99831027e+00 1.99999477e+00]

		Fragment Number : #  1
		------------------------
		CCSD diag: n_active_mos=24, n_active_electrons=18, trace(onerdm)=18.0
		Fragment Energy = -60.78210505354895
		Number of Electrons in Fragment = 8.971756309529178
Fragment: n_homo=8, n_lumo=9, kept=[6, 7, 8, 9, 10, 11]
		Fragment Number : #  2
		------------------------
LUCJ CCSD init diag: norb=6, n_reps=1, t1_shape=(3, 3), t2_shape=(3, 3, 3, 3), t1_norm=3.096003e-03, t2_norm=4.744351e-02
[AccountManager] SQD call 4: using account 1 (4/20)
Pass: Decompose - 0.88692 (ms)Pass: MergeOrbitalRotations - 0.50807 (ms)Pass: UnitarySynthesis - 0.00691 (ms)Pass: HighLevelSynthesis - 2.37179 (ms)Pass: BasisTranslator - 0.10085 (ms)Pass: ElidePermutations - 0.00906 (ms)Pass: RemoveDiagonalGatesBeforeMeasure - 0.01073 (ms)Pass: RemoveIdentityEquivalent - 0.01931 (ms)Pass: InverseCancellation - 0.02623 (ms)Pass: ContractIdleWiresInControlFlow - 0.00238 (ms)Pass: CommutativeCancellation - 0.08845 (ms)Pass: ConsolidateBlocks - 0.51975 (ms)Pass: Split2QUnitaries - 0.00668 (ms)Pass: SetLayout - 0.03171 (ms)Pass: FullAncillaAllocation - 0.21648 (ms)Pass: EnlargeWithAncilla - 0.10061 (ms)Pass: ApplyLayout - 0.45896 (ms)Pass: CheckMap - 0.10943 (ms)Pass: BarrierBeforeFinalMeasurements - 1.98841 (ms)Pass: SabreSwap - 3.88360 (ms)Pass: FilterOpNodes - 0.41723 (ms)Pass: UnitarySynthesis - 0.01860 (ms)Pass: HighLevelSynthesis - 0.07010 (ms)Pass: BasisTranslator - 7.40194 (ms)Pass: Depth - 0.52595 (ms)Pass: Size - 0.00906 (ms)Pass: MinimumPoint - 0.04172 (ms)Pass: ConsolidateBlocks - 1.73354 (ms)Pass: UnitarySynthesis - 3.57533 (ms)Pass: RemoveIdentityEquivalent - 0.09227 (ms)Pass: Optimize1qGatesDecomposition - 0.53644 (ms)Pass: CommutativeCancellation - 0.53191 (ms)Pass: ContractIdleWiresInControlFlow - 0.00310 (ms)Pass: GatesInBasis - 0.15926 (ms)Pass: Depth - 0.10633 (ms)Pass: Size - 0.00262 (ms)Pass: MinimumPoint - 0.14186 (ms)Pass: ConsolidateBlocks - 0.91314 (ms)Pass: UnitarySynthesis - 0.76365 (ms)Pass: RemoveIdentityEquivalent - 0.05770 (ms)Pass: Optimize1qGatesDecomposition - 0.37909 (ms)Pass: CommutativeCancellation - 0.44942 (ms)Pass: ContractIdleWiresInControlFlow - 0.00215 (ms)Pass: GatesInBasis - 0.14043 (ms)Pass: Depth - 0.08917 (ms)Pass: Size - 0.00238 (ms)Pass: MinimumPoint - 0.15831 (ms)Pass: ConsolidateBlocks - 0.81897 (ms)Pass: UnitarySynthesis - 0.60701 (ms)Pass: RemoveIdentityEquivalent - 0.05269 (ms)Pass: Optimize1qGatesDecomposition - 0.34332 (ms)Pass: CommutativeCancellation - 0.38671 (ms)Pass: ContractIdleWiresInControlFlow - 0.00238 (ms)Pass: GatesInBasis - 0.13161 (ms)Pass: Depth - 0.08702 (ms)Pass: Size - 0.00215 (ms)Pass: MinimumPoint - 0.00668 (ms)Pass: ContainsInstruction - 0.00644 (ms)Pass: InstructionDurationCheck - 0.00358 (ms)SQD counts diag: n_bits=12, first_bitstring=[0, 0, 0, 1, 1, 1, 0, 1, 0, 1, 1, 1], hamming_left=3, hamming_right=4
SQD postselect diag: total_samples=2689, total_postselected=3952, batch_sizes=[247, 247, 247, 247, 247, 247, 247, 247, 247, 247, 247, 247, 247, 247, 247, 247]
SQD batch diag: batch0_shape=(247, 12), first_bitstring=[0, 0, 0, 1, 1, 1, 1, 1, 0, 0, 0, 1], hamming_left=3, hamming_right=3
SQD sci diag: batch=0, norb=6, nelec=(3, 3), amp_norm=1.0, trace(rdm1)=6.000000000000001
SQD sci diag: batch=1, norb=6, nelec=(3, 3), amp_norm=1.0, trace(rdm1)=6.000000000000001
SQD sci diag: batch=2, norb=6, nelec=(3, 3), amp_norm=1.0, trace(rdm1)=6.000000000000001
SQD sci diag: batch=3, norb=6, nelec=(3, 3), amp_norm=1.0, trace(rdm1)=6.000000000000001
SQD sci diag: batch=4, norb=6, nelec=(3, 3), amp_norm=1.0, trace(rdm1)=6.000000000000001
SQD sci diag: batch=5, norb=6, nelec=(3, 3), amp_norm=1.0, trace(rdm1)=6.000000000000001
SQD sci diag: batch=6, norb=6, nelec=(3, 3), amp_norm=1.0, trace(rdm1)=6.000000000000001
SQD sci diag: batch=7, norb=6, nelec=(3, 3), amp_norm=1.0, trace(rdm1)=6.000000000000001
SQD sci diag: batch=8, norb=6, nelec=(3, 3), amp_norm=1.0, trace(rdm1)=6.000000000000001
SQD sci diag: batch=9, norb=6, nelec=(3, 3), amp_norm=1.0, trace(rdm1)=6.000000000000001
SQD sci diag: batch=10, norb=6, nelec=(3, 3), amp_norm=1.0, trace(rdm1)=6.000000000000001
SQD sci diag: batch=11, norb=6, nelec=(3, 3), amp_norm=1.0, trace(rdm1)=6.000000000000001
SQD sci diag: batch=12, norb=6, nelec=(3, 3), amp_norm=1.0, trace(rdm1)=6.000000000000001
SQD sci diag: batch=13, norb=6, nelec=(3, 3), amp_norm=1.0, trace(rdm1)=6.000000000000001
SQD sci diag: batch=14, norb=6, nelec=(3, 3), amp_norm=1.0, trace(rdm1)=6.000000000000001
SQD sci diag: batch=15, norb=6, nelec=(3, 3), amp_norm=1.0, trace(rdm1)=6.000000000000001
SQD postselect diag: total_samples=298, total_postselected=4768, batch_sizes=[298, 298, 298, 298, 298, 298, 298, 298, 298, 298, 298, 298, 298, 298, 298, 298]
SQD batch diag: batch0_shape=(298, 12), first_bitstring=[0, 0, 0, 1, 1, 1, 0, 0, 0, 1, 1, 1], hamming_left=3, hamming_right=3
SQD sci diag: batch=0, norb=6, nelec=(3, 3), amp_norm=1.0, trace(rdm1)=6.000000000000001
SQD sci diag: batch=1, norb=6, nelec=(3, 3), amp_norm=1.0, trace(rdm1)=6.000000000000001
SQD sci diag: batch=2, norb=6, nelec=(3, 3), amp_norm=1.0, trace(rdm1)=6.000000000000001
SQD sci diag: batch=3, norb=6, nelec=(3, 3), amp_norm=1.0, trace(rdm1)=6.000000000000001
SQD sci diag: batch=4, norb=6, nelec=(3, 3), amp_norm=1.0, trace(rdm1)=6.000000000000001
SQD sci diag: batch=5, norb=6, nelec=(3, 3), amp_norm=1.0, trace(rdm1)=6.000000000000001
SQD sci diag: batch=6, norb=6, nelec=(3, 3), amp_norm=1.0, trace(rdm1)=6.000000000000001
SQD sci diag: batch=7, norb=6, nelec=(3, 3), amp_norm=1.0, trace(rdm1)=6.000000000000001
SQD sci diag: batch=8, norb=6, nelec=(3, 3), amp_norm=1.0, trace(rdm1)=6.000000000000001
SQD sci diag: batch=9, norb=6, nelec=(3, 3), amp_norm=1.0, trace(rdm1)=6.000000000000001
SQD sci diag: batch=10, norb=6, nelec=(3, 3), amp_norm=1.0, trace(rdm1)=6.000000000000001
SQD sci diag: batch=11, norb=6, nelec=(3, 3), amp_norm=1.0, trace(rdm1)=6.000000000000001
SQD sci diag: batch=12, norb=6, nelec=(3, 3), amp_norm=1.0, trace(rdm1)=6.000000000000001
SQD sci diag: batch=13, norb=6, nelec=(3, 3), amp_norm=1.0, trace(rdm1)=6.000000000000001
SQD sci diag: batch=14, norb=6, nelec=(3, 3), amp_norm=1.0, trace(rdm1)=6.000000000000001
SQD sci diag: batch=15, norb=6, nelec=(3, 3), amp_norm=1.0, trace(rdm1)=6.000000000000001
		SQD diag: n_active_mos=6, n_active_electrons=6, trace(onerdm)=6.000000000000001
		Fragment Energy = -60.14454349622391
		Number of Electrons in Fragment = 8.988260867951102
	Electron Residual = -0.0399828225197183
	[Optimizer] Evaluating mu=-0.029629 with 1 hardware jobs...
 	Iteration =  5
 	Chemical Potential (mu) =     -0.0296288398
 	----------------
 
	SCF Occupancy Eigenvalues for Fragment Number : # 0
	[7.41789968e-16 2.08969185e-16 9.04973497e-17 2.64238323e-18
 1.13460475e-17 8.14275100e-17 5.22803903e-06 1.68973454e-03
 9.50618111e-03 9.50619376e-03 1.00000000e+00 1.99049381e+00
 1.99049382e+00 1.99831027e+00 1.99999477e+00]

	SCF Occupancy Eigenvalues for Fragment Number : # 1
	[1.99365598e-16 7.58740159e-17 3.43360039e-17 3.38255991e-17
 8.17818974e-17 2.39098201e-16 5.22803903e-06 1.68973454e-03
 9.50618111e-03 9.50619376e-03 1.00000000e+00 1.99049381e+00
 1.99049382e+00 1.99831027e+00 1.99999477e+00]

		Fragment Number : #  1
		------------------------
		CCSD diag: n_active_mos=24, n_active_electrons=18, trace(onerdm)=18.0
		Fragment Energy = -60.795005838105254
		Number of Electrons in Fragment = 8.976365074161246
Fragment: n_homo=8, n_lumo=9, kept=[6, 7, 8, 9, 10, 11]
		Fragment Number : #  2
		------------------------
LUCJ CCSD init diag: norb=6, n_reps=1, t1_shape=(3, 3), t2_shape=(3, 3, 3, 3), t1_norm=3.051777e-03, t2_norm=4.686392e-02
[AccountManager] SQD call 5: using account 1 (5/20)
Pass: Decompose - 0.76175 (ms)Pass: MergeOrbitalRotations - 0.50402 (ms)Pass: UnitarySynthesis - 0.00739 (ms)Pass: HighLevelSynthesis - 2.41923 (ms)Pass: BasisTranslator - 0.10419 (ms)Pass: ElidePermutations - 0.00620 (ms)Pass: RemoveDiagonalGatesBeforeMeasure - 0.00834 (ms)Pass: RemoveIdentityEquivalent - 0.01597 (ms)Pass: InverseCancellation - 0.02074 (ms)Pass: ContractIdleWiresInControlFlow - 0.00238 (ms)Pass: CommutativeCancellation - 0.08607 (ms)Pass: ConsolidateBlocks - 0.53167 (ms)Pass: Split2QUnitaries - 0.00334 (ms)Pass: SetLayout - 0.02193 (ms)Pass: FullAncillaAllocation - 0.21219 (ms)Pass: EnlargeWithAncilla - 0.08869 (ms)Pass: ApplyLayout - 0.44417 (ms)Pass: CheckMap - 0.10753 (ms)Pass: BarrierBeforeFinalMeasurements - 1.68371 (ms)Pass: SabreSwap - 3.16286 (ms)Pass: FilterOpNodes - 0.43583 (ms)Pass: UnitarySynthesis - 0.01836 (ms)Pass: HighLevelSynthesis - 0.06938 (ms)Pass: BasisTranslator - 7.47442 (ms)Pass: Depth - 0.54955 (ms)Pass: Size - 0.00405 (ms)Pass: MinimumPoint - 0.01025 (ms)Pass: ConsolidateBlocks - 1.57094 (ms)Pass: UnitarySynthesis - 3.55649 (ms)Pass: RemoveIdentityEquivalent - 0.08726 (ms)Pass: Optimize1qGatesDecomposition - 0.53430 (ms)Pass: CommutativeCancellation - 0.55456 (ms)Pass: ContractIdleWiresInControlFlow - 0.00310 (ms)Pass: GatesInBasis - 0.15140 (ms)Pass: Depth - 0.12136 (ms)Pass: Size - 0.00262 (ms)Pass: MinimumPoint - 0.13757 (ms)Pass: ConsolidateBlocks - 0.94032 (ms)Pass: UnitarySynthesis - 0.87452 (ms)Pass: RemoveIdentityEquivalent - 0.07010 (ms)Pass: Optimize1qGatesDecomposition - 0.38576 (ms)Pass: CommutativeCancellation - 0.49639 (ms)Pass: ContractIdleWiresInControlFlow - 0.00262 (ms)Pass: GatesInBasis - 0.13494 (ms)Pass: Depth - 0.09608 (ms)Pass: Size - 0.00215 (ms)Pass: MinimumPoint - 0.16594 (ms)Pass: ConsolidateBlocks - 0.86308 (ms)Pass: UnitarySynthesis - 0.62561 (ms)Pass: RemoveIdentityEquivalent - 0.05341 (ms)Pass: Optimize1qGatesDecomposition - 0.32687 (ms)Pass: CommutativeCancellation - 0.40865 (ms)Pass: ContractIdleWiresInControlFlow - 0.00215 (ms)Pass: GatesInBasis - 0.12803 (ms)Pass: Depth - 0.08941 (ms)Pass: Size - 0.00238 (ms)Pass: MinimumPoint - 0.00501 (ms)Pass: ContainsInstruction - 0.00644 (ms)Pass: InstructionDurationCheck - 0.00358 (ms)SQD counts diag: n_bits=12, first_bitstring=[0, 0, 0, 1, 1, 1, 0, 0, 0, 1, 1, 1], hamming_left=3, hamming_right=3
SQD postselect diag: total_samples=2724, total_postselected=3904, batch_sizes=[244, 244, 244, 244, 244, 244, 244, 244, 244, 244, 244, 244, 244, 244, 244, 244]
SQD batch diag: batch0_shape=(244, 12), first_bitstring=[0, 0, 0, 1, 1, 1, 0, 0, 0, 1, 1, 1], hamming_left=3, hamming_right=3
SQD sci diag: batch=0, norb=6, nelec=(3, 3), amp_norm=1.0, trace(rdm1)=6.000000000000001
SQD sci diag: batch=1, norb=6, nelec=(3, 3), amp_norm=1.0, trace(rdm1)=6.000000000000001
SQD sci diag: batch=2, norb=6, nelec=(3, 3), amp_norm=1.0, trace(rdm1)=6.000000000000001
SQD sci diag: batch=3, norb=6, nelec=(3, 3), amp_norm=1.0, trace(rdm1)=6.000000000000001
SQD sci diag: batch=4, norb=6, nelec=(3, 3), amp_norm=1.0, trace(rdm1)=6.000000000000001
SQD sci diag: batch=5, norb=6, nelec=(3, 3), amp_norm=1.0, trace(rdm1)=6.000000000000001
SQD sci diag: batch=6, norb=6, nelec=(3, 3), amp_norm=1.0, trace(rdm1)=6.000000000000001
SQD sci diag: batch=7, norb=6, nelec=(3, 3), amp_norm=1.0, trace(rdm1)=6.000000000000001
SQD sci diag: batch=8, norb=6, nelec=(3, 3), amp_norm=1.0, trace(rdm1)=6.000000000000001
SQD sci diag: batch=9, norb=6, nelec=(3, 3), amp_norm=1.0, trace(rdm1)=6.000000000000001
SQD sci diag: batch=10, norb=6, nelec=(3, 3), amp_norm=1.0, trace(rdm1)=6.000000000000001
SQD sci diag: batch=11, norb=6, nelec=(3, 3), amp_norm=1.0, trace(rdm1)=6.000000000000001
SQD sci diag: batch=12, norb=6, nelec=(3, 3), amp_norm=1.0, trace(rdm1)=6.000000000000001
SQD sci diag: batch=13, norb=6, nelec=(3, 3), amp_norm=1.0, trace(rdm1)=6.000000000000001
SQD sci diag: batch=14, norb=6, nelec=(3, 3), amp_norm=1.0, trace(rdm1)=6.000000000000001
SQD sci diag: batch=15, norb=6, nelec=(3, 3), amp_norm=1.0, trace(rdm1)=6.000000000000001
SQD postselect diag: total_samples=316, total_postselected=5056, batch_sizes=[316, 316, 316, 316, 316, 316, 316, 316, 316, 316, 316, 316, 316, 316, 316, 316]
SQD batch diag: batch0_shape=(316, 12), first_bitstring=[0, 0, 0, 1, 1, 1, 0, 0, 0, 1, 1, 1], hamming_left=3, hamming_right=3
SQD sci diag: batch=0, norb=6, nelec=(3, 3), amp_norm=1.0, trace(rdm1)=6.000000000000001
SQD sci diag: batch=1, norb=6, nelec=(3, 3), amp_norm=1.0, trace(rdm1)=6.000000000000001
SQD sci diag: batch=2, norb=6, nelec=(3, 3), amp_norm=1.0, trace(rdm1)=6.000000000000001
SQD sci diag: batch=3, norb=6, nelec=(3, 3), amp_norm=1.0, trace(rdm1)=6.000000000000001
SQD sci diag: batch=4, norb=6, nelec=(3, 3), amp_norm=1.0, trace(rdm1)=6.000000000000001
SQD sci diag: batch=5, norb=6, nelec=(3, 3), amp_norm=1.0, trace(rdm1)=6.000000000000001
SQD sci diag: batch=6, norb=6, nelec=(3, 3), amp_norm=1.0, trace(rdm1)=6.000000000000001
SQD sci diag: batch=7, norb=6, nelec=(3, 3), amp_norm=1.0, trace(rdm1)=6.000000000000001
SQD sci diag: batch=8, norb=6, nelec=(3, 3), amp_norm=1.0, trace(rdm1)=6.000000000000001
SQD sci diag: batch=9, norb=6, nelec=(3, 3), amp_norm=1.0, trace(rdm1)=6.000000000000001
SQD sci diag: batch=10, norb=6, nelec=(3, 3), amp_norm=1.0, trace(rdm1)=6.000000000000001
SQD sci diag: batch=11, norb=6, nelec=(3, 3), amp_norm=1.0, trace(rdm1)=6.000000000000001
SQD sci diag: batch=12, norb=6, nelec=(3, 3), amp_norm=1.0, trace(rdm1)=6.000000000000001
SQD sci diag: batch=13, norb=6, nelec=(3, 3), amp_norm=1.0, trace(rdm1)=6.000000000000001
SQD sci diag: batch=14, norb=6, nelec=(3, 3), amp_norm=1.0, trace(rdm1)=6.000000000000001
SQD sci diag: batch=15, norb=6, nelec=(3, 3), amp_norm=1.0, trace(rdm1)=6.000000000000001
		SQD diag: n_active_mos=6, n_active_electrons=6, trace(onerdm)=6.000000000000001
		Fragment Energy = -60.22335492289686
		Number of Electrons in Fragment = 9.021914646698635
	Electron Residual = -0.0017202791401196293
	[Optimizer] Evaluating mu=-0.029428 with 1 hardware jobs...
 	Iteration =  6
 	Chemical Potential (mu) =     -0.0294275405
 	----------------
 
	SCF Occupancy Eigenvalues for Fragment Number : # 0
	[7.41789968e-16 2.08969185e-16 9.04973497e-17 2.64238323e-18
 1.13460475e-17 8.14275100e-17 5.22803903e-06 1.68973454e-03
 9.50618111e-03 9.50619376e-03 1.00000000e+00 1.99049381e+00
 1.99049382e+00 1.99831027e+00 1.99999477e+00]

	SCF Occupancy Eigenvalues for Fragment Number : # 1
	[1.99365598e-16 7.58740159e-17 3.43360039e-17 3.38255991e-17
 8.17818974e-17 2.39098201e-16 5.22803903e-06 1.68973454e-03
 9.50618111e-03 9.50619376e-03 1.00000000e+00 1.99049381e+00
 1.99049382e+00 1.99831027e+00 1.99999477e+00]

		Fragment Number : #  1
		------------------------
		CCSD diag: n_active_mos=24, n_active_electrons=18, trace(onerdm)=18.0
		Fragment Energy = -60.79556746027818
		Number of Electrons in Fragment = 8.976565804237996
Fragment: n_homo=8, n_lumo=9, kept=[6, 7, 8, 9, 10, 11]
		Fragment Number : #  2
		------------------------
LUCJ CCSD init diag: norb=6, n_reps=1, t1_shape=(3, 3), t2_shape=(3, 3, 3, 3), t1_norm=3.049840e-03, t2_norm=4.683871e-02
[AccountManager] SQD call 6: using account 1 (6/20)
Pass: Decompose - 0.78893 (ms)Pass: MergeOrbitalRotations - 0.52166 (ms)Pass: UnitarySynthesis - 0.00739 (ms)Pass: HighLevelSynthesis - 2.36750 (ms)Pass: BasisTranslator - 0.10061 (ms)Pass: ElidePermutations - 0.00596 (ms)Pass: RemoveDiagonalGatesBeforeMeasure - 0.00787 (ms)Pass: RemoveIdentityEquivalent - 0.01740 (ms)Pass: InverseCancellation - 0.02027 (ms)Pass: ContractIdleWiresInControlFlow - 0.00238 (ms)Pass: CommutativeCancellation - 0.10347 (ms)Pass: ConsolidateBlocks - 0.52166 (ms)Pass: Split2QUnitaries - 0.00358 (ms)Pass: SetLayout - 0.02074 (ms)Pass: FullAncillaAllocation - 0.21791 (ms)Pass: EnlargeWithAncilla - 0.09584 (ms)Pass: ApplyLayout - 0.44942 (ms)Pass: CheckMap - 0.10514 (ms)Pass: BarrierBeforeFinalMeasurements - 2.12264 (ms)Pass: SabreSwap - 4.99916 (ms)Pass: FilterOpNodes - 0.43964 (ms)Pass: UnitarySynthesis - 0.01836 (ms)Pass: HighLevelSynthesis - 0.06747 (ms)Pass: BasisTranslator - 7.47967 (ms)Pass: Depth - 0.41461 (ms)Pass: Size - 0.00429 (ms)Pass: MinimumPoint - 0.01001 (ms)Pass: ConsolidateBlocks - 1.60861 (ms)Pass: UnitarySynthesis - 3.56150 (ms)Pass: RemoveIdentityEquivalent - 0.09322 (ms)Pass: Optimize1qGatesDecomposition - 0.53620 (ms)Pass: CommutativeCancellation - 0.57435 (ms)Pass: ContractIdleWiresInControlFlow - 0.00310 (ms)Pass: GatesInBasis - 0.15640 (ms)Pass: Depth - 0.12398 (ms)Pass: Size - 0.00286 (ms)Pass: MinimumPoint - 0.15235 (ms)Pass: ConsolidateBlocks - 0.92483 (ms)Pass: UnitarySynthesis - 0.79894 (ms)Pass: RemoveIdentityEquivalent - 0.06485 (ms)Pass: Optimize1qGatesDecomposition - 0.37265 (ms)Pass: CommutativeCancellation - 0.43535 (ms)Pass: ContractIdleWiresInControlFlow - 0.00262 (ms)Pass: GatesInBasis - 0.13232 (ms)Pass: Depth - 0.10705 (ms)Pass: Size - 0.00238 (ms)Pass: MinimumPoint - 0.17881 (ms)Pass: ConsolidateBlocks - 0.83661 (ms)Pass: UnitarySynthesis - 0.61178 (ms)Pass: RemoveIdentityEquivalent - 0.05555 (ms)Pass: Optimize1qGatesDecomposition - 0.33641 (ms)Pass: CommutativeCancellation - 0.40936 (ms)Pass: ContractIdleWiresInControlFlow - 0.00238 (ms)Pass: GatesInBasis - 0.12183 (ms)Pass: Depth - 0.10419 (ms)Pass: Size - 0.00262 (ms)Pass: MinimumPoint - 0.00477 (ms)Pass: ContainsInstruction - 0.00668 (ms)Pass: InstructionDurationCheck - 0.00358 (ms)SQD counts diag: n_bits=12, first_bitstring=[0, 0, 0, 1, 1, 1, 0, 0, 0, 1, 1, 1], hamming_left=3, hamming_right=3
SQD postselect diag: total_samples=2796, total_postselected=3920, batch_sizes=[245, 245, 245, 245, 245, 245, 245, 245, 245, 245, 245, 245, 245, 245, 245, 245]
SQD batch diag: batch0_shape=(245, 12), first_bitstring=[0, 0, 0, 1, 1, 1, 0, 0, 0, 1, 1, 1], hamming_left=3, hamming_right=3
SQD sci diag: batch=0, norb=6, nelec=(3, 3), amp_norm=1.0, trace(rdm1)=6.000000000000001
SQD sci diag: batch=1, norb=6, nelec=(3, 3), amp_norm=1.0, trace(rdm1)=6.000000000000001
SQD sci diag: batch=2, norb=6, nelec=(3, 3), amp_norm=1.0, trace(rdm1)=6.000000000000001
SQD sci diag: batch=3, norb=6, nelec=(3, 3), amp_norm=1.0, trace(rdm1)=6.000000000000001
SQD sci diag: batch=4, norb=6, nelec=(3, 3), amp_norm=1.0, trace(rdm1)=6.000000000000001
SQD sci diag: batch=5, norb=6, nelec=(3, 3), amp_norm=1.0, trace(rdm1)=6.000000000000001
SQD sci diag: batch=6, norb=6, nelec=(3, 3), amp_norm=1.0, trace(rdm1)=6.000000000000001
SQD sci diag: batch=7, norb=6, nelec=(3, 3), amp_norm=1.0, trace(rdm1)=6.000000000000001
SQD sci diag: batch=8, norb=6, nelec=(3, 3), amp_norm=1.0, trace(rdm1)=6.000000000000001
SQD sci diag: batch=9, norb=6, nelec=(3, 3), amp_norm=1.0, trace(rdm1)=6.000000000000001
SQD sci diag: batch=10, norb=6, nelec=(3, 3), amp_norm=1.0, trace(rdm1)=6.000000000000001
SQD sci diag: batch=11, norb=6, nelec=(3, 3), amp_norm=1.0, trace(rdm1)=6.000000000000001
SQD sci diag: batch=12, norb=6, nelec=(3, 3), amp_norm=1.0, trace(rdm1)=6.000000000000001
SQD sci diag: batch=13, norb=6, nelec=(3, 3), amp_norm=1.0, trace(rdm1)=6.000000000000001
SQD sci diag: batch=14, norb=6, nelec=(3, 3), amp_norm=1.0, trace(rdm1)=6.000000000000001
SQD sci diag: batch=15, norb=6, nelec=(3, 3), amp_norm=1.0, trace(rdm1)=6.000000000000001
SQD postselect diag: total_samples=319, total_postselected=5104, batch_sizes=[319, 319, 319, 319, 319, 319, 319, 319, 319, 319, 319, 319, 319, 319, 319, 319]
SQD batch diag: batch0_shape=(319, 12), first_bitstring=[0, 0, 0, 1, 1, 1, 0, 0, 0, 1, 1, 1], hamming_left=3, hamming_right=3
SQD sci diag: batch=0, norb=6, nelec=(3, 3), amp_norm=1.0, trace(rdm1)=6.000000000000001
SQD sci diag: batch=1, norb=6, nelec=(3, 3), amp_norm=1.0, trace(rdm1)=6.000000000000001
SQD sci diag: batch=2, norb=6, nelec=(3, 3), amp_norm=1.0, trace(rdm1)=6.000000000000001
SQD sci diag: batch=3, norb=6, nelec=(3, 3), amp_norm=1.0, trace(rdm1)=6.000000000000001
SQD sci diag: batch=4, norb=6, nelec=(3, 3), amp_norm=1.0, trace(rdm1)=6.000000000000001
SQD sci diag: batch=5, norb=6, nelec=(3, 3), amp_norm=1.0, trace(rdm1)=6.000000000000001
SQD sci diag: batch=6, norb=6, nelec=(3, 3), amp_norm=1.0, trace(rdm1)=6.000000000000001
SQD sci diag: batch=7, norb=6, nelec=(3, 3), amp_norm=1.0, trace(rdm1)=6.000000000000001
SQD sci diag: batch=8, norb=6, nelec=(3, 3), amp_norm=1.0, trace(rdm1)=6.000000000000001
SQD sci diag: batch=9, norb=6, nelec=(3, 3), amp_norm=1.0, trace(rdm1)=6.000000000000001
SQD sci diag: batch=10, norb=6, nelec=(3, 3), amp_norm=1.0, trace(rdm1)=6.000000000000001
SQD sci diag: batch=11, norb=6, nelec=(3, 3), amp_norm=1.0, trace(rdm1)=6.000000000000001
SQD sci diag: batch=12, norb=6, nelec=(3, 3), amp_norm=1.0, trace(rdm1)=6.000000000000001
SQD sci diag: batch=13, norb=6, nelec=(3, 3), amp_norm=1.0, trace(rdm1)=6.000000000000001
SQD sci diag: batch=14, norb=6, nelec=(3, 3), amp_norm=1.0, trace(rdm1)=6.000000000000001
SQD sci diag: batch=15, norb=6, nelec=(3, 3), amp_norm=1.0, trace(rdm1)=6.000000000000001
		SQD diag: n_active_mos=6, n_active_electrons=6, trace(onerdm)=6.000000000000001
		Fragment Energy = -60.22682489682508
		Number of Electrons in Fragment = 9.023402067925998
	Electron Residual = -3.2127836007589394e-05
	[Optimizer] Evaluating mu=-0.029378 with 1 hardware jobs...
 	Iteration =  7
 	Chemical Potential (mu) =     -0.0293775405
 	----------------
 
	SCF Occupancy Eigenvalues for Fragment Number : # 0
	[7.41789968e-16 2.08969185e-16 9.04973497e-17 2.64238323e-18
 1.13460475e-17 8.14275100e-17 5.22803903e-06 1.68973454e-03
 9.50618111e-03 9.50619376e-03 1.00000000e+00 1.99049381e+00
 1.99049382e+00 1.99831027e+00 1.99999477e+00]

	SCF Occupancy Eigenvalues for Fragment Number : # 1
	[1.99365598e-16 7.58740159e-17 3.43360039e-17 3.38255991e-17
 8.17818974e-17 2.39098201e-16 5.22803903e-06 1.68973454e-03
 9.50618111e-03 9.50619376e-03 1.00000000e+00 1.99049381e+00
 1.99049382e+00 1.99831027e+00 1.99999477e+00]

		Fragment Number : #  1
		------------------------
		CCSD diag: n_active_mos=24, n_active_electrons=18, trace(onerdm)=18.0
		Fragment Energy = -60.795706957288175
		Number of Electrons in Fragment = 8.976615663229902
Fragment: n_homo=8, n_lumo=9, kept=[6, 7, 8, 9, 10, 11]
		Fragment Number : #  2
		------------------------
LUCJ CCSD init diag: norb=6, n_reps=1, t1_shape=(3, 3), t2_shape=(3, 3, 3, 3), t1_norm=3.049358e-03, t2_norm=4.683245e-02
[AccountManager] SQD call 7: using account 1 (7/20)
Pass: Decompose - 0.87738 (ms)Pass: MergeOrbitalRotations - 0.50569 (ms)Pass: UnitarySynthesis - 0.00715 (ms)Pass: HighLevelSynthesis - 2.38705 (ms)Pass: BasisTranslator - 0.12708 (ms)Pass: ElidePermutations - 0.00906 (ms)Pass: RemoveDiagonalGatesBeforeMeasure - 0.01121 (ms)Pass: RemoveIdentityEquivalent - 0.02003 (ms)Pass: InverseCancellation - 0.02480 (ms)Pass: ContractIdleWiresInControlFlow - 0.00215 (ms)Pass: CommutativeCancellation - 0.10848 (ms)Pass: ConsolidateBlocks - 0.52357 (ms)Pass: Split2QUnitaries - 0.00668 (ms)Pass: SetLayout - 0.03242 (ms)Pass: FullAncillaAllocation - 0.21529 (ms)Pass: EnlargeWithAncilla - 0.11778 (ms)Pass: ApplyLayout - 0.46611 (ms)Pass: CheckMap - 0.10490 (ms)Pass: BarrierBeforeFinalMeasurements - 1.76287 (ms)Pass: SabreSwap - 2.89416 (ms)Pass: FilterOpNodes - 0.41842 (ms)Pass: UnitarySynthesis - 0.01812 (ms)Pass: HighLevelSynthesis - 0.07176 (ms)Pass: BasisTranslator - 6.05440 (ms)Pass: Depth - 0.27919 (ms)Pass: Size - 0.00572 (ms)Pass: MinimumPoint - 0.02265 (ms)Pass: ConsolidateBlocks - 2.18439 (ms)Pass: UnitarySynthesis - 4.93741 (ms)Pass: RemoveIdentityEquivalent - 0.11325 (ms)Pass: Optimize1qGatesDecomposition - 0.68927 (ms)Pass: CommutativeCancellation - 0.48804 (ms)Pass: ContractIdleWiresInControlFlow - 0.00215 (ms)Pass: GatesInBasis - 0.13804 (ms)Pass: Depth - 0.09823 (ms)Pass: Size - 0.00238 (ms)Pass: MinimumPoint - 0.12827 (ms)Pass: ConsolidateBlocks - 1.02019 (ms)Pass: UnitarySynthesis - 0.85783 (ms)Pass: RemoveIdentityEquivalent - 0.08965 (ms)Pass: Optimize1qGatesDecomposition - 0.38695 (ms)Pass: CommutativeCancellation - 0.46158 (ms)Pass: ContractIdleWiresInControlFlow - 0.00238 (ms)Pass: GatesInBasis - 0.14138 (ms)Pass: Depth - 0.09084 (ms)Pass: Size - 0.00238 (ms)Pass: MinimumPoint - 0.00405 (ms)Pass: ConsolidateBlocks - 0.79417 (ms)Pass: UnitarySynthesis - 0.62037 (ms)Pass: RemoveIdentityEquivalent - 0.05627 (ms)Pass: Optimize1qGatesDecomposition - 0.34714 (ms)Pass: CommutativeCancellation - 0.45681 (ms)Pass: ContractIdleWiresInControlFlow - 0.00262 (ms)Pass: GatesInBasis - 0.12827 (ms)Pass: Depth - 0.08893 (ms)Pass: Size - 0.00238 (ms)Pass: MinimumPoint - 0.00405 (ms)Pass: ConsolidateBlocks - 0.81277 (ms)Pass: UnitarySynthesis - 0.60630 (ms)Pass: RemoveIdentityEquivalent - 0.05460 (ms)Pass: Optimize1qGatesDecomposition - 0.34595 (ms)Pass: CommutativeCancellation - 0.39840 (ms)Pass: ContractIdleWiresInControlFlow - 0.00215 (ms)Pass: GatesInBasis - 0.13709 (ms)Pass: Depth - 0.08798 (ms)Pass: Size - 0.00238 (ms)Pass: MinimumPoint - 0.00405 (ms)Pass: ConsolidateBlocks - 0.81396 (ms)Pass: UnitarySynthesis - 0.62418 (ms)Pass: RemoveIdentityEquivalent - 0.06628 (ms)Pass: Optimize1qGatesDecomposition - 0.34523 (ms)Pass: CommutativeCancellation - 0.40245 (ms)Pass: ContractIdleWiresInControlFlow - 0.00238 (ms)Pass: GatesInBasis - 0.12231 (ms)Pass: Depth - 0.08678 (ms)Pass: Size - 0.00262 (ms)Pass: MinimumPoint - 0.00548 (ms)Pass: ContainsInstruction - 0.00739 (ms)Pass: InstructionDurationCheck - 0.00381 (ms)SQD counts diag: n_bits=12, first_bitstring=[0, 0, 0, 1, 1, 1, 0, 0, 0, 1, 1, 1], hamming_left=3, hamming_right=3
SQD postselect diag: total_samples=3004, total_postselected=4704, batch_sizes=[294, 294, 294, 294, 294, 294, 294, 294, 294, 294, 294, 294, 294, 294, 294, 294]
SQD batch diag: batch0_shape=(294, 12), first_bitstring=[0, 0, 0, 1, 1, 1, 0, 0, 0, 1, 1, 1], hamming_left=3, hamming_right=3
SQD sci diag: batch=0, norb=6, nelec=(3, 3), amp_norm=1.0, trace(rdm1)=6.000000000000001
SQD sci diag: batch=1, norb=6, nelec=(3, 3), amp_norm=1.0, trace(rdm1)=6.000000000000001
SQD sci diag: batch=2, norb=6, nelec=(3, 3), amp_norm=1.0, trace(rdm1)=6.000000000000001
SQD sci diag: batch=3, norb=6, nelec=(3, 3), amp_norm=1.0, trace(rdm1)=6.000000000000001
SQD sci diag: batch=4, norb=6, nelec=(3, 3), amp_norm=1.0, trace(rdm1)=6.000000000000001
SQD sci diag: batch=5, norb=6, nelec=(3, 3), amp_norm=1.0, trace(rdm1)=6.000000000000001
SQD sci diag: batch=6, norb=6, nelec=(3, 3), amp_norm=1.0, trace(rdm1)=6.000000000000001
SQD sci diag: batch=7, norb=6, nelec=(3, 3), amp_norm=1.0, trace(rdm1)=6.000000000000001
SQD sci diag: batch=8, norb=6, nelec=(3, 3), amp_norm=1.0, trace(rdm1)=6.000000000000001
SQD sci diag: batch=9, norb=6, nelec=(3, 3), amp_norm=1.0, trace(rdm1)=6.000000000000001
SQD sci diag: batch=10, norb=6, nelec=(3, 3), amp_norm=1.0, trace(rdm1)=6.000000000000001
SQD sci diag: batch=11, norb=6, nelec=(3, 3), amp_norm=1.0, trace(rdm1)=6.000000000000001
SQD sci diag: batch=12, norb=6, nelec=(3, 3), amp_norm=1.0, trace(rdm1)=6.000000000000001
SQD sci diag: batch=13, norb=6, nelec=(3, 3), amp_norm=1.0, trace(rdm1)=6.000000000000001
SQD sci diag: batch=14, norb=6, nelec=(3, 3), amp_norm=1.0, trace(rdm1)=6.000000000000001
SQD sci diag: batch=15, norb=6, nelec=(3, 3), amp_norm=1.0, trace(rdm1)=6.000000000000001
SQD postselect diag: total_samples=346, total_postselected=5536, batch_sizes=[346, 346, 346, 346, 346, 346, 346, 346, 346, 346, 346, 346, 346, 346, 346, 346]
SQD batch diag: batch0_shape=(346, 12), first_bitstring=[0, 0, 0, 1, 1, 1, 0, 0, 0, 1, 1, 1], hamming_left=3, hamming_right=3
SQD sci diag: batch=0, norb=6, nelec=(3, 3), amp_norm=1.0, trace(rdm1)=6.000000000000001
SQD sci diag: batch=1, norb=6, nelec=(3, 3), amp_norm=1.0, trace(rdm1)=6.000000000000001
SQD sci diag: batch=2, norb=6, nelec=(3, 3), amp_norm=1.0, trace(rdm1)=6.000000000000001
SQD sci diag: batch=3, norb=6, nelec=(3, 3), amp_norm=1.0, trace(rdm1)=6.000000000000001
SQD sci diag: batch=4, norb=6, nelec=(3, 3), amp_norm=1.0, trace(rdm1)=6.000000000000001
SQD sci diag: batch=5, norb=6, nelec=(3, 3), amp_norm=1.0, trace(rdm1)=6.000000000000001
SQD sci diag: batch=6, norb=6, nelec=(3, 3), amp_norm=1.0, trace(rdm1)=6.000000000000001
SQD sci diag: batch=7, norb=6, nelec=(3, 3), amp_norm=1.0, trace(rdm1)=6.000000000000001
SQD sci diag: batch=8, norb=6, nelec=(3, 3), amp_norm=1.0, trace(rdm1)=6.000000000000001
SQD sci diag: batch=9, norb=6, nelec=(3, 3), amp_norm=1.0, trace(rdm1)=6.000000000000001
SQD sci diag: batch=10, norb=6, nelec=(3, 3), amp_norm=1.0, trace(rdm1)=6.000000000000001
SQD sci diag: batch=11, norb=6, nelec=(3, 3), amp_norm=1.0, trace(rdm1)=6.000000000000001
SQD sci diag: batch=12, norb=6, nelec=(3, 3), amp_norm=1.0, trace(rdm1)=6.000000000000001
SQD sci diag: batch=13, norb=6, nelec=(3, 3), amp_norm=1.0, trace(rdm1)=6.000000000000001
SQD sci diag: batch=14, norb=6, nelec=(3, 3), amp_norm=1.0, trace(rdm1)=6.000000000000001
SQD sci diag: batch=15, norb=6, nelec=(3, 3), amp_norm=1.0, trace(rdm1)=6.000000000000001
		SQD diag: n_active_mos=6, n_active_electrons=6, trace(onerdm)=6.000000000000001
		Fragment Energy = -60.22768725897863
		Number of Electrons in Fragment = 9.02377179713778
	Electron Residual = 0.0003874603676834454
	[OptimizerCache] Found mu=-0.029428 in cache. Skipping hardware calls.
[Optimizer] Brent converged successfully at mu=-0.029428
 	[DMET] Reusing converged optimizer result; skipping final oneshot loop.
 	*** DMET Cycle Done *** 
 	DMET Energy ( a.u. ) =    -78.2917403839
 	Chemical Potential   =     -0.0294275405
 	Electron Residual    =     -0.0000321278
DMET energy (Hartree): -78.291740
Converged DMET chemical potential: -0.0294275405
Final DMET electron residual: -0.0000321278
