Resuming from checkpoint. 2 points already completed.

=== Relaxed scan: C-C distance = 1.30 A ===
geometric-optimize called with the following command line:
run_dmet_sqd_hardware.py

                                        [91m())))))))))))))))/[0m                     
                                    [91m())))))))))))))))))))))))),[0m                
                                [91m*)))))))))))))))))))))))))))))))))[0m             
                        [94m#,[0m    [91m()))))))))/[0m                [91m.)))))))))),[0m          
                      [94m#%%%%,[0m  [91m())))))[0m                        [91m.))))))))*[0m        
                      [94m*%%%%%%,[0m  [91m))[0m              [93m..[0m              [91m,))))))).[0m      
                        [94m*%%%%%%,[0m         [93m***************/.[0m        [91m.)))))))[0m     
                [94m#%%/[0m      [94m(%%%%%%,[0m    [93m/*********************.[0m       [91m)))))))[0m    
              [94m.%%%%%%#[0m      [94m*%%%%%%,[0m  [93m*******/,[0m     [93m**********,[0m      [91m.))))))[0m   
                [94m.%%%%%%/[0m      [94m*%%%%%%,[0m  [93m**[0m              [93m********[0m      [91m.))))))[0m  
          [94m##[0m      [94m.%%%%%%/[0m      [94m(%%%%%%,[0m                  [93m,******[0m      [91m/)))))[0m  
        [94m%%%%%%[0m      [94m.%%%%%%#[0m      [94m*%%%%%%,[0m    [92m,/////.[0m       [93m******[0m      [91m))))))[0m 
      [94m#%[0m      [94m%%[0m      [94m.%%%%%%/[0m      [94m*%%%%%%,[0m  [92m////////,[0m      [93m*****/[0m     [91m,)))))[0m 
    [94m#%%[0m  [94m%%%[0m  [94m%%%#[0m      [94m.%%%%%%/[0m      [94m(%%%%%%,[0m  [92m///////.[0m     [93m/*****[0m      [91m))))).[0m
  [94m#%%%%.[0m      [94m%%%%%#[0m      [94m/%%%%%%*[0m      [94m#%%%%%%[0m   [92m/////)[0m     [93m******[0m      [91m))))),[0m
    [94m#%%%%##%[0m  [94m%%%#[0m      [94m.%%%%%%/[0m      [94m(%%%%%%,[0m  [92m///////.[0m     [93m/*****[0m      [91m))))).[0m
      [94m##[0m     [94m%%%[0m      [94m.%%%%%%/[0m      [94m*%%%%%%,[0m  [92m////////.[0m      [93m*****/[0m     [91m,)))))[0m 
        [94m#%%%%#[0m      [94m/%%%%%%/[0m      [94m(%%%%%%[0m      [92m/)/)//[0m       [93m******[0m      [91m))))))[0m 
          [94m##[0m      [94m.%%%%%%/[0m      [94m(%%%%%%,[0m                  [93m*******[0m      [91m))))))[0m  
                [94m.%%%%%%/[0m      [94m*%%%%%%,[0m  [93m**.[0m             [93m/*******[0m      [91m.))))))[0m  
              [94m*%%%%%%/[0m      [94m(%%%%%%[0m   [93m********/*..,*/*********[0m       [91m*))))))[0m   
                [94m#%%/[0m      [94m(%%%%%%,[0m    [93m*********************/[0m        [91m)))))))[0m    
                        [94m*%%%%%%,[0m         [93m,**************/[0m         [91m,))))))/[0m     
                      [94m(%%%%%%[0m   [91m()[0m                              [91m))))))))[0m       
                      [94m#%%%%,[0m  [91m())))))[0m                        [91m,)))))))),[0m        
                        [94m#,[0m    [91m())))))))))[0m                [91m,)))))))))).[0m          
                                 [91m()))))))))))))))))))))))))))))))/[0m             
                                    [91m())))))))))))))))))))))))).[0m                
                                         [91m())))))))))))))),[0m                     

-=# [1;94m geomeTRIC started. Version: 1.1 [0m #=-
Current date and time: 2026-05-01 17:39:46
#========================================================#
#| [92m    Arguments passed to driver run_optimizer():     [0m |#
#========================================================#
constraints               /tmp/tmpeia7h32p/constraints.txt 
customengine              <pyscf.geomopt.geometric_solver.PySCFEngine object at 0x7f6f179ddf10> 
input                     /tmp/tmp8wafh3v0/035402f0-791c-4e23-8d86-e2996e7594dc 
logIni                    /home/bhabani/miniconda3/lib/python3.12/site-packages/pyscf/geomopt/log.ini 
maxiter                   100 
----------------------------------------------------------
Custom engine selected.
$set
distance 1 5 1.30000000
Bonds will be generated from interatomic distances less than 1.20 times sum of covalent radii
24 internal coordinates being used (instead of 24 Cartesians)
Internal coordinate system (atoms numbered from 1):
Distance 1-5
Distance 1-2
Distance 1-3
Distance 1-4
Distance 5-6
Distance 5-7
Distance 5-8
Angle 2-1-3
Angle 2-1-4
Angle 2-1-5
Angle 3-1-4
Angle 3-1-5
Angle 4-1-5
Angle 1-5-6
Angle 1-5-7
Angle 1-5-8
Angle 6-5-7
Angle 6-5-8
Angle 7-5-8
Dihedral 2-1-5-6
Dihedral 2-1-5-7
Dihedral 2-1-5-8
Dihedral 3-1-5-6
Dihedral 3-1-5-7
Dihedral 3-1-5-8
Dihedral 4-1-5-6
Dihedral 4-1-5-7
Dihedral 4-1-5-8
Translation-X 1-8
Translation-Y 1-8
Translation-Z 1-8
Rotation-A 1-8
Rotation-B 1-8
Rotation-C 1-8
<class 'geometric.internal.Distance'> : 7
<class 'geometric.internal.Angle'> : 12
<class 'geometric.internal.Dihedral'> : 9
<class 'geometric.internal.TranslationX'> : 1
<class 'geometric.internal.TranslationY'> : 1
<class 'geometric.internal.TranslationZ'> : 1
<class 'geometric.internal.RotationA'> : 1
<class 'geometric.internal.RotationB'> : 1
<class 'geometric.internal.RotationC'> : 1
Constraint                         Current      Target       Diff.
Distance 1-5                       1.30000     1.30000    -0.00000
> ===== Optimization Info: ====
> Job type: Energy minimization
> Maximum number of optimization cycles: 100
> Initial / maximum trust radius (Angstrom): 0.100 / 0.300
> Convergence Criteria:
> Will converge when all 5 criteria are reached:
>  |Delta-E| < 1.00e-06
>  RMS-Ortho-Grad < 3.00e-04
>  Max-Ortho-Grad < 4.50e-04
>  RMS-Disp  < 1.20e-03
>  Max-Disp  < 1.80e-03
> 
> Constraints are requested. The following criterion is added:
>  Max Constraint Violation (in Angstroms/degrees) < 1.00e-02 
> === End Optimization Info ===
WARN: Mole.unit (Angstrom) is changed to Bohr
Step    0 : Gradient = 1.667e-02/2.630e-02 (rms/max) Energy = -78.7470477651
Hessian Eigenvalues: 2.30000e-02 5.00000e-02 5.00000e-02 ... 3.41561e-01 3.41561e-01 6.71931e-01
Step    1 : Displace = [0m6.253e-02[0m/[0m7.223e-02[0m (rms/max) Trust = 1.000e-01 (=) Grad_T = [0m3.285e-03[0m/[0m4.474e-03[0m (rms/max) E (change) = -78.7507332778 ([0m-3.686e-03[0m) Quality = [0m0.767[0m
Hessian Eigenvalues: 2.30000e-02 5.00000e-02 5.00000e-02 ... 3.41561e-01 3.45982e-01 7.25707e-01
Step    2 : Displace = [0m1.011e-02[0m/[0m1.168e-02[0m (rms/max) Trust = 1.414e-01 ([92m+[0m) Grad_T = [92m2.774e-04[0m/[0m4.800e-04[0m (rms/max) E (change) = -78.7509101602 ([0m-1.769e-04[0m) Quality = [0m1.053[0m
Hessian Eigenvalues: 2.30000e-02 5.00000e-02 5.00000e-02 ... 3.41561e-01 3.53162e-01 7.14069e-01
Step    3 : Displace = [92m6.963e-04[0m/[92m8.053e-04[0m (rms/max) Trust = 2.000e-01 ([92m+[0m) Grad_T = [92m1.003e-05[0m/[92m1.581e-05[0m (rms/max) E (change) = -78.7509108374 ([92m-6.772e-07[0m) Quality = [0m0.974[0m
Hessian Eigenvalues: 2.30000e-02 5.00000e-02 5.00000e-02 ... 3.41561e-01 3.53162e-01 7.14069e-01
Converged! =D

    #==========================================================================#
    #| If this code has benefited your research, please support us by citing: |#
    #|                                                                        |#
    #| Wang, L.-P.; Song, C.C. (2016) "Geometry optimization made simple with |#
    #| translation and rotation coordinates", J. Chem, Phys. 144, 214108.     |#
    #| http://dx.doi.org/10.1063/1.4952956                                    |#
    #==========================================================================#
    Time elapsed since start of run_optimizer: 1.026 seconds
WARN: ECP not specified. The basis set CRENBL include an ECP. Recommended ECP: CRENBL.
/home/bhabani/Kishore/Tangelo_2.0_hardware/tangelo/problem_decomposition/dmet/dmet_problem_decomposition.py:168: RuntimeWarning: The mean field will be recomputed even if one has been provided by the user.
  warnings.warn("The mean field will be recomputed even if one has been provided by the user.", RuntimeWarning)
	[Optimizer] Evaluating mu=0.000000 with 1 hardware jobs...
 	Iteration =  1
 	Chemical Potential (mu) =      0.0000000000
 	----------------
 
	SCF Occupancy Eigenvalues for Fragment Number : # 0
	[1.83696208e-16 1.68442757e-16 3.63315283e-17 1.54029847e-18
 7.53377541e-17 3.09142235e-16 1.02784640e-05 1.66652547e-03
 2.24039505e-02 2.24039931e-02 1.00000000e+00 1.97759601e+00
 1.97759605e+00 1.99833347e+00 1.99998972e+00]

	SCF Occupancy Eigenvalues for Fragment Number : # 1
	[8.13845936e-17 2.73380328e-17 6.72588481e-18 6.21025822e-17
 9.70680366e-17 1.83348888e-16 1.02784640e-05 1.66652547e-03
 2.24039505e-02 2.24039931e-02 1.00000000e+00 1.97759601e+00
 1.97759605e+00 1.99833347e+00 1.99998972e+00]

		Fragment Number : #  1
		------------------------
		CCSD diag: n_active_mos=24, n_active_electrons=18, trace(onerdm)=18.0
		Fragment Energy = -62.13433133102296
		Number of Electrons in Fragment = 9.005035505254723
Fragment: n_homo=8, n_lumo=9, kept=[7, 8, 9, 10]
		Fragment Number : #  2
		------------------------
		CCSD diag: n_active_mos=4, n_active_electrons=4, trace(onerdm)=4.0
		Fragment Energy = -62.02888301985715
		Number of Electrons in Fragment = 9.001665715904911
	Electron Residual = 0.00670122115963423
	[Optimizer] Evaluating mu=-0.050000 with 1 hardware jobs...
 	Iteration =  2
 	Chemical Potential (mu) =     -0.0500000000
 	----------------
 
	SCF Occupancy Eigenvalues for Fragment Number : # 0
	[1.83696208e-16 1.68442757e-16 3.63315283e-17 1.54029847e-18
 7.53377541e-17 3.09142235e-16 1.02784640e-05 1.66652547e-03
 2.24039505e-02 2.24039931e-02 1.00000000e+00 1.97759601e+00
 1.97759605e+00 1.99833347e+00 1.99998972e+00]

	SCF Occupancy Eigenvalues for Fragment Number : # 1
	[8.13845936e-17 2.73380328e-17 6.72588481e-18 6.21025822e-17
 9.70680366e-17 1.83348888e-16 1.02784640e-05 1.66652547e-03
 2.24039505e-02 2.24039931e-02 1.00000000e+00 1.97759601e+00
 1.97759605e+00 1.99833347e+00 1.99998972e+00]

		Fragment Number : #  1
		------------------------
		CCSD diag: n_active_mos=24, n_active_electrons=18, trace(onerdm)=18.0
		Fragment Energy = -62.009251964307694
		Number of Electrons in Fragment = 8.961902293678717
Fragment: n_homo=8, n_lumo=9, kept=[7, 8, 9, 10]
		Fragment Number : #  2
		------------------------
		CCSD diag: n_active_mos=4, n_active_electrons=4, trace(onerdm)=3.9999999999999996
		Fragment Energy = -61.90071492241918
		Number of Electrons in Fragment = 8.95734427783805
	Electron Residual = -0.0807534284832343
	[Optimizer] Evaluating mu=0.050000 with 1 hardware jobs...
 	Iteration =  3
 	Chemical Potential (mu) =      0.0500000000
 	----------------
 
	SCF Occupancy Eigenvalues for Fragment Number : # 0
	[1.83696208e-16 1.68442757e-16 3.63315283e-17 1.54029847e-18
 7.53377541e-17 3.09142235e-16 1.02784640e-05 1.66652547e-03
 2.24039505e-02 2.24039931e-02 1.00000000e+00 1.97759601e+00
 1.97759605e+00 1.99833347e+00 1.99998972e+00]

	SCF Occupancy Eigenvalues for Fragment Number : # 1
	[8.13845936e-17 2.73380328e-17 6.72588481e-18 6.21025822e-17
 9.70680366e-17 1.83348888e-16 1.02784640e-05 1.66652547e-03
 2.24039505e-02 2.24039931e-02 1.00000000e+00 1.97759601e+00
 1.97759605e+00 1.99833347e+00 1.99998972e+00]

		Fragment Number : #  1
		------------------------
		CCSD diag: n_active_mos=24, n_active_electrons=18, trace(onerdm)=18.0
		Fragment Energy = -62.25876982038734
		Number of Electrons in Fragment = 9.048430647814278
Fragment: n_homo=8, n_lumo=9, kept=[7, 8, 9, 10]
		Fragment Number : #  2
		------------------------
		CCSD diag: n_active_mos=4, n_active_electrons=4, trace(onerdm)=4.0
		Fragment Energy = -62.15567553960321
		Number of Electrons in Fragment = 9.045934644676967
	Electron Residual = 0.09436529249124703
[Optimizer] Bracket found: (-0.05, 0.0). Starting Brent search...
	[OptimizerCache] Found mu=-0.050000 in cache. Skipping hardware calls.
	[OptimizerCache] Found mu=0.000000 in cache. Skipping hardware calls.
	[Optimizer] Evaluating mu=-0.003831 with 1 hardware jobs...
 	Iteration =  4
 	Chemical Potential (mu) =     -0.0038312549
 	----------------
 
	SCF Occupancy Eigenvalues for Fragment Number : # 0
	[1.83696208e-16 1.68442757e-16 3.63315283e-17 1.54029847e-18
 7.53377541e-17 3.09142235e-16 1.02784640e-05 1.66652547e-03
 2.24039505e-02 2.24039931e-02 1.00000000e+00 1.97759601e+00
 1.97759605e+00 1.99833347e+00 1.99998972e+00]

	SCF Occupancy Eigenvalues for Fragment Number : # 1
	[8.13845936e-17 2.73380328e-17 6.72588481e-18 6.21025822e-17
 9.70680366e-17 1.83348888e-16 1.02784640e-05 1.66652547e-03
 2.24039505e-02 2.24039931e-02 1.00000000e+00 1.97759601e+00
 1.97759605e+00 1.99833347e+00 1.99998972e+00]

		Fragment Number : #  1
		------------------------
		CCSD diag: n_active_mos=24, n_active_electrons=18, trace(onerdm)=18.0
		Fragment Energy = -62.124773658820835
		Number of Electrons in Fragment = 9.001723507514443
Fragment: n_homo=8, n_lumo=9, kept=[7, 8, 9, 10]
		Fragment Number : #  2
		------------------------
		CCSD diag: n_active_mos=4, n_active_electrons=4, trace(onerdm)=4.0
		Fragment Energy = -62.019118098153015
		Number of Electrons in Fragment = 8.9982749086635
	Electron Residual = -1.5838220548403115e-06
	[Optimizer] Evaluating mu=-0.003830 with 1 hardware jobs...
 	Iteration =  5
 	Chemical Potential (mu) =     -0.0038303496
 	----------------
 
	SCF Occupancy Eigenvalues for Fragment Number : # 0
	[1.83696208e-16 1.68442757e-16 3.63315283e-17 1.54029847e-18
 7.53377541e-17 3.09142235e-16 1.02784640e-05 1.66652547e-03
 2.24039505e-02 2.24039931e-02 1.00000000e+00 1.97759601e+00
 1.97759605e+00 1.99833347e+00 1.99998972e+00]

	SCF Occupancy Eigenvalues for Fragment Number : # 1
	[8.13845936e-17 2.73380328e-17 6.72588481e-18 6.21025822e-17
 9.70680366e-17 1.83348888e-16 1.02784640e-05 1.66652547e-03
 2.24039505e-02 2.24039931e-02 1.00000000e+00 1.97759601e+00
 1.97759605e+00 1.99833347e+00 1.99998972e+00]

		Fragment Number : #  1
		------------------------
		CCSD diag: n_active_mos=24, n_active_electrons=18, trace(onerdm)=18.0
		Fragment Energy = -62.124775917681006
		Number of Electrons in Fragment = 9.001724289938103
Fragment: n_homo=8, n_lumo=9, kept=[7, 8, 9, 10]
		Fragment Number : #  2
		------------------------
		CCSD diag: n_active_mos=4, n_active_electrons=4, trace(onerdm)=4.0
		Fragment Energy = -62.01912040651596
		Number of Electrons in Fragment = 8.99827570995455
	Electron Residual = -1.0734879651863594e-10
	[Optimizer] Evaluating mu=-0.003830 with 1 hardware jobs...
 	Iteration =  6
 	Chemical Potential (mu) =     -0.0038303446
 	----------------
 
	SCF Occupancy Eigenvalues for Fragment Number : # 0
	[1.83696208e-16 1.68442757e-16 3.63315283e-17 1.54029847e-18
 7.53377541e-17 3.09142235e-16 1.02784640e-05 1.66652547e-03
 2.24039505e-02 2.24039931e-02 1.00000000e+00 1.97759601e+00
 1.97759605e+00 1.99833347e+00 1.99998972e+00]

	SCF Occupancy Eigenvalues for Fragment Number : # 1
	[8.13845936e-17 2.73380328e-17 6.72588481e-18 6.21025822e-17
 9.70680366e-17 1.83348888e-16 1.02784640e-05 1.66652547e-03
 2.24039505e-02 2.24039931e-02 1.00000000e+00 1.97759601e+00
 1.97759605e+00 1.99833347e+00 1.99998972e+00]

		Fragment Number : #  1
		------------------------
		CCSD diag: n_active_mos=24, n_active_electrons=18, trace(onerdm)=18.0
		Fragment Energy = -62.12477593015676
		Number of Electrons in Fragment = 9.001724294259475
Fragment: n_homo=8, n_lumo=9, kept=[7, 8, 9, 10]
		Fragment Number : #  2
		------------------------
		CCSD diag: n_active_mos=4, n_active_electrons=4, trace(onerdm)=3.9999999999999996
		Fragment Energy = -62.01912041926577
		Number of Electrons in Fragment = 8.998275714358048
	Electron Residual = 8.617522695431035e-09
	[OptimizerCache] Found mu=-0.003830 in cache. Skipping hardware calls.
[Optimizer] Brent converged successfully at mu=-0.003830
 	[DMET] Reusing converged optimizer result; skipping final oneshot loop.
 	*** DMET Cycle Done *** 
 	DMET Energy ( a.u. ) =    -78.8451642394
 	Chemical Potential   =     -0.0038303496
 	Electron Residual    =     -0.0000000001
DMET energy (Hartree): -78.845164
Converged DMET chemical potential: -0.0038303496
Final DMET electron residual: -0.0000000001
