Resuming from checkpoint. 0 points already completed.

=== Relaxed scan: C-C distance = 1.50 A ===
geometric-optimize called with the following command line:
run_dmet_sqd_hardware.py

                                        [91m())))))))))))))))/[0m                     
                                    [91m())))))))))))))))))))))))),[0m                
                                [91m*)))))))))))))))))))))))))))))))))[0m             
                        [94m#,[0m    [91m()))))))))/[0m                [91m.)))))))))),[0m          
                      [94m#%%%%,[0m  [91m())))))[0m                        [91m.))))))))*[0m        
                      [94m*%%%%%%,[0m  [91m))[0m              [93m..[0m              [91m,))))))).[0m      
                        [94m*%%%%%%,[0m         [93m***************/.[0m        [91m.)))))))[0m     
                [94m#%%/[0m      [94m(%%%%%%,[0m    [93m/*********************.[0m       [91m)))))))[0m    
              [94m.%%%%%%#[0m      [94m*%%%%%%,[0m  [93m*******/,[0m     [93m**********,[0m      [91m.))))))[0m   
                [94m.%%%%%%/[0m      [94m*%%%%%%,[0m  [93m**[0m              [93m********[0m      [91m.))))))[0m  
          [94m##[0m      [94m.%%%%%%/[0m      [94m(%%%%%%,[0m                  [93m,******[0m      [91m/)))))[0m  
        [94m%%%%%%[0m      [94m.%%%%%%#[0m      [94m*%%%%%%,[0m    [92m,/////.[0m       [93m******[0m      [91m))))))[0m 
      [94m#%[0m      [94m%%[0m      [94m.%%%%%%/[0m      [94m*%%%%%%,[0m  [92m////////,[0m      [93m*****/[0m     [91m,)))))[0m 
    [94m#%%[0m  [94m%%%[0m  [94m%%%#[0m      [94m.%%%%%%/[0m      [94m(%%%%%%,[0m  [92m///////.[0m     [93m/*****[0m      [91m))))).[0m
  [94m#%%%%.[0m      [94m%%%%%#[0m      [94m/%%%%%%*[0m      [94m#%%%%%%[0m   [92m/////)[0m     [93m******[0m      [91m))))),[0m
    [94m#%%%%##%[0m  [94m%%%#[0m      [94m.%%%%%%/[0m      [94m(%%%%%%,[0m  [92m///////.[0m     [93m/*****[0m      [91m))))).[0m
      [94m##[0m     [94m%%%[0m      [94m.%%%%%%/[0m      [94m*%%%%%%,[0m  [92m////////.[0m      [93m*****/[0m     [91m,)))))[0m 
        [94m#%%%%#[0m      [94m/%%%%%%/[0m      [94m(%%%%%%[0m      [92m/)/)//[0m       [93m******[0m      [91m))))))[0m 
          [94m##[0m      [94m.%%%%%%/[0m      [94m(%%%%%%,[0m                  [93m*******[0m      [91m))))))[0m  
                [94m.%%%%%%/[0m      [94m*%%%%%%,[0m  [93m**.[0m             [93m/*******[0m      [91m.))))))[0m  
              [94m*%%%%%%/[0m      [94m(%%%%%%[0m   [93m********/*..,*/*********[0m       [91m*))))))[0m   
                [94m#%%/[0m      [94m(%%%%%%,[0m    [93m*********************/[0m        [91m)))))))[0m    
                        [94m*%%%%%%,[0m         [93m,**************/[0m         [91m,))))))/[0m     
                      [94m(%%%%%%[0m   [91m()[0m                              [91m))))))))[0m       
                      [94m#%%%%,[0m  [91m())))))[0m                        [91m,)))))))),[0m        
                        [94m#,[0m    [91m())))))))))[0m                [91m,)))))))))).[0m          
                                 [91m()))))))))))))))))))))))))))))))/[0m             
                                    [91m())))))))))))))))))))))))).[0m                
                                         [91m())))))))))))))),[0m                     

-=# [1;94m geomeTRIC started. Version: 1.1 [0m #=-
Current date and time: 2026-05-01 16:21:41
#========================================================#
#| [92m    Arguments passed to driver run_optimizer():     [0m |#
#========================================================#
constraints               /tmp/tmp8e6zr9ff/constraints.txt 
customengine              <pyscf.geomopt.geometric_solver.PySCFEngine object at 0x7f2ab1514a40> 
input                     /tmp/tmpeg11b92j/ee1a77f1-dcf3-45de-830b-23f2bf28bf99 
logIni                    /home/bhabani/miniconda3/lib/python3.12/site-packages/pyscf/geomopt/log.ini 
maxiter                   100 
----------------------------------------------------------
Custom engine selected.
$set
distance 1 5 1.50000000
Bonds will be generated from interatomic distances less than 1.20 times sum of covalent radii
24 internal coordinates being used (instead of 24 Cartesians)
Internal coordinate system (atoms numbered from 1):
Distance 1-5
Distance 1-2
Distance 1-3
Distance 1-4
Distance 5-6
Distance 5-7
Distance 5-8
Angle 2-1-3
Angle 2-1-4
Angle 2-1-5
Angle 3-1-4
Angle 3-1-5
Angle 4-1-5
Angle 1-5-6
Angle 1-5-7
Angle 1-5-8
Angle 6-5-7
Angle 6-5-8
Angle 7-5-8
Dihedral 2-1-5-6
Dihedral 2-1-5-7
Dihedral 2-1-5-8
Dihedral 3-1-5-6
Dihedral 3-1-5-7
Dihedral 3-1-5-8
Dihedral 4-1-5-6
Dihedral 4-1-5-7
Dihedral 4-1-5-8
Translation-X 1-8
Translation-Y 1-8
Translation-Z 1-8
Rotation-A 1-8
Rotation-B 1-8
Rotation-C 1-8
<class 'geometric.internal.Distance'> : 7
<class 'geometric.internal.Angle'> : 12
<class 'geometric.internal.Dihedral'> : 9
<class 'geometric.internal.TranslationX'> : 1
<class 'geometric.internal.TranslationY'> : 1
<class 'geometric.internal.TranslationZ'> : 1
<class 'geometric.internal.RotationA'> : 1
<class 'geometric.internal.RotationB'> : 1
<class 'geometric.internal.RotationC'> : 1
Constraint                         Current      Target       Diff.
Distance 1-5                       1.50000     1.50000    -0.00000
> ===== Optimization Info: ====
> Job type: Energy minimization
> Maximum number of optimization cycles: 100
> Initial / maximum trust radius (Angstrom): 0.100 / 0.300
> Convergence Criteria:
> Will converge when all 5 criteria are reached:
>  |Delta-E| < 1.00e-06
>  RMS-Ortho-Grad < 3.00e-04
>  Max-Ortho-Grad < 4.50e-04
>  RMS-Disp  < 1.20e-03
>  Max-Disp  < 1.80e-03
> 
> Constraints are requested. The following criterion is added:
>  Max Constraint Violation (in Angstroms/degrees) < 1.00e-02 
> === End Optimization Info ===
WARN: Mole.unit (Angstrom) is changed to Bohr
Step    0 : Gradient = 7.008e-03/7.884e-03 (rms/max) Energy = -78.7924929710
Hessian Eigenvalues: 2.30000e-02 5.00000e-02 5.00000e-02 ... 3.41388e-01 3.41561e-01 3.41561e-01
Step    1 : Displace = [0m1.424e-02[0m/[0m1.650e-02[0m (rms/max) Trust = 1.000e-01 (=) Grad_T = [0m8.190e-04[0m/[0m9.391e-04[0m (rms/max) E (change) = -78.7930433271 ([0m-5.504e-04[0m) Quality = [0m0.878[0m
Hessian Eigenvalues: 2.30000e-02 5.00000e-02 5.00000e-02 ... 3.41504e-01 3.41561e-01 3.81685e-01
Step    2 : Displace = [0m2.245e-03[0m/[0m2.593e-03[0m (rms/max) Trust = 1.414e-01 ([92m+[0m) Grad_T = [92m1.988e-05[0m/[92m2.155e-05[0m (rms/max) E (change) = -78.7930539721 ([0m-1.065e-05[0m) Quality = [0m0.983[0m
Hessian Eigenvalues: 2.30000e-02 5.00000e-02 5.00000e-02 ... 3.41504e-01 3.41561e-01 4.12773e-01
Step    3 : Displace = [92m2.826e-05[0m/[92m3.283e-05[0m (rms/max) Trust = 2.000e-01 ([92m+[0m) Grad_T = [92m4.803e-07[0m/[92m7.572e-07[0m (rms/max) E (change) = -78.7930539759 ([92m-3.752e-09[0m) Quality = [0m0.991[0m
Hessian Eigenvalues: 2.30000e-02 5.00000e-02 5.00000e-02 ... 3.41504e-01 3.41561e-01 4.12773e-01
Converged! =D

    #==========================================================================#
    #| If this code has benefited your research, please support us by citing: |#
    #|                                                                        |#
    #| Wang, L.-P.; Song, C.C. (2016) "Geometry optimization made simple with |#
    #| translation and rotation coordinates", J. Chem, Phys. 144, 214108.     |#
    #| http://dx.doi.org/10.1063/1.4952956                                    |#
    #==========================================================================#
    Time elapsed since start of run_optimizer: 1.007 seconds
WARN: ECP not specified. The basis set CRENBL include an ECP. Recommended ECP: CRENBL.
/home/bhabani/Kishore/Tangelo_2.0_hardware/tangelo/problem_decomposition/dmet/dmet_problem_decomposition.py:168: RuntimeWarning: The mean field will be recomputed even if one has been provided by the user.
  warnings.warn("The mean field will be recomputed even if one has been provided by the user.", RuntimeWarning)
	[Optimizer] Evaluating mu=0.000000 with 1 hardware jobs...
 	Iteration =  1
 	Chemical Potential (mu) =      0.0000000000
 	----------------
 
	SCF Occupancy Eigenvalues for Fragment Number : # 0
	[1.46765044e-16 1.13895066e-16 2.39231414e-17 1.26880299e-17
 2.61221907e-17 1.01857373e-16 5.22803903e-06 1.68973454e-03
 9.50618111e-03 9.50619376e-03 1.00000000e+00 1.99049381e+00
 1.99049382e+00 1.99831027e+00 1.99999477e+00]

	SCF Occupancy Eigenvalues for Fragment Number : # 1
	[1.42621547e-16 4.26417090e-17 5.43612811e-18 3.13823275e-17
 1.23898432e-16 3.14039511e-16 5.22803903e-06 1.68973454e-03
 9.50618111e-03 9.50619376e-03 1.00000000e+00 1.99049381e+00
 1.99049382e+00 1.99831027e+00 1.99999477e+00]

		Fragment Number : #  1
		------------------------
		CCSD diag: n_active_mos=24, n_active_electrons=18, trace(onerdm)=18.0
		Fragment Energy = -60.87750136454818
		Number of Electrons in Fragment = 9.005933939845107
Fragment: n_homo=8, n_lumo=9, kept=[7, 8, 9, 10]
		Fragment Number : #  2
		------------------------
Unable to initialize backend 'tpu': INTERNAL: Failed to open libtpu.so: libtpu.so: cannot open shared object file: No such file or directoryAn NVIDIA GPU may be present on this machine, but a CUDA-enabled jaxlib is not installed. Falling back to cpu.LUCJ CCSD init diag: norb=4, n_reps=1, t1_shape=(2, 2), t2_shape=(2, 2, 2, 2), t1_norm=1.463121e-03, t2_norm=3.107773e-02
[AccountManager] SQD call 1: using account 1 (1/10)
Pass: Decompose - 1.14346 (ms)Pass: MergeOrbitalRotations - 0.41199 (ms)Pass: UnitarySynthesis - 0.00834 (ms)Pass: HighLevelSynthesis - 1.49989 (ms)Pass: BasisTranslator - 0.11015 (ms)Pass: ElidePermutations - 0.01216 (ms)Pass: RemoveDiagonalGatesBeforeMeasure - 0.00763 (ms)Pass: RemoveIdentityEquivalent - 0.01168 (ms)Pass: InverseCancellation - 0.01597 (ms)Pass: ContractIdleWiresInControlFlow - 0.00262 (ms)Pass: CommutativeCancellation - 0.05412 (ms)Pass: ConsolidateBlocks - 0.21887 (ms)Pass: Split2QUnitaries - 0.00358 (ms)Pass: SetLayout - 0.02623 (ms)Pass: FullAncillaAllocation - 0.22650 (ms)Pass: EnlargeWithAncilla - 0.13447 (ms)Pass: ApplyLayout - 0.43559 (ms)Pass: CheckMap - 0.12469 (ms)Pass: BarrierBeforeFinalMeasurements - 1.60456 (ms)Pass: SabreSwap - 3.26109 (ms)Pass: FilterOpNodes - 0.13208 (ms)Pass: UnitarySynthesis - 0.00834 (ms)Pass: HighLevelSynthesis - 0.02074 (ms)Pass: BasisTranslator - 2.18177 (ms)Pass: Depth - 0.09036 (ms)Pass: Size - 0.00429 (ms)Pass: MinimumPoint - 0.01144 (ms)Pass: ConsolidateBlocks - 0.60320 (ms)Pass: UnitarySynthesis - 1.88065 (ms)Pass: RemoveIdentityEquivalent - 0.02623 (ms)Pass: Optimize1qGatesDecomposition - 0.20599 (ms)Pass: CommutativeCancellation - 0.24939 (ms)Pass: ContractIdleWiresInControlFlow - 0.00215 (ms)Pass: GatesInBasis - 0.05960 (ms)Pass: Depth - 0.05174 (ms)Pass: Size - 0.00310 (ms)Pass: MinimumPoint - 0.10657 (ms)Pass: ConsolidateBlocks - 0.46778 (ms)Pass: UnitarySynthesis - 0.65398 (ms)Pass: RemoveIdentityEquivalent - 0.02146 (ms)Pass: Optimize1qGatesDecomposition - 0.16427 (ms)Pass: CommutativeCancellation - 0.21482 (ms)Pass: ContractIdleWiresInControlFlow - 0.00191 (ms)Pass: GatesInBasis - 0.05674 (ms)Pass: Depth - 0.05293 (ms)Pass: Size - 0.00238 (ms)Pass: MinimumPoint - 0.00477 (ms)Pass: ConsolidateBlocks - 0.35167 (ms)Pass: UnitarySynthesis - 0.46468 (ms)Pass: RemoveIdentityEquivalent - 0.02027 (ms)Pass: Optimize1qGatesDecomposition - 0.15950 (ms)Pass: CommutativeCancellation - 0.20313 (ms)Pass: ContractIdleWiresInControlFlow - 0.00191 (ms)Pass: GatesInBasis - 0.05770 (ms)Pass: Depth - 0.04888 (ms)Pass: Size - 0.00238 (ms)Pass: MinimumPoint - 0.00405 (ms)Pass: ConsolidateBlocks - 0.34976 (ms)Pass: UnitarySynthesis - 0.47016 (ms)Pass: RemoveIdentityEquivalent - 0.02003 (ms)Pass: Optimize1qGatesDecomposition - 0.15807 (ms)Pass: CommutativeCancellation - 0.20885 (ms)Pass: ContractIdleWiresInControlFlow - 0.00215 (ms)Pass: GatesInBasis - 0.05579 (ms)Pass: Depth - 0.05150 (ms)Pass: Size - 0.00191 (ms)Pass: MinimumPoint - 0.00381 (ms)Pass: ConsolidateBlocks - 0.34833 (ms)Pass: UnitarySynthesis - 0.46229 (ms)Pass: RemoveIdentityEquivalent - 0.02098 (ms)Pass: Optimize1qGatesDecomposition - 0.16761 (ms)Pass: CommutativeCancellation - 0.20456 (ms)Pass: ContractIdleWiresInControlFlow - 0.00215 (ms)Pass: GatesInBasis - 0.05698 (ms)Pass: Depth - 0.04888 (ms)Pass: Size - 0.00215 (ms)Pass: MinimumPoint - 0.00501 (ms)Pass: ContainsInstruction - 0.00668 (ms)Pass: InstructionDurationCheck - 0.00405 (ms)SQD counts diag: n_bits=8, first_bitstring=[1, 1, 0, 1, 0, 0, 1, 1], hamming_left=3, hamming_right=2
SQD postselect diag: total_samples=256, total_postselected=576, batch_sizes=[36, 36, 36, 36, 36, 36, 36, 36, 36, 36, 36, 36, 36, 36, 36, 36]
SQD batch diag: batch0_shape=(36, 8), first_bitstring=[0, 0, 1, 1, 0, 0, 1, 1], hamming_left=2, hamming_right=2
SQD sci diag: batch=0, norb=4, nelec=(2, 2), amp_norm=1.0000000000000002, trace(rdm1)=4.000000000000001
SQD sci diag: batch=1, norb=4, nelec=(2, 2), amp_norm=1.0000000000000002, trace(rdm1)=4.000000000000001
SQD sci diag: batch=2, norb=4, nelec=(2, 2), amp_norm=1.0000000000000002, trace(rdm1)=4.000000000000001
SQD sci diag: batch=3, norb=4, nelec=(2, 2), amp_norm=1.0000000000000002, trace(rdm1)=4.000000000000001
SQD sci diag: batch=4, norb=4, nelec=(2, 2), amp_norm=1.0000000000000002, trace(rdm1)=4.000000000000001
SQD sci diag: batch=5, norb=4, nelec=(2, 2), amp_norm=1.0000000000000002, trace(rdm1)=4.000000000000001
SQD sci diag: batch=6, norb=4, nelec=(2, 2), amp_norm=1.0000000000000002, trace(rdm1)=4.000000000000001
SQD sci diag: batch=7, norb=4, nelec=(2, 2), amp_norm=1.0000000000000002, trace(rdm1)=4.000000000000001
SQD sci diag: batch=8, norb=4, nelec=(2, 2), amp_norm=1.0000000000000002, trace(rdm1)=4.000000000000001
SQD sci diag: batch=9, norb=4, nelec=(2, 2), amp_norm=1.0000000000000002, trace(rdm1)=4.000000000000001
SQD sci diag: batch=10, norb=4, nelec=(2, 2), amp_norm=1.0000000000000002, trace(rdm1)=4.000000000000001
SQD sci diag: batch=11, norb=4, nelec=(2, 2), amp_norm=1.0000000000000002, trace(rdm1)=4.000000000000001
SQD sci diag: batch=12, norb=4, nelec=(2, 2), amp_norm=1.0000000000000002, trace(rdm1)=4.000000000000001
SQD sci diag: batch=13, norb=4, nelec=(2, 2), amp_norm=1.0000000000000002, trace(rdm1)=4.000000000000001
SQD sci diag: batch=14, norb=4, nelec=(2, 2), amp_norm=1.0000000000000002, trace(rdm1)=4.000000000000001
SQD sci diag: batch=15, norb=4, nelec=(2, 2), amp_norm=1.0000000000000002, trace(rdm1)=4.000000000000001
SQD postselect diag: total_samples=36, total_postselected=576, batch_sizes=[36, 36, 36, 36, 36, 36, 36, 36, 36, 36, 36, 36, 36, 36, 36, 36]
SQD batch diag: batch0_shape=(36, 8), first_bitstring=[1, 0, 0, 1, 0, 0, 1, 1], hamming_left=2, hamming_right=2
SQD sci diag: batch=0, norb=4, nelec=(2, 2), amp_norm=1.0000000000000002, trace(rdm1)=4.000000000000001
SQD sci diag: batch=1, norb=4, nelec=(2, 2), amp_norm=1.0000000000000002, trace(rdm1)=4.000000000000001
SQD sci diag: batch=2, norb=4, nelec=(2, 2), amp_norm=1.0000000000000002, trace(rdm1)=4.000000000000001
SQD sci diag: batch=3, norb=4, nelec=(2, 2), amp_norm=1.0000000000000002, trace(rdm1)=4.000000000000001
SQD sci diag: batch=4, norb=4, nelec=(2, 2), amp_norm=1.0000000000000002, trace(rdm1)=4.000000000000001
SQD sci diag: batch=5, norb=4, nelec=(2, 2), amp_norm=1.0000000000000002, trace(rdm1)=4.000000000000001
SQD sci diag: batch=6, norb=4, nelec=(2, 2), amp_norm=1.0000000000000002, trace(rdm1)=4.000000000000001
SQD sci diag: batch=7, norb=4, nelec=(2, 2), amp_norm=1.0000000000000002, trace(rdm1)=4.000000000000001
SQD sci diag: batch=8, norb=4, nelec=(2, 2), amp_norm=1.0000000000000002, trace(rdm1)=4.000000000000001
SQD sci diag: batch=9, norb=4, nelec=(2, 2), amp_norm=1.0000000000000002, trace(rdm1)=4.000000000000001
SQD sci diag: batch=10, norb=4, nelec=(2, 2), amp_norm=1.0000000000000002, trace(rdm1)=4.000000000000001
SQD sci diag: batch=11, norb=4, nelec=(2, 2), amp_norm=1.0000000000000002, trace(rdm1)=4.000000000000001
SQD sci diag: batch=12, norb=4, nelec=(2, 2), amp_norm=1.0000000000000002, trace(rdm1)=4.000000000000001
SQD sci diag: batch=13, norb=4, nelec=(2, 2), amp_norm=1.0000000000000002, trace(rdm1)=4.000000000000001
SQD sci diag: batch=14, norb=4, nelec=(2, 2), amp_norm=1.0000000000000002, trace(rdm1)=4.000000000000001
SQD sci diag: batch=15, norb=4, nelec=(2, 2), amp_norm=1.0000000000000002, trace(rdm1)=4.000000000000001
		SQD diag: n_active_mos=4, n_active_electrons=4, trace(onerdm)=4.000000000000001
		Fragment Energy = -60.72016572882028
		Number of Electrons in Fragment = 9.03398792276696
	Electron Residual = 0.03992186261206854
	[Optimizer] Evaluating mu=-0.050000 with 1 hardware jobs...
 	Iteration =  2
 	Chemical Potential (mu) =     -0.0500000000
 	----------------
 
	SCF Occupancy Eigenvalues for Fragment Number : # 0
	[1.46765044e-16 1.13895066e-16 2.39231414e-17 1.26880299e-17
 2.61221907e-17 1.01857373e-16 5.22803903e-06 1.68973454e-03
 9.50618111e-03 9.50619376e-03 1.00000000e+00 1.99049381e+00
 1.99049382e+00 1.99831027e+00 1.99999477e+00]

	SCF Occupancy Eigenvalues for Fragment Number : # 1
	[1.42621547e-16 4.26417090e-17 5.43612811e-18 3.13823275e-17
 1.23898432e-16 3.14039511e-16 5.22803903e-06 1.68973454e-03
 9.50618111e-03 9.50619376e-03 1.00000000e+00 1.99049381e+00
 1.99049382e+00 1.99831027e+00 1.99999477e+00]

		Fragment Number : #  1
		------------------------
		CCSD diag: n_active_mos=24, n_active_electrons=18, trace(onerdm)=18.0
		Fragment Energy = -60.73809548112783
		Number of Electrons in Fragment = 8.956064287095202
Fragment: n_homo=8, n_lumo=9, kept=[7, 8, 9, 10]
		Fragment Number : #  2
		------------------------
LUCJ CCSD init diag: norb=4, n_reps=1, t1_shape=(2, 2), t2_shape=(2, 2, 2, 2), t1_norm=3.080218e-09, t2_norm=2.255324e-02
[AccountManager] SQD call 2: using account 1 (2/10)
Pass: Decompose - 0.76652 (ms)Pass: MergeOrbitalRotations - 0.40436 (ms)Pass: UnitarySynthesis - 0.01192 (ms)Pass: HighLevelSynthesis - 1.40667 (ms)Pass: BasisTranslator - 0.10276 (ms)Pass: ElidePermutations - 0.01049 (ms)Pass: RemoveDiagonalGatesBeforeMeasure - 0.01240 (ms)Pass: RemoveIdentityEquivalent - 0.01478 (ms)Pass: InverseCancellation - 0.02170 (ms)Pass: ContractIdleWiresInControlFlow - 0.00238 (ms)Pass: CommutativeCancellation - 0.04792 (ms)Pass: ConsolidateBlocks - 0.19598 (ms)Pass: Split2QUnitaries - 0.00691 (ms)Pass: SetLayout - 0.02337 (ms)Pass: FullAncillaAllocation - 0.21815 (ms)Pass: EnlargeWithAncilla - 0.08392 (ms)Pass: ApplyLayout - 0.43106 (ms)Pass: CheckMap - 0.10324 (ms)Pass: BarrierBeforeFinalMeasurements - 2.34199 (ms)Pass: SabreSwap - 2.20871 (ms)Pass: FilterOpNodes - 0.13208 (ms)Pass: UnitarySynthesis - 0.00739 (ms)Pass: HighLevelSynthesis - 0.02050 (ms)Pass: BasisTranslator - 1.76859 (ms)Pass: Depth - 0.07796 (ms)Pass: Size - 0.00286 (ms)Pass: MinimumPoint - 0.01812 (ms)Pass: ConsolidateBlocks - 0.49734 (ms)Pass: UnitarySynthesis - 1.35231 (ms)Pass: RemoveIdentityEquivalent - 0.03099 (ms)Pass: Optimize1qGatesDecomposition - 0.19979 (ms)Pass: CommutativeCancellation - 0.19741 (ms)Pass: ContractIdleWiresInControlFlow - 0.00215 (ms)Pass: GatesInBasis - 0.06938 (ms)Pass: Depth - 0.04649 (ms)Pass: Size - 0.00215 (ms)Pass: MinimumPoint - 0.06413 (ms)Pass: ConsolidateBlocks - 0.31948 (ms)Pass: UnitarySynthesis - 0.46921 (ms)Pass: RemoveIdentityEquivalent - 0.02003 (ms)Pass: Optimize1qGatesDecomposition - 0.14257 (ms)Pass: CommutativeCancellation - 0.19002 (ms)Pass: ContractIdleWiresInControlFlow - 0.00191 (ms)Pass: GatesInBasis - 0.04339 (ms)Pass: Depth - 0.04530 (ms)Pass: Size - 0.00215 (ms)Pass: MinimumPoint - 0.07129 (ms)Pass: ConsolidateBlocks - 0.31209 (ms)Pass: UnitarySynthesis - 0.42105 (ms)Pass: RemoveIdentityEquivalent - 0.01645 (ms)Pass: Optimize1qGatesDecomposition - 0.13971 (ms)Pass: CommutativeCancellation - 0.17858 (ms)Pass: ContractIdleWiresInControlFlow - 0.00215 (ms)Pass: GatesInBasis - 0.04649 (ms)Pass: Depth - 0.04363 (ms)Pass: Size - 0.00215 (ms)Pass: MinimumPoint - 0.00477 (ms)Pass: ContainsInstruction - 0.01097 (ms)Pass: InstructionDurationCheck - 0.00405 (ms)SQD counts diag: n_bits=8, first_bitstring=[1, 0, 1, 1, 0, 0, 1, 1], hamming_left=3, hamming_right=2
SQD postselect diag: total_samples=254, total_postselected=576, batch_sizes=[36, 36, 36, 36, 36, 36, 36, 36, 36, 36, 36, 36, 36, 36, 36, 36]
SQD batch diag: batch0_shape=(36, 8), first_bitstring=[0, 0, 1, 1, 0, 0, 1, 1], hamming_left=2, hamming_right=2
SQD sci diag: batch=0, norb=4, nelec=(2, 2), amp_norm=1.0000000000000002, trace(rdm1)=4.000000000000001
SQD sci diag: batch=1, norb=4, nelec=(2, 2), amp_norm=1.0000000000000002, trace(rdm1)=4.000000000000001
SQD sci diag: batch=2, norb=4, nelec=(2, 2), amp_norm=1.0000000000000002, trace(rdm1)=4.000000000000001
SQD sci diag: batch=3, norb=4, nelec=(2, 2), amp_norm=1.0000000000000002, trace(rdm1)=4.000000000000001
SQD sci diag: batch=4, norb=4, nelec=(2, 2), amp_norm=1.0000000000000002, trace(rdm1)=4.000000000000001
SQD sci diag: batch=5, norb=4, nelec=(2, 2), amp_norm=1.0000000000000002, trace(rdm1)=4.000000000000001
SQD sci diag: batch=6, norb=4, nelec=(2, 2), amp_norm=1.0000000000000002, trace(rdm1)=4.000000000000001
SQD sci diag: batch=7, norb=4, nelec=(2, 2), amp_norm=1.0000000000000002, trace(rdm1)=4.000000000000001
SQD sci diag: batch=8, norb=4, nelec=(2, 2), amp_norm=1.0000000000000002, trace(rdm1)=4.000000000000001
SQD sci diag: batch=9, norb=4, nelec=(2, 2), amp_norm=1.0000000000000002, trace(rdm1)=4.000000000000001
SQD sci diag: batch=10, norb=4, nelec=(2, 2), amp_norm=1.0000000000000002, trace(rdm1)=4.000000000000001
SQD sci diag: batch=11, norb=4, nelec=(2, 2), amp_norm=1.0000000000000002, trace(rdm1)=4.000000000000001
SQD sci diag: batch=12, norb=4, nelec=(2, 2), amp_norm=1.0000000000000002, trace(rdm1)=4.000000000000001
SQD sci diag: batch=13, norb=4, nelec=(2, 2), amp_norm=1.0000000000000002, trace(rdm1)=4.000000000000001
SQD sci diag: batch=14, norb=4, nelec=(2, 2), amp_norm=1.0000000000000002, trace(rdm1)=4.000000000000001
SQD sci diag: batch=15, norb=4, nelec=(2, 2), amp_norm=1.0000000000000002, trace(rdm1)=4.000000000000001
SQD postselect diag: total_samples=36, total_postselected=576, batch_sizes=[36, 36, 36, 36, 36, 36, 36, 36, 36, 36, 36, 36, 36, 36, 36, 36]
SQD batch diag: batch0_shape=(36, 8), first_bitstring=[0, 0, 1, 1, 0, 0, 1, 1], hamming_left=2, hamming_right=2
SQD sci diag: batch=0, norb=4, nelec=(2, 2), amp_norm=1.0000000000000002, trace(rdm1)=4.000000000000001
SQD sci diag: batch=1, norb=4, nelec=(2, 2), amp_norm=1.0000000000000002, trace(rdm1)=4.000000000000001
SQD sci diag: batch=2, norb=4, nelec=(2, 2), amp_norm=1.0000000000000002, trace(rdm1)=4.000000000000001
SQD sci diag: batch=3, norb=4, nelec=(2, 2), amp_norm=1.0000000000000002, trace(rdm1)=4.000000000000001
SQD sci diag: batch=4, norb=4, nelec=(2, 2), amp_norm=1.0000000000000002, trace(rdm1)=4.000000000000001
SQD sci diag: batch=5, norb=4, nelec=(2, 2), amp_norm=1.0000000000000002, trace(rdm1)=4.000000000000001
SQD sci diag: batch=6, norb=4, nelec=(2, 2), amp_norm=1.0000000000000002, trace(rdm1)=4.000000000000001
SQD sci diag: batch=7, norb=4, nelec=(2, 2), amp_norm=1.0000000000000002, trace(rdm1)=4.000000000000001
SQD sci diag: batch=8, norb=4, nelec=(2, 2), amp_norm=1.0000000000000002, trace(rdm1)=4.000000000000001
SQD sci diag: batch=9, norb=4, nelec=(2, 2), amp_norm=1.0000000000000002, trace(rdm1)=4.000000000000001
SQD sci diag: batch=10, norb=4, nelec=(2, 2), amp_norm=1.0000000000000002, trace(rdm1)=4.000000000000001
SQD sci diag: batch=11, norb=4, nelec=(2, 2), amp_norm=1.0000000000000002, trace(rdm1)=4.000000000000001
SQD sci diag: batch=12, norb=4, nelec=(2, 2), amp_norm=1.0000000000000002, trace(rdm1)=4.000000000000001
SQD sci diag: batch=13, norb=4, nelec=(2, 2), amp_norm=1.0000000000000002, trace(rdm1)=4.000000000000001
SQD sci diag: batch=14, norb=4, nelec=(2, 2), amp_norm=1.0000000000000002, trace(rdm1)=4.000000000000001
SQD sci diag: batch=15, norb=4, nelec=(2, 2), amp_norm=1.0000000000000002, trace(rdm1)=4.000000000000001
		SQD diag: n_active_mos=4, n_active_electrons=4, trace(onerdm)=4.000000000000001
		Fragment Energy = -59.910450811403095
		Number of Electrons in Fragment = 8.67585801488631
	Electron Residual = -0.3680776980184888
	[Optimizer] Evaluating mu=0.050000 with 1 hardware jobs...
 	Iteration =  3
 	Chemical Potential (mu) =      0.0500000000
 	----------------
 
	SCF Occupancy Eigenvalues for Fragment Number : # 0
	[1.46765044e-16 1.13895066e-16 2.39231414e-17 1.26880299e-17
 2.61221907e-17 1.01857373e-16 5.22803903e-06 1.68973454e-03
 9.50618111e-03 9.50619376e-03 1.00000000e+00 1.99049381e+00
 1.99049382e+00 1.99831027e+00 1.99999477e+00]

	SCF Occupancy Eigenvalues for Fragment Number : # 1
	[1.42621547e-16 4.26417090e-17 5.43612811e-18 3.13823275e-17
 1.23898432e-16 3.14039511e-16 5.22803903e-06 1.68973454e-03
 9.50618111e-03 9.50619376e-03 1.00000000e+00 1.99049381e+00
 1.99049382e+00 1.99831027e+00 1.99999477e+00]

		Fragment Number : #  1
		------------------------
		CCSD diag: n_active_mos=24, n_active_electrons=18, trace(onerdm)=18.0
		Fragment Energy = -61.01586003238118
		Number of Electrons in Fragment = 9.055922535687811
Fragment: n_homo=8, n_lumo=9, kept=[7, 8, 9, 10]
		Fragment Number : #  2
		------------------------
LUCJ CCSD init diag: norb=4, n_reps=1, t1_shape=(2, 2), t2_shape=(2, 2, 2, 2), t1_norm=1.282684e-03, t2_norm=2.367616e-02
[AccountManager] SQD call 3: using account 1 (3/10)
Pass: Decompose - 0.67401 (ms)Pass: MergeOrbitalRotations - 0.39530 (ms)Pass: UnitarySynthesis - 0.00739 (ms)Pass: HighLevelSynthesis - 1.36733 (ms)Pass: BasisTranslator - 0.10490 (ms)Pass: ElidePermutations - 0.00572 (ms)Pass: RemoveDiagonalGatesBeforeMeasure - 0.00787 (ms)Pass: RemoveIdentityEquivalent - 0.01097 (ms)Pass: InverseCancellation - 0.01407 (ms)Pass: ContractIdleWiresInControlFlow - 0.00215 (ms)Pass: CommutativeCancellation - 0.04649 (ms)Pass: ConsolidateBlocks - 0.21815 (ms)Pass: Split2QUnitaries - 0.00286 (ms)Pass: SetLayout - 0.01788 (ms)Pass: FullAncillaAllocation - 0.20981 (ms)Pass: EnlargeWithAncilla - 0.08392 (ms)Pass: ApplyLayout - 0.42605 (ms)Pass: CheckMap - 0.10204 (ms)Pass: BarrierBeforeFinalMeasurements - 2.70915 (ms)Pass: SabreSwap - 2.16269 (ms)Pass: FilterOpNodes - 0.14091 (ms)Pass: UnitarySynthesis - 0.00834 (ms)Pass: HighLevelSynthesis - 0.02146 (ms)Pass: BasisTranslator - 2.40874 (ms)Pass: Depth - 0.11873 (ms)Pass: Size - 0.00381 (ms)Pass: MinimumPoint - 0.01121 (ms)Pass: ConsolidateBlocks - 0.66447 (ms)Pass: UnitarySynthesis - 1.52111 (ms)Pass: RemoveIdentityEquivalent - 0.02670 (ms)Pass: Optimize1qGatesDecomposition - 0.21672 (ms)Pass: CommutativeCancellation - 0.23460 (ms)Pass: ContractIdleWiresInControlFlow - 0.00215 (ms)Pass: GatesInBasis - 0.06223 (ms)Pass: Depth - 0.05245 (ms)Pass: Size - 0.00286 (ms)Pass: MinimumPoint - 0.06700 (ms)Pass: ConsolidateBlocks - 0.36144 (ms)Pass: UnitarySynthesis - 0.46015 (ms)Pass: RemoveIdentityEquivalent - 0.02027 (ms)Pass: Optimize1qGatesDecomposition - 0.15926 (ms)Pass: CommutativeCancellation - 0.20909 (ms)Pass: ContractIdleWiresInControlFlow - 0.00191 (ms)Pass: GatesInBasis - 0.05412 (ms)Pass: Depth - 0.05317 (ms)Pass: Size - 0.00238 (ms)Pass: MinimumPoint - 0.07915 (ms)Pass: ConsolidateBlocks - 0.36597 (ms)Pass: UnitarySynthesis - 0.46921 (ms)Pass: RemoveIdentityEquivalent - 0.02003 (ms)Pass: Optimize1qGatesDecomposition - 0.16212 (ms)Pass: CommutativeCancellation - 0.20361 (ms)Pass: ContractIdleWiresInControlFlow - 0.00167 (ms)Pass: GatesInBasis - 0.05579 (ms)Pass: Depth - 0.05126 (ms)Pass: Size - 0.00215 (ms)Pass: MinimumPoint - 0.00620 (ms)Pass: ContainsInstruction - 0.00572 (ms)Pass: InstructionDurationCheck - 0.00286 (ms)SQD counts diag: n_bits=8, first_bitstring=[0, 0, 1, 1, 0, 0, 1, 1], hamming_left=2, hamming_right=2
SQD postselect diag: total_samples=256, total_postselected=576, batch_sizes=[36, 36, 36, 36, 36, 36, 36, 36, 36, 36, 36, 36, 36, 36, 36, 36]
SQD batch diag: batch0_shape=(36, 8), first_bitstring=[0, 0, 1, 1, 0, 0, 1, 1], hamming_left=2, hamming_right=2
SQD sci diag: batch=0, norb=4, nelec=(2, 2), amp_norm=1.0000000000000002, trace(rdm1)=4.000000000000001
SQD sci diag: batch=1, norb=4, nelec=(2, 2), amp_norm=1.0000000000000002, trace(rdm1)=4.000000000000001
SQD sci diag: batch=2, norb=4, nelec=(2, 2), amp_norm=1.0000000000000002, trace(rdm1)=4.000000000000001
SQD sci diag: batch=3, norb=4, nelec=(2, 2), amp_norm=1.0000000000000002, trace(rdm1)=4.000000000000001
SQD sci diag: batch=4, norb=4, nelec=(2, 2), amp_norm=1.0000000000000002, trace(rdm1)=4.000000000000001
SQD sci diag: batch=5, norb=4, nelec=(2, 2), amp_norm=1.0000000000000002, trace(rdm1)=4.000000000000001
SQD sci diag: batch=6, norb=4, nelec=(2, 2), amp_norm=1.0000000000000002, trace(rdm1)=4.000000000000001
SQD sci diag: batch=7, norb=4, nelec=(2, 2), amp_norm=1.0000000000000002, trace(rdm1)=4.000000000000001
SQD sci diag: batch=8, norb=4, nelec=(2, 2), amp_norm=1.0000000000000002, trace(rdm1)=4.000000000000001
SQD sci diag: batch=9, norb=4, nelec=(2, 2), amp_norm=1.0000000000000002, trace(rdm1)=4.000000000000001
SQD sci diag: batch=10, norb=4, nelec=(2, 2), amp_norm=1.0000000000000002, trace(rdm1)=4.000000000000001
SQD sci diag: batch=11, norb=4, nelec=(2, 2), amp_norm=1.0000000000000002, trace(rdm1)=4.000000000000001
SQD sci diag: batch=12, norb=4, nelec=(2, 2), amp_norm=1.0000000000000002, trace(rdm1)=4.000000000000001
SQD sci diag: batch=13, norb=4, nelec=(2, 2), amp_norm=1.0000000000000002, trace(rdm1)=4.000000000000001
SQD sci diag: batch=14, norb=4, nelec=(2, 2), amp_norm=1.0000000000000002, trace(rdm1)=4.000000000000001
SQD sci diag: batch=15, norb=4, nelec=(2, 2), amp_norm=1.0000000000000002, trace(rdm1)=4.000000000000001
SQD postselect diag: total_samples=36, total_postselected=576, batch_sizes=[36, 36, 36, 36, 36, 36, 36, 36, 36, 36, 36, 36, 36, 36, 36, 36]
SQD batch diag: batch0_shape=(36, 8), first_bitstring=[0, 0, 1, 1, 0, 0, 1, 1], hamming_left=2, hamming_right=2
SQD sci diag: batch=0, norb=4, nelec=(2, 2), amp_norm=1.0000000000000002, trace(rdm1)=4.000000000000001
SQD sci diag: batch=1, norb=4, nelec=(2, 2), amp_norm=1.0000000000000002, trace(rdm1)=4.000000000000001
SQD sci diag: batch=2, norb=4, nelec=(2, 2), amp_norm=1.0000000000000002, trace(rdm1)=4.000000000000001
SQD sci diag: batch=3, norb=4, nelec=(2, 2), amp_norm=1.0000000000000002, trace(rdm1)=4.000000000000001
SQD sci diag: batch=4, norb=4, nelec=(2, 2), amp_norm=1.0000000000000002, trace(rdm1)=4.000000000000001
SQD sci diag: batch=5, norb=4, nelec=(2, 2), amp_norm=1.0000000000000002, trace(rdm1)=4.000000000000001
SQD sci diag: batch=6, norb=4, nelec=(2, 2), amp_norm=1.0000000000000002, trace(rdm1)=4.000000000000001
SQD sci diag: batch=7, norb=4, nelec=(2, 2), amp_norm=1.0000000000000002, trace(rdm1)=4.000000000000001
SQD sci diag: batch=8, norb=4, nelec=(2, 2), amp_norm=1.0000000000000002, trace(rdm1)=4.000000000000001
SQD sci diag: batch=9, norb=4, nelec=(2, 2), amp_norm=1.0000000000000002, trace(rdm1)=4.000000000000001
SQD sci diag: batch=10, norb=4, nelec=(2, 2), amp_norm=1.0000000000000002, trace(rdm1)=4.000000000000001
SQD sci diag: batch=11, norb=4, nelec=(2, 2), amp_norm=1.0000000000000002, trace(rdm1)=4.000000000000001
SQD sci diag: batch=12, norb=4, nelec=(2, 2), amp_norm=1.0000000000000002, trace(rdm1)=4.000000000000001
SQD sci diag: batch=13, norb=4, nelec=(2, 2), amp_norm=1.0000000000000002, trace(rdm1)=4.000000000000001
SQD sci diag: batch=14, norb=4, nelec=(2, 2), amp_norm=1.0000000000000002, trace(rdm1)=4.000000000000001
SQD sci diag: batch=15, norb=4, nelec=(2, 2), amp_norm=1.0000000000000002, trace(rdm1)=4.000000000000001
		SQD diag: n_active_mos=4, n_active_electrons=4, trace(onerdm)=4.000000000000001
		Fragment Energy = -61.27098086648849
		Number of Electrons in Fragment = 9.286329263920376
	Electron Residual = 0.3422517996081851
[Optimizer] Bracket found: (-0.05, 0.0). Starting Brent search...
	[OptimizerCache] Found mu=-0.050000 in cache. Skipping hardware calls.
	[OptimizerCache] Found mu=0.000000 in cache. Skipping hardware calls.
	[Optimizer] Evaluating mu=-0.004892 with 1 hardware jobs...
 	Iteration =  4
 	Chemical Potential (mu) =     -0.0048923904
 	----------------
 
	SCF Occupancy Eigenvalues for Fragment Number : # 0
	[1.46765044e-16 1.13895066e-16 2.39231414e-17 1.26880299e-17
 2.61221907e-17 1.01857373e-16 5.22803903e-06 1.68973454e-03
 9.50618111e-03 9.50619376e-03 1.00000000e+00 1.99049381e+00
 1.99049382e+00 1.99831027e+00 1.99999477e+00]

	SCF Occupancy Eigenvalues for Fragment Number : # 1
	[1.42621547e-16 4.26417090e-17 5.43612811e-18 3.13823275e-17
 1.23898432e-16 3.14039511e-16 5.22803903e-06 1.68973454e-03
 9.50618111e-03 9.50619376e-03 1.00000000e+00 1.99049381e+00
 1.99049382e+00 1.99831027e+00 1.99999477e+00]

		Fragment Number : #  1
		------------------------
		CCSD diag: n_active_mos=24, n_active_electrons=18, trace(onerdm)=18.0
		Fragment Energy = -60.86390370824769
		Number of Electrons in Fragment = 9.00104833235689
Fragment: n_homo=8, n_lumo=9, kept=[7, 8, 9, 10]
		Fragment Number : #  2
		------------------------
LUCJ CCSD init diag: norb=4, n_reps=1, t1_shape=(2, 2), t2_shape=(2, 2, 2, 2), t1_norm=2.919940e-08, t2_norm=2.224524e-02
[AccountManager] SQD call 4: using account 1 (4/10)
Pass: Decompose - 0.78058 (ms)Pass: MergeOrbitalRotations - 0.39196 (ms)Pass: UnitarySynthesis - 0.00954 (ms)Pass: HighLevelSynthesis - 1.41239 (ms)Pass: BasisTranslator - 0.10133 (ms)Pass: ElidePermutations - 0.00882 (ms)Pass: RemoveDiagonalGatesBeforeMeasure - 0.01121 (ms)Pass: RemoveIdentityEquivalent - 0.01526 (ms)Pass: InverseCancellation - 0.01955 (ms)Pass: ContractIdleWiresInControlFlow - 0.00238 (ms)Pass: CommutativeCancellation - 0.04363 (ms)Pass: ConsolidateBlocks - 0.22459 (ms)Pass: Split2QUnitaries - 0.00453 (ms)Pass: SetLayout - 0.02265 (ms)Pass: FullAncillaAllocation - 0.21625 (ms)Pass: EnlargeWithAncilla - 0.09203 (ms)Pass: ApplyLayout - 0.42462 (ms)Pass: CheckMap - 0.10204 (ms)Pass: BarrierBeforeFinalMeasurements - 2.45595 (ms)Pass: SabreSwap - 4.80127 (ms)Pass: FilterOpNodes - 0.32973 (ms)Pass: UnitarySynthesis - 0.01764 (ms)Pass: HighLevelSynthesis - 0.03672 (ms)Pass: BasisTranslator - 4.12107 (ms)Pass: Depth - 0.26679 (ms)Pass: Size - 0.00858 (ms)Pass: MinimumPoint - 0.04220 (ms)Pass: ConsolidateBlocks - 0.89836 (ms)Pass: UnitarySynthesis - 2.20323 (ms)Pass: RemoveIdentityEquivalent - 0.03791 (ms)Pass: Optimize1qGatesDecomposition - 0.29969 (ms)Pass: CommutativeCancellation - 0.36883 (ms)Pass: ContractIdleWiresInControlFlow - 0.00334 (ms)Pass: GatesInBasis - 0.09084 (ms)Pass: Depth - 0.07796 (ms)Pass: Size - 0.00405 (ms)Pass: MinimumPoint - 0.09799 (ms)Pass: ConsolidateBlocks - 0.71502 (ms)Pass: UnitarySynthesis - 0.85592 (ms)Pass: RemoveIdentityEquivalent - 0.03338 (ms)Pass: Optimize1qGatesDecomposition - 0.23508 (ms)Pass: CommutativeCancellation - 0.33402 (ms)Pass: ContractIdleWiresInControlFlow - 0.00310 (ms)Pass: GatesInBasis - 0.08845 (ms)Pass: Depth - 0.07820 (ms)Pass: Size - 0.00358 (ms)Pass: MinimumPoint - 0.12016 (ms)Pass: ConsolidateBlocks - 0.52428 (ms)Pass: UnitarySynthesis - 0.68617 (ms)Pass: RemoveIdentityEquivalent - 0.02623 (ms)Pass: Optimize1qGatesDecomposition - 0.22936 (ms)Pass: CommutativeCancellation - 0.31447 (ms)Pass: ContractIdleWiresInControlFlow - 0.00286 (ms)Pass: GatesInBasis - 0.07677 (ms)Pass: Depth - 0.04077 (ms)Pass: Size - 0.00191 (ms)Pass: MinimumPoint - 0.01049 (ms)Pass: ContainsInstruction - 0.00596 (ms)Pass: InstructionDurationCheck - 0.00358 (ms)SQD counts diag: n_bits=8, first_bitstring=[0, 0, 1, 1, 0, 0, 1, 1], hamming_left=2, hamming_right=2
SQD postselect diag: total_samples=255, total_postselected=576, batch_sizes=[36, 36, 36, 36, 36, 36, 36, 36, 36, 36, 36, 36, 36, 36, 36, 36]
SQD batch diag: batch0_shape=(36, 8), first_bitstring=[0, 0, 1, 1, 0, 0, 1, 1], hamming_left=2, hamming_right=2
SQD sci diag: batch=0, norb=4, nelec=(2, 2), amp_norm=1.0000000000000002, trace(rdm1)=4.000000000000001
SQD sci diag: batch=1, norb=4, nelec=(2, 2), amp_norm=1.0000000000000002, trace(rdm1)=4.000000000000001
SQD sci diag: batch=2, norb=4, nelec=(2, 2), amp_norm=1.0000000000000002, trace(rdm1)=4.000000000000001
SQD sci diag: batch=3, norb=4, nelec=(2, 2), amp_norm=1.0000000000000002, trace(rdm1)=4.000000000000001
SQD sci diag: batch=4, norb=4, nelec=(2, 2), amp_norm=1.0000000000000002, trace(rdm1)=4.000000000000001
SQD sci diag: batch=5, norb=4, nelec=(2, 2), amp_norm=1.0000000000000002, trace(rdm1)=4.000000000000001
SQD sci diag: batch=6, norb=4, nelec=(2, 2), amp_norm=1.0000000000000002, trace(rdm1)=4.000000000000001
SQD sci diag: batch=7, norb=4, nelec=(2, 2), amp_norm=1.0000000000000002, trace(rdm1)=4.000000000000001
SQD sci diag: batch=8, norb=4, nelec=(2, 2), amp_norm=1.0000000000000002, trace(rdm1)=4.000000000000001
SQD sci diag: batch=9, norb=4, nelec=(2, 2), amp_norm=1.0000000000000002, trace(rdm1)=4.000000000000001
SQD sci diag: batch=10, norb=4, nelec=(2, 2), amp_norm=1.0000000000000002, trace(rdm1)=4.000000000000001
SQD sci diag: batch=11, norb=4, nelec=(2, 2), amp_norm=1.0000000000000002, trace(rdm1)=4.000000000000001
SQD sci diag: batch=12, norb=4, nelec=(2, 2), amp_norm=1.0000000000000002, trace(rdm1)=4.000000000000001
SQD sci diag: batch=13, norb=4, nelec=(2, 2), amp_norm=1.0000000000000002, trace(rdm1)=4.000000000000001
SQD sci diag: batch=14, norb=4, nelec=(2, 2), amp_norm=1.0000000000000002, trace(rdm1)=4.000000000000001
SQD sci diag: batch=15, norb=4, nelec=(2, 2), amp_norm=1.0000000000000002, trace(rdm1)=4.000000000000001
SQD postselect diag: total_samples=36, total_postselected=576, batch_sizes=[36, 36, 36, 36, 36, 36, 36, 36, 36, 36, 36, 36, 36, 36, 36, 36]
SQD batch diag: batch0_shape=(36, 8), first_bitstring=[0, 0, 1, 1, 0, 0, 1, 1], hamming_left=2, hamming_right=2
SQD sci diag: batch=0, norb=4, nelec=(2, 2), amp_norm=1.0000000000000002, trace(rdm1)=4.000000000000001
SQD sci diag: batch=1, norb=4, nelec=(2, 2), amp_norm=1.0000000000000002, trace(rdm1)=4.000000000000001
SQD sci diag: batch=2, norb=4, nelec=(2, 2), amp_norm=1.0000000000000002, trace(rdm1)=4.000000000000001
SQD sci diag: batch=3, norb=4, nelec=(2, 2), amp_norm=1.0000000000000002, trace(rdm1)=4.000000000000001
SQD sci diag: batch=4, norb=4, nelec=(2, 2), amp_norm=1.0000000000000002, trace(rdm1)=4.000000000000001
SQD sci diag: batch=5, norb=4, nelec=(2, 2), amp_norm=1.0000000000000002, trace(rdm1)=4.000000000000001
SQD sci diag: batch=6, norb=4, nelec=(2, 2), amp_norm=1.0000000000000002, trace(rdm1)=4.000000000000001
SQD sci diag: batch=7, norb=4, nelec=(2, 2), amp_norm=1.0000000000000002, trace(rdm1)=4.000000000000001
SQD sci diag: batch=8, norb=4, nelec=(2, 2), amp_norm=1.0000000000000002, trace(rdm1)=4.000000000000001
SQD sci diag: batch=9, norb=4, nelec=(2, 2), amp_norm=1.0000000000000002, trace(rdm1)=4.000000000000001
SQD sci diag: batch=10, norb=4, nelec=(2, 2), amp_norm=1.0000000000000002, trace(rdm1)=4.000000000000001
SQD sci diag: batch=11, norb=4, nelec=(2, 2), amp_norm=1.0000000000000002, trace(rdm1)=4.000000000000001
SQD sci diag: batch=12, norb=4, nelec=(2, 2), amp_norm=1.0000000000000002, trace(rdm1)=4.000000000000001
SQD sci diag: batch=13, norb=4, nelec=(2, 2), amp_norm=1.0000000000000002, trace(rdm1)=4.000000000000001
SQD sci diag: batch=14, norb=4, nelec=(2, 2), amp_norm=1.0000000000000002, trace(rdm1)=4.000000000000001
SQD sci diag: batch=15, norb=4, nelec=(2, 2), amp_norm=1.0000000000000002, trace(rdm1)=4.000000000000001
		SQD diag: n_active_mos=4, n_active_electrons=4, trace(onerdm)=4.000000000000001
		Fragment Energy = -60.437167894889164
		Number of Electrons in Fragment = 8.907842899485972
	Electron Residual = -0.09110876815713809
	[Optimizer] Evaluating mu=-0.001491 with 1 hardware jobs...
 	Iteration =  5
 	Chemical Potential (mu) =     -0.0014905930
 	----------------
 
	SCF Occupancy Eigenvalues for Fragment Number : # 0
	[1.46765044e-16 1.13895066e-16 2.39231414e-17 1.26880299e-17
 2.61221907e-17 1.01857373e-16 5.22803903e-06 1.68973454e-03
 9.50618111e-03 9.50619376e-03 1.00000000e+00 1.99049381e+00
 1.99049382e+00 1.99831027e+00 1.99999477e+00]

	SCF Occupancy Eigenvalues for Fragment Number : # 1
	[1.42621547e-16 4.26417090e-17 5.43612811e-18 3.13823275e-17
 1.23898432e-16 3.14039511e-16 5.22803903e-06 1.68973454e-03
 9.50618111e-03 9.50619376e-03 1.00000000e+00 1.99049381e+00
 1.99049382e+00 1.99831027e+00 1.99999477e+00]

		Fragment Number : #  1
		------------------------
		CCSD diag: n_active_mos=24, n_active_electrons=18, trace(onerdm)=18.0
		Fragment Energy = -60.873359540907046
		Number of Electrons in Fragment = 9.004445291562963
Fragment: n_homo=8, n_lumo=9, kept=[7, 8, 9, 10]
		Fragment Number : #  2
		------------------------
LUCJ CCSD init diag: norb=4, n_reps=1, t1_shape=(2, 2), t2_shape=(2, 2, 2, 2), t1_norm=3.087772e-07, t2_norm=2.227224e-02
[AccountManager] SQD call 5: using account 1 (5/10)
Pass: Decompose - 0.72050 (ms)Pass: MergeOrbitalRotations - 0.38600 (ms)Pass: UnitarySynthesis - 0.00763 (ms)Pass: HighLevelSynthesis - 1.34230 (ms)Pass: BasisTranslator - 0.09918 (ms)Pass: ElidePermutations - 0.00644 (ms)Pass: RemoveDiagonalGatesBeforeMeasure - 0.00715 (ms)Pass: RemoveIdentityEquivalent - 0.01311 (ms)Pass: InverseCancellation - 0.01407 (ms)Pass: ContractIdleWiresInControlFlow - 0.00215 (ms)Pass: CommutativeCancellation - 0.04220 (ms)Pass: ConsolidateBlocks - 0.18954 (ms)Pass: Split2QUnitaries - 0.00262 (ms)Pass: SetLayout - 0.03386 (ms)Pass: FullAncillaAllocation - 0.21267 (ms)Pass: EnlargeWithAncilla - 0.08821 (ms)Pass: ApplyLayout - 0.43559 (ms)Pass: CheckMap - 0.10443 (ms)Pass: BarrierBeforeFinalMeasurements - 2.77662 (ms)Pass: SabreSwap - 2.79450 (ms)Pass: FilterOpNodes - 0.11206 (ms)Pass: UnitarySynthesis - 0.00644 (ms)Pass: HighLevelSynthesis - 0.01860 (ms)Pass: BasisTranslator - 1.93429 (ms)Pass: Depth - 0.08893 (ms)Pass: Size - 0.00286 (ms)Pass: MinimumPoint - 0.00834 (ms)Pass: ConsolidateBlocks - 0.52667 (ms)Pass: UnitarySynthesis - 1.31440 (ms)Pass: RemoveIdentityEquivalent - 0.02193 (ms)Pass: Optimize1qGatesDecomposition - 0.18096 (ms)Pass: CommutativeCancellation - 0.20909 (ms)Pass: ContractIdleWiresInControlFlow - 0.00215 (ms)Pass: GatesInBasis - 0.06342 (ms)Pass: Depth - 0.06604 (ms)Pass: Size - 0.00238 (ms)Pass: MinimumPoint - 0.06104 (ms)Pass: ConsolidateBlocks - 0.32258 (ms)Pass: UnitarySynthesis - 0.47255 (ms)Pass: RemoveIdentityEquivalent - 0.01931 (ms)Pass: Optimize1qGatesDecomposition - 0.14257 (ms)Pass: CommutativeCancellation - 0.18191 (ms)Pass: ContractIdleWiresInControlFlow - 0.00167 (ms)Pass: GatesInBasis - 0.06223 (ms)Pass: Depth - 0.04745 (ms)Pass: Size - 0.00215 (ms)Pass: MinimumPoint - 0.07010 (ms)Pass: ConsolidateBlocks - 0.32282 (ms)Pass: UnitarySynthesis - 0.44966 (ms)Pass: RemoveIdentityEquivalent - 0.01812 (ms)Pass: Optimize1qGatesDecomposition - 0.14567 (ms)Pass: CommutativeCancellation - 0.18382 (ms)Pass: ContractIdleWiresInControlFlow - 0.00191 (ms)Pass: GatesInBasis - 0.04649 (ms)Pass: Depth - 0.04983 (ms)Pass: Size - 0.00191 (ms)Pass: MinimumPoint - 0.00429 (ms)Pass: ContainsInstruction - 0.00572 (ms)Pass: InstructionDurationCheck - 0.00334 (ms)SQD counts diag: n_bits=8, first_bitstring=[0, 0, 1, 1, 0, 0, 1, 1], hamming_left=2, hamming_right=2
SQD postselect diag: total_samples=256, total_postselected=576, batch_sizes=[36, 36, 36, 36, 36, 36, 36, 36, 36, 36, 36, 36, 36, 36, 36, 36]
SQD batch diag: batch0_shape=(36, 8), first_bitstring=[0, 0, 1, 1, 0, 0, 1, 1], hamming_left=2, hamming_right=2
SQD sci diag: batch=0, norb=4, nelec=(2, 2), amp_norm=1.0000000000000002, trace(rdm1)=4.000000000000001
SQD sci diag: batch=1, norb=4, nelec=(2, 2), amp_norm=1.0000000000000002, trace(rdm1)=4.000000000000001
SQD sci diag: batch=2, norb=4, nelec=(2, 2), amp_norm=1.0000000000000002, trace(rdm1)=4.000000000000001
SQD sci diag: batch=3, norb=4, nelec=(2, 2), amp_norm=1.0000000000000002, trace(rdm1)=4.000000000000001
SQD sci diag: batch=4, norb=4, nelec=(2, 2), amp_norm=1.0000000000000002, trace(rdm1)=4.000000000000001
SQD sci diag: batch=5, norb=4, nelec=(2, 2), amp_norm=1.0000000000000002, trace(rdm1)=4.000000000000001
SQD sci diag: batch=6, norb=4, nelec=(2, 2), amp_norm=1.0000000000000002, trace(rdm1)=4.000000000000001
SQD sci diag: batch=7, norb=4, nelec=(2, 2), amp_norm=1.0000000000000002, trace(rdm1)=4.000000000000001
SQD sci diag: batch=8, norb=4, nelec=(2, 2), amp_norm=1.0000000000000002, trace(rdm1)=4.000000000000001
SQD sci diag: batch=9, norb=4, nelec=(2, 2), amp_norm=1.0000000000000002, trace(rdm1)=4.000000000000001
SQD sci diag: batch=10, norb=4, nelec=(2, 2), amp_norm=1.0000000000000002, trace(rdm1)=4.000000000000001
SQD sci diag: batch=11, norb=4, nelec=(2, 2), amp_norm=1.0000000000000002, trace(rdm1)=4.000000000000001
SQD sci diag: batch=12, norb=4, nelec=(2, 2), amp_norm=1.0000000000000002, trace(rdm1)=4.000000000000001
SQD sci diag: batch=13, norb=4, nelec=(2, 2), amp_norm=1.0000000000000002, trace(rdm1)=4.000000000000001
SQD sci diag: batch=14, norb=4, nelec=(2, 2), amp_norm=1.0000000000000002, trace(rdm1)=4.000000000000001
SQD sci diag: batch=15, norb=4, nelec=(2, 2), amp_norm=1.0000000000000002, trace(rdm1)=4.000000000000001
SQD postselect diag: total_samples=36, total_postselected=576, batch_sizes=[36, 36, 36, 36, 36, 36, 36, 36, 36, 36, 36, 36, 36, 36, 36, 36]
SQD batch diag: batch0_shape=(36, 8), first_bitstring=[0, 0, 1, 1, 0, 0, 1, 1], hamming_left=2, hamming_right=2
SQD sci diag: batch=0, norb=4, nelec=(2, 2), amp_norm=1.0000000000000002, trace(rdm1)=4.000000000000001
SQD sci diag: batch=1, norb=4, nelec=(2, 2), amp_norm=1.0000000000000002, trace(rdm1)=4.000000000000001
SQD sci diag: batch=2, norb=4, nelec=(2, 2), amp_norm=1.0000000000000002, trace(rdm1)=4.000000000000001
SQD sci diag: batch=3, norb=4, nelec=(2, 2), amp_norm=1.0000000000000002, trace(rdm1)=4.000000000000001
SQD sci diag: batch=4, norb=4, nelec=(2, 2), amp_norm=1.0000000000000002, trace(rdm1)=4.000000000000001
SQD sci diag: batch=5, norb=4, nelec=(2, 2), amp_norm=1.0000000000000002, trace(rdm1)=4.000000000000001
SQD sci diag: batch=6, norb=4, nelec=(2, 2), amp_norm=1.0000000000000002, trace(rdm1)=4.000000000000001
SQD sci diag: batch=7, norb=4, nelec=(2, 2), amp_norm=1.0000000000000002, trace(rdm1)=4.000000000000001
SQD sci diag: batch=8, norb=4, nelec=(2, 2), amp_norm=1.0000000000000002, trace(rdm1)=4.000000000000001
SQD sci diag: batch=9, norb=4, nelec=(2, 2), amp_norm=1.0000000000000002, trace(rdm1)=4.000000000000001
SQD sci diag: batch=10, norb=4, nelec=(2, 2), amp_norm=1.0000000000000002, trace(rdm1)=4.000000000000001
SQD sci diag: batch=11, norb=4, nelec=(2, 2), amp_norm=1.0000000000000002, trace(rdm1)=4.000000000000001
SQD sci diag: batch=12, norb=4, nelec=(2, 2), amp_norm=1.0000000000000002, trace(rdm1)=4.000000000000001
SQD sci diag: batch=13, norb=4, nelec=(2, 2), amp_norm=1.0000000000000002, trace(rdm1)=4.000000000000001
SQD sci diag: batch=14, norb=4, nelec=(2, 2), amp_norm=1.0000000000000002, trace(rdm1)=4.000000000000001
SQD sci diag: batch=15, norb=4, nelec=(2, 2), amp_norm=1.0000000000000002, trace(rdm1)=4.000000000000001
		SQD diag: n_active_mos=4, n_active_electrons=4, trace(onerdm)=4.000000000000001
		Fragment Energy = -60.479976968772874
		Number of Electrons in Fragment = 8.927296247440687
	Electron Residual = -0.06825846099635058
	[Optimizer] Evaluating mu=-0.000550 with 1 hardware jobs...
 	Iteration =  6
 	Chemical Potential (mu) =     -0.0005500746
 	----------------
 
	SCF Occupancy Eigenvalues for Fragment Number : # 0
	[1.46765044e-16 1.13895066e-16 2.39231414e-17 1.26880299e-17
 2.61221907e-17 1.01857373e-16 5.22803903e-06 1.68973454e-03
 9.50618111e-03 9.50619376e-03 1.00000000e+00 1.99049381e+00
 1.99049382e+00 1.99831027e+00 1.99999477e+00]

	SCF Occupancy Eigenvalues for Fragment Number : # 1
	[1.42621547e-16 4.26417090e-17 5.43612811e-18 3.13823275e-17
 1.23898432e-16 3.14039511e-16 5.22803903e-06 1.68973454e-03
 9.50618111e-03 9.50619376e-03 1.00000000e+00 1.99049381e+00
 1.99049382e+00 1.99831027e+00 1.99999477e+00]

		Fragment Number : #  1
		------------------------
		CCSD diag: n_active_mos=24, n_active_electrons=18, trace(onerdm)=18.0
		Fragment Energy = -60.87597301482121
		Number of Electrons in Fragment = 9.005384569556886
Fragment: n_homo=8, n_lumo=9, kept=[7, 8, 9, 10]
		Fragment Number : #  2
		------------------------
LUCJ CCSD init diag: norb=4, n_reps=1, t1_shape=(2, 2), t2_shape=(2, 2, 2, 2), t1_norm=1.464060e-03, t2_norm=3.115437e-02
[AccountManager] SQD call 6: using account 1 (6/10)
Pass: Decompose - 0.82636 (ms)Pass: MergeOrbitalRotations - 0.40078 (ms)Pass: UnitarySynthesis - 0.01144 (ms)Pass: HighLevelSynthesis - 1.42384 (ms)Pass: BasisTranslator - 0.10467 (ms)Pass: ElidePermutations - 0.01025 (ms)Pass: RemoveDiagonalGatesBeforeMeasure - 0.01240 (ms)Pass: RemoveIdentityEquivalent - 0.01001 (ms)Pass: InverseCancellation - 0.02027 (ms)Pass: ContractIdleWiresInControlFlow - 0.00191 (ms)Pass: CommutativeCancellation - 0.05412 (ms)Pass: ConsolidateBlocks - 0.25868 (ms)Pass: Split2QUnitaries - 0.00548 (ms)Pass: SetLayout - 0.02432 (ms)Pass: FullAncillaAllocation - 0.21338 (ms)Pass: EnlargeWithAncilla - 0.08869 (ms)Pass: ApplyLayout - 0.42939 (ms)Pass: CheckMap - 0.10705 (ms)Pass: BarrierBeforeFinalMeasurements - 1.75285 (ms)Pass: SabreSwap - 2.14267 (ms)Pass: FilterOpNodes - 0.11659 (ms)Pass: UnitarySynthesis - 0.00668 (ms)Pass: HighLevelSynthesis - 0.01860 (ms)Pass: BasisTranslator - 1.90783 (ms)Pass: Depth - 0.08249 (ms)Pass: Size - 0.00334 (ms)Pass: MinimumPoint - 0.01597 (ms)Pass: ConsolidateBlocks - 0.65064 (ms)Pass: UnitarySynthesis - 1.49727 (ms)Pass: RemoveIdentityEquivalent - 0.02837 (ms)Pass: Optimize1qGatesDecomposition - 0.21124 (ms)Pass: CommutativeCancellation - 0.25153 (ms)Pass: ContractIdleWiresInControlFlow - 0.00191 (ms)Pass: GatesInBasis - 0.06485 (ms)Pass: Depth - 0.05460 (ms)Pass: Size - 0.00215 (ms)Pass: MinimumPoint - 0.06485 (ms)Pass: ConsolidateBlocks - 0.49424 (ms)Pass: UnitarySynthesis - 0.67329 (ms)Pass: RemoveIdentityEquivalent - 0.02360 (ms)Pass: Optimize1qGatesDecomposition - 0.16737 (ms)Pass: CommutativeCancellation - 0.22340 (ms)Pass: ContractIdleWiresInControlFlow - 0.00191 (ms)Pass: GatesInBasis - 0.06294 (ms)Pass: Depth - 0.04792 (ms)Pass: Size - 0.00215 (ms)Pass: MinimumPoint - 0.00405 (ms)Pass: ConsolidateBlocks - 0.37575 (ms)Pass: UnitarySynthesis - 0.46802 (ms)Pass: RemoveIdentityEquivalent - 0.02313 (ms)Pass: Optimize1qGatesDecomposition - 0.15926 (ms)Pass: CommutativeCancellation - 0.21362 (ms)Pass: ContractIdleWiresInControlFlow - 0.00215 (ms)Pass: GatesInBasis - 0.06104 (ms)Pass: Depth - 0.04768 (ms)Pass: Size - 0.00215 (ms)Pass: MinimumPoint - 0.00381 (ms)Pass: ConsolidateBlocks - 0.37408 (ms)Pass: UnitarySynthesis - 0.45562 (ms)Pass: RemoveIdentityEquivalent - 0.02217 (ms)Pass: Optimize1qGatesDecomposition - 0.15855 (ms)Pass: CommutativeCancellation - 0.24152 (ms)Pass: ContractIdleWiresInControlFlow - 0.00191 (ms)Pass: GatesInBasis - 0.06294 (ms)Pass: Depth - 0.04911 (ms)Pass: Size - 0.00215 (ms)Pass: MinimumPoint - 0.00381 (ms)Pass: ConsolidateBlocks - 0.38528 (ms)Pass: UnitarySynthesis - 0.50187 (ms)Pass: RemoveIdentityEquivalent - 0.02241 (ms)Pass: Optimize1qGatesDecomposition - 0.16332 (ms)Pass: CommutativeCancellation - 0.20981 (ms)Pass: ContractIdleWiresInControlFlow - 0.00215 (ms)Pass: GatesInBasis - 0.05746 (ms)Pass: Depth - 0.05054 (ms)Pass: Size - 0.00191 (ms)Pass: MinimumPoint - 0.00644 (ms)Pass: ContainsInstruction - 0.00620 (ms)Pass: InstructionDurationCheck - 0.00286 (ms)SQD counts diag: n_bits=8, first_bitstring=[0, 0, 1, 1, 0, 0, 1, 1], hamming_left=2, hamming_right=2
SQD postselect diag: total_samples=256, total_postselected=576, batch_sizes=[36, 36, 36, 36, 36, 36, 36, 36, 36, 36, 36, 36, 36, 36, 36, 36]
SQD batch diag: batch0_shape=(36, 8), first_bitstring=[0, 0, 1, 1, 0, 0, 1, 1], hamming_left=2, hamming_right=2
SQD sci diag: batch=0, norb=4, nelec=(2, 2), amp_norm=1.0000000000000002, trace(rdm1)=4.000000000000001
SQD sci diag: batch=1, norb=4, nelec=(2, 2), amp_norm=1.0000000000000002, trace(rdm1)=4.000000000000001
SQD sci diag: batch=2, norb=4, nelec=(2, 2), amp_norm=1.0000000000000002, trace(rdm1)=4.000000000000001
SQD sci diag: batch=3, norb=4, nelec=(2, 2), amp_norm=1.0000000000000002, trace(rdm1)=4.000000000000001
SQD sci diag: batch=4, norb=4, nelec=(2, 2), amp_norm=1.0000000000000002, trace(rdm1)=4.000000000000001
SQD sci diag: batch=5, norb=4, nelec=(2, 2), amp_norm=1.0000000000000002, trace(rdm1)=4.000000000000001
SQD sci diag: batch=6, norb=4, nelec=(2, 2), amp_norm=1.0000000000000002, trace(rdm1)=4.000000000000001
SQD sci diag: batch=7, norb=4, nelec=(2, 2), amp_norm=1.0000000000000002, trace(rdm1)=4.000000000000001
SQD sci diag: batch=8, norb=4, nelec=(2, 2), amp_norm=1.0000000000000002, trace(rdm1)=4.000000000000001
SQD sci diag: batch=9, norb=4, nelec=(2, 2), amp_norm=1.0000000000000002, trace(rdm1)=4.000000000000001
SQD sci diag: batch=10, norb=4, nelec=(2, 2), amp_norm=1.0000000000000002, trace(rdm1)=4.000000000000001
SQD sci diag: batch=11, norb=4, nelec=(2, 2), amp_norm=1.0000000000000002, trace(rdm1)=4.000000000000001
SQD sci diag: batch=12, norb=4, nelec=(2, 2), amp_norm=1.0000000000000002, trace(rdm1)=4.000000000000001
SQD sci diag: batch=13, norb=4, nelec=(2, 2), amp_norm=1.0000000000000002, trace(rdm1)=4.000000000000001
SQD sci diag: batch=14, norb=4, nelec=(2, 2), amp_norm=1.0000000000000002, trace(rdm1)=4.000000000000001
SQD sci diag: batch=15, norb=4, nelec=(2, 2), amp_norm=1.0000000000000002, trace(rdm1)=4.000000000000001
SQD postselect diag: total_samples=36, total_postselected=576, batch_sizes=[36, 36, 36, 36, 36, 36, 36, 36, 36, 36, 36, 36, 36, 36, 36, 36]
SQD batch diag: batch0_shape=(36, 8), first_bitstring=[0, 0, 1, 1, 0, 0, 1, 1], hamming_left=2, hamming_right=2
SQD sci diag: batch=0, norb=4, nelec=(2, 2), amp_norm=1.0000000000000002, trace(rdm1)=4.000000000000001
SQD sci diag: batch=1, norb=4, nelec=(2, 2), amp_norm=1.0000000000000002, trace(rdm1)=4.000000000000001
SQD sci diag: batch=2, norb=4, nelec=(2, 2), amp_norm=1.0000000000000002, trace(rdm1)=4.000000000000001
SQD sci diag: batch=3, norb=4, nelec=(2, 2), amp_norm=1.0000000000000002, trace(rdm1)=4.000000000000001
SQD sci diag: batch=4, norb=4, nelec=(2, 2), amp_norm=1.0000000000000002, trace(rdm1)=4.000000000000001
SQD sci diag: batch=5, norb=4, nelec=(2, 2), amp_norm=1.0000000000000002, trace(rdm1)=4.000000000000001
SQD sci diag: batch=6, norb=4, nelec=(2, 2), amp_norm=1.0000000000000002, trace(rdm1)=4.000000000000001
SQD sci diag: batch=7, norb=4, nelec=(2, 2), amp_norm=1.0000000000000002, trace(rdm1)=4.000000000000001
SQD sci diag: batch=8, norb=4, nelec=(2, 2), amp_norm=1.0000000000000002, trace(rdm1)=4.000000000000001
SQD sci diag: batch=9, norb=4, nelec=(2, 2), amp_norm=1.0000000000000002, trace(rdm1)=4.000000000000001
SQD sci diag: batch=10, norb=4, nelec=(2, 2), amp_norm=1.0000000000000002, trace(rdm1)=4.000000000000001
SQD sci diag: batch=11, norb=4, nelec=(2, 2), amp_norm=1.0000000000000002, trace(rdm1)=4.000000000000001
SQD sci diag: batch=12, norb=4, nelec=(2, 2), amp_norm=1.0000000000000002, trace(rdm1)=4.000000000000001
SQD sci diag: batch=13, norb=4, nelec=(2, 2), amp_norm=1.0000000000000002, trace(rdm1)=4.000000000000001
SQD sci diag: batch=14, norb=4, nelec=(2, 2), amp_norm=1.0000000000000002, trace(rdm1)=4.000000000000001
SQD sci diag: batch=15, norb=4, nelec=(2, 2), amp_norm=1.0000000000000002, trace(rdm1)=4.000000000000001
		SQD diag: n_active_mos=4, n_active_electrons=4, trace(onerdm)=4.000000000000001
		Fragment Energy = -60.71335889563552
		Number of Electrons in Fragment = 9.030833028547592
	Electron Residual = 0.036217598104478554
	[Optimizer] Evaluating mu=-0.001020 with 1 hardware jobs...
 	Iteration =  7
 	Chemical Potential (mu) =     -0.0010203338
 	----------------
 
	SCF Occupancy Eigenvalues for Fragment Number : # 0
	[1.46765044e-16 1.13895066e-16 2.39231414e-17 1.26880299e-17
 2.61221907e-17 1.01857373e-16 5.22803903e-06 1.68973454e-03
 9.50618111e-03 9.50619376e-03 1.00000000e+00 1.99049381e+00
 1.99049382e+00 1.99831027e+00 1.99999477e+00]

	SCF Occupancy Eigenvalues for Fragment Number : # 1
	[1.42621547e-16 4.26417090e-17 5.43612811e-18 3.13823275e-17
 1.23898432e-16 3.14039511e-16 5.22803903e-06 1.68973454e-03
 9.50618111e-03 9.50619376e-03 1.00000000e+00 1.99049381e+00
 1.99049382e+00 1.99831027e+00 1.99999477e+00]

		Fragment Number : #  1
		------------------------
		CCSD diag: n_active_mos=24, n_active_electrons=18, trace(onerdm)=18.0
		Fragment Energy = -60.8746663229091
		Number of Electrons in Fragment = 9.004914925790839
Fragment: n_homo=8, n_lumo=9, kept=[7, 8, 9, 10]
		Fragment Number : #  2
		------------------------
LUCJ CCSD init diag: norb=4, n_reps=1, t1_shape=(2, 2), t2_shape=(2, 2, 2, 2), t1_norm=1.467542e-03, t2_norm=3.122278e-02
[AccountManager] SQD call 7: using account 1 (7/10)
Pass: Decompose - 1.18136 (ms)Pass: MergeOrbitalRotations - 0.41080 (ms)Pass: UnitarySynthesis - 0.01216 (ms)Pass: HighLevelSynthesis - 1.54114 (ms)Pass: BasisTranslator - 0.10419 (ms)Pass: ElidePermutations - 0.01073 (ms)Pass: RemoveDiagonalGatesBeforeMeasure - 0.01287 (ms)Pass: RemoveIdentityEquivalent - 0.01073 (ms)Pass: InverseCancellation - 0.02193 (ms)Pass: ContractIdleWiresInControlFlow - 0.00167 (ms)Pass: CommutativeCancellation - 0.05221 (ms)Pass: ConsolidateBlocks - 0.25487 (ms)Pass: Split2QUnitaries - 0.00525 (ms)Pass: SetLayout - 0.02670 (ms)Pass: FullAncillaAllocation - 0.22984 (ms)Pass: EnlargeWithAncilla - 0.09060 (ms)Pass: ApplyLayout - 0.42915 (ms)Pass: CheckMap - 0.10300 (ms)Pass: BarrierBeforeFinalMeasurements - 1.73140 (ms)Pass: SabreSwap - 2.94185 (ms)Pass: FilterOpNodes - 0.34595 (ms)Pass: UnitarySynthesis - 0.01740 (ms)Pass: HighLevelSynthesis - 0.05031 (ms)Pass: BasisTranslator - 5.80168 (ms)Pass: Depth - 0.28396 (ms)Pass: Size - 0.00954 (ms)Pass: MinimumPoint - 0.05102 (ms)Pass: ConsolidateBlocks - 1.94120 (ms)Pass: UnitarySynthesis - 1.72019 (ms)Pass: RemoveIdentityEquivalent - 0.03004 (ms)Pass: Optimize1qGatesDecomposition - 0.24676 (ms)Pass: CommutativeCancellation - 0.29778 (ms)Pass: ContractIdleWiresInControlFlow - 0.00310 (ms)Pass: GatesInBasis - 0.07820 (ms)Pass: Depth - 0.05889 (ms)Pass: Size - 0.00286 (ms)Pass: MinimumPoint - 0.07772 (ms)Pass: ConsolidateBlocks - 0.55814 (ms)Pass: UnitarySynthesis - 0.70095 (ms)Pass: RemoveIdentityEquivalent - 0.02456 (ms)Pass: Optimize1qGatesDecomposition - 0.19503 (ms)Pass: CommutativeCancellation - 0.26131 (ms)Pass: ContractIdleWiresInControlFlow - 0.00238 (ms)Pass: GatesInBasis - 0.06485 (ms)Pass: Depth - 0.06056 (ms)Pass: Size - 0.00262 (ms)Pass: MinimumPoint - 0.00453 (ms)Pass: ConsolidateBlocks - 0.43678 (ms)Pass: UnitarySynthesis - 0.64874 (ms)Pass: RemoveIdentityEquivalent - 0.02551 (ms)Pass: Optimize1qGatesDecomposition - 0.19598 (ms)Pass: CommutativeCancellation - 0.26083 (ms)Pass: ContractIdleWiresInControlFlow - 0.00238 (ms)Pass: GatesInBasis - 0.06962 (ms)Pass: Depth - 0.05722 (ms)Pass: Size - 0.00286 (ms)Pass: MinimumPoint - 0.00453 (ms)Pass: ConsolidateBlocks - 0.43201 (ms)Pass: UnitarySynthesis - 0.51498 (ms)Pass: RemoveIdentityEquivalent - 0.02432 (ms)Pass: Optimize1qGatesDecomposition - 0.18549 (ms)Pass: CommutativeCancellation - 0.25463 (ms)Pass: ContractIdleWiresInControlFlow - 0.00215 (ms)Pass: GatesInBasis - 0.06485 (ms)Pass: Depth - 0.05984 (ms)Pass: Size - 0.00262 (ms)Pass: MinimumPoint - 0.00429 (ms)Pass: ConsolidateBlocks - 0.42105 (ms)Pass: UnitarySynthesis - 0.52500 (ms)Pass: RemoveIdentityEquivalent - 0.02480 (ms)Pass: Optimize1qGatesDecomposition - 0.18787 (ms)Pass: CommutativeCancellation - 0.23770 (ms)Pass: ContractIdleWiresInControlFlow - 0.00191 (ms)Pass: GatesInBasis - 0.05484 (ms)Pass: Depth - 0.05150 (ms)Pass: Size - 0.00238 (ms)Pass: MinimumPoint - 0.00477 (ms)Pass: ContainsInstruction - 0.00572 (ms)Pass: InstructionDurationCheck - 0.00262 (ms)SQD counts diag: n_bits=8, first_bitstring=[0, 0, 1, 1, 0, 0, 1, 1], hamming_left=2, hamming_right=2
SQD postselect diag: total_samples=256, total_postselected=576, batch_sizes=[36, 36, 36, 36, 36, 36, 36, 36, 36, 36, 36, 36, 36, 36, 36, 36]
SQD batch diag: batch0_shape=(36, 8), first_bitstring=[0, 0, 1, 1, 0, 0, 1, 1], hamming_left=2, hamming_right=2
SQD sci diag: batch=0, norb=4, nelec=(2, 2), amp_norm=1.0000000000000002, trace(rdm1)=4.000000000000001
SQD sci diag: batch=1, norb=4, nelec=(2, 2), amp_norm=1.0000000000000002, trace(rdm1)=4.000000000000001
SQD sci diag: batch=2, norb=4, nelec=(2, 2), amp_norm=1.0000000000000002, trace(rdm1)=4.000000000000001
SQD sci diag: batch=3, norb=4, nelec=(2, 2), amp_norm=1.0000000000000002, trace(rdm1)=4.000000000000001
SQD sci diag: batch=4, norb=4, nelec=(2, 2), amp_norm=1.0000000000000002, trace(rdm1)=4.000000000000001
SQD sci diag: batch=5, norb=4, nelec=(2, 2), amp_norm=1.0000000000000002, trace(rdm1)=4.000000000000001
SQD sci diag: batch=6, norb=4, nelec=(2, 2), amp_norm=1.0000000000000002, trace(rdm1)=4.000000000000001
SQD sci diag: batch=7, norb=4, nelec=(2, 2), amp_norm=1.0000000000000002, trace(rdm1)=4.000000000000001
SQD sci diag: batch=8, norb=4, nelec=(2, 2), amp_norm=1.0000000000000002, trace(rdm1)=4.000000000000001
SQD sci diag: batch=9, norb=4, nelec=(2, 2), amp_norm=1.0000000000000002, trace(rdm1)=4.000000000000001
SQD sci diag: batch=10, norb=4, nelec=(2, 2), amp_norm=1.0000000000000002, trace(rdm1)=4.000000000000001
SQD sci diag: batch=11, norb=4, nelec=(2, 2), amp_norm=1.0000000000000002, trace(rdm1)=4.000000000000001
SQD sci diag: batch=12, norb=4, nelec=(2, 2), amp_norm=1.0000000000000002, trace(rdm1)=4.000000000000001
SQD sci diag: batch=13, norb=4, nelec=(2, 2), amp_norm=1.0000000000000002, trace(rdm1)=4.000000000000001
SQD sci diag: batch=14, norb=4, nelec=(2, 2), amp_norm=1.0000000000000002, trace(rdm1)=4.000000000000001
SQD sci diag: batch=15, norb=4, nelec=(2, 2), amp_norm=1.0000000000000002, trace(rdm1)=4.000000000000001
SQD postselect diag: total_samples=36, total_postselected=576, batch_sizes=[36, 36, 36, 36, 36, 36, 36, 36, 36, 36, 36, 36, 36, 36, 36, 36]
SQD batch diag: batch0_shape=(36, 8), first_bitstring=[0, 0, 1, 1, 0, 0, 1, 1], hamming_left=2, hamming_right=2
SQD sci diag: batch=0, norb=4, nelec=(2, 2), amp_norm=1.0000000000000002, trace(rdm1)=4.000000000000001
SQD sci diag: batch=1, norb=4, nelec=(2, 2), amp_norm=1.0000000000000002, trace(rdm1)=4.000000000000001
SQD sci diag: batch=2, norb=4, nelec=(2, 2), amp_norm=1.0000000000000002, trace(rdm1)=4.000000000000001
SQD sci diag: batch=3, norb=4, nelec=(2, 2), amp_norm=1.0000000000000002, trace(rdm1)=4.000000000000001
SQD sci diag: batch=4, norb=4, nelec=(2, 2), amp_norm=1.0000000000000002, trace(rdm1)=4.000000000000001
SQD sci diag: batch=5, norb=4, nelec=(2, 2), amp_norm=1.0000000000000002, trace(rdm1)=4.000000000000001
SQD sci diag: batch=6, norb=4, nelec=(2, 2), amp_norm=1.0000000000000002, trace(rdm1)=4.000000000000001
SQD sci diag: batch=7, norb=4, nelec=(2, 2), amp_norm=1.0000000000000002, trace(rdm1)=4.000000000000001
SQD sci diag: batch=8, norb=4, nelec=(2, 2), amp_norm=1.0000000000000002, trace(rdm1)=4.000000000000001
SQD sci diag: batch=9, norb=4, nelec=(2, 2), amp_norm=1.0000000000000002, trace(rdm1)=4.000000000000001
SQD sci diag: batch=10, norb=4, nelec=(2, 2), amp_norm=1.0000000000000002, trace(rdm1)=4.000000000000001
SQD sci diag: batch=11, norb=4, nelec=(2, 2), amp_norm=1.0000000000000002, trace(rdm1)=4.000000000000001
SQD sci diag: batch=12, norb=4, nelec=(2, 2), amp_norm=1.0000000000000002, trace(rdm1)=4.000000000000001
SQD sci diag: batch=13, norb=4, nelec=(2, 2), amp_norm=1.0000000000000002, trace(rdm1)=4.000000000000001
SQD sci diag: batch=14, norb=4, nelec=(2, 2), amp_norm=1.0000000000000002, trace(rdm1)=4.000000000000001
SQD sci diag: batch=15, norb=4, nelec=(2, 2), amp_norm=1.0000000000000002, trace(rdm1)=4.000000000000001
		SQD diag: n_active_mos=4, n_active_electrons=4, trace(onerdm)=4.000000000000001
		Fragment Energy = -60.70771748168405
		Number of Electrons in Fragment = 9.028237553523846
	Electron Residual = 0.0331524793146869
	[Optimizer] Evaluating mu=-0.001255 with 1 hardware jobs...
 	Iteration =  8
 	Chemical Potential (mu) =     -0.0012554634
 	----------------
 
	SCF Occupancy Eigenvalues for Fragment Number : # 0
	[1.46765044e-16 1.13895066e-16 2.39231414e-17 1.26880299e-17
 2.61221907e-17 1.01857373e-16 5.22803903e-06 1.68973454e-03
 9.50618111e-03 9.50619376e-03 1.00000000e+00 1.99049381e+00
 1.99049382e+00 1.99831027e+00 1.99999477e+00]

	SCF Occupancy Eigenvalues for Fragment Number : # 1
	[1.42621547e-16 4.26417090e-17 5.43612811e-18 3.13823275e-17
 1.23898432e-16 3.14039511e-16 5.22803903e-06 1.68973454e-03
 9.50618111e-03 9.50619376e-03 1.00000000e+00 1.99049381e+00
 1.99049382e+00 1.99831027e+00 1.99999477e+00]

		Fragment Number : #  1
		------------------------
		CCSD diag: n_active_mos=24, n_active_electrons=18, trace(onerdm)=18.0
		Fragment Energy = -60.87401294345297
		Number of Electrons in Fragment = 9.004680107351723
Fragment: n_homo=8, n_lumo=9, kept=[7, 8, 9, 10]
		Fragment Number : #  2
		------------------------
LUCJ CCSD init diag: norb=4, n_reps=1, t1_shape=(2, 2), t2_shape=(2, 2, 2, 2), t1_norm=9.502866e-07, t2_norm=2.227441e-02
[AccountManager] SQD call 8: using account 1 (8/10)
Pass: Decompose - 0.71311 (ms)Pass: MergeOrbitalRotations - 0.40364 (ms)Pass: UnitarySynthesis - 0.00739 (ms)Pass: HighLevelSynthesis - 1.30916 (ms)Pass: BasisTranslator - 0.10347 (ms)Pass: ElidePermutations - 0.00572 (ms)Pass: RemoveDiagonalGatesBeforeMeasure - 0.00668 (ms)Pass: RemoveIdentityEquivalent - 0.01264 (ms)Pass: InverseCancellation - 0.01454 (ms)Pass: ContractIdleWiresInControlFlow - 0.00167 (ms)Pass: CommutativeCancellation - 0.04363 (ms)Pass: ConsolidateBlocks - 0.21076 (ms)Pass: Split2QUnitaries - 0.00310 (ms)Pass: SetLayout - 0.01717 (ms)Pass: FullAncillaAllocation - 0.20790 (ms)Pass: EnlargeWithAncilla - 0.09108 (ms)Pass: ApplyLayout - 0.41938 (ms)Pass: CheckMap - 0.10061 (ms)Pass: BarrierBeforeFinalMeasurements - 2.16269 (ms)Pass: SabreSwap - 2.31624 (ms)Pass: FilterOpNodes - 0.11206 (ms)Pass: UnitarySynthesis - 0.00620 (ms)Pass: HighLevelSynthesis - 0.02098 (ms)Pass: BasisTranslator - 1.96528 (ms)Pass: Depth - 0.08655 (ms)Pass: Size - 0.00334 (ms)Pass: MinimumPoint - 0.00906 (ms)Pass: ConsolidateBlocks - 0.56291 (ms)Pass: UnitarySynthesis - 1.35422 (ms)Pass: RemoveIdentityEquivalent - 0.02503 (ms)Pass: Optimize1qGatesDecomposition - 0.18239 (ms)Pass: CommutativeCancellation - 0.22554 (ms)Pass: ContractIdleWiresInControlFlow - 0.00262 (ms)Pass: GatesInBasis - 0.06747 (ms)Pass: Depth - 0.05269 (ms)Pass: Size - 0.00215 (ms)Pass: MinimumPoint - 0.08106 (ms)Pass: ConsolidateBlocks - 0.31543 (ms)Pass: UnitarySynthesis - 0.53239 (ms)Pass: RemoveIdentityEquivalent - 0.02146 (ms)Pass: Optimize1qGatesDecomposition - 0.14853 (ms)Pass: CommutativeCancellation - 0.19574 (ms)Pass: ContractIdleWiresInControlFlow - 0.00191 (ms)Pass: GatesInBasis - 0.06723 (ms)Pass: Depth - 0.05078 (ms)Pass: Size - 0.00215 (ms)Pass: MinimumPoint - 0.08774 (ms)Pass: ConsolidateBlocks - 0.34523 (ms)Pass: UnitarySynthesis - 0.50998 (ms)Pass: RemoveIdentityEquivalent - 0.01955 (ms)Pass: Optimize1qGatesDecomposition - 0.14973 (ms)Pass: CommutativeCancellation - 0.19121 (ms)Pass: ContractIdleWiresInControlFlow - 0.00238 (ms)Pass: GatesInBasis - 0.06175 (ms)Pass: Depth - 0.04911 (ms)Pass: Size - 0.00215 (ms)Pass: MinimumPoint - 0.00429 (ms)Pass: ContainsInstruction - 0.00572 (ms)Pass: InstructionDurationCheck - 0.00334 (ms)SQD counts diag: n_bits=8, first_bitstring=[0, 0, 1, 1, 0, 0, 1, 1], hamming_left=2, hamming_right=2
SQD postselect diag: total_samples=256, total_postselected=576, batch_sizes=[36, 36, 36, 36, 36, 36, 36, 36, 36, 36, 36, 36, 36, 36, 36, 36]
SQD batch diag: batch0_shape=(36, 8), first_bitstring=[0, 0, 1, 1, 0, 0, 1, 1], hamming_left=2, hamming_right=2
SQD sci diag: batch=0, norb=4, nelec=(2, 2), amp_norm=1.0000000000000002, trace(rdm1)=4.000000000000001
SQD sci diag: batch=1, norb=4, nelec=(2, 2), amp_norm=1.0000000000000002, trace(rdm1)=4.000000000000001
SQD sci diag: batch=2, norb=4, nelec=(2, 2), amp_norm=1.0000000000000002, trace(rdm1)=4.000000000000001
SQD sci diag: batch=3, norb=4, nelec=(2, 2), amp_norm=1.0000000000000002, trace(rdm1)=4.000000000000001
SQD sci diag: batch=4, norb=4, nelec=(2, 2), amp_norm=1.0000000000000002, trace(rdm1)=4.000000000000001
SQD sci diag: batch=5, norb=4, nelec=(2, 2), amp_norm=1.0000000000000002, trace(rdm1)=4.000000000000001
SQD sci diag: batch=6, norb=4, nelec=(2, 2), amp_norm=1.0000000000000002, trace(rdm1)=4.000000000000001
SQD sci diag: batch=7, norb=4, nelec=(2, 2), amp_norm=1.0000000000000002, trace(rdm1)=4.000000000000001
SQD sci diag: batch=8, norb=4, nelec=(2, 2), amp_norm=1.0000000000000002, trace(rdm1)=4.000000000000001
SQD sci diag: batch=9, norb=4, nelec=(2, 2), amp_norm=1.0000000000000002, trace(rdm1)=4.000000000000001
SQD sci diag: batch=10, norb=4, nelec=(2, 2), amp_norm=1.0000000000000002, trace(rdm1)=4.000000000000001
SQD sci diag: batch=11, norb=4, nelec=(2, 2), amp_norm=1.0000000000000002, trace(rdm1)=4.000000000000001
SQD sci diag: batch=12, norb=4, nelec=(2, 2), amp_norm=1.0000000000000002, trace(rdm1)=4.000000000000001
SQD sci diag: batch=13, norb=4, nelec=(2, 2), amp_norm=1.0000000000000002, trace(rdm1)=4.000000000000001
SQD sci diag: batch=14, norb=4, nelec=(2, 2), amp_norm=1.0000000000000002, trace(rdm1)=4.000000000000001
SQD sci diag: batch=15, norb=4, nelec=(2, 2), amp_norm=1.0000000000000002, trace(rdm1)=4.000000000000001
SQD postselect diag: total_samples=36, total_postselected=576, batch_sizes=[36, 36, 36, 36, 36, 36, 36, 36, 36, 36, 36, 36, 36, 36, 36, 36]
SQD batch diag: batch0_shape=(36, 8), first_bitstring=[0, 0, 1, 1, 0, 0, 1, 1], hamming_left=2, hamming_right=2
SQD sci diag: batch=0, norb=4, nelec=(2, 2), amp_norm=1.0000000000000002, trace(rdm1)=4.000000000000001
SQD sci diag: batch=1, norb=4, nelec=(2, 2), amp_norm=1.0000000000000002, trace(rdm1)=4.000000000000001
SQD sci diag: batch=2, norb=4, nelec=(2, 2), amp_norm=1.0000000000000002, trace(rdm1)=4.000000000000001
SQD sci diag: batch=3, norb=4, nelec=(2, 2), amp_norm=1.0000000000000002, trace(rdm1)=4.000000000000001
SQD sci diag: batch=4, norb=4, nelec=(2, 2), amp_norm=1.0000000000000002, trace(rdm1)=4.000000000000001
SQD sci diag: batch=5, norb=4, nelec=(2, 2), amp_norm=1.0000000000000002, trace(rdm1)=4.000000000000001
SQD sci diag: batch=6, norb=4, nelec=(2, 2), amp_norm=1.0000000000000002, trace(rdm1)=4.000000000000001
SQD sci diag: batch=7, norb=4, nelec=(2, 2), amp_norm=1.0000000000000002, trace(rdm1)=4.000000000000001
SQD sci diag: batch=8, norb=4, nelec=(2, 2), amp_norm=1.0000000000000002, trace(rdm1)=4.000000000000001
SQD sci diag: batch=9, norb=4, nelec=(2, 2), amp_norm=1.0000000000000002, trace(rdm1)=4.000000000000001
SQD sci diag: batch=10, norb=4, nelec=(2, 2), amp_norm=1.0000000000000002, trace(rdm1)=4.000000000000001
SQD sci diag: batch=11, norb=4, nelec=(2, 2), amp_norm=1.0000000000000002, trace(rdm1)=4.000000000000001
SQD sci diag: batch=12, norb=4, nelec=(2, 2), amp_norm=1.0000000000000002, trace(rdm1)=4.000000000000001
SQD sci diag: batch=13, norb=4, nelec=(2, 2), amp_norm=1.0000000000000002, trace(rdm1)=4.000000000000001
SQD sci diag: batch=14, norb=4, nelec=(2, 2), amp_norm=1.0000000000000002, trace(rdm1)=4.000000000000001
SQD sci diag: batch=15, norb=4, nelec=(2, 2), amp_norm=1.0000000000000002, trace(rdm1)=4.000000000000001
		SQD diag: n_active_mos=4, n_active_electrons=4, trace(onerdm)=4.000000000000001
		Fragment Energy = -60.48291992141419
		Number of Electrons in Fragment = 8.928660059371238
	Electron Residual = -0.06665983327703984
	[Optimizer] Evaluating mu=-0.001098 with 1 hardware jobs...
 	Iteration =  9
 	Chemical Potential (mu) =     -0.0010984317
 	----------------
 
	SCF Occupancy Eigenvalues for Fragment Number : # 0
	[1.46765044e-16 1.13895066e-16 2.39231414e-17 1.26880299e-17
 2.61221907e-17 1.01857373e-16 5.22803903e-06 1.68973454e-03
 9.50618111e-03 9.50619376e-03 1.00000000e+00 1.99049381e+00
 1.99049382e+00 1.99831027e+00 1.99999477e+00]

	SCF Occupancy Eigenvalues for Fragment Number : # 1
	[1.42621547e-16 4.26417090e-17 5.43612811e-18 3.13823275e-17
 1.23898432e-16 3.14039511e-16 5.22803903e-06 1.68973454e-03
 9.50618111e-03 9.50619376e-03 1.00000000e+00 1.99049381e+00
 1.99049382e+00 1.99831027e+00 1.99999477e+00]

		Fragment Number : #  1
		------------------------
		CCSD diag: n_active_mos=24, n_active_electrons=18, trace(onerdm)=18.0
		Fragment Energy = -60.87444930666706
		Number of Electrons in Fragment = 9.004836930979502
Fragment: n_homo=8, n_lumo=9, kept=[7, 8, 9, 10]
		Fragment Number : #  2
		------------------------
LUCJ CCSD init diag: norb=4, n_reps=1, t1_shape=(2, 2), t2_shape=(2, 2, 2, 2), t1_norm=1.472947e-03, t2_norm=3.124381e-02
[AccountManager] SQD call 9: using account 1 (9/10)
Pass: Decompose - 1.12033 (ms)Pass: MergeOrbitalRotations - 0.40531 (ms)Pass: UnitarySynthesis - 0.01216 (ms)Pass: HighLevelSynthesis - 1.51277 (ms)Pass: BasisTranslator - 0.10681 (ms)Pass: ElidePermutations - 0.01049 (ms)Pass: RemoveDiagonalGatesBeforeMeasure - 0.01311 (ms)Pass: RemoveIdentityEquivalent - 0.01168 (ms)Pass: InverseCancellation - 0.02098 (ms)Pass: ContractIdleWiresInControlFlow - 0.00191 (ms)Pass: CommutativeCancellation - 0.05507 (ms)Pass: ConsolidateBlocks - 0.24867 (ms)Pass: Split2QUnitaries - 0.00548 (ms)Pass: SetLayout - 0.02480 (ms)Pass: FullAncillaAllocation - 0.21982 (ms)Pass: EnlargeWithAncilla - 0.09251 (ms)Pass: ApplyLayout - 0.43893 (ms)Pass: CheckMap - 0.10633 (ms)Pass: BarrierBeforeFinalMeasurements - 2.45357 (ms)Pass: SabreSwap - 4.80461 (ms)Pass: FilterOpNodes - 0.34499 (ms)Pass: UnitarySynthesis - 0.01788 (ms)Pass: HighLevelSynthesis - 0.04959 (ms)Pass: BasisTranslator - 6.18172 (ms)Pass: Depth - 0.30828 (ms)Pass: Size - 0.00882 (ms)Pass: MinimumPoint - 0.05054 (ms)Pass: ConsolidateBlocks - 0.78893 (ms)Pass: UnitarySynthesis - 1.69039 (ms)Pass: RemoveIdentityEquivalent - 0.03767 (ms)Pass: Optimize1qGatesDecomposition - 0.26989 (ms)Pass: CommutativeCancellation - 0.29588 (ms)Pass: ContractIdleWiresInControlFlow - 0.00262 (ms)Pass: GatesInBasis - 0.08011 (ms)Pass: Depth - 0.05984 (ms)Pass: Size - 0.00262 (ms)Pass: MinimumPoint - 0.10943 (ms)Pass: ConsolidateBlocks - 0.46110 (ms)Pass: UnitarySynthesis - 0.65279 (ms)Pass: RemoveIdentityEquivalent - 0.02813 (ms)Pass: Optimize1qGatesDecomposition - 0.20051 (ms)Pass: CommutativeCancellation - 0.26727 (ms)Pass: ContractIdleWiresInControlFlow - 0.00238 (ms)Pass: GatesInBasis - 0.06366 (ms)Pass: Depth - 0.06580 (ms)Pass: Size - 0.00238 (ms)Pass: MinimumPoint - 0.09632 (ms)Pass: ConsolidateBlocks - 0.45443 (ms)Pass: UnitarySynthesis - 0.50783 (ms)Pass: RemoveIdentityEquivalent - 0.02623 (ms)Pass: Optimize1qGatesDecomposition - 0.18191 (ms)Pass: CommutativeCancellation - 0.26321 (ms)Pass: ContractIdleWiresInControlFlow - 0.00191 (ms)Pass: GatesInBasis - 0.07176 (ms)Pass: Depth - 0.05722 (ms)Pass: Size - 0.00238 (ms)Pass: MinimumPoint - 0.00525 (ms)Pass: ContainsInstruction - 0.00644 (ms)Pass: InstructionDurationCheck - 0.00358 (ms)