Resuming from checkpoint. 0 points already completed.

=== Relaxed scan: C-C distance = 1.50 A ===
geometric-optimize called with the following command line:
run_dmet_sqd_hardware.py

                                        [91m())))))))))))))))/[0m                     
                                    [91m())))))))))))))))))))))))),[0m                
                                [91m*)))))))))))))))))))))))))))))))))[0m             
                        [94m#,[0m    [91m()))))))))/[0m                [91m.)))))))))),[0m          
                      [94m#%%%%,[0m  [91m())))))[0m                        [91m.))))))))*[0m        
                      [94m*%%%%%%,[0m  [91m))[0m              [93m..[0m              [91m,))))))).[0m      
                        [94m*%%%%%%,[0m         [93m***************/.[0m        [91m.)))))))[0m     
                [94m#%%/[0m      [94m(%%%%%%,[0m    [93m/*********************.[0m       [91m)))))))[0m    
              [94m.%%%%%%#[0m      [94m*%%%%%%,[0m  [93m*******/,[0m     [93m**********,[0m      [91m.))))))[0m   
                [94m.%%%%%%/[0m      [94m*%%%%%%,[0m  [93m**[0m              [93m********[0m      [91m.))))))[0m  
          [94m##[0m      [94m.%%%%%%/[0m      [94m(%%%%%%,[0m                  [93m,******[0m      [91m/)))))[0m  
        [94m%%%%%%[0m      [94m.%%%%%%#[0m      [94m*%%%%%%,[0m    [92m,/////.[0m       [93m******[0m      [91m))))))[0m 
      [94m#%[0m      [94m%%[0m      [94m.%%%%%%/[0m      [94m*%%%%%%,[0m  [92m////////,[0m      [93m*****/[0m     [91m,)))))[0m 
    [94m#%%[0m  [94m%%%[0m  [94m%%%#[0m      [94m.%%%%%%/[0m      [94m(%%%%%%,[0m  [92m///////.[0m     [93m/*****[0m      [91m))))).[0m
  [94m#%%%%.[0m      [94m%%%%%#[0m      [94m/%%%%%%*[0m      [94m#%%%%%%[0m   [92m/////)[0m     [93m******[0m      [91m))))),[0m
    [94m#%%%%##%[0m  [94m%%%#[0m      [94m.%%%%%%/[0m      [94m(%%%%%%,[0m  [92m///////.[0m     [93m/*****[0m      [91m))))).[0m
      [94m##[0m     [94m%%%[0m      [94m.%%%%%%/[0m      [94m*%%%%%%,[0m  [92m////////.[0m      [93m*****/[0m     [91m,)))))[0m 
        [94m#%%%%#[0m      [94m/%%%%%%/[0m      [94m(%%%%%%[0m      [92m/)/)//[0m       [93m******[0m      [91m))))))[0m 
          [94m##[0m      [94m.%%%%%%/[0m      [94m(%%%%%%,[0m                  [93m*******[0m      [91m))))))[0m  
                [94m.%%%%%%/[0m      [94m*%%%%%%,[0m  [93m**.[0m             [93m/*******[0m      [91m.))))))[0m  
              [94m*%%%%%%/[0m      [94m(%%%%%%[0m   [93m********/*..,*/*********[0m       [91m*))))))[0m   
                [94m#%%/[0m      [94m(%%%%%%,[0m    [93m*********************/[0m        [91m)))))))[0m    
                        [94m*%%%%%%,[0m         [93m,**************/[0m         [91m,))))))/[0m     
                      [94m(%%%%%%[0m   [91m()[0m                              [91m))))))))[0m       
                      [94m#%%%%,[0m  [91m())))))[0m                        [91m,)))))))),[0m        
                        [94m#,[0m    [91m())))))))))[0m                [91m,)))))))))).[0m          
                                 [91m()))))))))))))))))))))))))))))))/[0m             
                                    [91m())))))))))))))))))))))))).[0m                
                                         [91m())))))))))))))),[0m                     

-=# [1;94m geomeTRIC started. Version: 1.1 [0m #=-
Current date and time: 2026-05-01 15:53:50
#========================================================#
#| [92m    Arguments passed to driver run_optimizer():     [0m |#
#========================================================#
constraints               /tmp/tmpvi9mv_e1/constraints.txt 
customengine              <pyscf.geomopt.geometric_solver.PySCFEngine object at 0x7fc55a657110> 
input                     /tmp/tmp42r30gaj/7e99bf9a-b12b-43e7-8f63-4b0ad31d06a7 
logIni                    /home/bhabani/miniconda3/lib/python3.12/site-packages/pyscf/geomopt/log.ini 
maxiter                   100 
----------------------------------------------------------
Custom engine selected.
$set
distance 1 5 1.50000000
Bonds will be generated from interatomic distances less than 1.20 times sum of covalent radii
24 internal coordinates being used (instead of 24 Cartesians)
Internal coordinate system (atoms numbered from 1):
Distance 1-5
Distance 1-2
Distance 1-3
Distance 1-4
Distance 5-6
Distance 5-7
Distance 5-8
Angle 2-1-3
Angle 2-1-4
Angle 2-1-5
Angle 3-1-4
Angle 3-1-5
Angle 4-1-5
Angle 1-5-6
Angle 1-5-7
Angle 1-5-8
Angle 6-5-7
Angle 6-5-8
Angle 7-5-8
Dihedral 2-1-5-6
Dihedral 2-1-5-7
Dihedral 2-1-5-8
Dihedral 3-1-5-6
Dihedral 3-1-5-7
Dihedral 3-1-5-8
Dihedral 4-1-5-6
Dihedral 4-1-5-7
Dihedral 4-1-5-8
Translation-X 1-8
Translation-Y 1-8
Translation-Z 1-8
Rotation-A 1-8
Rotation-B 1-8
Rotation-C 1-8
<class 'geometric.internal.Distance'> : 7
<class 'geometric.internal.Angle'> : 12
<class 'geometric.internal.Dihedral'> : 9
<class 'geometric.internal.TranslationX'> : 1
<class 'geometric.internal.TranslationY'> : 1
<class 'geometric.internal.TranslationZ'> : 1
<class 'geometric.internal.RotationA'> : 1
<class 'geometric.internal.RotationB'> : 1
<class 'geometric.internal.RotationC'> : 1
Constraint                         Current      Target       Diff.
Distance 1-5                       1.50000     1.50000    -0.00000
> ===== Optimization Info: ====
> Job type: Energy minimization
> Maximum number of optimization cycles: 100
> Initial / maximum trust radius (Angstrom): 0.100 / 0.300
> Convergence Criteria:
> Will converge when all 5 criteria are reached:
>  |Delta-E| < 1.00e-06
>  RMS-Ortho-Grad < 3.00e-04
>  Max-Ortho-Grad < 4.50e-04
>  RMS-Disp  < 1.20e-03
>  Max-Disp  < 1.80e-03
> 
> Constraints are requested. The following criterion is added:
>  Max Constraint Violation (in Angstroms/degrees) < 1.00e-02 
> === End Optimization Info ===
WARN: Mole.unit (Angstrom) is changed to Bohr
Step    0 : Gradient = 7.008e-03/7.884e-03 (rms/max) Energy = -78.7924929710
Hessian Eigenvalues: 2.30000e-02 5.00000e-02 5.00000e-02 ... 3.41388e-01 3.41561e-01 3.41561e-01
Step    1 : Displace = [0m1.424e-02[0m/[0m1.650e-02[0m (rms/max) Trust = 1.000e-01 (=) Grad_T = [0m8.190e-04[0m/[0m9.391e-04[0m (rms/max) E (change) = -78.7930433271 ([0m-5.504e-04[0m) Quality = [0m0.878[0m
Hessian Eigenvalues: 2.30000e-02 5.00000e-02 5.00000e-02 ... 3.41504e-01 3.41561e-01 3.81685e-01
Step    2 : Displace = [0m2.245e-03[0m/[0m2.593e-03[0m (rms/max) Trust = 1.414e-01 ([92m+[0m) Grad_T = [92m1.988e-05[0m/[92m2.155e-05[0m (rms/max) E (change) = -78.7930539721 ([0m-1.065e-05[0m) Quality = [0m0.983[0m
Hessian Eigenvalues: 2.30000e-02 5.00000e-02 5.00000e-02 ... 3.41504e-01 3.41561e-01 4.12773e-01
Step    3 : Displace = [92m2.826e-05[0m/[92m3.283e-05[0m (rms/max) Trust = 2.000e-01 ([92m+[0m) Grad_T = [92m4.803e-07[0m/[92m7.572e-07[0m (rms/max) E (change) = -78.7930539759 ([92m-3.753e-09[0m) Quality = [0m0.991[0m
Hessian Eigenvalues: 2.30000e-02 5.00000e-02 5.00000e-02 ... 3.41504e-01 3.41561e-01 4.12773e-01
Converged! =D

    #==========================================================================#
    #| If this code has benefited your research, please support us by citing: |#
    #|                                                                        |#
    #| Wang, L.-P.; Song, C.C. (2016) "Geometry optimization made simple with |#
    #| translation and rotation coordinates", J. Chem, Phys. 144, 214108.     |#
    #| http://dx.doi.org/10.1063/1.4952956                                    |#
    #==========================================================================#
    Time elapsed since start of run_optimizer: 1.043 seconds
WARN: ECP not specified. The basis set CRENBL include an ECP. Recommended ECP: CRENBL.
/home/bhabani/Kishore/Tangelo_2.0_hardware/tangelo/problem_decomposition/dmet/dmet_problem_decomposition.py:168: RuntimeWarning: The mean field will be recomputed even if one has been provided by the user.
  warnings.warn("The mean field will be recomputed even if one has been provided by the user.", RuntimeWarning)
	[Optimizer] Evaluating mu=0.000000 with 1 hardware jobs...
 	Iteration =  1
 	Chemical Potential (mu) =      0.0000000000
 	----------------
 
	SCF Occupancy Eigenvalues for Fragment Number : # 0
	[3.99755246e-16 9.68405219e-17 2.16585410e-17 7.42072921e-18
 3.31504198e-17 1.09203149e-16 5.22803903e-06 1.68973454e-03
 9.50618111e-03 9.50619376e-03 1.00000000e+00 1.99049381e+00
 1.99049382e+00 1.99831027e+00 1.99999477e+00]

	SCF Occupancy Eigenvalues for Fragment Number : # 1
	[6.43921331e-17 1.67977533e-17 5.25678522e-18 5.71279559e-17
 1.04639346e-16 4.92014521e-16 5.22803903e-06 1.68973454e-03
 9.50618111e-03 9.50619376e-03 1.00000000e+00 1.99049381e+00
 1.99049382e+00 1.99831027e+00 1.99999477e+00]

		Fragment Number : #  1
		------------------------
		CCSD diag: n_active_mos=24, n_active_electrons=18, trace(onerdm)=18.0
		Fragment Energy = -60.877501364548294
		Number of Electrons in Fragment = 9.005933939845157
Fragment: n_homo=8, n_lumo=9, kept=[7, 8, 9, 10]
		Fragment Number : #  2
		------------------------
[AccountManager] SQD call 1: using account 1 (1/10)
Pass: Decompose - 0.75459 (ms)Pass: MergeOrbitalRotations - 0.03910 (ms)Pass: UnitarySynthesis - 0.00858 (ms)Pass: HighLevelSynthesis - 0.41080 (ms)Pass: BasisTranslator - 0.11015 (ms)Pass: ElidePermutations - 0.00858 (ms)Pass: RemoveDiagonalGatesBeforeMeasure - 0.00715 (ms)Pass: RemoveIdentityEquivalent - 0.00930 (ms)Pass: InverseCancellation - 0.01526 (ms)Pass: ContractIdleWiresInControlFlow - 0.00238 (ms)Pass: CommutativeCancellation - 0.02766 (ms)Pass: ConsolidateBlocks - 0.03743 (ms)Pass: Split2QUnitaries - 0.00501 (ms)Pass: SetLayout - 0.02694 (ms)Pass: FullAncillaAllocation - 0.21863 (ms)Pass: EnlargeWithAncilla - 0.11039 (ms)Pass: ApplyLayout - 0.44823 (ms)Pass: CheckMap - 0.11039 (ms)Pass: FilterOpNodes - 0.01717 (ms)Pass: UnitarySynthesis - 0.00477 (ms)Pass: HighLevelSynthesis - 0.00691 (ms)Pass: BasisTranslator - 0.09322 (ms)Pass: Depth - 0.02337 (ms)Pass: Size - 0.00334 (ms)Pass: MinimumPoint - 0.01740 (ms)Pass: ConsolidateBlocks - 0.03862 (ms)Pass: UnitarySynthesis - 0.00334 (ms)Pass: RemoveIdentityEquivalent - 0.00358 (ms)Pass: Optimize1qGatesDecomposition - 0.04458 (ms)Pass: CommutativeCancellation - 0.07319 (ms)Pass: ContractIdleWiresInControlFlow - 0.00167 (ms)Pass: GatesInBasis - 0.00954 (ms)Pass: Depth - 0.01955 (ms)Pass: Size - 0.00191 (ms)Pass: MinimumPoint - 0.03743 (ms)Pass: ConsolidateBlocks - 0.03290 (ms)Pass: UnitarySynthesis - 0.00358 (ms)Pass: RemoveIdentityEquivalent - 0.00262 (ms)Pass: Optimize1qGatesDecomposition - 0.03076 (ms)Pass: CommutativeCancellation - 0.09084 (ms)Pass: ContractIdleWiresInControlFlow - 0.00167 (ms)Pass: GatesInBasis - 0.01001 (ms)Pass: Depth - 0.01812 (ms)Pass: Size - 0.00191 (ms)Pass: MinimumPoint - 0.00405 (ms)Pass: ContainsInstruction - 0.00501 (ms)Pass: InstructionDurationCheck - 0.00429 (ms)SQD counts diag: n_bits=8, first_bitstring=[0, 0, 1, 1, 0, 0, 1, 1], hamming_left=2, hamming_right=2
SQD postselect diag: total_samples=43, total_postselected=160, batch_sizes=[10, 10, 10, 10, 10, 10, 10, 10, 10, 10, 10, 10, 10, 10, 10, 10]
SQD batch diag: batch0_shape=(10, 8), first_bitstring=[0, 0, 1, 1, 0, 0, 1, 1], hamming_left=2, hamming_right=2
SQD sci diag: batch=0, norb=4, nelec=(2, 2), amp_norm=1.0, trace(rdm1)=4.0
SQD sci diag: batch=1, norb=4, nelec=(2, 2), amp_norm=1.0, trace(rdm1)=4.0
SQD sci diag: batch=2, norb=4, nelec=(2, 2), amp_norm=1.0, trace(rdm1)=4.0
SQD sci diag: batch=3, norb=4, nelec=(2, 2), amp_norm=1.0, trace(rdm1)=4.0
SQD sci diag: batch=4, norb=4, nelec=(2, 2), amp_norm=1.0, trace(rdm1)=4.0
SQD sci diag: batch=5, norb=4, nelec=(2, 2), amp_norm=1.0, trace(rdm1)=4.0
SQD sci diag: batch=6, norb=4, nelec=(2, 2), amp_norm=1.0, trace(rdm1)=4.0
SQD sci diag: batch=7, norb=4, nelec=(2, 2), amp_norm=1.0, trace(rdm1)=4.0
SQD sci diag: batch=8, norb=4, nelec=(2, 2), amp_norm=1.0, trace(rdm1)=4.0
SQD sci diag: batch=9, norb=4, nelec=(2, 2), amp_norm=1.0, trace(rdm1)=4.0
SQD sci diag: batch=10, norb=4, nelec=(2, 2), amp_norm=1.0, trace(rdm1)=4.0
SQD sci diag: batch=11, norb=4, nelec=(2, 2), amp_norm=1.0, trace(rdm1)=4.0
SQD sci diag: batch=12, norb=4, nelec=(2, 2), amp_norm=1.0, trace(rdm1)=4.0
SQD sci diag: batch=13, norb=4, nelec=(2, 2), amp_norm=1.0, trace(rdm1)=4.0
SQD sci diag: batch=14, norb=4, nelec=(2, 2), amp_norm=1.0, trace(rdm1)=4.0
SQD sci diag: batch=15, norb=4, nelec=(2, 2), amp_norm=1.0, trace(rdm1)=4.0
SQD postselect diag: total_samples=10, total_postselected=160, batch_sizes=[10, 10, 10, 10, 10, 10, 10, 10, 10, 10, 10, 10, 10, 10, 10, 10]
SQD batch diag: batch0_shape=(10, 8), first_bitstring=[0, 0, 1, 1, 0, 0, 1, 1], hamming_left=2, hamming_right=2
SQD sci diag: batch=0, norb=4, nelec=(2, 2), amp_norm=1.0, trace(rdm1)=4.0
SQD sci diag: batch=1, norb=4, nelec=(2, 2), amp_norm=1.0, trace(rdm1)=4.0
SQD sci diag: batch=2, norb=4, nelec=(2, 2), amp_norm=1.0, trace(rdm1)=4.0
SQD sci diag: batch=3, norb=4, nelec=(2, 2), amp_norm=1.0, trace(rdm1)=4.0
SQD sci diag: batch=4, norb=4, nelec=(2, 2), amp_norm=1.0, trace(rdm1)=4.0
SQD sci diag: batch=5, norb=4, nelec=(2, 2), amp_norm=1.0, trace(rdm1)=4.0
SQD sci diag: batch=6, norb=4, nelec=(2, 2), amp_norm=1.0, trace(rdm1)=4.0
SQD sci diag: batch=7, norb=4, nelec=(2, 2), amp_norm=1.0, trace(rdm1)=4.0
SQD sci diag: batch=8, norb=4, nelec=(2, 2), amp_norm=1.0, trace(rdm1)=4.0
SQD sci diag: batch=9, norb=4, nelec=(2, 2), amp_norm=1.0, trace(rdm1)=4.0
SQD sci diag: batch=10, norb=4, nelec=(2, 2), amp_norm=1.0, trace(rdm1)=4.0
SQD sci diag: batch=11, norb=4, nelec=(2, 2), amp_norm=1.0, trace(rdm1)=4.0
SQD sci diag: batch=12, norb=4, nelec=(2, 2), amp_norm=1.0, trace(rdm1)=4.0
SQD sci diag: batch=13, norb=4, nelec=(2, 2), amp_norm=1.0, trace(rdm1)=4.0
SQD sci diag: batch=14, norb=4, nelec=(2, 2), amp_norm=1.0, trace(rdm1)=4.0
SQD sci diag: batch=15, norb=4, nelec=(2, 2), amp_norm=1.0, trace(rdm1)=4.0
		SQD diag: n_active_mos=4, n_active_electrons=4, trace(onerdm)=4.0
		Fragment Energy = -60.715385304740614
		Number of Electrons in Fragment = 9.030959349033187
	Electron Residual = 0.0368932888783462
	[Optimizer] Evaluating mu=-0.050000 with 1 hardware jobs...
 	Iteration =  2
 	Chemical Potential (mu) =     -0.0500000000
 	----------------
 
	SCF Occupancy Eigenvalues for Fragment Number : # 0
	[3.99755246e-16 9.68405219e-17 2.16585410e-17 7.42072921e-18
 3.31504198e-17 1.09203149e-16 5.22803903e-06 1.68973454e-03
 9.50618111e-03 9.50619376e-03 1.00000000e+00 1.99049381e+00
 1.99049382e+00 1.99831027e+00 1.99999477e+00]

	SCF Occupancy Eigenvalues for Fragment Number : # 1
	[6.43921331e-17 1.67977533e-17 5.25678522e-18 5.71279559e-17
 1.04639346e-16 4.92014521e-16 5.22803903e-06 1.68973454e-03
 9.50618111e-03 9.50619376e-03 1.00000000e+00 1.99049381e+00
 1.99049382e+00 1.99831027e+00 1.99999477e+00]

		Fragment Number : #  1
		------------------------
		CCSD diag: n_active_mos=24, n_active_electrons=18, trace(onerdm)=18.0
		Fragment Energy = -60.73809548112804
		Number of Electrons in Fragment = 8.956064287095266
Fragment: n_homo=8, n_lumo=9, kept=[7, 8, 9, 10]
		Fragment Number : #  2
		------------------------
[AccountManager] SQD call 2: using account 1 (2/10)
Pass: Decompose - 0.27204 (ms)Pass: MergeOrbitalRotations - 0.03004 (ms)Pass: UnitarySynthesis - 0.00596 (ms)Pass: HighLevelSynthesis - 0.38052 (ms)Pass: BasisTranslator - 0.11611 (ms)Pass: ElidePermutations - 0.00620 (ms)Pass: RemoveDiagonalGatesBeforeMeasure - 0.00739 (ms)Pass: RemoveIdentityEquivalent - 0.00691 (ms)Pass: InverseCancellation - 0.01335 (ms)Pass: ContractIdleWiresInControlFlow - 0.00215 (ms)Pass: CommutativeCancellation - 0.02789 (ms)Pass: ConsolidateBlocks - 0.03171 (ms)Pass: Split2QUnitaries - 0.00310 (ms)Pass: SetLayout - 0.01955 (ms)Pass: FullAncillaAllocation - 0.21935 (ms)Pass: EnlargeWithAncilla - 0.07915 (ms)Pass: ApplyLayout - 0.43273 (ms)Pass: CheckMap - 0.09179 (ms)Pass: FilterOpNodes - 0.01454 (ms)Pass: UnitarySynthesis - 0.00429 (ms)Pass: HighLevelSynthesis - 0.00787 (ms)Pass: BasisTranslator - 0.10371 (ms)Pass: Depth - 0.02408 (ms)Pass: Size - 0.00262 (ms)Pass: MinimumPoint - 0.01121 (ms)Pass: ConsolidateBlocks - 0.03886 (ms)Pass: UnitarySynthesis - 0.00405 (ms)Pass: RemoveIdentityEquivalent - 0.00358 (ms)Pass: Optimize1qGatesDecomposition - 0.04196 (ms)Pass: CommutativeCancellation - 0.07892 (ms)Pass: ContractIdleWiresInControlFlow - 0.00191 (ms)Pass: GatesInBasis - 0.00787 (ms)Pass: Depth - 0.02074 (ms)Pass: Size - 0.00191 (ms)Pass: MinimumPoint - 0.03552 (ms)Pass: ConsolidateBlocks - 0.03457 (ms)Pass: UnitarySynthesis - 0.00381 (ms)Pass: RemoveIdentityEquivalent - 0.00286 (ms)Pass: Optimize1qGatesDecomposition - 0.03171 (ms)Pass: CommutativeCancellation - 0.07558 (ms)Pass: ContractIdleWiresInControlFlow - 0.00143 (ms)Pass: GatesInBasis - 0.00596 (ms)Pass: Depth - 0.02027 (ms)Pass: Size - 0.00191 (ms)Pass: MinimumPoint - 0.00405 (ms)Pass: ContainsInstruction - 0.00668 (ms)Pass: InstructionDurationCheck - 0.00381 (ms)SQD counts diag: n_bits=8, first_bitstring=[0, 0, 1, 1, 0, 0, 1, 1], hamming_left=2, hamming_right=2
SQD postselect diag: total_samples=38, total_postselected=144, batch_sizes=[9, 9, 9, 9, 9, 9, 9, 9, 9, 9, 9, 9, 9, 9, 9, 9]
SQD batch diag: batch0_shape=(9, 8), first_bitstring=[0, 0, 1, 1, 0, 0, 1, 1], hamming_left=2, hamming_right=2
SQD sci diag: batch=0, norb=4, nelec=(2, 2), amp_norm=1.0, trace(rdm1)=4.0
SQD sci diag: batch=1, norb=4, nelec=(2, 2), amp_norm=1.0, trace(rdm1)=4.0
SQD sci diag: batch=2, norb=4, nelec=(2, 2), amp_norm=1.0, trace(rdm1)=4.0
SQD sci diag: batch=3, norb=4, nelec=(2, 2), amp_norm=1.0, trace(rdm1)=4.0
SQD sci diag: batch=4, norb=4, nelec=(2, 2), amp_norm=1.0, trace(rdm1)=4.0
SQD sci diag: batch=5, norb=4, nelec=(2, 2), amp_norm=1.0, trace(rdm1)=4.0
SQD sci diag: batch=6, norb=4, nelec=(2, 2), amp_norm=1.0, trace(rdm1)=4.0
SQD sci diag: batch=7, norb=4, nelec=(2, 2), amp_norm=1.0, trace(rdm1)=4.0
SQD sci diag: batch=8, norb=4, nelec=(2, 2), amp_norm=1.0, trace(rdm1)=4.0
SQD sci diag: batch=9, norb=4, nelec=(2, 2), amp_norm=1.0, trace(rdm1)=4.0
SQD sci diag: batch=10, norb=4, nelec=(2, 2), amp_norm=1.0, trace(rdm1)=4.0
SQD sci diag: batch=11, norb=4, nelec=(2, 2), amp_norm=1.0, trace(rdm1)=4.0
SQD sci diag: batch=12, norb=4, nelec=(2, 2), amp_norm=1.0, trace(rdm1)=4.0
SQD sci diag: batch=13, norb=4, nelec=(2, 2), amp_norm=1.0, trace(rdm1)=4.0
SQD sci diag: batch=14, norb=4, nelec=(2, 2), amp_norm=1.0, trace(rdm1)=4.0
SQD sci diag: batch=15, norb=4, nelec=(2, 2), amp_norm=1.0, trace(rdm1)=4.0
SQD postselect diag: total_samples=9, total_postselected=144, batch_sizes=[9, 9, 9, 9, 9, 9, 9, 9, 9, 9, 9, 9, 9, 9, 9, 9]
SQD batch diag: batch0_shape=(9, 8), first_bitstring=[0, 0, 1, 1, 0, 0, 1, 1], hamming_left=2, hamming_right=2
SQD sci diag: batch=0, norb=4, nelec=(2, 2), amp_norm=1.0, trace(rdm1)=4.0
SQD sci diag: batch=1, norb=4, nelec=(2, 2), amp_norm=1.0, trace(rdm1)=4.0
SQD sci diag: batch=2, norb=4, nelec=(2, 2), amp_norm=1.0, trace(rdm1)=4.0
SQD sci diag: batch=3, norb=4, nelec=(2, 2), amp_norm=1.0, trace(rdm1)=4.0
SQD sci diag: batch=4, norb=4, nelec=(2, 2), amp_norm=1.0, trace(rdm1)=4.0
SQD sci diag: batch=5, norb=4, nelec=(2, 2), amp_norm=1.0, trace(rdm1)=4.0
SQD sci diag: batch=6, norb=4, nelec=(2, 2), amp_norm=1.0, trace(rdm1)=4.0
SQD sci diag: batch=7, norb=4, nelec=(2, 2), amp_norm=1.0, trace(rdm1)=4.0
SQD sci diag: batch=8, norb=4, nelec=(2, 2), amp_norm=1.0, trace(rdm1)=4.0
SQD sci diag: batch=9, norb=4, nelec=(2, 2), amp_norm=1.0, trace(rdm1)=4.0
SQD sci diag: batch=10, norb=4, nelec=(2, 2), amp_norm=1.0, trace(rdm1)=4.0
SQD sci diag: batch=11, norb=4, nelec=(2, 2), amp_norm=1.0, trace(rdm1)=4.0
SQD sci diag: batch=12, norb=4, nelec=(2, 2), amp_norm=1.0, trace(rdm1)=4.0
SQD sci diag: batch=13, norb=4, nelec=(2, 2), amp_norm=1.0, trace(rdm1)=4.0
SQD sci diag: batch=14, norb=4, nelec=(2, 2), amp_norm=1.0, trace(rdm1)=4.0
SQD sci diag: batch=15, norb=4, nelec=(2, 2), amp_norm=1.0, trace(rdm1)=4.0
		SQD diag: n_active_mos=4, n_active_electrons=4, trace(onerdm)=4.0
		Fragment Energy = -59.968515823615895
		Number of Electrons in Fragment = 8.699200386160786
	Electron Residual = -0.34473532674394747
	[Optimizer] Evaluating mu=0.050000 with 1 hardware jobs...
 	Iteration =  3
 	Chemical Potential (mu) =      0.0500000000
 	----------------
 
	SCF Occupancy Eigenvalues for Fragment Number : # 0
	[3.99755246e-16 9.68405219e-17 2.16585410e-17 7.42072921e-18
 3.31504198e-17 1.09203149e-16 5.22803903e-06 1.68973454e-03
 9.50618111e-03 9.50619376e-03 1.00000000e+00 1.99049381e+00
 1.99049382e+00 1.99831027e+00 1.99999477e+00]

	SCF Occupancy Eigenvalues for Fragment Number : # 1
	[6.43921331e-17 1.67977533e-17 5.25678522e-18 5.71279559e-17
 1.04639346e-16 4.92014521e-16 5.22803903e-06 1.68973454e-03
 9.50618111e-03 9.50619376e-03 1.00000000e+00 1.99049381e+00
 1.99049382e+00 1.99831027e+00 1.99999477e+00]

		Fragment Number : #  1
		------------------------
		CCSD diag: n_active_mos=24, n_active_electrons=18, trace(onerdm)=18.0
		Fragment Energy = -61.01586003238131
		Number of Electrons in Fragment = 9.055922535687868
Fragment: n_homo=8, n_lumo=9, kept=[7, 8, 9, 10]
		Fragment Number : #  2
		------------------------
[AccountManager] SQD call 3: using account 1 (3/10)
Pass: Decompose - 0.32997 (ms)Pass: MergeOrbitalRotations - 0.03815 (ms)Pass: UnitarySynthesis - 0.03695 (ms)Pass: HighLevelSynthesis - 0.92363 (ms)Pass: BasisTranslator - 0.23007 (ms)Pass: ElidePermutations - 0.01860 (ms)Pass: RemoveDiagonalGatesBeforeMeasure - 0.02122 (ms)Pass: RemoveIdentityEquivalent - 0.01049 (ms)Pass: InverseCancellation - 0.03195 (ms)Pass: ContractIdleWiresInControlFlow - 0.00453 (ms)Pass: CommutativeCancellation - 0.12636 (ms)Pass: ConsolidateBlocks - 0.10538 (ms)Pass: Split2QUnitaries - 0.01431 (ms)Pass: SetLayout - 0.07343 (ms)Pass: FullAncillaAllocation - 0.50569 (ms)Pass: EnlargeWithAncilla - 0.18311 (ms)Pass: ApplyLayout - 1.04833 (ms)Pass: CheckMap - 0.31066 (ms)Pass: FilterOpNodes - 0.03862 (ms)Pass: UnitarySynthesis - 0.00906 (ms)Pass: HighLevelSynthesis - 0.01597 (ms)Pass: BasisTranslator - 0.23603 (ms)Pass: Depth - 0.05984 (ms)Pass: Size - 0.00882 (ms)Pass: MinimumPoint - 0.03982 (ms)Pass: ConsolidateBlocks - 0.07892 (ms)Pass: UnitarySynthesis - 0.01097 (ms)Pass: RemoveIdentityEquivalent - 0.00691 (ms)Pass: Optimize1qGatesDecomposition - 0.09561 (ms)Pass: CommutativeCancellation - 0.15616 (ms)Pass: ContractIdleWiresInControlFlow - 0.00381 (ms)Pass: GatesInBasis - 0.03290 (ms)Pass: Depth - 0.04530 (ms)Pass: Size - 0.00405 (ms)Pass: MinimumPoint - 0.07439 (ms)Pass: ConsolidateBlocks - 0.07319 (ms)Pass: UnitarySynthesis - 0.00811 (ms)Pass: RemoveIdentityEquivalent - 0.00572 (ms)Pass: Optimize1qGatesDecomposition - 0.06604 (ms)Pass: CommutativeCancellation - 0.15783 (ms)Pass: ContractIdleWiresInControlFlow - 0.00334 (ms)Pass: GatesInBasis - 0.01359 (ms)Pass: Depth - 0.04554 (ms)Pass: Size - 0.00405 (ms)Pass: MinimumPoint - 0.00763 (ms)Pass: ContainsInstruction - 0.01764 (ms)Pass: InstructionDurationCheck - 0.01240 (ms)SQD counts diag: n_bits=8, first_bitstring=[0, 0, 1, 1, 0, 0, 1, 1], hamming_left=2, hamming_right=2
SQD postselect diag: total_samples=40, total_postselected=144, batch_sizes=[9, 9, 9, 9, 9, 9, 9, 9, 9, 9, 9, 9, 9, 9, 9, 9]
SQD batch diag: batch0_shape=(9, 8), first_bitstring=[0, 0, 1, 1, 0, 0, 1, 1], hamming_left=2, hamming_right=2
SQD sci diag: batch=0, norb=4, nelec=(2, 2), amp_norm=1.0, trace(rdm1)=4.0
SQD sci diag: batch=1, norb=4, nelec=(2, 2), amp_norm=1.0, trace(rdm1)=4.0
SQD sci diag: batch=2, norb=4, nelec=(2, 2), amp_norm=1.0, trace(rdm1)=4.0
SQD sci diag: batch=3, norb=4, nelec=(2, 2), amp_norm=1.0, trace(rdm1)=4.0
SQD sci diag: batch=4, norb=4, nelec=(2, 2), amp_norm=1.0, trace(rdm1)=4.0
SQD sci diag: batch=5, norb=4, nelec=(2, 2), amp_norm=1.0, trace(rdm1)=4.0
SQD sci diag: batch=6, norb=4, nelec=(2, 2), amp_norm=1.0, trace(rdm1)=4.0
SQD sci diag: batch=7, norb=4, nelec=(2, 2), amp_norm=1.0, trace(rdm1)=4.0
SQD sci diag: batch=8, norb=4, nelec=(2, 2), amp_norm=1.0, trace(rdm1)=4.0
SQD sci diag: batch=9, norb=4, nelec=(2, 2), amp_norm=1.0, trace(rdm1)=4.0
SQD sci diag: batch=10, norb=4, nelec=(2, 2), amp_norm=1.0, trace(rdm1)=4.0
SQD sci diag: batch=11, norb=4, nelec=(2, 2), amp_norm=1.0, trace(rdm1)=4.0
SQD sci diag: batch=12, norb=4, nelec=(2, 2), amp_norm=1.0, trace(rdm1)=4.0
SQD sci diag: batch=13, norb=4, nelec=(2, 2), amp_norm=1.0, trace(rdm1)=4.0
SQD sci diag: batch=14, norb=4, nelec=(2, 2), amp_norm=1.0, trace(rdm1)=4.0
SQD sci diag: batch=15, norb=4, nelec=(2, 2), amp_norm=1.0, trace(rdm1)=4.0
SQD postselect diag: total_samples=9, total_postselected=144, batch_sizes=[9, 9, 9, 9, 9, 9, 9, 9, 9, 9, 9, 9, 9, 9, 9, 9]
SQD batch diag: batch0_shape=(9, 8), first_bitstring=[0, 0, 1, 1, 0, 0, 1, 1], hamming_left=2, hamming_right=2
SQD sci diag: batch=0, norb=4, nelec=(2, 2), amp_norm=1.0, trace(rdm1)=4.0
SQD sci diag: batch=1, norb=4, nelec=(2, 2), amp_norm=1.0, trace(rdm1)=4.0
SQD sci diag: batch=2, norb=4, nelec=(2, 2), amp_norm=1.0, trace(rdm1)=4.0
SQD sci diag: batch=3, norb=4, nelec=(2, 2), amp_norm=1.0, trace(rdm1)=4.0
SQD sci diag: batch=4, norb=4, nelec=(2, 2), amp_norm=1.0, trace(rdm1)=4.0
SQD sci diag: batch=5, norb=4, nelec=(2, 2), amp_norm=1.0, trace(rdm1)=4.0
SQD sci diag: batch=6, norb=4, nelec=(2, 2), amp_norm=1.0, trace(rdm1)=4.0
SQD sci diag: batch=7, norb=4, nelec=(2, 2), amp_norm=1.0, trace(rdm1)=4.0
SQD sci diag: batch=8, norb=4, nelec=(2, 2), amp_norm=1.0, trace(rdm1)=4.0
SQD sci diag: batch=9, norb=4, nelec=(2, 2), amp_norm=1.0, trace(rdm1)=4.0
SQD sci diag: batch=10, norb=4, nelec=(2, 2), amp_norm=1.0, trace(rdm1)=4.0
SQD sci diag: batch=11, norb=4, nelec=(2, 2), amp_norm=1.0, trace(rdm1)=4.0
SQD sci diag: batch=12, norb=4, nelec=(2, 2), amp_norm=1.0, trace(rdm1)=4.0
SQD sci diag: batch=13, norb=4, nelec=(2, 2), amp_norm=1.0, trace(rdm1)=4.0
SQD sci diag: batch=14, norb=4, nelec=(2, 2), amp_norm=1.0, trace(rdm1)=4.0
SQD sci diag: batch=15, norb=4, nelec=(2, 2), amp_norm=1.0, trace(rdm1)=4.0
		SQD diag: n_active_mos=4, n_active_electrons=4, trace(onerdm)=4.0
		Fragment Energy = -61.24072182293996
		Number of Electrons in Fragment = 9.27046323119826
	Electron Residual = 0.3263857668861263
[Optimizer] Bracket found: (-0.05, 0.0). Starting Brent search...
	[OptimizerCache] Found mu=-0.050000 in cache. Skipping hardware calls.
	[OptimizerCache] Found mu=0.000000 in cache. Skipping hardware calls.
	[Optimizer] Evaluating mu=-0.004834 with 1 hardware jobs...
 	Iteration =  4
 	Chemical Potential (mu) =     -0.0048336639
 	----------------
 
	SCF Occupancy Eigenvalues for Fragment Number : # 0
	[3.99755246e-16 9.68405219e-17 2.16585410e-17 7.42072921e-18
 3.31504198e-17 1.09203149e-16 5.22803903e-06 1.68973454e-03
 9.50618111e-03 9.50619376e-03 1.00000000e+00 1.99049381e+00
 1.99049382e+00 1.99831027e+00 1.99999477e+00]

	SCF Occupancy Eigenvalues for Fragment Number : # 1
	[6.43921331e-17 1.67977533e-17 5.25678522e-18 5.71279559e-17
 1.04639346e-16 4.92014521e-16 5.22803903e-06 1.68973454e-03
 9.50618111e-03 9.50619376e-03 1.00000000e+00 1.99049381e+00
 1.99049382e+00 1.99831027e+00 1.99999477e+00]

		Fragment Number : #  1
		------------------------
		CCSD diag: n_active_mos=24, n_active_electrons=18, trace(onerdm)=18.0
		Fragment Energy = -60.86406698850827
		Number of Electrons in Fragment = 9.00110697058797
Fragment: n_homo=8, n_lumo=9, kept=[7, 8, 9, 10]
		Fragment Number : #  2
		------------------------
[AccountManager] SQD call 4: using account 1 (4/10)
Pass: Decompose - 0.27204 (ms)Pass: MergeOrbitalRotations - 0.06247 (ms)Pass: UnitarySynthesis - 0.00834 (ms)Pass: HighLevelSynthesis - 0.42033 (ms)Pass: BasisTranslator - 0.11778 (ms)Pass: ElidePermutations - 0.00715 (ms)Pass: RemoveDiagonalGatesBeforeMeasure - 0.00954 (ms)Pass: RemoveIdentityEquivalent - 0.00954 (ms)Pass: InverseCancellation - 0.01693 (ms)Pass: ContractIdleWiresInControlFlow - 0.00477 (ms)Pass: CommutativeCancellation - 0.03219 (ms)Pass: ConsolidateBlocks - 0.03719 (ms)Pass: Split2QUnitaries - 0.00358 (ms)Pass: SetLayout - 0.02646 (ms)Pass: FullAncillaAllocation - 0.56815 (ms)Pass: EnlargeWithAncilla - 0.12469 (ms)Pass: ApplyLayout - 0.44346 (ms)Pass: CheckMap - 0.09227 (ms)Pass: FilterOpNodes - 0.01740 (ms)Pass: UnitarySynthesis - 0.00691 (ms)Pass: HighLevelSynthesis - 0.01097 (ms)Pass: BasisTranslator - 0.10681 (ms)Pass: Depth - 0.02742 (ms)Pass: Size - 0.00501 (ms)Pass: MinimumPoint - 0.01144 (ms)Pass: ConsolidateBlocks - 0.05484 (ms)Pass: UnitarySynthesis - 0.00620 (ms)Pass: RemoveIdentityEquivalent - 0.00572 (ms)Pass: Optimize1qGatesDecomposition - 0.04983 (ms)Pass: CommutativeCancellation - 0.10300 (ms)Pass: ContractIdleWiresInControlFlow - 0.00310 (ms)Pass: GatesInBasis - 0.01788 (ms)Pass: Depth - 0.02766 (ms)Pass: Size - 0.00358 (ms)Pass: MinimumPoint - 0.04411 (ms)Pass: ConsolidateBlocks - 0.05102 (ms)Pass: UnitarySynthesis - 0.00596 (ms)Pass: RemoveIdentityEquivalent - 0.00548 (ms)Pass: Optimize1qGatesDecomposition - 0.03791 (ms)Pass: CommutativeCancellation - 0.09274 (ms)Pass: ContractIdleWiresInControlFlow - 0.00262 (ms)Pass: GatesInBasis - 0.01574 (ms)Pass: Depth - 0.02742 (ms)Pass: Size - 0.00358 (ms)Pass: MinimumPoint - 0.00668 (ms)Pass: ContainsInstruction - 0.00596 (ms)Pass: InstructionDurationCheck - 0.00525 (ms)SQD counts diag: n_bits=8, first_bitstring=[0, 0, 1, 1, 0, 0, 1, 1], hamming_left=2, hamming_right=2
SQD postselect diag: total_samples=41, total_postselected=144, batch_sizes=[9, 9, 9, 9, 9, 9, 9, 9, 9, 9, 9, 9, 9, 9, 9, 9]
SQD batch diag: batch0_shape=(9, 8), first_bitstring=[0, 0, 1, 1, 0, 0, 1, 1], hamming_left=2, hamming_right=2
SQD sci diag: batch=0, norb=4, nelec=(2, 2), amp_norm=1.0, trace(rdm1)=4.0
SQD sci diag: batch=1, norb=4, nelec=(2, 2), amp_norm=1.0, trace(rdm1)=4.0
SQD sci diag: batch=2, norb=4, nelec=(2, 2), amp_norm=1.0, trace(rdm1)=4.0
SQD sci diag: batch=3, norb=4, nelec=(2, 2), amp_norm=1.0, trace(rdm1)=4.0
SQD sci diag: batch=4, norb=4, nelec=(2, 2), amp_norm=1.0, trace(rdm1)=4.0
SQD sci diag: batch=5, norb=4, nelec=(2, 2), amp_norm=1.0, trace(rdm1)=4.0
SQD sci diag: batch=6, norb=4, nelec=(2, 2), amp_norm=1.0, trace(rdm1)=4.0
SQD sci diag: batch=7, norb=4, nelec=(2, 2), amp_norm=1.0, trace(rdm1)=4.0
SQD sci diag: batch=8, norb=4, nelec=(2, 2), amp_norm=1.0, trace(rdm1)=4.0
SQD sci diag: batch=9, norb=4, nelec=(2, 2), amp_norm=1.0, trace(rdm1)=4.0
SQD sci diag: batch=10, norb=4, nelec=(2, 2), amp_norm=1.0, trace(rdm1)=4.0
SQD sci diag: batch=11, norb=4, nelec=(2, 2), amp_norm=1.0, trace(rdm1)=4.0
SQD sci diag: batch=12, norb=4, nelec=(2, 2), amp_norm=1.0, trace(rdm1)=4.0
SQD sci diag: batch=13, norb=4, nelec=(2, 2), amp_norm=1.0, trace(rdm1)=4.0
SQD sci diag: batch=14, norb=4, nelec=(2, 2), amp_norm=1.0, trace(rdm1)=4.0
SQD sci diag: batch=15, norb=4, nelec=(2, 2), amp_norm=1.0, trace(rdm1)=4.0
SQD postselect diag: total_samples=9, total_postselected=144, batch_sizes=[9, 9, 9, 9, 9, 9, 9, 9, 9, 9, 9, 9, 9, 9, 9, 9]
SQD batch diag: batch0_shape=(9, 8), first_bitstring=[0, 0, 1, 1, 0, 0, 1, 1], hamming_left=2, hamming_right=2
SQD sci diag: batch=0, norb=4, nelec=(2, 2), amp_norm=1.0, trace(rdm1)=4.0
SQD sci diag: batch=1, norb=4, nelec=(2, 2), amp_norm=1.0, trace(rdm1)=4.0
SQD sci diag: batch=2, norb=4, nelec=(2, 2), amp_norm=1.0, trace(rdm1)=4.0
SQD sci diag: batch=3, norb=4, nelec=(2, 2), amp_norm=1.0, trace(rdm1)=4.0
SQD sci diag: batch=4, norb=4, nelec=(2, 2), amp_norm=1.0, trace(rdm1)=4.0
SQD sci diag: batch=5, norb=4, nelec=(2, 2), amp_norm=1.0, trace(rdm1)=4.0
SQD sci diag: batch=6, norb=4, nelec=(2, 2), amp_norm=1.0, trace(rdm1)=4.0
SQD sci diag: batch=7, norb=4, nelec=(2, 2), amp_norm=1.0, trace(rdm1)=4.0
SQD sci diag: batch=8, norb=4, nelec=(2, 2), amp_norm=1.0, trace(rdm1)=4.0
SQD sci diag: batch=9, norb=4, nelec=(2, 2), amp_norm=1.0, trace(rdm1)=4.0
SQD sci diag: batch=10, norb=4, nelec=(2, 2), amp_norm=1.0, trace(rdm1)=4.0
SQD sci diag: batch=11, norb=4, nelec=(2, 2), amp_norm=1.0, trace(rdm1)=4.0
SQD sci diag: batch=12, norb=4, nelec=(2, 2), amp_norm=1.0, trace(rdm1)=4.0
SQD sci diag: batch=13, norb=4, nelec=(2, 2), amp_norm=1.0, trace(rdm1)=4.0
SQD sci diag: batch=14, norb=4, nelec=(2, 2), amp_norm=1.0, trace(rdm1)=4.0
SQD sci diag: batch=15, norb=4, nelec=(2, 2), amp_norm=1.0, trace(rdm1)=4.0
		SQD diag: n_active_mos=4, n_active_electrons=4, trace(onerdm)=4.0
		Fragment Energy = -60.47358013614546
		Number of Electrons in Fragment = 8.921976364609897
	Electron Residual = -0.076916664802134
	[Optimizer] Evaluating mu=-0.001567 with 1 hardware jobs...
 	Iteration =  5
 	Chemical Potential (mu) =     -0.0015669083
 	----------------
 
	SCF Occupancy Eigenvalues for Fragment Number : # 0
	[3.99755246e-16 9.68405219e-17 2.16585410e-17 7.42072921e-18
 3.31504198e-17 1.09203149e-16 5.22803903e-06 1.68973454e-03
 9.50618111e-03 9.50619376e-03 1.00000000e+00 1.99049381e+00
 1.99049382e+00 1.99831027e+00 1.99999477e+00]

	SCF Occupancy Eigenvalues for Fragment Number : # 1
	[6.43921331e-17 1.67977533e-17 5.25678522e-18 5.71279559e-17
 1.04639346e-16 4.92014521e-16 5.22803903e-06 1.68973454e-03
 9.50618111e-03 9.50619376e-03 1.00000000e+00 1.99049381e+00
 1.99049382e+00 1.99831027e+00 1.99999477e+00]

		Fragment Number : #  1
		------------------------
		CCSD diag: n_active_mos=24, n_active_electrons=18, trace(onerdm)=18.0
		Fragment Energy = -60.87314746309973
		Number of Electrons in Fragment = 9.004369078688034
Fragment: n_homo=8, n_lumo=9, kept=[7, 8, 9, 10]
		Fragment Number : #  2
		------------------------
[AccountManager] SQD call 5: using account 1 (5/10)
Pass: Decompose - 0.32187 (ms)Pass: MergeOrbitalRotations - 0.03719 (ms)Pass: UnitarySynthesis - 0.00906 (ms)Pass: HighLevelSynthesis - 0.40746 (ms)Pass: BasisTranslator - 0.11063 (ms)Pass: ElidePermutations - 0.01025 (ms)Pass: RemoveDiagonalGatesBeforeMeasure - 0.01097 (ms)Pass: RemoveIdentityEquivalent - 0.00668 (ms)Pass: InverseCancellation - 0.01764 (ms)Pass: ContractIdleWiresInControlFlow - 0.00191 (ms)Pass: CommutativeCancellation - 0.03362 (ms)Pass: ConsolidateBlocks - 0.03767 (ms)Pass: Split2QUnitaries - 0.00525 (ms)Pass: SetLayout - 0.02456 (ms)Pass: FullAncillaAllocation - 0.22483 (ms)Pass: EnlargeWithAncilla - 0.07915 (ms)Pass: ApplyLayout - 0.44584 (ms)Pass: CheckMap - 0.09060 (ms)Pass: FilterOpNodes - 0.01812 (ms)Pass: UnitarySynthesis - 0.00429 (ms)Pass: HighLevelSynthesis - 0.00715 (ms)Pass: BasisTranslator - 0.10180 (ms)Pass: Depth - 0.02646 (ms)Pass: Size - 0.00286 (ms)Pass: MinimumPoint - 0.02074 (ms)Pass: ConsolidateBlocks - 0.03743 (ms)Pass: UnitarySynthesis - 0.00381 (ms)Pass: RemoveIdentityEquivalent - 0.00381 (ms)Pass: Optimize1qGatesDecomposition - 0.05221 (ms)Pass: CommutativeCancellation - 0.07439 (ms)Pass: ContractIdleWiresInControlFlow - 0.00167 (ms)Pass: GatesInBasis - 0.01693 (ms)Pass: Depth - 0.02122 (ms)Pass: Size - 0.00191 (ms)Pass: MinimumPoint - 0.03481 (ms)Pass: ConsolidateBlocks - 0.03433 (ms)Pass: UnitarySynthesis - 0.00358 (ms)Pass: RemoveIdentityEquivalent - 0.00286 (ms)Pass: Optimize1qGatesDecomposition - 0.03052 (ms)Pass: CommutativeCancellation - 0.06986 (ms)Pass: ContractIdleWiresInControlFlow - 0.00143 (ms)Pass: GatesInBasis - 0.01097 (ms)Pass: Depth - 0.02050 (ms)Pass: Size - 0.00191 (ms)Pass: MinimumPoint - 0.00358 (ms)Pass: ContainsInstruction - 0.00477 (ms)Pass: InstructionDurationCheck - 0.00334 (ms)SQD counts diag: n_bits=8, first_bitstring=[0, 0, 1, 1, 0, 0, 1, 1], hamming_left=2, hamming_right=2
SQD postselect diag: total_samples=41, total_postselected=144, batch_sizes=[9, 9, 9, 9, 9, 9, 9, 9, 9, 9, 9, 9, 9, 9, 9, 9]
SQD batch diag: batch0_shape=(9, 8), first_bitstring=[0, 0, 1, 1, 0, 0, 1, 1], hamming_left=2, hamming_right=2
SQD sci diag: batch=0, norb=4, nelec=(2, 2), amp_norm=1.0, trace(rdm1)=4.0
SQD sci diag: batch=1, norb=4, nelec=(2, 2), amp_norm=1.0, trace(rdm1)=4.0
SQD sci diag: batch=2, norb=4, nelec=(2, 2), amp_norm=1.0, trace(rdm1)=4.0
SQD sci diag: batch=3, norb=4, nelec=(2, 2), amp_norm=1.0, trace(rdm1)=4.0
SQD sci diag: batch=4, norb=4, nelec=(2, 2), amp_norm=1.0, trace(rdm1)=4.0
SQD sci diag: batch=5, norb=4, nelec=(2, 2), amp_norm=1.0, trace(rdm1)=4.0
SQD sci diag: batch=6, norb=4, nelec=(2, 2), amp_norm=1.0, trace(rdm1)=4.0
SQD sci diag: batch=7, norb=4, nelec=(2, 2), amp_norm=1.0, trace(rdm1)=4.0
SQD sci diag: batch=8, norb=4, nelec=(2, 2), amp_norm=1.0, trace(rdm1)=4.0
SQD sci diag: batch=9, norb=4, nelec=(2, 2), amp_norm=1.0, trace(rdm1)=4.0
SQD sci diag: batch=10, norb=4, nelec=(2, 2), amp_norm=1.0, trace(rdm1)=4.0
SQD sci diag: batch=11, norb=4, nelec=(2, 2), amp_norm=1.0, trace(rdm1)=4.0
SQD sci diag: batch=12, norb=4, nelec=(2, 2), amp_norm=1.0, trace(rdm1)=4.0
SQD sci diag: batch=13, norb=4, nelec=(2, 2), amp_norm=1.0, trace(rdm1)=4.0
SQD sci diag: batch=14, norb=4, nelec=(2, 2), amp_norm=1.0, trace(rdm1)=4.0
SQD sci diag: batch=15, norb=4, nelec=(2, 2), amp_norm=1.0, trace(rdm1)=4.0
SQD postselect diag: total_samples=9, total_postselected=144, batch_sizes=[9, 9, 9, 9, 9, 9, 9, 9, 9, 9, 9, 9, 9, 9, 9, 9]
SQD batch diag: batch0_shape=(9, 8), first_bitstring=[0, 0, 1, 1, 0, 0, 1, 1], hamming_left=2, hamming_right=2
SQD sci diag: batch=0, norb=4, nelec=(2, 2), amp_norm=1.0, trace(rdm1)=4.0
SQD sci diag: batch=1, norb=4, nelec=(2, 2), amp_norm=1.0, trace(rdm1)=4.0
SQD sci diag: batch=2, norb=4, nelec=(2, 2), amp_norm=1.0, trace(rdm1)=4.0
SQD sci diag: batch=3, norb=4, nelec=(2, 2), amp_norm=1.0, trace(rdm1)=4.0
SQD sci diag: batch=4, norb=4, nelec=(2, 2), amp_norm=1.0, trace(rdm1)=4.0
SQD sci diag: batch=5, norb=4, nelec=(2, 2), amp_norm=1.0, trace(rdm1)=4.0
SQD sci diag: batch=6, norb=4, nelec=(2, 2), amp_norm=1.0, trace(rdm1)=4.0
SQD sci diag: batch=7, norb=4, nelec=(2, 2), amp_norm=1.0, trace(rdm1)=4.0
SQD sci diag: batch=8, norb=4, nelec=(2, 2), amp_norm=1.0, trace(rdm1)=4.0
SQD sci diag: batch=9, norb=4, nelec=(2, 2), amp_norm=1.0, trace(rdm1)=4.0
SQD sci diag: batch=10, norb=4, nelec=(2, 2), amp_norm=1.0, trace(rdm1)=4.0
SQD sci diag: batch=11, norb=4, nelec=(2, 2), amp_norm=1.0, trace(rdm1)=4.0
SQD sci diag: batch=12, norb=4, nelec=(2, 2), amp_norm=1.0, trace(rdm1)=4.0
SQD sci diag: batch=13, norb=4, nelec=(2, 2), amp_norm=1.0, trace(rdm1)=4.0
SQD sci diag: batch=14, norb=4, nelec=(2, 2), amp_norm=1.0, trace(rdm1)=4.0
SQD sci diag: batch=15, norb=4, nelec=(2, 2), amp_norm=1.0, trace(rdm1)=4.0
		SQD diag: n_active_mos=4, n_active_electrons=4, trace(onerdm)=4.0
		Fragment Energy = -60.512753766652466
		Number of Electrons in Fragment = 8.939774849540456
	Electron Residual = -0.0558560717715082
	[Optimizer] Evaluating mu=-0.000623 with 1 hardware jobs...
 	Iteration =  6
 	Chemical Potential (mu) =     -0.0006232754
 	----------------
 
	SCF Occupancy Eigenvalues for Fragment Number : # 0
	[3.99755246e-16 9.68405219e-17 2.16585410e-17 7.42072921e-18
 3.31504198e-17 1.09203149e-16 5.22803903e-06 1.68973454e-03
 9.50618111e-03 9.50619376e-03 1.00000000e+00 1.99049381e+00
 1.99049382e+00 1.99831027e+00 1.99999477e+00]

	SCF Occupancy Eigenvalues for Fragment Number : # 1
	[6.43921331e-17 1.67977533e-17 5.25678522e-18 5.71279559e-17
 1.04639346e-16 4.92014521e-16 5.22803903e-06 1.68973454e-03
 9.50618111e-03 9.50619376e-03 1.00000000e+00 1.99049381e+00
 1.99049382e+00 1.99831027e+00 1.99999477e+00]

		Fragment Number : #  1
		------------------------
		CCSD diag: n_active_mos=24, n_active_electrons=18, trace(onerdm)=18.0
		Fragment Energy = -60.87576962103848
		Number of Electrons in Fragment = 9.00531146351304
Fragment: n_homo=8, n_lumo=9, kept=[7, 8, 9, 10]
		Fragment Number : #  2
		------------------------
[AccountManager] SQD call 6: using account 1 (6/10)
Pass: Decompose - 0.33236 (ms)Pass: MergeOrbitalRotations - 0.03695 (ms)Pass: UnitarySynthesis - 0.02456 (ms)Pass: HighLevelSynthesis - 0.40579 (ms)Pass: BasisTranslator - 0.10920 (ms)Pass: ElidePermutations - 0.01049 (ms)Pass: RemoveDiagonalGatesBeforeMeasure - 0.01144 (ms)Pass: RemoveIdentityEquivalent - 0.00739 (ms)Pass: InverseCancellation - 0.01740 (ms)Pass: ContractIdleWiresInControlFlow - 0.00167 (ms)Pass: CommutativeCancellation - 0.03386 (ms)Pass: ConsolidateBlocks - 0.03815 (ms)Pass: Split2QUnitaries - 0.00548 (ms)Pass: SetLayout - 0.02432 (ms)Pass: FullAncillaAllocation - 0.21935 (ms)Pass: EnlargeWithAncilla - 0.07749 (ms)Pass: ApplyLayout - 0.43893 (ms)Pass: CheckMap - 0.09179 (ms)Pass: FilterOpNodes - 0.01788 (ms)Pass: UnitarySynthesis - 0.00429 (ms)Pass: HighLevelSynthesis - 0.01335 (ms)Pass: BasisTranslator - 0.13065 (ms)Pass: Depth - 0.02813 (ms)Pass: Size - 0.00334 (ms)Pass: MinimumPoint - 0.02074 (ms)Pass: ConsolidateBlocks - 0.04077 (ms)Pass: UnitarySynthesis - 0.00381 (ms)Pass: RemoveIdentityEquivalent - 0.00358 (ms)Pass: Optimize1qGatesDecomposition - 0.05460 (ms)Pass: CommutativeCancellation - 0.08059 (ms)Pass: ContractIdleWiresInControlFlow - 0.00167 (ms)Pass: GatesInBasis - 0.01788 (ms)Pass: Depth - 0.02265 (ms)Pass: Size - 0.00191 (ms)Pass: MinimumPoint - 0.03695 (ms)Pass: ConsolidateBlocks - 0.03791 (ms)Pass: UnitarySynthesis - 0.00381 (ms)Pass: RemoveIdentityEquivalent - 0.00310 (ms)Pass: Optimize1qGatesDecomposition - 0.03409 (ms)Pass: CommutativeCancellation - 0.07486 (ms)Pass: ContractIdleWiresInControlFlow - 0.00167 (ms)Pass: GatesInBasis - 0.01192 (ms)Pass: Depth - 0.03147 (ms)Pass: Size - 0.00215 (ms)Pass: MinimumPoint - 0.00381 (ms)Pass: ContainsInstruction - 0.00477 (ms)Pass: InstructionDurationCheck - 0.00310 (ms)SQD counts diag: n_bits=8, first_bitstring=[0, 0, 1, 1, 0, 0, 1, 1], hamming_left=2, hamming_right=2
SQD postselect diag: total_samples=40, total_postselected=144, batch_sizes=[9, 9, 9, 9, 9, 9, 9, 9, 9, 9, 9, 9, 9, 9, 9, 9]
SQD batch diag: batch0_shape=(9, 8), first_bitstring=[0, 0, 1, 1, 0, 0, 1, 1], hamming_left=2, hamming_right=2
SQD sci diag: batch=0, norb=4, nelec=(2, 2), amp_norm=1.0, trace(rdm1)=4.0
SQD sci diag: batch=1, norb=4, nelec=(2, 2), amp_norm=1.0, trace(rdm1)=4.0
SQD sci diag: batch=2, norb=4, nelec=(2, 2), amp_norm=1.0, trace(rdm1)=4.0
SQD sci diag: batch=3, norb=4, nelec=(2, 2), amp_norm=1.0, trace(rdm1)=4.0
SQD sci diag: batch=4, norb=4, nelec=(2, 2), amp_norm=1.0, trace(rdm1)=4.0
SQD sci diag: batch=5, norb=4, nelec=(2, 2), amp_norm=1.0, trace(rdm1)=4.0
SQD sci diag: batch=6, norb=4, nelec=(2, 2), amp_norm=1.0, trace(rdm1)=4.0
SQD sci diag: batch=7, norb=4, nelec=(2, 2), amp_norm=1.0, trace(rdm1)=4.0
SQD sci diag: batch=8, norb=4, nelec=(2, 2), amp_norm=1.0, trace(rdm1)=4.0
SQD sci diag: batch=9, norb=4, nelec=(2, 2), amp_norm=1.0, trace(rdm1)=4.0
SQD sci diag: batch=10, norb=4, nelec=(2, 2), amp_norm=1.0, trace(rdm1)=4.0
SQD sci diag: batch=11, norb=4, nelec=(2, 2), amp_norm=1.0, trace(rdm1)=4.0
SQD sci diag: batch=12, norb=4, nelec=(2, 2), amp_norm=1.0, trace(rdm1)=4.0
SQD sci diag: batch=13, norb=4, nelec=(2, 2), amp_norm=1.0, trace(rdm1)=4.0
SQD sci diag: batch=14, norb=4, nelec=(2, 2), amp_norm=1.0, trace(rdm1)=4.0
SQD sci diag: batch=15, norb=4, nelec=(2, 2), amp_norm=1.0, trace(rdm1)=4.0
SQD postselect diag: total_samples=9, total_postselected=144, batch_sizes=[9, 9, 9, 9, 9, 9, 9, 9, 9, 9, 9, 9, 9, 9, 9, 9]
SQD batch diag: batch0_shape=(9, 8), first_bitstring=[0, 0, 1, 1, 0, 0, 1, 1], hamming_left=2, hamming_right=2
SQD sci diag: batch=0, norb=4, nelec=(2, 2), amp_norm=1.0, trace(rdm1)=4.0
SQD sci diag: batch=1, norb=4, nelec=(2, 2), amp_norm=1.0, trace(rdm1)=4.0
SQD sci diag: batch=2, norb=4, nelec=(2, 2), amp_norm=1.0, trace(rdm1)=4.0
SQD sci diag: batch=3, norb=4, nelec=(2, 2), amp_norm=1.0, trace(rdm1)=4.0
SQD sci diag: batch=4, norb=4, nelec=(2, 2), amp_norm=1.0, trace(rdm1)=4.0
SQD sci diag: batch=5, norb=4, nelec=(2, 2), amp_norm=1.0, trace(rdm1)=4.0
SQD sci diag: batch=6, norb=4, nelec=(2, 2), amp_norm=1.0, trace(rdm1)=4.0
SQD sci diag: batch=7, norb=4, nelec=(2, 2), amp_norm=1.0, trace(rdm1)=4.0
SQD sci diag: batch=8, norb=4, nelec=(2, 2), amp_norm=1.0, trace(rdm1)=4.0
SQD sci diag: batch=9, norb=4, nelec=(2, 2), amp_norm=1.0, trace(rdm1)=4.0
SQD sci diag: batch=10, norb=4, nelec=(2, 2), amp_norm=1.0, trace(rdm1)=4.0
SQD sci diag: batch=11, norb=4, nelec=(2, 2), amp_norm=1.0, trace(rdm1)=4.0
SQD sci diag: batch=12, norb=4, nelec=(2, 2), amp_norm=1.0, trace(rdm1)=4.0
SQD sci diag: batch=13, norb=4, nelec=(2, 2), amp_norm=1.0, trace(rdm1)=4.0
SQD sci diag: batch=14, norb=4, nelec=(2, 2), amp_norm=1.0, trace(rdm1)=4.0
SQD sci diag: batch=15, norb=4, nelec=(2, 2), amp_norm=1.0, trace(rdm1)=4.0
		SQD diag: n_active_mos=4, n_active_electrons=4, trace(onerdm)=4.0
		Fragment Energy = -60.70804320069196
		Number of Electrons in Fragment = 9.027571871579179
	Electron Residual = 0.03288333509221886
	[Optimizer] Evaluating mu=-0.001095 with 1 hardware jobs...
 	Iteration =  7
 	Chemical Potential (mu) =     -0.0010950919
 	----------------
 
	SCF Occupancy Eigenvalues for Fragment Number : # 0
	[3.99755246e-16 9.68405219e-17 2.16585410e-17 7.42072921e-18
 3.31504198e-17 1.09203149e-16 5.22803903e-06 1.68973454e-03
 9.50618111e-03 9.50619376e-03 1.00000000e+00 1.99049381e+00
 1.99049382e+00 1.99831027e+00 1.99999477e+00]

	SCF Occupancy Eigenvalues for Fragment Number : # 1
	[6.43921331e-17 1.67977533e-17 5.25678522e-18 5.71279559e-17
 1.04639346e-16 4.92014521e-16 5.22803903e-06 1.68973454e-03
 9.50618111e-03 9.50619376e-03 1.00000000e+00 1.99049381e+00
 1.99049382e+00 1.99831027e+00 1.99999477e+00]

		Fragment Number : #  1
		------------------------
		CCSD diag: n_active_mos=24, n_active_electrons=18, trace(onerdm)=18.0
		Fragment Energy = -60.87445858725207
		Number of Electrons in Fragment = 9.004840266361372
Fragment: n_homo=8, n_lumo=9, kept=[7, 8, 9, 10]
		Fragment Number : #  2
		------------------------
[AccountManager] SQD call 7: using account 1 (7/10)
Pass: Decompose - 0.27084 (ms)Pass: MergeOrbitalRotations - 0.02933 (ms)Pass: UnitarySynthesis - 0.00644 (ms)Pass: HighLevelSynthesis - 0.37265 (ms)Pass: BasisTranslator - 0.10943 (ms)Pass: ElidePermutations - 0.00620 (ms)Pass: RemoveDiagonalGatesBeforeMeasure - 0.00811 (ms)Pass: RemoveIdentityEquivalent - 0.00644 (ms)Pass: InverseCancellation - 0.01335 (ms)Pass: ContractIdleWiresInControlFlow - 0.00215 (ms)Pass: CommutativeCancellation - 0.03123 (ms)Pass: ConsolidateBlocks - 0.03362 (ms)Pass: Split2QUnitaries - 0.00215 (ms)Pass: SetLayout - 0.01788 (ms)Pass: FullAncillaAllocation - 0.21648 (ms)Pass: EnlargeWithAncilla - 0.07796 (ms)Pass: ApplyLayout - 0.43249 (ms)Pass: CheckMap - 0.09418 (ms)Pass: FilterOpNodes - 0.01502 (ms)Pass: UnitarySynthesis - 0.00477 (ms)Pass: HighLevelSynthesis - 0.00715 (ms)Pass: BasisTranslator - 0.09990 (ms)Pass: Depth - 0.02527 (ms)Pass: Size - 0.00286 (ms)Pass: MinimumPoint - 0.00787 (ms)Pass: ConsolidateBlocks - 0.03815 (ms)Pass: UnitarySynthesis - 0.00358 (ms)Pass: RemoveIdentityEquivalent - 0.00334 (ms)Pass: Optimize1qGatesDecomposition - 0.04101 (ms)Pass: CommutativeCancellation - 0.07915 (ms)Pass: ContractIdleWiresInControlFlow - 0.00191 (ms)Pass: GatesInBasis - 0.01407 (ms)Pass: Depth - 0.02050 (ms)Pass: Size - 0.00191 (ms)Pass: MinimumPoint - 0.03695 (ms)Pass: ConsolidateBlocks - 0.03505 (ms)Pass: UnitarySynthesis - 0.00358 (ms)Pass: RemoveIdentityEquivalent - 0.00286 (ms)Pass: Optimize1qGatesDecomposition - 0.03171 (ms)Pass: CommutativeCancellation - 0.07272 (ms)Pass: ContractIdleWiresInControlFlow - 0.00143 (ms)Pass: GatesInBasis - 0.01216 (ms)Pass: Depth - 0.02146 (ms)Pass: Size - 0.00215 (ms)Pass: MinimumPoint - 0.00381 (ms)Pass: ContainsInstruction - 0.00453 (ms)Pass: InstructionDurationCheck - 0.00358 (ms)SQD counts diag: n_bits=8, first_bitstring=[0, 0, 1, 1, 0, 0, 1, 1], hamming_left=2, hamming_right=2
SQD postselect diag: total_samples=40, total_postselected=144, batch_sizes=[9, 9, 9, 9, 9, 9, 9, 9, 9, 9, 9, 9, 9, 9, 9, 9]
SQD batch diag: batch0_shape=(9, 8), first_bitstring=[0, 0, 1, 1, 0, 0, 1, 1], hamming_left=2, hamming_right=2
SQD sci diag: batch=0, norb=4, nelec=(2, 2), amp_norm=1.0, trace(rdm1)=4.0
SQD sci diag: batch=1, norb=4, nelec=(2, 2), amp_norm=1.0, trace(rdm1)=4.0
SQD sci diag: batch=2, norb=4, nelec=(2, 2), amp_norm=1.0, trace(rdm1)=4.0
SQD sci diag: batch=3, norb=4, nelec=(2, 2), amp_norm=1.0, trace(rdm1)=4.0
SQD sci diag: batch=4, norb=4, nelec=(2, 2), amp_norm=1.0, trace(rdm1)=4.0
SQD sci diag: batch=5, norb=4, nelec=(2, 2), amp_norm=1.0, trace(rdm1)=4.0
SQD sci diag: batch=6, norb=4, nelec=(2, 2), amp_norm=1.0, trace(rdm1)=4.0
SQD sci diag: batch=7, norb=4, nelec=(2, 2), amp_norm=1.0, trace(rdm1)=4.0
SQD sci diag: batch=8, norb=4, nelec=(2, 2), amp_norm=1.0, trace(rdm1)=4.0
SQD sci diag: batch=9, norb=4, nelec=(2, 2), amp_norm=1.0, trace(rdm1)=4.0
SQD sci diag: batch=10, norb=4, nelec=(2, 2), amp_norm=1.0, trace(rdm1)=4.0
SQD sci diag: batch=11, norb=4, nelec=(2, 2), amp_norm=1.0, trace(rdm1)=4.0
SQD sci diag: batch=12, norb=4, nelec=(2, 2), amp_norm=1.0, trace(rdm1)=4.0
SQD sci diag: batch=13, norb=4, nelec=(2, 2), amp_norm=1.0, trace(rdm1)=4.0
SQD sci diag: batch=14, norb=4, nelec=(2, 2), amp_norm=1.0, trace(rdm1)=4.0
SQD sci diag: batch=15, norb=4, nelec=(2, 2), amp_norm=1.0, trace(rdm1)=4.0
SQD postselect diag: total_samples=9, total_postselected=144, batch_sizes=[9, 9, 9, 9, 9, 9, 9, 9, 9, 9, 9, 9, 9, 9, 9, 9]
SQD batch diag: batch0_shape=(9, 8), first_bitstring=[0, 0, 1, 1, 0, 0, 1, 1], hamming_left=2, hamming_right=2
SQD sci diag: batch=0, norb=4, nelec=(2, 2), amp_norm=1.0, trace(rdm1)=4.0
SQD sci diag: batch=1, norb=4, nelec=(2, 2), amp_norm=1.0, trace(rdm1)=4.0
SQD sci diag: batch=2, norb=4, nelec=(2, 2), amp_norm=1.0, trace(rdm1)=4.0
SQD sci diag: batch=3, norb=4, nelec=(2, 2), amp_norm=1.0, trace(rdm1)=4.0
SQD sci diag: batch=4, norb=4, nelec=(2, 2), amp_norm=1.0, trace(rdm1)=4.0
SQD sci diag: batch=5, norb=4, nelec=(2, 2), amp_norm=1.0, trace(rdm1)=4.0
SQD sci diag: batch=6, norb=4, nelec=(2, 2), amp_norm=1.0, trace(rdm1)=4.0
SQD sci diag: batch=7, norb=4, nelec=(2, 2), amp_norm=1.0, trace(rdm1)=4.0
SQD sci diag: batch=8, norb=4, nelec=(2, 2), amp_norm=1.0, trace(rdm1)=4.0
SQD sci diag: batch=9, norb=4, nelec=(2, 2), amp_norm=1.0, trace(rdm1)=4.0
SQD sci diag: batch=10, norb=4, nelec=(2, 2), amp_norm=1.0, trace(rdm1)=4.0
SQD sci diag: batch=11, norb=4, nelec=(2, 2), amp_norm=1.0, trace(rdm1)=4.0
SQD sci diag: batch=12, norb=4, nelec=(2, 2), amp_norm=1.0, trace(rdm1)=4.0
SQD sci diag: batch=13, norb=4, nelec=(2, 2), amp_norm=1.0, trace(rdm1)=4.0
SQD sci diag: batch=14, norb=4, nelec=(2, 2), amp_norm=1.0, trace(rdm1)=4.0
SQD sci diag: batch=15, norb=4, nelec=(2, 2), amp_norm=1.0, trace(rdm1)=4.0
		SQD diag: n_active_mos=4, n_active_electrons=4, trace(onerdm)=4.0
		Fragment Energy = -60.702909607164685
		Number of Electrons in Fragment = 9.025255938018498
	Electron Residual = 0.030096204379869818
	[Optimizer] Evaluating mu=-0.001331 with 1 hardware jobs...
 	Iteration =  8
 	Chemical Potential (mu) =     -0.0013310001
 	----------------
 
	SCF Occupancy Eigenvalues for Fragment Number : # 0
	[3.99755246e-16 9.68405219e-17 2.16585410e-17 7.42072921e-18
 3.31504198e-17 1.09203149e-16 5.22803903e-06 1.68973454e-03
 9.50618111e-03 9.50619376e-03 1.00000000e+00 1.99049381e+00
 1.99049382e+00 1.99831027e+00 1.99999477e+00]

	SCF Occupancy Eigenvalues for Fragment Number : # 1
	[6.43921331e-17 1.67977533e-17 5.25678522e-18 5.71279559e-17
 1.04639346e-16 4.92014521e-16 5.22803903e-06 1.68973454e-03
 9.50618111e-03 9.50619376e-03 1.00000000e+00 1.99049381e+00
 1.99049382e+00 1.99831027e+00 1.99999477e+00]

		Fragment Number : #  1
		------------------------
		CCSD diag: n_active_mos=24, n_active_electrons=18, trace(onerdm)=18.0
		Fragment Energy = -60.87380303676511
		Number of Electrons in Fragment = 9.004604671195493
Fragment: n_homo=8, n_lumo=9, kept=[7, 8, 9, 10]
		Fragment Number : #  2
		------------------------
[AccountManager] SQD call 8: using account 1 (8/10)
Pass: Decompose - 0.32568 (ms)Pass: MergeOrbitalRotations - 0.03624 (ms)Pass: UnitarySynthesis - 0.00978 (ms)Pass: HighLevelSynthesis - 0.41008 (ms)Pass: BasisTranslator - 0.11253 (ms)Pass: ElidePermutations - 0.01025 (ms)Pass: RemoveDiagonalGatesBeforeMeasure - 0.01144 (ms)Pass: RemoveIdentityEquivalent - 0.00596 (ms)Pass: InverseCancellation - 0.01764 (ms)Pass: ContractIdleWiresInControlFlow - 0.00215 (ms)Pass: CommutativeCancellation - 0.03338 (ms)Pass: ConsolidateBlocks - 0.03767 (ms)Pass: Split2QUnitaries - 0.00548 (ms)Pass: SetLayout - 0.02527 (ms)Pass: FullAncillaAllocation - 0.21672 (ms)Pass: EnlargeWithAncilla - 0.08011 (ms)Pass: ApplyLayout - 0.44084 (ms)Pass: CheckMap - 0.09227 (ms)Pass: FilterOpNodes - 0.01740 (ms)Pass: UnitarySynthesis - 0.00453 (ms)Pass: HighLevelSynthesis - 0.00715 (ms)Pass: BasisTranslator - 0.10014 (ms)Pass: Depth - 0.02623 (ms)Pass: Size - 0.00286 (ms)Pass: MinimumPoint - 0.02027 (ms)Pass: ConsolidateBlocks - 0.03839 (ms)Pass: UnitarySynthesis - 0.00358 (ms)Pass: RemoveIdentityEquivalent - 0.00334 (ms)Pass: Optimize1qGatesDecomposition - 0.05126 (ms)Pass: CommutativeCancellation - 0.07606 (ms)Pass: ContractIdleWiresInControlFlow - 0.00191 (ms)Pass: GatesInBasis - 0.01717 (ms)Pass: Depth - 0.02122 (ms)Pass: Size - 0.00215 (ms)Pass: MinimumPoint - 0.03695 (ms)Pass: ConsolidateBlocks - 0.03600 (ms)Pass: UnitarySynthesis - 0.00358 (ms)Pass: RemoveIdentityEquivalent - 0.00262 (ms)Pass: Optimize1qGatesDecomposition - 0.03362 (ms)Pass: CommutativeCancellation - 0.07010 (ms)Pass: ContractIdleWiresInControlFlow - 0.00167 (ms)Pass: GatesInBasis - 0.01144 (ms)Pass: Depth - 0.02050 (ms)Pass: Size - 0.00191 (ms)Pass: MinimumPoint - 0.00358 (ms)Pass: ContainsInstruction - 0.00429 (ms)Pass: InstructionDurationCheck - 0.00334 (ms)SQD counts diag: n_bits=8, first_bitstring=[0, 0, 1, 1, 0, 0, 1, 1], hamming_left=2, hamming_right=2
SQD postselect diag: total_samples=37, total_postselected=144, batch_sizes=[9, 9, 9, 9, 9, 9, 9, 9, 9, 9, 9, 9, 9, 9, 9, 9]
SQD batch diag: batch0_shape=(9, 8), first_bitstring=[0, 0, 1, 1, 0, 0, 1, 1], hamming_left=2, hamming_right=2
SQD sci diag: batch=0, norb=4, nelec=(2, 2), amp_norm=1.0, trace(rdm1)=4.0
SQD sci diag: batch=1, norb=4, nelec=(2, 2), amp_norm=1.0, trace(rdm1)=4.0
SQD sci diag: batch=2, norb=4, nelec=(2, 2), amp_norm=1.0, trace(rdm1)=4.0
SQD sci diag: batch=3, norb=4, nelec=(2, 2), amp_norm=1.0, trace(rdm1)=4.0
SQD sci diag: batch=4, norb=4, nelec=(2, 2), amp_norm=1.0, trace(rdm1)=4.0
SQD sci diag: batch=5, norb=4, nelec=(2, 2), amp_norm=1.0, trace(rdm1)=4.0
SQD sci diag: batch=6, norb=4, nelec=(2, 2), amp_norm=1.0, trace(rdm1)=4.0
SQD sci diag: batch=7, norb=4, nelec=(2, 2), amp_norm=1.0, trace(rdm1)=4.0
SQD sci diag: batch=8, norb=4, nelec=(2, 2), amp_norm=1.0, trace(rdm1)=4.0
SQD sci diag: batch=9, norb=4, nelec=(2, 2), amp_norm=1.0, trace(rdm1)=4.0
SQD sci diag: batch=10, norb=4, nelec=(2, 2), amp_norm=1.0, trace(rdm1)=4.0
SQD sci diag: batch=11, norb=4, nelec=(2, 2), amp_norm=1.0, trace(rdm1)=4.0
SQD sci diag: batch=12, norb=4, nelec=(2, 2), amp_norm=1.0, trace(rdm1)=4.0
SQD sci diag: batch=13, norb=4, nelec=(2, 2), amp_norm=1.0, trace(rdm1)=4.0
SQD sci diag: batch=14, norb=4, nelec=(2, 2), amp_norm=1.0, trace(rdm1)=4.0
SQD sci diag: batch=15, norb=4, nelec=(2, 2), amp_norm=1.0, trace(rdm1)=4.0
SQD postselect diag: total_samples=9, total_postselected=144, batch_sizes=[9, 9, 9, 9, 9, 9, 9, 9, 9, 9, 9, 9, 9, 9, 9, 9]
SQD batch diag: batch0_shape=(9, 8), first_bitstring=[0, 0, 1, 1, 0, 0, 1, 1], hamming_left=2, hamming_right=2
SQD sci diag: batch=0, norb=4, nelec=(2, 2), amp_norm=1.0, trace(rdm1)=4.0
SQD sci diag: batch=1, norb=4, nelec=(2, 2), amp_norm=1.0, trace(rdm1)=4.0
SQD sci diag: batch=2, norb=4, nelec=(2, 2), amp_norm=1.0, trace(rdm1)=4.0
SQD sci diag: batch=3, norb=4, nelec=(2, 2), amp_norm=1.0, trace(rdm1)=4.0
SQD sci diag: batch=4, norb=4, nelec=(2, 2), amp_norm=1.0, trace(rdm1)=4.0
SQD sci diag: batch=5, norb=4, nelec=(2, 2), amp_norm=1.0, trace(rdm1)=4.0
SQD sci diag: batch=6, norb=4, nelec=(2, 2), amp_norm=1.0, trace(rdm1)=4.0
SQD sci diag: batch=7, norb=4, nelec=(2, 2), amp_norm=1.0, trace(rdm1)=4.0
SQD sci diag: batch=8, norb=4, nelec=(2, 2), amp_norm=1.0, trace(rdm1)=4.0
SQD sci diag: batch=9, norb=4, nelec=(2, 2), amp_norm=1.0, trace(rdm1)=4.0
SQD sci diag: batch=10, norb=4, nelec=(2, 2), amp_norm=1.0, trace(rdm1)=4.0
SQD sci diag: batch=11, norb=4, nelec=(2, 2), amp_norm=1.0, trace(rdm1)=4.0
SQD sci diag: batch=12, norb=4, nelec=(2, 2), amp_norm=1.0, trace(rdm1)=4.0
SQD sci diag: batch=13, norb=4, nelec=(2, 2), amp_norm=1.0, trace(rdm1)=4.0
SQD sci diag: batch=14, norb=4, nelec=(2, 2), amp_norm=1.0, trace(rdm1)=4.0
SQD sci diag: batch=15, norb=4, nelec=(2, 2), amp_norm=1.0, trace(rdm1)=4.0
		SQD diag: n_active_mos=4, n_active_electrons=4, trace(onerdm)=4.0
		Fragment Energy = -60.51557621173038
		Number of Electrons in Fragment = 8.941068161181388
	Electron Residual = -0.0543271676231214
	[Optimizer] Evaluating mu=-0.001179 with 1 hardware jobs...
 	Iteration =  9
 	Chemical Potential (mu) =     -0.0011791911
 	----------------
 
	SCF Occupancy Eigenvalues for Fragment Number : # 0
	[3.99755246e-16 9.68405219e-17 2.16585410e-17 7.42072921e-18
 3.31504198e-17 1.09203149e-16 5.22803903e-06 1.68973454e-03
 9.50618111e-03 9.50619376e-03 1.00000000e+00 1.99049381e+00
 1.99049382e+00 1.99831027e+00 1.99999477e+00]

	SCF Occupancy Eigenvalues for Fragment Number : # 1
	[6.43921331e-17 1.67977533e-17 5.25678522e-18 5.71279559e-17
 1.04639346e-16 4.92014521e-16 5.22803903e-06 1.68973454e-03
 9.50618111e-03 9.50619376e-03 1.00000000e+00 1.99049381e+00
 1.99049382e+00 1.99831027e+00 1.99999477e+00]

		Fragment Number : #  1
		------------------------
		CCSD diag: n_active_mos=24, n_active_electrons=18, trace(onerdm)=18.0
		Fragment Energy = -60.87422489180454
		Number of Electrons in Fragment = 9.00475627840957
Fragment: n_homo=8, n_lumo=9, kept=[7, 8, 9, 10]
		Fragment Number : #  2
		------------------------
[AccountManager] SQD call 9: using account 1 (9/10)
Pass: Decompose - 0.32163 (ms)Pass: MergeOrbitalRotations - 0.03457 (ms)Pass: UnitarySynthesis - 0.02456 (ms)Pass: HighLevelSynthesis - 0.40007 (ms)Pass: BasisTranslator - 0.11134 (ms)Pass: ElidePermutations - 0.01049 (ms)Pass: RemoveDiagonalGatesBeforeMeasure - 0.01144 (ms)Pass: RemoveIdentityEquivalent - 0.00596 (ms)Pass: InverseCancellation - 0.01788 (ms)Pass: ContractIdleWiresInControlFlow - 0.00191 (ms)Pass: CommutativeCancellation - 0.03386 (ms)Pass: ConsolidateBlocks - 0.03839 (ms)Pass: Split2QUnitaries - 0.00572 (ms)Pass: SetLayout - 0.02408 (ms)Pass: FullAncillaAllocation - 0.21768 (ms)Pass: EnlargeWithAncilla - 0.07915 (ms)Pass: ApplyLayout - 0.43869 (ms)Pass: CheckMap - 0.09203 (ms)Pass: FilterOpNodes - 0.01812 (ms)Pass: UnitarySynthesis - 0.00429 (ms)Pass: HighLevelSynthesis - 0.00715 (ms)Pass: BasisTranslator - 0.09990 (ms)Pass: Depth - 0.02623 (ms)Pass: Size - 0.00262 (ms)Pass: MinimumPoint - 0.01836 (ms)Pass: ConsolidateBlocks - 0.03886 (ms)Pass: UnitarySynthesis - 0.00358 (ms)Pass: RemoveIdentityEquivalent - 0.00334 (ms)Pass: Optimize1qGatesDecomposition - 0.05102 (ms)Pass: CommutativeCancellation - 0.08059 (ms)Pass: ContractIdleWiresInControlFlow - 0.00167 (ms)Pass: GatesInBasis - 0.01240 (ms)Pass: Depth - 0.02050 (ms)Pass: Size - 0.00191 (ms)Pass: MinimumPoint - 0.03600 (ms)Pass: ConsolidateBlocks - 0.03529 (ms)Pass: UnitarySynthesis - 0.00334 (ms)Pass: RemoveIdentityEquivalent - 0.00286 (ms)Pass: Optimize1qGatesDecomposition - 0.03219 (ms)Pass: CommutativeCancellation - 0.07010 (ms)Pass: ContractIdleWiresInControlFlow - 0.00167 (ms)Pass: GatesInBasis - 0.01073 (ms)Pass: Depth - 0.02098 (ms)Pass: Size - 0.00215 (ms)Pass: MinimumPoint - 0.00381 (ms)Pass: ContainsInstruction - 0.00453 (ms)Pass: InstructionDurationCheck - 0.00381 (ms)SQD counts diag: n_bits=8, first_bitstring=[0, 0, 1, 1, 0, 0, 1, 1], hamming_left=2, hamming_right=2
SQD postselect diag: total_samples=38, total_postselected=144, batch_sizes=[9, 9, 9, 9, 9, 9, 9, 9, 9, 9, 9, 9, 9, 9, 9, 9]
SQD batch diag: batch0_shape=(9, 8), first_bitstring=[0, 0, 1, 1, 0, 0, 1, 1], hamming_left=2, hamming_right=2
SQD sci diag: batch=0, norb=4, nelec=(2, 2), amp_norm=1.0, trace(rdm1)=4.0
SQD sci diag: batch=1, norb=4, nelec=(2, 2), amp_norm=1.0, trace(rdm1)=4.0
SQD sci diag: batch=2, norb=4, nelec=(2, 2), amp_norm=1.0, trace(rdm1)=4.0
SQD sci diag: batch=3, norb=4, nelec=(2, 2), amp_norm=1.0, trace(rdm1)=4.0
SQD sci diag: batch=4, norb=4, nelec=(2, 2), amp_norm=1.0, trace(rdm1)=4.0
SQD sci diag: batch=5, norb=4, nelec=(2, 2), amp_norm=1.0, trace(rdm1)=4.0
SQD sci diag: batch=6, norb=4, nelec=(2, 2), amp_norm=1.0, trace(rdm1)=4.0
SQD sci diag: batch=7, norb=4, nelec=(2, 2), amp_norm=1.0, trace(rdm1)=4.0
SQD sci diag: batch=8, norb=4, nelec=(2, 2), amp_norm=1.0, trace(rdm1)=4.0
SQD sci diag: batch=9, norb=4, nelec=(2, 2), amp_norm=1.0, trace(rdm1)=4.0
SQD sci diag: batch=10, norb=4, nelec=(2, 2), amp_norm=1.0, trace(rdm1)=4.0
SQD sci diag: batch=11, norb=4, nelec=(2, 2), amp_norm=1.0, trace(rdm1)=4.0
SQD sci diag: batch=12, norb=4, nelec=(2, 2), amp_norm=1.0, trace(rdm1)=4.0
SQD sci diag: batch=13, norb=4, nelec=(2, 2), amp_norm=1.0, trace(rdm1)=4.0
SQD sci diag: batch=14, norb=4, nelec=(2, 2), amp_norm=1.0, trace(rdm1)=4.0
SQD sci diag: batch=15, norb=4, nelec=(2, 2), amp_norm=1.0, trace(rdm1)=4.0
SQD postselect diag: total_samples=9, total_postselected=144, batch_sizes=[9, 9, 9, 9, 9, 9, 9, 9, 9, 9, 9, 9, 9, 9, 9, 9]
SQD batch diag: batch0_shape=(9, 8), first_bitstring=[0, 0, 1, 1, 0, 0, 1, 1], hamming_left=2, hamming_right=2
SQD sci diag: batch=0, norb=4, nelec=(2, 2), amp_norm=1.0, trace(rdm1)=4.0
SQD sci diag: batch=1, norb=4, nelec=(2, 2), amp_norm=1.0, trace(rdm1)=4.0
SQD sci diag: batch=2, norb=4, nelec=(2, 2), amp_norm=1.0, trace(rdm1)=4.0
SQD sci diag: batch=3, norb=4, nelec=(2, 2), amp_norm=1.0, trace(rdm1)=4.0
SQD sci diag: batch=4, norb=4, nelec=(2, 2), amp_norm=1.0, trace(rdm1)=4.0
SQD sci diag: batch=5, norb=4, nelec=(2, 2), amp_norm=1.0, trace(rdm1)=4.0
SQD sci diag: batch=6, norb=4, nelec=(2, 2), amp_norm=1.0, trace(rdm1)=4.0
SQD sci diag: batch=7, norb=4, nelec=(2, 2), amp_norm=1.0, trace(rdm1)=4.0
SQD sci diag: batch=8, norb=4, nelec=(2, 2), amp_norm=1.0, trace(rdm1)=4.0
SQD sci diag: batch=9, norb=4, nelec=(2, 2), amp_norm=1.0, trace(rdm1)=4.0
SQD sci diag: batch=10, norb=4, nelec=(2, 2), amp_norm=1.0, trace(rdm1)=4.0
SQD sci diag: batch=11, norb=4, nelec=(2, 2), amp_norm=1.0, trace(rdm1)=4.0
SQD sci diag: batch=12, norb=4, nelec=(2, 2), amp_norm=1.0, trace(rdm1)=4.0
SQD sci diag: batch=13, norb=4, nelec=(2, 2), amp_norm=1.0, trace(rdm1)=4.0
SQD sci diag: batch=14, norb=4, nelec=(2, 2), amp_norm=1.0, trace(rdm1)=4.0
SQD sci diag: batch=15, norb=4, nelec=(2, 2), amp_norm=1.0, trace(rdm1)=4.0
		SQD diag: n_active_mos=4, n_active_electrons=4, trace(onerdm)=4.0
		Fragment Energy = -60.517347322227
		Number of Electrons in Fragment = 8.94194860301309
	Electron Residual = -0.053295118577338485
	[Optimizer] Evaluating mu=-0.001125 with 1 hardware jobs...
 	Iteration =  10
 	Chemical Potential (mu) =     -0.0011254435
 	----------------
 
	SCF Occupancy Eigenvalues for Fragment Number : # 0
	[3.99755246e-16 9.68405219e-17 2.16585410e-17 7.42072921e-18
 3.31504198e-17 1.09203149e-16 5.22803903e-06 1.68973454e-03
 9.50618111e-03 9.50619376e-03 1.00000000e+00 1.99049381e+00
 1.99049382e+00 1.99831027e+00 1.99999477e+00]

	SCF Occupancy Eigenvalues for Fragment Number : # 1
	[6.43921331e-17 1.67977533e-17 5.25678522e-18 5.71279559e-17
 1.04639346e-16 4.92014521e-16 5.22803903e-06 1.68973454e-03
 9.50618111e-03 9.50619376e-03 1.00000000e+00 1.99049381e+00
 1.99049382e+00 1.99831027e+00 1.99999477e+00]

		Fragment Number : #  1
		------------------------
		CCSD diag: n_active_mos=24, n_active_electrons=18, trace(onerdm)=18.0
		Fragment Energy = -60.874374246158055
		Number of Electrons in Fragment = 9.004809954795187
Fragment: n_homo=8, n_lumo=9, kept=[7, 8, 9, 10]
		Fragment Number : #  2
		------------------------
[AccountManager] SQD call 10: using account 1 (10/10)
Pass: Decompose - 0.32949 (ms)Pass: MergeOrbitalRotations - 0.03886 (ms)Pass: UnitarySynthesis - 0.03552 (ms)Pass: HighLevelSynthesis - 0.77295 (ms)Pass: BasisTranslator - 0.12946 (ms)Pass: ElidePermutations - 0.01192 (ms)Pass: RemoveDiagonalGatesBeforeMeasure - 0.01287 (ms)Pass: RemoveIdentityEquivalent - 0.00834 (ms)Pass: InverseCancellation - 0.01979 (ms)Pass: ContractIdleWiresInControlFlow - 0.00238 (ms)Pass: CommutativeCancellation - 0.04649 (ms)Pass: ConsolidateBlocks - 0.04244 (ms)Pass: Split2QUnitaries - 0.00596 (ms)Pass: SetLayout - 0.02789 (ms)Pass: FullAncillaAllocation - 0.26608 (ms)Pass: EnlargeWithAncilla - 0.12755 (ms)Pass: ApplyLayout - 0.69475 (ms)Pass: CheckMap - 0.13971 (ms)Pass: FilterOpNodes - 0.03028 (ms)Pass: UnitarySynthesis - 0.00644 (ms)Pass: HighLevelSynthesis - 0.01049 (ms)Pass: BasisTranslator - 0.17452 (ms)Pass: Depth - 0.03958 (ms)Pass: Size - 0.00429 (ms)Pass: MinimumPoint - 0.04792 (ms)Pass: ConsolidateBlocks - 0.06747 (ms)Pass: UnitarySynthesis - 0.00858 (ms)Pass: RemoveIdentityEquivalent - 0.00525 (ms)Pass: Optimize1qGatesDecomposition - 0.07534 (ms)Pass: CommutativeCancellation - 0.12350 (ms)Pass: ContractIdleWiresInControlFlow - 0.00286 (ms)Pass: GatesInBasis - 0.02694 (ms)Pass: Depth - 0.03314 (ms)Pass: Size - 0.00334 (ms)Pass: MinimumPoint - 0.05460 (ms)Pass: ConsolidateBlocks - 0.05555 (ms)Pass: UnitarySynthesis - 0.00596 (ms)Pass: RemoveIdentityEquivalent - 0.00501 (ms)Pass: Optimize1qGatesDecomposition - 0.04935 (ms)Pass: CommutativeCancellation - 0.11730 (ms)Pass: ContractIdleWiresInControlFlow - 0.00238 (ms)Pass: GatesInBasis - 0.01836 (ms)Pass: Depth - 0.03409 (ms)Pass: Size - 0.00310 (ms)Pass: MinimumPoint - 0.00620 (ms)Pass: ContainsInstruction - 0.00739 (ms)Pass: InstructionDurationCheck - 0.00405 (ms)