Resuming from checkpoint. 0 points already completed.

=== Relaxed scan: C-C distance = 1.50 A ===
geometric-optimize called with the following command line:
run_dmet_sqd_hardware.py

                                        [91m())))))))))))))))/[0m                     
                                    [91m())))))))))))))))))))))))),[0m                
                                [91m*)))))))))))))))))))))))))))))))))[0m             
                        [94m#,[0m    [91m()))))))))/[0m                [91m.)))))))))),[0m          
                      [94m#%%%%,[0m  [91m())))))[0m                        [91m.))))))))*[0m        
                      [94m*%%%%%%,[0m  [91m))[0m              [93m..[0m              [91m,))))))).[0m      
                        [94m*%%%%%%,[0m         [93m***************/.[0m        [91m.)))))))[0m     
                [94m#%%/[0m      [94m(%%%%%%,[0m    [93m/*********************.[0m       [91m)))))))[0m    
              [94m.%%%%%%#[0m      [94m*%%%%%%,[0m  [93m*******/,[0m     [93m**********,[0m      [91m.))))))[0m   
                [94m.%%%%%%/[0m      [94m*%%%%%%,[0m  [93m**[0m              [93m********[0m      [91m.))))))[0m  
          [94m##[0m      [94m.%%%%%%/[0m      [94m(%%%%%%,[0m                  [93m,******[0m      [91m/)))))[0m  
        [94m%%%%%%[0m      [94m.%%%%%%#[0m      [94m*%%%%%%,[0m    [92m,/////.[0m       [93m******[0m      [91m))))))[0m 
      [94m#%[0m      [94m%%[0m      [94m.%%%%%%/[0m      [94m*%%%%%%,[0m  [92m////////,[0m      [93m*****/[0m     [91m,)))))[0m 
    [94m#%%[0m  [94m%%%[0m  [94m%%%#[0m      [94m.%%%%%%/[0m      [94m(%%%%%%,[0m  [92m///////.[0m     [93m/*****[0m      [91m))))).[0m
  [94m#%%%%.[0m      [94m%%%%%#[0m      [94m/%%%%%%*[0m      [94m#%%%%%%[0m   [92m/////)[0m     [93m******[0m      [91m))))),[0m
    [94m#%%%%##%[0m  [94m%%%#[0m      [94m.%%%%%%/[0m      [94m(%%%%%%,[0m  [92m///////.[0m     [93m/*****[0m      [91m))))).[0m
      [94m##[0m     [94m%%%[0m      [94m.%%%%%%/[0m      [94m*%%%%%%,[0m  [92m////////.[0m      [93m*****/[0m     [91m,)))))[0m 
        [94m#%%%%#[0m      [94m/%%%%%%/[0m      [94m(%%%%%%[0m      [92m/)/)//[0m       [93m******[0m      [91m))))))[0m 
          [94m##[0m      [94m.%%%%%%/[0m      [94m(%%%%%%,[0m                  [93m*******[0m      [91m))))))[0m  
                [94m.%%%%%%/[0m      [94m*%%%%%%,[0m  [93m**.[0m             [93m/*******[0m      [91m.))))))[0m  
              [94m*%%%%%%/[0m      [94m(%%%%%%[0m   [93m********/*..,*/*********[0m       [91m*))))))[0m   
                [94m#%%/[0m      [94m(%%%%%%,[0m    [93m*********************/[0m        [91m)))))))[0m    
                        [94m*%%%%%%,[0m         [93m,**************/[0m         [91m,))))))/[0m     
                      [94m(%%%%%%[0m   [91m()[0m                              [91m))))))))[0m       
                      [94m#%%%%,[0m  [91m())))))[0m                        [91m,)))))))),[0m        
                        [94m#,[0m    [91m())))))))))[0m                [91m,)))))))))).[0m          
                                 [91m()))))))))))))))))))))))))))))))/[0m             
                                    [91m())))))))))))))))))))))))).[0m                
                                         [91m())))))))))))))),[0m                     

-=# [1;94m geomeTRIC started. Version: 1.1 [0m #=-
Current date and time: 2026-05-01 16:38:13
#========================================================#
#| [92m    Arguments passed to driver run_optimizer():     [0m |#
#========================================================#
constraints               /tmp/tmpmvwxu11_/constraints.txt 
customengine              <pyscf.geomopt.geometric_solver.PySCFEngine object at 0x7f3f89c19370> 
input                     /tmp/tmp74khuvbo/bab00e2c-7b79-42ec-87a5-86d3a7500132 
logIni                    /home/bhabani/miniconda3/lib/python3.12/site-packages/pyscf/geomopt/log.ini 
maxiter                   100 
----------------------------------------------------------
Custom engine selected.
$set
distance 1 5 1.50000000
Bonds will be generated from interatomic distances less than 1.20 times sum of covalent radii
24 internal coordinates being used (instead of 24 Cartesians)
Internal coordinate system (atoms numbered from 1):
Distance 1-5
Distance 1-2
Distance 1-3
Distance 1-4
Distance 5-6
Distance 5-7
Distance 5-8
Angle 2-1-3
Angle 2-1-4
Angle 2-1-5
Angle 3-1-4
Angle 3-1-5
Angle 4-1-5
Angle 1-5-6
Angle 1-5-7
Angle 1-5-8
Angle 6-5-7
Angle 6-5-8
Angle 7-5-8
Dihedral 2-1-5-6
Dihedral 2-1-5-7
Dihedral 2-1-5-8
Dihedral 3-1-5-6
Dihedral 3-1-5-7
Dihedral 3-1-5-8
Dihedral 4-1-5-6
Dihedral 4-1-5-7
Dihedral 4-1-5-8
Translation-X 1-8
Translation-Y 1-8
Translation-Z 1-8
Rotation-A 1-8
Rotation-B 1-8
Rotation-C 1-8
<class 'geometric.internal.Distance'> : 7
<class 'geometric.internal.Angle'> : 12
<class 'geometric.internal.Dihedral'> : 9
<class 'geometric.internal.TranslationX'> : 1
<class 'geometric.internal.TranslationY'> : 1
<class 'geometric.internal.TranslationZ'> : 1
<class 'geometric.internal.RotationA'> : 1
<class 'geometric.internal.RotationB'> : 1
<class 'geometric.internal.RotationC'> : 1
Constraint                         Current      Target       Diff.
Distance 1-5                       1.50000     1.50000    -0.00000
> ===== Optimization Info: ====
> Job type: Energy minimization
> Maximum number of optimization cycles: 100
> Initial / maximum trust radius (Angstrom): 0.100 / 0.300
> Convergence Criteria:
> Will converge when all 5 criteria are reached:
>  |Delta-E| < 1.00e-06
>  RMS-Ortho-Grad < 3.00e-04
>  Max-Ortho-Grad < 4.50e-04
>  RMS-Disp  < 1.20e-03
>  Max-Disp  < 1.80e-03
> 
> Constraints are requested. The following criterion is added:
>  Max Constraint Violation (in Angstroms/degrees) < 1.00e-02 
> === End Optimization Info ===
WARN: Mole.unit (Angstrom) is changed to Bohr
Step    0 : Gradient = 7.008e-03/7.884e-03 (rms/max) Energy = -78.7924929710
Hessian Eigenvalues: 2.30000e-02 5.00000e-02 5.00000e-02 ... 3.41388e-01 3.41561e-01 3.41561e-01
Step    1 : Displace = [0m1.424e-02[0m/[0m1.650e-02[0m (rms/max) Trust = 1.000e-01 (=) Grad_T = [0m8.190e-04[0m/[0m9.391e-04[0m (rms/max) E (change) = -78.7930433271 ([0m-5.504e-04[0m) Quality = [0m0.878[0m
Hessian Eigenvalues: 2.30000e-02 5.00000e-02 5.00000e-02 ... 3.41504e-01 3.41561e-01 3.81685e-01
Step    2 : Displace = [0m2.245e-03[0m/[0m2.593e-03[0m (rms/max) Trust = 1.414e-01 ([92m+[0m) Grad_T = [92m1.988e-05[0m/[92m2.155e-05[0m (rms/max) E (change) = -78.7930539721 ([0m-1.065e-05[0m) Quality = [0m0.983[0m
Hessian Eigenvalues: 2.30000e-02 5.00000e-02 5.00000e-02 ... 3.41504e-01 3.41561e-01 4.12773e-01
Step    3 : Displace = [92m2.826e-05[0m/[92m3.283e-05[0m (rms/max) Trust = 2.000e-01 ([92m+[0m) Grad_T = [92m4.803e-07[0m/[92m7.572e-07[0m (rms/max) E (change) = -78.7930539759 ([92m-3.753e-09[0m) Quality = [0m0.991[0m
Hessian Eigenvalues: 2.30000e-02 5.00000e-02 5.00000e-02 ... 3.41504e-01 3.41561e-01 4.12773e-01
Converged! =D

    #==========================================================================#
    #| If this code has benefited your research, please support us by citing: |#
    #|                                                                        |#
    #| Wang, L.-P.; Song, C.C. (2016) "Geometry optimization made simple with |#
    #| translation and rotation coordinates", J. Chem, Phys. 144, 214108.     |#
    #| http://dx.doi.org/10.1063/1.4952956                                    |#
    #==========================================================================#
    Time elapsed since start of run_optimizer: 1.020 seconds
WARN: ECP not specified. The basis set CRENBL include an ECP. Recommended ECP: CRENBL.
/home/bhabani/Kishore/Tangelo_2.0_hardware/tangelo/problem_decomposition/dmet/dmet_problem_decomposition.py:168: RuntimeWarning: The mean field will be recomputed even if one has been provided by the user.
  warnings.warn("The mean field will be recomputed even if one has been provided by the user.", RuntimeWarning)
	[Optimizer] Evaluating mu=0.000000 with 1 hardware jobs...
 	Iteration =  1
 	Chemical Potential (mu) =      0.0000000000
 	----------------
 
	SCF Occupancy Eigenvalues for Fragment Number : # 0
	[8.80074255e-17 3.54635603e-17 6.89143825e-18 3.61441330e-17
 2.35542723e-16 4.30879703e-16 5.22803903e-06 1.68973454e-03
 9.50618111e-03 9.50619376e-03 1.00000000e+00 1.99049381e+00
 1.99049382e+00 1.99831027e+00 1.99999477e+00]

	SCF Occupancy Eigenvalues for Fragment Number : # 1
	[4.10536263e-16 7.94198933e-17 2.34346328e-18 1.33096378e-17
 4.51487378e-17 1.44587497e-16 5.22803903e-06 1.68973454e-03
 9.50618111e-03 9.50619376e-03 1.00000000e+00 1.99049381e+00
 1.99049382e+00 1.99831027e+00 1.99999477e+00]

		Fragment Number : #  1
		------------------------
		CCSD diag: n_active_mos=24, n_active_electrons=18, trace(onerdm)=18.0
		Fragment Energy = -60.87750136454794
		Number of Electrons in Fragment = 9.005933939845043
Fragment: n_homo=8, n_lumo=9, kept=[7, 8, 9, 10]
		Fragment Number : #  2
		------------------------
Unable to initialize backend 'tpu': INTERNAL: Failed to open libtpu.so: libtpu.so: cannot open shared object file: No such file or directoryAn NVIDIA GPU may be present on this machine, but a CUDA-enabled jaxlib is not installed. Falling back to cpu.LUCJ CCSD init diag: norb=4, n_reps=1, t1_shape=(2, 2), t2_shape=(2, 2, 2, 2), t1_norm=1.463121e-03, t2_norm=3.107773e-02
[AccountManager] SQD call 1: using account 1 (1/10)
Pass: Decompose - 1.10650 (ms)Pass: MergeOrbitalRotations - 0.41556 (ms)Pass: UnitarySynthesis - 0.00811 (ms)Pass: HighLevelSynthesis - 1.43409 (ms)Pass: BasisTranslator - 0.11063 (ms)Pass: ElidePermutations - 0.01049 (ms)Pass: RemoveDiagonalGatesBeforeMeasure - 0.00739 (ms)Pass: RemoveIdentityEquivalent - 0.01144 (ms)Pass: InverseCancellation - 0.01407 (ms)Pass: ContractIdleWiresInControlFlow - 0.00215 (ms)Pass: CommutativeCancellation - 0.05007 (ms)Pass: ConsolidateBlocks - 0.21100 (ms)Pass: Split2QUnitaries - 0.00310 (ms)Pass: SetLayout - 0.02575 (ms)Pass: FullAncillaAllocation - 0.21839 (ms)Pass: EnlargeWithAncilla - 0.12827 (ms)Pass: ApplyLayout - 0.42009 (ms)Pass: CheckMap - 0.11587 (ms)Pass: BarrierBeforeFinalMeasurements - 2.65932 (ms)Pass: SabreSwap - 4.67277 (ms)Pass: FilterOpNodes - 0.34666 (ms)Pass: UnitarySynthesis - 0.01764 (ms)Pass: HighLevelSynthesis - 0.04697 (ms)Pass: BasisTranslator - 6.22487 (ms)Pass: Depth - 0.28539 (ms)Pass: Size - 0.01073 (ms)Pass: MinimumPoint - 0.03266 (ms)Pass: ConsolidateBlocks - 1.91259 (ms)Pass: UnitarySynthesis - 2.18129 (ms)Pass: RemoveIdentityEquivalent - 0.02933 (ms)Pass: Optimize1qGatesDecomposition - 0.24247 (ms)Pass: CommutativeCancellation - 0.27227 (ms)Pass: ContractIdleWiresInControlFlow - 0.00262 (ms)Pass: GatesInBasis - 0.06866 (ms)Pass: Depth - 0.05865 (ms)Pass: Size - 0.00310 (ms)Pass: MinimumPoint - 0.11802 (ms)Pass: ConsolidateBlocks - 0.55480 (ms)Pass: UnitarySynthesis - 0.70834 (ms)Pass: RemoveIdentityEquivalent - 0.02241 (ms)Pass: Optimize1qGatesDecomposition - 0.18120 (ms)Pass: CommutativeCancellation - 0.24772 (ms)Pass: ContractIdleWiresInControlFlow - 0.00191 (ms)Pass: GatesInBasis - 0.06485 (ms)Pass: Depth - 0.05937 (ms)Pass: Size - 0.00238 (ms)Pass: MinimumPoint - 0.00525 (ms)Pass: ConsolidateBlocks - 0.41747 (ms)Pass: UnitarySynthesis - 0.51618 (ms)Pass: RemoveIdentityEquivalent - 0.02265 (ms)Pass: Optimize1qGatesDecomposition - 0.17953 (ms)Pass: CommutativeCancellation - 0.24223 (ms)Pass: ContractIdleWiresInControlFlow - 0.00215 (ms)Pass: GatesInBasis - 0.06461 (ms)Pass: Depth - 0.05603 (ms)Pass: Size - 0.00238 (ms)Pass: MinimumPoint - 0.00453 (ms)Pass: ConsolidateBlocks - 0.42152 (ms)Pass: UnitarySynthesis - 0.50616 (ms)Pass: RemoveIdentityEquivalent - 0.02241 (ms)Pass: Optimize1qGatesDecomposition - 0.17691 (ms)Pass: CommutativeCancellation - 0.24414 (ms)Pass: ContractIdleWiresInControlFlow - 0.00238 (ms)Pass: GatesInBasis - 0.06342 (ms)Pass: Depth - 0.05627 (ms)Pass: Size - 0.00238 (ms)Pass: MinimumPoint - 0.00381 (ms)Pass: ConsolidateBlocks - 0.42033 (ms)Pass: UnitarySynthesis - 0.47278 (ms)Pass: RemoveIdentityEquivalent - 0.01907 (ms)Pass: Optimize1qGatesDecomposition - 0.14901 (ms)Pass: CommutativeCancellation - 0.19026 (ms)Pass: ContractIdleWiresInControlFlow - 0.00191 (ms)Pass: GatesInBasis - 0.06294 (ms)Pass: Depth - 0.04482 (ms)Pass: Size - 0.00215 (ms)Pass: MinimumPoint - 0.00501 (ms)Pass: ContainsInstruction - 0.00620 (ms)Pass: InstructionDurationCheck - 0.00358 (ms)SQD counts diag: n_bits=8, first_bitstring=[0, 0, 0, 1, 0, 1, 0, 1], hamming_left=1, hamming_right=2
SQD postselect diag: total_samples=256, total_postselected=576, batch_sizes=[36, 36, 36, 36, 36, 36, 36, 36, 36, 36, 36, 36, 36, 36, 36, 36]
SQD batch diag: batch0_shape=(36, 8), first_bitstring=[1, 1, 0, 0, 0, 0, 1, 1], hamming_left=2, hamming_right=2
SQD sci diag: batch=0, norb=4, nelec=(2, 2), amp_norm=1.0, trace(rdm1)=3.9999999999999996
SQD sci diag: batch=1, norb=4, nelec=(2, 2), amp_norm=1.0, trace(rdm1)=3.9999999999999996
SQD sci diag: batch=2, norb=4, nelec=(2, 2), amp_norm=1.0, trace(rdm1)=3.9999999999999996
SQD sci diag: batch=3, norb=4, nelec=(2, 2), amp_norm=1.0, trace(rdm1)=3.9999999999999996
SQD sci diag: batch=4, norb=4, nelec=(2, 2), amp_norm=1.0, trace(rdm1)=3.9999999999999996
SQD sci diag: batch=5, norb=4, nelec=(2, 2), amp_norm=1.0, trace(rdm1)=3.9999999999999996
SQD sci diag: batch=6, norb=4, nelec=(2, 2), amp_norm=1.0, trace(rdm1)=3.9999999999999996
SQD sci diag: batch=7, norb=4, nelec=(2, 2), amp_norm=1.0, trace(rdm1)=3.9999999999999996
SQD sci diag: batch=8, norb=4, nelec=(2, 2), amp_norm=1.0, trace(rdm1)=3.9999999999999996
SQD sci diag: batch=9, norb=4, nelec=(2, 2), amp_norm=1.0, trace(rdm1)=3.9999999999999996
SQD sci diag: batch=10, norb=4, nelec=(2, 2), amp_norm=1.0, trace(rdm1)=3.9999999999999996
SQD sci diag: batch=11, norb=4, nelec=(2, 2), amp_norm=1.0, trace(rdm1)=3.9999999999999996
SQD sci diag: batch=12, norb=4, nelec=(2, 2), amp_norm=1.0, trace(rdm1)=3.9999999999999996
SQD sci diag: batch=13, norb=4, nelec=(2, 2), amp_norm=1.0, trace(rdm1)=3.9999999999999996
SQD sci diag: batch=14, norb=4, nelec=(2, 2), amp_norm=1.0, trace(rdm1)=3.9999999999999996
SQD sci diag: batch=15, norb=4, nelec=(2, 2), amp_norm=1.0, trace(rdm1)=3.9999999999999996
SQD postselect diag: total_samples=36, total_postselected=576, batch_sizes=[36, 36, 36, 36, 36, 36, 36, 36, 36, 36, 36, 36, 36, 36, 36, 36]
SQD batch diag: batch0_shape=(36, 8), first_bitstring=[0, 0, 1, 1, 0, 1, 0, 1], hamming_left=2, hamming_right=2
SQD sci diag: batch=0, norb=4, nelec=(2, 2), amp_norm=1.0, trace(rdm1)=3.9999999999999996
SQD sci diag: batch=1, norb=4, nelec=(2, 2), amp_norm=1.0, trace(rdm1)=3.9999999999999996
SQD sci diag: batch=2, norb=4, nelec=(2, 2), amp_norm=1.0, trace(rdm1)=3.9999999999999996
SQD sci diag: batch=3, norb=4, nelec=(2, 2), amp_norm=1.0, trace(rdm1)=3.9999999999999996
SQD sci diag: batch=4, norb=4, nelec=(2, 2), amp_norm=1.0, trace(rdm1)=3.9999999999999996
SQD sci diag: batch=5, norb=4, nelec=(2, 2), amp_norm=1.0, trace(rdm1)=3.9999999999999996
SQD sci diag: batch=6, norb=4, nelec=(2, 2), amp_norm=1.0, trace(rdm1)=3.9999999999999996
SQD sci diag: batch=7, norb=4, nelec=(2, 2), amp_norm=1.0, trace(rdm1)=3.9999999999999996
SQD sci diag: batch=8, norb=4, nelec=(2, 2), amp_norm=1.0, trace(rdm1)=3.9999999999999996
SQD sci diag: batch=9, norb=4, nelec=(2, 2), amp_norm=1.0, trace(rdm1)=3.9999999999999996
SQD sci diag: batch=10, norb=4, nelec=(2, 2), amp_norm=1.0, trace(rdm1)=3.9999999999999996
SQD sci diag: batch=11, norb=4, nelec=(2, 2), amp_norm=1.0, trace(rdm1)=3.9999999999999996
SQD sci diag: batch=12, norb=4, nelec=(2, 2), amp_norm=1.0, trace(rdm1)=3.9999999999999996
SQD sci diag: batch=13, norb=4, nelec=(2, 2), amp_norm=1.0, trace(rdm1)=3.9999999999999996
SQD sci diag: batch=14, norb=4, nelec=(2, 2), amp_norm=1.0, trace(rdm1)=3.9999999999999996
SQD sci diag: batch=15, norb=4, nelec=(2, 2), amp_norm=1.0, trace(rdm1)=3.9999999999999996
		SQD diag: n_active_mos=4, n_active_electrons=4, trace(onerdm)=3.9999999999999996
		Fragment Energy = -60.720165729008386
		Number of Electrons in Fragment = 9.033987922466675
	Electron Residual = 0.03992186231171857
	[Optimizer] Evaluating mu=-0.050000 with 1 hardware jobs...
 	Iteration =  2
 	Chemical Potential (mu) =     -0.0500000000
 	----------------
 
	SCF Occupancy Eigenvalues for Fragment Number : # 0
	[8.80074255e-17 3.54635603e-17 6.89143825e-18 3.61441330e-17
 2.35542723e-16 4.30879703e-16 5.22803903e-06 1.68973454e-03
 9.50618111e-03 9.50619376e-03 1.00000000e+00 1.99049381e+00
 1.99049382e+00 1.99831027e+00 1.99999477e+00]

	SCF Occupancy Eigenvalues for Fragment Number : # 1
	[4.10536263e-16 7.94198933e-17 2.34346328e-18 1.33096378e-17
 4.51487378e-17 1.44587497e-16 5.22803903e-06 1.68973454e-03
 9.50618111e-03 9.50619376e-03 1.00000000e+00 1.99049381e+00
 1.99049382e+00 1.99831027e+00 1.99999477e+00]

		Fragment Number : #  1
		------------------------
		CCSD diag: n_active_mos=24, n_active_electrons=18, trace(onerdm)=18.0
		Fragment Energy = -60.738095481127466
		Number of Electrons in Fragment = 8.95606428709513
Fragment: n_homo=8, n_lumo=9, kept=[7, 8, 9, 10]
		Fragment Number : #  2
		------------------------
LUCJ CCSD init diag: norb=4, n_reps=1, t1_shape=(2, 2), t2_shape=(2, 2, 2, 2), t1_norm=3.080205e-09, t2_norm=2.255324e-02
[AccountManager] SQD call 2: using account 1 (2/10)
Pass: Decompose - 0.63753 (ms)Pass: MergeOrbitalRotations - 0.39172 (ms)Pass: UnitarySynthesis - 0.00691 (ms)Pass: HighLevelSynthesis - 1.21474 (ms)Pass: BasisTranslator - 0.09799 (ms)Pass: ElidePermutations - 0.00548 (ms)Pass: RemoveDiagonalGatesBeforeMeasure - 0.00668 (ms)Pass: RemoveIdentityEquivalent - 0.01240 (ms)Pass: InverseCancellation - 0.01168 (ms)Pass: ContractIdleWiresInControlFlow - 0.00191 (ms)Pass: CommutativeCancellation - 0.03791 (ms)Pass: ConsolidateBlocks - 0.15354 (ms)Pass: Split2QUnitaries - 0.00310 (ms)Pass: SetLayout - 0.02146 (ms)Pass: FullAncillaAllocation - 0.20242 (ms)Pass: EnlargeWithAncilla - 0.07391 (ms)Pass: ApplyLayout - 0.41032 (ms)Pass: CheckMap - 0.09155 (ms)Pass: BarrierBeforeFinalMeasurements - 1.96195 (ms)Pass: SabreSwap - 2.25592 (ms)Pass: FilterOpNodes - 0.14973 (ms)Pass: UnitarySynthesis - 0.00763 (ms)Pass: HighLevelSynthesis - 0.01693 (ms)Pass: BasisTranslator - 1.83463 (ms)Pass: Depth - 0.09680 (ms)Pass: Size - 0.00334 (ms)Pass: MinimumPoint - 0.01335 (ms)Pass: ConsolidateBlocks - 0.62656 (ms)Pass: UnitarySynthesis - 1.67990 (ms)Pass: RemoveIdentityEquivalent - 0.02670 (ms)Pass: Optimize1qGatesDecomposition - 0.22745 (ms)Pass: CommutativeCancellation - 0.25463 (ms)Pass: ContractIdleWiresInControlFlow - 0.00238 (ms)Pass: GatesInBasis - 0.06342 (ms)Pass: Depth - 0.05722 (ms)Pass: Size - 0.00310 (ms)Pass: MinimumPoint - 0.07534 (ms)Pass: ConsolidateBlocks - 0.39530 (ms)Pass: UnitarySynthesis - 0.62871 (ms)Pass: RemoveIdentityEquivalent - 0.02432 (ms)Pass: Optimize1qGatesDecomposition - 0.17548 (ms)Pass: CommutativeCancellation - 0.23031 (ms)Pass: ContractIdleWiresInControlFlow - 0.00215 (ms)Pass: GatesInBasis - 0.05507 (ms)Pass: Depth - 0.05722 (ms)Pass: Size - 0.00238 (ms)Pass: MinimumPoint - 0.08750 (ms)Pass: ConsolidateBlocks - 0.37360 (ms)Pass: UnitarySynthesis - 0.47708 (ms)Pass: RemoveIdentityEquivalent - 0.01955 (ms)Pass: Optimize1qGatesDecomposition - 0.16737 (ms)Pass: CommutativeCancellation - 0.21696 (ms)Pass: ContractIdleWiresInControlFlow - 0.00215 (ms)Pass: GatesInBasis - 0.05436 (ms)Pass: Depth - 0.05198 (ms)Pass: Size - 0.00238 (ms)Pass: MinimumPoint - 0.00691 (ms)Pass: ContainsInstruction - 0.00882 (ms)Pass: InstructionDurationCheck - 0.00405 (ms)SQD counts diag: n_bits=8, first_bitstring=[0, 0, 1, 1, 0, 0, 1, 1], hamming_left=2, hamming_right=2
SQD postselect diag: total_samples=256, total_postselected=576, batch_sizes=[36, 36, 36, 36, 36, 36, 36, 36, 36, 36, 36, 36, 36, 36, 36, 36]
SQD batch diag: batch0_shape=(36, 8), first_bitstring=[0, 0, 1, 1, 0, 0, 1, 1], hamming_left=2, hamming_right=2
SQD sci diag: batch=0, norb=4, nelec=(2, 2), amp_norm=1.0, trace(rdm1)=3.9999999999999996
SQD sci diag: batch=1, norb=4, nelec=(2, 2), amp_norm=1.0, trace(rdm1)=3.9999999999999996
SQD sci diag: batch=2, norb=4, nelec=(2, 2), amp_norm=1.0, trace(rdm1)=3.9999999999999996
SQD sci diag: batch=3, norb=4, nelec=(2, 2), amp_norm=1.0, trace(rdm1)=3.9999999999999996
SQD sci diag: batch=4, norb=4, nelec=(2, 2), amp_norm=1.0, trace(rdm1)=3.9999999999999996
SQD sci diag: batch=5, norb=4, nelec=(2, 2), amp_norm=1.0, trace(rdm1)=3.9999999999999996
SQD sci diag: batch=6, norb=4, nelec=(2, 2), amp_norm=1.0, trace(rdm1)=3.9999999999999996
SQD sci diag: batch=7, norb=4, nelec=(2, 2), amp_norm=1.0, trace(rdm1)=3.9999999999999996
SQD sci diag: batch=8, norb=4, nelec=(2, 2), amp_norm=1.0, trace(rdm1)=3.9999999999999996
SQD sci diag: batch=9, norb=4, nelec=(2, 2), amp_norm=1.0, trace(rdm1)=3.9999999999999996
SQD sci diag: batch=10, norb=4, nelec=(2, 2), amp_norm=1.0, trace(rdm1)=3.9999999999999996
SQD sci diag: batch=11, norb=4, nelec=(2, 2), amp_norm=1.0, trace(rdm1)=3.9999999999999996
SQD sci diag: batch=12, norb=4, nelec=(2, 2), amp_norm=1.0, trace(rdm1)=3.9999999999999996
SQD sci diag: batch=13, norb=4, nelec=(2, 2), amp_norm=1.0, trace(rdm1)=3.9999999999999996
SQD sci diag: batch=14, norb=4, nelec=(2, 2), amp_norm=1.0, trace(rdm1)=3.9999999999999996
SQD sci diag: batch=15, norb=4, nelec=(2, 2), amp_norm=1.0, trace(rdm1)=3.9999999999999996
SQD postselect diag: total_samples=36, total_postselected=576, batch_sizes=[36, 36, 36, 36, 36, 36, 36, 36, 36, 36, 36, 36, 36, 36, 36, 36]
SQD batch diag: batch0_shape=(36, 8), first_bitstring=[0, 0, 1, 1, 0, 0, 1, 1], hamming_left=2, hamming_right=2
SQD sci diag: batch=0, norb=4, nelec=(2, 2), amp_norm=1.0, trace(rdm1)=3.9999999999999996
SQD sci diag: batch=1, norb=4, nelec=(2, 2), amp_norm=1.0, trace(rdm1)=3.9999999999999996
SQD sci diag: batch=2, norb=4, nelec=(2, 2), amp_norm=1.0, trace(rdm1)=3.9999999999999996
SQD sci diag: batch=3, norb=4, nelec=(2, 2), amp_norm=1.0, trace(rdm1)=3.9999999999999996
SQD sci diag: batch=4, norb=4, nelec=(2, 2), amp_norm=1.0, trace(rdm1)=3.9999999999999996
SQD sci diag: batch=5, norb=4, nelec=(2, 2), amp_norm=1.0, trace(rdm1)=3.9999999999999996
SQD sci diag: batch=6, norb=4, nelec=(2, 2), amp_norm=1.0, trace(rdm1)=3.9999999999999996
SQD sci diag: batch=7, norb=4, nelec=(2, 2), amp_norm=1.0, trace(rdm1)=3.9999999999999996
SQD sci diag: batch=8, norb=4, nelec=(2, 2), amp_norm=1.0, trace(rdm1)=3.9999999999999996
SQD sci diag: batch=9, norb=4, nelec=(2, 2), amp_norm=1.0, trace(rdm1)=3.9999999999999996
SQD sci diag: batch=10, norb=4, nelec=(2, 2), amp_norm=1.0, trace(rdm1)=3.9999999999999996
SQD sci diag: batch=11, norb=4, nelec=(2, 2), amp_norm=1.0, trace(rdm1)=3.9999999999999996
SQD sci diag: batch=12, norb=4, nelec=(2, 2), amp_norm=1.0, trace(rdm1)=3.9999999999999996
SQD sci diag: batch=13, norb=4, nelec=(2, 2), amp_norm=1.0, trace(rdm1)=3.9999999999999996
SQD sci diag: batch=14, norb=4, nelec=(2, 2), amp_norm=1.0, trace(rdm1)=3.9999999999999996
SQD sci diag: batch=15, norb=4, nelec=(2, 2), amp_norm=1.0, trace(rdm1)=3.9999999999999996
		SQD diag: n_active_mos=4, n_active_electrons=4, trace(onerdm)=3.9999999999999996
		Fragment Energy = -59.91045081141617
		Number of Electrons in Fragment = 8.675858014888542
	Electron Residual = -0.3680776980163287
	[Optimizer] Evaluating mu=0.050000 with 1 hardware jobs...
 	Iteration =  3
 	Chemical Potential (mu) =      0.0500000000
 	----------------
 
	SCF Occupancy Eigenvalues for Fragment Number : # 0
	[8.80074255e-17 3.54635603e-17 6.89143825e-18 3.61441330e-17
 2.35542723e-16 4.30879703e-16 5.22803903e-06 1.68973454e-03
 9.50618111e-03 9.50619376e-03 1.00000000e+00 1.99049381e+00
 1.99049382e+00 1.99831027e+00 1.99999477e+00]

	SCF Occupancy Eigenvalues for Fragment Number : # 1
	[4.10536263e-16 7.94198933e-17 2.34346328e-18 1.33096378e-17
 4.51487378e-17 1.44587497e-16 5.22803903e-06 1.68973454e-03
 9.50618111e-03 9.50619376e-03 1.00000000e+00 1.99049381e+00
 1.99049382e+00 1.99831027e+00 1.99999477e+00]

		Fragment Number : #  1
		------------------------
		CCSD diag: n_active_mos=24, n_active_electrons=18, trace(onerdm)=18.0
		Fragment Energy = -61.01586003238101
		Number of Electrons in Fragment = 9.055922535687777
Fragment: n_homo=8, n_lumo=9, kept=[7, 8, 9, 10]
		Fragment Number : #  2
		------------------------
LUCJ CCSD init diag: norb=4, n_reps=1, t1_shape=(2, 2), t2_shape=(2, 2, 2, 2), t1_norm=1.282684e-03, t2_norm=2.367616e-02
[AccountManager] SQD call 3: using account 1 (3/10)
Pass: Decompose - 0.63515 (ms)Pass: MergeOrbitalRotations - 0.37789 (ms)Pass: UnitarySynthesis - 0.00644 (ms)Pass: HighLevelSynthesis - 1.23143 (ms)Pass: BasisTranslator - 0.10347 (ms)Pass: ElidePermutations - 0.00501 (ms)Pass: RemoveDiagonalGatesBeforeMeasure - 0.00715 (ms)Pass: RemoveIdentityEquivalent - 0.00978 (ms)Pass: InverseCancellation - 0.01264 (ms)Pass: ContractIdleWiresInControlFlow - 0.00191 (ms)Pass: CommutativeCancellation - 0.04125 (ms)Pass: ConsolidateBlocks - 0.23127 (ms)Pass: Split2QUnitaries - 0.00286 (ms)Pass: SetLayout - 0.01669 (ms)Pass: FullAncillaAllocation - 0.19836 (ms)Pass: EnlargeWithAncilla - 0.07868 (ms)Pass: ApplyLayout - 0.40913 (ms)Pass: CheckMap - 0.09203 (ms)Pass: BarrierBeforeFinalMeasurements - 3.48258 (ms)Pass: SabreSwap - 2.85959 (ms)Pass: FilterOpNodes - 0.17166 (ms)Pass: UnitarySynthesis - 0.00715 (ms)Pass: HighLevelSynthesis - 0.02360 (ms)Pass: BasisTranslator - 2.13838 (ms)Pass: Depth - 0.10514 (ms)Pass: Size - 0.00334 (ms)Pass: MinimumPoint - 0.00930 (ms)Pass: ConsolidateBlocks - 0.73624 (ms)Pass: UnitarySynthesis - 1.67847 (ms)Pass: RemoveIdentityEquivalent - 0.02575 (ms)Pass: Optimize1qGatesDecomposition - 0.20123 (ms)Pass: CommutativeCancellation - 0.22292 (ms)Pass: ContractIdleWiresInControlFlow - 0.00215 (ms)Pass: GatesInBasis - 0.07176 (ms)Pass: Depth - 0.04697 (ms)Pass: Size - 0.00238 (ms)Pass: MinimumPoint - 0.06270 (ms)Pass: ConsolidateBlocks - 0.46110 (ms)Pass: UnitarySynthesis - 0.53978 (ms)Pass: RemoveIdentityEquivalent - 0.02050 (ms)Pass: Optimize1qGatesDecomposition - 0.15497 (ms)Pass: CommutativeCancellation - 0.20385 (ms)Pass: ContractIdleWiresInControlFlow - 0.00143 (ms)Pass: GatesInBasis - 0.05174 (ms)Pass: Depth - 0.04911 (ms)Pass: Size - 0.00215 (ms)Pass: MinimumPoint - 0.00358 (ms)Pass: ConsolidateBlocks - 0.34904 (ms)Pass: UnitarySynthesis - 0.42343 (ms)Pass: RemoveIdentityEquivalent - 0.02027 (ms)Pass: Optimize1qGatesDecomposition - 0.14877 (ms)Pass: CommutativeCancellation - 0.19312 (ms)Pass: ContractIdleWiresInControlFlow - 0.00167 (ms)Pass: GatesInBasis - 0.06557 (ms)Pass: Depth - 0.04506 (ms)Pass: Size - 0.00191 (ms)Pass: MinimumPoint - 0.00334 (ms)Pass: ConsolidateBlocks - 0.34547 (ms)Pass: UnitarySynthesis - 0.44084 (ms)Pass: RemoveIdentityEquivalent - 0.01979 (ms)Pass: Optimize1qGatesDecomposition - 0.14925 (ms)Pass: CommutativeCancellation - 0.19455 (ms)Pass: ContractIdleWiresInControlFlow - 0.00167 (ms)Pass: GatesInBasis - 0.05221 (ms)Pass: Depth - 0.04935 (ms)Pass: Size - 0.00191 (ms)Pass: MinimumPoint - 0.00334 (ms)Pass: ConsolidateBlocks - 0.34237 (ms)Pass: UnitarySynthesis - 0.39840 (ms)Pass: RemoveIdentityEquivalent - 0.02003 (ms)Pass: Optimize1qGatesDecomposition - 0.15283 (ms)Pass: CommutativeCancellation - 0.19455 (ms)Pass: ContractIdleWiresInControlFlow - 0.00167 (ms)Pass: GatesInBasis - 0.07463 (ms)Pass: Depth - 0.04578 (ms)Pass: Size - 0.00215 (ms)Pass: MinimumPoint - 0.00620 (ms)Pass: ContainsInstruction - 0.00572 (ms)Pass: InstructionDurationCheck - 0.00310 (ms)SQD counts diag: n_bits=8, first_bitstring=[0, 0, 1, 1, 0, 0, 1, 1], hamming_left=2, hamming_right=2
SQD postselect diag: total_samples=255, total_postselected=576, batch_sizes=[36, 36, 36, 36, 36, 36, 36, 36, 36, 36, 36, 36, 36, 36, 36, 36]
SQD batch diag: batch0_shape=(36, 8), first_bitstring=[0, 0, 1, 1, 0, 0, 1, 1], hamming_left=2, hamming_right=2
SQD sci diag: batch=0, norb=4, nelec=(2, 2), amp_norm=1.0, trace(rdm1)=3.9999999999999996
SQD sci diag: batch=1, norb=4, nelec=(2, 2), amp_norm=1.0, trace(rdm1)=3.9999999999999996
SQD sci diag: batch=2, norb=4, nelec=(2, 2), amp_norm=1.0, trace(rdm1)=3.9999999999999996
SQD sci diag: batch=3, norb=4, nelec=(2, 2), amp_norm=1.0, trace(rdm1)=3.9999999999999996
SQD sci diag: batch=4, norb=4, nelec=(2, 2), amp_norm=1.0, trace(rdm1)=3.9999999999999996
SQD sci diag: batch=5, norb=4, nelec=(2, 2), amp_norm=1.0, trace(rdm1)=3.9999999999999996
SQD sci diag: batch=6, norb=4, nelec=(2, 2), amp_norm=1.0, trace(rdm1)=3.9999999999999996
SQD sci diag: batch=7, norb=4, nelec=(2, 2), amp_norm=1.0, trace(rdm1)=3.9999999999999996
SQD sci diag: batch=8, norb=4, nelec=(2, 2), amp_norm=1.0, trace(rdm1)=3.9999999999999996
SQD sci diag: batch=9, norb=4, nelec=(2, 2), amp_norm=1.0, trace(rdm1)=3.9999999999999996
SQD sci diag: batch=10, norb=4, nelec=(2, 2), amp_norm=1.0, trace(rdm1)=3.9999999999999996
SQD sci diag: batch=11, norb=4, nelec=(2, 2), amp_norm=1.0, trace(rdm1)=3.9999999999999996
SQD sci diag: batch=12, norb=4, nelec=(2, 2), amp_norm=1.0, trace(rdm1)=3.9999999999999996
SQD sci diag: batch=13, norb=4, nelec=(2, 2), amp_norm=1.0, trace(rdm1)=3.9999999999999996
SQD sci diag: batch=14, norb=4, nelec=(2, 2), amp_norm=1.0, trace(rdm1)=3.9999999999999996
SQD sci diag: batch=15, norb=4, nelec=(2, 2), amp_norm=1.0, trace(rdm1)=3.9999999999999996
SQD postselect diag: total_samples=36, total_postselected=576, batch_sizes=[36, 36, 36, 36, 36, 36, 36, 36, 36, 36, 36, 36, 36, 36, 36, 36]
SQD batch diag: batch0_shape=(36, 8), first_bitstring=[0, 0, 1, 1, 0, 0, 1, 1], hamming_left=2, hamming_right=2
SQD sci diag: batch=0, norb=4, nelec=(2, 2), amp_norm=1.0, trace(rdm1)=3.9999999999999996
SQD sci diag: batch=1, norb=4, nelec=(2, 2), amp_norm=1.0, trace(rdm1)=3.9999999999999996
SQD sci diag: batch=2, norb=4, nelec=(2, 2), amp_norm=1.0, trace(rdm1)=3.9999999999999996
SQD sci diag: batch=3, norb=4, nelec=(2, 2), amp_norm=1.0, trace(rdm1)=3.9999999999999996
SQD sci diag: batch=4, norb=4, nelec=(2, 2), amp_norm=1.0, trace(rdm1)=3.9999999999999996
SQD sci diag: batch=5, norb=4, nelec=(2, 2), amp_norm=1.0, trace(rdm1)=3.9999999999999996
SQD sci diag: batch=6, norb=4, nelec=(2, 2), amp_norm=1.0, trace(rdm1)=3.9999999999999996
SQD sci diag: batch=7, norb=4, nelec=(2, 2), amp_norm=1.0, trace(rdm1)=3.9999999999999996
SQD sci diag: batch=8, norb=4, nelec=(2, 2), amp_norm=1.0, trace(rdm1)=3.9999999999999996
SQD sci diag: batch=9, norb=4, nelec=(2, 2), amp_norm=1.0, trace(rdm1)=3.9999999999999996
SQD sci diag: batch=10, norb=4, nelec=(2, 2), amp_norm=1.0, trace(rdm1)=3.9999999999999996
SQD sci diag: batch=11, norb=4, nelec=(2, 2), amp_norm=1.0, trace(rdm1)=3.9999999999999996
SQD sci diag: batch=12, norb=4, nelec=(2, 2), amp_norm=1.0, trace(rdm1)=3.9999999999999996
SQD sci diag: batch=13, norb=4, nelec=(2, 2), amp_norm=1.0, trace(rdm1)=3.9999999999999996
SQD sci diag: batch=14, norb=4, nelec=(2, 2), amp_norm=1.0, trace(rdm1)=3.9999999999999996
SQD sci diag: batch=15, norb=4, nelec=(2, 2), amp_norm=1.0, trace(rdm1)=3.9999999999999996
		SQD diag: n_active_mos=4, n_active_electrons=4, trace(onerdm)=3.9999999999999996
		Fragment Energy = -61.270980866538565
		Number of Electrons in Fragment = 9.286329263632608
	Electron Residual = 0.34225179932038685
[Optimizer] Bracket found: (-0.05, 0.0). Starting Brent search...
	[OptimizerCache] Found mu=-0.050000 in cache. Skipping hardware calls.
	[OptimizerCache] Found mu=0.000000 in cache. Skipping hardware calls.
	[Optimizer] Evaluating mu=-0.004892 with 1 hardware jobs...
 	Iteration =  4
 	Chemical Potential (mu) =     -0.0048923904
 	----------------
 
	SCF Occupancy Eigenvalues for Fragment Number : # 0
	[8.80074255e-17 3.54635603e-17 6.89143825e-18 3.61441330e-17
 2.35542723e-16 4.30879703e-16 5.22803903e-06 1.68973454e-03
 9.50618111e-03 9.50619376e-03 1.00000000e+00 1.99049381e+00
 1.99049382e+00 1.99831027e+00 1.99999477e+00]

	SCF Occupancy Eigenvalues for Fragment Number : # 1
	[4.10536263e-16 7.94198933e-17 2.34346328e-18 1.33096378e-17
 4.51487378e-17 1.44587497e-16 5.22803903e-06 1.68973454e-03
 9.50618111e-03 9.50619376e-03 1.00000000e+00 1.99049381e+00
 1.99049382e+00 1.99831027e+00 1.99999477e+00]

		Fragment Number : #  1
		------------------------
		CCSD diag: n_active_mos=24, n_active_electrons=18, trace(onerdm)=18.0
		Fragment Energy = -60.863903708339684
		Number of Electrons in Fragment = 9.001048332389958
Fragment: n_homo=8, n_lumo=9, kept=[7, 8, 9, 10]
		Fragment Number : #  2
		------------------------
LUCJ CCSD init diag: norb=4, n_reps=1, t1_shape=(2, 2), t2_shape=(2, 2, 2, 2), t1_norm=2.919929e-08, t2_norm=2.224524e-02
[AccountManager] SQD call 4: using account 1 (4/10)
Pass: Decompose - 0.74792 (ms)Pass: MergeOrbitalRotations - 0.38910 (ms)Pass: UnitarySynthesis - 0.00787 (ms)Pass: HighLevelSynthesis - 1.31369 (ms)Pass: BasisTranslator - 0.10037 (ms)Pass: ElidePermutations - 0.01168 (ms)Pass: RemoveDiagonalGatesBeforeMeasure - 0.01025 (ms)Pass: RemoveIdentityEquivalent - 0.01335 (ms)Pass: InverseCancellation - 0.01788 (ms)Pass: ContractIdleWiresInControlFlow - 0.00167 (ms)Pass: CommutativeCancellation - 0.04244 (ms)Pass: ConsolidateBlocks - 0.19145 (ms)Pass: Split2QUnitaries - 0.00644 (ms)Pass: SetLayout - 0.02384 (ms)Pass: FullAncillaAllocation - 0.20242 (ms)Pass: EnlargeWithAncilla - 0.07582 (ms)Pass: ApplyLayout - 0.41485 (ms)Pass: CheckMap - 0.09561 (ms)Pass: BarrierBeforeFinalMeasurements - 2.98476 (ms)Pass: SabreSwap - 3.11017 (ms)Pass: FilterOpNodes - 0.13685 (ms)Pass: UnitarySynthesis - 0.00691 (ms)Pass: HighLevelSynthesis - 0.01979 (ms)Pass: BasisTranslator - 1.84298 (ms)Pass: Depth - 0.07677 (ms)Pass: Size - 0.00334 (ms)Pass: MinimumPoint - 0.01693 (ms)Pass: ConsolidateBlocks - 0.47183 (ms)Pass: UnitarySynthesis - 1.27864 (ms)Pass: RemoveIdentityEquivalent - 0.02193 (ms)Pass: Optimize1qGatesDecomposition - 0.18787 (ms)Pass: CommutativeCancellation - 0.19717 (ms)Pass: ContractIdleWiresInControlFlow - 0.00238 (ms)Pass: GatesInBasis - 0.05293 (ms)Pass: Depth - 0.04363 (ms)Pass: Size - 0.00215 (ms)Pass: MinimumPoint - 0.05555 (ms)Pass: ConsolidateBlocks - 0.39220 (ms)Pass: UnitarySynthesis - 0.50211 (ms)Pass: RemoveIdentityEquivalent - 0.01907 (ms)Pass: Optimize1qGatesDecomposition - 0.13828 (ms)Pass: CommutativeCancellation - 0.17643 (ms)Pass: ContractIdleWiresInControlFlow - 0.00191 (ms)Pass: GatesInBasis - 0.04458 (ms)Pass: Depth - 0.04530 (ms)Pass: Size - 0.00262 (ms)Pass: MinimumPoint - 0.00381 (ms)Pass: ConsolidateBlocks - 0.28777 (ms)Pass: UnitarySynthesis - 0.40102 (ms)Pass: RemoveIdentityEquivalent - 0.01693 (ms)Pass: Optimize1qGatesDecomposition - 0.13328 (ms)Pass: CommutativeCancellation - 0.16975 (ms)Pass: ContractIdleWiresInControlFlow - 0.00167 (ms)Pass: GatesInBasis - 0.04482 (ms)Pass: Depth - 0.04101 (ms)Pass: Size - 0.00238 (ms)Pass: MinimumPoint - 0.00358 (ms)Pass: ConsolidateBlocks - 0.29016 (ms)Pass: UnitarySynthesis - 0.40889 (ms)Pass: RemoveIdentityEquivalent - 0.01621 (ms)Pass: Optimize1qGatesDecomposition - 0.13256 (ms)Pass: CommutativeCancellation - 0.17023 (ms)Pass: ContractIdleWiresInControlFlow - 0.00167 (ms)Pass: GatesInBasis - 0.04220 (ms)Pass: Depth - 0.04482 (ms)Pass: Size - 0.00215 (ms)Pass: MinimumPoint - 0.00358 (ms)Pass: ConsolidateBlocks - 0.29302 (ms)Pass: UnitarySynthesis - 0.44966 (ms)Pass: RemoveIdentityEquivalent - 0.01717 (ms)Pass: Optimize1qGatesDecomposition - 0.13018 (ms)Pass: CommutativeCancellation - 0.16904 (ms)Pass: ContractIdleWiresInControlFlow - 0.00191 (ms)Pass: GatesInBasis - 0.04506 (ms)Pass: Depth - 0.04053 (ms)Pass: Size - 0.00215 (ms)Pass: MinimumPoint - 0.00477 (ms)Pass: ContainsInstruction - 0.00572 (ms)Pass: InstructionDurationCheck - 0.00310 (ms)SQD counts diag: n_bits=8, first_bitstring=[0, 0, 1, 1, 0, 0, 1, 1], hamming_left=2, hamming_right=2
SQD postselect diag: total_samples=256, total_postselected=576, batch_sizes=[36, 36, 36, 36, 36, 36, 36, 36, 36, 36, 36, 36, 36, 36, 36, 36]
SQD batch diag: batch0_shape=(36, 8), first_bitstring=[0, 0, 1, 1, 0, 0, 1, 1], hamming_left=2, hamming_right=2
SQD sci diag: batch=0, norb=4, nelec=(2, 2), amp_norm=1.0, trace(rdm1)=3.9999999999999996
SQD sci diag: batch=1, norb=4, nelec=(2, 2), amp_norm=1.0, trace(rdm1)=3.9999999999999996
SQD sci diag: batch=2, norb=4, nelec=(2, 2), amp_norm=1.0, trace(rdm1)=3.9999999999999996
SQD sci diag: batch=3, norb=4, nelec=(2, 2), amp_norm=1.0, trace(rdm1)=3.9999999999999996
SQD sci diag: batch=4, norb=4, nelec=(2, 2), amp_norm=1.0, trace(rdm1)=3.9999999999999996
SQD sci diag: batch=5, norb=4, nelec=(2, 2), amp_norm=1.0, trace(rdm1)=3.9999999999999996
SQD sci diag: batch=6, norb=4, nelec=(2, 2), amp_norm=1.0, trace(rdm1)=3.9999999999999996
SQD sci diag: batch=7, norb=4, nelec=(2, 2), amp_norm=1.0, trace(rdm1)=3.9999999999999996
SQD sci diag: batch=8, norb=4, nelec=(2, 2), amp_norm=1.0, trace(rdm1)=3.9999999999999996
SQD sci diag: batch=9, norb=4, nelec=(2, 2), amp_norm=1.0, trace(rdm1)=3.9999999999999996
SQD sci diag: batch=10, norb=4, nelec=(2, 2), amp_norm=1.0, trace(rdm1)=3.9999999999999996
SQD sci diag: batch=11, norb=4, nelec=(2, 2), amp_norm=1.0, trace(rdm1)=3.9999999999999996
SQD sci diag: batch=12, norb=4, nelec=(2, 2), amp_norm=1.0, trace(rdm1)=3.9999999999999996
SQD sci diag: batch=13, norb=4, nelec=(2, 2), amp_norm=1.0, trace(rdm1)=3.9999999999999996
SQD sci diag: batch=14, norb=4, nelec=(2, 2), amp_norm=1.0, trace(rdm1)=3.9999999999999996
SQD sci diag: batch=15, norb=4, nelec=(2, 2), amp_norm=1.0, trace(rdm1)=3.9999999999999996
SQD postselect diag: total_samples=36, total_postselected=576, batch_sizes=[36, 36, 36, 36, 36, 36, 36, 36, 36, 36, 36, 36, 36, 36, 36, 36]
SQD batch diag: batch0_shape=(36, 8), first_bitstring=[0, 0, 1, 1, 0, 0, 1, 1], hamming_left=2, hamming_right=2
SQD sci diag: batch=0, norb=4, nelec=(2, 2), amp_norm=1.0, trace(rdm1)=3.9999999999999996
SQD sci diag: batch=1, norb=4, nelec=(2, 2), amp_norm=1.0, trace(rdm1)=3.9999999999999996
SQD sci diag: batch=2, norb=4, nelec=(2, 2), amp_norm=1.0, trace(rdm1)=3.9999999999999996
SQD sci diag: batch=3, norb=4, nelec=(2, 2), amp_norm=1.0, trace(rdm1)=3.9999999999999996
SQD sci diag: batch=4, norb=4, nelec=(2, 2), amp_norm=1.0, trace(rdm1)=3.9999999999999996
SQD sci diag: batch=5, norb=4, nelec=(2, 2), amp_norm=1.0, trace(rdm1)=3.9999999999999996
SQD sci diag: batch=6, norb=4, nelec=(2, 2), amp_norm=1.0, trace(rdm1)=3.9999999999999996
SQD sci diag: batch=7, norb=4, nelec=(2, 2), amp_norm=1.0, trace(rdm1)=3.9999999999999996
SQD sci diag: batch=8, norb=4, nelec=(2, 2), amp_norm=1.0, trace(rdm1)=3.9999999999999996
SQD sci diag: batch=9, norb=4, nelec=(2, 2), amp_norm=1.0, trace(rdm1)=3.9999999999999996
SQD sci diag: batch=10, norb=4, nelec=(2, 2), amp_norm=1.0, trace(rdm1)=3.9999999999999996
SQD sci diag: batch=11, norb=4, nelec=(2, 2), amp_norm=1.0, trace(rdm1)=3.9999999999999996
SQD sci diag: batch=12, norb=4, nelec=(2, 2), amp_norm=1.0, trace(rdm1)=3.9999999999999996
SQD sci diag: batch=13, norb=4, nelec=(2, 2), amp_norm=1.0, trace(rdm1)=3.9999999999999996
SQD sci diag: batch=14, norb=4, nelec=(2, 2), amp_norm=1.0, trace(rdm1)=3.9999999999999996
SQD sci diag: batch=15, norb=4, nelec=(2, 2), amp_norm=1.0, trace(rdm1)=3.9999999999999996
		SQD diag: n_active_mos=4, n_active_electrons=4, trace(onerdm)=3.9999999999999996
		Fragment Energy = -60.77540648075417
		Number of Electrons in Fragment = 9.108321987739632
	Electron Residual = 0.10937032012959236
	[Optimizer] Evaluating mu=-0.027446 with 1 hardware jobs...
 	Iteration =  5
 	Chemical Potential (mu) =     -0.0274461952
 	----------------
 
	SCF Occupancy Eigenvalues for Fragment Number : # 0
	[8.80074255e-17 3.54635603e-17 6.89143825e-18 3.61441330e-17
 2.35542723e-16 4.30879703e-16 5.22803903e-06 1.68973454e-03
 9.50618111e-03 9.50619376e-03 1.00000000e+00 1.99049381e+00
 1.99049382e+00 1.99831027e+00 1.99999477e+00]

	SCF Occupancy Eigenvalues for Fragment Number : # 1
	[4.10536263e-16 7.94198933e-17 2.34346328e-18 1.33096378e-17
 4.51487378e-17 1.44587497e-16 5.22803903e-06 1.68973454e-03
 9.50618111e-03 9.50619376e-03 1.00000000e+00 1.99049381e+00
 1.99049382e+00 1.99831027e+00 1.99999477e+00]

		Fragment Number : #  1
		------------------------
		CCSD diag: n_active_mos=24, n_active_electrons=18, trace(onerdm)=18.0
		Fragment Energy = -60.80109458444251
		Number of Electrons in Fragment = 8.978541672890355
Fragment: n_homo=8, n_lumo=9, kept=[7, 8, 9, 10]
		Fragment Number : #  2
		------------------------
LUCJ CCSD init diag: norb=4, n_reps=1, t1_shape=(2, 2), t2_shape=(2, 2, 2, 2), t1_norm=4.827968e-09, t2_norm=2.225688e-02
[AccountManager] SQD call 5: using account 1 (5/10)
Pass: Decompose - 0.70906 (ms)Pass: MergeOrbitalRotations - 0.37432 (ms)Pass: UnitarySynthesis - 0.00644 (ms)Pass: HighLevelSynthesis - 1.25194 (ms)Pass: BasisTranslator - 0.13256 (ms)Pass: ElidePermutations - 0.00596 (ms)Pass: RemoveDiagonalGatesBeforeMeasure - 0.00644 (ms)Pass: RemoveIdentityEquivalent - 0.01264 (ms)Pass: InverseCancellation - 0.01216 (ms)Pass: ContractIdleWiresInControlFlow - 0.00215 (ms)Pass: CommutativeCancellation - 0.03791 (ms)Pass: ConsolidateBlocks - 0.17548 (ms)Pass: Split2QUnitaries - 0.00215 (ms)Pass: SetLayout - 0.01645 (ms)Pass: FullAncillaAllocation - 0.20409 (ms)Pass: EnlargeWithAncilla - 0.08488 (ms)Pass: ApplyLayout - 0.41246 (ms)Pass: CheckMap - 0.09537 (ms)Pass: BarrierBeforeFinalMeasurements - 3.71599 (ms)Pass: SabreSwap - 3.27706 (ms)Pass: FilterOpNodes - 0.16451 (ms)Pass: UnitarySynthesis - 0.00715 (ms)Pass: HighLevelSynthesis - 0.02432 (ms)Pass: BasisTranslator - 2.17104 (ms)Pass: Depth - 0.10920 (ms)Pass: Size - 0.00334 (ms)Pass: MinimumPoint - 0.01073 (ms)Pass: ConsolidateBlocks - 0.66137 (ms)Pass: UnitarySynthesis - 1.74022 (ms)Pass: RemoveIdentityEquivalent - 0.03695 (ms)Pass: Optimize1qGatesDecomposition - 0.22697 (ms)Pass: CommutativeCancellation - 0.26512 (ms)Pass: ContractIdleWiresInControlFlow - 0.00215 (ms)Pass: GatesInBasis - 0.06175 (ms)Pass: Depth - 0.06056 (ms)Pass: Size - 0.00310 (ms)Pass: MinimumPoint - 0.06485 (ms)Pass: ConsolidateBlocks - 0.48113 (ms)Pass: UnitarySynthesis - 0.49305 (ms)Pass: RemoveIdentityEquivalent - 0.01979 (ms)Pass: Optimize1qGatesDecomposition - 0.14114 (ms)Pass: CommutativeCancellation - 0.18764 (ms)Pass: ContractIdleWiresInControlFlow - 0.00191 (ms)Pass: GatesInBasis - 0.05627 (ms)Pass: Depth - 0.04697 (ms)Pass: Size - 0.00215 (ms)Pass: MinimumPoint - 0.07272 (ms)Pass: ConsolidateBlocks - 0.29683 (ms)Pass: UnitarySynthesis - 0.43964 (ms)Pass: RemoveIdentityEquivalent - 0.01740 (ms)Pass: Optimize1qGatesDecomposition - 0.13566 (ms)Pass: CommutativeCancellation - 0.17476 (ms)Pass: ContractIdleWiresInControlFlow - 0.00191 (ms)Pass: GatesInBasis - 0.04435 (ms)Pass: Depth - 0.05555 (ms)Pass: Size - 0.00215 (ms)Pass: MinimumPoint - 0.00644 (ms)Pass: ContainsInstruction - 0.00548 (ms)Pass: InstructionDurationCheck - 0.00310 (ms)SQD counts diag: n_bits=8, first_bitstring=[0, 0, 1, 1, 0, 0, 1, 1], hamming_left=2, hamming_right=2
SQD postselect diag: total_samples=255, total_postselected=576, batch_sizes=[36, 36, 36, 36, 36, 36, 36, 36, 36, 36, 36, 36, 36, 36, 36, 36]
SQD batch diag: batch0_shape=(36, 8), first_bitstring=[0, 0, 1, 1, 0, 0, 1, 1], hamming_left=2, hamming_right=2
SQD sci diag: batch=0, norb=4, nelec=(2, 2), amp_norm=1.0, trace(rdm1)=3.9999999999999996
SQD sci diag: batch=1, norb=4, nelec=(2, 2), amp_norm=1.0, trace(rdm1)=3.9999999999999996
SQD sci diag: batch=2, norb=4, nelec=(2, 2), amp_norm=1.0, trace(rdm1)=3.9999999999999996
SQD sci diag: batch=3, norb=4, nelec=(2, 2), amp_norm=1.0, trace(rdm1)=3.9999999999999996
SQD sci diag: batch=4, norb=4, nelec=(2, 2), amp_norm=1.0, trace(rdm1)=3.9999999999999996
SQD sci diag: batch=5, norb=4, nelec=(2, 2), amp_norm=1.0, trace(rdm1)=3.9999999999999996
SQD sci diag: batch=6, norb=4, nelec=(2, 2), amp_norm=1.0, trace(rdm1)=3.9999999999999996
SQD sci diag: batch=7, norb=4, nelec=(2, 2), amp_norm=1.0, trace(rdm1)=3.9999999999999996
SQD sci diag: batch=8, norb=4, nelec=(2, 2), amp_norm=1.0, trace(rdm1)=3.9999999999999996
SQD sci diag: batch=9, norb=4, nelec=(2, 2), amp_norm=1.0, trace(rdm1)=3.9999999999999996
SQD sci diag: batch=10, norb=4, nelec=(2, 2), amp_norm=1.0, trace(rdm1)=3.9999999999999996
SQD sci diag: batch=11, norb=4, nelec=(2, 2), amp_norm=1.0, trace(rdm1)=3.9999999999999996
SQD sci diag: batch=12, norb=4, nelec=(2, 2), amp_norm=1.0, trace(rdm1)=3.9999999999999996
SQD sci diag: batch=13, norb=4, nelec=(2, 2), amp_norm=1.0, trace(rdm1)=3.9999999999999996
SQD sci diag: batch=14, norb=4, nelec=(2, 2), amp_norm=1.0, trace(rdm1)=3.9999999999999996
SQD sci diag: batch=15, norb=4, nelec=(2, 2), amp_norm=1.0, trace(rdm1)=3.9999999999999996
SQD postselect diag: total_samples=36, total_postselected=576, batch_sizes=[36, 36, 36, 36, 36, 36, 36, 36, 36, 36, 36, 36, 36, 36, 36, 36]
SQD batch diag: batch0_shape=(36, 8), first_bitstring=[0, 0, 1, 1, 0, 0, 1, 1], hamming_left=2, hamming_right=2
SQD sci diag: batch=0, norb=4, nelec=(2, 2), amp_norm=1.0, trace(rdm1)=3.9999999999999996
SQD sci diag: batch=1, norb=4, nelec=(2, 2), amp_norm=1.0, trace(rdm1)=3.9999999999999996
SQD sci diag: batch=2, norb=4, nelec=(2, 2), amp_norm=1.0, trace(rdm1)=3.9999999999999996
SQD sci diag: batch=3, norb=4, nelec=(2, 2), amp_norm=1.0, trace(rdm1)=3.9999999999999996
SQD sci diag: batch=4, norb=4, nelec=(2, 2), amp_norm=1.0, trace(rdm1)=3.9999999999999996
SQD sci diag: batch=5, norb=4, nelec=(2, 2), amp_norm=1.0, trace(rdm1)=3.9999999999999996
SQD sci diag: batch=6, norb=4, nelec=(2, 2), amp_norm=1.0, trace(rdm1)=3.9999999999999996
SQD sci diag: batch=7, norb=4, nelec=(2, 2), amp_norm=1.0, trace(rdm1)=3.9999999999999996
SQD sci diag: batch=8, norb=4, nelec=(2, 2), amp_norm=1.0, trace(rdm1)=3.9999999999999996
SQD sci diag: batch=9, norb=4, nelec=(2, 2), amp_norm=1.0, trace(rdm1)=3.9999999999999996
SQD sci diag: batch=10, norb=4, nelec=(2, 2), amp_norm=1.0, trace(rdm1)=3.9999999999999996
SQD sci diag: batch=11, norb=4, nelec=(2, 2), amp_norm=1.0, trace(rdm1)=3.9999999999999996
SQD sci diag: batch=12, norb=4, nelec=(2, 2), amp_norm=1.0, trace(rdm1)=3.9999999999999996
SQD sci diag: batch=13, norb=4, nelec=(2, 2), amp_norm=1.0, trace(rdm1)=3.9999999999999996
SQD sci diag: batch=14, norb=4, nelec=(2, 2), amp_norm=1.0, trace(rdm1)=3.9999999999999996
SQD sci diag: batch=15, norb=4, nelec=(2, 2), amp_norm=1.0, trace(rdm1)=3.9999999999999996
		SQD diag: n_active_mos=4, n_active_electrons=4, trace(onerdm)=3.9999999999999996
		Fragment Energy = -60.496777660034354
		Number of Electrons in Fragment = 8.980904337798307
	Electron Residual = -0.0405539893113378
	[Optimizer] Evaluating mu=-0.021345 with 1 hardware jobs...
 	Iteration =  6
 	Chemical Potential (mu) =     -0.0213454717
 	----------------
 
	SCF Occupancy Eigenvalues for Fragment Number : # 0
	[8.80074255e-17 3.54635603e-17 6.89143825e-18 3.61441330e-17
 2.35542723e-16 4.30879703e-16 5.22803903e-06 1.68973454e-03
 9.50618111e-03 9.50619376e-03 1.00000000e+00 1.99049381e+00
 1.99049382e+00 1.99831027e+00 1.99999477e+00]

	SCF Occupancy Eigenvalues for Fragment Number : # 1
	[4.10536263e-16 7.94198933e-17 2.34346328e-18 1.33096378e-17
 4.51487378e-17 1.44587497e-16 5.22803903e-06 1.68973454e-03
 9.50618111e-03 9.50619376e-03 1.00000000e+00 1.99049381e+00
 1.99049382e+00 1.99831027e+00 1.99999477e+00]

		Fragment Number : #  1
		------------------------
		CCSD diag: n_active_mos=24, n_active_electrons=18, trace(onerdm)=18.0
		Fragment Energy = -60.81810378192171
		Number of Electrons in Fragment = 8.984626937968162
Fragment: n_homo=8, n_lumo=9, kept=[7, 8, 9, 10]
		Fragment Number : #  2
		------------------------
LUCJ CCSD init diag: norb=4, n_reps=1, t1_shape=(2, 2), t2_shape=(2, 2, 2, 2), t1_norm=6.024954e-09, t2_norm=2.222218e-02
[AccountManager] SQD call 6: using account 1 (6/10)
Pass: Decompose - 1.49488 (ms)Pass: MergeOrbitalRotations - 0.49186 (ms)Pass: UnitarySynthesis - 0.01407 (ms)Pass: HighLevelSynthesis - 1.68085 (ms)Pass: BasisTranslator - 0.11897 (ms)Pass: ElidePermutations - 0.02766 (ms)Pass: RemoveDiagonalGatesBeforeMeasure - 0.01717 (ms)Pass: RemoveIdentityEquivalent - 0.01931 (ms)Pass: InverseCancellation - 0.02837 (ms)Pass: ContractIdleWiresInControlFlow - 0.00215 (ms)Pass: CommutativeCancellation - 0.07033 (ms)Pass: ConsolidateBlocks - 0.26870 (ms)Pass: Split2QUnitaries - 0.01502 (ms)Pass: SetLayout - 0.03743 (ms)Pass: FullAncillaAllocation - 0.23961 (ms)Pass: EnlargeWithAncilla - 0.10204 (ms)Pass: ApplyLayout - 0.48661 (ms)Pass: CheckMap - 0.10777 (ms)Pass: BarrierBeforeFinalMeasurements - 2.72441 (ms)Pass: SabreSwap - 2.43640 (ms)Pass: FilterOpNodes - 0.14114 (ms)Pass: UnitarySynthesis - 0.00691 (ms)Pass: HighLevelSynthesis - 0.02623 (ms)Pass: BasisTranslator - 3.22580 (ms)Pass: Depth - 0.13661 (ms)Pass: Size - 0.00381 (ms)Pass: MinimumPoint - 0.03314 (ms)Pass: ConsolidateBlocks - 0.63109 (ms)Pass: UnitarySynthesis - 1.62435 (ms)Pass: RemoveIdentityEquivalent - 0.02909 (ms)Pass: Optimize1qGatesDecomposition - 0.25630 (ms)Pass: CommutativeCancellation - 0.23270 (ms)Pass: ContractIdleWiresInControlFlow - 0.00167 (ms)Pass: GatesInBasis - 0.06604 (ms)Pass: Depth - 0.04554 (ms)Pass: Size - 0.00215 (ms)Pass: MinimumPoint - 0.07582 (ms)Pass: ConsolidateBlocks - 0.34142 (ms)Pass: UnitarySynthesis - 0.44656 (ms)Pass: RemoveIdentityEquivalent - 0.01979 (ms)Pass: Optimize1qGatesDecomposition - 0.15044 (ms)Pass: CommutativeCancellation - 0.19217 (ms)Pass: ContractIdleWiresInControlFlow - 0.00191 (ms)Pass: GatesInBasis - 0.07105 (ms)Pass: Depth - 0.04196 (ms)Pass: Size - 0.00215 (ms)Pass: MinimumPoint - 0.09561 (ms)Pass: ConsolidateBlocks - 0.32854 (ms)Pass: UnitarySynthesis - 0.41270 (ms)Pass: RemoveIdentityEquivalent - 0.01693 (ms)Pass: Optimize1qGatesDecomposition - 0.15807 (ms)Pass: CommutativeCancellation - 0.17881 (ms)Pass: ContractIdleWiresInControlFlow - 0.00191 (ms)Pass: GatesInBasis - 0.04697 (ms)Pass: Depth - 0.04172 (ms)Pass: Size - 0.00215 (ms)Pass: MinimumPoint - 0.00453 (ms)Pass: ContainsInstruction - 0.00548 (ms)Pass: InstructionDurationCheck - 0.00381 (ms)SQD counts diag: n_bits=8, first_bitstring=[0, 0, 1, 1, 0, 0, 1, 1], hamming_left=2, hamming_right=2
SQD postselect diag: total_samples=256, total_postselected=576, batch_sizes=[36, 36, 36, 36, 36, 36, 36, 36, 36, 36, 36, 36, 36, 36, 36, 36]
SQD batch diag: batch0_shape=(36, 8), first_bitstring=[0, 0, 1, 1, 0, 0, 1, 1], hamming_left=2, hamming_right=2
SQD sci diag: batch=0, norb=4, nelec=(2, 2), amp_norm=1.0, trace(rdm1)=3.9999999999999996
SQD sci diag: batch=1, norb=4, nelec=(2, 2), amp_norm=1.0, trace(rdm1)=3.9999999999999996
SQD sci diag: batch=2, norb=4, nelec=(2, 2), amp_norm=1.0, trace(rdm1)=3.9999999999999996
SQD sci diag: batch=3, norb=4, nelec=(2, 2), amp_norm=1.0, trace(rdm1)=3.9999999999999996
SQD sci diag: batch=4, norb=4, nelec=(2, 2), amp_norm=1.0, trace(rdm1)=3.9999999999999996
SQD sci diag: batch=5, norb=4, nelec=(2, 2), amp_norm=1.0, trace(rdm1)=3.9999999999999996
SQD sci diag: batch=6, norb=4, nelec=(2, 2), amp_norm=1.0, trace(rdm1)=3.9999999999999996
SQD sci diag: batch=7, norb=4, nelec=(2, 2), amp_norm=1.0, trace(rdm1)=3.9999999999999996
SQD sci diag: batch=8, norb=4, nelec=(2, 2), amp_norm=1.0, trace(rdm1)=3.9999999999999996
SQD sci diag: batch=9, norb=4, nelec=(2, 2), amp_norm=1.0, trace(rdm1)=3.9999999999999996
SQD sci diag: batch=10, norb=4, nelec=(2, 2), amp_norm=1.0, trace(rdm1)=3.9999999999999996
SQD sci diag: batch=11, norb=4, nelec=(2, 2), amp_norm=1.0, trace(rdm1)=3.9999999999999996
SQD sci diag: batch=12, norb=4, nelec=(2, 2), amp_norm=1.0, trace(rdm1)=3.9999999999999996
SQD sci diag: batch=13, norb=4, nelec=(2, 2), amp_norm=1.0, trace(rdm1)=3.9999999999999996
SQD sci diag: batch=14, norb=4, nelec=(2, 2), amp_norm=1.0, trace(rdm1)=3.9999999999999996
SQD sci diag: batch=15, norb=4, nelec=(2, 2), amp_norm=1.0, trace(rdm1)=3.9999999999999996
SQD postselect diag: total_samples=36, total_postselected=576, batch_sizes=[36, 36, 36, 36, 36, 36, 36, 36, 36, 36, 36, 36, 36, 36, 36, 36]
SQD batch diag: batch0_shape=(36, 8), first_bitstring=[0, 0, 1, 1, 0, 0, 1, 1], hamming_left=2, hamming_right=2
SQD sci diag: batch=0, norb=4, nelec=(2, 2), amp_norm=1.0, trace(rdm1)=3.9999999999999996
SQD sci diag: batch=1, norb=4, nelec=(2, 2), amp_norm=1.0, trace(rdm1)=3.9999999999999996
SQD sci diag: batch=2, norb=4, nelec=(2, 2), amp_norm=1.0, trace(rdm1)=3.9999999999999996
SQD sci diag: batch=3, norb=4, nelec=(2, 2), amp_norm=1.0, trace(rdm1)=3.9999999999999996
SQD sci diag: batch=4, norb=4, nelec=(2, 2), amp_norm=1.0, trace(rdm1)=3.9999999999999996
SQD sci diag: batch=5, norb=4, nelec=(2, 2), amp_norm=1.0, trace(rdm1)=3.9999999999999996
SQD sci diag: batch=6, norb=4, nelec=(2, 2), amp_norm=1.0, trace(rdm1)=3.9999999999999996
SQD sci diag: batch=7, norb=4, nelec=(2, 2), amp_norm=1.0, trace(rdm1)=3.9999999999999996
SQD sci diag: batch=8, norb=4, nelec=(2, 2), amp_norm=1.0, trace(rdm1)=3.9999999999999996
SQD sci diag: batch=9, norb=4, nelec=(2, 2), amp_norm=1.0, trace(rdm1)=3.9999999999999996
SQD sci diag: batch=10, norb=4, nelec=(2, 2), amp_norm=1.0, trace(rdm1)=3.9999999999999996
SQD sci diag: batch=11, norb=4, nelec=(2, 2), amp_norm=1.0, trace(rdm1)=3.9999999999999996
SQD sci diag: batch=12, norb=4, nelec=(2, 2), amp_norm=1.0, trace(rdm1)=3.9999999999999996
SQD sci diag: batch=13, norb=4, nelec=(2, 2), amp_norm=1.0, trace(rdm1)=3.9999999999999996
SQD sci diag: batch=14, norb=4, nelec=(2, 2), amp_norm=1.0, trace(rdm1)=3.9999999999999996
SQD sci diag: batch=15, norb=4, nelec=(2, 2), amp_norm=1.0, trace(rdm1)=3.9999999999999996
		SQD diag: n_active_mos=4, n_active_electrons=4, trace(onerdm)=3.9999999999999996
		Fragment Energy = -60.572526200303784
		Number of Electrons in Fragment = 9.015498988437265
	Electron Residual = 0.00012592640542763434
	[Optimizer] Evaluating mu=-0.021364 with 1 hardware jobs...
 	Iteration =  7
 	Chemical Potential (mu) =     -0.0213643567
 	----------------
 
	SCF Occupancy Eigenvalues for Fragment Number : # 0
	[8.80074255e-17 3.54635603e-17 6.89143825e-18 3.61441330e-17
 2.35542723e-16 4.30879703e-16 5.22803903e-06 1.68973454e-03
 9.50618111e-03 9.50619376e-03 1.00000000e+00 1.99049381e+00
 1.99049382e+00 1.99831027e+00 1.99999477e+00]

	SCF Occupancy Eigenvalues for Fragment Number : # 1
	[4.10536263e-16 7.94198933e-17 2.34346328e-18 1.33096378e-17
 4.51487378e-17 1.44587497e-16 5.22803903e-06 1.68973454e-03
 9.50618111e-03 9.50619376e-03 1.00000000e+00 1.99049381e+00
 1.99049382e+00 1.99831027e+00 1.99999477e+00]

		Fragment Number : #  1
		------------------------
		CCSD diag: n_active_mos=24, n_active_electrons=18, trace(onerdm)=18.0
		Fragment Energy = -60.81805115107101
		Number of Electrons in Fragment = 8.984608097558365
Fragment: n_homo=8, n_lumo=9, kept=[7, 8, 9, 10]
		Fragment Number : #  2
		------------------------
LUCJ CCSD init diag: norb=4, n_reps=1, t1_shape=(2, 2), t2_shape=(2, 2, 2, 2), t1_norm=6.020128e-09, t2_norm=2.222226e-02
[AccountManager] SQD call 7: using account 1 (7/10)
Pass: Decompose - 0.79799 (ms)Pass: MergeOrbitalRotations - 0.41842 (ms)Pass: UnitarySynthesis - 0.00811 (ms)Pass: HighLevelSynthesis - 1.36518 (ms)Pass: BasisTranslator - 0.10419 (ms)Pass: ElidePermutations - 0.01335 (ms)Pass: RemoveDiagonalGatesBeforeMeasure - 0.01097 (ms)Pass: RemoveIdentityEquivalent - 0.01526 (ms)Pass: InverseCancellation - 0.01740 (ms)Pass: ContractIdleWiresInControlFlow - 0.00238 (ms)Pass: CommutativeCancellation - 0.04292 (ms)Pass: ConsolidateBlocks - 0.18954 (ms)Pass: Split2QUnitaries - 0.00668 (ms)Pass: SetLayout - 0.02670 (ms)Pass: FullAncillaAllocation - 0.20838 (ms)Pass: EnlargeWithAncilla - 0.08750 (ms)Pass: ApplyLayout - 0.42081 (ms)Pass: CheckMap - 0.09727 (ms)Pass: BarrierBeforeFinalMeasurements - 1.69492 (ms)Pass: SabreSwap - 2.78139 (ms)Pass: FilterOpNodes - 0.35143 (ms)Pass: UnitarySynthesis - 0.01621 (ms)Pass: HighLevelSynthesis - 0.04554 (ms)Pass: BasisTranslator - 5.48339 (ms)Pass: Depth - 0.25964 (ms)Pass: Size - 0.00906 (ms)Pass: MinimumPoint - 0.04959 (ms)Pass: ConsolidateBlocks - 1.03498 (ms)Pass: UnitarySynthesis - 1.96123 (ms)Pass: RemoveIdentityEquivalent - 0.03099 (ms)Pass: Optimize1qGatesDecomposition - 0.26321 (ms)Pass: CommutativeCancellation - 0.28706 (ms)Pass: ContractIdleWiresInControlFlow - 0.00286 (ms)Pass: GatesInBasis - 0.07677 (ms)Pass: Depth - 0.06485 (ms)Pass: Size - 0.00310 (ms)Pass: MinimumPoint - 0.08607 (ms)Pass: ConsolidateBlocks - 0.58842 (ms)Pass: UnitarySynthesis - 0.66328 (ms)Pass: RemoveIdentityEquivalent - 0.02813 (ms)Pass: Optimize1qGatesDecomposition - 0.20218 (ms)Pass: CommutativeCancellation - 0.26655 (ms)Pass: ContractIdleWiresInControlFlow - 0.00262 (ms)Pass: GatesInBasis - 0.06294 (ms)Pass: Depth - 0.06604 (ms)Pass: Size - 0.00310 (ms)Pass: MinimumPoint - 0.09990 (ms)Pass: ConsolidateBlocks - 0.42510 (ms)Pass: UnitarySynthesis - 0.59938 (ms)Pass: RemoveIdentityEquivalent - 0.02313 (ms)Pass: Optimize1qGatesDecomposition - 0.19097 (ms)Pass: CommutativeCancellation - 0.24676 (ms)Pass: ContractIdleWiresInControlFlow - 0.00238 (ms)Pass: GatesInBasis - 0.06342 (ms)Pass: Depth - 0.06795 (ms)Pass: Size - 0.00286 (ms)Pass: MinimumPoint - 0.00644 (ms)Pass: ContainsInstruction - 0.00882 (ms)Pass: InstructionDurationCheck - 0.00477 (ms)SQD counts diag: n_bits=8, first_bitstring=[0, 0, 1, 1, 0, 0, 1, 1], hamming_left=2, hamming_right=2
SQD postselect diag: total_samples=253, total_postselected=576, batch_sizes=[36, 36, 36, 36, 36, 36, 36, 36, 36, 36, 36, 36, 36, 36, 36, 36]
SQD batch diag: batch0_shape=(36, 8), first_bitstring=[0, 0, 1, 1, 0, 0, 1, 1], hamming_left=2, hamming_right=2
SQD sci diag: batch=0, norb=4, nelec=(2, 2), amp_norm=1.0, trace(rdm1)=3.9999999999999996
SQD sci diag: batch=1, norb=4, nelec=(2, 2), amp_norm=1.0, trace(rdm1)=3.9999999999999996
SQD sci diag: batch=2, norb=4, nelec=(2, 2), amp_norm=1.0, trace(rdm1)=3.9999999999999996
SQD sci diag: batch=3, norb=4, nelec=(2, 2), amp_norm=1.0, trace(rdm1)=3.9999999999999996
SQD sci diag: batch=4, norb=4, nelec=(2, 2), amp_norm=1.0, trace(rdm1)=3.9999999999999996
SQD sci diag: batch=5, norb=4, nelec=(2, 2), amp_norm=1.0, trace(rdm1)=3.9999999999999996
SQD sci diag: batch=6, norb=4, nelec=(2, 2), amp_norm=1.0, trace(rdm1)=3.9999999999999996
SQD sci diag: batch=7, norb=4, nelec=(2, 2), amp_norm=1.0, trace(rdm1)=3.9999999999999996
SQD sci diag: batch=8, norb=4, nelec=(2, 2), amp_norm=1.0, trace(rdm1)=3.9999999999999996
SQD sci diag: batch=9, norb=4, nelec=(2, 2), amp_norm=1.0, trace(rdm1)=3.9999999999999996
SQD sci diag: batch=10, norb=4, nelec=(2, 2), amp_norm=1.0, trace(rdm1)=3.9999999999999996
SQD sci diag: batch=11, norb=4, nelec=(2, 2), amp_norm=1.0, trace(rdm1)=3.9999999999999996
SQD sci diag: batch=12, norb=4, nelec=(2, 2), amp_norm=1.0, trace(rdm1)=3.9999999999999996
SQD sci diag: batch=13, norb=4, nelec=(2, 2), amp_norm=1.0, trace(rdm1)=3.9999999999999996
SQD sci diag: batch=14, norb=4, nelec=(2, 2), amp_norm=1.0, trace(rdm1)=3.9999999999999996
SQD sci diag: batch=15, norb=4, nelec=(2, 2), amp_norm=1.0, trace(rdm1)=3.9999999999999996
SQD postselect diag: total_samples=36, total_postselected=576, batch_sizes=[36, 36, 36, 36, 36, 36, 36, 36, 36, 36, 36, 36, 36, 36, 36, 36]
SQD batch diag: batch0_shape=(36, 8), first_bitstring=[0, 0, 1, 1, 0, 0, 1, 1], hamming_left=2, hamming_right=2
SQD sci diag: batch=0, norb=4, nelec=(2, 2), amp_norm=1.0, trace(rdm1)=3.9999999999999996
SQD sci diag: batch=1, norb=4, nelec=(2, 2), amp_norm=1.0, trace(rdm1)=3.9999999999999996
SQD sci diag: batch=2, norb=4, nelec=(2, 2), amp_norm=1.0, trace(rdm1)=3.9999999999999996
SQD sci diag: batch=3, norb=4, nelec=(2, 2), amp_norm=1.0, trace(rdm1)=3.9999999999999996
SQD sci diag: batch=4, norb=4, nelec=(2, 2), amp_norm=1.0, trace(rdm1)=3.9999999999999996
SQD sci diag: batch=5, norb=4, nelec=(2, 2), amp_norm=1.0, trace(rdm1)=3.9999999999999996
SQD sci diag: batch=6, norb=4, nelec=(2, 2), amp_norm=1.0, trace(rdm1)=3.9999999999999996
SQD sci diag: batch=7, norb=4, nelec=(2, 2), amp_norm=1.0, trace(rdm1)=3.9999999999999996
SQD sci diag: batch=8, norb=4, nelec=(2, 2), amp_norm=1.0, trace(rdm1)=3.9999999999999996
SQD sci diag: batch=9, norb=4, nelec=(2, 2), amp_norm=1.0, trace(rdm1)=3.9999999999999996
SQD sci diag: batch=10, norb=4, nelec=(2, 2), amp_norm=1.0, trace(rdm1)=3.9999999999999996
SQD sci diag: batch=11, norb=4, nelec=(2, 2), amp_norm=1.0, trace(rdm1)=3.9999999999999996
SQD sci diag: batch=12, norb=4, nelec=(2, 2), amp_norm=1.0, trace(rdm1)=3.9999999999999996
SQD sci diag: batch=13, norb=4, nelec=(2, 2), amp_norm=1.0, trace(rdm1)=3.9999999999999996
SQD sci diag: batch=14, norb=4, nelec=(2, 2), amp_norm=1.0, trace(rdm1)=3.9999999999999996
SQD sci diag: batch=15, norb=4, nelec=(2, 2), amp_norm=1.0, trace(rdm1)=3.9999999999999996
		SQD diag: n_active_mos=4, n_active_electrons=4, trace(onerdm)=3.9999999999999996
		Fragment Energy = -60.57229137311484
		Number of Electrons in Fragment = 9.01539161260893
	Electron Residual = -2.898327053912908e-07
	[Optimizer] Evaluating mu=-0.021364 with 1 hardware jobs...
 	Iteration =  8
 	Chemical Potential (mu) =     -0.0213643134
 	----------------
 
	SCF Occupancy Eigenvalues for Fragment Number : # 0
	[8.80074255e-17 3.54635603e-17 6.89143825e-18 3.61441330e-17
 2.35542723e-16 4.30879703e-16 5.22803903e-06 1.68973454e-03
 9.50618111e-03 9.50619376e-03 1.00000000e+00 1.99049381e+00
 1.99049382e+00 1.99831027e+00 1.99999477e+00]

	SCF Occupancy Eigenvalues for Fragment Number : # 1
	[4.10536263e-16 7.94198933e-17 2.34346328e-18 1.33096378e-17
 4.51487378e-17 1.44587497e-16 5.22803903e-06 1.68973454e-03
 9.50618111e-03 9.50619376e-03 1.00000000e+00 1.99049381e+00
 1.99049382e+00 1.99831027e+00 1.99999477e+00]

		Fragment Number : #  1
		------------------------
		CCSD diag: n_active_mos=24, n_active_electrons=18, trace(onerdm)=18.0
		Fragment Energy = -60.81805127192841
		Number of Electrons in Fragment = 8.984608140821944
Fragment: n_homo=8, n_lumo=9, kept=[7, 8, 9, 10]
		Fragment Number : #  2
		------------------------
LUCJ CCSD init diag: norb=4, n_reps=1, t1_shape=(2, 2), t2_shape=(2, 2, 2, 2), t1_norm=6.020141e-09, t2_norm=2.222226e-02
[AccountManager] SQD call 8: using account 1 (8/10)
Pass: Decompose - 0.69475 (ms)Pass: MergeOrbitalRotations - 0.41699 (ms)Pass: UnitarySynthesis - 0.00668 (ms)Pass: HighLevelSynthesis - 1.28603 (ms)Pass: BasisTranslator - 0.10180 (ms)Pass: ElidePermutations - 0.00596 (ms)Pass: RemoveDiagonalGatesBeforeMeasure - 0.00668 (ms)Pass: RemoveIdentityEquivalent - 0.01311 (ms)Pass: InverseCancellation - 0.01287 (ms)Pass: ContractIdleWiresInControlFlow - 0.00191 (ms)Pass: CommutativeCancellation - 0.04053 (ms)Pass: ConsolidateBlocks - 0.23675 (ms)Pass: Split2QUnitaries - 0.00310 (ms)Pass: SetLayout - 0.01740 (ms)Pass: FullAncillaAllocation - 0.20266 (ms)Pass: EnlargeWithAncilla - 0.08917 (ms)Pass: ApplyLayout - 0.41032 (ms)Pass: CheckMap - 0.09727 (ms)Pass: BarrierBeforeFinalMeasurements - 1.83177 (ms)Pass: SabreSwap - 2.33340 (ms)Pass: FilterOpNodes - 0.13638 (ms)Pass: UnitarySynthesis - 0.00668 (ms)Pass: HighLevelSynthesis - 0.02694 (ms)Pass: BasisTranslator - 3.07155 (ms)Pass: Depth - 0.09966 (ms)Pass: Size - 0.00262 (ms)Pass: MinimumPoint - 0.00954 (ms)Pass: ConsolidateBlocks - 0.54574 (ms)Pass: UnitarySynthesis - 1.32322 (ms)Pass: RemoveIdentityEquivalent - 0.02527 (ms)Pass: Optimize1qGatesDecomposition - 0.19217 (ms)Pass: CommutativeCancellation - 0.22221 (ms)Pass: ContractIdleWiresInControlFlow - 0.00215 (ms)Pass: GatesInBasis - 0.04959 (ms)Pass: Depth - 0.05102 (ms)Pass: Size - 0.00238 (ms)Pass: MinimumPoint - 0.06866 (ms)Pass: ConsolidateBlocks - 0.28682 (ms)Pass: UnitarySynthesis - 0.43201 (ms)Pass: RemoveIdentityEquivalent - 0.02146 (ms)Pass: Optimize1qGatesDecomposition - 0.14114 (ms)Pass: CommutativeCancellation - 0.17762 (ms)Pass: ContractIdleWiresInControlFlow - 0.00191 (ms)Pass: GatesInBasis - 0.04363 (ms)Pass: Depth - 0.04864 (ms)Pass: Size - 0.00191 (ms)Pass: MinimumPoint - 0.07749 (ms)Pass: ConsolidateBlocks - 0.31614 (ms)Pass: UnitarySynthesis - 0.43201 (ms)Pass: RemoveIdentityEquivalent - 0.01860 (ms)Pass: Optimize1qGatesDecomposition - 0.15450 (ms)Pass: CommutativeCancellation - 0.17118 (ms)Pass: ContractIdleWiresInControlFlow - 0.00167 (ms)Pass: GatesInBasis - 0.04220 (ms)Pass: Depth - 0.04578 (ms)Pass: Size - 0.00191 (ms)Pass: MinimumPoint - 0.00429 (ms)Pass: ContainsInstruction - 0.00572 (ms)Pass: InstructionDurationCheck - 0.00286 (ms)SQD counts diag: n_bits=8, first_bitstring=[0, 0, 1, 1, 1, 1, 0, 1], hamming_left=2, hamming_right=3
SQD postselect diag: total_samples=256, total_postselected=576, batch_sizes=[36, 36, 36, 36, 36, 36, 36, 36, 36, 36, 36, 36, 36, 36, 36, 36]
SQD batch diag: batch0_shape=(36, 8), first_bitstring=[0, 0, 1, 1, 0, 0, 1, 1], hamming_left=2, hamming_right=2
SQD sci diag: batch=0, norb=4, nelec=(2, 2), amp_norm=1.0, trace(rdm1)=3.9999999999999996
SQD sci diag: batch=1, norb=4, nelec=(2, 2), amp_norm=1.0, trace(rdm1)=3.9999999999999996
SQD sci diag: batch=2, norb=4, nelec=(2, 2), amp_norm=1.0, trace(rdm1)=3.9999999999999996
SQD sci diag: batch=3, norb=4, nelec=(2, 2), amp_norm=1.0, trace(rdm1)=3.9999999999999996
SQD sci diag: batch=4, norb=4, nelec=(2, 2), amp_norm=1.0, trace(rdm1)=3.9999999999999996
SQD sci diag: batch=5, norb=4, nelec=(2, 2), amp_norm=1.0, trace(rdm1)=3.9999999999999996
SQD sci diag: batch=6, norb=4, nelec=(2, 2), amp_norm=1.0, trace(rdm1)=3.9999999999999996
SQD sci diag: batch=7, norb=4, nelec=(2, 2), amp_norm=1.0, trace(rdm1)=3.9999999999999996
SQD sci diag: batch=8, norb=4, nelec=(2, 2), amp_norm=1.0, trace(rdm1)=3.9999999999999996
SQD sci diag: batch=9, norb=4, nelec=(2, 2), amp_norm=1.0, trace(rdm1)=3.9999999999999996
SQD sci diag: batch=10, norb=4, nelec=(2, 2), amp_norm=1.0, trace(rdm1)=3.9999999999999996
SQD sci diag: batch=11, norb=4, nelec=(2, 2), amp_norm=1.0, trace(rdm1)=3.9999999999999996
SQD sci diag: batch=12, norb=4, nelec=(2, 2), amp_norm=1.0, trace(rdm1)=3.9999999999999996
SQD sci diag: batch=13, norb=4, nelec=(2, 2), amp_norm=1.0, trace(rdm1)=3.9999999999999996
SQD sci diag: batch=14, norb=4, nelec=(2, 2), amp_norm=1.0, trace(rdm1)=3.9999999999999996
SQD sci diag: batch=15, norb=4, nelec=(2, 2), amp_norm=1.0, trace(rdm1)=3.9999999999999996
SQD postselect diag: total_samples=36, total_postselected=576, batch_sizes=[36, 36, 36, 36, 36, 36, 36, 36, 36, 36, 36, 36, 36, 36, 36, 36]
SQD batch diag: batch0_shape=(36, 8), first_bitstring=[0, 0, 1, 1, 1, 0, 0, 1], hamming_left=2, hamming_right=2
SQD sci diag: batch=0, norb=4, nelec=(2, 2), amp_norm=1.0, trace(rdm1)=3.9999999999999996
SQD sci diag: batch=1, norb=4, nelec=(2, 2), amp_norm=1.0, trace(rdm1)=3.9999999999999996
SQD sci diag: batch=2, norb=4, nelec=(2, 2), amp_norm=1.0, trace(rdm1)=3.9999999999999996
SQD sci diag: batch=3, norb=4, nelec=(2, 2), amp_norm=1.0, trace(rdm1)=3.9999999999999996
SQD sci diag: batch=4, norb=4, nelec=(2, 2), amp_norm=1.0, trace(rdm1)=3.9999999999999996
SQD sci diag: batch=5, norb=4, nelec=(2, 2), amp_norm=1.0, trace(rdm1)=3.9999999999999996
SQD sci diag: batch=6, norb=4, nelec=(2, 2), amp_norm=1.0, trace(rdm1)=3.9999999999999996
SQD sci diag: batch=7, norb=4, nelec=(2, 2), amp_norm=1.0, trace(rdm1)=3.9999999999999996
SQD sci diag: batch=8, norb=4, nelec=(2, 2), amp_norm=1.0, trace(rdm1)=3.9999999999999996
SQD sci diag: batch=9, norb=4, nelec=(2, 2), amp_norm=1.0, trace(rdm1)=3.9999999999999996
SQD sci diag: batch=10, norb=4, nelec=(2, 2), amp_norm=1.0, trace(rdm1)=3.9999999999999996
SQD sci diag: batch=11, norb=4, nelec=(2, 2), amp_norm=1.0, trace(rdm1)=3.9999999999999996
SQD sci diag: batch=12, norb=4, nelec=(2, 2), amp_norm=1.0, trace(rdm1)=3.9999999999999996
SQD sci diag: batch=13, norb=4, nelec=(2, 2), amp_norm=1.0, trace(rdm1)=3.9999999999999996
SQD sci diag: batch=14, norb=4, nelec=(2, 2), amp_norm=1.0, trace(rdm1)=3.9999999999999996
SQD sci diag: batch=15, norb=4, nelec=(2, 2), amp_norm=1.0, trace(rdm1)=3.9999999999999996
		SQD diag: n_active_mos=4, n_active_electrons=4, trace(onerdm)=3.9999999999999996
		Fragment Energy = -60.57229191235374
		Number of Electrons in Fragment = 9.015391859177122
	Electron Residual = -9.343636975245317e-13
	[OptimizerCache] Found mu=-0.021364 in cache. Skipping hardware calls.
	[Optimizer] Evaluating mu=-0.021355 with 1 hardware jobs...
 	Iteration =  9
 	Chemical Potential (mu) =     -0.0213548900
 	----------------
 
	SCF Occupancy Eigenvalues for Fragment Number : # 0
	[8.80074255e-17 3.54635603e-17 6.89143825e-18 3.61441330e-17
 2.35542723e-16 4.30879703e-16 5.22803903e-06 1.68973454e-03
 9.50618111e-03 9.50619376e-03 1.00000000e+00 1.99049381e+00
 1.99049382e+00 1.99831027e+00 1.99999477e+00]

	SCF Occupancy Eigenvalues for Fragment Number : # 1
	[4.10536263e-16 7.94198933e-17 2.34346328e-18 1.33096378e-17
 4.51487378e-17 1.44587497e-16 5.22803903e-06 1.68973454e-03
 9.50618111e-03 9.50619376e-03 1.00000000e+00 1.99049381e+00
 1.99049382e+00 1.99831027e+00 1.99999477e+00]

		Fragment Number : #  1
		------------------------
		CCSD diag: n_active_mos=24, n_active_electrons=18, trace(onerdm)=18.0
		Fragment Energy = -60.81807753392799
		Number of Electrons in Fragment = 8.984617541884889
Fragment: n_homo=8, n_lumo=9, kept=[7, 8, 9, 10]
		Fragment Number : #  2
		------------------------
LUCJ CCSD init diag: norb=4, n_reps=1, t1_shape=(2, 2), t2_shape=(2, 2, 2, 2), t1_norm=6.022601e-09, t2_norm=2.222222e-02
[AccountManager] SQD call 9: using account 1 (9/10)
Pass: Decompose - 0.76151 (ms)Pass: MergeOrbitalRotations - 0.40030 (ms)Pass: UnitarySynthesis - 0.00834 (ms)Pass: HighLevelSynthesis - 1.30486 (ms)Pass: BasisTranslator - 0.09799 (ms)Pass: ElidePermutations - 0.01168 (ms)Pass: RemoveDiagonalGatesBeforeMeasure - 0.00978 (ms)Pass: RemoveIdentityEquivalent - 0.01407 (ms)Pass: InverseCancellation - 0.01717 (ms)Pass: ContractIdleWiresInControlFlow - 0.00215 (ms)Pass: CommutativeCancellation - 0.04244 (ms)Pass: ConsolidateBlocks - 0.18406 (ms)Pass: Split2QUnitaries - 0.00572 (ms)Pass: SetLayout - 0.02217 (ms)Pass: FullAncillaAllocation - 0.21482 (ms)Pass: EnlargeWithAncilla - 0.07939 (ms)Pass: ApplyLayout - 0.43225 (ms)Pass: CheckMap - 0.09632 (ms)Pass: BarrierBeforeFinalMeasurements - 1.48106 (ms)Pass: SabreSwap - 2.42162 (ms)Pass: FilterOpNodes - 0.15330 (ms)Pass: UnitarySynthesis - 0.00858 (ms)Pass: HighLevelSynthesis - 0.02527 (ms)Pass: BasisTranslator - 2.78997 (ms)Pass: Depth - 0.14138 (ms)Pass: Size - 0.01740 (ms)Pass: MinimumPoint - 0.03195 (ms)Pass: ConsolidateBlocks - 0.79608 (ms)Pass: UnitarySynthesis - 1.81317 (ms)Pass: RemoveIdentityEquivalent - 0.03648 (ms)Pass: Optimize1qGatesDecomposition - 0.25964 (ms)Pass: CommutativeCancellation - 0.30136 (ms)Pass: ContractIdleWiresInControlFlow - 0.00262 (ms)Pass: GatesInBasis - 0.06294 (ms)Pass: Depth - 0.05245 (ms)Pass: Size - 0.00286 (ms)Pass: MinimumPoint - 0.07391 (ms)Pass: ConsolidateBlocks - 0.34022 (ms)Pass: UnitarySynthesis - 0.60153 (ms)Pass: RemoveIdentityEquivalent - 0.02432 (ms)Pass: Optimize1qGatesDecomposition - 0.15593 (ms)Pass: CommutativeCancellation - 0.23532 (ms)Pass: ContractIdleWiresInControlFlow - 0.00238 (ms)Pass: GatesInBasis - 0.05841 (ms)Pass: Depth - 0.05054 (ms)Pass: Size - 0.00215 (ms)Pass: MinimumPoint - 0.08154 (ms)Pass: ConsolidateBlocks - 0.32830 (ms)Pass: UnitarySynthesis - 0.51641 (ms)Pass: RemoveIdentityEquivalent - 0.01931 (ms)Pass: Optimize1qGatesDecomposition - 0.15640 (ms)Pass: CommutativeCancellation - 0.21648 (ms)Pass: ContractIdleWiresInControlFlow - 0.00215 (ms)Pass: GatesInBasis - 0.06676 (ms)Pass: Depth - 0.04840 (ms)Pass: Size - 0.00238 (ms)Pass: MinimumPoint - 0.00548 (ms)Pass: ContainsInstruction - 0.00739 (ms)Pass: InstructionDurationCheck - 0.00477 (ms)SQD counts diag: n_bits=8, first_bitstring=[1, 0, 1, 1, 0, 0, 1, 1], hamming_left=3, hamming_right=2
SQD postselect diag: total_samples=256, total_postselected=576, batch_sizes=[36, 36, 36, 36, 36, 36, 36, 36, 36, 36, 36, 36, 36, 36, 36, 36]
SQD batch diag: batch0_shape=(36, 8), first_bitstring=[0, 0, 1, 1, 0, 0, 1, 1], hamming_left=2, hamming_right=2
SQD sci diag: batch=0, norb=4, nelec=(2, 2), amp_norm=1.0, trace(rdm1)=3.9999999999999996
SQD sci diag: batch=1, norb=4, nelec=(2, 2), amp_norm=1.0, trace(rdm1)=3.9999999999999996
SQD sci diag: batch=2, norb=4, nelec=(2, 2), amp_norm=1.0, trace(rdm1)=3.9999999999999996
SQD sci diag: batch=3, norb=4, nelec=(2, 2), amp_norm=1.0, trace(rdm1)=3.9999999999999996
SQD sci diag: batch=4, norb=4, nelec=(2, 2), amp_norm=1.0, trace(rdm1)=3.9999999999999996
SQD sci diag: batch=5, norb=4, nelec=(2, 2), amp_norm=1.0, trace(rdm1)=3.9999999999999996
SQD sci diag: batch=6, norb=4, nelec=(2, 2), amp_norm=1.0, trace(rdm1)=3.9999999999999996
SQD sci diag: batch=7, norb=4, nelec=(2, 2), amp_norm=1.0, trace(rdm1)=3.9999999999999996
SQD sci diag: batch=8, norb=4, nelec=(2, 2), amp_norm=1.0, trace(rdm1)=3.9999999999999996
SQD sci diag: batch=9, norb=4, nelec=(2, 2), amp_norm=1.0, trace(rdm1)=3.9999999999999996
SQD sci diag: batch=10, norb=4, nelec=(2, 2), amp_norm=1.0, trace(rdm1)=3.9999999999999996
SQD sci diag: batch=11, norb=4, nelec=(2, 2), amp_norm=1.0, trace(rdm1)=3.9999999999999996
SQD sci diag: batch=12, norb=4, nelec=(2, 2), amp_norm=1.0, trace(rdm1)=3.9999999999999996
SQD sci diag: batch=13, norb=4, nelec=(2, 2), amp_norm=1.0, trace(rdm1)=3.9999999999999996
SQD sci diag: batch=14, norb=4, nelec=(2, 2), amp_norm=1.0, trace(rdm1)=3.9999999999999996
SQD sci diag: batch=15, norb=4, nelec=(2, 2), amp_norm=1.0, trace(rdm1)=3.9999999999999996
SQD postselect diag: total_samples=36, total_postselected=576, batch_sizes=[36, 36, 36, 36, 36, 36, 36, 36, 36, 36, 36, 36, 36, 36, 36, 36]
SQD batch diag: batch0_shape=(36, 8), first_bitstring=[0, 0, 1, 1, 0, 0, 1, 1], hamming_left=2, hamming_right=2
SQD sci diag: batch=0, norb=4, nelec=(2, 2), amp_norm=1.0, trace(rdm1)=3.9999999999999996
SQD sci diag: batch=1, norb=4, nelec=(2, 2), amp_norm=1.0, trace(rdm1)=3.9999999999999996
SQD sci diag: batch=2, norb=4, nelec=(2, 2), amp_norm=1.0, trace(rdm1)=3.9999999999999996
SQD sci diag: batch=3, norb=4, nelec=(2, 2), amp_norm=1.0, trace(rdm1)=3.9999999999999996
SQD sci diag: batch=4, norb=4, nelec=(2, 2), amp_norm=1.0, trace(rdm1)=3.9999999999999996
SQD sci diag: batch=5, norb=4, nelec=(2, 2), amp_norm=1.0, trace(rdm1)=3.9999999999999996
SQD sci diag: batch=6, norb=4, nelec=(2, 2), amp_norm=1.0, trace(rdm1)=3.9999999999999996
SQD sci diag: batch=7, norb=4, nelec=(2, 2), amp_norm=1.0, trace(rdm1)=3.9999999999999996
SQD sci diag: batch=8, norb=4, nelec=(2, 2), amp_norm=1.0, trace(rdm1)=3.9999999999999996
SQD sci diag: batch=9, norb=4, nelec=(2, 2), amp_norm=1.0, trace(rdm1)=3.9999999999999996
SQD sci diag: batch=10, norb=4, nelec=(2, 2), amp_norm=1.0, trace(rdm1)=3.9999999999999996
SQD sci diag: batch=11, norb=4, nelec=(2, 2), amp_norm=1.0, trace(rdm1)=3.9999999999999996
SQD sci diag: batch=12, norb=4, nelec=(2, 2), amp_norm=1.0, trace(rdm1)=3.9999999999999996
SQD sci diag: batch=13, norb=4, nelec=(2, 2), amp_norm=1.0, trace(rdm1)=3.9999999999999996
SQD sci diag: batch=14, norb=4, nelec=(2, 2), amp_norm=1.0, trace(rdm1)=3.9999999999999996
SQD sci diag: batch=15, norb=4, nelec=(2, 2), amp_norm=1.0, trace(rdm1)=3.9999999999999996
		SQD diag: n_active_mos=4, n_active_electrons=4, trace(onerdm)=3.9999999999999996
		Fragment Energy = -60.57240908736735
		Number of Electrons in Fragment = 9.015445437921809
	Electron Residual = 6.297980669955905e-05
	[Optimizer] Evaluating mu=-0.021364 with 1 hardware jobs...
 	Iteration =  10
 	Chemical Potential (mu) =     -0.0213643034
 	----------------
 
	SCF Occupancy Eigenvalues for Fragment Number : # 0
	[8.80074255e-17 3.54635603e-17 6.89143825e-18 3.61441330e-17
 2.35542723e-16 4.30879703e-16 5.22803903e-06 1.68973454e-03
 9.50618111e-03 9.50619376e-03 1.00000000e+00 1.99049381e+00
 1.99049382e+00 1.99831027e+00 1.99999477e+00]

	SCF Occupancy Eigenvalues for Fragment Number : # 1
	[4.10536263e-16 7.94198933e-17 2.34346328e-18 1.33096378e-17
 4.51487378e-17 1.44587497e-16 5.22803903e-06 1.68973454e-03
 9.50618111e-03 9.50619376e-03 1.00000000e+00 1.99049381e+00
 1.99049382e+00 1.99831027e+00 1.99999477e+00]

		Fragment Number : #  1
		------------------------
		CCSD diag: n_active_mos=24, n_active_electrons=18, trace(onerdm)=18.0
		Fragment Energy = -60.81805129979753
		Number of Electrons in Fragment = 8.98460815079832
Fragment: n_homo=8, n_lumo=9, kept=[7, 8, 9, 10]
		Fragment Number : #  2
		------------------------
LUCJ CCSD init diag: norb=4, n_reps=1, t1_shape=(2, 2), t2_shape=(2, 2, 2, 2), t1_norm=6.020129e-09, t2_norm=2.222226e-02
[AccountManager] SQD call 10: using account 1 (10/10)
Pass: Decompose - 0.72956 (ms)Pass: MergeOrbitalRotations - 0.39887 (ms)Pass: UnitarySynthesis - 0.00834 (ms)Pass: HighLevelSynthesis - 1.28627 (ms)Pass: BasisTranslator - 0.10037 (ms)Pass: ElidePermutations - 0.01121 (ms)Pass: RemoveDiagonalGatesBeforeMeasure - 0.01192 (ms)Pass: RemoveIdentityEquivalent - 0.01478 (ms)Pass: InverseCancellation - 0.01884 (ms)Pass: ContractIdleWiresInControlFlow - 0.00238 (ms)Pass: CommutativeCancellation - 0.04315 (ms)Pass: ConsolidateBlocks - 0.18597 (ms)Pass: Split2QUnitaries - 0.00620 (ms)Pass: SetLayout - 0.02313 (ms)Pass: FullAncillaAllocation - 0.20123 (ms)Pass: EnlargeWithAncilla - 0.07725 (ms)Pass: ApplyLayout - 0.42009 (ms)Pass: CheckMap - 0.09608 (ms)Pass: BarrierBeforeFinalMeasurements - 2.81143 (ms)Pass: SabreSwap - 2.77758 (ms)Pass: FilterOpNodes - 0.34690 (ms)Pass: UnitarySynthesis - 0.01621 (ms)Pass: HighLevelSynthesis - 0.04625 (ms)Pass: BasisTranslator - 4.58646 (ms)Pass: Depth - 0.14853 (ms)Pass: Size - 0.00525 (ms)Pass: MinimumPoint - 0.03076 (ms)Pass: ConsolidateBlocks - 0.92769 (ms)Pass: UnitarySynthesis - 2.42162 (ms)Pass: RemoveIdentityEquivalent - 0.04387 (ms)Pass: Optimize1qGatesDecomposition - 0.34094 (ms)Pass: CommutativeCancellation - 0.39792 (ms)Pass: ContractIdleWiresInControlFlow - 0.00358 (ms)Pass: GatesInBasis - 0.11039 (ms)Pass: Depth - 0.08607 (ms)Pass: Size - 0.00381 (ms)Pass: MinimumPoint - 0.10705 (ms)Pass: ConsolidateBlocks - 0.58103 (ms)Pass: UnitarySynthesis - 0.85807 (ms)Pass: RemoveIdentityEquivalent - 0.03648 (ms)Pass: Optimize1qGatesDecomposition - 0.27299 (ms)Pass: CommutativeCancellation - 0.34595 (ms)Pass: ContractIdleWiresInControlFlow - 0.00334 (ms)Pass: GatesInBasis - 0.09274 (ms)Pass: Depth - 0.08082 (ms)Pass: Size - 0.00381 (ms)Pass: MinimumPoint - 0.12732 (ms)Pass: ConsolidateBlocks - 0.38266 (ms)Pass: UnitarySynthesis - 0.41986 (ms)Pass: RemoveIdentityEquivalent - 0.01788 (ms)Pass: Optimize1qGatesDecomposition - 0.13304 (ms)Pass: CommutativeCancellation - 0.16737 (ms)Pass: ContractIdleWiresInControlFlow - 0.00191 (ms)Pass: GatesInBasis - 0.04435 (ms)Pass: Depth - 0.05484 (ms)Pass: Size - 0.00215 (ms)Pass: MinimumPoint - 0.00429 (ms)Pass: ContainsInstruction - 0.00620 (ms)Pass: InstructionDurationCheck - 0.00405 (ms)SQD counts diag: n_bits=8, first_bitstring=[0, 0, 1, 1, 0, 0, 1, 1], hamming_left=2, hamming_right=2
SQD postselect diag: total_samples=256, total_postselected=576, batch_sizes=[36, 36, 36, 36, 36, 36, 36, 36, 36, 36, 36, 36, 36, 36, 36, 36]
SQD batch diag: batch0_shape=(36, 8), first_bitstring=[0, 0, 1, 1, 0, 0, 1, 1], hamming_left=2, hamming_right=2
SQD sci diag: batch=0, norb=4, nelec=(2, 2), amp_norm=1.0, trace(rdm1)=3.9999999999999996
SQD sci diag: batch=1, norb=4, nelec=(2, 2), amp_norm=1.0, trace(rdm1)=3.9999999999999996
SQD sci diag: batch=2, norb=4, nelec=(2, 2), amp_norm=1.0, trace(rdm1)=3.9999999999999996
SQD sci diag: batch=3, norb=4, nelec=(2, 2), amp_norm=1.0, trace(rdm1)=3.9999999999999996
SQD sci diag: batch=4, norb=4, nelec=(2, 2), amp_norm=1.0, trace(rdm1)=3.9999999999999996
SQD sci diag: batch=5, norb=4, nelec=(2, 2), amp_norm=1.0, trace(rdm1)=3.9999999999999996
SQD sci diag: batch=6, norb=4, nelec=(2, 2), amp_norm=1.0, trace(rdm1)=3.9999999999999996
SQD sci diag: batch=7, norb=4, nelec=(2, 2), amp_norm=1.0, trace(rdm1)=3.9999999999999996
SQD sci diag: batch=8, norb=4, nelec=(2, 2), amp_norm=1.0, trace(rdm1)=3.9999999999999996
SQD sci diag: batch=9, norb=4, nelec=(2, 2), amp_norm=1.0, trace(rdm1)=3.9999999999999996
SQD sci diag: batch=10, norb=4, nelec=(2, 2), amp_norm=1.0, trace(rdm1)=3.9999999999999996
SQD sci diag: batch=11, norb=4, nelec=(2, 2), amp_norm=1.0, trace(rdm1)=3.9999999999999996
SQD sci diag: batch=12, norb=4, nelec=(2, 2), amp_norm=1.0, trace(rdm1)=3.9999999999999996
SQD sci diag: batch=13, norb=4, nelec=(2, 2), amp_norm=1.0, trace(rdm1)=3.9999999999999996
SQD sci diag: batch=14, norb=4, nelec=(2, 2), amp_norm=1.0, trace(rdm1)=3.9999999999999996
SQD sci diag: batch=15, norb=4, nelec=(2, 2), amp_norm=1.0, trace(rdm1)=3.9999999999999996
SQD postselect diag: total_samples=36, total_postselected=576, batch_sizes=[36, 36, 36, 36, 36, 36, 36, 36, 36, 36, 36, 36, 36, 36, 36, 36]
SQD batch diag: batch0_shape=(36, 8), first_bitstring=[0, 0, 1, 1, 0, 0, 1, 1], hamming_left=2, hamming_right=2
SQD sci diag: batch=0, norb=4, nelec=(2, 2), amp_norm=1.0, trace(rdm1)=3.9999999999999996
SQD sci diag: batch=1, norb=4, nelec=(2, 2), amp_norm=1.0, trace(rdm1)=3.9999999999999996
SQD sci diag: batch=2, norb=4, nelec=(2, 2), amp_norm=1.0, trace(rdm1)=3.9999999999999996
SQD sci diag: batch=3, norb=4, nelec=(2, 2), amp_norm=1.0, trace(rdm1)=3.9999999999999996
SQD sci diag: batch=4, norb=4, nelec=(2, 2), amp_norm=1.0, trace(rdm1)=3.9999999999999996
SQD sci diag: batch=5, norb=4, nelec=(2, 2), amp_norm=1.0, trace(rdm1)=3.9999999999999996
SQD sci diag: batch=6, norb=4, nelec=(2, 2), amp_norm=1.0, trace(rdm1)=3.9999999999999996
SQD sci diag: batch=7, norb=4, nelec=(2, 2), amp_norm=1.0, trace(rdm1)=3.9999999999999996
SQD sci diag: batch=8, norb=4, nelec=(2, 2), amp_norm=1.0, trace(rdm1)=3.9999999999999996
SQD sci diag: batch=9, norb=4, nelec=(2, 2), amp_norm=1.0, trace(rdm1)=3.9999999999999996
SQD sci diag: batch=10, norb=4, nelec=(2, 2), amp_norm=1.0, trace(rdm1)=3.9999999999999996
SQD sci diag: batch=11, norb=4, nelec=(2, 2), amp_norm=1.0, trace(rdm1)=3.9999999999999996
SQD sci diag: batch=12, norb=4, nelec=(2, 2), amp_norm=1.0, trace(rdm1)=3.9999999999999996
SQD sci diag: batch=13, norb=4, nelec=(2, 2), amp_norm=1.0, trace(rdm1)=3.9999999999999996
SQD sci diag: batch=14, norb=4, nelec=(2, 2), amp_norm=1.0, trace(rdm1)=3.9999999999999996
SQD sci diag: batch=15, norb=4, nelec=(2, 2), amp_norm=1.0, trace(rdm1)=3.9999999999999996
		SQD diag: n_active_mos=4, n_active_electrons=4, trace(onerdm)=3.9999999999999996
		Fragment Energy = -60.57229203669333
		Number of Electrons in Fragment = 9.015391916034504
	Electron Residual = 6.683282549602154e-08
	[OptimizerCache] Found mu=-0.021364 in cache. Skipping hardware calls.
[Optimizer] Brent converged successfully at mu=-0.021364
 	[DMET] Reusing converged optimizer result; skipping final oneshot loop.
 	*** DMET Cycle Done *** 
 	DMET Energy ( a.u. ) =    -78.6596912111
 	Chemical Potential   =     -0.0213643084
 	Electron Residual    =     -0.0000000000
DMET energy (Hartree): -78.659691
Converged DMET chemical potential: -0.0213643084
Final DMET electron residual: -0.0000000000
