Resuming from checkpoint. 1 points already completed.

=== Relaxed scan: C-C distance = 1.40 A ===
geometric-optimize called with the following command line:
run_dmet_sqd_hardware.py

                                        [91m())))))))))))))))/[0m                     
                                    [91m())))))))))))))))))))))))),[0m                
                                [91m*)))))))))))))))))))))))))))))))))[0m             
                        [94m#,[0m    [91m()))))))))/[0m                [91m.)))))))))),[0m          
                      [94m#%%%%,[0m  [91m())))))[0m                        [91m.))))))))*[0m        
                      [94m*%%%%%%,[0m  [91m))[0m              [93m..[0m              [91m,))))))).[0m      
                        [94m*%%%%%%,[0m         [93m***************/.[0m        [91m.)))))))[0m     
                [94m#%%/[0m      [94m(%%%%%%,[0m    [93m/*********************.[0m       [91m)))))))[0m    
              [94m.%%%%%%#[0m      [94m*%%%%%%,[0m  [93m*******/,[0m     [93m**********,[0m      [91m.))))))[0m   
                [94m.%%%%%%/[0m      [94m*%%%%%%,[0m  [93m**[0m              [93m********[0m      [91m.))))))[0m  
          [94m##[0m      [94m.%%%%%%/[0m      [94m(%%%%%%,[0m                  [93m,******[0m      [91m/)))))[0m  
        [94m%%%%%%[0m      [94m.%%%%%%#[0m      [94m*%%%%%%,[0m    [92m,/////.[0m       [93m******[0m      [91m))))))[0m 
      [94m#%[0m      [94m%%[0m      [94m.%%%%%%/[0m      [94m*%%%%%%,[0m  [92m////////,[0m      [93m*****/[0m     [91m,)))))[0m 
    [94m#%%[0m  [94m%%%[0m  [94m%%%#[0m      [94m.%%%%%%/[0m      [94m(%%%%%%,[0m  [92m///////.[0m     [93m/*****[0m      [91m))))).[0m
  [94m#%%%%.[0m      [94m%%%%%#[0m      [94m/%%%%%%*[0m      [94m#%%%%%%[0m   [92m/////)[0m     [93m******[0m      [91m))))),[0m
    [94m#%%%%##%[0m  [94m%%%#[0m      [94m.%%%%%%/[0m      [94m(%%%%%%,[0m  [92m///////.[0m     [93m/*****[0m      [91m))))).[0m
      [94m##[0m     [94m%%%[0m      [94m.%%%%%%/[0m      [94m*%%%%%%,[0m  [92m////////.[0m      [93m*****/[0m     [91m,)))))[0m 
        [94m#%%%%#[0m      [94m/%%%%%%/[0m      [94m(%%%%%%[0m      [92m/)/)//[0m       [93m******[0m      [91m))))))[0m 
          [94m##[0m      [94m.%%%%%%/[0m      [94m(%%%%%%,[0m                  [93m*******[0m      [91m))))))[0m  
                [94m.%%%%%%/[0m      [94m*%%%%%%,[0m  [93m**.[0m             [93m/*******[0m      [91m.))))))[0m  
              [94m*%%%%%%/[0m      [94m(%%%%%%[0m   [93m********/*..,*/*********[0m       [91m*))))))[0m   
                [94m#%%/[0m      [94m(%%%%%%,[0m    [93m*********************/[0m        [91m)))))))[0m    
                        [94m*%%%%%%,[0m         [93m,**************/[0m         [91m,))))))/[0m     
                      [94m(%%%%%%[0m   [91m()[0m                              [91m))))))))[0m       
                      [94m#%%%%,[0m  [91m())))))[0m                        [91m,)))))))),[0m        
                        [94m#,[0m    [91m())))))))))[0m                [91m,)))))))))).[0m          
                                 [91m()))))))))))))))))))))))))))))))/[0m             
                                    [91m())))))))))))))))))))))))).[0m                
                                         [91m())))))))))))))),[0m                     

-=# [1;94m geomeTRIC started. Version: 1.1 [0m #=-
Current date and time: 2026-05-01 16:56:34
#========================================================#
#| [92m    Arguments passed to driver run_optimizer():     [0m |#
#========================================================#
constraints               /tmp/tmpz24caq2w/constraints.txt 
customengine              <pyscf.geomopt.geometric_solver.PySCFEngine object at 0x7fc8be5933e0> 
input                     /tmp/tmpos236dlc/99a261f8-eebe-4ca2-afc7-78db083fc979 
logIni                    /home/bhabani/miniconda3/lib/python3.12/site-packages/pyscf/geomopt/log.ini 
maxiter                   100 
----------------------------------------------------------
Custom engine selected.
$set
distance 1 5 1.40000000
Bonds will be generated from interatomic distances less than 1.20 times sum of covalent radii
24 internal coordinates being used (instead of 24 Cartesians)
Internal coordinate system (atoms numbered from 1):
Distance 1-5
Distance 1-2
Distance 1-3
Distance 1-4
Distance 5-6
Distance 5-7
Distance 5-8
Angle 2-1-3
Angle 2-1-4
Angle 2-1-5
Angle 3-1-4
Angle 3-1-5
Angle 4-1-5
Angle 1-5-6
Angle 1-5-7
Angle 1-5-8
Angle 6-5-7
Angle 6-5-8
Angle 7-5-8
Dihedral 2-1-5-6
Dihedral 2-1-5-7
Dihedral 2-1-5-8
Dihedral 3-1-5-6
Dihedral 3-1-5-7
Dihedral 3-1-5-8
Dihedral 4-1-5-6
Dihedral 4-1-5-7
Dihedral 4-1-5-8
Translation-X 1-8
Translation-Y 1-8
Translation-Z 1-8
Rotation-A 1-8
Rotation-B 1-8
Rotation-C 1-8
<class 'geometric.internal.Distance'> : 7
<class 'geometric.internal.Angle'> : 12
<class 'geometric.internal.Dihedral'> : 9
<class 'geometric.internal.TranslationX'> : 1
<class 'geometric.internal.TranslationY'> : 1
<class 'geometric.internal.TranslationZ'> : 1
<class 'geometric.internal.RotationA'> : 1
<class 'geometric.internal.RotationB'> : 1
<class 'geometric.internal.RotationC'> : 1
Constraint                         Current      Target       Diff.
Distance 1-5                       1.40000     1.40000    -0.00000
> ===== Optimization Info: ====
> Job type: Energy minimization
> Maximum number of optimization cycles: 100
> Initial / maximum trust radius (Angstrom): 0.100 / 0.300
> Convergence Criteria:
> Will converge when all 5 criteria are reached:
>  |Delta-E| < 1.00e-06
>  RMS-Ortho-Grad < 3.00e-04
>  Max-Ortho-Grad < 4.50e-04
>  RMS-Disp  < 1.20e-03
>  Max-Disp  < 1.80e-03
> 
> Constraints are requested. The following criterion is added:
>  Max Constraint Violation (in Angstroms/degrees) < 1.00e-02 
> === End Optimization Info ===
WARN: Mole.unit (Angstrom) is changed to Bohr
Step    0 : Gradient = 9.033e-03/1.014e-02 (rms/max) Energy = -78.7803822925
Hessian Eigenvalues: 2.30000e-02 5.00000e-02 5.00000e-02 ... 3.41561e-01 3.41561e-01 4.56205e-01
Step    1 : Displace = [0m3.523e-02[0m/[0m4.071e-02[0m (rms/max) Trust = 1.000e-01 (=) Grad_T = [0m1.587e-03[0m/[0m1.603e-03[0m (rms/max) E (change) = -78.7817780480 ([0m-1.396e-03[0m) Quality = [0m0.816[0m
Hessian Eigenvalues: 2.30000e-02 5.00000e-02 5.00000e-02 ... 3.41561e-01 3.41806e-01 5.05397e-01
Step    2 : Displace = [0m5.063e-03[0m/[0m5.849e-03[0m (rms/max) Trust = 1.414e-01 ([92m+[0m) Grad_T = [92m8.342e-05[0m/[92m1.403e-04[0m (rms/max) E (change) = -78.7818234005 ([0m-4.535e-05[0m) Quality = [0m1.018[0m
Hessian Eigenvalues: 2.30000e-02 5.00000e-02 5.00000e-02 ... 3.41561e-01 3.49849e-01 5.00276e-01
Step    3 : Displace = [92m1.884e-04[0m/[92m2.184e-04[0m (rms/max) Trust = 2.000e-01 ([92m+[0m) Grad_T = [92m3.254e-06[0m/[92m4.894e-06[0m (rms/max) E (change) = -78.7818234535 ([92m-5.301e-08[0m) Quality = [0m0.966[0m
Hessian Eigenvalues: 2.30000e-02 5.00000e-02 5.00000e-02 ... 3.41561e-01 3.49849e-01 5.00276e-01
Converged! =D

    #==========================================================================#
    #| If this code has benefited your research, please support us by citing: |#
    #|                                                                        |#
    #| Wang, L.-P.; Song, C.C. (2016) "Geometry optimization made simple with |#
    #| translation and rotation coordinates", J. Chem, Phys. 144, 214108.     |#
    #| http://dx.doi.org/10.1063/1.4952956                                    |#
    #==========================================================================#
    Time elapsed since start of run_optimizer: 1.036 seconds
WARN: ECP not specified. The basis set CRENBL include an ECP. Recommended ECP: CRENBL.
/home/bhabani/Kishore/Tangelo_2.0_hardware/tangelo/problem_decomposition/dmet/dmet_problem_decomposition.py:168: RuntimeWarning: The mean field will be recomputed even if one has been provided by the user.
  warnings.warn("The mean field will be recomputed even if one has been provided by the user.", RuntimeWarning)
	[Optimizer] Evaluating mu=0.000000 with 1 hardware jobs...
 	Iteration =  1
 	Chemical Potential (mu) =      0.0000000000
 	----------------
 
	SCF Occupancy Eigenvalues for Fragment Number : # 0
	[2.04987717e-16 1.31388983e-16 3.26696213e-17 2.73741657e-17
 1.00451704e-16 7.45973567e-16 7.54882783e-06 1.68938351e-03
 1.46570297e-02 1.46570539e-02 1.00000000e+00 1.98534295e+00
 1.98534297e+00 1.99831062e+00 1.99999245e+00]

	SCF Occupancy Eigenvalues for Fragment Number : # 1
	[2.80864056e-16 7.69454348e-17 2.00276116e-17 4.06223249e-17
 1.47963707e-16 4.47730616e-16 7.54882783e-06 1.68938351e-03
 1.46570297e-02 1.46570539e-02 1.00000000e+00 1.98534295e+00
 1.98534297e+00 1.99831062e+00 1.99999245e+00]

		Fragment Number : #  1
		------------------------
		CCSD diag: n_active_mos=24, n_active_electrons=18, trace(onerdm)=18.0
		Fragment Energy = -61.474087654603935
		Number of Electrons in Fragment = 9.005353094830884
Fragment: n_homo=8, n_lumo=9, kept=[7, 8, 9, 10]
		Fragment Number : #  2
		------------------------
Unable to initialize backend 'tpu': INTERNAL: Failed to open libtpu.so: libtpu.so: cannot open shared object file: No such file or directoryAn NVIDIA GPU may be present on this machine, but a CUDA-enabled jaxlib is not installed. Falling back to cpu.LUCJ CCSD init diag: norb=4, n_reps=1, t1_shape=(2, 2), t2_shape=(2, 2, 2, 2), t1_norm=1.831712e-03, t2_norm=3.329194e-02
[AccountManager] SQD call 1: using account 1 (1/10)
Pass: Decompose - 1.20616 (ms)Pass: MergeOrbitalRotations - 0.42915 (ms)Pass: UnitarySynthesis - 0.01001 (ms)Pass: HighLevelSynthesis - 1.46151 (ms)Pass: BasisTranslator - 0.11110 (ms)Pass: ElidePermutations - 0.00691 (ms)Pass: RemoveDiagonalGatesBeforeMeasure - 0.00787 (ms)Pass: RemoveIdentityEquivalent - 0.01097 (ms)Pass: InverseCancellation - 0.01740 (ms)Pass: ContractIdleWiresInControlFlow - 0.00215 (ms)Pass: CommutativeCancellation - 0.05102 (ms)Pass: ConsolidateBlocks - 0.21172 (ms)Pass: Split2QUnitaries - 0.00358 (ms)Pass: SetLayout - 0.02909 (ms)Pass: FullAncillaAllocation - 0.21935 (ms)Pass: EnlargeWithAncilla - 0.12517 (ms)Pass: ApplyLayout - 0.41866 (ms)Pass: CheckMap - 0.12875 (ms)Pass: BarrierBeforeFinalMeasurements - 1.33181 (ms)Pass: SabreSwap - 4.33898 (ms)Pass: FilterOpNodes - 0.33617 (ms)Pass: UnitarySynthesis - 0.02003 (ms)Pass: HighLevelSynthesis - 0.04745 (ms)Pass: BasisTranslator - 5.49054 (ms)Pass: Depth - 0.14448 (ms)Pass: Size - 0.00572 (ms)Pass: MinimumPoint - 0.01812 (ms)Pass: ConsolidateBlocks - 0.86713 (ms)Pass: UnitarySynthesis - 2.73395 (ms)Pass: RemoveIdentityEquivalent - 0.03767 (ms)Pass: Optimize1qGatesDecomposition - 0.32425 (ms)Pass: CommutativeCancellation - 0.34380 (ms)Pass: ContractIdleWiresInControlFlow - 0.00334 (ms)Pass: GatesInBasis - 0.10014 (ms)Pass: Depth - 0.08535 (ms)Pass: Size - 0.00453 (ms)Pass: MinimumPoint - 0.15426 (ms)Pass: ConsolidateBlocks - 0.71216 (ms)Pass: UnitarySynthesis - 0.95367 (ms)Pass: RemoveIdentityEquivalent - 0.03052 (ms)Pass: Optimize1qGatesDecomposition - 0.27442 (ms)Pass: CommutativeCancellation - 0.32520 (ms)Pass: ContractIdleWiresInControlFlow - 0.00310 (ms)Pass: GatesInBasis - 0.08368 (ms)Pass: Depth - 0.08941 (ms)Pass: Size - 0.00310 (ms)Pass: MinimumPoint - 0.00691 (ms)Pass: ConsolidateBlocks - 0.53501 (ms)Pass: UnitarySynthesis - 0.74410 (ms)Pass: RemoveIdentityEquivalent - 0.02027 (ms)Pass: Optimize1qGatesDecomposition - 0.17166 (ms)Pass: CommutativeCancellation - 0.19813 (ms)Pass: ContractIdleWiresInControlFlow - 0.01168 (ms)Pass: GatesInBasis - 0.05746 (ms)Pass: Depth - 0.05102 (ms)Pass: Size - 0.00238 (ms)Pass: MinimumPoint - 0.00381 (ms)Pass: ConsolidateBlocks - 0.35930 (ms)Pass: UnitarySynthesis - 0.48757 (ms)Pass: RemoveIdentityEquivalent - 0.01955 (ms)Pass: Optimize1qGatesDecomposition - 0.16570 (ms)Pass: CommutativeCancellation - 0.19860 (ms)Pass: ContractIdleWiresInControlFlow - 0.00191 (ms)Pass: GatesInBasis - 0.07272 (ms)Pass: Depth - 0.06056 (ms)Pass: Size - 0.00215 (ms)Pass: MinimumPoint - 0.00358 (ms)Pass: ConsolidateBlocks - 0.35715 (ms)Pass: UnitarySynthesis - 0.52547 (ms)Pass: RemoveIdentityEquivalent - 0.02003 (ms)Pass: Optimize1qGatesDecomposition - 0.16499 (ms)Pass: CommutativeCancellation - 0.19717 (ms)Pass: ContractIdleWiresInControlFlow - 0.00167 (ms)Pass: GatesInBasis - 0.06914 (ms)Pass: Depth - 0.05603 (ms)Pass: Size - 0.00215 (ms)Pass: MinimumPoint - 0.00429 (ms)Pass: ContainsInstruction - 0.00644 (ms)Pass: InstructionDurationCheck - 0.00381 (ms)SQD counts diag: n_bits=8, first_bitstring=[0, 0, 1, 1, 1, 0, 0, 0], hamming_left=2, hamming_right=1
SQD postselect diag: total_samples=256, total_postselected=576, batch_sizes=[36, 36, 36, 36, 36, 36, 36, 36, 36, 36, 36, 36, 36, 36, 36, 36]
SQD batch diag: batch0_shape=(36, 8), first_bitstring=[0, 0, 1, 1, 0, 0, 1, 1], hamming_left=2, hamming_right=2
SQD sci diag: batch=0, norb=4, nelec=(2, 2), amp_norm=1.0, trace(rdm1)=4.0
SQD sci diag: batch=1, norb=4, nelec=(2, 2), amp_norm=1.0, trace(rdm1)=4.0
SQD sci diag: batch=2, norb=4, nelec=(2, 2), amp_norm=1.0, trace(rdm1)=4.0
SQD sci diag: batch=3, norb=4, nelec=(2, 2), amp_norm=1.0, trace(rdm1)=4.0
SQD sci diag: batch=4, norb=4, nelec=(2, 2), amp_norm=1.0, trace(rdm1)=4.0
SQD sci diag: batch=5, norb=4, nelec=(2, 2), amp_norm=1.0, trace(rdm1)=4.0
SQD sci diag: batch=6, norb=4, nelec=(2, 2), amp_norm=1.0, trace(rdm1)=4.0
SQD sci diag: batch=7, norb=4, nelec=(2, 2), amp_norm=1.0, trace(rdm1)=4.0
SQD sci diag: batch=8, norb=4, nelec=(2, 2), amp_norm=1.0, trace(rdm1)=4.0
SQD sci diag: batch=9, norb=4, nelec=(2, 2), amp_norm=1.0, trace(rdm1)=4.0
SQD sci diag: batch=10, norb=4, nelec=(2, 2), amp_norm=1.0, trace(rdm1)=4.0
SQD sci diag: batch=11, norb=4, nelec=(2, 2), amp_norm=1.0, trace(rdm1)=4.0
SQD sci diag: batch=12, norb=4, nelec=(2, 2), amp_norm=1.0, trace(rdm1)=4.0
SQD sci diag: batch=13, norb=4, nelec=(2, 2), amp_norm=1.0, trace(rdm1)=4.0
SQD sci diag: batch=14, norb=4, nelec=(2, 2), amp_norm=1.0, trace(rdm1)=4.0
SQD sci diag: batch=15, norb=4, nelec=(2, 2), amp_norm=1.0, trace(rdm1)=4.0
SQD postselect diag: total_samples=36, total_postselected=576, batch_sizes=[36, 36, 36, 36, 36, 36, 36, 36, 36, 36, 36, 36, 36, 36, 36, 36]
SQD batch diag: batch0_shape=(36, 8), first_bitstring=[0, 0, 1, 1, 1, 0, 0, 1], hamming_left=2, hamming_right=2
SQD sci diag: batch=0, norb=4, nelec=(2, 2), amp_norm=1.0, trace(rdm1)=4.0
SQD sci diag: batch=1, norb=4, nelec=(2, 2), amp_norm=1.0, trace(rdm1)=4.0
SQD sci diag: batch=2, norb=4, nelec=(2, 2), amp_norm=1.0, trace(rdm1)=4.0
SQD sci diag: batch=3, norb=4, nelec=(2, 2), amp_norm=1.0, trace(rdm1)=4.0
SQD sci diag: batch=4, norb=4, nelec=(2, 2), amp_norm=1.0, trace(rdm1)=4.0
SQD sci diag: batch=5, norb=4, nelec=(2, 2), amp_norm=1.0, trace(rdm1)=4.0
SQD sci diag: batch=6, norb=4, nelec=(2, 2), amp_norm=1.0, trace(rdm1)=4.0
SQD sci diag: batch=7, norb=4, nelec=(2, 2), amp_norm=1.0, trace(rdm1)=4.0
SQD sci diag: batch=8, norb=4, nelec=(2, 2), amp_norm=1.0, trace(rdm1)=4.0
SQD sci diag: batch=9, norb=4, nelec=(2, 2), amp_norm=1.0, trace(rdm1)=4.0
SQD sci diag: batch=10, norb=4, nelec=(2, 2), amp_norm=1.0, trace(rdm1)=4.0
SQD sci diag: batch=11, norb=4, nelec=(2, 2), amp_norm=1.0, trace(rdm1)=4.0
SQD sci diag: batch=12, norb=4, nelec=(2, 2), amp_norm=1.0, trace(rdm1)=4.0
SQD sci diag: batch=13, norb=4, nelec=(2, 2), amp_norm=1.0, trace(rdm1)=4.0
SQD sci diag: batch=14, norb=4, nelec=(2, 2), amp_norm=1.0, trace(rdm1)=4.0
SQD sci diag: batch=15, norb=4, nelec=(2, 2), amp_norm=1.0, trace(rdm1)=4.0
		SQD diag: n_active_mos=4, n_active_electrons=4, trace(onerdm)=4.0
		Fragment Energy = -61.46918943868868
		Number of Electrons in Fragment = 9.119886521675227
	Electron Residual = 0.1252396165061107
	[Optimizer] Evaluating mu=-0.050000 with 1 hardware jobs...
 	Iteration =  2
 	Chemical Potential (mu) =     -0.0500000000
 	----------------
 
	SCF Occupancy Eigenvalues for Fragment Number : # 0
	[2.04987717e-16 1.31388983e-16 3.26696213e-17 2.73741657e-17
 1.00451704e-16 7.45973567e-16 7.54882783e-06 1.68938351e-03
 1.46570297e-02 1.46570539e-02 1.00000000e+00 1.98534295e+00
 1.98534297e+00 1.99831062e+00 1.99999245e+00]

	SCF Occupancy Eigenvalues for Fragment Number : # 1
	[2.80864056e-16 7.69454348e-17 2.00276116e-17 4.06223249e-17
 1.47963707e-16 4.47730616e-16 7.54882783e-06 1.68938351e-03
 1.46570297e-02 1.46570539e-02 1.00000000e+00 1.98534295e+00
 1.98534297e+00 1.99831062e+00 1.99999245e+00]

		Fragment Number : #  1
		------------------------
		CCSD diag: n_active_mos=24, n_active_electrons=18, trace(onerdm)=18.0
		Fragment Energy = -61.34342666857942
		Number of Electrons in Fragment = 8.959721995789259
Fragment: n_homo=8, n_lumo=9, kept=[7, 8, 9, 10]
		Fragment Number : #  2
		------------------------
LUCJ CCSD init diag: norb=4, n_reps=1, t1_shape=(2, 2), t2_shape=(2, 2, 2, 2), t1_norm=1.830025e-03, t2_norm=3.876081e-02
[AccountManager] SQD call 2: using account 1 (2/10)
Pass: Decompose - 0.72861 (ms)Pass: MergeOrbitalRotations - 0.45967 (ms)Pass: UnitarySynthesis - 0.00715 (ms)Pass: HighLevelSynthesis - 1.45197 (ms)Pass: BasisTranslator - 0.10157 (ms)Pass: ElidePermutations - 0.00596 (ms)Pass: RemoveDiagonalGatesBeforeMeasure - 0.00715 (ms)Pass: RemoveIdentityEquivalent - 0.01121 (ms)Pass: InverseCancellation - 0.01478 (ms)Pass: ContractIdleWiresInControlFlow - 0.00238 (ms)Pass: CommutativeCancellation - 0.05150 (ms)Pass: ConsolidateBlocks - 0.24319 (ms)Pass: Split2QUnitaries - 0.00381 (ms)Pass: SetLayout - 0.02027 (ms)Pass: FullAncillaAllocation - 0.22817 (ms)Pass: EnlargeWithAncilla - 0.09108 (ms)Pass: ApplyLayout - 0.45753 (ms)Pass: CheckMap - 0.10204 (ms)Pass: BarrierBeforeFinalMeasurements - 2.46835 (ms)Pass: SabreSwap - 3.26610 (ms)Pass: FilterOpNodes - 0.41699 (ms)Pass: UnitarySynthesis - 0.02313 (ms)Pass: HighLevelSynthesis - 0.08082 (ms)Pass: BasisTranslator - 5.74875 (ms)Pass: Depth - 0.13661 (ms)Pass: Size - 0.00525 (ms)Pass: MinimumPoint - 0.01621 (ms)Pass: ConsolidateBlocks - 0.83256 (ms)Pass: UnitarySynthesis - 2.08783 (ms)Pass: RemoveIdentityEquivalent - 0.03862 (ms)Pass: Optimize1qGatesDecomposition - 0.32282 (ms)Pass: CommutativeCancellation - 0.35548 (ms)Pass: ContractIdleWiresInControlFlow - 0.00334 (ms)Pass: GatesInBasis - 0.11086 (ms)Pass: Depth - 0.10562 (ms)Pass: Size - 0.00358 (ms)Pass: MinimumPoint - 0.12040 (ms)Pass: ConsolidateBlocks - 0.54002 (ms)Pass: UnitarySynthesis - 0.81706 (ms)Pass: RemoveIdentityEquivalent - 0.03719 (ms)Pass: Optimize1qGatesDecomposition - 0.24724 (ms)Pass: CommutativeCancellation - 0.36764 (ms)Pass: ContractIdleWiresInControlFlow - 0.00334 (ms)Pass: GatesInBasis - 0.10228 (ms)Pass: Depth - 0.10204 (ms)Pass: Size - 0.00334 (ms)Pass: MinimumPoint - 0.01121 (ms)Pass: ContainsInstruction - 0.01240 (ms)Pass: InstructionDurationCheck - 0.00477 (ms)SQD counts diag: n_bits=8, first_bitstring=[0, 0, 1, 1, 0, 0, 1, 1], hamming_left=2, hamming_right=2
SQD postselect diag: total_samples=249, total_postselected=560, batch_sizes=[35, 35, 35, 35, 35, 35, 35, 35, 35, 35, 35, 35, 35, 35, 35, 35]
SQD batch diag: batch0_shape=(35, 8), first_bitstring=[0, 0, 1, 1, 0, 0, 1, 1], hamming_left=2, hamming_right=2
SQD sci diag: batch=0, norb=4, nelec=(2, 2), amp_norm=1.0, trace(rdm1)=4.0
SQD sci diag: batch=1, norb=4, nelec=(2, 2), amp_norm=1.0, trace(rdm1)=4.0
SQD sci diag: batch=2, norb=4, nelec=(2, 2), amp_norm=1.0, trace(rdm1)=4.0
SQD sci diag: batch=3, norb=4, nelec=(2, 2), amp_norm=1.0, trace(rdm1)=4.0
SQD sci diag: batch=4, norb=4, nelec=(2, 2), amp_norm=1.0, trace(rdm1)=4.0
SQD sci diag: batch=5, norb=4, nelec=(2, 2), amp_norm=1.0, trace(rdm1)=4.0
SQD sci diag: batch=6, norb=4, nelec=(2, 2), amp_norm=1.0, trace(rdm1)=4.0
SQD sci diag: batch=7, norb=4, nelec=(2, 2), amp_norm=1.0, trace(rdm1)=4.0
SQD sci diag: batch=8, norb=4, nelec=(2, 2), amp_norm=1.0, trace(rdm1)=4.0
SQD sci diag: batch=9, norb=4, nelec=(2, 2), amp_norm=1.0, trace(rdm1)=4.0
SQD sci diag: batch=10, norb=4, nelec=(2, 2), amp_norm=1.0, trace(rdm1)=4.0
SQD sci diag: batch=11, norb=4, nelec=(2, 2), amp_norm=1.0, trace(rdm1)=4.0
SQD sci diag: batch=12, norb=4, nelec=(2, 2), amp_norm=1.0, trace(rdm1)=4.0
SQD sci diag: batch=13, norb=4, nelec=(2, 2), amp_norm=1.0, trace(rdm1)=4.0
SQD sci diag: batch=14, norb=4, nelec=(2, 2), amp_norm=1.0, trace(rdm1)=4.0
SQD sci diag: batch=15, norb=4, nelec=(2, 2), amp_norm=1.0, trace(rdm1)=4.0
SQD postselect diag: total_samples=35, total_postselected=560, batch_sizes=[35, 35, 35, 35, 35, 35, 35, 35, 35, 35, 35, 35, 35, 35, 35, 35]
SQD batch diag: batch0_shape=(35, 8), first_bitstring=[0, 0, 1, 1, 0, 0, 1, 1], hamming_left=2, hamming_right=2
SQD sci diag: batch=0, norb=4, nelec=(2, 2), amp_norm=1.0, trace(rdm1)=4.0
SQD sci diag: batch=1, norb=4, nelec=(2, 2), amp_norm=1.0, trace(rdm1)=4.0
SQD sci diag: batch=2, norb=4, nelec=(2, 2), amp_norm=1.0, trace(rdm1)=4.0
SQD sci diag: batch=3, norb=4, nelec=(2, 2), amp_norm=1.0, trace(rdm1)=4.0
SQD sci diag: batch=4, norb=4, nelec=(2, 2), amp_norm=1.0, trace(rdm1)=4.0
SQD sci diag: batch=5, norb=4, nelec=(2, 2), amp_norm=1.0, trace(rdm1)=4.0
SQD sci diag: batch=6, norb=4, nelec=(2, 2), amp_norm=1.0, trace(rdm1)=4.0
SQD sci diag: batch=7, norb=4, nelec=(2, 2), amp_norm=1.0, trace(rdm1)=4.0
SQD sci diag: batch=8, norb=4, nelec=(2, 2), amp_norm=1.0, trace(rdm1)=4.0
SQD sci diag: batch=9, norb=4, nelec=(2, 2), amp_norm=1.0, trace(rdm1)=4.0
SQD sci diag: batch=10, norb=4, nelec=(2, 2), amp_norm=1.0, trace(rdm1)=4.0
SQD sci diag: batch=11, norb=4, nelec=(2, 2), amp_norm=1.0, trace(rdm1)=4.0
SQD sci diag: batch=12, norb=4, nelec=(2, 2), amp_norm=1.0, trace(rdm1)=4.0
SQD sci diag: batch=13, norb=4, nelec=(2, 2), amp_norm=1.0, trace(rdm1)=4.0
SQD sci diag: batch=14, norb=4, nelec=(2, 2), amp_norm=1.0, trace(rdm1)=4.0
SQD sci diag: batch=15, norb=4, nelec=(2, 2), amp_norm=1.0, trace(rdm1)=4.0
		SQD diag: n_active_mos=4, n_active_electrons=4, trace(onerdm)=4.0
		Fragment Energy = -60.905046816451716
		Number of Electrons in Fragment = 8.870259687819061
	Electron Residual = -0.17001831639167975
	[Optimizer] Evaluating mu=0.050000 with 1 hardware jobs...
 	Iteration =  3
 	Chemical Potential (mu) =      0.0500000000
 	----------------
 
	SCF Occupancy Eigenvalues for Fragment Number : # 0
	[2.04987717e-16 1.31388983e-16 3.26696213e-17 2.73741657e-17
 1.00451704e-16 7.45973567e-16 7.54882783e-06 1.68938351e-03
 1.46570297e-02 1.46570539e-02 1.00000000e+00 1.98534295e+00
 1.98534297e+00 1.99831062e+00 1.99999245e+00]

	SCF Occupancy Eigenvalues for Fragment Number : # 1
	[2.80864056e-16 7.69454348e-17 2.00276116e-17 4.06223249e-17
 1.47963707e-16 4.47730616e-16 7.54882783e-06 1.68938351e-03
 1.46570297e-02 1.46570539e-02 1.00000000e+00 1.98534295e+00
 1.98534297e+00 1.99831062e+00 1.99999245e+00]

		Fragment Number : #  1
		------------------------
		CCSD diag: n_active_mos=24, n_active_electrons=18, trace(onerdm)=18.0
		Fragment Energy = -61.60388312937051
		Number of Electrons in Fragment = 9.051155955586458
Fragment: n_homo=8, n_lumo=9, kept=[7, 8, 9, 10]
		Fragment Number : #  2
		------------------------
LUCJ CCSD init diag: norb=4, n_reps=1, t1_shape=(2, 2), t2_shape=(2, 2, 2, 2), t1_norm=1.642354e-03, t2_norm=2.651677e-02
[AccountManager] SQD call 3: using account 1 (3/10)
Pass: Decompose - 0.85497 (ms)Pass: MergeOrbitalRotations - 0.45514 (ms)Pass: UnitarySynthesis - 0.01049 (ms)Pass: HighLevelSynthesis - 1.47247 (ms)Pass: BasisTranslator - 0.11325 (ms)Pass: ElidePermutations - 0.01025 (ms)Pass: RemoveDiagonalGatesBeforeMeasure - 0.01240 (ms)Pass: RemoveIdentityEquivalent - 0.01526 (ms)Pass: InverseCancellation - 0.01931 (ms)Pass: ContractIdleWiresInControlFlow - 0.00167 (ms)Pass: CommutativeCancellation - 0.05412 (ms)Pass: ConsolidateBlocks - 0.25916 (ms)Pass: Split2QUnitaries - 0.00548 (ms)Pass: SetLayout - 0.02813 (ms)Pass: FullAncillaAllocation - 0.21935 (ms)Pass: EnlargeWithAncilla - 0.09084 (ms)Pass: ApplyLayout - 0.44560 (ms)Pass: CheckMap - 0.10514 (ms)Pass: BarrierBeforeFinalMeasurements - 2.74181 (ms)Pass: SabreSwap - 1.93429 (ms)Pass: FilterOpNodes - 0.11492 (ms)Pass: UnitarySynthesis - 0.00620 (ms)Pass: HighLevelSynthesis - 0.01931 (ms)Pass: BasisTranslator - 1.98054 (ms)Pass: Depth - 0.09227 (ms)Pass: Size - 0.00334 (ms)Pass: MinimumPoint - 0.01621 (ms)Pass: ConsolidateBlocks - 0.65565 (ms)Pass: UnitarySynthesis - 1.52802 (ms)Pass: RemoveIdentityEquivalent - 0.04411 (ms)Pass: Optimize1qGatesDecomposition - 0.24080 (ms)Pass: CommutativeCancellation - 0.26035 (ms)Pass: ContractIdleWiresInControlFlow - 0.00238 (ms)Pass: GatesInBasis - 0.06890 (ms)Pass: Depth - 0.05651 (ms)Pass: Size - 0.00238 (ms)Pass: MinimumPoint - 0.07439 (ms)Pass: ConsolidateBlocks - 0.40603 (ms)Pass: UnitarySynthesis - 0.54169 (ms)Pass: RemoveIdentityEquivalent - 0.02289 (ms)Pass: Optimize1qGatesDecomposition - 0.17357 (ms)Pass: CommutativeCancellation - 0.21625 (ms)Pass: ContractIdleWiresInControlFlow - 0.00191 (ms)Pass: GatesInBasis - 0.06008 (ms)Pass: Depth - 0.05484 (ms)Pass: Size - 0.00191 (ms)Pass: MinimumPoint - 0.00548 (ms)Pass: ContainsInstruction - 0.00596 (ms)Pass: InstructionDurationCheck - 0.00286 (ms)SQD counts diag: n_bits=8, first_bitstring=[0, 0, 1, 1, 1, 0, 1, 1], hamming_left=2, hamming_right=3
SQD postselect diag: total_samples=256, total_postselected=576, batch_sizes=[36, 36, 36, 36, 36, 36, 36, 36, 36, 36, 36, 36, 36, 36, 36, 36]
SQD batch diag: batch0_shape=(36, 8), first_bitstring=[0, 0, 1, 1, 0, 0, 1, 1], hamming_left=2, hamming_right=2
SQD sci diag: batch=0, norb=4, nelec=(2, 2), amp_norm=1.0, trace(rdm1)=4.0
SQD sci diag: batch=1, norb=4, nelec=(2, 2), amp_norm=1.0, trace(rdm1)=4.0
SQD sci diag: batch=2, norb=4, nelec=(2, 2), amp_norm=1.0, trace(rdm1)=4.0
SQD sci diag: batch=3, norb=4, nelec=(2, 2), amp_norm=1.0, trace(rdm1)=4.0
SQD sci diag: batch=4, norb=4, nelec=(2, 2), amp_norm=1.0, trace(rdm1)=4.0
SQD sci diag: batch=5, norb=4, nelec=(2, 2), amp_norm=1.0, trace(rdm1)=4.0
SQD sci diag: batch=6, norb=4, nelec=(2, 2), amp_norm=1.0, trace(rdm1)=4.0
SQD sci diag: batch=7, norb=4, nelec=(2, 2), amp_norm=1.0, trace(rdm1)=4.0
SQD sci diag: batch=8, norb=4, nelec=(2, 2), amp_norm=1.0, trace(rdm1)=4.0
SQD sci diag: batch=9, norb=4, nelec=(2, 2), amp_norm=1.0, trace(rdm1)=4.0
SQD sci diag: batch=10, norb=4, nelec=(2, 2), amp_norm=1.0, trace(rdm1)=4.0
SQD sci diag: batch=11, norb=4, nelec=(2, 2), amp_norm=1.0, trace(rdm1)=4.0
SQD sci diag: batch=12, norb=4, nelec=(2, 2), amp_norm=1.0, trace(rdm1)=4.0
SQD sci diag: batch=13, norb=4, nelec=(2, 2), amp_norm=1.0, trace(rdm1)=4.0
SQD sci diag: batch=14, norb=4, nelec=(2, 2), amp_norm=1.0, trace(rdm1)=4.0
SQD sci diag: batch=15, norb=4, nelec=(2, 2), amp_norm=1.0, trace(rdm1)=4.0
SQD postselect diag: total_samples=36, total_postselected=576, batch_sizes=[36, 36, 36, 36, 36, 36, 36, 36, 36, 36, 36, 36, 36, 36, 36, 36]
SQD batch diag: batch0_shape=(36, 8), first_bitstring=[0, 0, 1, 1, 0, 0, 1, 1], hamming_left=2, hamming_right=2
SQD sci diag: batch=0, norb=4, nelec=(2, 2), amp_norm=1.0, trace(rdm1)=4.0
SQD sci diag: batch=1, norb=4, nelec=(2, 2), amp_norm=1.0, trace(rdm1)=4.0
SQD sci diag: batch=2, norb=4, nelec=(2, 2), amp_norm=1.0, trace(rdm1)=4.0
SQD sci diag: batch=3, norb=4, nelec=(2, 2), amp_norm=1.0, trace(rdm1)=4.0
SQD sci diag: batch=4, norb=4, nelec=(2, 2), amp_norm=1.0, trace(rdm1)=4.0
SQD sci diag: batch=5, norb=4, nelec=(2, 2), amp_norm=1.0, trace(rdm1)=4.0
SQD sci diag: batch=6, norb=4, nelec=(2, 2), amp_norm=1.0, trace(rdm1)=4.0
SQD sci diag: batch=7, norb=4, nelec=(2, 2), amp_norm=1.0, trace(rdm1)=4.0
SQD sci diag: batch=8, norb=4, nelec=(2, 2), amp_norm=1.0, trace(rdm1)=4.0
SQD sci diag: batch=9, norb=4, nelec=(2, 2), amp_norm=1.0, trace(rdm1)=4.0
SQD sci diag: batch=10, norb=4, nelec=(2, 2), amp_norm=1.0, trace(rdm1)=4.0
SQD sci diag: batch=11, norb=4, nelec=(2, 2), amp_norm=1.0, trace(rdm1)=4.0
SQD sci diag: batch=12, norb=4, nelec=(2, 2), amp_norm=1.0, trace(rdm1)=4.0
SQD sci diag: batch=13, norb=4, nelec=(2, 2), amp_norm=1.0, trace(rdm1)=4.0
SQD sci diag: batch=14, norb=4, nelec=(2, 2), amp_norm=1.0, trace(rdm1)=4.0
SQD sci diag: batch=15, norb=4, nelec=(2, 2), amp_norm=1.0, trace(rdm1)=4.0
		SQD diag: n_active_mos=4, n_active_electrons=4, trace(onerdm)=4.0
		Fragment Energy = -61.917568020514516
		Number of Electrons in Fragment = 9.311009973565241
	Electron Residual = 0.36216592915170054
[Optimizer] Bracket found: (-0.05, 0.0). Starting Brent search...
	[OptimizerCache] Found mu=-0.050000 in cache. Skipping hardware calls.
	[OptimizerCache] Found mu=0.000000 in cache. Skipping hardware calls.
	[Optimizer] Evaluating mu=-0.021209 with 1 hardware jobs...
 	Iteration =  4
 	Chemical Potential (mu) =     -0.0212085100
 	----------------
 
	SCF Occupancy Eigenvalues for Fragment Number : # 0
	[2.04987717e-16 1.31388983e-16 3.26696213e-17 2.73741657e-17
 1.00451704e-16 7.45973567e-16 7.54882783e-06 1.68938351e-03
 1.46570297e-02 1.46570539e-02 1.00000000e+00 1.98534295e+00
 1.98534297e+00 1.99831062e+00 1.99999245e+00]

	SCF Occupancy Eigenvalues for Fragment Number : # 1
	[2.80864056e-16 7.69454348e-17 2.00276116e-17 4.06223249e-17
 1.47963707e-16 4.47730616e-16 7.54882783e-06 1.68938351e-03
 1.46570297e-02 1.46570539e-02 1.00000000e+00 1.98534295e+00
 1.98534297e+00 1.99831062e+00 1.99999245e+00]

		Fragment Number : #  1
		------------------------
		CCSD diag: n_active_mos=24, n_active_electrons=18, trace(onerdm)=18.0
		Fragment Energy = -61.41876982372676
		Number of Electrons in Fragment = 8.985979342586312
Fragment: n_homo=8, n_lumo=9, kept=[7, 8, 9, 10]
		Fragment Number : #  2
		------------------------
LUCJ CCSD init diag: norb=4, n_reps=1, t1_shape=(2, 2), t2_shape=(2, 2, 2, 2), t1_norm=1.860204e-03, t2_norm=3.592055e-02
[AccountManager] SQD call 4: using account 1 (4/10)
Pass: Decompose - 0.85521 (ms)Pass: MergeOrbitalRotations - 0.47803 (ms)Pass: UnitarySynthesis - 0.00954 (ms)Pass: HighLevelSynthesis - 1.49393 (ms)Pass: BasisTranslator - 0.11969 (ms)Pass: ElidePermutations - 0.01073 (ms)Pass: RemoveDiagonalGatesBeforeMeasure - 0.01144 (ms)Pass: RemoveIdentityEquivalent - 0.01407 (ms)Pass: InverseCancellation - 0.01860 (ms)Pass: ContractIdleWiresInControlFlow - 0.00191 (ms)Pass: CommutativeCancellation - 0.05341 (ms)Pass: ConsolidateBlocks - 0.24867 (ms)Pass: Split2QUnitaries - 0.00620 (ms)Pass: SetLayout - 0.02813 (ms)Pass: FullAncillaAllocation - 0.22268 (ms)Pass: EnlargeWithAncilla - 0.11659 (ms)Pass: ApplyLayout - 0.45037 (ms)Pass: CheckMap - 0.10538 (ms)Pass: BarrierBeforeFinalMeasurements - 2.38872 (ms)Pass: SabreSwap - 3.15118 (ms)Pass: FilterOpNodes - 0.17571 (ms)Pass: UnitarySynthesis - 0.00715 (ms)Pass: HighLevelSynthesis - 0.02480 (ms)Pass: BasisTranslator - 2.51794 (ms)Pass: Depth - 0.13947 (ms)Pass: Size - 0.00405 (ms)Pass: MinimumPoint - 0.01645 (ms)Pass: ConsolidateBlocks - 0.75293 (ms)Pass: UnitarySynthesis - 1.53089 (ms)Pass: RemoveIdentityEquivalent - 0.03624 (ms)Pass: Optimize1qGatesDecomposition - 0.25344 (ms)Pass: CommutativeCancellation - 0.29802 (ms)Pass: ContractIdleWiresInControlFlow - 0.00215 (ms)Pass: GatesInBasis - 0.07772 (ms)Pass: Depth - 0.05698 (ms)Pass: Size - 0.00238 (ms)Pass: MinimumPoint - 0.09966 (ms)Pass: ConsolidateBlocks - 0.51165 (ms)Pass: UnitarySynthesis - 0.75984 (ms)Pass: RemoveIdentityEquivalent - 0.02885 (ms)Pass: Optimize1qGatesDecomposition - 0.19383 (ms)Pass: CommutativeCancellation - 0.25678 (ms)Pass: ContractIdleWiresInControlFlow - 0.00215 (ms)Pass: GatesInBasis - 0.06294 (ms)Pass: Depth - 0.07319 (ms)Pass: Size - 0.00262 (ms)Pass: MinimumPoint - 0.00429 (ms)Pass: ConsolidateBlocks - 0.39625 (ms)Pass: UnitarySynthesis - 0.53263 (ms)Pass: RemoveIdentityEquivalent - 0.02599 (ms)Pass: Optimize1qGatesDecomposition - 0.17858 (ms)Pass: CommutativeCancellation - 0.23866 (ms)Pass: ContractIdleWiresInControlFlow - 0.00215 (ms)Pass: GatesInBasis - 0.07010 (ms)Pass: Depth - 0.05651 (ms)Pass: Size - 0.00238 (ms)Pass: MinimumPoint - 0.00405 (ms)Pass: ConsolidateBlocks - 0.38695 (ms)Pass: UnitarySynthesis - 0.51451 (ms)Pass: RemoveIdentityEquivalent - 0.02670 (ms)Pass: Optimize1qGatesDecomposition - 0.18644 (ms)Pass: CommutativeCancellation - 0.23127 (ms)Pass: ContractIdleWiresInControlFlow - 0.00191 (ms)Pass: GatesInBasis - 0.06056 (ms)Pass: Depth - 0.06986 (ms)Pass: Size - 0.00238 (ms)Pass: MinimumPoint - 0.00381 (ms)Pass: ConsolidateBlocks - 0.39387 (ms)Pass: UnitarySynthesis - 0.48852 (ms)Pass: RemoveIdentityEquivalent - 0.02503 (ms)Pass: Optimize1qGatesDecomposition - 0.17381 (ms)Pass: CommutativeCancellation - 0.22674 (ms)Pass: ContractIdleWiresInControlFlow - 0.00215 (ms)Pass: GatesInBasis - 0.07129 (ms)Pass: Depth - 0.05603 (ms)Pass: Size - 0.00215 (ms)Pass: MinimumPoint - 0.00691 (ms)Pass: ContainsInstruction - 0.00644 (ms)Pass: InstructionDurationCheck - 0.00358 (ms)SQD counts diag: n_bits=8, first_bitstring=[0, 0, 1, 1, 0, 0, 1, 1], hamming_left=2, hamming_right=2
SQD postselect diag: total_samples=250, total_postselected=560, batch_sizes=[35, 35, 35, 35, 35, 35, 35, 35, 35, 35, 35, 35, 35, 35, 35, 35]
SQD batch diag: batch0_shape=(35, 8), first_bitstring=[0, 0, 1, 1, 0, 0, 1, 1], hamming_left=2, hamming_right=2
SQD sci diag: batch=0, norb=4, nelec=(2, 2), amp_norm=1.0, trace(rdm1)=4.0
SQD sci diag: batch=1, norb=4, nelec=(2, 2), amp_norm=1.0, trace(rdm1)=4.0
SQD sci diag: batch=2, norb=4, nelec=(2, 2), amp_norm=1.0, trace(rdm1)=4.0
SQD sci diag: batch=3, norb=4, nelec=(2, 2), amp_norm=1.0, trace(rdm1)=4.0
SQD sci diag: batch=4, norb=4, nelec=(2, 2), amp_norm=1.0, trace(rdm1)=4.0
SQD sci diag: batch=5, norb=4, nelec=(2, 2), amp_norm=1.0, trace(rdm1)=4.0
SQD sci diag: batch=6, norb=4, nelec=(2, 2), amp_norm=1.0, trace(rdm1)=4.0
SQD sci diag: batch=7, norb=4, nelec=(2, 2), amp_norm=1.0, trace(rdm1)=4.0
SQD sci diag: batch=8, norb=4, nelec=(2, 2), amp_norm=1.0, trace(rdm1)=4.0
SQD sci diag: batch=9, norb=4, nelec=(2, 2), amp_norm=1.0, trace(rdm1)=4.0
SQD sci diag: batch=10, norb=4, nelec=(2, 2), amp_norm=1.0, trace(rdm1)=4.0
SQD sci diag: batch=11, norb=4, nelec=(2, 2), amp_norm=1.0, trace(rdm1)=4.0
SQD sci diag: batch=12, norb=4, nelec=(2, 2), amp_norm=1.0, trace(rdm1)=4.0
SQD sci diag: batch=13, norb=4, nelec=(2, 2), amp_norm=1.0, trace(rdm1)=4.0
SQD sci diag: batch=14, norb=4, nelec=(2, 2), amp_norm=1.0, trace(rdm1)=4.0
SQD sci diag: batch=15, norb=4, nelec=(2, 2), amp_norm=1.0, trace(rdm1)=4.0
SQD postselect diag: total_samples=35, total_postselected=560, batch_sizes=[35, 35, 35, 35, 35, 35, 35, 35, 35, 35, 35, 35, 35, 35, 35, 35]
SQD batch diag: batch0_shape=(35, 8), first_bitstring=[0, 0, 1, 1, 0, 0, 1, 1], hamming_left=2, hamming_right=2
SQD sci diag: batch=0, norb=4, nelec=(2, 2), amp_norm=1.0, trace(rdm1)=4.0
SQD sci diag: batch=1, norb=4, nelec=(2, 2), amp_norm=1.0, trace(rdm1)=4.0
SQD sci diag: batch=2, norb=4, nelec=(2, 2), amp_norm=1.0, trace(rdm1)=4.0
SQD sci diag: batch=3, norb=4, nelec=(2, 2), amp_norm=1.0, trace(rdm1)=4.0
SQD sci diag: batch=4, norb=4, nelec=(2, 2), amp_norm=1.0, trace(rdm1)=4.0
SQD sci diag: batch=5, norb=4, nelec=(2, 2), amp_norm=1.0, trace(rdm1)=4.0
SQD sci diag: batch=6, norb=4, nelec=(2, 2), amp_norm=1.0, trace(rdm1)=4.0
SQD sci diag: batch=7, norb=4, nelec=(2, 2), amp_norm=1.0, trace(rdm1)=4.0
SQD sci diag: batch=8, norb=4, nelec=(2, 2), amp_norm=1.0, trace(rdm1)=4.0
SQD sci diag: batch=9, norb=4, nelec=(2, 2), amp_norm=1.0, trace(rdm1)=4.0
SQD sci diag: batch=10, norb=4, nelec=(2, 2), amp_norm=1.0, trace(rdm1)=4.0
SQD sci diag: batch=11, norb=4, nelec=(2, 2), amp_norm=1.0, trace(rdm1)=4.0
SQD sci diag: batch=12, norb=4, nelec=(2, 2), amp_norm=1.0, trace(rdm1)=4.0
SQD sci diag: batch=13, norb=4, nelec=(2, 2), amp_norm=1.0, trace(rdm1)=4.0
SQD sci diag: batch=14, norb=4, nelec=(2, 2), amp_norm=1.0, trace(rdm1)=4.0
SQD sci diag: batch=15, norb=4, nelec=(2, 2), amp_norm=1.0, trace(rdm1)=4.0
		SQD diag: n_active_mos=4, n_active_electrons=4, trace(onerdm)=4.0
		Fragment Energy = -61.23876389308471
		Number of Electrons in Fragment = 9.019377580948408
	Electron Residual = 0.005356923534719726
	[Optimizer] Evaluating mu=-0.022127 with 1 hardware jobs...
 	Iteration =  5
 	Chemical Potential (mu) =     -0.0221272583
 	----------------
 
	SCF Occupancy Eigenvalues for Fragment Number : # 0
	[2.04987717e-16 1.31388983e-16 3.26696213e-17 2.73741657e-17
 1.00451704e-16 7.45973567e-16 7.54882783e-06 1.68938351e-03
 1.46570297e-02 1.46570539e-02 1.00000000e+00 1.98534295e+00
 1.98534297e+00 1.99831062e+00 1.99999245e+00]

	SCF Occupancy Eigenvalues for Fragment Number : # 1
	[2.80864056e-16 7.69454348e-17 2.00276116e-17 4.06223249e-17
 1.47963707e-16 4.47730616e-16 7.54882783e-06 1.68938351e-03
 1.46570297e-02 1.46570539e-02 1.00000000e+00 1.98534295e+00
 1.98534297e+00 1.99831062e+00 1.99999245e+00]

		Fragment Number : #  1
		------------------------
		CCSD diag: n_active_mos=24, n_active_electrons=18, trace(onerdm)=18.0
		Fragment Energy = -61.416369962429144
		Number of Electrons in Fragment = 8.985140717867294
Fragment: n_homo=8, n_lumo=9, kept=[7, 8, 9, 10]
		Fragment Number : #  2
		------------------------
LUCJ CCSD init diag: norb=4, n_reps=1, t1_shape=(2, 2), t2_shape=(2, 2, 2, 2), t1_norm=1.860421e-03, t2_norm=3.602536e-02
[AccountManager] SQD call 5: using account 1 (5/10)
Pass: Decompose - 0.88882 (ms)Pass: MergeOrbitalRotations - 0.45919 (ms)Pass: UnitarySynthesis - 0.00954 (ms)Pass: HighLevelSynthesis - 1.50228 (ms)Pass: BasisTranslator - 0.10586 (ms)Pass: ElidePermutations - 0.01049 (ms)Pass: RemoveDiagonalGatesBeforeMeasure - 0.01240 (ms)Pass: RemoveIdentityEquivalent - 0.01454 (ms)Pass: InverseCancellation - 0.01907 (ms)Pass: ContractIdleWiresInControlFlow - 0.00238 (ms)Pass: CommutativeCancellation - 0.05579 (ms)Pass: ConsolidateBlocks - 0.27966 (ms)Pass: Split2QUnitaries - 0.00572 (ms)Pass: SetLayout - 0.02766 (ms)Pass: FullAncillaAllocation - 0.22268 (ms)Pass: EnlargeWithAncilla - 0.09823 (ms)Pass: ApplyLayout - 0.46086 (ms)Pass: CheckMap - 0.11039 (ms)Pass: BarrierBeforeFinalMeasurements - 1.60623 (ms)Pass: SabreSwap - 4.66943 (ms)Pass: FilterOpNodes - 0.34523 (ms)Pass: UnitarySynthesis - 0.01717 (ms)Pass: HighLevelSynthesis - 0.04864 (ms)Pass: BasisTranslator - 6.03962 (ms)Pass: Depth - 0.30375 (ms)Pass: Size - 0.00906 (ms)Pass: MinimumPoint - 0.02050 (ms)Pass: ConsolidateBlocks - 0.82374 (ms)Pass: UnitarySynthesis - 2.02107 (ms)Pass: RemoveIdentityEquivalent - 0.04196 (ms)Pass: Optimize1qGatesDecomposition - 0.30756 (ms)Pass: CommutativeCancellation - 0.35357 (ms)Pass: ContractIdleWiresInControlFlow - 0.00286 (ms)Pass: GatesInBasis - 0.09942 (ms)Pass: Depth - 0.07653 (ms)Pass: Size - 0.00310 (ms)Pass: MinimumPoint - 0.12279 (ms)Pass: ConsolidateBlocks - 0.54741 (ms)Pass: UnitarySynthesis - 0.91815 (ms)Pass: RemoveIdentityEquivalent - 0.04148 (ms)Pass: Optimize1qGatesDecomposition - 0.24915 (ms)Pass: CommutativeCancellation - 0.32616 (ms)Pass: ContractIdleWiresInControlFlow - 0.00262 (ms)Pass: GatesInBasis - 0.10443 (ms)Pass: Depth - 0.08059 (ms)Pass: Size - 0.00310 (ms)Pass: MinimumPoint - 0.12493 (ms)Pass: ConsolidateBlocks - 0.52881 (ms)Pass: UnitarySynthesis - 0.70214 (ms)Pass: RemoveIdentityEquivalent - 0.03123 (ms)Pass: Optimize1qGatesDecomposition - 0.24891 (ms)Pass: CommutativeCancellation - 0.30041 (ms)Pass: ContractIdleWiresInControlFlow - 0.00286 (ms)Pass: GatesInBasis - 0.09155 (ms)Pass: Depth - 0.07725 (ms)Pass: Size - 0.00310 (ms)Pass: MinimumPoint - 0.00572 (ms)Pass: ContainsInstruction - 0.00763 (ms)Pass: InstructionDurationCheck - 0.00381 (ms)SQD counts diag: n_bits=8, first_bitstring=[0, 0, 1, 1, 0, 0, 1, 1], hamming_left=2, hamming_right=2
SQD postselect diag: total_samples=252, total_postselected=576, batch_sizes=[36, 36, 36, 36, 36, 36, 36, 36, 36, 36, 36, 36, 36, 36, 36, 36]
SQD batch diag: batch0_shape=(36, 8), first_bitstring=[0, 0, 1, 1, 0, 0, 1, 1], hamming_left=2, hamming_right=2
SQD sci diag: batch=0, norb=4, nelec=(2, 2), amp_norm=1.0, trace(rdm1)=4.0
SQD sci diag: batch=1, norb=4, nelec=(2, 2), amp_norm=1.0, trace(rdm1)=4.0
SQD sci diag: batch=2, norb=4, nelec=(2, 2), amp_norm=1.0, trace(rdm1)=4.0
SQD sci diag: batch=3, norb=4, nelec=(2, 2), amp_norm=1.0, trace(rdm1)=4.0
SQD sci diag: batch=4, norb=4, nelec=(2, 2), amp_norm=1.0, trace(rdm1)=4.0
SQD sci diag: batch=5, norb=4, nelec=(2, 2), amp_norm=1.0, trace(rdm1)=4.0
SQD sci diag: batch=6, norb=4, nelec=(2, 2), amp_norm=1.0, trace(rdm1)=4.0
SQD sci diag: batch=7, norb=4, nelec=(2, 2), amp_norm=1.0, trace(rdm1)=4.0
SQD sci diag: batch=8, norb=4, nelec=(2, 2), amp_norm=1.0, trace(rdm1)=4.0
SQD sci diag: batch=9, norb=4, nelec=(2, 2), amp_norm=1.0, trace(rdm1)=4.0
SQD sci diag: batch=10, norb=4, nelec=(2, 2), amp_norm=1.0, trace(rdm1)=4.0
SQD sci diag: batch=11, norb=4, nelec=(2, 2), amp_norm=1.0, trace(rdm1)=4.0
SQD sci diag: batch=12, norb=4, nelec=(2, 2), amp_norm=1.0, trace(rdm1)=4.0
SQD sci diag: batch=13, norb=4, nelec=(2, 2), amp_norm=1.0, trace(rdm1)=4.0
SQD sci diag: batch=14, norb=4, nelec=(2, 2), amp_norm=1.0, trace(rdm1)=4.0
SQD sci diag: batch=15, norb=4, nelec=(2, 2), amp_norm=1.0, trace(rdm1)=4.0
SQD postselect diag: total_samples=36, total_postselected=576, batch_sizes=[36, 36, 36, 36, 36, 36, 36, 36, 36, 36, 36, 36, 36, 36, 36, 36]
SQD batch diag: batch0_shape=(36, 8), first_bitstring=[0, 0, 1, 1, 0, 0, 1, 1], hamming_left=2, hamming_right=2
SQD sci diag: batch=0, norb=4, nelec=(2, 2), amp_norm=1.0, trace(rdm1)=4.0
SQD sci diag: batch=1, norb=4, nelec=(2, 2), amp_norm=1.0, trace(rdm1)=4.0
SQD sci diag: batch=2, norb=4, nelec=(2, 2), amp_norm=1.0, trace(rdm1)=4.0
SQD sci diag: batch=3, norb=4, nelec=(2, 2), amp_norm=1.0, trace(rdm1)=4.0
SQD sci diag: batch=4, norb=4, nelec=(2, 2), amp_norm=1.0, trace(rdm1)=4.0
SQD sci diag: batch=5, norb=4, nelec=(2, 2), amp_norm=1.0, trace(rdm1)=4.0
SQD sci diag: batch=6, norb=4, nelec=(2, 2), amp_norm=1.0, trace(rdm1)=4.0
SQD sci diag: batch=7, norb=4, nelec=(2, 2), amp_norm=1.0, trace(rdm1)=4.0
SQD sci diag: batch=8, norb=4, nelec=(2, 2), amp_norm=1.0, trace(rdm1)=4.0
SQD sci diag: batch=9, norb=4, nelec=(2, 2), amp_norm=1.0, trace(rdm1)=4.0
SQD sci diag: batch=10, norb=4, nelec=(2, 2), amp_norm=1.0, trace(rdm1)=4.0
SQD sci diag: batch=11, norb=4, nelec=(2, 2), amp_norm=1.0, trace(rdm1)=4.0
SQD sci diag: batch=12, norb=4, nelec=(2, 2), amp_norm=1.0, trace(rdm1)=4.0
SQD sci diag: batch=13, norb=4, nelec=(2, 2), amp_norm=1.0, trace(rdm1)=4.0
SQD sci diag: batch=14, norb=4, nelec=(2, 2), amp_norm=1.0, trace(rdm1)=4.0
SQD sci diag: batch=15, norb=4, nelec=(2, 2), amp_norm=1.0, trace(rdm1)=4.0
		SQD diag: n_active_mos=4, n_active_electrons=4, trace(onerdm)=4.0
		Fragment Energy = -61.22843634525044
		Number of Electrons in Fragment = 9.014785716129452
	Electron Residual = -7.356600325181262e-05
	[Optimizer] Evaluating mu=-0.022115 with 1 hardware jobs...
 	Iteration =  6
 	Chemical Potential (mu) =     -0.0221148122
 	----------------
 
	SCF Occupancy Eigenvalues for Fragment Number : # 0
	[2.04987717e-16 1.31388983e-16 3.26696213e-17 2.73741657e-17
 1.00451704e-16 7.45973567e-16 7.54882783e-06 1.68938351e-03
 1.46570297e-02 1.46570539e-02 1.00000000e+00 1.98534295e+00
 1.98534297e+00 1.99831062e+00 1.99999245e+00]

	SCF Occupancy Eigenvalues for Fragment Number : # 1
	[2.80864056e-16 7.69454348e-17 2.00276116e-17 4.06223249e-17
 1.47963707e-16 4.47730616e-16 7.54882783e-06 1.68938351e-03
 1.46570297e-02 1.46570539e-02 1.00000000e+00 1.98534295e+00
 1.98534297e+00 1.99831062e+00 1.99999245e+00]

		Fragment Number : #  1
		------------------------
		CCSD diag: n_active_mos=24, n_active_electrons=18, trace(onerdm)=18.0
		Fragment Energy = -61.416402474918925
		Number of Electrons in Fragment = 8.98515207823588
Fragment: n_homo=8, n_lumo=9, kept=[7, 8, 9, 10]
		Fragment Number : #  2
		------------------------
LUCJ CCSD init diag: norb=4, n_reps=1, t1_shape=(2, 2), t2_shape=(2, 2, 2, 2), t1_norm=1.860419e-03, t2_norm=3.602394e-02
[AccountManager] SQD call 6: using account 1 (6/10)
Pass: Decompose - 0.89502 (ms)Pass: MergeOrbitalRotations - 0.43297 (ms)Pass: UnitarySynthesis - 0.00882 (ms)Pass: HighLevelSynthesis - 1.49059 (ms)Pass: BasisTranslator - 0.12493 (ms)Pass: ElidePermutations - 0.01049 (ms)Pass: RemoveDiagonalGatesBeforeMeasure - 0.01311 (ms)Pass: RemoveIdentityEquivalent - 0.01407 (ms)Pass: InverseCancellation - 0.01907 (ms)Pass: ContractIdleWiresInControlFlow - 0.00215 (ms)Pass: CommutativeCancellation - 0.05579 (ms)Pass: ConsolidateBlocks - 0.28133 (ms)Pass: Split2QUnitaries - 0.00620 (ms)Pass: SetLayout - 0.02694 (ms)Pass: FullAncillaAllocation - 0.22340 (ms)Pass: EnlargeWithAncilla - 1.58238 (ms)Pass: ApplyLayout - 0.69427 (ms)Pass: CheckMap - 0.13399 (ms)Pass: BarrierBeforeFinalMeasurements - 2.44761 (ms)Pass: SabreSwap - 5.43571 (ms)Pass: FilterOpNodes - 0.40293 (ms)Pass: UnitarySynthesis - 0.02575 (ms)Pass: HighLevelSynthesis - 0.12517 (ms)Pass: BasisTranslator - 10.44822 (ms)Pass: Depth - 0.16022 (ms)Pass: Size - 0.00381 (ms)Pass: MinimumPoint - 0.02360 (ms)Pass: ConsolidateBlocks - 0.95487 (ms)Pass: UnitarySynthesis - 2.21920 (ms)Pass: RemoveIdentityEquivalent - 0.04101 (ms)Pass: Optimize1qGatesDecomposition - 0.30541 (ms)Pass: CommutativeCancellation - 0.36740 (ms)Pass: ContractIdleWiresInControlFlow - 0.00310 (ms)Pass: GatesInBasis - 0.10395 (ms)Pass: Depth - 0.10753 (ms)Pass: Size - 0.00358 (ms)Pass: MinimumPoint - 0.13590 (ms)Pass: ConsolidateBlocks - 0.61369 (ms)Pass: UnitarySynthesis - 0.70524 (ms)Pass: RemoveIdentityEquivalent - 0.03242 (ms)Pass: Optimize1qGatesDecomposition - 0.21696 (ms)Pass: CommutativeCancellation - 0.35024 (ms)Pass: ContractIdleWiresInControlFlow - 0.00310 (ms)Pass: GatesInBasis - 0.09894 (ms)Pass: Depth - 0.10014 (ms)Pass: Size - 0.00358 (ms)Pass: MinimumPoint - 0.12612 (ms)Pass: ConsolidateBlocks - 0.62466 (ms)Pass: UnitarySynthesis - 0.79083 (ms)Pass: RemoveIdentityEquivalent - 0.04101 (ms)Pass: Optimize1qGatesDecomposition - 0.21648 (ms)Pass: CommutativeCancellation - 0.25511 (ms)Pass: ContractIdleWiresInControlFlow - 0.00238 (ms)Pass: GatesInBasis - 0.09608 (ms)Pass: Depth - 0.08583 (ms)Pass: Size - 0.00286 (ms)Pass: MinimumPoint - 0.00572 (ms)Pass: ContainsInstruction - 0.00691 (ms)Pass: InstructionDurationCheck - 0.00358 (ms)SQD counts diag: n_bits=8, first_bitstring=[0, 0, 1, 1, 0, 0, 1, 1], hamming_left=2, hamming_right=2
SQD postselect diag: total_samples=252, total_postselected=544, batch_sizes=[34, 34, 34, 34, 34, 34, 34, 34, 34, 34, 34, 34, 34, 34, 34, 34]
SQD batch diag: batch0_shape=(34, 8), first_bitstring=[0, 0, 1, 1, 0, 0, 1, 1], hamming_left=2, hamming_right=2
SQD sci diag: batch=0, norb=4, nelec=(2, 2), amp_norm=1.0, trace(rdm1)=4.0
SQD sci diag: batch=1, norb=4, nelec=(2, 2), amp_norm=1.0, trace(rdm1)=4.0
SQD sci diag: batch=2, norb=4, nelec=(2, 2), amp_norm=1.0, trace(rdm1)=4.0
SQD sci diag: batch=3, norb=4, nelec=(2, 2), amp_norm=1.0, trace(rdm1)=4.0
SQD sci diag: batch=4, norb=4, nelec=(2, 2), amp_norm=1.0, trace(rdm1)=4.0
SQD sci diag: batch=5, norb=4, nelec=(2, 2), amp_norm=1.0, trace(rdm1)=4.0
SQD sci diag: batch=6, norb=4, nelec=(2, 2), amp_norm=1.0, trace(rdm1)=4.0
SQD sci diag: batch=7, norb=4, nelec=(2, 2), amp_norm=1.0, trace(rdm1)=4.0
SQD sci diag: batch=8, norb=4, nelec=(2, 2), amp_norm=1.0, trace(rdm1)=4.0
SQD sci diag: batch=9, norb=4, nelec=(2, 2), amp_norm=1.0, trace(rdm1)=4.0
SQD sci diag: batch=10, norb=4, nelec=(2, 2), amp_norm=1.0, trace(rdm1)=4.0
SQD sci diag: batch=11, norb=4, nelec=(2, 2), amp_norm=1.0, trace(rdm1)=4.0
SQD sci diag: batch=12, norb=4, nelec=(2, 2), amp_norm=1.0, trace(rdm1)=4.0
SQD sci diag: batch=13, norb=4, nelec=(2, 2), amp_norm=1.0, trace(rdm1)=4.0
SQD sci diag: batch=14, norb=4, nelec=(2, 2), amp_norm=1.0, trace(rdm1)=4.0
SQD sci diag: batch=15, norb=4, nelec=(2, 2), amp_norm=1.0, trace(rdm1)=4.0
SQD postselect diag: total_samples=35, total_postselected=560, batch_sizes=[35, 35, 35, 35, 35, 35, 35, 35, 35, 35, 35, 35, 35, 35, 35, 35]
SQD batch diag: batch0_shape=(35, 8), first_bitstring=[0, 0, 1, 1, 0, 0, 1, 1], hamming_left=2, hamming_right=2
SQD sci diag: batch=0, norb=4, nelec=(2, 2), amp_norm=1.0, trace(rdm1)=4.0
SQD sci diag: batch=1, norb=4, nelec=(2, 2), amp_norm=1.0, trace(rdm1)=4.0
SQD sci diag: batch=2, norb=4, nelec=(2, 2), amp_norm=1.0, trace(rdm1)=4.0
SQD sci diag: batch=3, norb=4, nelec=(2, 2), amp_norm=1.0, trace(rdm1)=4.0
SQD sci diag: batch=4, norb=4, nelec=(2, 2), amp_norm=1.0, trace(rdm1)=4.0
SQD sci diag: batch=5, norb=4, nelec=(2, 2), amp_norm=1.0, trace(rdm1)=4.0
SQD sci diag: batch=6, norb=4, nelec=(2, 2), amp_norm=1.0, trace(rdm1)=4.0
SQD sci diag: batch=7, norb=4, nelec=(2, 2), amp_norm=1.0, trace(rdm1)=4.0
SQD sci diag: batch=8, norb=4, nelec=(2, 2), amp_norm=1.0, trace(rdm1)=4.0
SQD sci diag: batch=9, norb=4, nelec=(2, 2), amp_norm=1.0, trace(rdm1)=4.0
SQD sci diag: batch=10, norb=4, nelec=(2, 2), amp_norm=1.0, trace(rdm1)=4.0
SQD sci diag: batch=11, norb=4, nelec=(2, 2), amp_norm=1.0, trace(rdm1)=4.0
SQD sci diag: batch=12, norb=4, nelec=(2, 2), amp_norm=1.0, trace(rdm1)=4.0
SQD sci diag: batch=13, norb=4, nelec=(2, 2), amp_norm=1.0, trace(rdm1)=4.0
SQD sci diag: batch=14, norb=4, nelec=(2, 2), amp_norm=1.0, trace(rdm1)=4.0
SQD sci diag: batch=15, norb=4, nelec=(2, 2), amp_norm=1.0, trace(rdm1)=4.0
		SQD diag: n_active_mos=4, n_active_electrons=4, trace(onerdm)=4.0
		Fragment Energy = -61.22857646627713
		Number of Electrons in Fragment = 9.014848034875333
	Electron Residual = 1.1311121284052206e-07
	[Optimizer] Evaluating mu=-0.022115 with 1 hardware jobs...
 	Iteration =  7
 	Chemical Potential (mu) =     -0.0221148313
 	----------------
 
	SCF Occupancy Eigenvalues for Fragment Number : # 0
	[2.04987717e-16 1.31388983e-16 3.26696213e-17 2.73741657e-17
 1.00451704e-16 7.45973567e-16 7.54882783e-06 1.68938351e-03
 1.46570297e-02 1.46570539e-02 1.00000000e+00 1.98534295e+00
 1.98534297e+00 1.99831062e+00 1.99999245e+00]

	SCF Occupancy Eigenvalues for Fragment Number : # 1
	[2.80864056e-16 7.69454348e-17 2.00276116e-17 4.06223249e-17
 1.47963707e-16 4.47730616e-16 7.54882783e-06 1.68938351e-03
 1.46570297e-02 1.46570539e-02 1.00000000e+00 1.98534295e+00
 1.98534297e+00 1.99831062e+00 1.99999245e+00]

		Fragment Number : #  1
		------------------------
		CCSD diag: n_active_mos=24, n_active_electrons=18, trace(onerdm)=18.0
		Fragment Energy = -61.41640242500621
		Number of Electrons in Fragment = 8.985152060795587
Fragment: n_homo=8, n_lumo=9, kept=[7, 8, 9, 10]
		Fragment Number : #  2
		------------------------
LUCJ CCSD init diag: norb=4, n_reps=1, t1_shape=(2, 2), t2_shape=(2, 2, 2, 2), t1_norm=1.860419e-03, t2_norm=3.602395e-02
[AccountManager] SQD call 7: using account 1 (7/10)
Pass: Decompose - 0.70715 (ms)Pass: MergeOrbitalRotations - 0.43130 (ms)Pass: UnitarySynthesis - 0.00715 (ms)Pass: HighLevelSynthesis - 1.39785 (ms)Pass: BasisTranslator - 0.10061 (ms)Pass: ElidePermutations - 0.00572 (ms)Pass: RemoveDiagonalGatesBeforeMeasure - 0.00715 (ms)Pass: RemoveIdentityEquivalent - 0.01216 (ms)Pass: InverseCancellation - 0.01502 (ms)Pass: ContractIdleWiresInControlFlow - 0.00167 (ms)Pass: CommutativeCancellation - 0.05174 (ms)Pass: ConsolidateBlocks - 0.26608 (ms)Pass: Split2QUnitaries - 0.00310 (ms)Pass: SetLayout - 0.01836 (ms)Pass: FullAncillaAllocation - 0.22030 (ms)Pass: EnlargeWithAncilla - 0.08941 (ms)Pass: ApplyLayout - 0.45419 (ms)Pass: CheckMap - 0.10061 (ms)Pass: BarrierBeforeFinalMeasurements - 2.14791 (ms)Pass: SabreSwap - 3.94487 (ms)Pass: FilterOpNodes - 0.19455 (ms)Pass: UnitarySynthesis - 0.01574 (ms)Pass: HighLevelSynthesis - 0.03457 (ms)Pass: BasisTranslator - 3.71242 (ms)Pass: Depth - 0.18501 (ms)Pass: Size - 0.01073 (ms)Pass: MinimumPoint - 0.02003 (ms)Pass: ConsolidateBlocks - 1.16134 (ms)Pass: UnitarySynthesis - 1.55950 (ms)Pass: RemoveIdentityEquivalent - 0.04721 (ms)Pass: Optimize1qGatesDecomposition - 0.24796 (ms)Pass: CommutativeCancellation - 0.31066 (ms)Pass: ContractIdleWiresInControlFlow - 0.00405 (ms)Pass: GatesInBasis - 0.07844 (ms)Pass: Depth - 0.07415 (ms)Pass: Size - 0.00501 (ms)Pass: MinimumPoint - 0.08559 (ms)Pass: ConsolidateBlocks - 0.51975 (ms)Pass: UnitarySynthesis - 0.56505 (ms)Pass: RemoveIdentityEquivalent - 0.04387 (ms)Pass: Optimize1qGatesDecomposition - 0.22101 (ms)Pass: CommutativeCancellation - 0.29254 (ms)Pass: ContractIdleWiresInControlFlow - 0.00381 (ms)Pass: GatesInBasis - 0.06938 (ms)Pass: Depth - 0.07248 (ms)Pass: Size - 0.00453 (ms)Pass: MinimumPoint - 0.09942 (ms)Pass: ConsolidateBlocks - 0.41056 (ms)Pass: UnitarySynthesis - 0.51355 (ms)Pass: RemoveIdentityEquivalent - 0.02766 (ms)Pass: Optimize1qGatesDecomposition - 0.21863 (ms)Pass: CommutativeCancellation - 0.26369 (ms)Pass: ContractIdleWiresInControlFlow - 0.00358 (ms)Pass: GatesInBasis - 0.07248 (ms)Pass: Depth - 0.06723 (ms)Pass: Size - 0.00429 (ms)Pass: MinimumPoint - 0.00763 (ms)Pass: ContainsInstruction - 0.00715 (ms)Pass: InstructionDurationCheck - 0.00453 (ms)SQD counts diag: n_bits=8, first_bitstring=[0, 0, 1, 1, 0, 0, 1, 1], hamming_left=2, hamming_right=2
SQD postselect diag: total_samples=254, total_postselected=576, batch_sizes=[36, 36, 36, 36, 36, 36, 36, 36, 36, 36, 36, 36, 36, 36, 36, 36]
SQD batch diag: batch0_shape=(36, 8), first_bitstring=[0, 0, 1, 1, 0, 0, 1, 1], hamming_left=2, hamming_right=2
SQD sci diag: batch=0, norb=4, nelec=(2, 2), amp_norm=1.0, trace(rdm1)=4.0
SQD sci diag: batch=1, norb=4, nelec=(2, 2), amp_norm=1.0, trace(rdm1)=4.0
SQD sci diag: batch=2, norb=4, nelec=(2, 2), amp_norm=1.0, trace(rdm1)=4.0
SQD sci diag: batch=3, norb=4, nelec=(2, 2), amp_norm=1.0, trace(rdm1)=4.0
SQD sci diag: batch=4, norb=4, nelec=(2, 2), amp_norm=1.0, trace(rdm1)=4.0
SQD sci diag: batch=5, norb=4, nelec=(2, 2), amp_norm=1.0, trace(rdm1)=4.0
SQD sci diag: batch=6, norb=4, nelec=(2, 2), amp_norm=1.0, trace(rdm1)=4.0
SQD sci diag: batch=7, norb=4, nelec=(2, 2), amp_norm=1.0, trace(rdm1)=4.0
SQD sci diag: batch=8, norb=4, nelec=(2, 2), amp_norm=1.0, trace(rdm1)=4.0
SQD sci diag: batch=9, norb=4, nelec=(2, 2), amp_norm=1.0, trace(rdm1)=4.0
SQD sci diag: batch=10, norb=4, nelec=(2, 2), amp_norm=1.0, trace(rdm1)=4.0
SQD sci diag: batch=11, norb=4, nelec=(2, 2), amp_norm=1.0, trace(rdm1)=4.0
SQD sci diag: batch=12, norb=4, nelec=(2, 2), amp_norm=1.0, trace(rdm1)=4.0
SQD sci diag: batch=13, norb=4, nelec=(2, 2), amp_norm=1.0, trace(rdm1)=4.0
SQD sci diag: batch=14, norb=4, nelec=(2, 2), amp_norm=1.0, trace(rdm1)=4.0
SQD sci diag: batch=15, norb=4, nelec=(2, 2), amp_norm=1.0, trace(rdm1)=4.0
SQD postselect diag: total_samples=36, total_postselected=576, batch_sizes=[36, 36, 36, 36, 36, 36, 36, 36, 36, 36, 36, 36, 36, 36, 36, 36]
SQD batch diag: batch0_shape=(36, 8), first_bitstring=[0, 0, 1, 1, 0, 0, 1, 1], hamming_left=2, hamming_right=2
SQD sci diag: batch=0, norb=4, nelec=(2, 2), amp_norm=1.0, trace(rdm1)=4.0
SQD sci diag: batch=1, norb=4, nelec=(2, 2), amp_norm=1.0, trace(rdm1)=4.0
SQD sci diag: batch=2, norb=4, nelec=(2, 2), amp_norm=1.0, trace(rdm1)=4.0
SQD sci diag: batch=3, norb=4, nelec=(2, 2), amp_norm=1.0, trace(rdm1)=4.0
SQD sci diag: batch=4, norb=4, nelec=(2, 2), amp_norm=1.0, trace(rdm1)=4.0
SQD sci diag: batch=5, norb=4, nelec=(2, 2), amp_norm=1.0, trace(rdm1)=4.0
SQD sci diag: batch=6, norb=4, nelec=(2, 2), amp_norm=1.0, trace(rdm1)=4.0
SQD sci diag: batch=7, norb=4, nelec=(2, 2), amp_norm=1.0, trace(rdm1)=4.0
SQD sci diag: batch=8, norb=4, nelec=(2, 2), amp_norm=1.0, trace(rdm1)=4.0
SQD sci diag: batch=9, norb=4, nelec=(2, 2), amp_norm=1.0, trace(rdm1)=4.0
SQD sci diag: batch=10, norb=4, nelec=(2, 2), amp_norm=1.0, trace(rdm1)=4.0
SQD sci diag: batch=11, norb=4, nelec=(2, 2), amp_norm=1.0, trace(rdm1)=4.0
SQD sci diag: batch=12, norb=4, nelec=(2, 2), amp_norm=1.0, trace(rdm1)=4.0
SQD sci diag: batch=13, norb=4, nelec=(2, 2), amp_norm=1.0, trace(rdm1)=4.0
SQD sci diag: batch=14, norb=4, nelec=(2, 2), amp_norm=1.0, trace(rdm1)=4.0
SQD sci diag: batch=15, norb=4, nelec=(2, 2), amp_norm=1.0, trace(rdm1)=4.0
		SQD diag: n_active_mos=4, n_active_electrons=4, trace(onerdm)=4.0
		Fragment Energy = -61.22857625117746
		Number of Electrons in Fragment = 9.014847939196306
	Electron Residual = -8.107292615022743e-12
	[OptimizerCache] Found mu=-0.022115 in cache. Skipping hardware calls.
	[Optimizer] Evaluating mu=-0.022115 with 1 hardware jobs...
 	Iteration =  8
 	Chemical Potential (mu) =     -0.0221148192
 	----------------
 
	SCF Occupancy Eigenvalues for Fragment Number : # 0
	[2.04987717e-16 1.31388983e-16 3.26696213e-17 2.73741657e-17
 1.00451704e-16 7.45973567e-16 7.54882783e-06 1.68938351e-03
 1.46570297e-02 1.46570539e-02 1.00000000e+00 1.98534295e+00
 1.98534297e+00 1.99831062e+00 1.99999245e+00]

	SCF Occupancy Eigenvalues for Fragment Number : # 1
	[2.80864056e-16 7.69454348e-17 2.00276116e-17 4.06223249e-17
 1.47963707e-16 4.47730616e-16 7.54882783e-06 1.68938351e-03
 1.46570297e-02 1.46570539e-02 1.00000000e+00 1.98534295e+00
 1.98534297e+00 1.99831062e+00 1.99999245e+00]

		Fragment Number : #  1
		------------------------
		CCSD diag: n_active_mos=24, n_active_electrons=18, trace(onerdm)=18.0
		Fragment Energy = -61.41640245649327
		Number of Electrons in Fragment = 8.985152071797646
Fragment: n_homo=8, n_lumo=9, kept=[7, 8, 9, 10]
		Fragment Number : #  2
		------------------------
LUCJ CCSD init diag: norb=4, n_reps=1, t1_shape=(2, 2), t2_shape=(2, 2, 2, 2), t1_norm=1.860419e-03, t2_norm=3.602395e-02
[AccountManager] SQD call 8: using account 1 (8/10)
Pass: Decompose - 0.89121 (ms)Pass: MergeOrbitalRotations - 0.46635 (ms)Pass: UnitarySynthesis - 0.00858 (ms)Pass: HighLevelSynthesis - 1.50704 (ms)Pass: BasisTranslator - 0.12875 (ms)Pass: ElidePermutations - 0.01073 (ms)Pass: RemoveDiagonalGatesBeforeMeasure - 0.01359 (ms)Pass: RemoveIdentityEquivalent - 0.01550 (ms)Pass: InverseCancellation - 0.02074 (ms)Pass: ContractIdleWiresInControlFlow - 0.00215 (ms)Pass: CommutativeCancellation - 0.06342 (ms)Pass: ConsolidateBlocks - 0.26631 (ms)Pass: Split2QUnitaries - 0.00596 (ms)Pass: SetLayout - 0.02861 (ms)Pass: FullAncillaAllocation - 0.23389 (ms)Pass: EnlargeWithAncilla - 0.11420 (ms)Pass: ApplyLayout - 0.46825 (ms)Pass: CheckMap - 0.10872 (ms)Pass: BarrierBeforeFinalMeasurements - 2.33126 (ms)Pass: SabreSwap - 2.84314 (ms)Pass: FilterOpNodes - 0.36025 (ms)Pass: UnitarySynthesis - 0.01740 (ms)Pass: HighLevelSynthesis - 0.05007 (ms)Pass: BasisTranslator - 6.59537 (ms)Pass: Depth - 0.33474 (ms)Pass: Size - 0.00906 (ms)Pass: MinimumPoint - 0.04387 (ms)Pass: ConsolidateBlocks - 1.92595 (ms)Pass: UnitarySynthesis - 1.72877 (ms)Pass: RemoveIdentityEquivalent - 0.04268 (ms)Pass: Optimize1qGatesDecomposition - 0.26107 (ms)Pass: CommutativeCancellation - 0.31686 (ms)Pass: ContractIdleWiresInControlFlow - 0.00262 (ms)Pass: GatesInBasis - 0.10252 (ms)Pass: Depth - 0.07606 (ms)Pass: Size - 0.00286 (ms)Pass: MinimumPoint - 0.08035 (ms)Pass: ConsolidateBlocks - 0.44775 (ms)Pass: UnitarySynthesis - 0.61178 (ms)Pass: RemoveIdentityEquivalent - 0.03982 (ms)Pass: Optimize1qGatesDecomposition - 0.19813 (ms)Pass: CommutativeCancellation - 0.28563 (ms)Pass: ContractIdleWiresInControlFlow - 0.00262 (ms)Pass: GatesInBasis - 0.07892 (ms)Pass: Depth - 0.07248 (ms)Pass: Size - 0.00262 (ms)Pass: MinimumPoint - 0.10633 (ms)Pass: ConsolidateBlocks - 0.45776 (ms)Pass: UnitarySynthesis - 0.55885 (ms)Pass: RemoveIdentityEquivalent - 0.02933 (ms)Pass: Optimize1qGatesDecomposition - 0.19813 (ms)Pass: CommutativeCancellation - 0.30160 (ms)Pass: ContractIdleWiresInControlFlow - 0.00262 (ms)Pass: GatesInBasis - 0.06962 (ms)Pass: Depth - 0.06819 (ms)Pass: Size - 0.00238 (ms)Pass: MinimumPoint - 0.00501 (ms)Pass: ContainsInstruction - 0.00691 (ms)Pass: InstructionDurationCheck - 0.00358 (ms)SQD counts diag: n_bits=8, first_bitstring=[0, 0, 1, 1, 0, 0, 1, 1], hamming_left=2, hamming_right=2
SQD postselect diag: total_samples=255, total_postselected=560, batch_sizes=[35, 35, 35, 35, 35, 35, 35, 35, 35, 35, 35, 35, 35, 35, 35, 35]
SQD batch diag: batch0_shape=(35, 8), first_bitstring=[0, 0, 1, 1, 0, 0, 1, 1], hamming_left=2, hamming_right=2
SQD sci diag: batch=0, norb=4, nelec=(2, 2), amp_norm=1.0, trace(rdm1)=4.0
SQD sci diag: batch=1, norb=4, nelec=(2, 2), amp_norm=1.0, trace(rdm1)=4.0
SQD sci diag: batch=2, norb=4, nelec=(2, 2), amp_norm=1.0, trace(rdm1)=4.0
SQD sci diag: batch=3, norb=4, nelec=(2, 2), amp_norm=1.0, trace(rdm1)=4.0
SQD sci diag: batch=4, norb=4, nelec=(2, 2), amp_norm=1.0, trace(rdm1)=4.0
SQD sci diag: batch=5, norb=4, nelec=(2, 2), amp_norm=1.0, trace(rdm1)=4.0
SQD sci diag: batch=6, norb=4, nelec=(2, 2), amp_norm=1.0, trace(rdm1)=4.0
SQD sci diag: batch=7, norb=4, nelec=(2, 2), amp_norm=1.0, trace(rdm1)=4.0
SQD sci diag: batch=8, norb=4, nelec=(2, 2), amp_norm=1.0, trace(rdm1)=4.0
SQD sci diag: batch=9, norb=4, nelec=(2, 2), amp_norm=1.0, trace(rdm1)=4.0
SQD sci diag: batch=10, norb=4, nelec=(2, 2), amp_norm=1.0, trace(rdm1)=4.0
SQD sci diag: batch=11, norb=4, nelec=(2, 2), amp_norm=1.0, trace(rdm1)=4.0
SQD sci diag: batch=12, norb=4, nelec=(2, 2), amp_norm=1.0, trace(rdm1)=4.0
SQD sci diag: batch=13, norb=4, nelec=(2, 2), amp_norm=1.0, trace(rdm1)=4.0
SQD sci diag: batch=14, norb=4, nelec=(2, 2), amp_norm=1.0, trace(rdm1)=4.0
SQD sci diag: batch=15, norb=4, nelec=(2, 2), amp_norm=1.0, trace(rdm1)=4.0
SQD postselect diag: total_samples=35, total_postselected=560, batch_sizes=[35, 35, 35, 35, 35, 35, 35, 35, 35, 35, 35, 35, 35, 35, 35, 35]
SQD batch diag: batch0_shape=(35, 8), first_bitstring=[0, 0, 1, 1, 0, 0, 1, 1], hamming_left=2, hamming_right=2
SQD sci diag: batch=0, norb=4, nelec=(2, 2), amp_norm=1.0, trace(rdm1)=4.0
SQD sci diag: batch=1, norb=4, nelec=(2, 2), amp_norm=1.0, trace(rdm1)=4.0
SQD sci diag: batch=2, norb=4, nelec=(2, 2), amp_norm=1.0, trace(rdm1)=4.0
SQD sci diag: batch=3, norb=4, nelec=(2, 2), amp_norm=1.0, trace(rdm1)=4.0
SQD sci diag: batch=4, norb=4, nelec=(2, 2), amp_norm=1.0, trace(rdm1)=4.0
SQD sci diag: batch=5, norb=4, nelec=(2, 2), amp_norm=1.0, trace(rdm1)=4.0
SQD sci diag: batch=6, norb=4, nelec=(2, 2), amp_norm=1.0, trace(rdm1)=4.0
SQD sci diag: batch=7, norb=4, nelec=(2, 2), amp_norm=1.0, trace(rdm1)=4.0
SQD sci diag: batch=8, norb=4, nelec=(2, 2), amp_norm=1.0, trace(rdm1)=4.0
SQD sci diag: batch=9, norb=4, nelec=(2, 2), amp_norm=1.0, trace(rdm1)=4.0
SQD sci diag: batch=10, norb=4, nelec=(2, 2), amp_norm=1.0, trace(rdm1)=4.0
SQD sci diag: batch=11, norb=4, nelec=(2, 2), amp_norm=1.0, trace(rdm1)=4.0
SQD sci diag: batch=12, norb=4, nelec=(2, 2), amp_norm=1.0, trace(rdm1)=4.0
SQD sci diag: batch=13, norb=4, nelec=(2, 2), amp_norm=1.0, trace(rdm1)=4.0
SQD sci diag: batch=14, norb=4, nelec=(2, 2), amp_norm=1.0, trace(rdm1)=4.0
SQD sci diag: batch=15, norb=4, nelec=(2, 2), amp_norm=1.0, trace(rdm1)=4.0
		SQD diag: n_active_mos=4, n_active_electrons=4, trace(onerdm)=4.0
		Fragment Energy = -61.22857638687849
		Number of Electrons in Fragment = 9.014847999545298
	Electron Residual = 7.134294577326727e-08
	[OptimizerCache] Found mu=-0.022115 in cache. Skipping hardware calls.
[Optimizer] Brent converged successfully at mu=-0.022115
 	[DMET] Reusing converged optimizer result; skipping final oneshot loop.
 	*** DMET Cycle Done *** 
 	DMET Energy ( a.u. ) =    -78.7030813476
 	Chemical Potential   =     -0.0221148263
 	Electron Residual    =     -0.0000000000
DMET energy (Hartree): -78.703081
Converged DMET chemical potential: -0.0221148263
Final DMET electron residual: -0.0000000000
