Resuming from checkpoint. 0 points already completed.

=== Relaxed scan: C-C distance = 1.50 A ===
geometric-optimize called with the following command line:
run_dmet_sqd_hardware.py

                                        [91m())))))))))))))))/[0m                     
                                    [91m())))))))))))))))))))))))),[0m                
                                [91m*)))))))))))))))))))))))))))))))))[0m             
                        [94m#,[0m    [91m()))))))))/[0m                [91m.)))))))))),[0m          
                      [94m#%%%%,[0m  [91m())))))[0m                        [91m.))))))))*[0m        
                      [94m*%%%%%%,[0m  [91m))[0m              [93m..[0m              [91m,))))))).[0m      
                        [94m*%%%%%%,[0m         [93m***************/.[0m        [91m.)))))))[0m     
                [94m#%%/[0m      [94m(%%%%%%,[0m    [93m/*********************.[0m       [91m)))))))[0m    
              [94m.%%%%%%#[0m      [94m*%%%%%%,[0m  [93m*******/,[0m     [93m**********,[0m      [91m.))))))[0m   
                [94m.%%%%%%/[0m      [94m*%%%%%%,[0m  [93m**[0m              [93m********[0m      [91m.))))))[0m  
          [94m##[0m      [94m.%%%%%%/[0m      [94m(%%%%%%,[0m                  [93m,******[0m      [91m/)))))[0m  
        [94m%%%%%%[0m      [94m.%%%%%%#[0m      [94m*%%%%%%,[0m    [92m,/////.[0m       [93m******[0m      [91m))))))[0m 
      [94m#%[0m      [94m%%[0m      [94m.%%%%%%/[0m      [94m*%%%%%%,[0m  [92m////////,[0m      [93m*****/[0m     [91m,)))))[0m 
    [94m#%%[0m  [94m%%%[0m  [94m%%%#[0m      [94m.%%%%%%/[0m      [94m(%%%%%%,[0m  [92m///////.[0m     [93m/*****[0m      [91m))))).[0m
  [94m#%%%%.[0m      [94m%%%%%#[0m      [94m/%%%%%%*[0m      [94m#%%%%%%[0m   [92m/////)[0m     [93m******[0m      [91m))))),[0m
    [94m#%%%%##%[0m  [94m%%%#[0m      [94m.%%%%%%/[0m      [94m(%%%%%%,[0m  [92m///////.[0m     [93m/*****[0m      [91m))))).[0m
      [94m##[0m     [94m%%%[0m      [94m.%%%%%%/[0m      [94m*%%%%%%,[0m  [92m////////.[0m      [93m*****/[0m     [91m,)))))[0m 
        [94m#%%%%#[0m      [94m/%%%%%%/[0m      [94m(%%%%%%[0m      [92m/)/)//[0m       [93m******[0m      [91m))))))[0m 
          [94m##[0m      [94m.%%%%%%/[0m      [94m(%%%%%%,[0m                  [93m*******[0m      [91m))))))[0m  
                [94m.%%%%%%/[0m      [94m*%%%%%%,[0m  [93m**.[0m             [93m/*******[0m      [91m.))))))[0m  
              [94m*%%%%%%/[0m      [94m(%%%%%%[0m   [93m********/*..,*/*********[0m       [91m*))))))[0m   
                [94m#%%/[0m      [94m(%%%%%%,[0m    [93m*********************/[0m        [91m)))))))[0m    
                        [94m*%%%%%%,[0m         [93m,**************/[0m         [91m,))))))/[0m     
                      [94m(%%%%%%[0m   [91m()[0m                              [91m))))))))[0m       
                      [94m#%%%%,[0m  [91m())))))[0m                        [91m,)))))))),[0m        
                        [94m#,[0m    [91m())))))))))[0m                [91m,)))))))))).[0m          
                                 [91m()))))))))))))))))))))))))))))))/[0m             
                                    [91m())))))))))))))))))))))))).[0m                
                                         [91m())))))))))))))),[0m                     

-=# [1;94m geomeTRIC started. Version: 1.1 [0m #=-
Current date and time: 2026-05-01 15:11:46
#========================================================#
#| [92m    Arguments passed to driver run_optimizer():     [0m |#
#========================================================#
constraints               /tmp/tmp8nhxz1y9/constraints.txt 
customengine              <pyscf.geomopt.geometric_solver.PySCFEngine object at 0x7fb78885d700> 
input                     /tmp/tmpmiaqun1x/624c07c4-36fc-4337-a7f9-dff365505c6f 
logIni                    /home/bhabani/miniconda3/lib/python3.12/site-packages/pyscf/geomopt/log.ini 
maxiter                   100 
----------------------------------------------------------
Custom engine selected.
$set
distance 1 5 1.50000000
Bonds will be generated from interatomic distances less than 1.20 times sum of covalent radii
24 internal coordinates being used (instead of 24 Cartesians)
Internal coordinate system (atoms numbered from 1):
Distance 1-5
Distance 1-2
Distance 1-3
Distance 1-4
Distance 5-6
Distance 5-7
Distance 5-8
Angle 2-1-3
Angle 2-1-4
Angle 2-1-5
Angle 3-1-4
Angle 3-1-5
Angle 4-1-5
Angle 1-5-6
Angle 1-5-7
Angle 1-5-8
Angle 6-5-7
Angle 6-5-8
Angle 7-5-8
Dihedral 2-1-5-6
Dihedral 2-1-5-7
Dihedral 2-1-5-8
Dihedral 3-1-5-6
Dihedral 3-1-5-7
Dihedral 3-1-5-8
Dihedral 4-1-5-6
Dihedral 4-1-5-7
Dihedral 4-1-5-8
Translation-X 1-8
Translation-Y 1-8
Translation-Z 1-8
Rotation-A 1-8
Rotation-B 1-8
Rotation-C 1-8
<class 'geometric.internal.Distance'> : 7
<class 'geometric.internal.Angle'> : 12
<class 'geometric.internal.Dihedral'> : 9
<class 'geometric.internal.TranslationX'> : 1
<class 'geometric.internal.TranslationY'> : 1
<class 'geometric.internal.TranslationZ'> : 1
<class 'geometric.internal.RotationA'> : 1
<class 'geometric.internal.RotationB'> : 1
<class 'geometric.internal.RotationC'> : 1
Constraint                         Current      Target       Diff.
Distance 1-5                       1.50000     1.50000    -0.00000
> ===== Optimization Info: ====
> Job type: Energy minimization
> Maximum number of optimization cycles: 100
> Initial / maximum trust radius (Angstrom): 0.100 / 0.300
> Convergence Criteria:
> Will converge when all 5 criteria are reached:
>  |Delta-E| < 1.00e-06
>  RMS-Ortho-Grad < 3.00e-04
>  Max-Ortho-Grad < 4.50e-04
>  RMS-Disp  < 1.20e-03
>  Max-Disp  < 1.80e-03
> 
> Constraints are requested. The following criterion is added:
>  Max Constraint Violation (in Angstroms/degrees) < 1.00e-02 
> === End Optimization Info ===
WARN: Mole.unit (Angstrom) is changed to Bohr
Step    0 : Gradient = 7.008e-03/7.884e-03 (rms/max) Energy = -78.7924929710
Hessian Eigenvalues: 2.30000e-02 5.00000e-02 5.00000e-02 ... 3.41388e-01 3.41561e-01 3.41561e-01
Step    1 : Displace = [0m1.424e-02[0m/[0m1.650e-02[0m (rms/max) Trust = 1.000e-01 (=) Grad_T = [0m8.190e-04[0m/[0m9.391e-04[0m (rms/max) E (change) = -78.7930433271 ([0m-5.504e-04[0m) Quality = [0m0.878[0m
Hessian Eigenvalues: 2.30000e-02 5.00000e-02 5.00000e-02 ... 3.41504e-01 3.41561e-01 3.81685e-01
Step    2 : Displace = [0m2.245e-03[0m/[0m2.593e-03[0m (rms/max) Trust = 1.414e-01 ([92m+[0m) Grad_T = [92m1.988e-05[0m/[92m2.155e-05[0m (rms/max) E (change) = -78.7930539721 ([0m-1.065e-05[0m) Quality = [0m0.983[0m
Hessian Eigenvalues: 2.30000e-02 5.00000e-02 5.00000e-02 ... 3.41504e-01 3.41561e-01 4.12773e-01
Step    3 : Displace = [92m2.826e-05[0m/[92m3.283e-05[0m (rms/max) Trust = 2.000e-01 ([92m+[0m) Grad_T = [92m4.803e-07[0m/[92m7.572e-07[0m (rms/max) E (change) = -78.7930539759 ([92m-3.752e-09[0m) Quality = [0m0.991[0m
Hessian Eigenvalues: 2.30000e-02 5.00000e-02 5.00000e-02 ... 3.41504e-01 3.41561e-01 4.12773e-01
Converged! =D

    #==========================================================================#
    #| If this code has benefited your research, please support us by citing: |#
    #|                                                                        |#
    #| Wang, L.-P.; Song, C.C. (2016) "Geometry optimization made simple with |#
    #| translation and rotation coordinates", J. Chem, Phys. 144, 214108.     |#
    #| http://dx.doi.org/10.1063/1.4952956                                    |#
    #==========================================================================#
    Time elapsed since start of run_optimizer: 1.005 seconds
WARN: ECP not specified. The basis set CRENBL include an ECP. Recommended ECP: CRENBL.
/home/bhabani/Kishore/Tangelo_2.0_hardware/tangelo/problem_decomposition/dmet/dmet_problem_decomposition.py:168: RuntimeWarning: The mean field will be recomputed even if one has been provided by the user.
  warnings.warn("The mean field will be recomputed even if one has been provided by the user.", RuntimeWarning)
	[Optimizer] Evaluating mu=0.000000 with 1 hardware jobs...
 	Iteration =  1
 	Chemical Potential (mu) =      0.0000000000
 	----------------
 
	SCF Occupancy Eigenvalues for Fragment Number : # 0
	[9.79509719e-17 1.27790133e-17 4.19408050e-18 1.58724424e-17
 2.27225911e-16 7.01961053e-16 5.22803903e-06 1.68973454e-03
 9.50618111e-03 9.50619376e-03 1.00000000e+00 1.99049381e+00
 1.99049382e+00 1.99831027e+00 1.99999477e+00]

	SCF Occupancy Eigenvalues for Fragment Number : # 1
	[2.56383784e-17 1.78570840e-17 3.92349698e-18 3.33277583e-17
 1.55378680e-16 3.67068991e-16 5.22803903e-06 1.68973454e-03
 9.50618111e-03 9.50619376e-03 1.00000000e+00 1.99049381e+00
 1.99049382e+00 1.99831027e+00 1.99999477e+00]

		Fragment Number : #  1
		------------------------
		CCSD diag: n_active_mos=24, n_active_electrons=18, trace(onerdm)=18.0
		Fragment Energy = -60.87750136454835
		Number of Electrons in Fragment = 9.005933939845166
Fragment: n_homo=8, n_lumo=9, kept=[7, 8, 9, 10]
		Fragment Number : #  2
		------------------------
Unable to initialize backend 'tpu': INTERNAL: Failed to open libtpu.so: libtpu.so: cannot open shared object file: No such file or directoryAn NVIDIA GPU may be present on this machine, but a CUDA-enabled jaxlib is not installed. Falling back to cpu.LUCJ CCSD init diag: norb=4, n_reps=1, t1_shape=(2, 2), t2_shape=(2, 2, 2, 2), t1_norm=1.463121e-03, t2_norm=3.107773e-02
[AccountManager] SQD call 1: using account 1 (1/10)
Pass: Decompose - 1.14369 (ms)Pass: MergeOrbitalRotations - 0.45180 (ms)Pass: UnitarySynthesis - 0.00906 (ms)Pass: HighLevelSynthesis - 1.53446 (ms)Pass: BasisTranslator - 0.11635 (ms)Pass: ElidePermutations - 0.00620 (ms)Pass: RemoveDiagonalGatesBeforeMeasure - 0.00811 (ms)Pass: RemoveIdentityEquivalent - 0.01216 (ms)Pass: InverseCancellation - 0.01550 (ms)Pass: ContractIdleWiresInControlFlow - 0.00262 (ms)Pass: CommutativeCancellation - 0.05054 (ms)Pass: ConsolidateBlocks - 0.22435 (ms)Pass: Split2QUnitaries - 0.00334 (ms)Pass: SetLayout - 0.02694 (ms)Pass: FullAncillaAllocation - 0.22840 (ms)Pass: EnlargeWithAncilla - 0.13709 (ms)Pass: ApplyLayout - 0.45109 (ms)Pass: CheckMap - 0.12827 (ms)Pass: BarrierBeforeFinalMeasurements - 1.26719 (ms)Pass: SabreSwap - 2.77209 (ms)Pass: FilterOpNodes - 0.20218 (ms)Pass: UnitarySynthesis - 0.00930 (ms)Pass: HighLevelSynthesis - 0.02813 (ms)Pass: BasisTranslator - 2.26831 (ms)Pass: Depth - 0.09465 (ms)Pass: Size - 0.00429 (ms)Pass: MinimumPoint - 0.01311 (ms)Pass: ConsolidateBlocks - 0.63848 (ms)Pass: UnitarySynthesis - 1.83868 (ms)Pass: RemoveIdentityEquivalent - 0.02551 (ms)Pass: Optimize1qGatesDecomposition - 0.23365 (ms)Pass: CommutativeCancellation - 0.25082 (ms)Pass: ContractIdleWiresInControlFlow - 0.00238 (ms)Pass: GatesInBasis - 0.06247 (ms)Pass: Depth - 0.05603 (ms)Pass: Size - 0.00238 (ms)Pass: MinimumPoint - 0.11396 (ms)Pass: ConsolidateBlocks - 0.49996 (ms)Pass: UnitarySynthesis - 0.73934 (ms)Pass: RemoveIdentityEquivalent - 0.02217 (ms)Pass: Optimize1qGatesDecomposition - 0.18334 (ms)Pass: CommutativeCancellation - 0.22316 (ms)Pass: ContractIdleWiresInControlFlow - 0.00167 (ms)Pass: GatesInBasis - 0.06342 (ms)Pass: Depth - 0.06247 (ms)Pass: Size - 0.00215 (ms)Pass: MinimumPoint - 0.00572 (ms)Pass: ConsolidateBlocks - 0.39101 (ms)Pass: UnitarySynthesis - 0.57983 (ms)Pass: RemoveIdentityEquivalent - 0.03886 (ms)Pass: Optimize1qGatesDecomposition - 0.17858 (ms)Pass: CommutativeCancellation - 0.21625 (ms)Pass: ContractIdleWiresInControlFlow - 0.00215 (ms)Pass: GatesInBasis - 0.06104 (ms)Pass: Depth - 0.05674 (ms)Pass: Size - 0.00238 (ms)Pass: MinimumPoint - 0.00596 (ms)Pass: ConsolidateBlocks - 0.50855 (ms)Pass: UnitarySynthesis - 0.83351 (ms)Pass: RemoveIdentityEquivalent - 0.03862 (ms)Pass: Optimize1qGatesDecomposition - 0.21219 (ms)Pass: CommutativeCancellation - 0.26345 (ms)Pass: ContractIdleWiresInControlFlow - 0.00215 (ms)Pass: GatesInBasis - 0.07582 (ms)Pass: Depth - 0.07272 (ms)Pass: Size - 0.00310 (ms)Pass: MinimumPoint - 0.00501 (ms)Pass: ConsolidateBlocks - 0.50449 (ms)Pass: UnitarySynthesis - 0.67234 (ms)Pass: RemoveIdentityEquivalent - 0.02146 (ms)Pass: Optimize1qGatesDecomposition - 0.17428 (ms)Pass: CommutativeCancellation - 0.21100 (ms)Pass: ContractIdleWiresInControlFlow - 0.00191 (ms)Pass: GatesInBasis - 0.05770 (ms)Pass: Depth - 0.05484 (ms)Pass: Size - 0.00215 (ms)Pass: MinimumPoint - 0.00477 (ms)Pass: ContainsInstruction - 0.00715 (ms)Pass: InstructionDurationCheck - 0.00453 (ms)SQD counts diag: n_bits=8, first_bitstring=[0, 0, 1, 1, 0, 0, 1, 1], hamming_left=2, hamming_right=2
SQD postselect diag: total_samples=256, total_postselected=576, batch_sizes=[36, 36, 36, 36, 36, 36, 36, 36, 36, 36, 36, 36, 36, 36, 36, 36]
SQD batch diag: batch0_shape=(36, 8), first_bitstring=[0, 0, 1, 1, 0, 0, 1, 1], hamming_left=2, hamming_right=2
SQD sci diag: batch=0, norb=4, nelec=(2, 2), amp_norm=1.0, trace(rdm1)=3.9999999999999987
SQD sci diag: batch=1, norb=4, nelec=(2, 2), amp_norm=1.0, trace(rdm1)=3.9999999999999987
SQD sci diag: batch=2, norb=4, nelec=(2, 2), amp_norm=1.0, trace(rdm1)=3.9999999999999987
SQD sci diag: batch=3, norb=4, nelec=(2, 2), amp_norm=1.0, trace(rdm1)=3.9999999999999987
SQD sci diag: batch=4, norb=4, nelec=(2, 2), amp_norm=1.0, trace(rdm1)=3.9999999999999987
SQD sci diag: batch=5, norb=4, nelec=(2, 2), amp_norm=1.0, trace(rdm1)=3.9999999999999987
SQD sci diag: batch=6, norb=4, nelec=(2, 2), amp_norm=1.0, trace(rdm1)=3.9999999999999987
SQD sci diag: batch=7, norb=4, nelec=(2, 2), amp_norm=1.0, trace(rdm1)=3.9999999999999987
SQD sci diag: batch=8, norb=4, nelec=(2, 2), amp_norm=1.0, trace(rdm1)=3.9999999999999987
SQD sci diag: batch=9, norb=4, nelec=(2, 2), amp_norm=1.0, trace(rdm1)=3.9999999999999987
SQD sci diag: batch=10, norb=4, nelec=(2, 2), amp_norm=1.0, trace(rdm1)=3.9999999999999987
SQD sci diag: batch=11, norb=4, nelec=(2, 2), amp_norm=1.0, trace(rdm1)=3.9999999999999987
SQD sci diag: batch=12, norb=4, nelec=(2, 2), amp_norm=1.0, trace(rdm1)=3.9999999999999987
SQD sci diag: batch=13, norb=4, nelec=(2, 2), amp_norm=1.0, trace(rdm1)=3.9999999999999987
SQD sci diag: batch=14, norb=4, nelec=(2, 2), amp_norm=1.0, trace(rdm1)=3.9999999999999987
SQD sci diag: batch=15, norb=4, nelec=(2, 2), amp_norm=1.0, trace(rdm1)=3.9999999999999987
SQD postselect diag: total_samples=36, total_postselected=576, batch_sizes=[36, 36, 36, 36, 36, 36, 36, 36, 36, 36, 36, 36, 36, 36, 36, 36]
SQD batch diag: batch0_shape=(36, 8), first_bitstring=[0, 0, 1, 1, 0, 0, 1, 1], hamming_left=2, hamming_right=2
SQD sci diag: batch=0, norb=4, nelec=(2, 2), amp_norm=1.0, trace(rdm1)=3.9999999999999987
SQD sci diag: batch=1, norb=4, nelec=(2, 2), amp_norm=1.0, trace(rdm1)=3.9999999999999987
SQD sci diag: batch=2, norb=4, nelec=(2, 2), amp_norm=1.0, trace(rdm1)=3.9999999999999987
SQD sci diag: batch=3, norb=4, nelec=(2, 2), amp_norm=1.0, trace(rdm1)=3.9999999999999987
SQD sci diag: batch=4, norb=4, nelec=(2, 2), amp_norm=1.0, trace(rdm1)=3.9999999999999987
SQD sci diag: batch=5, norb=4, nelec=(2, 2), amp_norm=1.0, trace(rdm1)=3.9999999999999987
SQD sci diag: batch=6, norb=4, nelec=(2, 2), amp_norm=1.0, trace(rdm1)=3.9999999999999987
SQD sci diag: batch=7, norb=4, nelec=(2, 2), amp_norm=1.0, trace(rdm1)=3.9999999999999987
SQD sci diag: batch=8, norb=4, nelec=(2, 2), amp_norm=1.0, trace(rdm1)=3.9999999999999987
SQD sci diag: batch=9, norb=4, nelec=(2, 2), amp_norm=1.0, trace(rdm1)=3.9999999999999987
SQD sci diag: batch=10, norb=4, nelec=(2, 2), amp_norm=1.0, trace(rdm1)=3.9999999999999987
SQD sci diag: batch=11, norb=4, nelec=(2, 2), amp_norm=1.0, trace(rdm1)=3.9999999999999987
SQD sci diag: batch=12, norb=4, nelec=(2, 2), amp_norm=1.0, trace(rdm1)=3.9999999999999987
SQD sci diag: batch=13, norb=4, nelec=(2, 2), amp_norm=1.0, trace(rdm1)=3.9999999999999987
SQD sci diag: batch=14, norb=4, nelec=(2, 2), amp_norm=1.0, trace(rdm1)=3.9999999999999987
SQD sci diag: batch=15, norb=4, nelec=(2, 2), amp_norm=1.0, trace(rdm1)=3.9999999999999987
		SQD diag: n_active_mos=4, n_active_electrons=4, trace(onerdm)=3.9999999999999987
		Fragment Energy = -60.720165729010986
		Number of Electrons in Fragment = 9.033987922467306
	Electron Residual = 0.039921862312471745
	[Optimizer] Evaluating mu=-0.050000 with 1 hardware jobs...
 	Iteration =  2
 	Chemical Potential (mu) =     -0.0500000000
 	----------------
 
	SCF Occupancy Eigenvalues for Fragment Number : # 0
	[9.79509719e-17 1.27790133e-17 4.19408050e-18 1.58724424e-17
 2.27225911e-16 7.01961053e-16 5.22803903e-06 1.68973454e-03
 9.50618111e-03 9.50619376e-03 1.00000000e+00 1.99049381e+00
 1.99049382e+00 1.99831027e+00 1.99999477e+00]

	SCF Occupancy Eigenvalues for Fragment Number : # 1
	[2.56383784e-17 1.78570840e-17 3.92349698e-18 3.33277583e-17
 1.55378680e-16 3.67068991e-16 5.22803903e-06 1.68973454e-03
 9.50618111e-03 9.50619376e-03 1.00000000e+00 1.99049381e+00
 1.99049382e+00 1.99831027e+00 1.99999477e+00]

		Fragment Number : #  1
		------------------------
		CCSD diag: n_active_mos=24, n_active_electrons=18, trace(onerdm)=18.0
		Fragment Energy = -60.73809548112803
		Number of Electrons in Fragment = 8.956064287095284
Fragment: n_homo=8, n_lumo=9, kept=[7, 8, 9, 10]
		Fragment Number : #  2
		------------------------
LUCJ CCSD init diag: norb=4, n_reps=1, t1_shape=(2, 2), t2_shape=(2, 2, 2, 2), t1_norm=3.080209e-09, t2_norm=2.255324e-02
[AccountManager] SQD call 2: using account 1 (2/10)
Pass: Decompose - 0.67163 (ms)Pass: MergeOrbitalRotations - 0.44870 (ms)Pass: UnitarySynthesis - 0.00787 (ms)Pass: HighLevelSynthesis - 1.35183 (ms)Pass: BasisTranslator - 0.10443 (ms)Pass: ElidePermutations - 0.00596 (ms)Pass: RemoveDiagonalGatesBeforeMeasure - 0.00715 (ms)Pass: RemoveIdentityEquivalent - 0.01502 (ms)Pass: InverseCancellation - 0.01574 (ms)Pass: ContractIdleWiresInControlFlow - 0.00215 (ms)Pass: CommutativeCancellation - 0.04339 (ms)Pass: ConsolidateBlocks - 0.18120 (ms)Pass: Split2QUnitaries - 0.00381 (ms)Pass: SetLayout - 0.02027 (ms)Pass: FullAncillaAllocation - 0.22030 (ms)Pass: EnlargeWithAncilla - 0.08106 (ms)Pass: ApplyLayout - 0.43678 (ms)Pass: CheckMap - 0.10228 (ms)Pass: BarrierBeforeFinalMeasurements - 1.60742 (ms)Pass: SabreSwap - 2.89392 (ms)Pass: FilterOpNodes - 0.32926 (ms)Pass: UnitarySynthesis - 0.01717 (ms)Pass: HighLevelSynthesis - 0.03552 (ms)Pass: BasisTranslator - 4.08173 (ms)Pass: Depth - 0.25535 (ms)Pass: Size - 0.00834 (ms)Pass: MinimumPoint - 0.02789 (ms)Pass: ConsolidateBlocks - 1.63126 (ms)Pass: UnitarySynthesis - 2.00629 (ms)Pass: RemoveIdentityEquivalent - 0.02885 (ms)Pass: Optimize1qGatesDecomposition - 0.26107 (ms)Pass: CommutativeCancellation - 0.28038 (ms)Pass: ContractIdleWiresInControlFlow - 0.00262 (ms)Pass: GatesInBasis - 0.06747 (ms)Pass: Depth - 0.06533 (ms)Pass: Size - 0.00310 (ms)Pass: MinimumPoint - 0.07963 (ms)Pass: ConsolidateBlocks - 0.55718 (ms)Pass: UnitarySynthesis - 0.64206 (ms)Pass: RemoveIdentityEquivalent - 0.02575 (ms)Pass: Optimize1qGatesDecomposition - 0.18930 (ms)Pass: CommutativeCancellation - 0.24986 (ms)Pass: ContractIdleWiresInControlFlow - 0.00238 (ms)Pass: GatesInBasis - 0.06199 (ms)Pass: Depth - 0.05841 (ms)Pass: Size - 0.00286 (ms)Pass: MinimumPoint - 0.09489 (ms)Pass: ConsolidateBlocks - 0.41437 (ms)Pass: UnitarySynthesis - 0.53859 (ms)Pass: RemoveIdentityEquivalent - 0.02170 (ms)Pass: Optimize1qGatesDecomposition - 0.18620 (ms)Pass: CommutativeCancellation - 0.23031 (ms)Pass: ContractIdleWiresInControlFlow - 0.00238 (ms)Pass: GatesInBasis - 0.06270 (ms)Pass: Depth - 0.05794 (ms)Pass: Size - 0.00262 (ms)Pass: MinimumPoint - 0.00620 (ms)Pass: ContainsInstruction - 0.00906 (ms)Pass: InstructionDurationCheck - 0.00477 (ms)SQD counts diag: n_bits=8, first_bitstring=[0, 0, 1, 0, 0, 0, 1, 1], hamming_left=1, hamming_right=2
SQD postselect diag: total_samples=256, total_postselected=576, batch_sizes=[36, 36, 36, 36, 36, 36, 36, 36, 36, 36, 36, 36, 36, 36, 36, 36]
SQD batch diag: batch0_shape=(36, 8), first_bitstring=[0, 0, 1, 1, 0, 0, 1, 1], hamming_left=2, hamming_right=2
SQD sci diag: batch=0, norb=4, nelec=(2, 2), amp_norm=1.0, trace(rdm1)=3.9999999999999987
SQD sci diag: batch=1, norb=4, nelec=(2, 2), amp_norm=1.0, trace(rdm1)=3.9999999999999987
SQD sci diag: batch=2, norb=4, nelec=(2, 2), amp_norm=1.0, trace(rdm1)=3.9999999999999987
SQD sci diag: batch=3, norb=4, nelec=(2, 2), amp_norm=1.0, trace(rdm1)=3.9999999999999987
SQD sci diag: batch=4, norb=4, nelec=(2, 2), amp_norm=1.0, trace(rdm1)=3.9999999999999987
SQD sci diag: batch=5, norb=4, nelec=(2, 2), amp_norm=1.0, trace(rdm1)=3.9999999999999987
SQD sci diag: batch=6, norb=4, nelec=(2, 2), amp_norm=1.0, trace(rdm1)=3.9999999999999987
SQD sci diag: batch=7, norb=4, nelec=(2, 2), amp_norm=1.0, trace(rdm1)=3.9999999999999987
SQD sci diag: batch=8, norb=4, nelec=(2, 2), amp_norm=1.0, trace(rdm1)=3.9999999999999987
SQD sci diag: batch=9, norb=4, nelec=(2, 2), amp_norm=1.0, trace(rdm1)=3.9999999999999987
SQD sci diag: batch=10, norb=4, nelec=(2, 2), amp_norm=1.0, trace(rdm1)=3.9999999999999987
SQD sci diag: batch=11, norb=4, nelec=(2, 2), amp_norm=1.0, trace(rdm1)=3.9999999999999987
SQD sci diag: batch=12, norb=4, nelec=(2, 2), amp_norm=1.0, trace(rdm1)=3.9999999999999987
SQD sci diag: batch=13, norb=4, nelec=(2, 2), amp_norm=1.0, trace(rdm1)=3.9999999999999987
SQD sci diag: batch=14, norb=4, nelec=(2, 2), amp_norm=1.0, trace(rdm1)=3.9999999999999987
SQD sci diag: batch=15, norb=4, nelec=(2, 2), amp_norm=1.0, trace(rdm1)=3.9999999999999987
SQD postselect diag: total_samples=36, total_postselected=576, batch_sizes=[36, 36, 36, 36, 36, 36, 36, 36, 36, 36, 36, 36, 36, 36, 36, 36]
SQD batch diag: batch0_shape=(36, 8), first_bitstring=[0, 0, 1, 1, 0, 0, 1, 1], hamming_left=2, hamming_right=2
SQD sci diag: batch=0, norb=4, nelec=(2, 2), amp_norm=1.0, trace(rdm1)=3.9999999999999987
SQD sci diag: batch=1, norb=4, nelec=(2, 2), amp_norm=1.0, trace(rdm1)=3.9999999999999987
SQD sci diag: batch=2, norb=4, nelec=(2, 2), amp_norm=1.0, trace(rdm1)=3.9999999999999987
SQD sci diag: batch=3, norb=4, nelec=(2, 2), amp_norm=1.0, trace(rdm1)=3.9999999999999987
SQD sci diag: batch=4, norb=4, nelec=(2, 2), amp_norm=1.0, trace(rdm1)=3.9999999999999987
SQD sci diag: batch=5, norb=4, nelec=(2, 2), amp_norm=1.0, trace(rdm1)=3.9999999999999987
SQD sci diag: batch=6, norb=4, nelec=(2, 2), amp_norm=1.0, trace(rdm1)=3.9999999999999987
SQD sci diag: batch=7, norb=4, nelec=(2, 2), amp_norm=1.0, trace(rdm1)=3.9999999999999987
SQD sci diag: batch=8, norb=4, nelec=(2, 2), amp_norm=1.0, trace(rdm1)=3.9999999999999987
SQD sci diag: batch=9, norb=4, nelec=(2, 2), amp_norm=1.0, trace(rdm1)=3.9999999999999987
SQD sci diag: batch=10, norb=4, nelec=(2, 2), amp_norm=1.0, trace(rdm1)=3.9999999999999987
SQD sci diag: batch=11, norb=4, nelec=(2, 2), amp_norm=1.0, trace(rdm1)=3.9999999999999987
SQD sci diag: batch=12, norb=4, nelec=(2, 2), amp_norm=1.0, trace(rdm1)=3.9999999999999987
SQD sci diag: batch=13, norb=4, nelec=(2, 2), amp_norm=1.0, trace(rdm1)=3.9999999999999987
SQD sci diag: batch=14, norb=4, nelec=(2, 2), amp_norm=1.0, trace(rdm1)=3.9999999999999987
SQD sci diag: batch=15, norb=4, nelec=(2, 2), amp_norm=1.0, trace(rdm1)=3.9999999999999987
		SQD diag: n_active_mos=4, n_active_electrons=4, trace(onerdm)=3.9999999999999987
		Fragment Energy = -59.91045081139744
		Number of Electrons in Fragment = 8.67585801488081
	Electron Residual = -0.36807769802390666
	[Optimizer] Evaluating mu=0.050000 with 1 hardware jobs...
 	Iteration =  3
 	Chemical Potential (mu) =      0.0500000000
 	----------------
 
	SCF Occupancy Eigenvalues for Fragment Number : # 0
	[9.79509719e-17 1.27790133e-17 4.19408050e-18 1.58724424e-17
 2.27225911e-16 7.01961053e-16 5.22803903e-06 1.68973454e-03
 9.50618111e-03 9.50619376e-03 1.00000000e+00 1.99049381e+00
 1.99049382e+00 1.99831027e+00 1.99999477e+00]

	SCF Occupancy Eigenvalues for Fragment Number : # 1
	[2.56383784e-17 1.78570840e-17 3.92349698e-18 3.33277583e-17
 1.55378680e-16 3.67068991e-16 5.22803903e-06 1.68973454e-03
 9.50618111e-03 9.50619376e-03 1.00000000e+00 1.99049381e+00
 1.99049382e+00 1.99831027e+00 1.99999477e+00]

		Fragment Number : #  1
		------------------------
		CCSD diag: n_active_mos=24, n_active_electrons=18, trace(onerdm)=18.0
		Fragment Energy = -61.015860032381354
		Number of Electrons in Fragment = 9.055922535687877
Fragment: n_homo=8, n_lumo=9, kept=[7, 8, 9, 10]
		Fragment Number : #  2
		------------------------
LUCJ CCSD init diag: norb=4, n_reps=1, t1_shape=(2, 2), t2_shape=(2, 2, 2, 2), t1_norm=1.282684e-03, t2_norm=2.367616e-02
[AccountManager] SQD call 3: using account 1 (3/10)
Pass: Decompose - 0.70882 (ms)Pass: MergeOrbitalRotations - 0.41223 (ms)Pass: UnitarySynthesis - 0.02265 (ms)Pass: HighLevelSynthesis - 1.40142 (ms)Pass: BasisTranslator - 0.10371 (ms)Pass: ElidePermutations - 0.00548 (ms)Pass: RemoveDiagonalGatesBeforeMeasure - 0.00668 (ms)Pass: RemoveIdentityEquivalent - 0.01168 (ms)Pass: InverseCancellation - 0.01407 (ms)Pass: ContractIdleWiresInControlFlow - 0.00215 (ms)Pass: CommutativeCancellation - 0.04864 (ms)Pass: ConsolidateBlocks - 0.22936 (ms)Pass: Split2QUnitaries - 0.00286 (ms)Pass: SetLayout - 0.02241 (ms)Pass: FullAncillaAllocation - 0.28038 (ms)Pass: EnlargeWithAncilla - 0.09990 (ms)Pass: ApplyLayout - 0.56791 (ms)Pass: CheckMap - 0.12946 (ms)Pass: BarrierBeforeFinalMeasurements - 2.29979 (ms)Pass: SabreSwap - 2.70462 (ms)Pass: FilterOpNodes - 0.42248 (ms)Pass: UnitarySynthesis - 0.02384 (ms)Pass: HighLevelSynthesis - 0.07463 (ms)Pass: BasisTranslator - 3.66688 (ms)Pass: Depth - 0.17333 (ms)Pass: Size - 0.00596 (ms)Pass: MinimumPoint - 0.01621 (ms)Pass: ConsolidateBlocks - 1.10102 (ms)Pass: UnitarySynthesis - 2.85196 (ms)Pass: RemoveIdentityEquivalent - 0.04745 (ms)Pass: Optimize1qGatesDecomposition - 0.42605 (ms)Pass: CommutativeCancellation - 0.46229 (ms)Pass: ContractIdleWiresInControlFlow - 0.00405 (ms)Pass: GatesInBasis - 0.14162 (ms)Pass: Depth - 0.15616 (ms)Pass: Size - 0.00572 (ms)Pass: MinimumPoint - 0.15020 (ms)Pass: ConsolidateBlocks - 0.75102 (ms)Pass: UnitarySynthesis - 0.86236 (ms)Pass: RemoveIdentityEquivalent - 0.03743 (ms)Pass: Optimize1qGatesDecomposition - 0.32687 (ms)Pass: CommutativeCancellation - 0.38290 (ms)Pass: ContractIdleWiresInControlFlow - 0.00215 (ms)Pass: GatesInBasis - 0.07653 (ms)Pass: Depth - 0.07319 (ms)Pass: Size - 0.00238 (ms)Pass: MinimumPoint - 0.10848 (ms)Pass: ConsolidateBlocks - 0.40603 (ms)Pass: UnitarySynthesis - 0.47493 (ms)Pass: RemoveIdentityEquivalent - 0.03839 (ms)Pass: Optimize1qGatesDecomposition - 0.18620 (ms)Pass: CommutativeCancellation - 0.24033 (ms)Pass: ContractIdleWiresInControlFlow - 0.00238 (ms)Pass: GatesInBasis - 0.07606 (ms)Pass: Depth - 0.06890 (ms)Pass: Size - 0.00238 (ms)Pass: MinimumPoint - 0.00715 (ms)Pass: ContainsInstruction - 0.00906 (ms)Pass: InstructionDurationCheck - 0.00381 (ms)SQD counts diag: n_bits=8, first_bitstring=[0, 0, 1, 1, 0, 0, 1, 1], hamming_left=2, hamming_right=2
SQD postselect diag: total_samples=256, total_postselected=576, batch_sizes=[36, 36, 36, 36, 36, 36, 36, 36, 36, 36, 36, 36, 36, 36, 36, 36]
SQD batch diag: batch0_shape=(36, 8), first_bitstring=[0, 0, 1, 1, 0, 0, 1, 1], hamming_left=2, hamming_right=2
SQD sci diag: batch=0, norb=4, nelec=(2, 2), amp_norm=1.0, trace(rdm1)=3.9999999999999987
SQD sci diag: batch=1, norb=4, nelec=(2, 2), amp_norm=1.0, trace(rdm1)=3.9999999999999987
SQD sci diag: batch=2, norb=4, nelec=(2, 2), amp_norm=1.0, trace(rdm1)=3.9999999999999987
SQD sci diag: batch=3, norb=4, nelec=(2, 2), amp_norm=1.0, trace(rdm1)=3.9999999999999987
SQD sci diag: batch=4, norb=4, nelec=(2, 2), amp_norm=1.0, trace(rdm1)=3.9999999999999987
SQD sci diag: batch=5, norb=4, nelec=(2, 2), amp_norm=1.0, trace(rdm1)=3.9999999999999987
SQD sci diag: batch=6, norb=4, nelec=(2, 2), amp_norm=1.0, trace(rdm1)=3.9999999999999987
SQD sci diag: batch=7, norb=4, nelec=(2, 2), amp_norm=1.0, trace(rdm1)=3.9999999999999987
SQD sci diag: batch=8, norb=4, nelec=(2, 2), amp_norm=1.0, trace(rdm1)=3.9999999999999987
SQD sci diag: batch=9, norb=4, nelec=(2, 2), amp_norm=1.0, trace(rdm1)=3.9999999999999987
SQD sci diag: batch=10, norb=4, nelec=(2, 2), amp_norm=1.0, trace(rdm1)=3.9999999999999987
SQD sci diag: batch=11, norb=4, nelec=(2, 2), amp_norm=1.0, trace(rdm1)=3.9999999999999987
SQD sci diag: batch=12, norb=4, nelec=(2, 2), amp_norm=1.0, trace(rdm1)=3.9999999999999987
SQD sci diag: batch=13, norb=4, nelec=(2, 2), amp_norm=1.0, trace(rdm1)=3.9999999999999987
SQD sci diag: batch=14, norb=4, nelec=(2, 2), amp_norm=1.0, trace(rdm1)=3.9999999999999987
SQD sci diag: batch=15, norb=4, nelec=(2, 2), amp_norm=1.0, trace(rdm1)=3.9999999999999987
SQD postselect diag: total_samples=36, total_postselected=576, batch_sizes=[36, 36, 36, 36, 36, 36, 36, 36, 36, 36, 36, 36, 36, 36, 36, 36]
SQD batch diag: batch0_shape=(36, 8), first_bitstring=[0, 0, 1, 1, 0, 0, 1, 1], hamming_left=2, hamming_right=2
SQD sci diag: batch=0, norb=4, nelec=(2, 2), amp_norm=1.0, trace(rdm1)=3.9999999999999987
SQD sci diag: batch=1, norb=4, nelec=(2, 2), amp_norm=1.0, trace(rdm1)=3.9999999999999987
SQD sci diag: batch=2, norb=4, nelec=(2, 2), amp_norm=1.0, trace(rdm1)=3.9999999999999987
SQD sci diag: batch=3, norb=4, nelec=(2, 2), amp_norm=1.0, trace(rdm1)=3.9999999999999987
SQD sci diag: batch=4, norb=4, nelec=(2, 2), amp_norm=1.0, trace(rdm1)=3.9999999999999987
SQD sci diag: batch=5, norb=4, nelec=(2, 2), amp_norm=1.0, trace(rdm1)=3.9999999999999987
SQD sci diag: batch=6, norb=4, nelec=(2, 2), amp_norm=1.0, trace(rdm1)=3.9999999999999987
SQD sci diag: batch=7, norb=4, nelec=(2, 2), amp_norm=1.0, trace(rdm1)=3.9999999999999987
SQD sci diag: batch=8, norb=4, nelec=(2, 2), amp_norm=1.0, trace(rdm1)=3.9999999999999987
SQD sci diag: batch=9, norb=4, nelec=(2, 2), amp_norm=1.0, trace(rdm1)=3.9999999999999987
SQD sci diag: batch=10, norb=4, nelec=(2, 2), amp_norm=1.0, trace(rdm1)=3.9999999999999987
SQD sci diag: batch=11, norb=4, nelec=(2, 2), amp_norm=1.0, trace(rdm1)=3.9999999999999987
SQD sci diag: batch=12, norb=4, nelec=(2, 2), amp_norm=1.0, trace(rdm1)=3.9999999999999987
SQD sci diag: batch=13, norb=4, nelec=(2, 2), amp_norm=1.0, trace(rdm1)=3.9999999999999987
SQD sci diag: batch=14, norb=4, nelec=(2, 2), amp_norm=1.0, trace(rdm1)=3.9999999999999987
SQD sci diag: batch=15, norb=4, nelec=(2, 2), amp_norm=1.0, trace(rdm1)=3.9999999999999987
		SQD diag: n_active_mos=4, n_active_electrons=4, trace(onerdm)=3.9999999999999987
		Fragment Energy = -61.270980866525775
		Number of Electrons in Fragment = 9.286329263604076
	Electron Residual = 0.34225179929195093
[Optimizer] Bracket found: (-0.05, 0.0). Starting Brent search...
	[OptimizerCache] Found mu=-0.050000 in cache. Skipping hardware calls.
	[OptimizerCache] Found mu=0.000000 in cache. Skipping hardware calls.
	[Optimizer] Evaluating mu=-0.004892 with 1 hardware jobs...
 	Iteration =  4
 	Chemical Potential (mu) =     -0.0048923904
 	----------------
 
	SCF Occupancy Eigenvalues for Fragment Number : # 0
	[9.79509719e-17 1.27790133e-17 4.19408050e-18 1.58724424e-17
 2.27225911e-16 7.01961053e-16 5.22803903e-06 1.68973454e-03
 9.50618111e-03 9.50619376e-03 1.00000000e+00 1.99049381e+00
 1.99049382e+00 1.99831027e+00 1.99999477e+00]

	SCF Occupancy Eigenvalues for Fragment Number : # 1
	[2.56383784e-17 1.78570840e-17 3.92349698e-18 3.33277583e-17
 1.55378680e-16 3.67068991e-16 5.22803903e-06 1.68973454e-03
 9.50618111e-03 9.50619376e-03 1.00000000e+00 1.99049381e+00
 1.99049382e+00 1.99831027e+00 1.99999477e+00]

		Fragment Number : #  1
		------------------------
		CCSD diag: n_active_mos=24, n_active_electrons=18, trace(onerdm)=18.000000000000004
		Fragment Energy = -60.86390370834013
		Number of Electrons in Fragment = 9.001048332390113
Fragment: n_homo=8, n_lumo=9, kept=[7, 8, 9, 10]
		Fragment Number : #  2
		------------------------
LUCJ CCSD init diag: norb=4, n_reps=1, t1_shape=(2, 2), t2_shape=(2, 2, 2, 2), t1_norm=2.919933e-08, t2_norm=2.224524e-02
[AccountManager] SQD call 4: using account 1 (4/10)
Pass: Decompose - 0.87667 (ms)Pass: MergeOrbitalRotations - 0.44322 (ms)Pass: UnitarySynthesis - 0.00954 (ms)Pass: HighLevelSynthesis - 1.45459 (ms)Pass: BasisTranslator - 0.12732 (ms)Pass: ElidePermutations - 0.01025 (ms)Pass: RemoveDiagonalGatesBeforeMeasure - 0.01192 (ms)Pass: RemoveIdentityEquivalent - 0.01502 (ms)Pass: InverseCancellation - 0.01955 (ms)Pass: ContractIdleWiresInControlFlow - 0.00191 (ms)Pass: CommutativeCancellation - 0.04721 (ms)Pass: ConsolidateBlocks - 0.20480 (ms)Pass: Split2QUnitaries - 0.00477 (ms)Pass: SetLayout - 0.02623 (ms)Pass: FullAncillaAllocation - 0.21911 (ms)Pass: EnlargeWithAncilla - 0.08273 (ms)Pass: ApplyLayout - 0.43893 (ms)Pass: CheckMap - 0.10300 (ms)Pass: BarrierBeforeFinalMeasurements - 2.28667 (ms)Pass: SabreSwap - 4.42672 (ms)Pass: FilterOpNodes - 0.33212 (ms)Pass: UnitarySynthesis - 0.01693 (ms)Pass: HighLevelSynthesis - 0.04554 (ms)Pass: BasisTranslator - 4.05359 (ms)Pass: Depth - 0.13661 (ms)Pass: Size - 0.00453 (ms)Pass: MinimumPoint - 0.03314 (ms)Pass: ConsolidateBlocks - 0.83685 (ms)Pass: UnitarySynthesis - 2.11310 (ms)Pass: RemoveIdentityEquivalent - 0.03409 (ms)Pass: Optimize1qGatesDecomposition - 0.30398 (ms)Pass: CommutativeCancellation - 0.34571 (ms)Pass: ContractIdleWiresInControlFlow - 0.00310 (ms)Pass: GatesInBasis - 0.09108 (ms)Pass: Depth - 0.07844 (ms)Pass: Size - 0.00358 (ms)Pass: MinimumPoint - 0.09513 (ms)Pass: ConsolidateBlocks - 0.68521 (ms)Pass: UnitarySynthesis - 0.80037 (ms)Pass: RemoveIdentityEquivalent - 0.03147 (ms)Pass: Optimize1qGatesDecomposition - 0.23293 (ms)Pass: CommutativeCancellation - 0.32520 (ms)Pass: ContractIdleWiresInControlFlow - 0.00310 (ms)Pass: GatesInBasis - 0.07463 (ms)Pass: Depth - 0.07796 (ms)Pass: Size - 0.00358 (ms)Pass: MinimumPoint - 0.11015 (ms)Pass: ConsolidateBlocks - 0.50640 (ms)Pass: UnitarySynthesis - 0.69308 (ms)Pass: RemoveIdentityEquivalent - 0.02646 (ms)Pass: Optimize1qGatesDecomposition - 0.17214 (ms)Pass: CommutativeCancellation - 0.17428 (ms)Pass: ContractIdleWiresInControlFlow - 0.00167 (ms)Pass: GatesInBasis - 0.04411 (ms)Pass: Depth - 0.04482 (ms)Pass: Size - 0.00191 (ms)Pass: MinimumPoint - 0.00405 (ms)Pass: ContainsInstruction - 0.00620 (ms)Pass: InstructionDurationCheck - 0.00310 (ms)SQD counts diag: n_bits=8, first_bitstring=[0, 0, 1, 1, 0, 0, 1, 1], hamming_left=2, hamming_right=2
SQD postselect diag: total_samples=256, total_postselected=576, batch_sizes=[36, 36, 36, 36, 36, 36, 36, 36, 36, 36, 36, 36, 36, 36, 36, 36]
SQD batch diag: batch0_shape=(36, 8), first_bitstring=[0, 0, 1, 1, 0, 0, 1, 1], hamming_left=2, hamming_right=2
SQD sci diag: batch=0, norb=4, nelec=(2, 2), amp_norm=1.0, trace(rdm1)=3.9999999999999987
SQD sci diag: batch=1, norb=4, nelec=(2, 2), amp_norm=1.0, trace(rdm1)=3.9999999999999987
SQD sci diag: batch=2, norb=4, nelec=(2, 2), amp_norm=1.0, trace(rdm1)=3.9999999999999987
SQD sci diag: batch=3, norb=4, nelec=(2, 2), amp_norm=1.0, trace(rdm1)=3.9999999999999987
SQD sci diag: batch=4, norb=4, nelec=(2, 2), amp_norm=1.0, trace(rdm1)=3.9999999999999987
SQD sci diag: batch=5, norb=4, nelec=(2, 2), amp_norm=1.0, trace(rdm1)=3.9999999999999987
SQD sci diag: batch=6, norb=4, nelec=(2, 2), amp_norm=1.0, trace(rdm1)=3.9999999999999987
SQD sci diag: batch=7, norb=4, nelec=(2, 2), amp_norm=1.0, trace(rdm1)=3.9999999999999987
SQD sci diag: batch=8, norb=4, nelec=(2, 2), amp_norm=1.0, trace(rdm1)=3.9999999999999987
SQD sci diag: batch=9, norb=4, nelec=(2, 2), amp_norm=1.0, trace(rdm1)=3.9999999999999987
SQD sci diag: batch=10, norb=4, nelec=(2, 2), amp_norm=1.0, trace(rdm1)=3.9999999999999987
SQD sci diag: batch=11, norb=4, nelec=(2, 2), amp_norm=1.0, trace(rdm1)=3.9999999999999987
SQD sci diag: batch=12, norb=4, nelec=(2, 2), amp_norm=1.0, trace(rdm1)=3.9999999999999987
SQD sci diag: batch=13, norb=4, nelec=(2, 2), amp_norm=1.0, trace(rdm1)=3.9999999999999987
SQD sci diag: batch=14, norb=4, nelec=(2, 2), amp_norm=1.0, trace(rdm1)=3.9999999999999987
SQD sci diag: batch=15, norb=4, nelec=(2, 2), amp_norm=1.0, trace(rdm1)=3.9999999999999987
SQD postselect diag: total_samples=36, total_postselected=576, batch_sizes=[36, 36, 36, 36, 36, 36, 36, 36, 36, 36, 36, 36, 36, 36, 36, 36]
SQD batch diag: batch0_shape=(36, 8), first_bitstring=[0, 0, 1, 1, 0, 0, 1, 1], hamming_left=2, hamming_right=2
SQD sci diag: batch=0, norb=4, nelec=(2, 2), amp_norm=1.0, trace(rdm1)=3.9999999999999987
SQD sci diag: batch=1, norb=4, nelec=(2, 2), amp_norm=1.0, trace(rdm1)=3.9999999999999987
SQD sci diag: batch=2, norb=4, nelec=(2, 2), amp_norm=1.0, trace(rdm1)=3.9999999999999987
SQD sci diag: batch=3, norb=4, nelec=(2, 2), amp_norm=1.0, trace(rdm1)=3.9999999999999987
SQD sci diag: batch=4, norb=4, nelec=(2, 2), amp_norm=1.0, trace(rdm1)=3.9999999999999987
SQD sci diag: batch=5, norb=4, nelec=(2, 2), amp_norm=1.0, trace(rdm1)=3.9999999999999987
SQD sci diag: batch=6, norb=4, nelec=(2, 2), amp_norm=1.0, trace(rdm1)=3.9999999999999987
SQD sci diag: batch=7, norb=4, nelec=(2, 2), amp_norm=1.0, trace(rdm1)=3.9999999999999987
SQD sci diag: batch=8, norb=4, nelec=(2, 2), amp_norm=1.0, trace(rdm1)=3.9999999999999987
SQD sci diag: batch=9, norb=4, nelec=(2, 2), amp_norm=1.0, trace(rdm1)=3.9999999999999987
SQD sci diag: batch=10, norb=4, nelec=(2, 2), amp_norm=1.0, trace(rdm1)=3.9999999999999987
SQD sci diag: batch=11, norb=4, nelec=(2, 2), amp_norm=1.0, trace(rdm1)=3.9999999999999987
SQD sci diag: batch=12, norb=4, nelec=(2, 2), amp_norm=1.0, trace(rdm1)=3.9999999999999987
SQD sci diag: batch=13, norb=4, nelec=(2, 2), amp_norm=1.0, trace(rdm1)=3.9999999999999987
SQD sci diag: batch=14, norb=4, nelec=(2, 2), amp_norm=1.0, trace(rdm1)=3.9999999999999987
SQD sci diag: batch=15, norb=4, nelec=(2, 2), amp_norm=1.0, trace(rdm1)=3.9999999999999987
		SQD diag: n_active_mos=4, n_active_electrons=4, trace(onerdm)=3.9999999999999987
		Fragment Energy = -60.77540648073308
		Number of Electrons in Fragment = 9.10832198772584
	Electron Residual = 0.10937032011595349
	[Optimizer] Evaluating mu=-0.027446 with 1 hardware jobs...
 	Iteration =  5
 	Chemical Potential (mu) =     -0.0274461952
 	----------------
 
	SCF Occupancy Eigenvalues for Fragment Number : # 0
	[9.79509719e-17 1.27790133e-17 4.19408050e-18 1.58724424e-17
 2.27225911e-16 7.01961053e-16 5.22803903e-06 1.68973454e-03
 9.50618111e-03 9.50619376e-03 1.00000000e+00 1.99049381e+00
 1.99049382e+00 1.99831027e+00 1.99999477e+00]

	SCF Occupancy Eigenvalues for Fragment Number : # 1
	[2.56383784e-17 1.78570840e-17 3.92349698e-18 3.33277583e-17
 1.55378680e-16 3.67068991e-16 5.22803903e-06 1.68973454e-03
 9.50618111e-03 9.50619376e-03 1.00000000e+00 1.99049381e+00
 1.99049382e+00 1.99831027e+00 1.99999477e+00]

		Fragment Number : #  1
		------------------------
		CCSD diag: n_active_mos=24, n_active_electrons=18, trace(onerdm)=18.0
		Fragment Energy = -60.801094584443064
		Number of Electrons in Fragment = 8.978541672890518
Fragment: n_homo=8, n_lumo=9, kept=[7, 8, 9, 10]
		Fragment Number : #  2
		------------------------
LUCJ CCSD init diag: norb=4, n_reps=1, t1_shape=(2, 2), t2_shape=(2, 2, 2, 2), t1_norm=4.827974e-09, t2_norm=2.225688e-02
[AccountManager] SQD call 5: using account 1 (5/10)
Pass: Decompose - 0.78106 (ms)Pass: MergeOrbitalRotations - 0.41962 (ms)Pass: UnitarySynthesis - 0.03242 (ms)Pass: HighLevelSynthesis - 1.52731 (ms)Pass: BasisTranslator - 0.12851 (ms)Pass: ElidePermutations - 0.01073 (ms)Pass: RemoveDiagonalGatesBeforeMeasure - 0.01216 (ms)Pass: RemoveIdentityEquivalent - 0.01478 (ms)Pass: InverseCancellation - 0.01836 (ms)Pass: ContractIdleWiresInControlFlow - 0.00238 (ms)Pass: CommutativeCancellation - 0.05293 (ms)Pass: ConsolidateBlocks - 0.23842 (ms)Pass: Split2QUnitaries - 0.00477 (ms)Pass: SetLayout - 0.03028 (ms)Pass: FullAncillaAllocation - 0.24509 (ms)Pass: EnlargeWithAncilla - 0.09441 (ms)Pass: ApplyLayout - 0.49758 (ms)Pass: CheckMap - 0.11659 (ms)Pass: BarrierBeforeFinalMeasurements - 1.99199 (ms)Pass: SabreSwap - 2.77758 (ms)Pass: FilterOpNodes - 0.33355 (ms)Pass: UnitarySynthesis - 0.01693 (ms)Pass: HighLevelSynthesis - 0.04697 (ms)Pass: BasisTranslator - 4.08483 (ms)Pass: Depth - 0.13685 (ms)Pass: Size - 0.00477 (ms)Pass: MinimumPoint - 0.02456 (ms)Pass: ConsolidateBlocks - 0.89025 (ms)Pass: UnitarySynthesis - 2.37179 (ms)Pass: RemoveIdentityEquivalent - 0.03791 (ms)Pass: Optimize1qGatesDecomposition - 0.32663 (ms)Pass: CommutativeCancellation - 0.37217 (ms)Pass: ContractIdleWiresInControlFlow - 0.00310 (ms)Pass: GatesInBasis - 0.09656 (ms)Pass: Depth - 0.08106 (ms)Pass: Size - 0.00381 (ms)Pass: MinimumPoint - 0.10109 (ms)Pass: ConsolidateBlocks - 0.54932 (ms)Pass: UnitarySynthesis - 1.00160 (ms)Pass: RemoveIdentityEquivalent - 0.03314 (ms)Pass: Optimize1qGatesDecomposition - 0.25249 (ms)Pass: CommutativeCancellation - 0.32783 (ms)Pass: ContractIdleWiresInControlFlow - 0.01907 (ms)Pass: GatesInBasis - 0.07725 (ms)Pass: Depth - 0.08512 (ms)Pass: Size - 0.00358 (ms)Pass: MinimumPoint - 0.12088 (ms)Pass: ConsolidateBlocks - 0.44417 (ms)Pass: UnitarySynthesis - 0.49019 (ms)Pass: RemoveIdentityEquivalent - 0.01717 (ms)Pass: Optimize1qGatesDecomposition - 0.14663 (ms)Pass: CommutativeCancellation - 0.18311 (ms)Pass: ContractIdleWiresInControlFlow - 0.00191 (ms)Pass: GatesInBasis - 0.04697 (ms)Pass: Depth - 0.04315 (ms)Pass: Size - 0.00191 (ms)Pass: MinimumPoint - 0.00429 (ms)Pass: ContainsInstruction - 0.00620 (ms)Pass: InstructionDurationCheck - 0.00334 (ms)SQD counts diag: n_bits=8, first_bitstring=[0, 0, 1, 1, 0, 0, 1, 1], hamming_left=2, hamming_right=2
SQD postselect diag: total_samples=256, total_postselected=576, batch_sizes=[36, 36, 36, 36, 36, 36, 36, 36, 36, 36, 36, 36, 36, 36, 36, 36]
SQD batch diag: batch0_shape=(36, 8), first_bitstring=[0, 0, 1, 1, 0, 0, 1, 1], hamming_left=2, hamming_right=2
SQD sci diag: batch=0, norb=4, nelec=(2, 2), amp_norm=1.0, trace(rdm1)=3.9999999999999987
SQD sci diag: batch=1, norb=4, nelec=(2, 2), amp_norm=1.0, trace(rdm1)=3.9999999999999987
SQD sci diag: batch=2, norb=4, nelec=(2, 2), amp_norm=1.0, trace(rdm1)=3.9999999999999987
SQD sci diag: batch=3, norb=4, nelec=(2, 2), amp_norm=1.0, trace(rdm1)=3.9999999999999987
SQD sci diag: batch=4, norb=4, nelec=(2, 2), amp_norm=1.0, trace(rdm1)=3.9999999999999987
SQD sci diag: batch=5, norb=4, nelec=(2, 2), amp_norm=1.0, trace(rdm1)=3.9999999999999987
SQD sci diag: batch=6, norb=4, nelec=(2, 2), amp_norm=1.0, trace(rdm1)=3.9999999999999987
SQD sci diag: batch=7, norb=4, nelec=(2, 2), amp_norm=1.0, trace(rdm1)=3.9999999999999987
SQD sci diag: batch=8, norb=4, nelec=(2, 2), amp_norm=1.0, trace(rdm1)=3.9999999999999987
SQD sci diag: batch=9, norb=4, nelec=(2, 2), amp_norm=1.0, trace(rdm1)=3.9999999999999987
SQD sci diag: batch=10, norb=4, nelec=(2, 2), amp_norm=1.0, trace(rdm1)=3.9999999999999987
SQD sci diag: batch=11, norb=4, nelec=(2, 2), amp_norm=1.0, trace(rdm1)=3.9999999999999987
SQD sci diag: batch=12, norb=4, nelec=(2, 2), amp_norm=1.0, trace(rdm1)=3.9999999999999987
SQD sci diag: batch=13, norb=4, nelec=(2, 2), amp_norm=1.0, trace(rdm1)=3.9999999999999987
SQD sci diag: batch=14, norb=4, nelec=(2, 2), amp_norm=1.0, trace(rdm1)=3.9999999999999987
SQD sci diag: batch=15, norb=4, nelec=(2, 2), amp_norm=1.0, trace(rdm1)=3.9999999999999987
SQD postselect diag: total_samples=36, total_postselected=576, batch_sizes=[36, 36, 36, 36, 36, 36, 36, 36, 36, 36, 36, 36, 36, 36, 36, 36]
SQD batch diag: batch0_shape=(36, 8), first_bitstring=[0, 0, 1, 1, 0, 0, 1, 1], hamming_left=2, hamming_right=2
SQD sci diag: batch=0, norb=4, nelec=(2, 2), amp_norm=1.0, trace(rdm1)=3.9999999999999987
SQD sci diag: batch=1, norb=4, nelec=(2, 2), amp_norm=1.0, trace(rdm1)=3.9999999999999987
SQD sci diag: batch=2, norb=4, nelec=(2, 2), amp_norm=1.0, trace(rdm1)=3.9999999999999987
SQD sci diag: batch=3, norb=4, nelec=(2, 2), amp_norm=1.0, trace(rdm1)=3.9999999999999987
SQD sci diag: batch=4, norb=4, nelec=(2, 2), amp_norm=1.0, trace(rdm1)=3.9999999999999987
SQD sci diag: batch=5, norb=4, nelec=(2, 2), amp_norm=1.0, trace(rdm1)=3.9999999999999987
SQD sci diag: batch=6, norb=4, nelec=(2, 2), amp_norm=1.0, trace(rdm1)=3.9999999999999987
SQD sci diag: batch=7, norb=4, nelec=(2, 2), amp_norm=1.0, trace(rdm1)=3.9999999999999987
SQD sci diag: batch=8, norb=4, nelec=(2, 2), amp_norm=1.0, trace(rdm1)=3.9999999999999987
SQD sci diag: batch=9, norb=4, nelec=(2, 2), amp_norm=1.0, trace(rdm1)=3.9999999999999987
SQD sci diag: batch=10, norb=4, nelec=(2, 2), amp_norm=1.0, trace(rdm1)=3.9999999999999987
SQD sci diag: batch=11, norb=4, nelec=(2, 2), amp_norm=1.0, trace(rdm1)=3.9999999999999987
SQD sci diag: batch=12, norb=4, nelec=(2, 2), amp_norm=1.0, trace(rdm1)=3.9999999999999987
SQD sci diag: batch=13, norb=4, nelec=(2, 2), amp_norm=1.0, trace(rdm1)=3.9999999999999987
SQD sci diag: batch=14, norb=4, nelec=(2, 2), amp_norm=1.0, trace(rdm1)=3.9999999999999987
SQD sci diag: batch=15, norb=4, nelec=(2, 2), amp_norm=1.0, trace(rdm1)=3.9999999999999987
		SQD diag: n_active_mos=4, n_active_electrons=4, trace(onerdm)=3.9999999999999987
		Fragment Energy = -60.49677766001051
		Number of Electrons in Fragment = 8.980904337784462
	Electron Residual = -0.0405539893250193
	[Optimizer] Evaluating mu=-0.021345 with 1 hardware jobs...
 	Iteration =  6
 	Chemical Potential (mu) =     -0.0213454717
 	----------------
 
	SCF Occupancy Eigenvalues for Fragment Number : # 0
	[9.79509719e-17 1.27790133e-17 4.19408050e-18 1.58724424e-17
 2.27225911e-16 7.01961053e-16 5.22803903e-06 1.68973454e-03
 9.50618111e-03 9.50619376e-03 1.00000000e+00 1.99049381e+00
 1.99049382e+00 1.99831027e+00 1.99999477e+00]

	SCF Occupancy Eigenvalues for Fragment Number : # 1
	[2.56383784e-17 1.78570840e-17 3.92349698e-18 3.33277583e-17
 1.55378680e-16 3.67068991e-16 5.22803903e-06 1.68973454e-03
 9.50618111e-03 9.50619376e-03 1.00000000e+00 1.99049381e+00
 1.99049382e+00 1.99831027e+00 1.99999477e+00]

		Fragment Number : #  1
		------------------------
		CCSD diag: n_active_mos=24, n_active_electrons=18, trace(onerdm)=18.0
		Fragment Energy = -60.81810378192796
		Number of Electrons in Fragment = 8.984626937970372
Fragment: n_homo=8, n_lumo=9, kept=[7, 8, 9, 10]
		Fragment Number : #  2
		------------------------
LUCJ CCSD init diag: norb=4, n_reps=1, t1_shape=(2, 2), t2_shape=(2, 2, 2, 2), t1_norm=6.024961e-09, t2_norm=2.222218e-02
[AccountManager] SQD call 6: using account 1 (6/10)
Pass: Decompose - 0.70834 (ms)Pass: MergeOrbitalRotations - 0.44227 (ms)Pass: UnitarySynthesis - 0.00834 (ms)Pass: HighLevelSynthesis - 1.38068 (ms)Pass: BasisTranslator - 0.11683 (ms)Pass: ElidePermutations - 0.00525 (ms)Pass: RemoveDiagonalGatesBeforeMeasure - 0.00715 (ms)Pass: RemoveIdentityEquivalent - 0.01359 (ms)Pass: InverseCancellation - 0.01383 (ms)Pass: ContractIdleWiresInControlFlow - 0.00215 (ms)Pass: CommutativeCancellation - 0.04339 (ms)Pass: ConsolidateBlocks - 0.19217 (ms)Pass: Split2QUnitaries - 0.00310 (ms)Pass: SetLayout - 0.01812 (ms)Pass: FullAncillaAllocation - 0.21648 (ms)Pass: EnlargeWithAncilla - 0.08130 (ms)Pass: ApplyLayout - 0.44990 (ms)Pass: CheckMap - 0.09966 (ms)Pass: BarrierBeforeFinalMeasurements - 2.52295 (ms)Pass: SabreSwap - 3.25179 (ms)Pass: FilterOpNodes - 0.14639 (ms)Pass: UnitarySynthesis - 0.00691 (ms)Pass: HighLevelSynthesis - 0.02933 (ms)Pass: BasisTranslator - 1.94573 (ms)Pass: Depth - 0.08345 (ms)Pass: Size - 0.00310 (ms)Pass: MinimumPoint - 0.01383 (ms)Pass: ConsolidateBlocks - 0.56958 (ms)Pass: UnitarySynthesis - 1.36065 (ms)Pass: RemoveIdentityEquivalent - 0.03982 (ms)Pass: Optimize1qGatesDecomposition - 0.27251 (ms)Pass: CommutativeCancellation - 0.26321 (ms)Pass: ContractIdleWiresInControlFlow - 0.00262 (ms)Pass: GatesInBasis - 0.07272 (ms)Pass: Depth - 0.06723 (ms)Pass: Size - 0.00262 (ms)Pass: MinimumPoint - 0.08535 (ms)Pass: ConsolidateBlocks - 0.35048 (ms)Pass: UnitarySynthesis - 0.45156 (ms)Pass: RemoveIdentityEquivalent - 0.03695 (ms)Pass: Optimize1qGatesDecomposition - 0.16570 (ms)Pass: CommutativeCancellation - 0.21148 (ms)Pass: ContractIdleWiresInControlFlow - 0.00262 (ms)Pass: GatesInBasis - 0.06938 (ms)Pass: Depth - 0.06533 (ms)Pass: Size - 0.00262 (ms)Pass: MinimumPoint - 0.09656 (ms)Pass: ConsolidateBlocks - 0.41986 (ms)Pass: UnitarySynthesis - 0.46754 (ms)Pass: RemoveIdentityEquivalent - 0.03457 (ms)Pass: Optimize1qGatesDecomposition - 0.19240 (ms)Pass: CommutativeCancellation - 0.21219 (ms)Pass: ContractIdleWiresInControlFlow - 0.00191 (ms)Pass: GatesInBasis - 0.06747 (ms)Pass: Depth - 0.06461 (ms)Pass: Size - 0.00262 (ms)Pass: MinimumPoint - 0.00596 (ms)Pass: ContainsInstruction - 0.00763 (ms)Pass: InstructionDurationCheck - 0.00381 (ms)SQD counts diag: n_bits=8, first_bitstring=[0, 0, 1, 1, 0, 0, 1, 1], hamming_left=2, hamming_right=2
SQD postselect diag: total_samples=256, total_postselected=576, batch_sizes=[36, 36, 36, 36, 36, 36, 36, 36, 36, 36, 36, 36, 36, 36, 36, 36]
SQD batch diag: batch0_shape=(36, 8), first_bitstring=[0, 0, 1, 1, 0, 0, 1, 1], hamming_left=2, hamming_right=2
SQD sci diag: batch=0, norb=4, nelec=(2, 2), amp_norm=1.0, trace(rdm1)=3.9999999999999987
SQD sci diag: batch=1, norb=4, nelec=(2, 2), amp_norm=1.0, trace(rdm1)=3.9999999999999987
SQD sci diag: batch=2, norb=4, nelec=(2, 2), amp_norm=1.0, trace(rdm1)=3.9999999999999987
SQD sci diag: batch=3, norb=4, nelec=(2, 2), amp_norm=1.0, trace(rdm1)=3.9999999999999987
SQD sci diag: batch=4, norb=4, nelec=(2, 2), amp_norm=1.0, trace(rdm1)=3.9999999999999987
SQD sci diag: batch=5, norb=4, nelec=(2, 2), amp_norm=1.0, trace(rdm1)=3.9999999999999987
SQD sci diag: batch=6, norb=4, nelec=(2, 2), amp_norm=1.0, trace(rdm1)=3.9999999999999987
SQD sci diag: batch=7, norb=4, nelec=(2, 2), amp_norm=1.0, trace(rdm1)=3.9999999999999987
SQD sci diag: batch=8, norb=4, nelec=(2, 2), amp_norm=1.0, trace(rdm1)=3.9999999999999987
SQD sci diag: batch=9, norb=4, nelec=(2, 2), amp_norm=1.0, trace(rdm1)=3.9999999999999987
SQD sci diag: batch=10, norb=4, nelec=(2, 2), amp_norm=1.0, trace(rdm1)=3.9999999999999987
SQD sci diag: batch=11, norb=4, nelec=(2, 2), amp_norm=1.0, trace(rdm1)=3.9999999999999987
SQD sci diag: batch=12, norb=4, nelec=(2, 2), amp_norm=1.0, trace(rdm1)=3.9999999999999987
SQD sci diag: batch=13, norb=4, nelec=(2, 2), amp_norm=1.0, trace(rdm1)=3.9999999999999987
SQD sci diag: batch=14, norb=4, nelec=(2, 2), amp_norm=1.0, trace(rdm1)=3.9999999999999987
SQD sci diag: batch=15, norb=4, nelec=(2, 2), amp_norm=1.0, trace(rdm1)=3.9999999999999987
SQD postselect diag: total_samples=36, total_postselected=576, batch_sizes=[36, 36, 36, 36, 36, 36, 36, 36, 36, 36, 36, 36, 36, 36, 36, 36]
SQD batch diag: batch0_shape=(36, 8), first_bitstring=[0, 0, 1, 1, 0, 0, 1, 1], hamming_left=2, hamming_right=2
SQD sci diag: batch=0, norb=4, nelec=(2, 2), amp_norm=1.0, trace(rdm1)=3.9999999999999987
SQD sci diag: batch=1, norb=4, nelec=(2, 2), amp_norm=1.0, trace(rdm1)=3.9999999999999987
SQD sci diag: batch=2, norb=4, nelec=(2, 2), amp_norm=1.0, trace(rdm1)=3.9999999999999987
SQD sci diag: batch=3, norb=4, nelec=(2, 2), amp_norm=1.0, trace(rdm1)=3.9999999999999987
SQD sci diag: batch=4, norb=4, nelec=(2, 2), amp_norm=1.0, trace(rdm1)=3.9999999999999987
SQD sci diag: batch=5, norb=4, nelec=(2, 2), amp_norm=1.0, trace(rdm1)=3.9999999999999987
SQD sci diag: batch=6, norb=4, nelec=(2, 2), amp_norm=1.0, trace(rdm1)=3.9999999999999987
SQD sci diag: batch=7, norb=4, nelec=(2, 2), amp_norm=1.0, trace(rdm1)=3.9999999999999987
SQD sci diag: batch=8, norb=4, nelec=(2, 2), amp_norm=1.0, trace(rdm1)=3.9999999999999987
SQD sci diag: batch=9, norb=4, nelec=(2, 2), amp_norm=1.0, trace(rdm1)=3.9999999999999987
SQD sci diag: batch=10, norb=4, nelec=(2, 2), amp_norm=1.0, trace(rdm1)=3.9999999999999987
SQD sci diag: batch=11, norb=4, nelec=(2, 2), amp_norm=1.0, trace(rdm1)=3.9999999999999987
SQD sci diag: batch=12, norb=4, nelec=(2, 2), amp_norm=1.0, trace(rdm1)=3.9999999999999987
SQD sci diag: batch=13, norb=4, nelec=(2, 2), amp_norm=1.0, trace(rdm1)=3.9999999999999987
SQD sci diag: batch=14, norb=4, nelec=(2, 2), amp_norm=1.0, trace(rdm1)=3.9999999999999987
SQD sci diag: batch=15, norb=4, nelec=(2, 2), amp_norm=1.0, trace(rdm1)=3.9999999999999987
		SQD diag: n_active_mos=4, n_active_electrons=4, trace(onerdm)=3.9999999999999987
		Fragment Energy = -60.572526200305276
		Number of Electrons in Fragment = 9.015498988435109
	Electron Residual = 0.00012592640548092504
	[Optimizer] Evaluating mu=-0.021364 with 1 hardware jobs...
 	Iteration =  7
 	Chemical Potential (mu) =     -0.0213643567
 	----------------
 
	SCF Occupancy Eigenvalues for Fragment Number : # 0
	[9.79509719e-17 1.27790133e-17 4.19408050e-18 1.58724424e-17
 2.27225911e-16 7.01961053e-16 5.22803903e-06 1.68973454e-03
 9.50618111e-03 9.50619376e-03 1.00000000e+00 1.99049381e+00
 1.99049382e+00 1.99831027e+00 1.99999477e+00]

	SCF Occupancy Eigenvalues for Fragment Number : # 1
	[2.56383784e-17 1.78570840e-17 3.92349698e-18 3.33277583e-17
 1.55378680e-16 3.67068991e-16 5.22803903e-06 1.68973454e-03
 9.50618111e-03 9.50619376e-03 1.00000000e+00 1.99049381e+00
 1.99049382e+00 1.99831027e+00 1.99999477e+00]

		Fragment Number : #  1
		------------------------
		CCSD diag: n_active_mos=24, n_active_electrons=18, trace(onerdm)=18.0
		Fragment Energy = -60.81805115107715
		Number of Electrons in Fragment = 8.984608097560548
Fragment: n_homo=8, n_lumo=9, kept=[7, 8, 9, 10]
		Fragment Number : #  2
		------------------------
LUCJ CCSD init diag: norb=4, n_reps=1, t1_shape=(2, 2), t2_shape=(2, 2, 2, 2), t1_norm=6.020134e-09, t2_norm=2.222226e-02
[AccountManager] SQD call 7: using account 1 (7/10)
Pass: Decompose - 0.75626 (ms)Pass: MergeOrbitalRotations - 0.45538 (ms)Pass: UnitarySynthesis - 0.01073 (ms)Pass: HighLevelSynthesis - 1.47891 (ms)Pass: BasisTranslator - 0.10777 (ms)Pass: ElidePermutations - 0.01073 (ms)Pass: RemoveDiagonalGatesBeforeMeasure - 0.01335 (ms)Pass: RemoveIdentityEquivalent - 0.01550 (ms)Pass: InverseCancellation - 0.03433 (ms)Pass: ContractIdleWiresInControlFlow - 0.00191 (ms)Pass: CommutativeCancellation - 0.05126 (ms)Pass: ConsolidateBlocks - 0.22316 (ms)Pass: Split2QUnitaries - 0.01311 (ms)Pass: SetLayout - 0.02742 (ms)Pass: FullAncillaAllocation - 0.22745 (ms)Pass: EnlargeWithAncilla - 0.09704 (ms)Pass: ApplyLayout - 0.45037 (ms)Pass: CheckMap - 0.10419 (ms)Pass: BarrierBeforeFinalMeasurements - 2.80929 (ms)Pass: SabreSwap - 3.96490 (ms)Pass: FilterOpNodes - 0.16642 (ms)Pass: UnitarySynthesis - 0.00739 (ms)Pass: HighLevelSynthesis - 0.02289 (ms)Pass: BasisTranslator - 2.16365 (ms)Pass: Depth - 0.10276 (ms)Pass: Size - 0.00381 (ms)Pass: MinimumPoint - 0.01597 (ms)Pass: ConsolidateBlocks - 0.71096 (ms)Pass: UnitarySynthesis - 1.83487 (ms)Pass: RemoveIdentityEquivalent - 0.03672 (ms)Pass: Optimize1qGatesDecomposition - 0.23794 (ms)Pass: CommutativeCancellation - 0.25034 (ms)Pass: ContractIdleWiresInControlFlow - 0.00215 (ms)Pass: GatesInBasis - 0.05722 (ms)Pass: Depth - 0.04673 (ms)Pass: Size - 0.00238 (ms)Pass: MinimumPoint - 0.06318 (ms)Pass: ConsolidateBlocks - 0.47708 (ms)Pass: UnitarySynthesis - 0.56052 (ms)Pass: RemoveIdentityEquivalent - 0.02098 (ms)Pass: Optimize1qGatesDecomposition - 0.15140 (ms)Pass: CommutativeCancellation - 0.20385 (ms)Pass: ContractIdleWiresInControlFlow - 0.00215 (ms)Pass: GatesInBasis - 0.04745 (ms)Pass: Depth - 0.04911 (ms)Pass: Size - 0.00238 (ms)Pass: MinimumPoint - 0.09203 (ms)Pass: ConsolidateBlocks - 0.35048 (ms)Pass: UnitarySynthesis - 0.44537 (ms)Pass: RemoveIdentityEquivalent - 0.01788 (ms)Pass: Optimize1qGatesDecomposition - 0.14591 (ms)Pass: CommutativeCancellation - 0.19503 (ms)Pass: ContractIdleWiresInControlFlow - 0.00215 (ms)Pass: GatesInBasis - 0.06795 (ms)Pass: Depth - 0.04458 (ms)Pass: Size - 0.00191 (ms)Pass: MinimumPoint - 0.08392 (ms)Pass: ConsolidateBlocks - 0.34547 (ms)Pass: UnitarySynthesis - 0.45180 (ms)Pass: RemoveIdentityEquivalent - 0.01740 (ms)Pass: Optimize1qGatesDecomposition - 0.13947 (ms)Pass: CommutativeCancellation - 0.20194 (ms)Pass: ContractIdleWiresInControlFlow - 0.00191 (ms)Pass: GatesInBasis - 0.05651 (ms)Pass: Depth - 0.04601 (ms)Pass: Size - 0.00262 (ms)Pass: MinimumPoint - 0.00429 (ms)Pass: ContainsInstruction - 0.00572 (ms)Pass: InstructionDurationCheck - 0.00334 (ms)SQD counts diag: n_bits=8, first_bitstring=[0, 0, 1, 1, 0, 0, 1, 1], hamming_left=2, hamming_right=2
SQD postselect diag: total_samples=256, total_postselected=576, batch_sizes=[36, 36, 36, 36, 36, 36, 36, 36, 36, 36, 36, 36, 36, 36, 36, 36]
SQD batch diag: batch0_shape=(36, 8), first_bitstring=[0, 0, 1, 1, 0, 0, 1, 1], hamming_left=2, hamming_right=2
SQD sci diag: batch=0, norb=4, nelec=(2, 2), amp_norm=1.0, trace(rdm1)=3.9999999999999987
SQD sci diag: batch=1, norb=4, nelec=(2, 2), amp_norm=1.0, trace(rdm1)=3.9999999999999987
SQD sci diag: batch=2, norb=4, nelec=(2, 2), amp_norm=1.0, trace(rdm1)=3.9999999999999987
SQD sci diag: batch=3, norb=4, nelec=(2, 2), amp_norm=1.0, trace(rdm1)=3.9999999999999987
SQD sci diag: batch=4, norb=4, nelec=(2, 2), amp_norm=1.0, trace(rdm1)=3.9999999999999987
SQD sci diag: batch=5, norb=4, nelec=(2, 2), amp_norm=1.0, trace(rdm1)=3.9999999999999987
SQD sci diag: batch=6, norb=4, nelec=(2, 2), amp_norm=1.0, trace(rdm1)=3.9999999999999987
SQD sci diag: batch=7, norb=4, nelec=(2, 2), amp_norm=1.0, trace(rdm1)=3.9999999999999987
SQD sci diag: batch=8, norb=4, nelec=(2, 2), amp_norm=1.0, trace(rdm1)=3.9999999999999987
SQD sci diag: batch=9, norb=4, nelec=(2, 2), amp_norm=1.0, trace(rdm1)=3.9999999999999987
SQD sci diag: batch=10, norb=4, nelec=(2, 2), amp_norm=1.0, trace(rdm1)=3.9999999999999987
SQD sci diag: batch=11, norb=4, nelec=(2, 2), amp_norm=1.0, trace(rdm1)=3.9999999999999987
SQD sci diag: batch=12, norb=4, nelec=(2, 2), amp_norm=1.0, trace(rdm1)=3.9999999999999987
SQD sci diag: batch=13, norb=4, nelec=(2, 2), amp_norm=1.0, trace(rdm1)=3.9999999999999987
SQD sci diag: batch=14, norb=4, nelec=(2, 2), amp_norm=1.0, trace(rdm1)=3.9999999999999987
SQD sci diag: batch=15, norb=4, nelec=(2, 2), amp_norm=1.0, trace(rdm1)=3.9999999999999987
SQD postselect diag: total_samples=36, total_postselected=576, batch_sizes=[36, 36, 36, 36, 36, 36, 36, 36, 36, 36, 36, 36, 36, 36, 36, 36]
SQD batch diag: batch0_shape=(36, 8), first_bitstring=[0, 0, 1, 1, 0, 0, 1, 1], hamming_left=2, hamming_right=2
SQD sci diag: batch=0, norb=4, nelec=(2, 2), amp_norm=1.0, trace(rdm1)=3.9999999999999987
SQD sci diag: batch=1, norb=4, nelec=(2, 2), amp_norm=1.0, trace(rdm1)=3.9999999999999987
SQD sci diag: batch=2, norb=4, nelec=(2, 2), amp_norm=1.0, trace(rdm1)=3.9999999999999987
SQD sci diag: batch=3, norb=4, nelec=(2, 2), amp_norm=1.0, trace(rdm1)=3.9999999999999987
SQD sci diag: batch=4, norb=4, nelec=(2, 2), amp_norm=1.0, trace(rdm1)=3.9999999999999987
SQD sci diag: batch=5, norb=4, nelec=(2, 2), amp_norm=1.0, trace(rdm1)=3.9999999999999987
SQD sci diag: batch=6, norb=4, nelec=(2, 2), amp_norm=1.0, trace(rdm1)=3.9999999999999987
SQD sci diag: batch=7, norb=4, nelec=(2, 2), amp_norm=1.0, trace(rdm1)=3.9999999999999987
SQD sci diag: batch=8, norb=4, nelec=(2, 2), amp_norm=1.0, trace(rdm1)=3.9999999999999987
SQD sci diag: batch=9, norb=4, nelec=(2, 2), amp_norm=1.0, trace(rdm1)=3.9999999999999987
SQD sci diag: batch=10, norb=4, nelec=(2, 2), amp_norm=1.0, trace(rdm1)=3.9999999999999987
SQD sci diag: batch=11, norb=4, nelec=(2, 2), amp_norm=1.0, trace(rdm1)=3.9999999999999987
SQD sci diag: batch=12, norb=4, nelec=(2, 2), amp_norm=1.0, trace(rdm1)=3.9999999999999987
SQD sci diag: batch=13, norb=4, nelec=(2, 2), amp_norm=1.0, trace(rdm1)=3.9999999999999987
SQD sci diag: batch=14, norb=4, nelec=(2, 2), amp_norm=1.0, trace(rdm1)=3.9999999999999987
SQD sci diag: batch=15, norb=4, nelec=(2, 2), amp_norm=1.0, trace(rdm1)=3.9999999999999987
		SQD diag: n_active_mos=4, n_active_electrons=4, trace(onerdm)=3.9999999999999987
		Fragment Energy = -60.57229137311716
		Number of Electrons in Fragment = 9.015391612606702
	Electron Residual = -2.8983274802385495e-07
	[Optimizer] Evaluating mu=-0.021364 with 1 hardware jobs...
 	Iteration =  8
 	Chemical Potential (mu) =     -0.0213643133
 	----------------
 
	SCF Occupancy Eigenvalues for Fragment Number : # 0
	[9.79509719e-17 1.27790133e-17 4.19408050e-18 1.58724424e-17
 2.27225911e-16 7.01961053e-16 5.22803903e-06 1.68973454e-03
 9.50618111e-03 9.50619376e-03 1.00000000e+00 1.99049381e+00
 1.99049382e+00 1.99831027e+00 1.99999477e+00]

	SCF Occupancy Eigenvalues for Fragment Number : # 1
	[2.56383784e-17 1.78570840e-17 3.92349698e-18 3.33277583e-17
 1.55378680e-16 3.67068991e-16 5.22803903e-06 1.68973454e-03
 9.50618111e-03 9.50619376e-03 1.00000000e+00 1.99049381e+00
 1.99049382e+00 1.99831027e+00 1.99999477e+00]

		Fragment Number : #  1
		------------------------
		CCSD diag: n_active_mos=24, n_active_electrons=18, trace(onerdm)=18.0
		Fragment Energy = -60.81805127193467
		Number of Electrons in Fragment = 8.984608140824156
Fragment: n_homo=8, n_lumo=9, kept=[7, 8, 9, 10]
		Fragment Number : #  2
		------------------------
LUCJ CCSD init diag: norb=4, n_reps=1, t1_shape=(2, 2), t2_shape=(2, 2, 2, 2), t1_norm=6.020150e-09, t2_norm=2.222226e-02
[AccountManager] SQD call 8: using account 1 (8/10)
Pass: Decompose - 1.02067 (ms)Pass: MergeOrbitalRotations - 0.44060 (ms)Pass: UnitarySynthesis - 0.01240 (ms)Pass: HighLevelSynthesis - 1.49345 (ms)Pass: BasisTranslator - 0.12064 (ms)Pass: ElidePermutations - 0.01049 (ms)Pass: RemoveDiagonalGatesBeforeMeasure - 0.01216 (ms)Pass: RemoveIdentityEquivalent - 0.01478 (ms)Pass: InverseCancellation - 0.01931 (ms)Pass: ContractIdleWiresInControlFlow - 0.00215 (ms)Pass: CommutativeCancellation - 0.06342 (ms)Pass: ConsolidateBlocks - 0.22864 (ms)Pass: Split2QUnitaries - 0.00477 (ms)Pass: SetLayout - 0.02646 (ms)Pass: FullAncillaAllocation - 0.21458 (ms)Pass: EnlargeWithAncilla - 0.08464 (ms)Pass: ApplyLayout - 0.44203 (ms)Pass: CheckMap - 0.10371 (ms)Pass: BarrierBeforeFinalMeasurements - 2.96259 (ms)Pass: SabreSwap - 4.54068 (ms)Pass: FilterOpNodes - 0.33236 (ms)Pass: UnitarySynthesis - 0.01740 (ms)Pass: HighLevelSynthesis - 0.04506 (ms)Pass: BasisTranslator - 5.12457 (ms)Pass: Depth - 0.09489 (ms)Pass: Size - 0.00286 (ms)Pass: MinimumPoint - 0.01836 (ms)Pass: ConsolidateBlocks - 0.57864 (ms)Pass: UnitarySynthesis - 1.53518 (ms)Pass: RemoveIdentityEquivalent - 0.02432 (ms)Pass: Optimize1qGatesDecomposition - 0.22483 (ms)Pass: CommutativeCancellation - 0.22578 (ms)Pass: ContractIdleWiresInControlFlow - 0.00286 (ms)Pass: GatesInBasis - 0.06247 (ms)Pass: Depth - 0.05150 (ms)Pass: Size - 0.00286 (ms)Pass: MinimumPoint - 0.06652 (ms)Pass: ConsolidateBlocks - 0.47374 (ms)Pass: UnitarySynthesis - 0.60415 (ms)Pass: RemoveIdentityEquivalent - 0.02122 (ms)Pass: Optimize1qGatesDecomposition - 0.15807 (ms)Pass: CommutativeCancellation - 0.21696 (ms)Pass: ContractIdleWiresInControlFlow - 0.00215 (ms)Pass: GatesInBasis - 0.04935 (ms)Pass: Depth - 0.05150 (ms)Pass: Size - 0.00215 (ms)Pass: MinimumPoint - 0.07987 (ms)Pass: ConsolidateBlocks - 0.34308 (ms)Pass: UnitarySynthesis - 0.49973 (ms)Pass: RemoveIdentityEquivalent - 0.01812 (ms)Pass: Optimize1qGatesDecomposition - 0.15569 (ms)Pass: CommutativeCancellation - 0.19956 (ms)Pass: ContractIdleWiresInControlFlow - 0.00238 (ms)Pass: GatesInBasis - 0.05245 (ms)Pass: Depth - 0.05174 (ms)Pass: Size - 0.00238 (ms)Pass: MinimumPoint - 0.00453 (ms)Pass: ContainsInstruction - 0.00691 (ms)Pass: InstructionDurationCheck - 0.00334 (ms)SQD counts diag: n_bits=8, first_bitstring=[0, 0, 1, 1, 0, 0, 1, 1], hamming_left=2, hamming_right=2
SQD postselect diag: total_samples=256, total_postselected=576, batch_sizes=[36, 36, 36, 36, 36, 36, 36, 36, 36, 36, 36, 36, 36, 36, 36, 36]
SQD batch diag: batch0_shape=(36, 8), first_bitstring=[0, 0, 1, 1, 0, 0, 1, 1], hamming_left=2, hamming_right=2
SQD sci diag: batch=0, norb=4, nelec=(2, 2), amp_norm=1.0, trace(rdm1)=3.9999999999999987
SQD sci diag: batch=1, norb=4, nelec=(2, 2), amp_norm=1.0, trace(rdm1)=3.9999999999999987
SQD sci diag: batch=2, norb=4, nelec=(2, 2), amp_norm=1.0, trace(rdm1)=3.9999999999999987
SQD sci diag: batch=3, norb=4, nelec=(2, 2), amp_norm=1.0, trace(rdm1)=3.9999999999999987
SQD sci diag: batch=4, norb=4, nelec=(2, 2), amp_norm=1.0, trace(rdm1)=3.9999999999999987
SQD sci diag: batch=5, norb=4, nelec=(2, 2), amp_norm=1.0, trace(rdm1)=3.9999999999999987
SQD sci diag: batch=6, norb=4, nelec=(2, 2), amp_norm=1.0, trace(rdm1)=3.9999999999999987
SQD sci diag: batch=7, norb=4, nelec=(2, 2), amp_norm=1.0, trace(rdm1)=3.9999999999999987
SQD sci diag: batch=8, norb=4, nelec=(2, 2), amp_norm=1.0, trace(rdm1)=3.9999999999999987
SQD sci diag: batch=9, norb=4, nelec=(2, 2), amp_norm=1.0, trace(rdm1)=3.9999999999999987
SQD sci diag: batch=10, norb=4, nelec=(2, 2), amp_norm=1.0, trace(rdm1)=3.9999999999999987
SQD sci diag: batch=11, norb=4, nelec=(2, 2), amp_norm=1.0, trace(rdm1)=3.9999999999999987
SQD sci diag: batch=12, norb=4, nelec=(2, 2), amp_norm=1.0, trace(rdm1)=3.9999999999999987
SQD sci diag: batch=13, norb=4, nelec=(2, 2), amp_norm=1.0, trace(rdm1)=3.9999999999999987
SQD sci diag: batch=14, norb=4, nelec=(2, 2), amp_norm=1.0, trace(rdm1)=3.9999999999999987
SQD sci diag: batch=15, norb=4, nelec=(2, 2), amp_norm=1.0, trace(rdm1)=3.9999999999999987
SQD postselect diag: total_samples=36, total_postselected=576, batch_sizes=[36, 36, 36, 36, 36, 36, 36, 36, 36, 36, 36, 36, 36, 36, 36, 36]
SQD batch diag: batch0_shape=(36, 8), first_bitstring=[0, 0, 1, 1, 0, 0, 1, 1], hamming_left=2, hamming_right=2
SQD sci diag: batch=0, norb=4, nelec=(2, 2), amp_norm=1.0, trace(rdm1)=3.9999999999999987
SQD sci diag: batch=1, norb=4, nelec=(2, 2), amp_norm=1.0, trace(rdm1)=3.9999999999999987
SQD sci diag: batch=2, norb=4, nelec=(2, 2), amp_norm=1.0, trace(rdm1)=3.9999999999999987
SQD sci diag: batch=3, norb=4, nelec=(2, 2), amp_norm=1.0, trace(rdm1)=3.9999999999999987
SQD sci diag: batch=4, norb=4, nelec=(2, 2), amp_norm=1.0, trace(rdm1)=3.9999999999999987
SQD sci diag: batch=5, norb=4, nelec=(2, 2), amp_norm=1.0, trace(rdm1)=3.9999999999999987
SQD sci diag: batch=6, norb=4, nelec=(2, 2), amp_norm=1.0, trace(rdm1)=3.9999999999999987
SQD sci diag: batch=7, norb=4, nelec=(2, 2), amp_norm=1.0, trace(rdm1)=3.9999999999999987
SQD sci diag: batch=8, norb=4, nelec=(2, 2), amp_norm=1.0, trace(rdm1)=3.9999999999999987
SQD sci diag: batch=9, norb=4, nelec=(2, 2), amp_norm=1.0, trace(rdm1)=3.9999999999999987
SQD sci diag: batch=10, norb=4, nelec=(2, 2), amp_norm=1.0, trace(rdm1)=3.9999999999999987
SQD sci diag: batch=11, norb=4, nelec=(2, 2), amp_norm=1.0, trace(rdm1)=3.9999999999999987
SQD sci diag: batch=12, norb=4, nelec=(2, 2), amp_norm=1.0, trace(rdm1)=3.9999999999999987
SQD sci diag: batch=13, norb=4, nelec=(2, 2), amp_norm=1.0, trace(rdm1)=3.9999999999999987
SQD sci diag: batch=14, norb=4, nelec=(2, 2), amp_norm=1.0, trace(rdm1)=3.9999999999999987
SQD sci diag: batch=15, norb=4, nelec=(2, 2), amp_norm=1.0, trace(rdm1)=3.9999999999999987
		SQD diag: n_active_mos=4, n_active_electrons=4, trace(onerdm)=3.9999999999999987
		Fragment Energy = -60.57229191234896
		Number of Electrons in Fragment = 9.015391859174951
	Electron Residual = -8.952838470577262e-13
	[OptimizerCache] Found mu=-0.021364 in cache. Skipping hardware calls.
	[Optimizer] Evaluating mu=-0.021355 with 1 hardware jobs...
 	Iteration =  9
 	Chemical Potential (mu) =     -0.0213548900
 	----------------
 
	SCF Occupancy Eigenvalues for Fragment Number : # 0
	[9.79509719e-17 1.27790133e-17 4.19408050e-18 1.58724424e-17
 2.27225911e-16 7.01961053e-16 5.22803903e-06 1.68973454e-03
 9.50618111e-03 9.50619376e-03 1.00000000e+00 1.99049381e+00
 1.99049382e+00 1.99831027e+00 1.99999477e+00]

	SCF Occupancy Eigenvalues for Fragment Number : # 1
	[2.56383784e-17 1.78570840e-17 3.92349698e-18 3.33277583e-17
 1.55378680e-16 3.67068991e-16 5.22803903e-06 1.68973454e-03
 9.50618111e-03 9.50619376e-03 1.00000000e+00 1.99049381e+00
 1.99049382e+00 1.99831027e+00 1.99999477e+00]

		Fragment Number : #  1
		------------------------
		CCSD diag: n_active_mos=24, n_active_electrons=18, trace(onerdm)=18.0
		Fragment Energy = -60.81807753393415
		Number of Electrons in Fragment = 8.984617541887088
Fragment: n_homo=8, n_lumo=9, kept=[7, 8, 9, 10]
		Fragment Number : #  2
		------------------------
LUCJ CCSD init diag: norb=4, n_reps=1, t1_shape=(2, 2), t2_shape=(2, 2, 2, 2), t1_norm=6.022608e-09, t2_norm=2.222222e-02
[AccountManager] SQD call 9: using account 1 (9/10)
Pass: Decompose - 0.71073 (ms)Pass: MergeOrbitalRotations - 0.44537 (ms)Pass: UnitarySynthesis - 0.00763 (ms)Pass: HighLevelSynthesis - 1.38736 (ms)Pass: BasisTranslator - 0.11802 (ms)Pass: ElidePermutations - 0.00572 (ms)Pass: RemoveDiagonalGatesBeforeMeasure - 0.00715 (ms)Pass: RemoveIdentityEquivalent - 0.01383 (ms)Pass: InverseCancellation - 0.01383 (ms)Pass: ContractIdleWiresInControlFlow - 0.00191 (ms)Pass: CommutativeCancellation - 0.04387 (ms)Pass: ConsolidateBlocks - 0.22316 (ms)Pass: Split2QUnitaries - 0.00334 (ms)Pass: SetLayout - 0.01740 (ms)Pass: FullAncillaAllocation - 0.21410 (ms)Pass: EnlargeWithAncilla - 0.08988 (ms)Pass: ApplyLayout - 0.43678 (ms)Pass: CheckMap - 0.10228 (ms)Pass: BarrierBeforeFinalMeasurements - 2.86722 (ms)Pass: SabreSwap - 3.56650 (ms)Pass: FilterOpNodes - 0.11587 (ms)Pass: UnitarySynthesis - 0.00596 (ms)Pass: HighLevelSynthesis - 0.01669 (ms)Pass: BasisTranslator - 1.90544 (ms)Pass: Depth - 0.08059 (ms)Pass: Size - 0.00310 (ms)Pass: MinimumPoint - 0.00954 (ms)Pass: ConsolidateBlocks - 0.57626 (ms)Pass: UnitarySynthesis - 1.41859 (ms)Pass: RemoveIdentityEquivalent - 0.02384 (ms)Pass: Optimize1qGatesDecomposition - 0.21362 (ms)Pass: CommutativeCancellation - 0.24867 (ms)Pass: ContractIdleWiresInControlFlow - 0.00191 (ms)Pass: GatesInBasis - 0.05341 (ms)Pass: Depth - 0.05794 (ms)Pass: Size - 0.00262 (ms)Pass: MinimumPoint - 0.07868 (ms)Pass: ConsolidateBlocks - 0.31877 (ms)Pass: UnitarySynthesis - 0.46825 (ms)Pass: RemoveIdentityEquivalent - 0.02170 (ms)Pass: Optimize1qGatesDecomposition - 0.15450 (ms)Pass: CommutativeCancellation - 0.18954 (ms)Pass: ContractIdleWiresInControlFlow - 0.00215 (ms)Pass: GatesInBasis - 0.06413 (ms)Pass: Depth - 0.05317 (ms)Pass: Size - 0.00191 (ms)Pass: MinimumPoint - 0.08440 (ms)Pass: ConsolidateBlocks - 0.31614 (ms)Pass: UnitarySynthesis - 0.44966 (ms)Pass: RemoveIdentityEquivalent - 0.01836 (ms)Pass: Optimize1qGatesDecomposition - 0.15092 (ms)Pass: CommutativeCancellation - 0.18477 (ms)Pass: ContractIdleWiresInControlFlow - 0.00191 (ms)Pass: GatesInBasis - 0.05817 (ms)Pass: Depth - 0.04911 (ms)Pass: Size - 0.00215 (ms)Pass: MinimumPoint - 0.00453 (ms)Pass: ContainsInstruction - 0.00596 (ms)Pass: InstructionDurationCheck - 0.00334 (ms)SQD counts diag: n_bits=8, first_bitstring=[0, 0, 1, 1, 0, 0, 1, 1], hamming_left=2, hamming_right=2
SQD postselect diag: total_samples=256, total_postselected=576, batch_sizes=[36, 36, 36, 36, 36, 36, 36, 36, 36, 36, 36, 36, 36, 36, 36, 36]
SQD batch diag: batch0_shape=(36, 8), first_bitstring=[0, 0, 1, 1, 0, 0, 1, 1], hamming_left=2, hamming_right=2
SQD sci diag: batch=0, norb=4, nelec=(2, 2), amp_norm=1.0, trace(rdm1)=3.9999999999999987
SQD sci diag: batch=1, norb=4, nelec=(2, 2), amp_norm=1.0, trace(rdm1)=3.9999999999999987
SQD sci diag: batch=2, norb=4, nelec=(2, 2), amp_norm=1.0, trace(rdm1)=3.9999999999999987
SQD sci diag: batch=3, norb=4, nelec=(2, 2), amp_norm=1.0, trace(rdm1)=3.9999999999999987
SQD sci diag: batch=4, norb=4, nelec=(2, 2), amp_norm=1.0, trace(rdm1)=3.9999999999999987
SQD sci diag: batch=5, norb=4, nelec=(2, 2), amp_norm=1.0, trace(rdm1)=3.9999999999999987
SQD sci diag: batch=6, norb=4, nelec=(2, 2), amp_norm=1.0, trace(rdm1)=3.9999999999999987
SQD sci diag: batch=7, norb=4, nelec=(2, 2), amp_norm=1.0, trace(rdm1)=3.9999999999999987
SQD sci diag: batch=8, norb=4, nelec=(2, 2), amp_norm=1.0, trace(rdm1)=3.9999999999999987
SQD sci diag: batch=9, norb=4, nelec=(2, 2), amp_norm=1.0, trace(rdm1)=3.9999999999999987
SQD sci diag: batch=10, norb=4, nelec=(2, 2), amp_norm=1.0, trace(rdm1)=3.9999999999999987
SQD sci diag: batch=11, norb=4, nelec=(2, 2), amp_norm=1.0, trace(rdm1)=3.9999999999999987
SQD sci diag: batch=12, norb=4, nelec=(2, 2), amp_norm=1.0, trace(rdm1)=3.9999999999999987
SQD sci diag: batch=13, norb=4, nelec=(2, 2), amp_norm=1.0, trace(rdm1)=3.9999999999999987
SQD sci diag: batch=14, norb=4, nelec=(2, 2), amp_norm=1.0, trace(rdm1)=3.9999999999999987
SQD sci diag: batch=15, norb=4, nelec=(2, 2), amp_norm=1.0, trace(rdm1)=3.9999999999999987
SQD postselect diag: total_samples=36, total_postselected=576, batch_sizes=[36, 36, 36, 36, 36, 36, 36, 36, 36, 36, 36, 36, 36, 36, 36, 36]
SQD batch diag: batch0_shape=(36, 8), first_bitstring=[0, 0, 1, 1, 0, 0, 1, 1], hamming_left=2, hamming_right=2
SQD sci diag: batch=0, norb=4, nelec=(2, 2), amp_norm=1.0, trace(rdm1)=3.9999999999999987
SQD sci diag: batch=1, norb=4, nelec=(2, 2), amp_norm=1.0, trace(rdm1)=3.9999999999999987
SQD sci diag: batch=2, norb=4, nelec=(2, 2), amp_norm=1.0, trace(rdm1)=3.9999999999999987
SQD sci diag: batch=3, norb=4, nelec=(2, 2), amp_norm=1.0, trace(rdm1)=3.9999999999999987
SQD sci diag: batch=4, norb=4, nelec=(2, 2), amp_norm=1.0, trace(rdm1)=3.9999999999999987
SQD sci diag: batch=5, norb=4, nelec=(2, 2), amp_norm=1.0, trace(rdm1)=3.9999999999999987
SQD sci diag: batch=6, norb=4, nelec=(2, 2), amp_norm=1.0, trace(rdm1)=3.9999999999999987
SQD sci diag: batch=7, norb=4, nelec=(2, 2), amp_norm=1.0, trace(rdm1)=3.9999999999999987
SQD sci diag: batch=8, norb=4, nelec=(2, 2), amp_norm=1.0, trace(rdm1)=3.9999999999999987
SQD sci diag: batch=9, norb=4, nelec=(2, 2), amp_norm=1.0, trace(rdm1)=3.9999999999999987
SQD sci diag: batch=10, norb=4, nelec=(2, 2), amp_norm=1.0, trace(rdm1)=3.9999999999999987
SQD sci diag: batch=11, norb=4, nelec=(2, 2), amp_norm=1.0, trace(rdm1)=3.9999999999999987
SQD sci diag: batch=12, norb=4, nelec=(2, 2), amp_norm=1.0, trace(rdm1)=3.9999999999999987
SQD sci diag: batch=13, norb=4, nelec=(2, 2), amp_norm=1.0, trace(rdm1)=3.9999999999999987
SQD sci diag: batch=14, norb=4, nelec=(2, 2), amp_norm=1.0, trace(rdm1)=3.9999999999999987
SQD sci diag: batch=15, norb=4, nelec=(2, 2), amp_norm=1.0, trace(rdm1)=3.9999999999999987
		SQD diag: n_active_mos=4, n_active_electrons=4, trace(onerdm)=3.9999999999999987
		Fragment Energy = -60.57240908736811
		Number of Electrons in Fragment = 9.015445437919634
	Electron Residual = 6.297980672087533e-05
	[Optimizer] Evaluating mu=-0.021364 with 1 hardware jobs...
 	Iteration =  10
 	Chemical Potential (mu) =     -0.0213643033
 	----------------
 
	SCF Occupancy Eigenvalues for Fragment Number : # 0
	[9.79509719e-17 1.27790133e-17 4.19408050e-18 1.58724424e-17
 2.27225911e-16 7.01961053e-16 5.22803903e-06 1.68973454e-03
 9.50618111e-03 9.50619376e-03 1.00000000e+00 1.99049381e+00
 1.99049382e+00 1.99831027e+00 1.99999477e+00]

	SCF Occupancy Eigenvalues for Fragment Number : # 1
	[2.56383784e-17 1.78570840e-17 3.92349698e-18 3.33277583e-17
 1.55378680e-16 3.67068991e-16 5.22803903e-06 1.68973454e-03
 9.50618111e-03 9.50619376e-03 1.00000000e+00 1.99049381e+00
 1.99049382e+00 1.99831027e+00 1.99999477e+00]

		Fragment Number : #  1
		------------------------
		CCSD diag: n_active_mos=24, n_active_electrons=18, trace(onerdm)=18.0
		Fragment Energy = -60.818051299803706
		Number of Electrons in Fragment = 8.984608150800511
Fragment: n_homo=8, n_lumo=9, kept=[7, 8, 9, 10]
		Fragment Number : #  2
		------------------------
LUCJ CCSD init diag: norb=4, n_reps=1, t1_shape=(2, 2), t2_shape=(2, 2, 2, 2), t1_norm=6.020136e-09, t2_norm=2.222226e-02
[AccountManager] SQD call 10: using account 1 (10/10)
Pass: Decompose - 1.20878 (ms)Pass: MergeOrbitalRotations - 0.76842 (ms)Pass: UnitarySynthesis - 0.01311 (ms)Pass: HighLevelSynthesis - 1.91474 (ms)Pass: BasisTranslator - 0.12565 (ms)Pass: ElidePermutations - 0.01025 (ms)Pass: RemoveDiagonalGatesBeforeMeasure - 0.01383 (ms)Pass: RemoveIdentityEquivalent - 0.01431 (ms)Pass: InverseCancellation - 0.01955 (ms)Pass: ContractIdleWiresInControlFlow - 0.00215 (ms)Pass: CommutativeCancellation - 0.05054 (ms)Pass: ConsolidateBlocks - 0.21958 (ms)Pass: Split2QUnitaries - 0.00477 (ms)Pass: SetLayout - 0.02718 (ms)Pass: FullAncillaAllocation - 0.22817 (ms)Pass: EnlargeWithAncilla - 0.09394 (ms)Pass: ApplyLayout - 0.45753 (ms)Pass: CheckMap - 0.10586 (ms)Pass: BarrierBeforeFinalMeasurements - 2.29168 (ms)Pass: SabreSwap - 2.73442 (ms)Pass: FilterOpNodes - 0.19956 (ms)Pass: UnitarySynthesis - 0.00811 (ms)Pass: HighLevelSynthesis - 0.02027 (ms)Pass: BasisTranslator - 1.90544 (ms)Pass: Depth - 0.10514 (ms)Pass: Size - 0.00334 (ms)Pass: MinimumPoint - 0.01621 (ms)Pass: ConsolidateBlocks - 0.57411 (ms)Pass: UnitarySynthesis - 1.50132 (ms)Pass: RemoveIdentityEquivalent - 0.02432 (ms)Pass: Optimize1qGatesDecomposition - 0.21815 (ms)Pass: CommutativeCancellation - 0.22435 (ms)Pass: ContractIdleWiresInControlFlow - 0.00215 (ms)Pass: GatesInBasis - 0.05770 (ms)Pass: Depth - 0.05579 (ms)Pass: Size - 0.00238 (ms)Pass: MinimumPoint - 0.06628 (ms)Pass: ConsolidateBlocks - 0.44179 (ms)Pass: UnitarySynthesis - 0.52118 (ms)Pass: RemoveIdentityEquivalent - 0.02193 (ms)Pass: Optimize1qGatesDecomposition - 0.15068 (ms)Pass: CommutativeCancellation - 0.20123 (ms)Pass: ContractIdleWiresInControlFlow - 0.00191 (ms)Pass: GatesInBasis - 0.04721 (ms)Pass: Depth - 0.05341 (ms)Pass: Size - 0.00215 (ms)Pass: MinimumPoint - 0.08631 (ms)Pass: ConsolidateBlocks - 0.32854 (ms)Pass: UnitarySynthesis - 0.43917 (ms)Pass: RemoveIdentityEquivalent - 0.01860 (ms)Pass: Optimize1qGatesDecomposition - 0.14567 (ms)Pass: CommutativeCancellation - 0.19884 (ms)Pass: ContractIdleWiresInControlFlow - 0.00238 (ms)Pass: GatesInBasis - 0.05007 (ms)Pass: Depth - 0.04601 (ms)Pass: Size - 0.00238 (ms)Pass: MinimumPoint - 0.00453 (ms)Pass: ContainsInstruction - 0.00644 (ms)Pass: InstructionDurationCheck - 0.01192 (ms)SQD counts diag: n_bits=8, first_bitstring=[0, 0, 1, 1, 0, 0, 1, 1], hamming_left=2, hamming_right=2
SQD postselect diag: total_samples=256, total_postselected=576, batch_sizes=[36, 36, 36, 36, 36, 36, 36, 36, 36, 36, 36, 36, 36, 36, 36, 36]
SQD batch diag: batch0_shape=(36, 8), first_bitstring=[0, 0, 1, 1, 0, 0, 1, 1], hamming_left=2, hamming_right=2
SQD sci diag: batch=0, norb=4, nelec=(2, 2), amp_norm=1.0, trace(rdm1)=3.9999999999999987
SQD sci diag: batch=1, norb=4, nelec=(2, 2), amp_norm=1.0, trace(rdm1)=3.9999999999999987
SQD sci diag: batch=2, norb=4, nelec=(2, 2), amp_norm=1.0, trace(rdm1)=3.9999999999999987
SQD sci diag: batch=3, norb=4, nelec=(2, 2), amp_norm=1.0, trace(rdm1)=3.9999999999999987
SQD sci diag: batch=4, norb=4, nelec=(2, 2), amp_norm=1.0, trace(rdm1)=3.9999999999999987
SQD sci diag: batch=5, norb=4, nelec=(2, 2), amp_norm=1.0, trace(rdm1)=3.9999999999999987
SQD sci diag: batch=6, norb=4, nelec=(2, 2), amp_norm=1.0, trace(rdm1)=3.9999999999999987
SQD sci diag: batch=7, norb=4, nelec=(2, 2), amp_norm=1.0, trace(rdm1)=3.9999999999999987
SQD sci diag: batch=8, norb=4, nelec=(2, 2), amp_norm=1.0, trace(rdm1)=3.9999999999999987
SQD sci diag: batch=9, norb=4, nelec=(2, 2), amp_norm=1.0, trace(rdm1)=3.9999999999999987
SQD sci diag: batch=10, norb=4, nelec=(2, 2), amp_norm=1.0, trace(rdm1)=3.9999999999999987
SQD sci diag: batch=11, norb=4, nelec=(2, 2), amp_norm=1.0, trace(rdm1)=3.9999999999999987
SQD sci diag: batch=12, norb=4, nelec=(2, 2), amp_norm=1.0, trace(rdm1)=3.9999999999999987
SQD sci diag: batch=13, norb=4, nelec=(2, 2), amp_norm=1.0, trace(rdm1)=3.9999999999999987
SQD sci diag: batch=14, norb=4, nelec=(2, 2), amp_norm=1.0, trace(rdm1)=3.9999999999999987
SQD sci diag: batch=15, norb=4, nelec=(2, 2), amp_norm=1.0, trace(rdm1)=3.9999999999999987
SQD postselect diag: total_samples=36, total_postselected=576, batch_sizes=[36, 36, 36, 36, 36, 36, 36, 36, 36, 36, 36, 36, 36, 36, 36, 36]
SQD batch diag: batch0_shape=(36, 8), first_bitstring=[0, 0, 1, 1, 0, 0, 1, 1], hamming_left=2, hamming_right=2
SQD sci diag: batch=0, norb=4, nelec=(2, 2), amp_norm=1.0, trace(rdm1)=3.9999999999999987
SQD sci diag: batch=1, norb=4, nelec=(2, 2), amp_norm=1.0, trace(rdm1)=3.9999999999999987
SQD sci diag: batch=2, norb=4, nelec=(2, 2), amp_norm=1.0, trace(rdm1)=3.9999999999999987
SQD sci diag: batch=3, norb=4, nelec=(2, 2), amp_norm=1.0, trace(rdm1)=3.9999999999999987
SQD sci diag: batch=4, norb=4, nelec=(2, 2), amp_norm=1.0, trace(rdm1)=3.9999999999999987
SQD sci diag: batch=5, norb=4, nelec=(2, 2), amp_norm=1.0, trace(rdm1)=3.9999999999999987
SQD sci diag: batch=6, norb=4, nelec=(2, 2), amp_norm=1.0, trace(rdm1)=3.9999999999999987
SQD sci diag: batch=7, norb=4, nelec=(2, 2), amp_norm=1.0, trace(rdm1)=3.9999999999999987
SQD sci diag: batch=8, norb=4, nelec=(2, 2), amp_norm=1.0, trace(rdm1)=3.9999999999999987
SQD sci diag: batch=9, norb=4, nelec=(2, 2), amp_norm=1.0, trace(rdm1)=3.9999999999999987
SQD sci diag: batch=10, norb=4, nelec=(2, 2), amp_norm=1.0, trace(rdm1)=3.9999999999999987
SQD sci diag: batch=11, norb=4, nelec=(2, 2), amp_norm=1.0, trace(rdm1)=3.9999999999999987
SQD sci diag: batch=12, norb=4, nelec=(2, 2), amp_norm=1.0, trace(rdm1)=3.9999999999999987
SQD sci diag: batch=13, norb=4, nelec=(2, 2), amp_norm=1.0, trace(rdm1)=3.9999999999999987
SQD sci diag: batch=14, norb=4, nelec=(2, 2), amp_norm=1.0, trace(rdm1)=3.9999999999999987
SQD sci diag: batch=15, norb=4, nelec=(2, 2), amp_norm=1.0, trace(rdm1)=3.9999999999999987
		SQD diag: n_active_mos=4, n_active_electrons=4, trace(onerdm)=3.9999999999999987
		Fragment Energy = -60.572292036695764
		Number of Electrons in Fragment = 9.015391916032316
	Electron Residual = 6.683282549602154e-08
	[OptimizerCache] Found mu=-0.021364 in cache. Skipping hardware calls.
[Optimizer] Brent converged successfully at mu=-0.021364
 	[DMET] Reusing converged optimizer result; skipping final oneshot loop.
 	*** DMET Cycle Done *** 
 	DMET Energy ( a.u. ) =    -78.6596912111
 	Chemical Potential   =     -0.0213643083
 	Electron Residual    =     -0.0000000000
DMET energy (Hartree): -78.659691
Converged DMET chemical potential: -0.0213643083
Final DMET electron residual: -0.0000000000
